[2024-02-16T16:20:18.985+0000] {processor.py:161} INFO - Started process (PID=83) to work on /home/airflow/.local/lib/python3.8/site-packages/airflow/example_dags/example_branch_operator.py
[2024-02-16T16:20:18.985+0000] {processor.py:830} INFO - Processing file /home/airflow/.local/lib/python3.8/site-packages/airflow/example_dags/example_branch_operator.py for tasks to queue
[2024-02-16T16:20:18.987+0000] {logging_mixin.py:188} INFO - [2024-02-16T16:20:18.986+0000] {dagbag.py:538} INFO - Filling up the DagBag from /home/airflow/.local/lib/python3.8/site-packages/airflow/example_dags/example_branch_operator.py
[2024-02-16T16:20:19.003+0000] {processor.py:840} INFO - DAG(s) 'example_branch_operator' retrieved from /home/airflow/.local/lib/python3.8/site-packages/airflow/example_dags/example_branch_operator.py
[2024-02-16T16:20:19.013+0000] {logging_mixin.py:188} INFO - [2024-02-16T16:20:19.012+0000] {dag.py:3036} INFO - Sync 1 DAGs
[2024-02-16T16:20:19.033+0000] {logging_mixin.py:188} INFO - [2024-02-16T16:20:19.033+0000] {dag.py:3823} INFO - Setting next_dagrun for example_branch_operator to 2024-02-15 00:00:00+00:00, run_after=2024-02-16 00:00:00+00:00
[2024-02-16T16:20:19.049+0000] {processor.py:183} INFO - Processing /home/airflow/.local/lib/python3.8/site-packages/airflow/example_dags/example_branch_operator.py took 0.066 seconds
[2024-02-16T16:20:50.188+0000] {processor.py:161} INFO - Started process (PID=138) to work on /home/airflow/.local/lib/python3.8/site-packages/airflow/example_dags/example_branch_operator.py
[2024-02-16T16:20:50.190+0000] {processor.py:830} INFO - Processing file /home/airflow/.local/lib/python3.8/site-packages/airflow/example_dags/example_branch_operator.py for tasks to queue
[2024-02-16T16:20:50.191+0000] {logging_mixin.py:188} INFO - [2024-02-16T16:20:50.191+0000] {dagbag.py:538} INFO - Filling up the DagBag from /home/airflow/.local/lib/python3.8/site-packages/airflow/example_dags/example_branch_operator.py
[2024-02-16T16:20:50.203+0000] {processor.py:840} INFO - DAG(s) 'example_branch_operator' retrieved from /home/airflow/.local/lib/python3.8/site-packages/airflow/example_dags/example_branch_operator.py
[2024-02-16T16:20:50.288+0000] {logging_mixin.py:188} INFO - [2024-02-16T16:20:50.288+0000] {dag.py:3036} INFO - Sync 1 DAGs
[2024-02-16T16:20:50.305+0000] {logging_mixin.py:188} INFO - [2024-02-16T16:20:50.305+0000] {dag.py:3823} INFO - Setting next_dagrun for example_branch_operator to 2024-02-15 00:00:00+00:00, run_after=2024-02-16 00:00:00+00:00
[2024-02-16T16:20:50.329+0000] {processor.py:183} INFO - Processing /home/airflow/.local/lib/python3.8/site-packages/airflow/example_dags/example_branch_operator.py took 0.142 seconds
[2024-02-16T16:21:20.713+0000] {processor.py:161} INFO - Started process (PID=193) to work on /home/airflow/.local/lib/python3.8/site-packages/airflow/example_dags/example_branch_operator.py
[2024-02-16T16:21:20.713+0000] {processor.py:830} INFO - Processing file /home/airflow/.local/lib/python3.8/site-packages/airflow/example_dags/example_branch_operator.py for tasks to queue
[2024-02-16T16:21:20.715+0000] {logging_mixin.py:188} INFO - [2024-02-16T16:21:20.714+0000] {dagbag.py:538} INFO - Filling up the DagBag from /home/airflow/.local/lib/python3.8/site-packages/airflow/example_dags/example_branch_operator.py
[2024-02-16T16:21:20.727+0000] {processor.py:840} INFO - DAG(s) 'example_branch_operator' retrieved from /home/airflow/.local/lib/python3.8/site-packages/airflow/example_dags/example_branch_operator.py
[2024-02-16T16:21:20.750+0000] {logging_mixin.py:188} INFO - [2024-02-16T16:21:20.749+0000] {dag.py:3036} INFO - Sync 1 DAGs
[2024-02-16T16:21:20.768+0000] {logging_mixin.py:188} INFO - [2024-02-16T16:21:20.768+0000] {dag.py:3823} INFO - Setting next_dagrun for example_branch_operator to 2024-02-15 00:00:00+00:00, run_after=2024-02-16 00:00:00+00:00
[2024-02-16T16:21:20.783+0000] {processor.py:183} INFO - Processing /home/airflow/.local/lib/python3.8/site-packages/airflow/example_dags/example_branch_operator.py took 0.072 seconds
[2024-02-16T16:21:51.589+0000] {processor.py:161} INFO - Started process (PID=248) to work on /home/airflow/.local/lib/python3.8/site-packages/airflow/example_dags/example_branch_operator.py
[2024-02-16T16:21:51.589+0000] {processor.py:830} INFO - Processing file /home/airflow/.local/lib/python3.8/site-packages/airflow/example_dags/example_branch_operator.py for tasks to queue
[2024-02-16T16:21:51.590+0000] {logging_mixin.py:188} INFO - [2024-02-16T16:21:51.590+0000] {dagbag.py:538} INFO - Filling up the DagBag from /home/airflow/.local/lib/python3.8/site-packages/airflow/example_dags/example_branch_operator.py
[2024-02-16T16:21:51.602+0000] {processor.py:840} INFO - DAG(s) 'example_branch_operator' retrieved from /home/airflow/.local/lib/python3.8/site-packages/airflow/example_dags/example_branch_operator.py
[2024-02-16T16:21:51.621+0000] {logging_mixin.py:188} INFO - [2024-02-16T16:21:51.621+0000] {dag.py:3036} INFO - Sync 1 DAGs
[2024-02-16T16:21:51.637+0000] {logging_mixin.py:188} INFO - [2024-02-16T16:21:51.637+0000] {dag.py:3823} INFO - Setting next_dagrun for example_branch_operator to 2024-02-15 00:00:00+00:00, run_after=2024-02-16 00:00:00+00:00
[2024-02-16T16:21:51.651+0000] {processor.py:183} INFO - Processing /home/airflow/.local/lib/python3.8/site-packages/airflow/example_dags/example_branch_operator.py took 0.065 seconds
[2024-02-16T16:22:21.813+0000] {processor.py:161} INFO - Started process (PID=303) to work on /home/airflow/.local/lib/python3.8/site-packages/airflow/example_dags/example_branch_operator.py
[2024-02-16T16:22:21.813+0000] {processor.py:830} INFO - Processing file /home/airflow/.local/lib/python3.8/site-packages/airflow/example_dags/example_branch_operator.py for tasks to queue
[2024-02-16T16:22:21.815+0000] {logging_mixin.py:188} INFO - [2024-02-16T16:22:21.814+0000] {dagbag.py:538} INFO - Filling up the DagBag from /home/airflow/.local/lib/python3.8/site-packages/airflow/example_dags/example_branch_operator.py
[2024-02-16T16:22:21.827+0000] {processor.py:840} INFO - DAG(s) 'example_branch_operator' retrieved from /home/airflow/.local/lib/python3.8/site-packages/airflow/example_dags/example_branch_operator.py
[2024-02-16T16:22:21.847+0000] {logging_mixin.py:188} INFO - [2024-02-16T16:22:21.847+0000] {dag.py:3036} INFO - Sync 1 DAGs
[2024-02-16T16:22:21.864+0000] {logging_mixin.py:188} INFO - [2024-02-16T16:22:21.864+0000] {dag.py:3823} INFO - Setting next_dagrun for example_branch_operator to 2024-02-15 00:00:00+00:00, run_after=2024-02-16 00:00:00+00:00
[2024-02-16T16:22:21.878+0000] {processor.py:183} INFO - Processing /home/airflow/.local/lib/python3.8/site-packages/airflow/example_dags/example_branch_operator.py took 0.067 seconds
[2024-02-16T16:22:51.958+0000] {processor.py:161} INFO - Started process (PID=358) to work on /home/airflow/.local/lib/python3.8/site-packages/airflow/example_dags/example_branch_operator.py
[2024-02-16T16:22:51.959+0000] {processor.py:830} INFO - Processing file /home/airflow/.local/lib/python3.8/site-packages/airflow/example_dags/example_branch_operator.py for tasks to queue
[2024-02-16T16:22:51.960+0000] {logging_mixin.py:188} INFO - [2024-02-16T16:22:51.960+0000] {dagbag.py:538} INFO - Filling up the DagBag from /home/airflow/.local/lib/python3.8/site-packages/airflow/example_dags/example_branch_operator.py
[2024-02-16T16:22:51.973+0000] {processor.py:840} INFO - DAG(s) 'example_branch_operator' retrieved from /home/airflow/.local/lib/python3.8/site-packages/airflow/example_dags/example_branch_operator.py
[2024-02-16T16:22:51.994+0000] {logging_mixin.py:188} INFO - [2024-02-16T16:22:51.994+0000] {dag.py:3036} INFO - Sync 1 DAGs
[2024-02-16T16:22:52.011+0000] {logging_mixin.py:188} INFO - [2024-02-16T16:22:52.011+0000] {dag.py:3823} INFO - Setting next_dagrun for example_branch_operator to 2024-02-15 00:00:00+00:00, run_after=2024-02-16 00:00:00+00:00
[2024-02-16T16:22:52.026+0000] {processor.py:183} INFO - Processing /home/airflow/.local/lib/python3.8/site-packages/airflow/example_dags/example_branch_operator.py took 0.070 seconds
[2024-02-16T16:23:22.284+0000] {processor.py:161} INFO - Started process (PID=413) to work on /home/airflow/.local/lib/python3.8/site-packages/airflow/example_dags/example_branch_operator.py
[2024-02-16T16:23:22.284+0000] {processor.py:830} INFO - Processing file /home/airflow/.local/lib/python3.8/site-packages/airflow/example_dags/example_branch_operator.py for tasks to queue
[2024-02-16T16:23:22.285+0000] {logging_mixin.py:188} INFO - [2024-02-16T16:23:22.285+0000] {dagbag.py:538} INFO - Filling up the DagBag from /home/airflow/.local/lib/python3.8/site-packages/airflow/example_dags/example_branch_operator.py
[2024-02-16T16:23:22.299+0000] {processor.py:840} INFO - DAG(s) 'example_branch_operator' retrieved from /home/airflow/.local/lib/python3.8/site-packages/airflow/example_dags/example_branch_operator.py
[2024-02-16T16:23:22.319+0000] {logging_mixin.py:188} INFO - [2024-02-16T16:23:22.319+0000] {dag.py:3036} INFO - Sync 1 DAGs
[2024-02-16T16:23:22.336+0000] {logging_mixin.py:188} INFO - [2024-02-16T16:23:22.335+0000] {dag.py:3823} INFO - Setting next_dagrun for example_branch_operator to 2024-02-15 00:00:00+00:00, run_after=2024-02-16 00:00:00+00:00
[2024-02-16T16:23:22.350+0000] {processor.py:183} INFO - Processing /home/airflow/.local/lib/python3.8/site-packages/airflow/example_dags/example_branch_operator.py took 0.068 seconds
[2024-02-16T16:23:52.531+0000] {processor.py:161} INFO - Started process (PID=468) to work on /home/airflow/.local/lib/python3.8/site-packages/airflow/example_dags/example_branch_operator.py
[2024-02-16T16:23:52.532+0000] {processor.py:830} INFO - Processing file /home/airflow/.local/lib/python3.8/site-packages/airflow/example_dags/example_branch_operator.py for tasks to queue
[2024-02-16T16:23:52.533+0000] {logging_mixin.py:188} INFO - [2024-02-16T16:23:52.533+0000] {dagbag.py:538} INFO - Filling up the DagBag from /home/airflow/.local/lib/python3.8/site-packages/airflow/example_dags/example_branch_operator.py
[2024-02-16T16:23:52.545+0000] {processor.py:840} INFO - DAG(s) 'example_branch_operator' retrieved from /home/airflow/.local/lib/python3.8/site-packages/airflow/example_dags/example_branch_operator.py
[2024-02-16T16:23:52.566+0000] {logging_mixin.py:188} INFO - [2024-02-16T16:23:52.565+0000] {dag.py:3036} INFO - Sync 1 DAGs
[2024-02-16T16:23:52.582+0000] {logging_mixin.py:188} INFO - [2024-02-16T16:23:52.582+0000] {dag.py:3823} INFO - Setting next_dagrun for example_branch_operator to 2024-02-15 00:00:00+00:00, run_after=2024-02-16 00:00:00+00:00
[2024-02-16T16:23:52.595+0000] {processor.py:183} INFO - Processing /home/airflow/.local/lib/python3.8/site-packages/airflow/example_dags/example_branch_operator.py took 0.066 seconds
[2024-02-16T16:24:22.806+0000] {processor.py:161} INFO - Started process (PID=523) to work on /home/airflow/.local/lib/python3.8/site-packages/airflow/example_dags/example_branch_operator.py
[2024-02-16T16:24:22.807+0000] {processor.py:830} INFO - Processing file /home/airflow/.local/lib/python3.8/site-packages/airflow/example_dags/example_branch_operator.py for tasks to queue
[2024-02-16T16:24:22.809+0000] {logging_mixin.py:188} INFO - [2024-02-16T16:24:22.808+0000] {dagbag.py:538} INFO - Filling up the DagBag from /home/airflow/.local/lib/python3.8/site-packages/airflow/example_dags/example_branch_operator.py
[2024-02-16T16:24:22.821+0000] {processor.py:840} INFO - DAG(s) 'example_branch_operator' retrieved from /home/airflow/.local/lib/python3.8/site-packages/airflow/example_dags/example_branch_operator.py
[2024-02-16T16:24:22.843+0000] {logging_mixin.py:188} INFO - [2024-02-16T16:24:22.843+0000] {dag.py:3036} INFO - Sync 1 DAGs
[2024-02-16T16:24:22.861+0000] {logging_mixin.py:188} INFO - [2024-02-16T16:24:22.861+0000] {dag.py:3823} INFO - Setting next_dagrun for example_branch_operator to 2024-02-15 00:00:00+00:00, run_after=2024-02-16 00:00:00+00:00
[2024-02-16T16:24:22.875+0000] {processor.py:183} INFO - Processing /home/airflow/.local/lib/python3.8/site-packages/airflow/example_dags/example_branch_operator.py took 0.071 seconds
[2024-02-16T16:24:53.035+0000] {processor.py:161} INFO - Started process (PID=579) to work on /home/airflow/.local/lib/python3.8/site-packages/airflow/example_dags/example_branch_operator.py
[2024-02-16T16:24:53.036+0000] {processor.py:830} INFO - Processing file /home/airflow/.local/lib/python3.8/site-packages/airflow/example_dags/example_branch_operator.py for tasks to queue
[2024-02-16T16:24:53.037+0000] {logging_mixin.py:188} INFO - [2024-02-16T16:24:53.036+0000] {dagbag.py:538} INFO - Filling up the DagBag from /home/airflow/.local/lib/python3.8/site-packages/airflow/example_dags/example_branch_operator.py
[2024-02-16T16:24:53.048+0000] {processor.py:840} INFO - DAG(s) 'example_branch_operator' retrieved from /home/airflow/.local/lib/python3.8/site-packages/airflow/example_dags/example_branch_operator.py
[2024-02-16T16:24:53.069+0000] {logging_mixin.py:188} INFO - [2024-02-16T16:24:53.068+0000] {dag.py:3036} INFO - Sync 1 DAGs
[2024-02-16T16:24:53.086+0000] {logging_mixin.py:188} INFO - [2024-02-16T16:24:53.086+0000] {dag.py:3823} INFO - Setting next_dagrun for example_branch_operator to 2024-02-15 00:00:00+00:00, run_after=2024-02-16 00:00:00+00:00
[2024-02-16T16:24:53.100+0000] {processor.py:183} INFO - Processing /home/airflow/.local/lib/python3.8/site-packages/airflow/example_dags/example_branch_operator.py took 0.067 seconds
[2024-02-16T16:25:23.353+0000] {processor.py:161} INFO - Started process (PID=634) to work on /home/airflow/.local/lib/python3.8/site-packages/airflow/example_dags/example_branch_operator.py
[2024-02-16T16:25:23.353+0000] {processor.py:830} INFO - Processing file /home/airflow/.local/lib/python3.8/site-packages/airflow/example_dags/example_branch_operator.py for tasks to queue
[2024-02-16T16:25:23.355+0000] {logging_mixin.py:188} INFO - [2024-02-16T16:25:23.354+0000] {dagbag.py:538} INFO - Filling up the DagBag from /home/airflow/.local/lib/python3.8/site-packages/airflow/example_dags/example_branch_operator.py
[2024-02-16T16:25:23.368+0000] {processor.py:840} INFO - DAG(s) 'example_branch_operator' retrieved from /home/airflow/.local/lib/python3.8/site-packages/airflow/example_dags/example_branch_operator.py
[2024-02-16T16:25:23.391+0000] {logging_mixin.py:188} INFO - [2024-02-16T16:25:23.391+0000] {dag.py:3036} INFO - Sync 1 DAGs
[2024-02-16T16:25:23.411+0000] {logging_mixin.py:188} INFO - [2024-02-16T16:25:23.411+0000] {dag.py:3823} INFO - Setting next_dagrun for example_branch_operator to 2024-02-15 00:00:00+00:00, run_after=2024-02-16 00:00:00+00:00
[2024-02-16T16:25:23.427+0000] {processor.py:183} INFO - Processing /home/airflow/.local/lib/python3.8/site-packages/airflow/example_dags/example_branch_operator.py took 0.076 seconds
[2024-02-16T16:25:53.488+0000] {processor.py:161} INFO - Started process (PID=689) to work on /home/airflow/.local/lib/python3.8/site-packages/airflow/example_dags/example_branch_operator.py
[2024-02-16T16:25:53.489+0000] {processor.py:830} INFO - Processing file /home/airflow/.local/lib/python3.8/site-packages/airflow/example_dags/example_branch_operator.py for tasks to queue
[2024-02-16T16:25:53.490+0000] {logging_mixin.py:188} INFO - [2024-02-16T16:25:53.490+0000] {dagbag.py:538} INFO - Filling up the DagBag from /home/airflow/.local/lib/python3.8/site-packages/airflow/example_dags/example_branch_operator.py
[2024-02-16T16:25:53.502+0000] {processor.py:840} INFO - DAG(s) 'example_branch_operator' retrieved from /home/airflow/.local/lib/python3.8/site-packages/airflow/example_dags/example_branch_operator.py
[2024-02-16T16:25:53.522+0000] {logging_mixin.py:188} INFO - [2024-02-16T16:25:53.522+0000] {dag.py:3036} INFO - Sync 1 DAGs
[2024-02-16T16:25:53.538+0000] {logging_mixin.py:188} INFO - [2024-02-16T16:25:53.538+0000] {dag.py:3823} INFO - Setting next_dagrun for example_branch_operator to 2024-02-15 00:00:00+00:00, run_after=2024-02-16 00:00:00+00:00
[2024-02-16T16:25:53.551+0000] {processor.py:183} INFO - Processing /home/airflow/.local/lib/python3.8/site-packages/airflow/example_dags/example_branch_operator.py took 0.065 seconds
[2024-02-16T16:26:23.726+0000] {processor.py:161} INFO - Started process (PID=743) to work on /home/airflow/.local/lib/python3.8/site-packages/airflow/example_dags/example_branch_operator.py
[2024-02-16T16:26:23.727+0000] {processor.py:830} INFO - Processing file /home/airflow/.local/lib/python3.8/site-packages/airflow/example_dags/example_branch_operator.py for tasks to queue
[2024-02-16T16:26:23.728+0000] {logging_mixin.py:188} INFO - [2024-02-16T16:26:23.728+0000] {dagbag.py:538} INFO - Filling up the DagBag from /home/airflow/.local/lib/python3.8/site-packages/airflow/example_dags/example_branch_operator.py
[2024-02-16T16:26:23.741+0000] {processor.py:840} INFO - DAG(s) 'example_branch_operator' retrieved from /home/airflow/.local/lib/python3.8/site-packages/airflow/example_dags/example_branch_operator.py
[2024-02-16T16:26:23.762+0000] {logging_mixin.py:188} INFO - [2024-02-16T16:26:23.762+0000] {dag.py:3036} INFO - Sync 1 DAGs
[2024-02-16T16:26:23.781+0000] {logging_mixin.py:188} INFO - [2024-02-16T16:26:23.781+0000] {dag.py:3823} INFO - Setting next_dagrun for example_branch_operator to 2024-02-15 00:00:00+00:00, run_after=2024-02-16 00:00:00+00:00
[2024-02-16T16:26:23.799+0000] {processor.py:183} INFO - Processing /home/airflow/.local/lib/python3.8/site-packages/airflow/example_dags/example_branch_operator.py took 0.074 seconds
[2024-02-16T16:26:54.135+0000] {processor.py:161} INFO - Started process (PID=798) to work on /home/airflow/.local/lib/python3.8/site-packages/airflow/example_dags/example_branch_operator.py
[2024-02-16T16:26:54.136+0000] {processor.py:830} INFO - Processing file /home/airflow/.local/lib/python3.8/site-packages/airflow/example_dags/example_branch_operator.py for tasks to queue
[2024-02-16T16:26:54.137+0000] {logging_mixin.py:188} INFO - [2024-02-16T16:26:54.137+0000] {dagbag.py:538} INFO - Filling up the DagBag from /home/airflow/.local/lib/python3.8/site-packages/airflow/example_dags/example_branch_operator.py
[2024-02-16T16:26:54.152+0000] {processor.py:840} INFO - DAG(s) 'example_branch_operator' retrieved from /home/airflow/.local/lib/python3.8/site-packages/airflow/example_dags/example_branch_operator.py
[2024-02-16T16:26:54.174+0000] {logging_mixin.py:188} INFO - [2024-02-16T16:26:54.174+0000] {dag.py:3036} INFO - Sync 1 DAGs
[2024-02-16T16:26:54.191+0000] {logging_mixin.py:188} INFO - [2024-02-16T16:26:54.191+0000] {dag.py:3823} INFO - Setting next_dagrun for example_branch_operator to 2024-02-15 00:00:00+00:00, run_after=2024-02-16 00:00:00+00:00
[2024-02-16T16:26:54.206+0000] {processor.py:183} INFO - Processing /home/airflow/.local/lib/python3.8/site-packages/airflow/example_dags/example_branch_operator.py took 0.073 seconds
[2024-02-16T16:27:24.243+0000] {processor.py:161} INFO - Started process (PID=853) to work on /home/airflow/.local/lib/python3.8/site-packages/airflow/example_dags/example_branch_operator.py
[2024-02-16T16:27:24.244+0000] {processor.py:830} INFO - Processing file /home/airflow/.local/lib/python3.8/site-packages/airflow/example_dags/example_branch_operator.py for tasks to queue
[2024-02-16T16:27:24.245+0000] {logging_mixin.py:188} INFO - [2024-02-16T16:27:24.245+0000] {dagbag.py:538} INFO - Filling up the DagBag from /home/airflow/.local/lib/python3.8/site-packages/airflow/example_dags/example_branch_operator.py
[2024-02-16T16:27:24.259+0000] {processor.py:840} INFO - DAG(s) 'example_branch_operator' retrieved from /home/airflow/.local/lib/python3.8/site-packages/airflow/example_dags/example_branch_operator.py
[2024-02-16T16:27:24.281+0000] {logging_mixin.py:188} INFO - [2024-02-16T16:27:24.281+0000] {dag.py:3036} INFO - Sync 1 DAGs
[2024-02-16T16:27:24.299+0000] {logging_mixin.py:188} INFO - [2024-02-16T16:27:24.299+0000] {dag.py:3823} INFO - Setting next_dagrun for example_branch_operator to 2024-02-15 00:00:00+00:00, run_after=2024-02-16 00:00:00+00:00
[2024-02-16T16:27:24.314+0000] {processor.py:183} INFO - Processing /home/airflow/.local/lib/python3.8/site-packages/airflow/example_dags/example_branch_operator.py took 0.073 seconds
[2024-02-16T16:27:55.232+0000] {processor.py:161} INFO - Started process (PID=908) to work on /home/airflow/.local/lib/python3.8/site-packages/airflow/example_dags/example_branch_operator.py
[2024-02-16T16:27:55.233+0000] {processor.py:830} INFO - Processing file /home/airflow/.local/lib/python3.8/site-packages/airflow/example_dags/example_branch_operator.py for tasks to queue
[2024-02-16T16:27:55.234+0000] {logging_mixin.py:188} INFO - [2024-02-16T16:27:55.234+0000] {dagbag.py:538} INFO - Filling up the DagBag from /home/airflow/.local/lib/python3.8/site-packages/airflow/example_dags/example_branch_operator.py
[2024-02-16T16:27:55.248+0000] {processor.py:840} INFO - DAG(s) 'example_branch_operator' retrieved from /home/airflow/.local/lib/python3.8/site-packages/airflow/example_dags/example_branch_operator.py
[2024-02-16T16:27:55.270+0000] {logging_mixin.py:188} INFO - [2024-02-16T16:27:55.270+0000] {dag.py:3036} INFO - Sync 1 DAGs
[2024-02-16T16:27:55.288+0000] {logging_mixin.py:188} INFO - [2024-02-16T16:27:55.288+0000] {dag.py:3823} INFO - Setting next_dagrun for example_branch_operator to 2024-02-15 00:00:00+00:00, run_after=2024-02-16 00:00:00+00:00
[2024-02-16T16:27:55.301+0000] {processor.py:183} INFO - Processing /home/airflow/.local/lib/python3.8/site-packages/airflow/example_dags/example_branch_operator.py took 0.071 seconds
[2024-02-16T16:28:25.526+0000] {processor.py:161} INFO - Started process (PID=963) to work on /home/airflow/.local/lib/python3.8/site-packages/airflow/example_dags/example_branch_operator.py
[2024-02-16T16:28:25.527+0000] {processor.py:830} INFO - Processing file /home/airflow/.local/lib/python3.8/site-packages/airflow/example_dags/example_branch_operator.py for tasks to queue
[2024-02-16T16:28:25.528+0000] {logging_mixin.py:188} INFO - [2024-02-16T16:28:25.528+0000] {dagbag.py:538} INFO - Filling up the DagBag from /home/airflow/.local/lib/python3.8/site-packages/airflow/example_dags/example_branch_operator.py
[2024-02-16T16:28:25.542+0000] {processor.py:840} INFO - DAG(s) 'example_branch_operator' retrieved from /home/airflow/.local/lib/python3.8/site-packages/airflow/example_dags/example_branch_operator.py
[2024-02-16T16:28:25.564+0000] {logging_mixin.py:188} INFO - [2024-02-16T16:28:25.564+0000] {dag.py:3036} INFO - Sync 1 DAGs
[2024-02-16T16:28:25.582+0000] {logging_mixin.py:188} INFO - [2024-02-16T16:28:25.582+0000] {dag.py:3823} INFO - Setting next_dagrun for example_branch_operator to 2024-02-15 00:00:00+00:00, run_after=2024-02-16 00:00:00+00:00
[2024-02-16T16:28:25.598+0000] {processor.py:183} INFO - Processing /home/airflow/.local/lib/python3.8/site-packages/airflow/example_dags/example_branch_operator.py took 0.073 seconds
[2024-02-16T16:28:55.688+0000] {processor.py:161} INFO - Started process (PID=1018) to work on /home/airflow/.local/lib/python3.8/site-packages/airflow/example_dags/example_branch_operator.py
[2024-02-16T16:28:55.688+0000] {processor.py:830} INFO - Processing file /home/airflow/.local/lib/python3.8/site-packages/airflow/example_dags/example_branch_operator.py for tasks to queue
[2024-02-16T16:28:55.689+0000] {logging_mixin.py:188} INFO - [2024-02-16T16:28:55.689+0000] {dagbag.py:538} INFO - Filling up the DagBag from /home/airflow/.local/lib/python3.8/site-packages/airflow/example_dags/example_branch_operator.py
[2024-02-16T16:28:55.701+0000] {processor.py:840} INFO - DAG(s) 'example_branch_operator' retrieved from /home/airflow/.local/lib/python3.8/site-packages/airflow/example_dags/example_branch_operator.py
[2024-02-16T16:28:55.720+0000] {logging_mixin.py:188} INFO - [2024-02-16T16:28:55.720+0000] {dag.py:3036} INFO - Sync 1 DAGs
[2024-02-16T16:28:55.738+0000] {logging_mixin.py:188} INFO - [2024-02-16T16:28:55.738+0000] {dag.py:3823} INFO - Setting next_dagrun for example_branch_operator to 2024-02-15 00:00:00+00:00, run_after=2024-02-16 00:00:00+00:00
[2024-02-16T16:28:55.754+0000] {processor.py:183} INFO - Processing /home/airflow/.local/lib/python3.8/site-packages/airflow/example_dags/example_branch_operator.py took 0.068 seconds
[2024-02-16T16:29:25.843+0000] {processor.py:161} INFO - Started process (PID=1073) to work on /home/airflow/.local/lib/python3.8/site-packages/airflow/example_dags/example_branch_operator.py
[2024-02-16T16:29:25.844+0000] {processor.py:830} INFO - Processing file /home/airflow/.local/lib/python3.8/site-packages/airflow/example_dags/example_branch_operator.py for tasks to queue
[2024-02-16T16:29:25.845+0000] {logging_mixin.py:188} INFO - [2024-02-16T16:29:25.845+0000] {dagbag.py:538} INFO - Filling up the DagBag from /home/airflow/.local/lib/python3.8/site-packages/airflow/example_dags/example_branch_operator.py
[2024-02-16T16:29:25.862+0000] {processor.py:840} INFO - DAG(s) 'example_branch_operator' retrieved from /home/airflow/.local/lib/python3.8/site-packages/airflow/example_dags/example_branch_operator.py
[2024-02-16T16:29:25.882+0000] {logging_mixin.py:188} INFO - [2024-02-16T16:29:25.882+0000] {dag.py:3036} INFO - Sync 1 DAGs
[2024-02-16T16:29:25.900+0000] {logging_mixin.py:188} INFO - [2024-02-16T16:29:25.900+0000] {dag.py:3823} INFO - Setting next_dagrun for example_branch_operator to 2024-02-15 00:00:00+00:00, run_after=2024-02-16 00:00:00+00:00
[2024-02-16T16:29:25.914+0000] {processor.py:183} INFO - Processing /home/airflow/.local/lib/python3.8/site-packages/airflow/example_dags/example_branch_operator.py took 0.074 seconds
[2024-02-16T16:29:56.232+0000] {processor.py:161} INFO - Started process (PID=1128) to work on /home/airflow/.local/lib/python3.8/site-packages/airflow/example_dags/example_branch_operator.py
[2024-02-16T16:29:56.232+0000] {processor.py:830} INFO - Processing file /home/airflow/.local/lib/python3.8/site-packages/airflow/example_dags/example_branch_operator.py for tasks to queue
[2024-02-16T16:29:56.234+0000] {logging_mixin.py:188} INFO - [2024-02-16T16:29:56.233+0000] {dagbag.py:538} INFO - Filling up the DagBag from /home/airflow/.local/lib/python3.8/site-packages/airflow/example_dags/example_branch_operator.py
[2024-02-16T16:29:56.247+0000] {processor.py:840} INFO - DAG(s) 'example_branch_operator' retrieved from /home/airflow/.local/lib/python3.8/site-packages/airflow/example_dags/example_branch_operator.py
[2024-02-16T16:29:56.269+0000] {logging_mixin.py:188} INFO - [2024-02-16T16:29:56.269+0000] {dag.py:3036} INFO - Sync 1 DAGs
[2024-02-16T16:29:56.287+0000] {logging_mixin.py:188} INFO - [2024-02-16T16:29:56.287+0000] {dag.py:3823} INFO - Setting next_dagrun for example_branch_operator to 2024-02-15 00:00:00+00:00, run_after=2024-02-16 00:00:00+00:00
[2024-02-16T16:29:56.302+0000] {processor.py:183} INFO - Processing /home/airflow/.local/lib/python3.8/site-packages/airflow/example_dags/example_branch_operator.py took 0.073 seconds
[2024-02-16T16:30:26.983+0000] {processor.py:161} INFO - Started process (PID=1184) to work on /home/airflow/.local/lib/python3.8/site-packages/airflow/example_dags/example_branch_operator.py
[2024-02-16T16:30:26.984+0000] {processor.py:830} INFO - Processing file /home/airflow/.local/lib/python3.8/site-packages/airflow/example_dags/example_branch_operator.py for tasks to queue
[2024-02-16T16:30:26.985+0000] {logging_mixin.py:188} INFO - [2024-02-16T16:30:26.985+0000] {dagbag.py:538} INFO - Filling up the DagBag from /home/airflow/.local/lib/python3.8/site-packages/airflow/example_dags/example_branch_operator.py
[2024-02-16T16:30:26.997+0000] {processor.py:840} INFO - DAG(s) 'example_branch_operator' retrieved from /home/airflow/.local/lib/python3.8/site-packages/airflow/example_dags/example_branch_operator.py
[2024-02-16T16:30:27.016+0000] {logging_mixin.py:188} INFO - [2024-02-16T16:30:27.016+0000] {dag.py:3036} INFO - Sync 1 DAGs
[2024-02-16T16:30:27.034+0000] {logging_mixin.py:188} INFO - [2024-02-16T16:30:27.034+0000] {dag.py:3823} INFO - Setting next_dagrun for example_branch_operator to 2024-02-15 00:00:00+00:00, run_after=2024-02-16 00:00:00+00:00
[2024-02-16T16:30:27.046+0000] {processor.py:183} INFO - Processing /home/airflow/.local/lib/python3.8/site-packages/airflow/example_dags/example_branch_operator.py took 0.065 seconds
[2024-02-16T16:31:27.868+0000] {processor.py:161} INFO - Started process (PID=84) to work on /home/airflow/.local/lib/python3.8/site-packages/airflow/example_dags/example_branch_operator.py
[2024-02-16T16:31:27.868+0000] {processor.py:830} INFO - Processing file /home/airflow/.local/lib/python3.8/site-packages/airflow/example_dags/example_branch_operator.py for tasks to queue
[2024-02-16T16:31:27.869+0000] {logging_mixin.py:188} INFO - [2024-02-16T16:31:27.869+0000] {dagbag.py:538} INFO - Filling up the DagBag from /home/airflow/.local/lib/python3.8/site-packages/airflow/example_dags/example_branch_operator.py
[2024-02-16T16:31:27.884+0000] {processor.py:840} INFO - DAG(s) 'example_branch_operator' retrieved from /home/airflow/.local/lib/python3.8/site-packages/airflow/example_dags/example_branch_operator.py
[2024-02-16T16:31:27.894+0000] {logging_mixin.py:188} INFO - [2024-02-16T16:31:27.893+0000] {dag.py:3036} INFO - Sync 1 DAGs
[2024-02-16T16:31:27.916+0000] {logging_mixin.py:188} INFO - [2024-02-16T16:31:27.916+0000] {dag.py:3823} INFO - Setting next_dagrun for example_branch_operator to 2024-02-15 00:00:00+00:00, run_after=2024-02-16 00:00:00+00:00
[2024-02-16T16:31:27.934+0000] {processor.py:183} INFO - Processing /home/airflow/.local/lib/python3.8/site-packages/airflow/example_dags/example_branch_operator.py took 0.068 seconds
[2024-02-16T16:31:59.723+0000] {processor.py:161} INFO - Started process (PID=140) to work on /home/airflow/.local/lib/python3.8/site-packages/airflow/example_dags/example_branch_operator.py
[2024-02-16T16:31:59.723+0000] {processor.py:830} INFO - Processing file /home/airflow/.local/lib/python3.8/site-packages/airflow/example_dags/example_branch_operator.py for tasks to queue
[2024-02-16T16:31:59.724+0000] {logging_mixin.py:188} INFO - [2024-02-16T16:31:59.724+0000] {dagbag.py:538} INFO - Filling up the DagBag from /home/airflow/.local/lib/python3.8/site-packages/airflow/example_dags/example_branch_operator.py
[2024-02-16T16:31:59.736+0000] {processor.py:840} INFO - DAG(s) 'example_branch_operator' retrieved from /home/airflow/.local/lib/python3.8/site-packages/airflow/example_dags/example_branch_operator.py
[2024-02-16T16:31:59.811+0000] {logging_mixin.py:188} INFO - [2024-02-16T16:31:59.810+0000] {dag.py:3036} INFO - Sync 1 DAGs
[2024-02-16T16:31:59.826+0000] {logging_mixin.py:188} INFO - [2024-02-16T16:31:59.826+0000] {dag.py:3823} INFO - Setting next_dagrun for example_branch_operator to 2024-02-15 00:00:00+00:00, run_after=2024-02-16 00:00:00+00:00
[2024-02-16T16:31:59.841+0000] {processor.py:183} INFO - Processing /home/airflow/.local/lib/python3.8/site-packages/airflow/example_dags/example_branch_operator.py took 0.120 seconds
[2024-02-16T16:32:30.740+0000] {processor.py:161} INFO - Started process (PID=196) to work on /home/airflow/.local/lib/python3.8/site-packages/airflow/example_dags/example_branch_operator.py
[2024-02-16T16:32:30.740+0000] {processor.py:830} INFO - Processing file /home/airflow/.local/lib/python3.8/site-packages/airflow/example_dags/example_branch_operator.py for tasks to queue
[2024-02-16T16:32:30.742+0000] {logging_mixin.py:188} INFO - [2024-02-16T16:32:30.741+0000] {dagbag.py:538} INFO - Filling up the DagBag from /home/airflow/.local/lib/python3.8/site-packages/airflow/example_dags/example_branch_operator.py
[2024-02-16T16:32:30.754+0000] {processor.py:840} INFO - DAG(s) 'example_branch_operator' retrieved from /home/airflow/.local/lib/python3.8/site-packages/airflow/example_dags/example_branch_operator.py
[2024-02-16T16:32:30.773+0000] {logging_mixin.py:188} INFO - [2024-02-16T16:32:30.773+0000] {dag.py:3036} INFO - Sync 1 DAGs
[2024-02-16T16:32:30.788+0000] {logging_mixin.py:188} INFO - [2024-02-16T16:32:30.788+0000] {dag.py:3823} INFO - Setting next_dagrun for example_branch_operator to 2024-02-15 00:00:00+00:00, run_after=2024-02-16 00:00:00+00:00
[2024-02-16T16:32:30.801+0000] {processor.py:183} INFO - Processing /home/airflow/.local/lib/python3.8/site-packages/airflow/example_dags/example_branch_operator.py took 0.063 seconds
[2024-02-16T16:33:00.942+0000] {processor.py:161} INFO - Started process (PID=252) to work on /home/airflow/.local/lib/python3.8/site-packages/airflow/example_dags/example_branch_operator.py
[2024-02-16T16:33:00.943+0000] {processor.py:830} INFO - Processing file /home/airflow/.local/lib/python3.8/site-packages/airflow/example_dags/example_branch_operator.py for tasks to queue
[2024-02-16T16:33:00.945+0000] {logging_mixin.py:188} INFO - [2024-02-16T16:33:00.944+0000] {dagbag.py:538} INFO - Filling up the DagBag from /home/airflow/.local/lib/python3.8/site-packages/airflow/example_dags/example_branch_operator.py
[2024-02-16T16:33:00.959+0000] {processor.py:840} INFO - DAG(s) 'example_branch_operator' retrieved from /home/airflow/.local/lib/python3.8/site-packages/airflow/example_dags/example_branch_operator.py
[2024-02-16T16:33:00.982+0000] {logging_mixin.py:188} INFO - [2024-02-16T16:33:00.982+0000] {dag.py:3036} INFO - Sync 1 DAGs
[2024-02-16T16:33:01.003+0000] {logging_mixin.py:188} INFO - [2024-02-16T16:33:01.003+0000] {dag.py:3823} INFO - Setting next_dagrun for example_branch_operator to 2024-02-15 00:00:00+00:00, run_after=2024-02-16 00:00:00+00:00
[2024-02-16T16:33:01.020+0000] {processor.py:183} INFO - Processing /home/airflow/.local/lib/python3.8/site-packages/airflow/example_dags/example_branch_operator.py took 0.080 seconds
[2024-02-16T16:33:31.175+0000] {processor.py:161} INFO - Started process (PID=308) to work on /home/airflow/.local/lib/python3.8/site-packages/airflow/example_dags/example_branch_operator.py
[2024-02-16T16:33:31.175+0000] {processor.py:830} INFO - Processing file /home/airflow/.local/lib/python3.8/site-packages/airflow/example_dags/example_branch_operator.py for tasks to queue
[2024-02-16T16:33:31.176+0000] {logging_mixin.py:188} INFO - [2024-02-16T16:33:31.176+0000] {dagbag.py:538} INFO - Filling up the DagBag from /home/airflow/.local/lib/python3.8/site-packages/airflow/example_dags/example_branch_operator.py
[2024-02-16T16:33:31.190+0000] {processor.py:840} INFO - DAG(s) 'example_branch_operator' retrieved from /home/airflow/.local/lib/python3.8/site-packages/airflow/example_dags/example_branch_operator.py
[2024-02-16T16:33:31.210+0000] {logging_mixin.py:188} INFO - [2024-02-16T16:33:31.210+0000] {dag.py:3036} INFO - Sync 1 DAGs
[2024-02-16T16:33:31.231+0000] {logging_mixin.py:188} INFO - [2024-02-16T16:33:31.230+0000] {dag.py:3823} INFO - Setting next_dagrun for example_branch_operator to 2024-02-15 00:00:00+00:00, run_after=2024-02-16 00:00:00+00:00
[2024-02-16T16:33:31.245+0000] {processor.py:183} INFO - Processing /home/airflow/.local/lib/python3.8/site-packages/airflow/example_dags/example_branch_operator.py took 0.073 seconds
[2024-02-16T16:34:01.381+0000] {processor.py:161} INFO - Started process (PID=364) to work on /home/airflow/.local/lib/python3.8/site-packages/airflow/example_dags/example_branch_operator.py
[2024-02-16T16:34:01.382+0000] {processor.py:830} INFO - Processing file /home/airflow/.local/lib/python3.8/site-packages/airflow/example_dags/example_branch_operator.py for tasks to queue
[2024-02-16T16:34:01.384+0000] {logging_mixin.py:188} INFO - [2024-02-16T16:34:01.384+0000] {dagbag.py:538} INFO - Filling up the DagBag from /home/airflow/.local/lib/python3.8/site-packages/airflow/example_dags/example_branch_operator.py
[2024-02-16T16:34:01.397+0000] {processor.py:840} INFO - DAG(s) 'example_branch_operator' retrieved from /home/airflow/.local/lib/python3.8/site-packages/airflow/example_dags/example_branch_operator.py
[2024-02-16T16:34:01.418+0000] {logging_mixin.py:188} INFO - [2024-02-16T16:34:01.418+0000] {dag.py:3036} INFO - Sync 1 DAGs
[2024-02-16T16:34:01.438+0000] {logging_mixin.py:188} INFO - [2024-02-16T16:34:01.438+0000] {dag.py:3823} INFO - Setting next_dagrun for example_branch_operator to 2024-02-15 00:00:00+00:00, run_after=2024-02-16 00:00:00+00:00
[2024-02-16T16:34:01.453+0000] {processor.py:183} INFO - Processing /home/airflow/.local/lib/python3.8/site-packages/airflow/example_dags/example_branch_operator.py took 0.074 seconds
[2024-02-16T16:34:31.586+0000] {processor.py:161} INFO - Started process (PID=420) to work on /home/airflow/.local/lib/python3.8/site-packages/airflow/example_dags/example_branch_operator.py
[2024-02-16T16:34:31.586+0000] {processor.py:830} INFO - Processing file /home/airflow/.local/lib/python3.8/site-packages/airflow/example_dags/example_branch_operator.py for tasks to queue
[2024-02-16T16:34:31.589+0000] {logging_mixin.py:188} INFO - [2024-02-16T16:34:31.588+0000] {dagbag.py:538} INFO - Filling up the DagBag from /home/airflow/.local/lib/python3.8/site-packages/airflow/example_dags/example_branch_operator.py
[2024-02-16T16:34:31.610+0000] {processor.py:840} INFO - DAG(s) 'example_branch_operator' retrieved from /home/airflow/.local/lib/python3.8/site-packages/airflow/example_dags/example_branch_operator.py
[2024-02-16T16:34:31.636+0000] {logging_mixin.py:188} INFO - [2024-02-16T16:34:31.635+0000] {dag.py:3036} INFO - Sync 1 DAGs
[2024-02-16T16:34:31.654+0000] {logging_mixin.py:188} INFO - [2024-02-16T16:34:31.654+0000] {dag.py:3823} INFO - Setting next_dagrun for example_branch_operator to 2024-02-15 00:00:00+00:00, run_after=2024-02-16 00:00:00+00:00
[2024-02-16T16:34:31.668+0000] {processor.py:183} INFO - Processing /home/airflow/.local/lib/python3.8/site-packages/airflow/example_dags/example_branch_operator.py took 0.084 seconds
[2024-02-16T16:35:01.845+0000] {processor.py:161} INFO - Started process (PID=476) to work on /home/airflow/.local/lib/python3.8/site-packages/airflow/example_dags/example_branch_operator.py
[2024-02-16T16:35:01.846+0000] {processor.py:830} INFO - Processing file /home/airflow/.local/lib/python3.8/site-packages/airflow/example_dags/example_branch_operator.py for tasks to queue
[2024-02-16T16:35:01.847+0000] {logging_mixin.py:188} INFO - [2024-02-16T16:35:01.847+0000] {dagbag.py:538} INFO - Filling up the DagBag from /home/airflow/.local/lib/python3.8/site-packages/airflow/example_dags/example_branch_operator.py
[2024-02-16T16:35:01.860+0000] {processor.py:840} INFO - DAG(s) 'example_branch_operator' retrieved from /home/airflow/.local/lib/python3.8/site-packages/airflow/example_dags/example_branch_operator.py
[2024-02-16T16:35:01.882+0000] {logging_mixin.py:188} INFO - [2024-02-16T16:35:01.882+0000] {dag.py:3036} INFO - Sync 1 DAGs
[2024-02-16T16:35:01.898+0000] {logging_mixin.py:188} INFO - [2024-02-16T16:35:01.898+0000] {dag.py:3823} INFO - Setting next_dagrun for example_branch_operator to 2024-02-15 00:00:00+00:00, run_after=2024-02-16 00:00:00+00:00
[2024-02-16T16:35:01.911+0000] {processor.py:183} INFO - Processing /home/airflow/.local/lib/python3.8/site-packages/airflow/example_dags/example_branch_operator.py took 0.067 seconds
[2024-02-16T16:35:32.053+0000] {processor.py:161} INFO - Started process (PID=532) to work on /home/airflow/.local/lib/python3.8/site-packages/airflow/example_dags/example_branch_operator.py
[2024-02-16T16:35:32.054+0000] {processor.py:830} INFO - Processing file /home/airflow/.local/lib/python3.8/site-packages/airflow/example_dags/example_branch_operator.py for tasks to queue
[2024-02-16T16:35:32.055+0000] {logging_mixin.py:188} INFO - [2024-02-16T16:35:32.055+0000] {dagbag.py:538} INFO - Filling up the DagBag from /home/airflow/.local/lib/python3.8/site-packages/airflow/example_dags/example_branch_operator.py
[2024-02-16T16:35:32.067+0000] {processor.py:840} INFO - DAG(s) 'example_branch_operator' retrieved from /home/airflow/.local/lib/python3.8/site-packages/airflow/example_dags/example_branch_operator.py
[2024-02-16T16:35:32.086+0000] {logging_mixin.py:188} INFO - [2024-02-16T16:35:32.086+0000] {dag.py:3036} INFO - Sync 1 DAGs
[2024-02-16T16:35:32.102+0000] {logging_mixin.py:188} INFO - [2024-02-16T16:35:32.102+0000] {dag.py:3823} INFO - Setting next_dagrun for example_branch_operator to 2024-02-15 00:00:00+00:00, run_after=2024-02-16 00:00:00+00:00
[2024-02-16T16:35:32.115+0000] {processor.py:183} INFO - Processing /home/airflow/.local/lib/python3.8/site-packages/airflow/example_dags/example_branch_operator.py took 0.064 seconds
[2024-02-16T16:36:02.417+0000] {processor.py:161} INFO - Started process (PID=588) to work on /home/airflow/.local/lib/python3.8/site-packages/airflow/example_dags/example_branch_operator.py
[2024-02-16T16:36:02.418+0000] {processor.py:830} INFO - Processing file /home/airflow/.local/lib/python3.8/site-packages/airflow/example_dags/example_branch_operator.py for tasks to queue
[2024-02-16T16:36:02.419+0000] {logging_mixin.py:188} INFO - [2024-02-16T16:36:02.419+0000] {dagbag.py:538} INFO - Filling up the DagBag from /home/airflow/.local/lib/python3.8/site-packages/airflow/example_dags/example_branch_operator.py
[2024-02-16T16:36:02.431+0000] {processor.py:840} INFO - DAG(s) 'example_branch_operator' retrieved from /home/airflow/.local/lib/python3.8/site-packages/airflow/example_dags/example_branch_operator.py
[2024-02-16T16:36:02.450+0000] {logging_mixin.py:188} INFO - [2024-02-16T16:36:02.450+0000] {dag.py:3036} INFO - Sync 1 DAGs
[2024-02-16T16:36:02.467+0000] {logging_mixin.py:188} INFO - [2024-02-16T16:36:02.466+0000] {dag.py:3823} INFO - Setting next_dagrun for example_branch_operator to 2024-02-15 00:00:00+00:00, run_after=2024-02-16 00:00:00+00:00
[2024-02-16T16:36:02.479+0000] {processor.py:183} INFO - Processing /home/airflow/.local/lib/python3.8/site-packages/airflow/example_dags/example_branch_operator.py took 0.064 seconds
[2024-02-16T16:36:32.538+0000] {processor.py:161} INFO - Started process (PID=644) to work on /home/airflow/.local/lib/python3.8/site-packages/airflow/example_dags/example_branch_operator.py
[2024-02-16T16:36:32.539+0000] {processor.py:830} INFO - Processing file /home/airflow/.local/lib/python3.8/site-packages/airflow/example_dags/example_branch_operator.py for tasks to queue
[2024-02-16T16:36:32.540+0000] {logging_mixin.py:188} INFO - [2024-02-16T16:36:32.540+0000] {dagbag.py:538} INFO - Filling up the DagBag from /home/airflow/.local/lib/python3.8/site-packages/airflow/example_dags/example_branch_operator.py
[2024-02-16T16:36:32.553+0000] {processor.py:840} INFO - DAG(s) 'example_branch_operator' retrieved from /home/airflow/.local/lib/python3.8/site-packages/airflow/example_dags/example_branch_operator.py
[2024-02-16T16:36:32.573+0000] {logging_mixin.py:188} INFO - [2024-02-16T16:36:32.573+0000] {dag.py:3036} INFO - Sync 1 DAGs
[2024-02-16T16:36:32.591+0000] {logging_mixin.py:188} INFO - [2024-02-16T16:36:32.591+0000] {dag.py:3823} INFO - Setting next_dagrun for example_branch_operator to 2024-02-15 00:00:00+00:00, run_after=2024-02-16 00:00:00+00:00
[2024-02-16T16:36:32.607+0000] {processor.py:183} INFO - Processing /home/airflow/.local/lib/python3.8/site-packages/airflow/example_dags/example_branch_operator.py took 0.072 seconds
[2024-02-16T16:37:02.910+0000] {processor.py:161} INFO - Started process (PID=701) to work on /home/airflow/.local/lib/python3.8/site-packages/airflow/example_dags/example_branch_operator.py
[2024-02-16T16:37:02.910+0000] {processor.py:830} INFO - Processing file /home/airflow/.local/lib/python3.8/site-packages/airflow/example_dags/example_branch_operator.py for tasks to queue
[2024-02-16T16:37:02.912+0000] {logging_mixin.py:188} INFO - [2024-02-16T16:37:02.911+0000] {dagbag.py:538} INFO - Filling up the DagBag from /home/airflow/.local/lib/python3.8/site-packages/airflow/example_dags/example_branch_operator.py
[2024-02-16T16:37:02.924+0000] {processor.py:840} INFO - DAG(s) 'example_branch_operator' retrieved from /home/airflow/.local/lib/python3.8/site-packages/airflow/example_dags/example_branch_operator.py
[2024-02-16T16:37:02.946+0000] {logging_mixin.py:188} INFO - [2024-02-16T16:37:02.946+0000] {dag.py:3036} INFO - Sync 1 DAGs
[2024-02-16T16:37:02.965+0000] {logging_mixin.py:188} INFO - [2024-02-16T16:37:02.964+0000] {dag.py:3823} INFO - Setting next_dagrun for example_branch_operator to 2024-02-15 00:00:00+00:00, run_after=2024-02-16 00:00:00+00:00
[2024-02-16T16:37:02.979+0000] {processor.py:183} INFO - Processing /home/airflow/.local/lib/python3.8/site-packages/airflow/example_dags/example_branch_operator.py took 0.071 seconds
[2024-02-16T16:37:33.224+0000] {processor.py:161} INFO - Started process (PID=758) to work on /home/airflow/.local/lib/python3.8/site-packages/airflow/example_dags/example_branch_operator.py
[2024-02-16T16:37:33.224+0000] {processor.py:830} INFO - Processing file /home/airflow/.local/lib/python3.8/site-packages/airflow/example_dags/example_branch_operator.py for tasks to queue
[2024-02-16T16:37:33.225+0000] {logging_mixin.py:188} INFO - [2024-02-16T16:37:33.225+0000] {dagbag.py:538} INFO - Filling up the DagBag from /home/airflow/.local/lib/python3.8/site-packages/airflow/example_dags/example_branch_operator.py
[2024-02-16T16:37:33.238+0000] {processor.py:840} INFO - DAG(s) 'example_branch_operator' retrieved from /home/airflow/.local/lib/python3.8/site-packages/airflow/example_dags/example_branch_operator.py
[2024-02-16T16:37:33.263+0000] {logging_mixin.py:188} INFO - [2024-02-16T16:37:33.263+0000] {dag.py:3036} INFO - Sync 1 DAGs
[2024-02-16T16:37:33.281+0000] {logging_mixin.py:188} INFO - [2024-02-16T16:37:33.281+0000] {dag.py:3823} INFO - Setting next_dagrun for example_branch_operator to 2024-02-15 00:00:00+00:00, run_after=2024-02-16 00:00:00+00:00
[2024-02-16T16:37:33.294+0000] {processor.py:183} INFO - Processing /home/airflow/.local/lib/python3.8/site-packages/airflow/example_dags/example_branch_operator.py took 0.073 seconds
[2024-02-16T16:39:17.489+0000] {processor.py:161} INFO - Started process (PID=85) to work on /home/airflow/.local/lib/python3.8/site-packages/airflow/example_dags/example_branch_operator.py
[2024-02-16T16:39:17.490+0000] {processor.py:830} INFO - Processing file /home/airflow/.local/lib/python3.8/site-packages/airflow/example_dags/example_branch_operator.py for tasks to queue
[2024-02-16T16:39:17.491+0000] {logging_mixin.py:188} INFO - [2024-02-16T16:39:17.491+0000] {dagbag.py:538} INFO - Filling up the DagBag from /home/airflow/.local/lib/python3.8/site-packages/airflow/example_dags/example_branch_operator.py
[2024-02-16T16:39:17.506+0000] {processor.py:840} INFO - DAG(s) 'example_branch_operator' retrieved from /home/airflow/.local/lib/python3.8/site-packages/airflow/example_dags/example_branch_operator.py
[2024-02-16T16:39:17.514+0000] {logging_mixin.py:188} INFO - [2024-02-16T16:39:17.514+0000] {dag.py:3036} INFO - Sync 1 DAGs
[2024-02-16T16:39:17.532+0000] {logging_mixin.py:188} INFO - [2024-02-16T16:39:17.532+0000] {dag.py:3823} INFO - Setting next_dagrun for example_branch_operator to 2024-02-15 00:00:00+00:00, run_after=2024-02-16 00:00:00+00:00
[2024-02-16T16:39:17.545+0000] {processor.py:183} INFO - Processing /home/airflow/.local/lib/python3.8/site-packages/airflow/example_dags/example_branch_operator.py took 0.058 seconds
[2024-02-16T16:39:48.756+0000] {processor.py:161} INFO - Started process (PID=142) to work on /home/airflow/.local/lib/python3.8/site-packages/airflow/example_dags/example_branch_operator.py
[2024-02-16T16:39:48.756+0000] {processor.py:830} INFO - Processing file /home/airflow/.local/lib/python3.8/site-packages/airflow/example_dags/example_branch_operator.py for tasks to queue
[2024-02-16T16:39:48.757+0000] {logging_mixin.py:188} INFO - [2024-02-16T16:39:48.757+0000] {dagbag.py:538} INFO - Filling up the DagBag from /home/airflow/.local/lib/python3.8/site-packages/airflow/example_dags/example_branch_operator.py
[2024-02-16T16:39:48.770+0000] {processor.py:840} INFO - DAG(s) 'example_branch_operator' retrieved from /home/airflow/.local/lib/python3.8/site-packages/airflow/example_dags/example_branch_operator.py
[2024-02-16T16:39:48.856+0000] {logging_mixin.py:188} INFO - [2024-02-16T16:39:48.856+0000] {dag.py:3036} INFO - Sync 1 DAGs
[2024-02-16T16:39:48.872+0000] {logging_mixin.py:188} INFO - [2024-02-16T16:39:48.872+0000] {dag.py:3823} INFO - Setting next_dagrun for example_branch_operator to 2024-02-15 00:00:00+00:00, run_after=2024-02-16 00:00:00+00:00
[2024-02-16T16:39:48.887+0000] {processor.py:183} INFO - Processing /home/airflow/.local/lib/python3.8/site-packages/airflow/example_dags/example_branch_operator.py took 0.133 seconds
[2024-02-16T16:40:19.148+0000] {processor.py:161} INFO - Started process (PID=199) to work on /home/airflow/.local/lib/python3.8/site-packages/airflow/example_dags/example_branch_operator.py
[2024-02-16T16:40:19.149+0000] {processor.py:830} INFO - Processing file /home/airflow/.local/lib/python3.8/site-packages/airflow/example_dags/example_branch_operator.py for tasks to queue
[2024-02-16T16:40:19.150+0000] {logging_mixin.py:188} INFO - [2024-02-16T16:40:19.150+0000] {dagbag.py:538} INFO - Filling up the DagBag from /home/airflow/.local/lib/python3.8/site-packages/airflow/example_dags/example_branch_operator.py
[2024-02-16T16:40:19.166+0000] {processor.py:840} INFO - DAG(s) 'example_branch_operator' retrieved from /home/airflow/.local/lib/python3.8/site-packages/airflow/example_dags/example_branch_operator.py
[2024-02-16T16:40:19.190+0000] {logging_mixin.py:188} INFO - [2024-02-16T16:40:19.190+0000] {dag.py:3036} INFO - Sync 1 DAGs
[2024-02-16T16:40:19.218+0000] {logging_mixin.py:188} INFO - [2024-02-16T16:40:19.218+0000] {dag.py:3823} INFO - Setting next_dagrun for example_branch_operator to 2024-02-15 00:00:00+00:00, run_after=2024-02-16 00:00:00+00:00
[2024-02-16T16:40:19.238+0000] {processor.py:183} INFO - Processing /home/airflow/.local/lib/python3.8/site-packages/airflow/example_dags/example_branch_operator.py took 0.092 seconds
[2024-02-16T16:40:49.603+0000] {processor.py:161} INFO - Started process (PID=256) to work on /home/airflow/.local/lib/python3.8/site-packages/airflow/example_dags/example_branch_operator.py
[2024-02-16T16:40:49.604+0000] {processor.py:830} INFO - Processing file /home/airflow/.local/lib/python3.8/site-packages/airflow/example_dags/example_branch_operator.py for tasks to queue
[2024-02-16T16:40:49.605+0000] {logging_mixin.py:188} INFO - [2024-02-16T16:40:49.605+0000] {dagbag.py:538} INFO - Filling up the DagBag from /home/airflow/.local/lib/python3.8/site-packages/airflow/example_dags/example_branch_operator.py
[2024-02-16T16:40:49.618+0000] {processor.py:840} INFO - DAG(s) 'example_branch_operator' retrieved from /home/airflow/.local/lib/python3.8/site-packages/airflow/example_dags/example_branch_operator.py
[2024-02-16T16:40:49.638+0000] {logging_mixin.py:188} INFO - [2024-02-16T16:40:49.637+0000] {dag.py:3036} INFO - Sync 1 DAGs
[2024-02-16T16:40:49.654+0000] {logging_mixin.py:188} INFO - [2024-02-16T16:40:49.654+0000] {dag.py:3823} INFO - Setting next_dagrun for example_branch_operator to 2024-02-15 00:00:00+00:00, run_after=2024-02-16 00:00:00+00:00
[2024-02-16T16:40:49.668+0000] {processor.py:183} INFO - Processing /home/airflow/.local/lib/python3.8/site-packages/airflow/example_dags/example_branch_operator.py took 0.067 seconds
[2024-02-16T16:41:20.068+0000] {processor.py:161} INFO - Started process (PID=313) to work on /home/airflow/.local/lib/python3.8/site-packages/airflow/example_dags/example_branch_operator.py
[2024-02-16T16:41:20.069+0000] {processor.py:830} INFO - Processing file /home/airflow/.local/lib/python3.8/site-packages/airflow/example_dags/example_branch_operator.py for tasks to queue
[2024-02-16T16:41:20.071+0000] {logging_mixin.py:188} INFO - [2024-02-16T16:41:20.070+0000] {dagbag.py:538} INFO - Filling up the DagBag from /home/airflow/.local/lib/python3.8/site-packages/airflow/example_dags/example_branch_operator.py
[2024-02-16T16:41:20.083+0000] {processor.py:840} INFO - DAG(s) 'example_branch_operator' retrieved from /home/airflow/.local/lib/python3.8/site-packages/airflow/example_dags/example_branch_operator.py
[2024-02-16T16:41:20.107+0000] {logging_mixin.py:188} INFO - [2024-02-16T16:41:20.106+0000] {dag.py:3036} INFO - Sync 1 DAGs
[2024-02-16T16:41:20.125+0000] {logging_mixin.py:188} INFO - [2024-02-16T16:41:20.125+0000] {dag.py:3823} INFO - Setting next_dagrun for example_branch_operator to 2024-02-15 00:00:00+00:00, run_after=2024-02-16 00:00:00+00:00
[2024-02-16T16:41:20.143+0000] {processor.py:183} INFO - Processing /home/airflow/.local/lib/python3.8/site-packages/airflow/example_dags/example_branch_operator.py took 0.076 seconds
[2024-02-16T16:41:50.315+0000] {processor.py:161} INFO - Started process (PID=371) to work on /home/airflow/.local/lib/python3.8/site-packages/airflow/example_dags/example_branch_operator.py
[2024-02-16T16:41:50.315+0000] {processor.py:830} INFO - Processing file /home/airflow/.local/lib/python3.8/site-packages/airflow/example_dags/example_branch_operator.py for tasks to queue
[2024-02-16T16:41:50.317+0000] {logging_mixin.py:188} INFO - [2024-02-16T16:41:50.317+0000] {dagbag.py:538} INFO - Filling up the DagBag from /home/airflow/.local/lib/python3.8/site-packages/airflow/example_dags/example_branch_operator.py
[2024-02-16T16:41:50.337+0000] {processor.py:840} INFO - DAG(s) 'example_branch_operator' retrieved from /home/airflow/.local/lib/python3.8/site-packages/airflow/example_dags/example_branch_operator.py
[2024-02-16T16:41:50.364+0000] {logging_mixin.py:188} INFO - [2024-02-16T16:41:50.364+0000] {dag.py:3036} INFO - Sync 1 DAGs
[2024-02-16T16:41:50.384+0000] {logging_mixin.py:188} INFO - [2024-02-16T16:41:50.384+0000] {dag.py:3823} INFO - Setting next_dagrun for example_branch_operator to 2024-02-15 00:00:00+00:00, run_after=2024-02-16 00:00:00+00:00
[2024-02-16T16:41:50.405+0000] {processor.py:183} INFO - Processing /home/airflow/.local/lib/python3.8/site-packages/airflow/example_dags/example_branch_operator.py took 0.093 seconds
[2024-02-16T16:42:20.739+0000] {processor.py:161} INFO - Started process (PID=428) to work on /home/airflow/.local/lib/python3.8/site-packages/airflow/example_dags/example_branch_operator.py
[2024-02-16T16:42:20.739+0000] {processor.py:830} INFO - Processing file /home/airflow/.local/lib/python3.8/site-packages/airflow/example_dags/example_branch_operator.py for tasks to queue
[2024-02-16T16:42:20.741+0000] {logging_mixin.py:188} INFO - [2024-02-16T16:42:20.740+0000] {dagbag.py:538} INFO - Filling up the DagBag from /home/airflow/.local/lib/python3.8/site-packages/airflow/example_dags/example_branch_operator.py
[2024-02-16T16:42:20.753+0000] {processor.py:840} INFO - DAG(s) 'example_branch_operator' retrieved from /home/airflow/.local/lib/python3.8/site-packages/airflow/example_dags/example_branch_operator.py
[2024-02-16T16:42:20.776+0000] {logging_mixin.py:188} INFO - [2024-02-16T16:42:20.776+0000] {dag.py:3036} INFO - Sync 1 DAGs
[2024-02-16T16:42:20.794+0000] {logging_mixin.py:188} INFO - [2024-02-16T16:42:20.793+0000] {dag.py:3823} INFO - Setting next_dagrun for example_branch_operator to 2024-02-15 00:00:00+00:00, run_after=2024-02-16 00:00:00+00:00
[2024-02-16T16:42:20.808+0000] {processor.py:183} INFO - Processing /home/airflow/.local/lib/python3.8/site-packages/airflow/example_dags/example_branch_operator.py took 0.071 seconds
[2024-02-16T16:42:51.105+0000] {processor.py:161} INFO - Started process (PID=485) to work on /home/airflow/.local/lib/python3.8/site-packages/airflow/example_dags/example_branch_operator.py
[2024-02-16T16:42:51.105+0000] {processor.py:830} INFO - Processing file /home/airflow/.local/lib/python3.8/site-packages/airflow/example_dags/example_branch_operator.py for tasks to queue
[2024-02-16T16:42:51.107+0000] {logging_mixin.py:188} INFO - [2024-02-16T16:42:51.107+0000] {dagbag.py:538} INFO - Filling up the DagBag from /home/airflow/.local/lib/python3.8/site-packages/airflow/example_dags/example_branch_operator.py
[2024-02-16T16:42:51.120+0000] {processor.py:840} INFO - DAG(s) 'example_branch_operator' retrieved from /home/airflow/.local/lib/python3.8/site-packages/airflow/example_dags/example_branch_operator.py
[2024-02-16T16:42:51.141+0000] {logging_mixin.py:188} INFO - [2024-02-16T16:42:51.140+0000] {dag.py:3036} INFO - Sync 1 DAGs
[2024-02-16T16:42:51.159+0000] {logging_mixin.py:188} INFO - [2024-02-16T16:42:51.159+0000] {dag.py:3823} INFO - Setting next_dagrun for example_branch_operator to 2024-02-15 00:00:00+00:00, run_after=2024-02-16 00:00:00+00:00
[2024-02-16T16:42:51.174+0000] {processor.py:183} INFO - Processing /home/airflow/.local/lib/python3.8/site-packages/airflow/example_dags/example_branch_operator.py took 0.071 seconds
[2024-02-16T16:43:21.527+0000] {processor.py:161} INFO - Started process (PID=542) to work on /home/airflow/.local/lib/python3.8/site-packages/airflow/example_dags/example_branch_operator.py
[2024-02-16T16:43:21.528+0000] {processor.py:830} INFO - Processing file /home/airflow/.local/lib/python3.8/site-packages/airflow/example_dags/example_branch_operator.py for tasks to queue
[2024-02-16T16:43:21.529+0000] {logging_mixin.py:188} INFO - [2024-02-16T16:43:21.529+0000] {dagbag.py:538} INFO - Filling up the DagBag from /home/airflow/.local/lib/python3.8/site-packages/airflow/example_dags/example_branch_operator.py
[2024-02-16T16:43:21.542+0000] {processor.py:840} INFO - DAG(s) 'example_branch_operator' retrieved from /home/airflow/.local/lib/python3.8/site-packages/airflow/example_dags/example_branch_operator.py
[2024-02-16T16:43:21.564+0000] {logging_mixin.py:188} INFO - [2024-02-16T16:43:21.564+0000] {dag.py:3036} INFO - Sync 1 DAGs
[2024-02-16T16:43:21.582+0000] {logging_mixin.py:188} INFO - [2024-02-16T16:43:21.582+0000] {dag.py:3823} INFO - Setting next_dagrun for example_branch_operator to 2024-02-15 00:00:00+00:00, run_after=2024-02-16 00:00:00+00:00
[2024-02-16T16:43:21.598+0000] {processor.py:183} INFO - Processing /home/airflow/.local/lib/python3.8/site-packages/airflow/example_dags/example_branch_operator.py took 0.073 seconds
[2024-02-16T16:43:52.026+0000] {processor.py:161} INFO - Started process (PID=599) to work on /home/airflow/.local/lib/python3.8/site-packages/airflow/example_dags/example_branch_operator.py
[2024-02-16T16:43:52.027+0000] {processor.py:830} INFO - Processing file /home/airflow/.local/lib/python3.8/site-packages/airflow/example_dags/example_branch_operator.py for tasks to queue
[2024-02-16T16:43:52.028+0000] {logging_mixin.py:188} INFO - [2024-02-16T16:43:52.028+0000] {dagbag.py:538} INFO - Filling up the DagBag from /home/airflow/.local/lib/python3.8/site-packages/airflow/example_dags/example_branch_operator.py
[2024-02-16T16:43:52.042+0000] {processor.py:840} INFO - DAG(s) 'example_branch_operator' retrieved from /home/airflow/.local/lib/python3.8/site-packages/airflow/example_dags/example_branch_operator.py
[2024-02-16T16:43:52.065+0000] {logging_mixin.py:188} INFO - [2024-02-16T16:43:52.065+0000] {dag.py:3036} INFO - Sync 1 DAGs
[2024-02-16T16:43:52.084+0000] {logging_mixin.py:188} INFO - [2024-02-16T16:43:52.083+0000] {dag.py:3823} INFO - Setting next_dagrun for example_branch_operator to 2024-02-15 00:00:00+00:00, run_after=2024-02-16 00:00:00+00:00
[2024-02-16T16:43:52.101+0000] {processor.py:183} INFO - Processing /home/airflow/.local/lib/python3.8/site-packages/airflow/example_dags/example_branch_operator.py took 0.077 seconds
