[2024-02-16T16:20:18.861+0000] {processor.py:161} INFO - Started process (PID=80) to work on /home/airflow/.local/lib/python3.8/site-packages/airflow/example_dags/example_branch_labels.py
[2024-02-16T16:20:18.862+0000] {processor.py:830} INFO - Processing file /home/airflow/.local/lib/python3.8/site-packages/airflow/example_dags/example_branch_labels.py for tasks to queue
[2024-02-16T16:20:18.864+0000] {logging_mixin.py:188} INFO - [2024-02-16T16:20:18.864+0000] {dagbag.py:538} INFO - Filling up the DagBag from /home/airflow/.local/lib/python3.8/site-packages/airflow/example_dags/example_branch_labels.py
[2024-02-16T16:20:18.874+0000] {processor.py:840} INFO - DAG(s) 'example_branch_labels' retrieved from /home/airflow/.local/lib/python3.8/site-packages/airflow/example_dags/example_branch_labels.py
[2024-02-16T16:20:18.884+0000] {logging_mixin.py:188} INFO - [2024-02-16T16:20:18.883+0000] {dag.py:3036} INFO - Sync 1 DAGs
[2024-02-16T16:20:18.909+0000] {logging_mixin.py:188} INFO - [2024-02-16T16:20:18.909+0000] {dag.py:3823} INFO - Setting next_dagrun for example_branch_labels to 2024-02-15 00:00:00+00:00, run_after=2024-02-16 00:00:00+00:00
[2024-02-16T16:20:18.926+0000] {processor.py:183} INFO - Processing /home/airflow/.local/lib/python3.8/site-packages/airflow/example_dags/example_branch_labels.py took 0.067 seconds
[2024-02-16T16:20:49.913+0000] {processor.py:161} INFO - Started process (PID=135) to work on /home/airflow/.local/lib/python3.8/site-packages/airflow/example_dags/example_branch_labels.py
[2024-02-16T16:20:49.914+0000] {processor.py:830} INFO - Processing file /home/airflow/.local/lib/python3.8/site-packages/airflow/example_dags/example_branch_labels.py for tasks to queue
[2024-02-16T16:20:49.915+0000] {logging_mixin.py:188} INFO - [2024-02-16T16:20:49.915+0000] {dagbag.py:538} INFO - Filling up the DagBag from /home/airflow/.local/lib/python3.8/site-packages/airflow/example_dags/example_branch_labels.py
[2024-02-16T16:20:49.921+0000] {processor.py:840} INFO - DAG(s) 'example_branch_labels' retrieved from /home/airflow/.local/lib/python3.8/site-packages/airflow/example_dags/example_branch_labels.py
[2024-02-16T16:20:50.002+0000] {logging_mixin.py:188} INFO - [2024-02-16T16:20:50.002+0000] {dag.py:3036} INFO - Sync 1 DAGs
[2024-02-16T16:20:50.018+0000] {logging_mixin.py:188} INFO - [2024-02-16T16:20:50.018+0000] {dag.py:3823} INFO - Setting next_dagrun for example_branch_labels to 2024-02-15 00:00:00+00:00, run_after=2024-02-16 00:00:00+00:00
[2024-02-16T16:20:50.033+0000] {processor.py:183} INFO - Processing /home/airflow/.local/lib/python3.8/site-packages/airflow/example_dags/example_branch_labels.py took 0.122 seconds
[2024-02-16T16:21:20.616+0000] {processor.py:161} INFO - Started process (PID=190) to work on /home/airflow/.local/lib/python3.8/site-packages/airflow/example_dags/example_branch_labels.py
[2024-02-16T16:21:20.616+0000] {processor.py:830} INFO - Processing file /home/airflow/.local/lib/python3.8/site-packages/airflow/example_dags/example_branch_labels.py for tasks to queue
[2024-02-16T16:21:20.618+0000] {logging_mixin.py:188} INFO - [2024-02-16T16:21:20.618+0000] {dagbag.py:538} INFO - Filling up the DagBag from /home/airflow/.local/lib/python3.8/site-packages/airflow/example_dags/example_branch_labels.py
[2024-02-16T16:21:20.624+0000] {processor.py:840} INFO - DAG(s) 'example_branch_labels' retrieved from /home/airflow/.local/lib/python3.8/site-packages/airflow/example_dags/example_branch_labels.py
[2024-02-16T16:21:20.640+0000] {logging_mixin.py:188} INFO - [2024-02-16T16:21:20.640+0000] {dag.py:3036} INFO - Sync 1 DAGs
[2024-02-16T16:21:20.658+0000] {logging_mixin.py:188} INFO - [2024-02-16T16:21:20.658+0000] {dag.py:3823} INFO - Setting next_dagrun for example_branch_labels to 2024-02-15 00:00:00+00:00, run_after=2024-02-16 00:00:00+00:00
[2024-02-16T16:21:20.672+0000] {processor.py:183} INFO - Processing /home/airflow/.local/lib/python3.8/site-packages/airflow/example_dags/example_branch_labels.py took 0.058 seconds
[2024-02-16T16:21:51.453+0000] {processor.py:161} INFO - Started process (PID=245) to work on /home/airflow/.local/lib/python3.8/site-packages/airflow/example_dags/example_branch_labels.py
[2024-02-16T16:21:51.454+0000] {processor.py:830} INFO - Processing file /home/airflow/.local/lib/python3.8/site-packages/airflow/example_dags/example_branch_labels.py for tasks to queue
[2024-02-16T16:21:51.455+0000] {logging_mixin.py:188} INFO - [2024-02-16T16:21:51.454+0000] {dagbag.py:538} INFO - Filling up the DagBag from /home/airflow/.local/lib/python3.8/site-packages/airflow/example_dags/example_branch_labels.py
[2024-02-16T16:21:51.460+0000] {processor.py:840} INFO - DAG(s) 'example_branch_labels' retrieved from /home/airflow/.local/lib/python3.8/site-packages/airflow/example_dags/example_branch_labels.py
[2024-02-16T16:21:51.474+0000] {logging_mixin.py:188} INFO - [2024-02-16T16:21:51.474+0000] {dag.py:3036} INFO - Sync 1 DAGs
[2024-02-16T16:21:51.490+0000] {logging_mixin.py:188} INFO - [2024-02-16T16:21:51.490+0000] {dag.py:3823} INFO - Setting next_dagrun for example_branch_labels to 2024-02-15 00:00:00+00:00, run_after=2024-02-16 00:00:00+00:00
[2024-02-16T16:21:51.503+0000] {processor.py:183} INFO - Processing /home/airflow/.local/lib/python3.8/site-packages/airflow/example_dags/example_branch_labels.py took 0.052 seconds
[2024-02-16T16:22:21.668+0000] {processor.py:161} INFO - Started process (PID=300) to work on /home/airflow/.local/lib/python3.8/site-packages/airflow/example_dags/example_branch_labels.py
[2024-02-16T16:22:21.669+0000] {processor.py:830} INFO - Processing file /home/airflow/.local/lib/python3.8/site-packages/airflow/example_dags/example_branch_labels.py for tasks to queue
[2024-02-16T16:22:21.670+0000] {logging_mixin.py:188} INFO - [2024-02-16T16:22:21.670+0000] {dagbag.py:538} INFO - Filling up the DagBag from /home/airflow/.local/lib/python3.8/site-packages/airflow/example_dags/example_branch_labels.py
[2024-02-16T16:22:21.675+0000] {processor.py:840} INFO - DAG(s) 'example_branch_labels' retrieved from /home/airflow/.local/lib/python3.8/site-packages/airflow/example_dags/example_branch_labels.py
[2024-02-16T16:22:21.691+0000] {logging_mixin.py:188} INFO - [2024-02-16T16:22:21.691+0000] {dag.py:3036} INFO - Sync 1 DAGs
[2024-02-16T16:22:21.709+0000] {logging_mixin.py:188} INFO - [2024-02-16T16:22:21.708+0000] {dag.py:3823} INFO - Setting next_dagrun for example_branch_labels to 2024-02-15 00:00:00+00:00, run_after=2024-02-16 00:00:00+00:00
[2024-02-16T16:22:21.724+0000] {processor.py:183} INFO - Processing /home/airflow/.local/lib/python3.8/site-packages/airflow/example_dags/example_branch_labels.py took 0.057 seconds
[2024-02-16T16:22:51.835+0000] {processor.py:161} INFO - Started process (PID=355) to work on /home/airflow/.local/lib/python3.8/site-packages/airflow/example_dags/example_branch_labels.py
[2024-02-16T16:22:51.836+0000] {processor.py:830} INFO - Processing file /home/airflow/.local/lib/python3.8/site-packages/airflow/example_dags/example_branch_labels.py for tasks to queue
[2024-02-16T16:22:51.837+0000] {logging_mixin.py:188} INFO - [2024-02-16T16:22:51.836+0000] {dagbag.py:538} INFO - Filling up the DagBag from /home/airflow/.local/lib/python3.8/site-packages/airflow/example_dags/example_branch_labels.py
[2024-02-16T16:22:51.842+0000] {processor.py:840} INFO - DAG(s) 'example_branch_labels' retrieved from /home/airflow/.local/lib/python3.8/site-packages/airflow/example_dags/example_branch_labels.py
[2024-02-16T16:22:51.857+0000] {logging_mixin.py:188} INFO - [2024-02-16T16:22:51.856+0000] {dag.py:3036} INFO - Sync 1 DAGs
[2024-02-16T16:22:51.875+0000] {logging_mixin.py:188} INFO - [2024-02-16T16:22:51.875+0000] {dag.py:3823} INFO - Setting next_dagrun for example_branch_labels to 2024-02-15 00:00:00+00:00, run_after=2024-02-16 00:00:00+00:00
[2024-02-16T16:22:51.888+0000] {processor.py:183} INFO - Processing /home/airflow/.local/lib/python3.8/site-packages/airflow/example_dags/example_branch_labels.py took 0.056 seconds
[2024-02-16T16:23:22.147+0000] {processor.py:161} INFO - Started process (PID=410) to work on /home/airflow/.local/lib/python3.8/site-packages/airflow/example_dags/example_branch_labels.py
[2024-02-16T16:23:22.148+0000] {processor.py:830} INFO - Processing file /home/airflow/.local/lib/python3.8/site-packages/airflow/example_dags/example_branch_labels.py for tasks to queue
[2024-02-16T16:23:22.149+0000] {logging_mixin.py:188} INFO - [2024-02-16T16:23:22.149+0000] {dagbag.py:538} INFO - Filling up the DagBag from /home/airflow/.local/lib/python3.8/site-packages/airflow/example_dags/example_branch_labels.py
[2024-02-16T16:23:22.155+0000] {processor.py:840} INFO - DAG(s) 'example_branch_labels' retrieved from /home/airflow/.local/lib/python3.8/site-packages/airflow/example_dags/example_branch_labels.py
[2024-02-16T16:23:22.170+0000] {logging_mixin.py:188} INFO - [2024-02-16T16:23:22.170+0000] {dag.py:3036} INFO - Sync 1 DAGs
[2024-02-16T16:23:22.187+0000] {logging_mixin.py:188} INFO - [2024-02-16T16:23:22.187+0000] {dag.py:3823} INFO - Setting next_dagrun for example_branch_labels to 2024-02-15 00:00:00+00:00, run_after=2024-02-16 00:00:00+00:00
[2024-02-16T16:23:22.200+0000] {processor.py:183} INFO - Processing /home/airflow/.local/lib/python3.8/site-packages/airflow/example_dags/example_branch_labels.py took 0.054 seconds
[2024-02-16T16:23:52.382+0000] {processor.py:161} INFO - Started process (PID=465) to work on /home/airflow/.local/lib/python3.8/site-packages/airflow/example_dags/example_branch_labels.py
[2024-02-16T16:23:52.382+0000] {processor.py:830} INFO - Processing file /home/airflow/.local/lib/python3.8/site-packages/airflow/example_dags/example_branch_labels.py for tasks to queue
[2024-02-16T16:23:52.383+0000] {logging_mixin.py:188} INFO - [2024-02-16T16:23:52.383+0000] {dagbag.py:538} INFO - Filling up the DagBag from /home/airflow/.local/lib/python3.8/site-packages/airflow/example_dags/example_branch_labels.py
[2024-02-16T16:23:52.389+0000] {processor.py:840} INFO - DAG(s) 'example_branch_labels' retrieved from /home/airflow/.local/lib/python3.8/site-packages/airflow/example_dags/example_branch_labels.py
[2024-02-16T16:23:52.404+0000] {logging_mixin.py:188} INFO - [2024-02-16T16:23:52.403+0000] {dag.py:3036} INFO - Sync 1 DAGs
[2024-02-16T16:23:52.421+0000] {logging_mixin.py:188} INFO - [2024-02-16T16:23:52.420+0000] {dag.py:3823} INFO - Setting next_dagrun for example_branch_labels to 2024-02-15 00:00:00+00:00, run_after=2024-02-16 00:00:00+00:00
[2024-02-16T16:23:52.435+0000] {processor.py:183} INFO - Processing /home/airflow/.local/lib/python3.8/site-packages/airflow/example_dags/example_branch_labels.py took 0.056 seconds
[2024-02-16T16:24:22.676+0000] {processor.py:161} INFO - Started process (PID=520) to work on /home/airflow/.local/lib/python3.8/site-packages/airflow/example_dags/example_branch_labels.py
[2024-02-16T16:24:22.676+0000] {processor.py:830} INFO - Processing file /home/airflow/.local/lib/python3.8/site-packages/airflow/example_dags/example_branch_labels.py for tasks to queue
[2024-02-16T16:24:22.678+0000] {logging_mixin.py:188} INFO - [2024-02-16T16:24:22.677+0000] {dagbag.py:538} INFO - Filling up the DagBag from /home/airflow/.local/lib/python3.8/site-packages/airflow/example_dags/example_branch_labels.py
[2024-02-16T16:24:22.683+0000] {processor.py:840} INFO - DAG(s) 'example_branch_labels' retrieved from /home/airflow/.local/lib/python3.8/site-packages/airflow/example_dags/example_branch_labels.py
[2024-02-16T16:24:22.698+0000] {logging_mixin.py:188} INFO - [2024-02-16T16:24:22.697+0000] {dag.py:3036} INFO - Sync 1 DAGs
[2024-02-16T16:24:22.715+0000] {logging_mixin.py:188} INFO - [2024-02-16T16:24:22.715+0000] {dag.py:3823} INFO - Setting next_dagrun for example_branch_labels to 2024-02-15 00:00:00+00:00, run_after=2024-02-16 00:00:00+00:00
[2024-02-16T16:24:22.730+0000] {processor.py:183} INFO - Processing /home/airflow/.local/lib/python3.8/site-packages/airflow/example_dags/example_branch_labels.py took 0.056 seconds
[2024-02-16T16:24:52.905+0000] {processor.py:161} INFO - Started process (PID=575) to work on /home/airflow/.local/lib/python3.8/site-packages/airflow/example_dags/example_branch_labels.py
[2024-02-16T16:24:52.906+0000] {processor.py:830} INFO - Processing file /home/airflow/.local/lib/python3.8/site-packages/airflow/example_dags/example_branch_labels.py for tasks to queue
[2024-02-16T16:24:52.907+0000] {logging_mixin.py:188} INFO - [2024-02-16T16:24:52.907+0000] {dagbag.py:538} INFO - Filling up the DagBag from /home/airflow/.local/lib/python3.8/site-packages/airflow/example_dags/example_branch_labels.py
[2024-02-16T16:24:52.912+0000] {processor.py:840} INFO - DAG(s) 'example_branch_labels' retrieved from /home/airflow/.local/lib/python3.8/site-packages/airflow/example_dags/example_branch_labels.py
[2024-02-16T16:24:52.926+0000] {logging_mixin.py:188} INFO - [2024-02-16T16:24:52.926+0000] {dag.py:3036} INFO - Sync 1 DAGs
[2024-02-16T16:24:52.942+0000] {logging_mixin.py:188} INFO - [2024-02-16T16:24:52.942+0000] {dag.py:3823} INFO - Setting next_dagrun for example_branch_labels to 2024-02-15 00:00:00+00:00, run_after=2024-02-16 00:00:00+00:00
[2024-02-16T16:24:52.954+0000] {processor.py:183} INFO - Processing /home/airflow/.local/lib/python3.8/site-packages/airflow/example_dags/example_branch_labels.py took 0.051 seconds
[2024-02-16T16:25:23.189+0000] {processor.py:161} INFO - Started process (PID=630) to work on /home/airflow/.local/lib/python3.8/site-packages/airflow/example_dags/example_branch_labels.py
[2024-02-16T16:25:23.190+0000] {processor.py:830} INFO - Processing file /home/airflow/.local/lib/python3.8/site-packages/airflow/example_dags/example_branch_labels.py for tasks to queue
[2024-02-16T16:25:23.191+0000] {logging_mixin.py:188} INFO - [2024-02-16T16:25:23.191+0000] {dagbag.py:538} INFO - Filling up the DagBag from /home/airflow/.local/lib/python3.8/site-packages/airflow/example_dags/example_branch_labels.py
[2024-02-16T16:25:23.198+0000] {processor.py:840} INFO - DAG(s) 'example_branch_labels' retrieved from /home/airflow/.local/lib/python3.8/site-packages/airflow/example_dags/example_branch_labels.py
[2024-02-16T16:25:23.215+0000] {logging_mixin.py:188} INFO - [2024-02-16T16:25:23.215+0000] {dag.py:3036} INFO - Sync 1 DAGs
[2024-02-16T16:25:23.237+0000] {logging_mixin.py:188} INFO - [2024-02-16T16:25:23.237+0000] {dag.py:3823} INFO - Setting next_dagrun for example_branch_labels to 2024-02-15 00:00:00+00:00, run_after=2024-02-16 00:00:00+00:00
[2024-02-16T16:25:23.253+0000] {processor.py:183} INFO - Processing /home/airflow/.local/lib/python3.8/site-packages/airflow/example_dags/example_branch_labels.py took 0.066 seconds
[2024-02-16T16:25:53.302+0000] {processor.py:161} INFO - Started process (PID=685) to work on /home/airflow/.local/lib/python3.8/site-packages/airflow/example_dags/example_branch_labels.py
[2024-02-16T16:25:53.303+0000] {processor.py:830} INFO - Processing file /home/airflow/.local/lib/python3.8/site-packages/airflow/example_dags/example_branch_labels.py for tasks to queue
[2024-02-16T16:25:53.304+0000] {logging_mixin.py:188} INFO - [2024-02-16T16:25:53.304+0000] {dagbag.py:538} INFO - Filling up the DagBag from /home/airflow/.local/lib/python3.8/site-packages/airflow/example_dags/example_branch_labels.py
[2024-02-16T16:25:53.310+0000] {processor.py:840} INFO - DAG(s) 'example_branch_labels' retrieved from /home/airflow/.local/lib/python3.8/site-packages/airflow/example_dags/example_branch_labels.py
[2024-02-16T16:25:53.325+0000] {logging_mixin.py:188} INFO - [2024-02-16T16:25:53.324+0000] {dag.py:3036} INFO - Sync 1 DAGs
[2024-02-16T16:25:53.342+0000] {logging_mixin.py:188} INFO - [2024-02-16T16:25:53.342+0000] {dag.py:3823} INFO - Setting next_dagrun for example_branch_labels to 2024-02-15 00:00:00+00:00, run_after=2024-02-16 00:00:00+00:00
[2024-02-16T16:25:53.356+0000] {processor.py:183} INFO - Processing /home/airflow/.local/lib/python3.8/site-packages/airflow/example_dags/example_branch_labels.py took 0.055 seconds
[2024-02-16T16:26:23.587+0000] {processor.py:161} INFO - Started process (PID=740) to work on /home/airflow/.local/lib/python3.8/site-packages/airflow/example_dags/example_branch_labels.py
[2024-02-16T16:26:23.588+0000] {processor.py:830} INFO - Processing file /home/airflow/.local/lib/python3.8/site-packages/airflow/example_dags/example_branch_labels.py for tasks to queue
[2024-02-16T16:26:23.589+0000] {logging_mixin.py:188} INFO - [2024-02-16T16:26:23.589+0000] {dagbag.py:538} INFO - Filling up the DagBag from /home/airflow/.local/lib/python3.8/site-packages/airflow/example_dags/example_branch_labels.py
[2024-02-16T16:26:23.595+0000] {processor.py:840} INFO - DAG(s) 'example_branch_labels' retrieved from /home/airflow/.local/lib/python3.8/site-packages/airflow/example_dags/example_branch_labels.py
[2024-02-16T16:26:23.610+0000] {logging_mixin.py:188} INFO - [2024-02-16T16:26:23.609+0000] {dag.py:3036} INFO - Sync 1 DAGs
[2024-02-16T16:26:23.629+0000] {logging_mixin.py:188} INFO - [2024-02-16T16:26:23.628+0000] {dag.py:3823} INFO - Setting next_dagrun for example_branch_labels to 2024-02-15 00:00:00+00:00, run_after=2024-02-16 00:00:00+00:00
[2024-02-16T16:26:23.643+0000] {processor.py:183} INFO - Processing /home/airflow/.local/lib/python3.8/site-packages/airflow/example_dags/example_branch_labels.py took 0.058 seconds
[2024-02-16T16:26:54.001+0000] {processor.py:161} INFO - Started process (PID=795) to work on /home/airflow/.local/lib/python3.8/site-packages/airflow/example_dags/example_branch_labels.py
[2024-02-16T16:26:54.001+0000] {processor.py:830} INFO - Processing file /home/airflow/.local/lib/python3.8/site-packages/airflow/example_dags/example_branch_labels.py for tasks to queue
[2024-02-16T16:26:54.002+0000] {logging_mixin.py:188} INFO - [2024-02-16T16:26:54.002+0000] {dagbag.py:538} INFO - Filling up the DagBag from /home/airflow/.local/lib/python3.8/site-packages/airflow/example_dags/example_branch_labels.py
[2024-02-16T16:26:54.009+0000] {processor.py:840} INFO - DAG(s) 'example_branch_labels' retrieved from /home/airflow/.local/lib/python3.8/site-packages/airflow/example_dags/example_branch_labels.py
[2024-02-16T16:26:54.024+0000] {logging_mixin.py:188} INFO - [2024-02-16T16:26:54.024+0000] {dag.py:3036} INFO - Sync 1 DAGs
[2024-02-16T16:26:54.044+0000] {logging_mixin.py:188} INFO - [2024-02-16T16:26:54.043+0000] {dag.py:3823} INFO - Setting next_dagrun for example_branch_labels to 2024-02-15 00:00:00+00:00, run_after=2024-02-16 00:00:00+00:00
[2024-02-16T16:26:54.059+0000] {processor.py:183} INFO - Processing /home/airflow/.local/lib/python3.8/site-packages/airflow/example_dags/example_branch_labels.py took 0.061 seconds
[2024-02-16T16:27:24.105+0000] {processor.py:161} INFO - Started process (PID=850) to work on /home/airflow/.local/lib/python3.8/site-packages/airflow/example_dags/example_branch_labels.py
[2024-02-16T16:27:24.106+0000] {processor.py:830} INFO - Processing file /home/airflow/.local/lib/python3.8/site-packages/airflow/example_dags/example_branch_labels.py for tasks to queue
[2024-02-16T16:27:24.107+0000] {logging_mixin.py:188} INFO - [2024-02-16T16:27:24.107+0000] {dagbag.py:538} INFO - Filling up the DagBag from /home/airflow/.local/lib/python3.8/site-packages/airflow/example_dags/example_branch_labels.py
[2024-02-16T16:27:24.113+0000] {processor.py:840} INFO - DAG(s) 'example_branch_labels' retrieved from /home/airflow/.local/lib/python3.8/site-packages/airflow/example_dags/example_branch_labels.py
[2024-02-16T16:27:24.129+0000] {logging_mixin.py:188} INFO - [2024-02-16T16:27:24.129+0000] {dag.py:3036} INFO - Sync 1 DAGs
[2024-02-16T16:27:24.148+0000] {logging_mixin.py:188} INFO - [2024-02-16T16:27:24.148+0000] {dag.py:3823} INFO - Setting next_dagrun for example_branch_labels to 2024-02-15 00:00:00+00:00, run_after=2024-02-16 00:00:00+00:00
[2024-02-16T16:27:24.163+0000] {processor.py:183} INFO - Processing /home/airflow/.local/lib/python3.8/site-packages/airflow/example_dags/example_branch_labels.py took 0.060 seconds
[2024-02-16T16:27:55.113+0000] {processor.py:161} INFO - Started process (PID=905) to work on /home/airflow/.local/lib/python3.8/site-packages/airflow/example_dags/example_branch_labels.py
[2024-02-16T16:27:55.114+0000] {processor.py:830} INFO - Processing file /home/airflow/.local/lib/python3.8/site-packages/airflow/example_dags/example_branch_labels.py for tasks to queue
[2024-02-16T16:27:55.115+0000] {logging_mixin.py:188} INFO - [2024-02-16T16:27:55.115+0000] {dagbag.py:538} INFO - Filling up the DagBag from /home/airflow/.local/lib/python3.8/site-packages/airflow/example_dags/example_branch_labels.py
[2024-02-16T16:27:55.120+0000] {processor.py:840} INFO - DAG(s) 'example_branch_labels' retrieved from /home/airflow/.local/lib/python3.8/site-packages/airflow/example_dags/example_branch_labels.py
[2024-02-16T16:27:55.137+0000] {logging_mixin.py:188} INFO - [2024-02-16T16:27:55.136+0000] {dag.py:3036} INFO - Sync 1 DAGs
[2024-02-16T16:27:55.154+0000] {logging_mixin.py:188} INFO - [2024-02-16T16:27:55.154+0000] {dag.py:3823} INFO - Setting next_dagrun for example_branch_labels to 2024-02-15 00:00:00+00:00, run_after=2024-02-16 00:00:00+00:00
[2024-02-16T16:27:55.168+0000] {processor.py:183} INFO - Processing /home/airflow/.local/lib/python3.8/site-packages/airflow/example_dags/example_branch_labels.py took 0.057 seconds
[2024-02-16T16:28:25.439+0000] {processor.py:161} INFO - Started process (PID=960) to work on /home/airflow/.local/lib/python3.8/site-packages/airflow/example_dags/example_branch_labels.py
[2024-02-16T16:28:25.440+0000] {processor.py:830} INFO - Processing file /home/airflow/.local/lib/python3.8/site-packages/airflow/example_dags/example_branch_labels.py for tasks to queue
[2024-02-16T16:28:25.441+0000] {logging_mixin.py:188} INFO - [2024-02-16T16:28:25.441+0000] {dagbag.py:538} INFO - Filling up the DagBag from /home/airflow/.local/lib/python3.8/site-packages/airflow/example_dags/example_branch_labels.py
[2024-02-16T16:28:25.446+0000] {processor.py:840} INFO - DAG(s) 'example_branch_labels' retrieved from /home/airflow/.local/lib/python3.8/site-packages/airflow/example_dags/example_branch_labels.py
[2024-02-16T16:28:25.463+0000] {logging_mixin.py:188} INFO - [2024-02-16T16:28:25.463+0000] {dag.py:3036} INFO - Sync 1 DAGs
[2024-02-16T16:28:25.484+0000] {logging_mixin.py:188} INFO - [2024-02-16T16:28:25.483+0000] {dag.py:3823} INFO - Setting next_dagrun for example_branch_labels to 2024-02-15 00:00:00+00:00, run_after=2024-02-16 00:00:00+00:00
[2024-02-16T16:28:25.499+0000] {processor.py:183} INFO - Processing /home/airflow/.local/lib/python3.8/site-packages/airflow/example_dags/example_branch_labels.py took 0.063 seconds
[2024-02-16T16:28:55.547+0000] {processor.py:161} INFO - Started process (PID=1015) to work on /home/airflow/.local/lib/python3.8/site-packages/airflow/example_dags/example_branch_labels.py
[2024-02-16T16:28:55.547+0000] {processor.py:830} INFO - Processing file /home/airflow/.local/lib/python3.8/site-packages/airflow/example_dags/example_branch_labels.py for tasks to queue
[2024-02-16T16:28:55.548+0000] {logging_mixin.py:188} INFO - [2024-02-16T16:28:55.548+0000] {dagbag.py:538} INFO - Filling up the DagBag from /home/airflow/.local/lib/python3.8/site-packages/airflow/example_dags/example_branch_labels.py
[2024-02-16T16:28:55.553+0000] {processor.py:840} INFO - DAG(s) 'example_branch_labels' retrieved from /home/airflow/.local/lib/python3.8/site-packages/airflow/example_dags/example_branch_labels.py
[2024-02-16T16:28:55.567+0000] {logging_mixin.py:188} INFO - [2024-02-16T16:28:55.566+0000] {dag.py:3036} INFO - Sync 1 DAGs
[2024-02-16T16:28:55.582+0000] {logging_mixin.py:188} INFO - [2024-02-16T16:28:55.582+0000] {dag.py:3823} INFO - Setting next_dagrun for example_branch_labels to 2024-02-15 00:00:00+00:00, run_after=2024-02-16 00:00:00+00:00
[2024-02-16T16:28:55.594+0000] {processor.py:183} INFO - Processing /home/airflow/.local/lib/python3.8/site-packages/airflow/example_dags/example_branch_labels.py took 0.049 seconds
[2024-02-16T16:29:25.702+0000] {processor.py:161} INFO - Started process (PID=1070) to work on /home/airflow/.local/lib/python3.8/site-packages/airflow/example_dags/example_branch_labels.py
[2024-02-16T16:29:25.702+0000] {processor.py:830} INFO - Processing file /home/airflow/.local/lib/python3.8/site-packages/airflow/example_dags/example_branch_labels.py for tasks to queue
[2024-02-16T16:29:25.703+0000] {logging_mixin.py:188} INFO - [2024-02-16T16:29:25.703+0000] {dagbag.py:538} INFO - Filling up the DagBag from /home/airflow/.local/lib/python3.8/site-packages/airflow/example_dags/example_branch_labels.py
[2024-02-16T16:29:25.709+0000] {processor.py:840} INFO - DAG(s) 'example_branch_labels' retrieved from /home/airflow/.local/lib/python3.8/site-packages/airflow/example_dags/example_branch_labels.py
[2024-02-16T16:29:25.723+0000] {logging_mixin.py:188} INFO - [2024-02-16T16:29:25.723+0000] {dag.py:3036} INFO - Sync 1 DAGs
[2024-02-16T16:29:25.740+0000] {logging_mixin.py:188} INFO - [2024-02-16T16:29:25.740+0000] {dag.py:3823} INFO - Setting next_dagrun for example_branch_labels to 2024-02-15 00:00:00+00:00, run_after=2024-02-16 00:00:00+00:00
[2024-02-16T16:29:25.755+0000] {processor.py:183} INFO - Processing /home/airflow/.local/lib/python3.8/site-packages/airflow/example_dags/example_branch_labels.py took 0.056 seconds
[2024-02-16T16:29:56.137+0000] {processor.py:161} INFO - Started process (PID=1125) to work on /home/airflow/.local/lib/python3.8/site-packages/airflow/example_dags/example_branch_labels.py
[2024-02-16T16:29:56.138+0000] {processor.py:830} INFO - Processing file /home/airflow/.local/lib/python3.8/site-packages/airflow/example_dags/example_branch_labels.py for tasks to queue
[2024-02-16T16:29:56.139+0000] {logging_mixin.py:188} INFO - [2024-02-16T16:29:56.139+0000] {dagbag.py:538} INFO - Filling up the DagBag from /home/airflow/.local/lib/python3.8/site-packages/airflow/example_dags/example_branch_labels.py
[2024-02-16T16:29:56.145+0000] {processor.py:840} INFO - DAG(s) 'example_branch_labels' retrieved from /home/airflow/.local/lib/python3.8/site-packages/airflow/example_dags/example_branch_labels.py
[2024-02-16T16:29:56.160+0000] {logging_mixin.py:188} INFO - [2024-02-16T16:29:56.160+0000] {dag.py:3036} INFO - Sync 1 DAGs
[2024-02-16T16:29:56.179+0000] {logging_mixin.py:188} INFO - [2024-02-16T16:29:56.178+0000] {dag.py:3823} INFO - Setting next_dagrun for example_branch_labels to 2024-02-15 00:00:00+00:00, run_after=2024-02-16 00:00:00+00:00
[2024-02-16T16:29:56.194+0000] {processor.py:183} INFO - Processing /home/airflow/.local/lib/python3.8/site-packages/airflow/example_dags/example_branch_labels.py took 0.059 seconds
[2024-02-16T16:30:26.900+0000] {processor.py:161} INFO - Started process (PID=1181) to work on /home/airflow/.local/lib/python3.8/site-packages/airflow/example_dags/example_branch_labels.py
[2024-02-16T16:30:26.901+0000] {processor.py:830} INFO - Processing file /home/airflow/.local/lib/python3.8/site-packages/airflow/example_dags/example_branch_labels.py for tasks to queue
[2024-02-16T16:30:26.902+0000] {logging_mixin.py:188} INFO - [2024-02-16T16:30:26.901+0000] {dagbag.py:538} INFO - Filling up the DagBag from /home/airflow/.local/lib/python3.8/site-packages/airflow/example_dags/example_branch_labels.py
[2024-02-16T16:30:26.907+0000] {processor.py:840} INFO - DAG(s) 'example_branch_labels' retrieved from /home/airflow/.local/lib/python3.8/site-packages/airflow/example_dags/example_branch_labels.py
[2024-02-16T16:30:26.923+0000] {logging_mixin.py:188} INFO - [2024-02-16T16:30:26.923+0000] {dag.py:3036} INFO - Sync 1 DAGs
[2024-02-16T16:30:26.939+0000] {logging_mixin.py:188} INFO - [2024-02-16T16:30:26.938+0000] {dag.py:3823} INFO - Setting next_dagrun for example_branch_labels to 2024-02-15 00:00:00+00:00, run_after=2024-02-16 00:00:00+00:00
[2024-02-16T16:30:26.950+0000] {processor.py:183} INFO - Processing /home/airflow/.local/lib/python3.8/site-packages/airflow/example_dags/example_branch_labels.py took 0.052 seconds
[2024-02-16T16:31:27.710+0000] {processor.py:161} INFO - Started process (PID=81) to work on /home/airflow/.local/lib/python3.8/site-packages/airflow/example_dags/example_branch_labels.py
[2024-02-16T16:31:27.711+0000] {processor.py:830} INFO - Processing file /home/airflow/.local/lib/python3.8/site-packages/airflow/example_dags/example_branch_labels.py for tasks to queue
[2024-02-16T16:31:27.713+0000] {logging_mixin.py:188} INFO - [2024-02-16T16:31:27.712+0000] {dagbag.py:538} INFO - Filling up the DagBag from /home/airflow/.local/lib/python3.8/site-packages/airflow/example_dags/example_branch_labels.py
[2024-02-16T16:31:27.720+0000] {processor.py:840} INFO - DAG(s) 'example_branch_labels' retrieved from /home/airflow/.local/lib/python3.8/site-packages/airflow/example_dags/example_branch_labels.py
[2024-02-16T16:31:27.728+0000] {logging_mixin.py:188} INFO - [2024-02-16T16:31:27.728+0000] {dag.py:3036} INFO - Sync 1 DAGs
[2024-02-16T16:31:27.746+0000] {logging_mixin.py:188} INFO - [2024-02-16T16:31:27.746+0000] {dag.py:3823} INFO - Setting next_dagrun for example_branch_labels to 2024-02-15 00:00:00+00:00, run_after=2024-02-16 00:00:00+00:00
[2024-02-16T16:31:27.761+0000] {processor.py:183} INFO - Processing /home/airflow/.local/lib/python3.8/site-packages/airflow/example_dags/example_branch_labels.py took 0.053 seconds
[2024-02-16T16:31:59.477+0000] {processor.py:161} INFO - Started process (PID=137) to work on /home/airflow/.local/lib/python3.8/site-packages/airflow/example_dags/example_branch_labels.py
[2024-02-16T16:31:59.478+0000] {processor.py:830} INFO - Processing file /home/airflow/.local/lib/python3.8/site-packages/airflow/example_dags/example_branch_labels.py for tasks to queue
[2024-02-16T16:31:59.479+0000] {logging_mixin.py:188} INFO - [2024-02-16T16:31:59.479+0000] {dagbag.py:538} INFO - Filling up the DagBag from /home/airflow/.local/lib/python3.8/site-packages/airflow/example_dags/example_branch_labels.py
[2024-02-16T16:31:59.484+0000] {processor.py:840} INFO - DAG(s) 'example_branch_labels' retrieved from /home/airflow/.local/lib/python3.8/site-packages/airflow/example_dags/example_branch_labels.py
[2024-02-16T16:31:59.555+0000] {logging_mixin.py:188} INFO - [2024-02-16T16:31:59.554+0000] {dag.py:3036} INFO - Sync 1 DAGs
[2024-02-16T16:31:59.571+0000] {logging_mixin.py:188} INFO - [2024-02-16T16:31:59.570+0000] {dag.py:3823} INFO - Setting next_dagrun for example_branch_labels to 2024-02-15 00:00:00+00:00, run_after=2024-02-16 00:00:00+00:00
[2024-02-16T16:31:59.585+0000] {processor.py:183} INFO - Processing /home/airflow/.local/lib/python3.8/site-packages/airflow/example_dags/example_branch_labels.py took 0.109 seconds
[2024-02-16T16:32:29.632+0000] {processor.py:161} INFO - Started process (PID=193) to work on /home/airflow/.local/lib/python3.8/site-packages/airflow/example_dags/example_branch_labels.py
[2024-02-16T16:32:29.633+0000] {processor.py:830} INFO - Processing file /home/airflow/.local/lib/python3.8/site-packages/airflow/example_dags/example_branch_labels.py for tasks to queue
[2024-02-16T16:32:29.634+0000] {logging_mixin.py:188} INFO - [2024-02-16T16:32:29.634+0000] {dagbag.py:538} INFO - Filling up the DagBag from /home/airflow/.local/lib/python3.8/site-packages/airflow/example_dags/example_branch_labels.py
[2024-02-16T16:32:29.639+0000] {processor.py:840} INFO - DAG(s) 'example_branch_labels' retrieved from /home/airflow/.local/lib/python3.8/site-packages/airflow/example_dags/example_branch_labels.py
[2024-02-16T16:32:29.653+0000] {logging_mixin.py:188} INFO - [2024-02-16T16:32:29.653+0000] {dag.py:3036} INFO - Sync 1 DAGs
[2024-02-16T16:32:29.669+0000] {logging_mixin.py:188} INFO - [2024-02-16T16:32:29.669+0000] {dag.py:3823} INFO - Setting next_dagrun for example_branch_labels to 2024-02-15 00:00:00+00:00, run_after=2024-02-16 00:00:00+00:00
[2024-02-16T16:32:29.680+0000] {processor.py:183} INFO - Processing /home/airflow/.local/lib/python3.8/site-packages/airflow/example_dags/example_branch_labels.py took 0.050 seconds
[2024-02-16T16:32:59.836+0000] {processor.py:161} INFO - Started process (PID=249) to work on /home/airflow/.local/lib/python3.8/site-packages/airflow/example_dags/example_branch_labels.py
[2024-02-16T16:32:59.836+0000] {processor.py:830} INFO - Processing file /home/airflow/.local/lib/python3.8/site-packages/airflow/example_dags/example_branch_labels.py for tasks to queue
[2024-02-16T16:32:59.837+0000] {logging_mixin.py:188} INFO - [2024-02-16T16:32:59.837+0000] {dagbag.py:538} INFO - Filling up the DagBag from /home/airflow/.local/lib/python3.8/site-packages/airflow/example_dags/example_branch_labels.py
[2024-02-16T16:32:59.843+0000] {processor.py:840} INFO - DAG(s) 'example_branch_labels' retrieved from /home/airflow/.local/lib/python3.8/site-packages/airflow/example_dags/example_branch_labels.py
[2024-02-16T16:32:59.857+0000] {logging_mixin.py:188} INFO - [2024-02-16T16:32:59.857+0000] {dag.py:3036} INFO - Sync 1 DAGs
[2024-02-16T16:32:59.873+0000] {logging_mixin.py:188} INFO - [2024-02-16T16:32:59.873+0000] {dag.py:3823} INFO - Setting next_dagrun for example_branch_labels to 2024-02-15 00:00:00+00:00, run_after=2024-02-16 00:00:00+00:00
[2024-02-16T16:32:59.885+0000] {processor.py:183} INFO - Processing /home/airflow/.local/lib/python3.8/site-packages/airflow/example_dags/example_branch_labels.py took 0.051 seconds
[2024-02-16T16:33:30.034+0000] {processor.py:161} INFO - Started process (PID=305) to work on /home/airflow/.local/lib/python3.8/site-packages/airflow/example_dags/example_branch_labels.py
[2024-02-16T16:33:30.035+0000] {processor.py:830} INFO - Processing file /home/airflow/.local/lib/python3.8/site-packages/airflow/example_dags/example_branch_labels.py for tasks to queue
[2024-02-16T16:33:30.036+0000] {logging_mixin.py:188} INFO - [2024-02-16T16:33:30.036+0000] {dagbag.py:538} INFO - Filling up the DagBag from /home/airflow/.local/lib/python3.8/site-packages/airflow/example_dags/example_branch_labels.py
[2024-02-16T16:33:30.041+0000] {processor.py:840} INFO - DAG(s) 'example_branch_labels' retrieved from /home/airflow/.local/lib/python3.8/site-packages/airflow/example_dags/example_branch_labels.py
[2024-02-16T16:33:30.055+0000] {logging_mixin.py:188} INFO - [2024-02-16T16:33:30.054+0000] {dag.py:3036} INFO - Sync 1 DAGs
[2024-02-16T16:33:30.070+0000] {logging_mixin.py:188} INFO - [2024-02-16T16:33:30.070+0000] {dag.py:3823} INFO - Setting next_dagrun for example_branch_labels to 2024-02-15 00:00:00+00:00, run_after=2024-02-16 00:00:00+00:00
[2024-02-16T16:33:30.083+0000] {processor.py:183} INFO - Processing /home/airflow/.local/lib/python3.8/site-packages/airflow/example_dags/example_branch_labels.py took 0.051 seconds
[2024-02-16T16:34:00.223+0000] {processor.py:161} INFO - Started process (PID=361) to work on /home/airflow/.local/lib/python3.8/site-packages/airflow/example_dags/example_branch_labels.py
[2024-02-16T16:34:00.224+0000] {processor.py:830} INFO - Processing file /home/airflow/.local/lib/python3.8/site-packages/airflow/example_dags/example_branch_labels.py for tasks to queue
[2024-02-16T16:34:00.225+0000] {logging_mixin.py:188} INFO - [2024-02-16T16:34:00.225+0000] {dagbag.py:538} INFO - Filling up the DagBag from /home/airflow/.local/lib/python3.8/site-packages/airflow/example_dags/example_branch_labels.py
[2024-02-16T16:34:00.230+0000] {processor.py:840} INFO - DAG(s) 'example_branch_labels' retrieved from /home/airflow/.local/lib/python3.8/site-packages/airflow/example_dags/example_branch_labels.py
[2024-02-16T16:34:00.244+0000] {logging_mixin.py:188} INFO - [2024-02-16T16:34:00.244+0000] {dag.py:3036} INFO - Sync 1 DAGs
[2024-02-16T16:34:00.261+0000] {logging_mixin.py:188} INFO - [2024-02-16T16:34:00.260+0000] {dag.py:3823} INFO - Setting next_dagrun for example_branch_labels to 2024-02-15 00:00:00+00:00, run_after=2024-02-16 00:00:00+00:00
[2024-02-16T16:34:00.274+0000] {processor.py:183} INFO - Processing /home/airflow/.local/lib/python3.8/site-packages/airflow/example_dags/example_branch_labels.py took 0.053 seconds
[2024-02-16T16:34:30.460+0000] {processor.py:161} INFO - Started process (PID=417) to work on /home/airflow/.local/lib/python3.8/site-packages/airflow/example_dags/example_branch_labels.py
[2024-02-16T16:34:30.461+0000] {processor.py:830} INFO - Processing file /home/airflow/.local/lib/python3.8/site-packages/airflow/example_dags/example_branch_labels.py for tasks to queue
[2024-02-16T16:34:30.463+0000] {logging_mixin.py:188} INFO - [2024-02-16T16:34:30.462+0000] {dagbag.py:538} INFO - Filling up the DagBag from /home/airflow/.local/lib/python3.8/site-packages/airflow/example_dags/example_branch_labels.py
[2024-02-16T16:34:30.471+0000] {processor.py:840} INFO - DAG(s) 'example_branch_labels' retrieved from /home/airflow/.local/lib/python3.8/site-packages/airflow/example_dags/example_branch_labels.py
[2024-02-16T16:34:30.487+0000] {logging_mixin.py:188} INFO - [2024-02-16T16:34:30.487+0000] {dag.py:3036} INFO - Sync 1 DAGs
[2024-02-16T16:34:30.506+0000] {logging_mixin.py:188} INFO - [2024-02-16T16:34:30.506+0000] {dag.py:3823} INFO - Setting next_dagrun for example_branch_labels to 2024-02-15 00:00:00+00:00, run_after=2024-02-16 00:00:00+00:00
[2024-02-16T16:34:30.520+0000] {processor.py:183} INFO - Processing /home/airflow/.local/lib/python3.8/site-packages/airflow/example_dags/example_branch_labels.py took 0.062 seconds
[2024-02-16T16:35:00.722+0000] {processor.py:161} INFO - Started process (PID=473) to work on /home/airflow/.local/lib/python3.8/site-packages/airflow/example_dags/example_branch_labels.py
[2024-02-16T16:35:00.723+0000] {processor.py:830} INFO - Processing file /home/airflow/.local/lib/python3.8/site-packages/airflow/example_dags/example_branch_labels.py for tasks to queue
[2024-02-16T16:35:00.724+0000] {logging_mixin.py:188} INFO - [2024-02-16T16:35:00.724+0000] {dagbag.py:538} INFO - Filling up the DagBag from /home/airflow/.local/lib/python3.8/site-packages/airflow/example_dags/example_branch_labels.py
[2024-02-16T16:35:00.729+0000] {processor.py:840} INFO - DAG(s) 'example_branch_labels' retrieved from /home/airflow/.local/lib/python3.8/site-packages/airflow/example_dags/example_branch_labels.py
[2024-02-16T16:35:00.744+0000] {logging_mixin.py:188} INFO - [2024-02-16T16:35:00.744+0000] {dag.py:3036} INFO - Sync 1 DAGs
[2024-02-16T16:35:00.761+0000] {logging_mixin.py:188} INFO - [2024-02-16T16:35:00.760+0000] {dag.py:3823} INFO - Setting next_dagrun for example_branch_labels to 2024-02-15 00:00:00+00:00, run_after=2024-02-16 00:00:00+00:00
[2024-02-16T16:35:00.776+0000] {processor.py:183} INFO - Processing /home/airflow/.local/lib/python3.8/site-packages/airflow/example_dags/example_branch_labels.py took 0.055 seconds
[2024-02-16T16:35:30.927+0000] {processor.py:161} INFO - Started process (PID=529) to work on /home/airflow/.local/lib/python3.8/site-packages/airflow/example_dags/example_branch_labels.py
[2024-02-16T16:35:30.928+0000] {processor.py:830} INFO - Processing file /home/airflow/.local/lib/python3.8/site-packages/airflow/example_dags/example_branch_labels.py for tasks to queue
[2024-02-16T16:35:30.929+0000] {logging_mixin.py:188} INFO - [2024-02-16T16:35:30.929+0000] {dagbag.py:538} INFO - Filling up the DagBag from /home/airflow/.local/lib/python3.8/site-packages/airflow/example_dags/example_branch_labels.py
[2024-02-16T16:35:30.934+0000] {processor.py:840} INFO - DAG(s) 'example_branch_labels' retrieved from /home/airflow/.local/lib/python3.8/site-packages/airflow/example_dags/example_branch_labels.py
[2024-02-16T16:35:30.950+0000] {logging_mixin.py:188} INFO - [2024-02-16T16:35:30.949+0000] {dag.py:3036} INFO - Sync 1 DAGs
[2024-02-16T16:35:30.968+0000] {logging_mixin.py:188} INFO - [2024-02-16T16:35:30.968+0000] {dag.py:3823} INFO - Setting next_dagrun for example_branch_labels to 2024-02-15 00:00:00+00:00, run_after=2024-02-16 00:00:00+00:00
[2024-02-16T16:35:30.982+0000] {processor.py:183} INFO - Processing /home/airflow/.local/lib/python3.8/site-packages/airflow/example_dags/example_branch_labels.py took 0.057 seconds
[2024-02-16T16:36:01.293+0000] {processor.py:161} INFO - Started process (PID=585) to work on /home/airflow/.local/lib/python3.8/site-packages/airflow/example_dags/example_branch_labels.py
[2024-02-16T16:36:01.294+0000] {processor.py:830} INFO - Processing file /home/airflow/.local/lib/python3.8/site-packages/airflow/example_dags/example_branch_labels.py for tasks to queue
[2024-02-16T16:36:01.295+0000] {logging_mixin.py:188} INFO - [2024-02-16T16:36:01.295+0000] {dagbag.py:538} INFO - Filling up the DagBag from /home/airflow/.local/lib/python3.8/site-packages/airflow/example_dags/example_branch_labels.py
[2024-02-16T16:36:01.300+0000] {processor.py:840} INFO - DAG(s) 'example_branch_labels' retrieved from /home/airflow/.local/lib/python3.8/site-packages/airflow/example_dags/example_branch_labels.py
[2024-02-16T16:36:01.315+0000] {logging_mixin.py:188} INFO - [2024-02-16T16:36:01.315+0000] {dag.py:3036} INFO - Sync 1 DAGs
[2024-02-16T16:36:01.333+0000] {logging_mixin.py:188} INFO - [2024-02-16T16:36:01.332+0000] {dag.py:3823} INFO - Setting next_dagrun for example_branch_labels to 2024-02-15 00:00:00+00:00, run_after=2024-02-16 00:00:00+00:00
[2024-02-16T16:36:01.347+0000] {processor.py:183} INFO - Processing /home/airflow/.local/lib/python3.8/site-packages/airflow/example_dags/example_branch_labels.py took 0.055 seconds
[2024-02-16T16:36:32.381+0000] {processor.py:161} INFO - Started process (PID=641) to work on /home/airflow/.local/lib/python3.8/site-packages/airflow/example_dags/example_branch_labels.py
[2024-02-16T16:36:32.381+0000] {processor.py:830} INFO - Processing file /home/airflow/.local/lib/python3.8/site-packages/airflow/example_dags/example_branch_labels.py for tasks to queue
[2024-02-16T16:36:32.382+0000] {logging_mixin.py:188} INFO - [2024-02-16T16:36:32.382+0000] {dagbag.py:538} INFO - Filling up the DagBag from /home/airflow/.local/lib/python3.8/site-packages/airflow/example_dags/example_branch_labels.py
[2024-02-16T16:36:32.388+0000] {processor.py:840} INFO - DAG(s) 'example_branch_labels' retrieved from /home/airflow/.local/lib/python3.8/site-packages/airflow/example_dags/example_branch_labels.py
[2024-02-16T16:36:32.403+0000] {logging_mixin.py:188} INFO - [2024-02-16T16:36:32.402+0000] {dag.py:3036} INFO - Sync 1 DAGs
[2024-02-16T16:36:32.420+0000] {logging_mixin.py:188} INFO - [2024-02-16T16:36:32.420+0000] {dag.py:3823} INFO - Setting next_dagrun for example_branch_labels to 2024-02-15 00:00:00+00:00, run_after=2024-02-16 00:00:00+00:00
[2024-02-16T16:36:32.433+0000] {processor.py:183} INFO - Processing /home/airflow/.local/lib/python3.8/site-packages/airflow/example_dags/example_branch_labels.py took 0.054 seconds
[2024-02-16T16:37:02.784+0000] {processor.py:161} INFO - Started process (PID=698) to work on /home/airflow/.local/lib/python3.8/site-packages/airflow/example_dags/example_branch_labels.py
[2024-02-16T16:37:02.785+0000] {processor.py:830} INFO - Processing file /home/airflow/.local/lib/python3.8/site-packages/airflow/example_dags/example_branch_labels.py for tasks to queue
[2024-02-16T16:37:02.786+0000] {logging_mixin.py:188} INFO - [2024-02-16T16:37:02.786+0000] {dagbag.py:538} INFO - Filling up the DagBag from /home/airflow/.local/lib/python3.8/site-packages/airflow/example_dags/example_branch_labels.py
[2024-02-16T16:37:02.791+0000] {processor.py:840} INFO - DAG(s) 'example_branch_labels' retrieved from /home/airflow/.local/lib/python3.8/site-packages/airflow/example_dags/example_branch_labels.py
[2024-02-16T16:37:02.807+0000] {logging_mixin.py:188} INFO - [2024-02-16T16:37:02.807+0000] {dag.py:3036} INFO - Sync 1 DAGs
[2024-02-16T16:37:02.826+0000] {logging_mixin.py:188} INFO - [2024-02-16T16:37:02.826+0000] {dag.py:3823} INFO - Setting next_dagrun for example_branch_labels to 2024-02-15 00:00:00+00:00, run_after=2024-02-16 00:00:00+00:00
[2024-02-16T16:37:02.840+0000] {processor.py:183} INFO - Processing /home/airflow/.local/lib/python3.8/site-packages/airflow/example_dags/example_branch_labels.py took 0.058 seconds
[2024-02-16T16:37:33.128+0000] {processor.py:161} INFO - Started process (PID=755) to work on /home/airflow/.local/lib/python3.8/site-packages/airflow/example_dags/example_branch_labels.py
[2024-02-16T16:37:33.129+0000] {processor.py:830} INFO - Processing file /home/airflow/.local/lib/python3.8/site-packages/airflow/example_dags/example_branch_labels.py for tasks to queue
[2024-02-16T16:37:33.130+0000] {logging_mixin.py:188} INFO - [2024-02-16T16:37:33.130+0000] {dagbag.py:538} INFO - Filling up the DagBag from /home/airflow/.local/lib/python3.8/site-packages/airflow/example_dags/example_branch_labels.py
[2024-02-16T16:37:33.135+0000] {processor.py:840} INFO - DAG(s) 'example_branch_labels' retrieved from /home/airflow/.local/lib/python3.8/site-packages/airflow/example_dags/example_branch_labels.py
[2024-02-16T16:37:33.150+0000] {logging_mixin.py:188} INFO - [2024-02-16T16:37:33.149+0000] {dag.py:3036} INFO - Sync 1 DAGs
[2024-02-16T16:37:33.166+0000] {logging_mixin.py:188} INFO - [2024-02-16T16:37:33.166+0000] {dag.py:3823} INFO - Setting next_dagrun for example_branch_labels to 2024-02-15 00:00:00+00:00, run_after=2024-02-16 00:00:00+00:00
[2024-02-16T16:37:33.187+0000] {processor.py:183} INFO - Processing /home/airflow/.local/lib/python3.8/site-packages/airflow/example_dags/example_branch_labels.py took 0.061 seconds
[2024-02-16T16:39:17.373+0000] {processor.py:161} INFO - Started process (PID=82) to work on /home/airflow/.local/lib/python3.8/site-packages/airflow/example_dags/example_branch_labels.py
[2024-02-16T16:39:17.373+0000] {processor.py:830} INFO - Processing file /home/airflow/.local/lib/python3.8/site-packages/airflow/example_dags/example_branch_labels.py for tasks to queue
[2024-02-16T16:39:17.374+0000] {logging_mixin.py:188} INFO - [2024-02-16T16:39:17.374+0000] {dagbag.py:538} INFO - Filling up the DagBag from /home/airflow/.local/lib/python3.8/site-packages/airflow/example_dags/example_branch_labels.py
[2024-02-16T16:39:17.381+0000] {processor.py:840} INFO - DAG(s) 'example_branch_labels' retrieved from /home/airflow/.local/lib/python3.8/site-packages/airflow/example_dags/example_branch_labels.py
[2024-02-16T16:39:17.389+0000] {logging_mixin.py:188} INFO - [2024-02-16T16:39:17.389+0000] {dag.py:3036} INFO - Sync 1 DAGs
[2024-02-16T16:39:17.407+0000] {logging_mixin.py:188} INFO - [2024-02-16T16:39:17.407+0000] {dag.py:3823} INFO - Setting next_dagrun for example_branch_labels to 2024-02-15 00:00:00+00:00, run_after=2024-02-16 00:00:00+00:00
[2024-02-16T16:39:17.421+0000] {processor.py:183} INFO - Processing /home/airflow/.local/lib/python3.8/site-packages/airflow/example_dags/example_branch_labels.py took 0.051 seconds
[2024-02-16T16:39:48.529+0000] {processor.py:161} INFO - Started process (PID=139) to work on /home/airflow/.local/lib/python3.8/site-packages/airflow/example_dags/example_branch_labels.py
[2024-02-16T16:39:48.530+0000] {processor.py:830} INFO - Processing file /home/airflow/.local/lib/python3.8/site-packages/airflow/example_dags/example_branch_labels.py for tasks to queue
[2024-02-16T16:39:48.531+0000] {logging_mixin.py:188} INFO - [2024-02-16T16:39:48.531+0000] {dagbag.py:538} INFO - Filling up the DagBag from /home/airflow/.local/lib/python3.8/site-packages/airflow/example_dags/example_branch_labels.py
[2024-02-16T16:39:48.536+0000] {processor.py:840} INFO - DAG(s) 'example_branch_labels' retrieved from /home/airflow/.local/lib/python3.8/site-packages/airflow/example_dags/example_branch_labels.py
[2024-02-16T16:39:48.609+0000] {logging_mixin.py:188} INFO - [2024-02-16T16:39:48.609+0000] {dag.py:3036} INFO - Sync 1 DAGs
[2024-02-16T16:39:48.625+0000] {logging_mixin.py:188} INFO - [2024-02-16T16:39:48.624+0000] {dag.py:3823} INFO - Setting next_dagrun for example_branch_labels to 2024-02-15 00:00:00+00:00, run_after=2024-02-16 00:00:00+00:00
[2024-02-16T16:39:48.638+0000] {processor.py:183} INFO - Processing /home/airflow/.local/lib/python3.8/site-packages/airflow/example_dags/example_branch_labels.py took 0.111 seconds
[2024-02-16T16:40:19.018+0000] {processor.py:161} INFO - Started process (PID=196) to work on /home/airflow/.local/lib/python3.8/site-packages/airflow/example_dags/example_branch_labels.py
[2024-02-16T16:40:19.019+0000] {processor.py:830} INFO - Processing file /home/airflow/.local/lib/python3.8/site-packages/airflow/example_dags/example_branch_labels.py for tasks to queue
[2024-02-16T16:40:19.020+0000] {logging_mixin.py:188} INFO - [2024-02-16T16:40:19.020+0000] {dagbag.py:538} INFO - Filling up the DagBag from /home/airflow/.local/lib/python3.8/site-packages/airflow/example_dags/example_branch_labels.py
[2024-02-16T16:40:19.026+0000] {processor.py:840} INFO - DAG(s) 'example_branch_labels' retrieved from /home/airflow/.local/lib/python3.8/site-packages/airflow/example_dags/example_branch_labels.py
[2024-02-16T16:40:19.044+0000] {logging_mixin.py:188} INFO - [2024-02-16T16:40:19.044+0000] {dag.py:3036} INFO - Sync 1 DAGs
[2024-02-16T16:40:19.065+0000] {logging_mixin.py:188} INFO - [2024-02-16T16:40:19.065+0000] {dag.py:3823} INFO - Setting next_dagrun for example_branch_labels to 2024-02-15 00:00:00+00:00, run_after=2024-02-16 00:00:00+00:00
[2024-02-16T16:40:19.082+0000] {processor.py:183} INFO - Processing /home/airflow/.local/lib/python3.8/site-packages/airflow/example_dags/example_branch_labels.py took 0.066 seconds
[2024-02-16T16:40:49.482+0000] {processor.py:161} INFO - Started process (PID=253) to work on /home/airflow/.local/lib/python3.8/site-packages/airflow/example_dags/example_branch_labels.py
[2024-02-16T16:40:49.483+0000] {processor.py:830} INFO - Processing file /home/airflow/.local/lib/python3.8/site-packages/airflow/example_dags/example_branch_labels.py for tasks to queue
[2024-02-16T16:40:49.484+0000] {logging_mixin.py:188} INFO - [2024-02-16T16:40:49.484+0000] {dagbag.py:538} INFO - Filling up the DagBag from /home/airflow/.local/lib/python3.8/site-packages/airflow/example_dags/example_branch_labels.py
[2024-02-16T16:40:49.489+0000] {processor.py:840} INFO - DAG(s) 'example_branch_labels' retrieved from /home/airflow/.local/lib/python3.8/site-packages/airflow/example_dags/example_branch_labels.py
[2024-02-16T16:40:49.504+0000] {logging_mixin.py:188} INFO - [2024-02-16T16:40:49.503+0000] {dag.py:3036} INFO - Sync 1 DAGs
[2024-02-16T16:40:49.521+0000] {logging_mixin.py:188} INFO - [2024-02-16T16:40:49.520+0000] {dag.py:3823} INFO - Setting next_dagrun for example_branch_labels to 2024-02-15 00:00:00+00:00, run_after=2024-02-16 00:00:00+00:00
[2024-02-16T16:40:49.533+0000] {processor.py:183} INFO - Processing /home/airflow/.local/lib/python3.8/site-packages/airflow/example_dags/example_branch_labels.py took 0.053 seconds
[2024-02-16T16:41:19.898+0000] {processor.py:161} INFO - Started process (PID=310) to work on /home/airflow/.local/lib/python3.8/site-packages/airflow/example_dags/example_branch_labels.py
[2024-02-16T16:41:19.899+0000] {processor.py:830} INFO - Processing file /home/airflow/.local/lib/python3.8/site-packages/airflow/example_dags/example_branch_labels.py for tasks to queue
[2024-02-16T16:41:19.900+0000] {logging_mixin.py:188} INFO - [2024-02-16T16:41:19.900+0000] {dagbag.py:538} INFO - Filling up the DagBag from /home/airflow/.local/lib/python3.8/site-packages/airflow/example_dags/example_branch_labels.py
[2024-02-16T16:41:19.906+0000] {processor.py:840} INFO - DAG(s) 'example_branch_labels' retrieved from /home/airflow/.local/lib/python3.8/site-packages/airflow/example_dags/example_branch_labels.py
[2024-02-16T16:41:19.921+0000] {logging_mixin.py:188} INFO - [2024-02-16T16:41:19.921+0000] {dag.py:3036} INFO - Sync 1 DAGs
[2024-02-16T16:41:19.939+0000] {logging_mixin.py:188} INFO - [2024-02-16T16:41:19.939+0000] {dag.py:3823} INFO - Setting next_dagrun for example_branch_labels to 2024-02-15 00:00:00+00:00, run_after=2024-02-16 00:00:00+00:00
[2024-02-16T16:41:19.955+0000] {processor.py:183} INFO - Processing /home/airflow/.local/lib/python3.8/site-packages/airflow/example_dags/example_branch_labels.py took 0.058 seconds
[2024-02-16T16:41:50.178+0000] {processor.py:161} INFO - Started process (PID=368) to work on /home/airflow/.local/lib/python3.8/site-packages/airflow/example_dags/example_branch_labels.py
[2024-02-16T16:41:50.178+0000] {processor.py:830} INFO - Processing file /home/airflow/.local/lib/python3.8/site-packages/airflow/example_dags/example_branch_labels.py for tasks to queue
[2024-02-16T16:41:50.180+0000] {logging_mixin.py:188} INFO - [2024-02-16T16:41:50.180+0000] {dagbag.py:538} INFO - Filling up the DagBag from /home/airflow/.local/lib/python3.8/site-packages/airflow/example_dags/example_branch_labels.py
[2024-02-16T16:41:50.186+0000] {processor.py:840} INFO - DAG(s) 'example_branch_labels' retrieved from /home/airflow/.local/lib/python3.8/site-packages/airflow/example_dags/example_branch_labels.py
[2024-02-16T16:41:50.202+0000] {logging_mixin.py:188} INFO - [2024-02-16T16:41:50.202+0000] {dag.py:3036} INFO - Sync 1 DAGs
[2024-02-16T16:41:50.222+0000] {logging_mixin.py:188} INFO - [2024-02-16T16:41:50.222+0000] {dag.py:3823} INFO - Setting next_dagrun for example_branch_labels to 2024-02-15 00:00:00+00:00, run_after=2024-02-16 00:00:00+00:00
[2024-02-16T16:41:50.236+0000] {processor.py:183} INFO - Processing /home/airflow/.local/lib/python3.8/site-packages/airflow/example_dags/example_branch_labels.py took 0.061 seconds
[2024-02-16T16:42:20.620+0000] {processor.py:161} INFO - Started process (PID=425) to work on /home/airflow/.local/lib/python3.8/site-packages/airflow/example_dags/example_branch_labels.py
[2024-02-16T16:42:20.621+0000] {processor.py:830} INFO - Processing file /home/airflow/.local/lib/python3.8/site-packages/airflow/example_dags/example_branch_labels.py for tasks to queue
[2024-02-16T16:42:20.622+0000] {logging_mixin.py:188} INFO - [2024-02-16T16:42:20.622+0000] {dagbag.py:538} INFO - Filling up the DagBag from /home/airflow/.local/lib/python3.8/site-packages/airflow/example_dags/example_branch_labels.py
[2024-02-16T16:42:20.628+0000] {processor.py:840} INFO - DAG(s) 'example_branch_labels' retrieved from /home/airflow/.local/lib/python3.8/site-packages/airflow/example_dags/example_branch_labels.py
[2024-02-16T16:42:20.645+0000] {logging_mixin.py:188} INFO - [2024-02-16T16:42:20.645+0000] {dag.py:3036} INFO - Sync 1 DAGs
[2024-02-16T16:42:20.663+0000] {logging_mixin.py:188} INFO - [2024-02-16T16:42:20.662+0000] {dag.py:3823} INFO - Setting next_dagrun for example_branch_labels to 2024-02-15 00:00:00+00:00, run_after=2024-02-16 00:00:00+00:00
[2024-02-16T16:42:20.677+0000] {processor.py:183} INFO - Processing /home/airflow/.local/lib/python3.8/site-packages/airflow/example_dags/example_branch_labels.py took 0.058 seconds
[2024-02-16T16:42:50.975+0000] {processor.py:161} INFO - Started process (PID=482) to work on /home/airflow/.local/lib/python3.8/site-packages/airflow/example_dags/example_branch_labels.py
[2024-02-16T16:42:50.975+0000] {processor.py:830} INFO - Processing file /home/airflow/.local/lib/python3.8/site-packages/airflow/example_dags/example_branch_labels.py for tasks to queue
[2024-02-16T16:42:50.977+0000] {logging_mixin.py:188} INFO - [2024-02-16T16:42:50.976+0000] {dagbag.py:538} INFO - Filling up the DagBag from /home/airflow/.local/lib/python3.8/site-packages/airflow/example_dags/example_branch_labels.py
[2024-02-16T16:42:50.982+0000] {processor.py:840} INFO - DAG(s) 'example_branch_labels' retrieved from /home/airflow/.local/lib/python3.8/site-packages/airflow/example_dags/example_branch_labels.py
[2024-02-16T16:42:50.998+0000] {logging_mixin.py:188} INFO - [2024-02-16T16:42:50.997+0000] {dag.py:3036} INFO - Sync 1 DAGs
[2024-02-16T16:42:51.017+0000] {logging_mixin.py:188} INFO - [2024-02-16T16:42:51.017+0000] {dag.py:3823} INFO - Setting next_dagrun for example_branch_labels to 2024-02-15 00:00:00+00:00, run_after=2024-02-16 00:00:00+00:00
[2024-02-16T16:42:51.033+0000] {processor.py:183} INFO - Processing /home/airflow/.local/lib/python3.8/site-packages/airflow/example_dags/example_branch_labels.py took 0.061 seconds
[2024-02-16T16:43:21.414+0000] {processor.py:161} INFO - Started process (PID=539) to work on /home/airflow/.local/lib/python3.8/site-packages/airflow/example_dags/example_branch_labels.py
[2024-02-16T16:43:21.415+0000] {processor.py:830} INFO - Processing file /home/airflow/.local/lib/python3.8/site-packages/airflow/example_dags/example_branch_labels.py for tasks to queue
[2024-02-16T16:43:21.416+0000] {logging_mixin.py:188} INFO - [2024-02-16T16:43:21.416+0000] {dagbag.py:538} INFO - Filling up the DagBag from /home/airflow/.local/lib/python3.8/site-packages/airflow/example_dags/example_branch_labels.py
[2024-02-16T16:43:21.422+0000] {processor.py:840} INFO - DAG(s) 'example_branch_labels' retrieved from /home/airflow/.local/lib/python3.8/site-packages/airflow/example_dags/example_branch_labels.py
[2024-02-16T16:43:21.441+0000] {logging_mixin.py:188} INFO - [2024-02-16T16:43:21.440+0000] {dag.py:3036} INFO - Sync 1 DAGs
[2024-02-16T16:43:21.458+0000] {logging_mixin.py:188} INFO - [2024-02-16T16:43:21.458+0000] {dag.py:3823} INFO - Setting next_dagrun for example_branch_labels to 2024-02-15 00:00:00+00:00, run_after=2024-02-16 00:00:00+00:00
[2024-02-16T16:43:21.472+0000] {processor.py:183} INFO - Processing /home/airflow/.local/lib/python3.8/site-packages/airflow/example_dags/example_branch_labels.py took 0.059 seconds
[2024-02-16T16:43:51.867+0000] {processor.py:161} INFO - Started process (PID=596) to work on /home/airflow/.local/lib/python3.8/site-packages/airflow/example_dags/example_branch_labels.py
[2024-02-16T16:43:51.868+0000] {processor.py:830} INFO - Processing file /home/airflow/.local/lib/python3.8/site-packages/airflow/example_dags/example_branch_labels.py for tasks to queue
[2024-02-16T16:43:51.869+0000] {logging_mixin.py:188} INFO - [2024-02-16T16:43:51.869+0000] {dagbag.py:538} INFO - Filling up the DagBag from /home/airflow/.local/lib/python3.8/site-packages/airflow/example_dags/example_branch_labels.py
[2024-02-16T16:43:51.875+0000] {processor.py:840} INFO - DAG(s) 'example_branch_labels' retrieved from /home/airflow/.local/lib/python3.8/site-packages/airflow/example_dags/example_branch_labels.py
[2024-02-16T16:43:51.895+0000] {logging_mixin.py:188} INFO - [2024-02-16T16:43:51.895+0000] {dag.py:3036} INFO - Sync 1 DAGs
[2024-02-16T16:43:51.918+0000] {logging_mixin.py:188} INFO - [2024-02-16T16:43:51.918+0000] {dag.py:3823} INFO - Setting next_dagrun for example_branch_labels to 2024-02-15 00:00:00+00:00, run_after=2024-02-16 00:00:00+00:00
[2024-02-16T16:43:51.936+0000] {processor.py:183} INFO - Processing /home/airflow/.local/lib/python3.8/site-packages/airflow/example_dags/example_branch_labels.py took 0.071 seconds
