[2024-02-16T16:20:17.551+0000] {processor.py:161} INFO - Started process (PID=54) to work on /home/airflow/.local/lib/python3.8/site-packages/airflow/example_dags/example_branch_operator_decorator.py
[2024-02-16T16:20:17.552+0000] {processor.py:830} INFO - Processing file /home/airflow/.local/lib/python3.8/site-packages/airflow/example_dags/example_branch_operator_decorator.py for tasks to queue
[2024-02-16T16:20:17.554+0000] {logging_mixin.py:188} INFO - [2024-02-16T16:20:17.554+0000] {dagbag.py:538} INFO - Filling up the DagBag from /home/airflow/.local/lib/python3.8/site-packages/airflow/example_dags/example_branch_operator_decorator.py
[2024-02-16T16:20:17.574+0000] {processor.py:840} INFO - DAG(s) 'example_branch_python_operator_decorator' retrieved from /home/airflow/.local/lib/python3.8/site-packages/airflow/example_dags/example_branch_operator_decorator.py
[2024-02-16T16:20:17.584+0000] {logging_mixin.py:188} INFO - [2024-02-16T16:20:17.583+0000] {dag.py:3036} INFO - Sync 1 DAGs
[2024-02-16T16:20:17.608+0000] {logging_mixin.py:188} INFO - [2024-02-16T16:20:17.608+0000] {dag.py:3823} INFO - Setting next_dagrun for example_branch_python_operator_decorator to 2024-02-15 00:00:00+00:00, run_after=2024-02-16 00:00:00+00:00
[2024-02-16T16:20:17.627+0000] {processor.py:183} INFO - Processing /home/airflow/.local/lib/python3.8/site-packages/airflow/example_dags/example_branch_operator_decorator.py took 0.078 seconds
[2024-02-16T16:20:48.055+0000] {processor.py:161} INFO - Started process (PID=109) to work on /home/airflow/.local/lib/python3.8/site-packages/airflow/example_dags/example_branch_operator_decorator.py
[2024-02-16T16:20:48.056+0000] {processor.py:830} INFO - Processing file /home/airflow/.local/lib/python3.8/site-packages/airflow/example_dags/example_branch_operator_decorator.py for tasks to queue
[2024-02-16T16:20:48.057+0000] {logging_mixin.py:188} INFO - [2024-02-16T16:20:48.057+0000] {dagbag.py:538} INFO - Filling up the DagBag from /home/airflow/.local/lib/python3.8/site-packages/airflow/example_dags/example_branch_operator_decorator.py
[2024-02-16T16:20:48.075+0000] {processor.py:840} INFO - DAG(s) 'example_branch_python_operator_decorator' retrieved from /home/airflow/.local/lib/python3.8/site-packages/airflow/example_dags/example_branch_operator_decorator.py
[2024-02-16T16:20:48.156+0000] {logging_mixin.py:188} INFO - [2024-02-16T16:20:48.156+0000] {dag.py:3036} INFO - Sync 1 DAGs
[2024-02-16T16:20:48.173+0000] {logging_mixin.py:188} INFO - [2024-02-16T16:20:48.173+0000] {dag.py:3823} INFO - Setting next_dagrun for example_branch_python_operator_decorator to 2024-02-15 00:00:00+00:00, run_after=2024-02-16 00:00:00+00:00
[2024-02-16T16:20:48.188+0000] {processor.py:183} INFO - Processing /home/airflow/.local/lib/python3.8/site-packages/airflow/example_dags/example_branch_operator_decorator.py took 0.135 seconds
[2024-02-16T16:21:18.210+0000] {processor.py:161} INFO - Started process (PID=164) to work on /home/airflow/.local/lib/python3.8/site-packages/airflow/example_dags/example_branch_operator_decorator.py
[2024-02-16T16:21:18.211+0000] {processor.py:830} INFO - Processing file /home/airflow/.local/lib/python3.8/site-packages/airflow/example_dags/example_branch_operator_decorator.py for tasks to queue
[2024-02-16T16:21:18.212+0000] {logging_mixin.py:188} INFO - [2024-02-16T16:21:18.211+0000] {dagbag.py:538} INFO - Filling up the DagBag from /home/airflow/.local/lib/python3.8/site-packages/airflow/example_dags/example_branch_operator_decorator.py
[2024-02-16T16:21:18.226+0000] {processor.py:840} INFO - DAG(s) 'example_branch_python_operator_decorator' retrieved from /home/airflow/.local/lib/python3.8/site-packages/airflow/example_dags/example_branch_operator_decorator.py
[2024-02-16T16:21:18.245+0000] {logging_mixin.py:188} INFO - [2024-02-16T16:21:18.245+0000] {dag.py:3036} INFO - Sync 1 DAGs
[2024-02-16T16:21:18.261+0000] {logging_mixin.py:188} INFO - [2024-02-16T16:21:18.261+0000] {dag.py:3823} INFO - Setting next_dagrun for example_branch_python_operator_decorator to 2024-02-15 00:00:00+00:00, run_after=2024-02-16 00:00:00+00:00
[2024-02-16T16:21:18.274+0000] {processor.py:183} INFO - Processing /home/airflow/.local/lib/python3.8/site-packages/airflow/example_dags/example_branch_operator_decorator.py took 0.066 seconds
[2024-02-16T16:21:48.536+0000] {processor.py:161} INFO - Started process (PID=219) to work on /home/airflow/.local/lib/python3.8/site-packages/airflow/example_dags/example_branch_operator_decorator.py
[2024-02-16T16:21:48.537+0000] {processor.py:830} INFO - Processing file /home/airflow/.local/lib/python3.8/site-packages/airflow/example_dags/example_branch_operator_decorator.py for tasks to queue
[2024-02-16T16:21:48.538+0000] {logging_mixin.py:188} INFO - [2024-02-16T16:21:48.538+0000] {dagbag.py:538} INFO - Filling up the DagBag from /home/airflow/.local/lib/python3.8/site-packages/airflow/example_dags/example_branch_operator_decorator.py
[2024-02-16T16:21:48.553+0000] {processor.py:840} INFO - DAG(s) 'example_branch_python_operator_decorator' retrieved from /home/airflow/.local/lib/python3.8/site-packages/airflow/example_dags/example_branch_operator_decorator.py
[2024-02-16T16:21:48.574+0000] {logging_mixin.py:188} INFO - [2024-02-16T16:21:48.574+0000] {dag.py:3036} INFO - Sync 1 DAGs
[2024-02-16T16:21:48.591+0000] {logging_mixin.py:188} INFO - [2024-02-16T16:21:48.590+0000] {dag.py:3823} INFO - Setting next_dagrun for example_branch_python_operator_decorator to 2024-02-15 00:00:00+00:00, run_after=2024-02-16 00:00:00+00:00
[2024-02-16T16:21:48.605+0000] {processor.py:183} INFO - Processing /home/airflow/.local/lib/python3.8/site-packages/airflow/example_dags/example_branch_operator_decorator.py took 0.070 seconds
[2024-02-16T16:22:18.737+0000] {processor.py:161} INFO - Started process (PID=274) to work on /home/airflow/.local/lib/python3.8/site-packages/airflow/example_dags/example_branch_operator_decorator.py
[2024-02-16T16:22:18.738+0000] {processor.py:830} INFO - Processing file /home/airflow/.local/lib/python3.8/site-packages/airflow/example_dags/example_branch_operator_decorator.py for tasks to queue
[2024-02-16T16:22:18.739+0000] {logging_mixin.py:188} INFO - [2024-02-16T16:22:18.739+0000] {dagbag.py:538} INFO - Filling up the DagBag from /home/airflow/.local/lib/python3.8/site-packages/airflow/example_dags/example_branch_operator_decorator.py
[2024-02-16T16:22:18.757+0000] {processor.py:840} INFO - DAG(s) 'example_branch_python_operator_decorator' retrieved from /home/airflow/.local/lib/python3.8/site-packages/airflow/example_dags/example_branch_operator_decorator.py
[2024-02-16T16:22:18.778+0000] {logging_mixin.py:188} INFO - [2024-02-16T16:22:18.777+0000] {dag.py:3036} INFO - Sync 1 DAGs
[2024-02-16T16:22:18.795+0000] {logging_mixin.py:188} INFO - [2024-02-16T16:22:18.794+0000] {dag.py:3823} INFO - Setting next_dagrun for example_branch_python_operator_decorator to 2024-02-15 00:00:00+00:00, run_after=2024-02-16 00:00:00+00:00
[2024-02-16T16:22:18.810+0000] {processor.py:183} INFO - Processing /home/airflow/.local/lib/python3.8/site-packages/airflow/example_dags/example_branch_operator_decorator.py took 0.074 seconds
[2024-02-16T16:22:48.854+0000] {processor.py:161} INFO - Started process (PID=329) to work on /home/airflow/.local/lib/python3.8/site-packages/airflow/example_dags/example_branch_operator_decorator.py
[2024-02-16T16:22:48.855+0000] {processor.py:830} INFO - Processing file /home/airflow/.local/lib/python3.8/site-packages/airflow/example_dags/example_branch_operator_decorator.py for tasks to queue
[2024-02-16T16:22:48.856+0000] {logging_mixin.py:188} INFO - [2024-02-16T16:22:48.856+0000] {dagbag.py:538} INFO - Filling up the DagBag from /home/airflow/.local/lib/python3.8/site-packages/airflow/example_dags/example_branch_operator_decorator.py
[2024-02-16T16:22:48.873+0000] {processor.py:840} INFO - DAG(s) 'example_branch_python_operator_decorator' retrieved from /home/airflow/.local/lib/python3.8/site-packages/airflow/example_dags/example_branch_operator_decorator.py
[2024-02-16T16:22:48.893+0000] {logging_mixin.py:188} INFO - [2024-02-16T16:22:48.893+0000] {dag.py:3036} INFO - Sync 1 DAGs
[2024-02-16T16:22:48.910+0000] {logging_mixin.py:188} INFO - [2024-02-16T16:22:48.910+0000] {dag.py:3823} INFO - Setting next_dagrun for example_branch_python_operator_decorator to 2024-02-15 00:00:00+00:00, run_after=2024-02-16 00:00:00+00:00
[2024-02-16T16:22:48.924+0000] {processor.py:183} INFO - Processing /home/airflow/.local/lib/python3.8/site-packages/airflow/example_dags/example_branch_operator_decorator.py took 0.071 seconds
[2024-02-16T16:23:19.103+0000] {processor.py:161} INFO - Started process (PID=384) to work on /home/airflow/.local/lib/python3.8/site-packages/airflow/example_dags/example_branch_operator_decorator.py
[2024-02-16T16:23:19.104+0000] {processor.py:830} INFO - Processing file /home/airflow/.local/lib/python3.8/site-packages/airflow/example_dags/example_branch_operator_decorator.py for tasks to queue
[2024-02-16T16:23:19.105+0000] {logging_mixin.py:188} INFO - [2024-02-16T16:23:19.105+0000] {dagbag.py:538} INFO - Filling up the DagBag from /home/airflow/.local/lib/python3.8/site-packages/airflow/example_dags/example_branch_operator_decorator.py
[2024-02-16T16:23:19.122+0000] {processor.py:840} INFO - DAG(s) 'example_branch_python_operator_decorator' retrieved from /home/airflow/.local/lib/python3.8/site-packages/airflow/example_dags/example_branch_operator_decorator.py
[2024-02-16T16:23:19.143+0000] {logging_mixin.py:188} INFO - [2024-02-16T16:23:19.143+0000] {dag.py:3036} INFO - Sync 1 DAGs
[2024-02-16T16:23:19.160+0000] {logging_mixin.py:188} INFO - [2024-02-16T16:23:19.160+0000] {dag.py:3823} INFO - Setting next_dagrun for example_branch_python_operator_decorator to 2024-02-15 00:00:00+00:00, run_after=2024-02-16 00:00:00+00:00
[2024-02-16T16:23:19.174+0000] {processor.py:183} INFO - Processing /home/airflow/.local/lib/python3.8/site-packages/airflow/example_dags/example_branch_operator_decorator.py took 0.074 seconds
[2024-02-16T16:23:49.434+0000] {processor.py:161} INFO - Started process (PID=439) to work on /home/airflow/.local/lib/python3.8/site-packages/airflow/example_dags/example_branch_operator_decorator.py
[2024-02-16T16:23:49.435+0000] {processor.py:830} INFO - Processing file /home/airflow/.local/lib/python3.8/site-packages/airflow/example_dags/example_branch_operator_decorator.py for tasks to queue
[2024-02-16T16:23:49.436+0000] {logging_mixin.py:188} INFO - [2024-02-16T16:23:49.436+0000] {dagbag.py:538} INFO - Filling up the DagBag from /home/airflow/.local/lib/python3.8/site-packages/airflow/example_dags/example_branch_operator_decorator.py
[2024-02-16T16:23:49.452+0000] {processor.py:840} INFO - DAG(s) 'example_branch_python_operator_decorator' retrieved from /home/airflow/.local/lib/python3.8/site-packages/airflow/example_dags/example_branch_operator_decorator.py
[2024-02-16T16:23:49.474+0000] {logging_mixin.py:188} INFO - [2024-02-16T16:23:49.474+0000] {dag.py:3036} INFO - Sync 1 DAGs
[2024-02-16T16:23:49.492+0000] {logging_mixin.py:188} INFO - [2024-02-16T16:23:49.492+0000] {dag.py:3823} INFO - Setting next_dagrun for example_branch_python_operator_decorator to 2024-02-15 00:00:00+00:00, run_after=2024-02-16 00:00:00+00:00
[2024-02-16T16:23:49.508+0000] {processor.py:183} INFO - Processing /home/airflow/.local/lib/python3.8/site-packages/airflow/example_dags/example_branch_operator_decorator.py took 0.076 seconds
[2024-02-16T16:24:19.686+0000] {processor.py:161} INFO - Started process (PID=494) to work on /home/airflow/.local/lib/python3.8/site-packages/airflow/example_dags/example_branch_operator_decorator.py
[2024-02-16T16:24:19.687+0000] {processor.py:830} INFO - Processing file /home/airflow/.local/lib/python3.8/site-packages/airflow/example_dags/example_branch_operator_decorator.py for tasks to queue
[2024-02-16T16:24:19.688+0000] {logging_mixin.py:188} INFO - [2024-02-16T16:24:19.687+0000] {dagbag.py:538} INFO - Filling up the DagBag from /home/airflow/.local/lib/python3.8/site-packages/airflow/example_dags/example_branch_operator_decorator.py
[2024-02-16T16:24:19.704+0000] {processor.py:840} INFO - DAG(s) 'example_branch_python_operator_decorator' retrieved from /home/airflow/.local/lib/python3.8/site-packages/airflow/example_dags/example_branch_operator_decorator.py
[2024-02-16T16:24:19.725+0000] {logging_mixin.py:188} INFO - [2024-02-16T16:24:19.724+0000] {dag.py:3036} INFO - Sync 1 DAGs
[2024-02-16T16:24:19.743+0000] {logging_mixin.py:188} INFO - [2024-02-16T16:24:19.743+0000] {dag.py:3823} INFO - Setting next_dagrun for example_branch_python_operator_decorator to 2024-02-15 00:00:00+00:00, run_after=2024-02-16 00:00:00+00:00
[2024-02-16T16:24:19.758+0000] {processor.py:183} INFO - Processing /home/airflow/.local/lib/python3.8/site-packages/airflow/example_dags/example_branch_operator_decorator.py took 0.074 seconds
[2024-02-16T16:24:49.911+0000] {processor.py:161} INFO - Started process (PID=549) to work on /home/airflow/.local/lib/python3.8/site-packages/airflow/example_dags/example_branch_operator_decorator.py
[2024-02-16T16:24:49.911+0000] {processor.py:830} INFO - Processing file /home/airflow/.local/lib/python3.8/site-packages/airflow/example_dags/example_branch_operator_decorator.py for tasks to queue
[2024-02-16T16:24:49.913+0000] {logging_mixin.py:188} INFO - [2024-02-16T16:24:49.912+0000] {dagbag.py:538} INFO - Filling up the DagBag from /home/airflow/.local/lib/python3.8/site-packages/airflow/example_dags/example_branch_operator_decorator.py
[2024-02-16T16:24:49.929+0000] {processor.py:840} INFO - DAG(s) 'example_branch_python_operator_decorator' retrieved from /home/airflow/.local/lib/python3.8/site-packages/airflow/example_dags/example_branch_operator_decorator.py
[2024-02-16T16:24:49.952+0000] {logging_mixin.py:188} INFO - [2024-02-16T16:24:49.952+0000] {dag.py:3036} INFO - Sync 1 DAGs
[2024-02-16T16:24:49.974+0000] {logging_mixin.py:188} INFO - [2024-02-16T16:24:49.973+0000] {dag.py:3823} INFO - Setting next_dagrun for example_branch_python_operator_decorator to 2024-02-15 00:00:00+00:00, run_after=2024-02-16 00:00:00+00:00
[2024-02-16T16:24:49.989+0000] {processor.py:183} INFO - Processing /home/airflow/.local/lib/python3.8/site-packages/airflow/example_dags/example_branch_operator_decorator.py took 0.080 seconds
[2024-02-16T16:25:20.104+0000] {processor.py:161} INFO - Started process (PID=604) to work on /home/airflow/.local/lib/python3.8/site-packages/airflow/example_dags/example_branch_operator_decorator.py
[2024-02-16T16:25:20.105+0000] {processor.py:830} INFO - Processing file /home/airflow/.local/lib/python3.8/site-packages/airflow/example_dags/example_branch_operator_decorator.py for tasks to queue
[2024-02-16T16:25:20.106+0000] {logging_mixin.py:188} INFO - [2024-02-16T16:25:20.106+0000] {dagbag.py:538} INFO - Filling up the DagBag from /home/airflow/.local/lib/python3.8/site-packages/airflow/example_dags/example_branch_operator_decorator.py
[2024-02-16T16:25:20.122+0000] {processor.py:840} INFO - DAG(s) 'example_branch_python_operator_decorator' retrieved from /home/airflow/.local/lib/python3.8/site-packages/airflow/example_dags/example_branch_operator_decorator.py
[2024-02-16T16:25:20.145+0000] {logging_mixin.py:188} INFO - [2024-02-16T16:25:20.145+0000] {dag.py:3036} INFO - Sync 1 DAGs
[2024-02-16T16:25:20.164+0000] {logging_mixin.py:188} INFO - [2024-02-16T16:25:20.164+0000] {dag.py:3823} INFO - Setting next_dagrun for example_branch_python_operator_decorator to 2024-02-15 00:00:00+00:00, run_after=2024-02-16 00:00:00+00:00
[2024-02-16T16:25:20.179+0000] {processor.py:183} INFO - Processing /home/airflow/.local/lib/python3.8/site-packages/airflow/example_dags/example_branch_operator_decorator.py took 0.077 seconds
[2024-02-16T16:25:50.384+0000] {processor.py:161} INFO - Started process (PID=659) to work on /home/airflow/.local/lib/python3.8/site-packages/airflow/example_dags/example_branch_operator_decorator.py
[2024-02-16T16:25:50.385+0000] {processor.py:830} INFO - Processing file /home/airflow/.local/lib/python3.8/site-packages/airflow/example_dags/example_branch_operator_decorator.py for tasks to queue
[2024-02-16T16:25:50.386+0000] {logging_mixin.py:188} INFO - [2024-02-16T16:25:50.386+0000] {dagbag.py:538} INFO - Filling up the DagBag from /home/airflow/.local/lib/python3.8/site-packages/airflow/example_dags/example_branch_operator_decorator.py
[2024-02-16T16:25:50.401+0000] {processor.py:840} INFO - DAG(s) 'example_branch_python_operator_decorator' retrieved from /home/airflow/.local/lib/python3.8/site-packages/airflow/example_dags/example_branch_operator_decorator.py
[2024-02-16T16:25:50.421+0000] {logging_mixin.py:188} INFO - [2024-02-16T16:25:50.421+0000] {dag.py:3036} INFO - Sync 1 DAGs
[2024-02-16T16:25:50.438+0000] {logging_mixin.py:188} INFO - [2024-02-16T16:25:50.438+0000] {dag.py:3823} INFO - Setting next_dagrun for example_branch_python_operator_decorator to 2024-02-15 00:00:00+00:00, run_after=2024-02-16 00:00:00+00:00
[2024-02-16T16:25:50.450+0000] {processor.py:183} INFO - Processing /home/airflow/.local/lib/python3.8/site-packages/airflow/example_dags/example_branch_operator_decorator.py took 0.068 seconds
[2024-02-16T16:26:20.513+0000] {processor.py:161} INFO - Started process (PID=714) to work on /home/airflow/.local/lib/python3.8/site-packages/airflow/example_dags/example_branch_operator_decorator.py
[2024-02-16T16:26:20.513+0000] {processor.py:830} INFO - Processing file /home/airflow/.local/lib/python3.8/site-packages/airflow/example_dags/example_branch_operator_decorator.py for tasks to queue
[2024-02-16T16:26:20.514+0000] {logging_mixin.py:188} INFO - [2024-02-16T16:26:20.514+0000] {dagbag.py:538} INFO - Filling up the DagBag from /home/airflow/.local/lib/python3.8/site-packages/airflow/example_dags/example_branch_operator_decorator.py
[2024-02-16T16:26:20.531+0000] {processor.py:840} INFO - DAG(s) 'example_branch_python_operator_decorator' retrieved from /home/airflow/.local/lib/python3.8/site-packages/airflow/example_dags/example_branch_operator_decorator.py
[2024-02-16T16:26:20.552+0000] {logging_mixin.py:188} INFO - [2024-02-16T16:26:20.551+0000] {dag.py:3036} INFO - Sync 1 DAGs
[2024-02-16T16:26:20.569+0000] {logging_mixin.py:188} INFO - [2024-02-16T16:26:20.569+0000] {dag.py:3823} INFO - Setting next_dagrun for example_branch_python_operator_decorator to 2024-02-15 00:00:00+00:00, run_after=2024-02-16 00:00:00+00:00
[2024-02-16T16:26:20.584+0000] {processor.py:183} INFO - Processing /home/airflow/.local/lib/python3.8/site-packages/airflow/example_dags/example_branch_operator_decorator.py took 0.073 seconds
[2024-02-16T16:26:50.851+0000] {processor.py:161} INFO - Started process (PID=769) to work on /home/airflow/.local/lib/python3.8/site-packages/airflow/example_dags/example_branch_operator_decorator.py
[2024-02-16T16:26:50.851+0000] {processor.py:830} INFO - Processing file /home/airflow/.local/lib/python3.8/site-packages/airflow/example_dags/example_branch_operator_decorator.py for tasks to queue
[2024-02-16T16:26:50.852+0000] {logging_mixin.py:188} INFO - [2024-02-16T16:26:50.852+0000] {dagbag.py:538} INFO - Filling up the DagBag from /home/airflow/.local/lib/python3.8/site-packages/airflow/example_dags/example_branch_operator_decorator.py
[2024-02-16T16:26:50.871+0000] {processor.py:840} INFO - DAG(s) 'example_branch_python_operator_decorator' retrieved from /home/airflow/.local/lib/python3.8/site-packages/airflow/example_dags/example_branch_operator_decorator.py
[2024-02-16T16:26:50.893+0000] {logging_mixin.py:188} INFO - [2024-02-16T16:26:50.893+0000] {dag.py:3036} INFO - Sync 1 DAGs
[2024-02-16T16:26:50.911+0000] {logging_mixin.py:188} INFO - [2024-02-16T16:26:50.911+0000] {dag.py:3823} INFO - Setting next_dagrun for example_branch_python_operator_decorator to 2024-02-15 00:00:00+00:00, run_after=2024-02-16 00:00:00+00:00
[2024-02-16T16:26:50.926+0000] {processor.py:183} INFO - Processing /home/airflow/.local/lib/python3.8/site-packages/airflow/example_dags/example_branch_operator_decorator.py took 0.078 seconds
[2024-02-16T16:27:20.954+0000] {processor.py:161} INFO - Started process (PID=824) to work on /home/airflow/.local/lib/python3.8/site-packages/airflow/example_dags/example_branch_operator_decorator.py
[2024-02-16T16:27:20.954+0000] {processor.py:830} INFO - Processing file /home/airflow/.local/lib/python3.8/site-packages/airflow/example_dags/example_branch_operator_decorator.py for tasks to queue
[2024-02-16T16:27:20.956+0000] {logging_mixin.py:188} INFO - [2024-02-16T16:27:20.956+0000] {dagbag.py:538} INFO - Filling up the DagBag from /home/airflow/.local/lib/python3.8/site-packages/airflow/example_dags/example_branch_operator_decorator.py
[2024-02-16T16:27:20.975+0000] {processor.py:840} INFO - DAG(s) 'example_branch_python_operator_decorator' retrieved from /home/airflow/.local/lib/python3.8/site-packages/airflow/example_dags/example_branch_operator_decorator.py
[2024-02-16T16:27:20.999+0000] {logging_mixin.py:188} INFO - [2024-02-16T16:27:20.998+0000] {dag.py:3036} INFO - Sync 1 DAGs
[2024-02-16T16:27:21.017+0000] {logging_mixin.py:188} INFO - [2024-02-16T16:27:21.017+0000] {dag.py:3823} INFO - Setting next_dagrun for example_branch_python_operator_decorator to 2024-02-15 00:00:00+00:00, run_after=2024-02-16 00:00:00+00:00
[2024-02-16T16:27:21.032+0000] {processor.py:183} INFO - Processing /home/airflow/.local/lib/python3.8/site-packages/airflow/example_dags/example_branch_operator_decorator.py took 0.082 seconds
[2024-02-16T16:27:52.033+0000] {processor.py:161} INFO - Started process (PID=879) to work on /home/airflow/.local/lib/python3.8/site-packages/airflow/example_dags/example_branch_operator_decorator.py
[2024-02-16T16:27:52.034+0000] {processor.py:830} INFO - Processing file /home/airflow/.local/lib/python3.8/site-packages/airflow/example_dags/example_branch_operator_decorator.py for tasks to queue
[2024-02-16T16:27:52.035+0000] {logging_mixin.py:188} INFO - [2024-02-16T16:27:52.034+0000] {dagbag.py:538} INFO - Filling up the DagBag from /home/airflow/.local/lib/python3.8/site-packages/airflow/example_dags/example_branch_operator_decorator.py
[2024-02-16T16:27:52.050+0000] {processor.py:840} INFO - DAG(s) 'example_branch_python_operator_decorator' retrieved from /home/airflow/.local/lib/python3.8/site-packages/airflow/example_dags/example_branch_operator_decorator.py
[2024-02-16T16:27:52.069+0000] {logging_mixin.py:188} INFO - [2024-02-16T16:27:52.069+0000] {dag.py:3036} INFO - Sync 1 DAGs
[2024-02-16T16:27:52.086+0000] {logging_mixin.py:188} INFO - [2024-02-16T16:27:52.086+0000] {dag.py:3823} INFO - Setting next_dagrun for example_branch_python_operator_decorator to 2024-02-15 00:00:00+00:00, run_after=2024-02-16 00:00:00+00:00
[2024-02-16T16:27:52.100+0000] {processor.py:183} INFO - Processing /home/airflow/.local/lib/python3.8/site-packages/airflow/example_dags/example_branch_operator_decorator.py took 0.069 seconds
[2024-02-16T16:28:22.274+0000] {processor.py:161} INFO - Started process (PID=934) to work on /home/airflow/.local/lib/python3.8/site-packages/airflow/example_dags/example_branch_operator_decorator.py
[2024-02-16T16:28:22.274+0000] {processor.py:830} INFO - Processing file /home/airflow/.local/lib/python3.8/site-packages/airflow/example_dags/example_branch_operator_decorator.py for tasks to queue
[2024-02-16T16:28:22.276+0000] {logging_mixin.py:188} INFO - [2024-02-16T16:28:22.275+0000] {dagbag.py:538} INFO - Filling up the DagBag from /home/airflow/.local/lib/python3.8/site-packages/airflow/example_dags/example_branch_operator_decorator.py
[2024-02-16T16:28:22.292+0000] {processor.py:840} INFO - DAG(s) 'example_branch_python_operator_decorator' retrieved from /home/airflow/.local/lib/python3.8/site-packages/airflow/example_dags/example_branch_operator_decorator.py
[2024-02-16T16:28:22.313+0000] {logging_mixin.py:188} INFO - [2024-02-16T16:28:22.313+0000] {dag.py:3036} INFO - Sync 1 DAGs
[2024-02-16T16:28:22.332+0000] {logging_mixin.py:188} INFO - [2024-02-16T16:28:22.331+0000] {dag.py:3823} INFO - Setting next_dagrun for example_branch_python_operator_decorator to 2024-02-15 00:00:00+00:00, run_after=2024-02-16 00:00:00+00:00
[2024-02-16T16:28:22.347+0000] {processor.py:183} INFO - Processing /home/airflow/.local/lib/python3.8/site-packages/airflow/example_dags/example_branch_operator_decorator.py took 0.075 seconds
[2024-02-16T16:28:52.557+0000] {processor.py:161} INFO - Started process (PID=989) to work on /home/airflow/.local/lib/python3.8/site-packages/airflow/example_dags/example_branch_operator_decorator.py
[2024-02-16T16:28:52.558+0000] {processor.py:830} INFO - Processing file /home/airflow/.local/lib/python3.8/site-packages/airflow/example_dags/example_branch_operator_decorator.py for tasks to queue
[2024-02-16T16:28:52.559+0000] {logging_mixin.py:188} INFO - [2024-02-16T16:28:52.558+0000] {dagbag.py:538} INFO - Filling up the DagBag from /home/airflow/.local/lib/python3.8/site-packages/airflow/example_dags/example_branch_operator_decorator.py
[2024-02-16T16:28:52.573+0000] {processor.py:840} INFO - DAG(s) 'example_branch_python_operator_decorator' retrieved from /home/airflow/.local/lib/python3.8/site-packages/airflow/example_dags/example_branch_operator_decorator.py
[2024-02-16T16:28:52.592+0000] {logging_mixin.py:188} INFO - [2024-02-16T16:28:52.592+0000] {dag.py:3036} INFO - Sync 1 DAGs
[2024-02-16T16:28:52.607+0000] {logging_mixin.py:188} INFO - [2024-02-16T16:28:52.607+0000] {dag.py:3823} INFO - Setting next_dagrun for example_branch_python_operator_decorator to 2024-02-15 00:00:00+00:00, run_after=2024-02-16 00:00:00+00:00
[2024-02-16T16:28:52.619+0000] {processor.py:183} INFO - Processing /home/airflow/.local/lib/python3.8/site-packages/airflow/example_dags/example_branch_operator_decorator.py took 0.064 seconds
[2024-02-16T16:29:22.672+0000] {processor.py:161} INFO - Started process (PID=1043) to work on /home/airflow/.local/lib/python3.8/site-packages/airflow/example_dags/example_branch_operator_decorator.py
[2024-02-16T16:29:22.673+0000] {processor.py:830} INFO - Processing file /home/airflow/.local/lib/python3.8/site-packages/airflow/example_dags/example_branch_operator_decorator.py for tasks to queue
[2024-02-16T16:29:22.674+0000] {logging_mixin.py:188} INFO - [2024-02-16T16:29:22.674+0000] {dagbag.py:538} INFO - Filling up the DagBag from /home/airflow/.local/lib/python3.8/site-packages/airflow/example_dags/example_branch_operator_decorator.py
[2024-02-16T16:29:22.688+0000] {processor.py:840} INFO - DAG(s) 'example_branch_python_operator_decorator' retrieved from /home/airflow/.local/lib/python3.8/site-packages/airflow/example_dags/example_branch_operator_decorator.py
[2024-02-16T16:29:22.707+0000] {logging_mixin.py:188} INFO - [2024-02-16T16:29:22.707+0000] {dag.py:3036} INFO - Sync 1 DAGs
[2024-02-16T16:29:22.725+0000] {logging_mixin.py:188} INFO - [2024-02-16T16:29:22.725+0000] {dag.py:3823} INFO - Setting next_dagrun for example_branch_python_operator_decorator to 2024-02-15 00:00:00+00:00, run_after=2024-02-16 00:00:00+00:00
[2024-02-16T16:29:22.738+0000] {processor.py:183} INFO - Processing /home/airflow/.local/lib/python3.8/site-packages/airflow/example_dags/example_branch_operator_decorator.py took 0.068 seconds
[2024-02-16T16:29:52.953+0000] {processor.py:161} INFO - Started process (PID=1099) to work on /home/airflow/.local/lib/python3.8/site-packages/airflow/example_dags/example_branch_operator_decorator.py
[2024-02-16T16:29:52.954+0000] {processor.py:830} INFO - Processing file /home/airflow/.local/lib/python3.8/site-packages/airflow/example_dags/example_branch_operator_decorator.py for tasks to queue
[2024-02-16T16:29:52.955+0000] {logging_mixin.py:188} INFO - [2024-02-16T16:29:52.955+0000] {dagbag.py:538} INFO - Filling up the DagBag from /home/airflow/.local/lib/python3.8/site-packages/airflow/example_dags/example_branch_operator_decorator.py
[2024-02-16T16:29:52.975+0000] {processor.py:840} INFO - DAG(s) 'example_branch_python_operator_decorator' retrieved from /home/airflow/.local/lib/python3.8/site-packages/airflow/example_dags/example_branch_operator_decorator.py
[2024-02-16T16:29:52.996+0000] {logging_mixin.py:188} INFO - [2024-02-16T16:29:52.996+0000] {dag.py:3036} INFO - Sync 1 DAGs
[2024-02-16T16:29:53.014+0000] {logging_mixin.py:188} INFO - [2024-02-16T16:29:53.014+0000] {dag.py:3823} INFO - Setting next_dagrun for example_branch_python_operator_decorator to 2024-02-15 00:00:00+00:00, run_after=2024-02-16 00:00:00+00:00
[2024-02-16T16:29:53.029+0000] {processor.py:183} INFO - Processing /home/airflow/.local/lib/python3.8/site-packages/airflow/example_dags/example_branch_operator_decorator.py took 0.078 seconds
[2024-02-16T16:30:23.964+0000] {processor.py:161} INFO - Started process (PID=1155) to work on /home/airflow/.local/lib/python3.8/site-packages/airflow/example_dags/example_branch_operator_decorator.py
[2024-02-16T16:30:23.964+0000] {processor.py:830} INFO - Processing file /home/airflow/.local/lib/python3.8/site-packages/airflow/example_dags/example_branch_operator_decorator.py for tasks to queue
[2024-02-16T16:30:23.965+0000] {logging_mixin.py:188} INFO - [2024-02-16T16:30:23.965+0000] {dagbag.py:538} INFO - Filling up the DagBag from /home/airflow/.local/lib/python3.8/site-packages/airflow/example_dags/example_branch_operator_decorator.py
[2024-02-16T16:30:23.980+0000] {processor.py:840} INFO - DAG(s) 'example_branch_python_operator_decorator' retrieved from /home/airflow/.local/lib/python3.8/site-packages/airflow/example_dags/example_branch_operator_decorator.py
[2024-02-16T16:30:23.999+0000] {logging_mixin.py:188} INFO - [2024-02-16T16:30:23.999+0000] {dag.py:3036} INFO - Sync 1 DAGs
[2024-02-16T16:30:24.014+0000] {logging_mixin.py:188} INFO - [2024-02-16T16:30:24.014+0000] {dag.py:3823} INFO - Setting next_dagrun for example_branch_python_operator_decorator to 2024-02-15 00:00:00+00:00, run_after=2024-02-16 00:00:00+00:00
[2024-02-16T16:30:24.026+0000] {processor.py:183} INFO - Processing /home/airflow/.local/lib/python3.8/site-packages/airflow/example_dags/example_branch_operator_decorator.py took 0.064 seconds
[2024-02-16T16:31:26.704+0000] {processor.py:161} INFO - Started process (PID=55) to work on /home/airflow/.local/lib/python3.8/site-packages/airflow/example_dags/example_branch_operator_decorator.py
[2024-02-16T16:31:26.705+0000] {processor.py:830} INFO - Processing file /home/airflow/.local/lib/python3.8/site-packages/airflow/example_dags/example_branch_operator_decorator.py for tasks to queue
[2024-02-16T16:31:26.706+0000] {logging_mixin.py:188} INFO - [2024-02-16T16:31:26.706+0000] {dagbag.py:538} INFO - Filling up the DagBag from /home/airflow/.local/lib/python3.8/site-packages/airflow/example_dags/example_branch_operator_decorator.py
[2024-02-16T16:31:26.724+0000] {processor.py:840} INFO - DAG(s) 'example_branch_python_operator_decorator' retrieved from /home/airflow/.local/lib/python3.8/site-packages/airflow/example_dags/example_branch_operator_decorator.py
[2024-02-16T16:31:26.732+0000] {logging_mixin.py:188} INFO - [2024-02-16T16:31:26.731+0000] {dag.py:3036} INFO - Sync 1 DAGs
[2024-02-16T16:31:26.751+0000] {logging_mixin.py:188} INFO - [2024-02-16T16:31:26.751+0000] {dag.py:3823} INFO - Setting next_dagrun for example_branch_python_operator_decorator to 2024-02-15 00:00:00+00:00, run_after=2024-02-16 00:00:00+00:00
[2024-02-16T16:31:26.767+0000] {processor.py:183} INFO - Processing /home/airflow/.local/lib/python3.8/site-packages/airflow/example_dags/example_branch_operator_decorator.py took 0.064 seconds
[2024-02-16T16:31:57.815+0000] {processor.py:161} INFO - Started process (PID=111) to work on /home/airflow/.local/lib/python3.8/site-packages/airflow/example_dags/example_branch_operator_decorator.py
[2024-02-16T16:31:57.816+0000] {processor.py:830} INFO - Processing file /home/airflow/.local/lib/python3.8/site-packages/airflow/example_dags/example_branch_operator_decorator.py for tasks to queue
[2024-02-16T16:31:57.817+0000] {logging_mixin.py:188} INFO - [2024-02-16T16:31:57.817+0000] {dagbag.py:538} INFO - Filling up the DagBag from /home/airflow/.local/lib/python3.8/site-packages/airflow/example_dags/example_branch_operator_decorator.py
[2024-02-16T16:31:57.833+0000] {processor.py:840} INFO - DAG(s) 'example_branch_python_operator_decorator' retrieved from /home/airflow/.local/lib/python3.8/site-packages/airflow/example_dags/example_branch_operator_decorator.py
[2024-02-16T16:31:57.912+0000] {logging_mixin.py:188} INFO - [2024-02-16T16:31:57.912+0000] {dag.py:3036} INFO - Sync 1 DAGs
[2024-02-16T16:31:57.927+0000] {logging_mixin.py:188} INFO - [2024-02-16T16:31:57.927+0000] {dag.py:3823} INFO - Setting next_dagrun for example_branch_python_operator_decorator to 2024-02-15 00:00:00+00:00, run_after=2024-02-16 00:00:00+00:00
[2024-02-16T16:31:57.941+0000] {processor.py:183} INFO - Processing /home/airflow/.local/lib/python3.8/site-packages/airflow/example_dags/example_branch_operator_decorator.py took 0.127 seconds
[2024-02-16T16:32:28.646+0000] {processor.py:161} INFO - Started process (PID=167) to work on /home/airflow/.local/lib/python3.8/site-packages/airflow/example_dags/example_branch_operator_decorator.py
[2024-02-16T16:32:28.646+0000] {processor.py:830} INFO - Processing file /home/airflow/.local/lib/python3.8/site-packages/airflow/example_dags/example_branch_operator_decorator.py for tasks to queue
[2024-02-16T16:32:28.647+0000] {logging_mixin.py:188} INFO - [2024-02-16T16:32:28.647+0000] {dagbag.py:538} INFO - Filling up the DagBag from /home/airflow/.local/lib/python3.8/site-packages/airflow/example_dags/example_branch_operator_decorator.py
[2024-02-16T16:32:28.663+0000] {processor.py:840} INFO - DAG(s) 'example_branch_python_operator_decorator' retrieved from /home/airflow/.local/lib/python3.8/site-packages/airflow/example_dags/example_branch_operator_decorator.py
[2024-02-16T16:32:28.682+0000] {logging_mixin.py:188} INFO - [2024-02-16T16:32:28.682+0000] {dag.py:3036} INFO - Sync 1 DAGs
[2024-02-16T16:32:28.698+0000] {logging_mixin.py:188} INFO - [2024-02-16T16:32:28.698+0000] {dag.py:3823} INFO - Setting next_dagrun for example_branch_python_operator_decorator to 2024-02-15 00:00:00+00:00, run_after=2024-02-16 00:00:00+00:00
[2024-02-16T16:32:28.711+0000] {processor.py:183} INFO - Processing /home/airflow/.local/lib/python3.8/site-packages/airflow/example_dags/example_branch_operator_decorator.py took 0.067 seconds
[2024-02-16T16:32:58.781+0000] {processor.py:161} INFO - Started process (PID=223) to work on /home/airflow/.local/lib/python3.8/site-packages/airflow/example_dags/example_branch_operator_decorator.py
[2024-02-16T16:32:58.781+0000] {processor.py:830} INFO - Processing file /home/airflow/.local/lib/python3.8/site-packages/airflow/example_dags/example_branch_operator_decorator.py for tasks to queue
[2024-02-16T16:32:58.782+0000] {logging_mixin.py:188} INFO - [2024-02-16T16:32:58.782+0000] {dagbag.py:538} INFO - Filling up the DagBag from /home/airflow/.local/lib/python3.8/site-packages/airflow/example_dags/example_branch_operator_decorator.py
[2024-02-16T16:32:58.798+0000] {processor.py:840} INFO - DAG(s) 'example_branch_python_operator_decorator' retrieved from /home/airflow/.local/lib/python3.8/site-packages/airflow/example_dags/example_branch_operator_decorator.py
[2024-02-16T16:32:58.817+0000] {logging_mixin.py:188} INFO - [2024-02-16T16:32:58.817+0000] {dag.py:3036} INFO - Sync 1 DAGs
[2024-02-16T16:32:58.834+0000] {logging_mixin.py:188} INFO - [2024-02-16T16:32:58.834+0000] {dag.py:3823} INFO - Setting next_dagrun for example_branch_python_operator_decorator to 2024-02-15 00:00:00+00:00, run_after=2024-02-16 00:00:00+00:00
[2024-02-16T16:32:58.847+0000] {processor.py:183} INFO - Processing /home/airflow/.local/lib/python3.8/site-packages/airflow/example_dags/example_branch_operator_decorator.py took 0.068 seconds
[2024-02-16T16:33:29.112+0000] {processor.py:161} INFO - Started process (PID=279) to work on /home/airflow/.local/lib/python3.8/site-packages/airflow/example_dags/example_branch_operator_decorator.py
[2024-02-16T16:33:29.112+0000] {processor.py:830} INFO - Processing file /home/airflow/.local/lib/python3.8/site-packages/airflow/example_dags/example_branch_operator_decorator.py for tasks to queue
[2024-02-16T16:33:29.113+0000] {logging_mixin.py:188} INFO - [2024-02-16T16:33:29.113+0000] {dagbag.py:538} INFO - Filling up the DagBag from /home/airflow/.local/lib/python3.8/site-packages/airflow/example_dags/example_branch_operator_decorator.py
[2024-02-16T16:33:29.129+0000] {processor.py:840} INFO - DAG(s) 'example_branch_python_operator_decorator' retrieved from /home/airflow/.local/lib/python3.8/site-packages/airflow/example_dags/example_branch_operator_decorator.py
[2024-02-16T16:33:29.148+0000] {logging_mixin.py:188} INFO - [2024-02-16T16:33:29.148+0000] {dag.py:3036} INFO - Sync 1 DAGs
[2024-02-16T16:33:29.164+0000] {logging_mixin.py:188} INFO - [2024-02-16T16:33:29.164+0000] {dag.py:3823} INFO - Setting next_dagrun for example_branch_python_operator_decorator to 2024-02-15 00:00:00+00:00, run_after=2024-02-16 00:00:00+00:00
[2024-02-16T16:33:29.177+0000] {processor.py:183} INFO - Processing /home/airflow/.local/lib/python3.8/site-packages/airflow/example_dags/example_branch_operator_decorator.py took 0.067 seconds
[2024-02-16T16:33:59.254+0000] {processor.py:161} INFO - Started process (PID=335) to work on /home/airflow/.local/lib/python3.8/site-packages/airflow/example_dags/example_branch_operator_decorator.py
[2024-02-16T16:33:59.255+0000] {processor.py:830} INFO - Processing file /home/airflow/.local/lib/python3.8/site-packages/airflow/example_dags/example_branch_operator_decorator.py for tasks to queue
[2024-02-16T16:33:59.256+0000] {logging_mixin.py:188} INFO - [2024-02-16T16:33:59.256+0000] {dagbag.py:538} INFO - Filling up the DagBag from /home/airflow/.local/lib/python3.8/site-packages/airflow/example_dags/example_branch_operator_decorator.py
[2024-02-16T16:33:59.271+0000] {processor.py:840} INFO - DAG(s) 'example_branch_python_operator_decorator' retrieved from /home/airflow/.local/lib/python3.8/site-packages/airflow/example_dags/example_branch_operator_decorator.py
[2024-02-16T16:33:59.293+0000] {logging_mixin.py:188} INFO - [2024-02-16T16:33:59.293+0000] {dag.py:3036} INFO - Sync 1 DAGs
[2024-02-16T16:33:59.309+0000] {logging_mixin.py:188} INFO - [2024-02-16T16:33:59.309+0000] {dag.py:3823} INFO - Setting next_dagrun for example_branch_python_operator_decorator to 2024-02-15 00:00:00+00:00, run_after=2024-02-16 00:00:00+00:00
[2024-02-16T16:33:59.322+0000] {processor.py:183} INFO - Processing /home/airflow/.local/lib/python3.8/site-packages/airflow/example_dags/example_branch_operator_decorator.py took 0.070 seconds
[2024-02-16T16:34:29.519+0000] {processor.py:161} INFO - Started process (PID=391) to work on /home/airflow/.local/lib/python3.8/site-packages/airflow/example_dags/example_branch_operator_decorator.py
[2024-02-16T16:34:29.520+0000] {processor.py:830} INFO - Processing file /home/airflow/.local/lib/python3.8/site-packages/airflow/example_dags/example_branch_operator_decorator.py for tasks to queue
[2024-02-16T16:34:29.521+0000] {logging_mixin.py:188} INFO - [2024-02-16T16:34:29.521+0000] {dagbag.py:538} INFO - Filling up the DagBag from /home/airflow/.local/lib/python3.8/site-packages/airflow/example_dags/example_branch_operator_decorator.py
[2024-02-16T16:34:29.536+0000] {processor.py:840} INFO - DAG(s) 'example_branch_python_operator_decorator' retrieved from /home/airflow/.local/lib/python3.8/site-packages/airflow/example_dags/example_branch_operator_decorator.py
[2024-02-16T16:34:29.557+0000] {logging_mixin.py:188} INFO - [2024-02-16T16:34:29.556+0000] {dag.py:3036} INFO - Sync 1 DAGs
[2024-02-16T16:34:29.575+0000] {logging_mixin.py:188} INFO - [2024-02-16T16:34:29.574+0000] {dag.py:3823} INFO - Setting next_dagrun for example_branch_python_operator_decorator to 2024-02-15 00:00:00+00:00, run_after=2024-02-16 00:00:00+00:00
[2024-02-16T16:34:29.588+0000] {processor.py:183} INFO - Processing /home/airflow/.local/lib/python3.8/site-packages/airflow/example_dags/example_branch_operator_decorator.py took 0.071 seconds
[2024-02-16T16:34:59.796+0000] {processor.py:161} INFO - Started process (PID=447) to work on /home/airflow/.local/lib/python3.8/site-packages/airflow/example_dags/example_branch_operator_decorator.py
[2024-02-16T16:34:59.797+0000] {processor.py:830} INFO - Processing file /home/airflow/.local/lib/python3.8/site-packages/airflow/example_dags/example_branch_operator_decorator.py for tasks to queue
[2024-02-16T16:34:59.798+0000] {logging_mixin.py:188} INFO - [2024-02-16T16:34:59.798+0000] {dagbag.py:538} INFO - Filling up the DagBag from /home/airflow/.local/lib/python3.8/site-packages/airflow/example_dags/example_branch_operator_decorator.py
[2024-02-16T16:34:59.813+0000] {processor.py:840} INFO - DAG(s) 'example_branch_python_operator_decorator' retrieved from /home/airflow/.local/lib/python3.8/site-packages/airflow/example_dags/example_branch_operator_decorator.py
[2024-02-16T16:34:59.832+0000] {logging_mixin.py:188} INFO - [2024-02-16T16:34:59.832+0000] {dag.py:3036} INFO - Sync 1 DAGs
[2024-02-16T16:34:59.848+0000] {logging_mixin.py:188} INFO - [2024-02-16T16:34:59.848+0000] {dag.py:3823} INFO - Setting next_dagrun for example_branch_python_operator_decorator to 2024-02-15 00:00:00+00:00, run_after=2024-02-16 00:00:00+00:00
[2024-02-16T16:34:59.861+0000] {processor.py:183} INFO - Processing /home/airflow/.local/lib/python3.8/site-packages/airflow/example_dags/example_branch_operator_decorator.py took 0.066 seconds
[2024-02-16T16:35:29.999+0000] {processor.py:161} INFO - Started process (PID=503) to work on /home/airflow/.local/lib/python3.8/site-packages/airflow/example_dags/example_branch_operator_decorator.py
[2024-02-16T16:35:29.999+0000] {processor.py:830} INFO - Processing file /home/airflow/.local/lib/python3.8/site-packages/airflow/example_dags/example_branch_operator_decorator.py for tasks to queue
[2024-02-16T16:35:30.001+0000] {logging_mixin.py:188} INFO - [2024-02-16T16:35:30.001+0000] {dagbag.py:538} INFO - Filling up the DagBag from /home/airflow/.local/lib/python3.8/site-packages/airflow/example_dags/example_branch_operator_decorator.py
[2024-02-16T16:35:30.017+0000] {processor.py:840} INFO - DAG(s) 'example_branch_python_operator_decorator' retrieved from /home/airflow/.local/lib/python3.8/site-packages/airflow/example_dags/example_branch_operator_decorator.py
[2024-02-16T16:35:30.039+0000] {logging_mixin.py:188} INFO - [2024-02-16T16:35:30.039+0000] {dag.py:3036} INFO - Sync 1 DAGs
[2024-02-16T16:35:30.059+0000] {logging_mixin.py:188} INFO - [2024-02-16T16:35:30.059+0000] {dag.py:3823} INFO - Setting next_dagrun for example_branch_python_operator_decorator to 2024-02-15 00:00:00+00:00, run_after=2024-02-16 00:00:00+00:00
[2024-02-16T16:35:30.076+0000] {processor.py:183} INFO - Processing /home/airflow/.local/lib/python3.8/site-packages/airflow/example_dags/example_branch_operator_decorator.py took 0.079 seconds
[2024-02-16T16:36:00.317+0000] {processor.py:161} INFO - Started process (PID=559) to work on /home/airflow/.local/lib/python3.8/site-packages/airflow/example_dags/example_branch_operator_decorator.py
[2024-02-16T16:36:00.318+0000] {processor.py:830} INFO - Processing file /home/airflow/.local/lib/python3.8/site-packages/airflow/example_dags/example_branch_operator_decorator.py for tasks to queue
[2024-02-16T16:36:00.319+0000] {logging_mixin.py:188} INFO - [2024-02-16T16:36:00.319+0000] {dagbag.py:538} INFO - Filling up the DagBag from /home/airflow/.local/lib/python3.8/site-packages/airflow/example_dags/example_branch_operator_decorator.py
[2024-02-16T16:36:00.336+0000] {processor.py:840} INFO - DAG(s) 'example_branch_python_operator_decorator' retrieved from /home/airflow/.local/lib/python3.8/site-packages/airflow/example_dags/example_branch_operator_decorator.py
[2024-02-16T16:36:00.358+0000] {logging_mixin.py:188} INFO - [2024-02-16T16:36:00.358+0000] {dag.py:3036} INFO - Sync 1 DAGs
[2024-02-16T16:36:00.377+0000] {logging_mixin.py:188} INFO - [2024-02-16T16:36:00.377+0000] {dag.py:3823} INFO - Setting next_dagrun for example_branch_python_operator_decorator to 2024-02-15 00:00:00+00:00, run_after=2024-02-16 00:00:00+00:00
[2024-02-16T16:36:00.393+0000] {processor.py:183} INFO - Processing /home/airflow/.local/lib/python3.8/site-packages/airflow/example_dags/example_branch_operator_decorator.py took 0.077 seconds
[2024-02-16T16:36:31.292+0000] {processor.py:161} INFO - Started process (PID=615) to work on /home/airflow/.local/lib/python3.8/site-packages/airflow/example_dags/example_branch_operator_decorator.py
[2024-02-16T16:36:31.293+0000] {processor.py:830} INFO - Processing file /home/airflow/.local/lib/python3.8/site-packages/airflow/example_dags/example_branch_operator_decorator.py for tasks to queue
[2024-02-16T16:36:31.294+0000] {logging_mixin.py:188} INFO - [2024-02-16T16:36:31.294+0000] {dagbag.py:538} INFO - Filling up the DagBag from /home/airflow/.local/lib/python3.8/site-packages/airflow/example_dags/example_branch_operator_decorator.py
[2024-02-16T16:36:31.317+0000] {processor.py:840} INFO - DAG(s) 'example_branch_python_operator_decorator' retrieved from /home/airflow/.local/lib/python3.8/site-packages/airflow/example_dags/example_branch_operator_decorator.py
[2024-02-16T16:36:31.338+0000] {logging_mixin.py:188} INFO - [2024-02-16T16:36:31.338+0000] {dag.py:3036} INFO - Sync 1 DAGs
[2024-02-16T16:36:31.355+0000] {logging_mixin.py:188} INFO - [2024-02-16T16:36:31.355+0000] {dag.py:3823} INFO - Setting next_dagrun for example_branch_python_operator_decorator to 2024-02-15 00:00:00+00:00, run_after=2024-02-16 00:00:00+00:00
[2024-02-16T16:36:31.369+0000] {processor.py:183} INFO - Processing /home/airflow/.local/lib/python3.8/site-packages/airflow/example_dags/example_branch_operator_decorator.py took 0.080 seconds
[2024-02-16T16:37:01.676+0000] {processor.py:161} INFO - Started process (PID=672) to work on /home/airflow/.local/lib/python3.8/site-packages/airflow/example_dags/example_branch_operator_decorator.py
[2024-02-16T16:37:01.676+0000] {processor.py:830} INFO - Processing file /home/airflow/.local/lib/python3.8/site-packages/airflow/example_dags/example_branch_operator_decorator.py for tasks to queue
[2024-02-16T16:37:01.678+0000] {logging_mixin.py:188} INFO - [2024-02-16T16:37:01.678+0000] {dagbag.py:538} INFO - Filling up the DagBag from /home/airflow/.local/lib/python3.8/site-packages/airflow/example_dags/example_branch_operator_decorator.py
[2024-02-16T16:37:01.699+0000] {processor.py:840} INFO - DAG(s) 'example_branch_python_operator_decorator' retrieved from /home/airflow/.local/lib/python3.8/site-packages/airflow/example_dags/example_branch_operator_decorator.py
[2024-02-16T16:37:01.725+0000] {logging_mixin.py:188} INFO - [2024-02-16T16:37:01.725+0000] {dag.py:3036} INFO - Sync 1 DAGs
[2024-02-16T16:37:01.743+0000] {logging_mixin.py:188} INFO - [2024-02-16T16:37:01.743+0000] {dag.py:3823} INFO - Setting next_dagrun for example_branch_python_operator_decorator to 2024-02-15 00:00:00+00:00, run_after=2024-02-16 00:00:00+00:00
[2024-02-16T16:37:01.757+0000] {processor.py:183} INFO - Processing /home/airflow/.local/lib/python3.8/site-packages/airflow/example_dags/example_branch_operator_decorator.py took 0.083 seconds
[2024-02-16T16:37:31.985+0000] {processor.py:161} INFO - Started process (PID=729) to work on /home/airflow/.local/lib/python3.8/site-packages/airflow/example_dags/example_branch_operator_decorator.py
[2024-02-16T16:37:31.986+0000] {processor.py:830} INFO - Processing file /home/airflow/.local/lib/python3.8/site-packages/airflow/example_dags/example_branch_operator_decorator.py for tasks to queue
[2024-02-16T16:37:31.988+0000] {logging_mixin.py:188} INFO - [2024-02-16T16:37:31.987+0000] {dagbag.py:538} INFO - Filling up the DagBag from /home/airflow/.local/lib/python3.8/site-packages/airflow/example_dags/example_branch_operator_decorator.py
[2024-02-16T16:37:32.005+0000] {processor.py:840} INFO - DAG(s) 'example_branch_python_operator_decorator' retrieved from /home/airflow/.local/lib/python3.8/site-packages/airflow/example_dags/example_branch_operator_decorator.py
[2024-02-16T16:37:32.026+0000] {logging_mixin.py:188} INFO - [2024-02-16T16:37:32.026+0000] {dag.py:3036} INFO - Sync 1 DAGs
[2024-02-16T16:37:32.045+0000] {logging_mixin.py:188} INFO - [2024-02-16T16:37:32.045+0000] {dag.py:3823} INFO - Setting next_dagrun for example_branch_python_operator_decorator to 2024-02-15 00:00:00+00:00, run_after=2024-02-16 00:00:00+00:00
[2024-02-16T16:37:32.060+0000] {processor.py:183} INFO - Processing /home/airflow/.local/lib/python3.8/site-packages/airflow/example_dags/example_branch_operator_decorator.py took 0.076 seconds
[2024-02-16T16:39:16.335+0000] {processor.py:161} INFO - Started process (PID=56) to work on /home/airflow/.local/lib/python3.8/site-packages/airflow/example_dags/example_branch_operator_decorator.py
[2024-02-16T16:39:16.336+0000] {processor.py:830} INFO - Processing file /home/airflow/.local/lib/python3.8/site-packages/airflow/example_dags/example_branch_operator_decorator.py for tasks to queue
[2024-02-16T16:39:16.338+0000] {logging_mixin.py:188} INFO - [2024-02-16T16:39:16.338+0000] {dagbag.py:538} INFO - Filling up the DagBag from /home/airflow/.local/lib/python3.8/site-packages/airflow/example_dags/example_branch_operator_decorator.py
[2024-02-16T16:39:16.359+0000] {processor.py:840} INFO - DAG(s) 'example_branch_python_operator_decorator' retrieved from /home/airflow/.local/lib/python3.8/site-packages/airflow/example_dags/example_branch_operator_decorator.py
[2024-02-16T16:39:16.368+0000] {logging_mixin.py:188} INFO - [2024-02-16T16:39:16.368+0000] {dag.py:3036} INFO - Sync 1 DAGs
[2024-02-16T16:39:16.387+0000] {logging_mixin.py:188} INFO - [2024-02-16T16:39:16.387+0000] {dag.py:3823} INFO - Setting next_dagrun for example_branch_python_operator_decorator to 2024-02-15 00:00:00+00:00, run_after=2024-02-16 00:00:00+00:00
[2024-02-16T16:39:16.404+0000] {processor.py:183} INFO - Processing /home/airflow/.local/lib/python3.8/site-packages/airflow/example_dags/example_branch_operator_decorator.py took 0.072 seconds
[2024-02-16T16:39:46.859+0000] {processor.py:161} INFO - Started process (PID=113) to work on /home/airflow/.local/lib/python3.8/site-packages/airflow/example_dags/example_branch_operator_decorator.py
[2024-02-16T16:39:46.859+0000] {processor.py:830} INFO - Processing file /home/airflow/.local/lib/python3.8/site-packages/airflow/example_dags/example_branch_operator_decorator.py for tasks to queue
[2024-02-16T16:39:46.860+0000] {logging_mixin.py:188} INFO - [2024-02-16T16:39:46.860+0000] {dagbag.py:538} INFO - Filling up the DagBag from /home/airflow/.local/lib/python3.8/site-packages/airflow/example_dags/example_branch_operator_decorator.py
[2024-02-16T16:39:46.876+0000] {processor.py:840} INFO - DAG(s) 'example_branch_python_operator_decorator' retrieved from /home/airflow/.local/lib/python3.8/site-packages/airflow/example_dags/example_branch_operator_decorator.py
[2024-02-16T16:39:46.968+0000] {logging_mixin.py:188} INFO - [2024-02-16T16:39:46.968+0000] {dag.py:3036} INFO - Sync 1 DAGs
[2024-02-16T16:39:46.985+0000] {logging_mixin.py:188} INFO - [2024-02-16T16:39:46.985+0000] {dag.py:3823} INFO - Setting next_dagrun for example_branch_python_operator_decorator to 2024-02-15 00:00:00+00:00, run_after=2024-02-16 00:00:00+00:00
[2024-02-16T16:39:47.002+0000] {processor.py:183} INFO - Processing /home/airflow/.local/lib/python3.8/site-packages/airflow/example_dags/example_branch_operator_decorator.py took 0.146 seconds
[2024-02-16T16:40:17.062+0000] {processor.py:161} INFO - Started process (PID=170) to work on /home/airflow/.local/lib/python3.8/site-packages/airflow/example_dags/example_branch_operator_decorator.py
[2024-02-16T16:40:17.063+0000] {processor.py:830} INFO - Processing file /home/airflow/.local/lib/python3.8/site-packages/airflow/example_dags/example_branch_operator_decorator.py for tasks to queue
[2024-02-16T16:40:17.064+0000] {logging_mixin.py:188} INFO - [2024-02-16T16:40:17.064+0000] {dagbag.py:538} INFO - Filling up the DagBag from /home/airflow/.local/lib/python3.8/site-packages/airflow/example_dags/example_branch_operator_decorator.py
[2024-02-16T16:40:17.079+0000] {processor.py:840} INFO - DAG(s) 'example_branch_python_operator_decorator' retrieved from /home/airflow/.local/lib/python3.8/site-packages/airflow/example_dags/example_branch_operator_decorator.py
[2024-02-16T16:40:17.099+0000] {logging_mixin.py:188} INFO - [2024-02-16T16:40:17.099+0000] {dag.py:3036} INFO - Sync 1 DAGs
[2024-02-16T16:40:17.116+0000] {logging_mixin.py:188} INFO - [2024-02-16T16:40:17.115+0000] {dag.py:3823} INFO - Setting next_dagrun for example_branch_python_operator_decorator to 2024-02-15 00:00:00+00:00, run_after=2024-02-16 00:00:00+00:00
[2024-02-16T16:40:17.128+0000] {processor.py:183} INFO - Processing /home/airflow/.local/lib/python3.8/site-packages/airflow/example_dags/example_branch_operator_decorator.py took 0.067 seconds
[2024-02-16T16:40:47.480+0000] {processor.py:161} INFO - Started process (PID=227) to work on /home/airflow/.local/lib/python3.8/site-packages/airflow/example_dags/example_branch_operator_decorator.py
[2024-02-16T16:40:47.480+0000] {processor.py:830} INFO - Processing file /home/airflow/.local/lib/python3.8/site-packages/airflow/example_dags/example_branch_operator_decorator.py for tasks to queue
[2024-02-16T16:40:47.482+0000] {logging_mixin.py:188} INFO - [2024-02-16T16:40:47.481+0000] {dagbag.py:538} INFO - Filling up the DagBag from /home/airflow/.local/lib/python3.8/site-packages/airflow/example_dags/example_branch_operator_decorator.py
[2024-02-16T16:40:47.497+0000] {processor.py:840} INFO - DAG(s) 'example_branch_python_operator_decorator' retrieved from /home/airflow/.local/lib/python3.8/site-packages/airflow/example_dags/example_branch_operator_decorator.py
[2024-02-16T16:40:47.516+0000] {logging_mixin.py:188} INFO - [2024-02-16T16:40:47.516+0000] {dag.py:3036} INFO - Sync 1 DAGs
[2024-02-16T16:40:47.534+0000] {logging_mixin.py:188} INFO - [2024-02-16T16:40:47.534+0000] {dag.py:3823} INFO - Setting next_dagrun for example_branch_python_operator_decorator to 2024-02-15 00:00:00+00:00, run_after=2024-02-16 00:00:00+00:00
[2024-02-16T16:40:47.549+0000] {processor.py:183} INFO - Processing /home/airflow/.local/lib/python3.8/site-packages/airflow/example_dags/example_branch_operator_decorator.py took 0.071 seconds
[2024-02-16T16:41:18.529+0000] {processor.py:161} INFO - Started process (PID=284) to work on /home/airflow/.local/lib/python3.8/site-packages/airflow/example_dags/example_branch_operator_decorator.py
[2024-02-16T16:41:18.530+0000] {processor.py:830} INFO - Processing file /home/airflow/.local/lib/python3.8/site-packages/airflow/example_dags/example_branch_operator_decorator.py for tasks to queue
[2024-02-16T16:41:18.531+0000] {logging_mixin.py:188} INFO - [2024-02-16T16:41:18.531+0000] {dagbag.py:538} INFO - Filling up the DagBag from /home/airflow/.local/lib/python3.8/site-packages/airflow/example_dags/example_branch_operator_decorator.py
[2024-02-16T16:41:18.551+0000] {processor.py:840} INFO - DAG(s) 'example_branch_python_operator_decorator' retrieved from /home/airflow/.local/lib/python3.8/site-packages/airflow/example_dags/example_branch_operator_decorator.py
[2024-02-16T16:41:18.578+0000] {logging_mixin.py:188} INFO - [2024-02-16T16:41:18.578+0000] {dag.py:3036} INFO - Sync 1 DAGs
[2024-02-16T16:41:18.598+0000] {logging_mixin.py:188} INFO - [2024-02-16T16:41:18.598+0000] {dag.py:3823} INFO - Setting next_dagrun for example_branch_python_operator_decorator to 2024-02-15 00:00:00+00:00, run_after=2024-02-16 00:00:00+00:00
[2024-02-16T16:41:18.615+0000] {processor.py:183} INFO - Processing /home/airflow/.local/lib/python3.8/site-packages/airflow/example_dags/example_branch_operator_decorator.py took 0.088 seconds
[2024-02-16T16:41:48.998+0000] {processor.py:161} INFO - Started process (PID=342) to work on /home/airflow/.local/lib/python3.8/site-packages/airflow/example_dags/example_branch_operator_decorator.py
[2024-02-16T16:41:48.999+0000] {processor.py:830} INFO - Processing file /home/airflow/.local/lib/python3.8/site-packages/airflow/example_dags/example_branch_operator_decorator.py for tasks to queue
[2024-02-16T16:41:49.000+0000] {logging_mixin.py:188} INFO - [2024-02-16T16:41:49.000+0000] {dagbag.py:538} INFO - Filling up the DagBag from /home/airflow/.local/lib/python3.8/site-packages/airflow/example_dags/example_branch_operator_decorator.py
[2024-02-16T16:41:49.016+0000] {processor.py:840} INFO - DAG(s) 'example_branch_python_operator_decorator' retrieved from /home/airflow/.local/lib/python3.8/site-packages/airflow/example_dags/example_branch_operator_decorator.py
[2024-02-16T16:41:49.038+0000] {logging_mixin.py:188} INFO - [2024-02-16T16:41:49.038+0000] {dag.py:3036} INFO - Sync 1 DAGs
[2024-02-16T16:41:49.060+0000] {logging_mixin.py:188} INFO - [2024-02-16T16:41:49.060+0000] {dag.py:3823} INFO - Setting next_dagrun for example_branch_python_operator_decorator to 2024-02-15 00:00:00+00:00, run_after=2024-02-16 00:00:00+00:00
[2024-02-16T16:41:49.083+0000] {processor.py:183} INFO - Processing /home/airflow/.local/lib/python3.8/site-packages/airflow/example_dags/example_branch_operator_decorator.py took 0.087 seconds
[2024-02-16T16:42:19.246+0000] {processor.py:161} INFO - Started process (PID=397) to work on /home/airflow/.local/lib/python3.8/site-packages/airflow/example_dags/example_branch_operator_decorator.py
[2024-02-16T16:42:19.247+0000] {processor.py:830} INFO - Processing file /home/airflow/.local/lib/python3.8/site-packages/airflow/example_dags/example_branch_operator_decorator.py for tasks to queue
[2024-02-16T16:42:19.249+0000] {logging_mixin.py:188} INFO - [2024-02-16T16:42:19.248+0000] {dagbag.py:538} INFO - Filling up the DagBag from /home/airflow/.local/lib/python3.8/site-packages/airflow/example_dags/example_branch_operator_decorator.py
[2024-02-16T16:42:19.265+0000] {processor.py:840} INFO - DAG(s) 'example_branch_python_operator_decorator' retrieved from /home/airflow/.local/lib/python3.8/site-packages/airflow/example_dags/example_branch_operator_decorator.py
[2024-02-16T16:42:19.288+0000] {logging_mixin.py:188} INFO - [2024-02-16T16:42:19.288+0000] {dag.py:3036} INFO - Sync 1 DAGs
[2024-02-16T16:42:19.306+0000] {logging_mixin.py:188} INFO - [2024-02-16T16:42:19.306+0000] {dag.py:3823} INFO - Setting next_dagrun for example_branch_python_operator_decorator to 2024-02-15 00:00:00+00:00, run_after=2024-02-16 00:00:00+00:00
[2024-02-16T16:42:19.322+0000] {processor.py:183} INFO - Processing /home/airflow/.local/lib/python3.8/site-packages/airflow/example_dags/example_branch_operator_decorator.py took 0.078 seconds
[2024-02-16T16:42:49.662+0000] {processor.py:161} INFO - Started process (PID=454) to work on /home/airflow/.local/lib/python3.8/site-packages/airflow/example_dags/example_branch_operator_decorator.py
[2024-02-16T16:42:49.663+0000] {processor.py:830} INFO - Processing file /home/airflow/.local/lib/python3.8/site-packages/airflow/example_dags/example_branch_operator_decorator.py for tasks to queue
[2024-02-16T16:42:49.664+0000] {logging_mixin.py:188} INFO - [2024-02-16T16:42:49.664+0000] {dagbag.py:538} INFO - Filling up the DagBag from /home/airflow/.local/lib/python3.8/site-packages/airflow/example_dags/example_branch_operator_decorator.py
[2024-02-16T16:42:49.681+0000] {processor.py:840} INFO - DAG(s) 'example_branch_python_operator_decorator' retrieved from /home/airflow/.local/lib/python3.8/site-packages/airflow/example_dags/example_branch_operator_decorator.py
[2024-02-16T16:42:49.701+0000] {logging_mixin.py:188} INFO - [2024-02-16T16:42:49.701+0000] {dag.py:3036} INFO - Sync 1 DAGs
[2024-02-16T16:42:49.720+0000] {logging_mixin.py:188} INFO - [2024-02-16T16:42:49.719+0000] {dag.py:3823} INFO - Setting next_dagrun for example_branch_python_operator_decorator to 2024-02-15 00:00:00+00:00, run_after=2024-02-16 00:00:00+00:00
[2024-02-16T16:42:49.741+0000] {processor.py:183} INFO - Processing /home/airflow/.local/lib/python3.8/site-packages/airflow/example_dags/example_branch_operator_decorator.py took 0.081 seconds
[2024-02-16T16:43:20.041+0000] {processor.py:161} INFO - Started process (PID=511) to work on /home/airflow/.local/lib/python3.8/site-packages/airflow/example_dags/example_branch_operator_decorator.py
[2024-02-16T16:43:20.042+0000] {processor.py:830} INFO - Processing file /home/airflow/.local/lib/python3.8/site-packages/airflow/example_dags/example_branch_operator_decorator.py for tasks to queue
[2024-02-16T16:43:20.043+0000] {logging_mixin.py:188} INFO - [2024-02-16T16:43:20.043+0000] {dagbag.py:538} INFO - Filling up the DagBag from /home/airflow/.local/lib/python3.8/site-packages/airflow/example_dags/example_branch_operator_decorator.py
[2024-02-16T16:43:20.060+0000] {processor.py:840} INFO - DAG(s) 'example_branch_python_operator_decorator' retrieved from /home/airflow/.local/lib/python3.8/site-packages/airflow/example_dags/example_branch_operator_decorator.py
[2024-02-16T16:43:20.088+0000] {logging_mixin.py:188} INFO - [2024-02-16T16:43:20.087+0000] {dag.py:3036} INFO - Sync 1 DAGs
[2024-02-16T16:43:20.108+0000] {logging_mixin.py:188} INFO - [2024-02-16T16:43:20.108+0000] {dag.py:3823} INFO - Setting next_dagrun for example_branch_python_operator_decorator to 2024-02-15 00:00:00+00:00, run_after=2024-02-16 00:00:00+00:00
[2024-02-16T16:43:20.123+0000] {processor.py:183} INFO - Processing /home/airflow/.local/lib/python3.8/site-packages/airflow/example_dags/example_branch_operator_decorator.py took 0.084 seconds
[2024-02-16T16:43:50.473+0000] {processor.py:161} INFO - Started process (PID=568) to work on /home/airflow/.local/lib/python3.8/site-packages/airflow/example_dags/example_branch_operator_decorator.py
[2024-02-16T16:43:50.474+0000] {processor.py:830} INFO - Processing file /home/airflow/.local/lib/python3.8/site-packages/airflow/example_dags/example_branch_operator_decorator.py for tasks to queue
[2024-02-16T16:43:50.475+0000] {logging_mixin.py:188} INFO - [2024-02-16T16:43:50.475+0000] {dagbag.py:538} INFO - Filling up the DagBag from /home/airflow/.local/lib/python3.8/site-packages/airflow/example_dags/example_branch_operator_decorator.py
[2024-02-16T16:43:50.491+0000] {processor.py:840} INFO - DAG(s) 'example_branch_python_operator_decorator' retrieved from /home/airflow/.local/lib/python3.8/site-packages/airflow/example_dags/example_branch_operator_decorator.py
[2024-02-16T16:43:50.512+0000] {logging_mixin.py:188} INFO - [2024-02-16T16:43:50.512+0000] {dag.py:3036} INFO - Sync 1 DAGs
[2024-02-16T16:43:50.530+0000] {logging_mixin.py:188} INFO - [2024-02-16T16:43:50.530+0000] {dag.py:3823} INFO - Setting next_dagrun for example_branch_python_operator_decorator to 2024-02-15 00:00:00+00:00, run_after=2024-02-16 00:00:00+00:00
[2024-02-16T16:43:50.547+0000] {processor.py:183} INFO - Processing /home/airflow/.local/lib/python3.8/site-packages/airflow/example_dags/example_branch_operator_decorator.py took 0.076 seconds
