[2024-02-16T16:20:18.335+0000] {processor.py:161} INFO - Started process (PID=70) to work on /home/airflow/.local/lib/python3.8/site-packages/airflow/example_dags/example_task_group.py
[2024-02-16T16:20:18.335+0000] {processor.py:830} INFO - Processing file /home/airflow/.local/lib/python3.8/site-packages/airflow/example_dags/example_task_group.py for tasks to queue
[2024-02-16T16:20:18.337+0000] {logging_mixin.py:188} INFO - [2024-02-16T16:20:18.336+0000] {dagbag.py:538} INFO - Filling up the DagBag from /home/airflow/.local/lib/python3.8/site-packages/airflow/example_dags/example_task_group.py
[2024-02-16T16:20:18.345+0000] {processor.py:840} INFO - DAG(s) 'example_task_group' retrieved from /home/airflow/.local/lib/python3.8/site-packages/airflow/example_dags/example_task_group.py
[2024-02-16T16:20:18.356+0000] {logging_mixin.py:188} INFO - [2024-02-16T16:20:18.356+0000] {dag.py:3036} INFO - Sync 1 DAGs
[2024-02-16T16:20:18.375+0000] {logging_mixin.py:188} INFO - [2024-02-16T16:20:18.375+0000] {dag.py:3823} INFO - Setting next_dagrun for example_task_group to 2024-02-15 00:00:00+00:00, run_after=2024-02-16 00:00:00+00:00
[2024-02-16T16:20:18.395+0000] {processor.py:183} INFO - Processing /home/airflow/.local/lib/python3.8/site-packages/airflow/example_dags/example_task_group.py took 0.062 seconds
[2024-02-16T16:20:49.084+0000] {processor.py:161} INFO - Started process (PID=125) to work on /home/airflow/.local/lib/python3.8/site-packages/airflow/example_dags/example_task_group.py
[2024-02-16T16:20:49.085+0000] {processor.py:830} INFO - Processing file /home/airflow/.local/lib/python3.8/site-packages/airflow/example_dags/example_task_group.py for tasks to queue
[2024-02-16T16:20:49.087+0000] {logging_mixin.py:188} INFO - [2024-02-16T16:20:49.086+0000] {dagbag.py:538} INFO - Filling up the DagBag from /home/airflow/.local/lib/python3.8/site-packages/airflow/example_dags/example_task_group.py
[2024-02-16T16:20:49.091+0000] {processor.py:840} INFO - DAG(s) 'example_task_group' retrieved from /home/airflow/.local/lib/python3.8/site-packages/airflow/example_dags/example_task_group.py
[2024-02-16T16:20:49.165+0000] {logging_mixin.py:188} INFO - [2024-02-16T16:20:49.164+0000] {dag.py:3036} INFO - Sync 1 DAGs
[2024-02-16T16:20:49.180+0000] {logging_mixin.py:188} INFO - [2024-02-16T16:20:49.180+0000] {dag.py:3823} INFO - Setting next_dagrun for example_task_group to 2024-02-15 00:00:00+00:00, run_after=2024-02-16 00:00:00+00:00
[2024-02-16T16:20:49.195+0000] {processor.py:183} INFO - Processing /home/airflow/.local/lib/python3.8/site-packages/airflow/example_dags/example_task_group.py took 0.112 seconds
[2024-02-16T16:21:20.132+0000] {processor.py:161} INFO - Started process (PID=180) to work on /home/airflow/.local/lib/python3.8/site-packages/airflow/example_dags/example_task_group.py
[2024-02-16T16:21:20.133+0000] {processor.py:830} INFO - Processing file /home/airflow/.local/lib/python3.8/site-packages/airflow/example_dags/example_task_group.py for tasks to queue
[2024-02-16T16:21:20.134+0000] {logging_mixin.py:188} INFO - [2024-02-16T16:21:20.134+0000] {dagbag.py:538} INFO - Filling up the DagBag from /home/airflow/.local/lib/python3.8/site-packages/airflow/example_dags/example_task_group.py
[2024-02-16T16:21:20.138+0000] {processor.py:840} INFO - DAG(s) 'example_task_group' retrieved from /home/airflow/.local/lib/python3.8/site-packages/airflow/example_dags/example_task_group.py
[2024-02-16T16:21:20.154+0000] {logging_mixin.py:188} INFO - [2024-02-16T16:21:20.153+0000] {dag.py:3036} INFO - Sync 1 DAGs
[2024-02-16T16:21:20.169+0000] {logging_mixin.py:188} INFO - [2024-02-16T16:21:20.169+0000] {dag.py:3823} INFO - Setting next_dagrun for example_task_group to 2024-02-15 00:00:00+00:00, run_after=2024-02-16 00:00:00+00:00
[2024-02-16T16:21:20.183+0000] {processor.py:183} INFO - Processing /home/airflow/.local/lib/python3.8/site-packages/airflow/example_dags/example_task_group.py took 0.053 seconds
[2024-02-16T16:21:51.082+0000] {processor.py:161} INFO - Started process (PID=235) to work on /home/airflow/.local/lib/python3.8/site-packages/airflow/example_dags/example_task_group.py
[2024-02-16T16:21:51.082+0000] {processor.py:830} INFO - Processing file /home/airflow/.local/lib/python3.8/site-packages/airflow/example_dags/example_task_group.py for tasks to queue
[2024-02-16T16:21:51.083+0000] {logging_mixin.py:188} INFO - [2024-02-16T16:21:51.083+0000] {dagbag.py:538} INFO - Filling up the DagBag from /home/airflow/.local/lib/python3.8/site-packages/airflow/example_dags/example_task_group.py
[2024-02-16T16:21:51.088+0000] {processor.py:840} INFO - DAG(s) 'example_task_group' retrieved from /home/airflow/.local/lib/python3.8/site-packages/airflow/example_dags/example_task_group.py
[2024-02-16T16:21:51.106+0000] {logging_mixin.py:188} INFO - [2024-02-16T16:21:51.105+0000] {dag.py:3036} INFO - Sync 1 DAGs
[2024-02-16T16:21:51.121+0000] {logging_mixin.py:188} INFO - [2024-02-16T16:21:51.121+0000] {dag.py:3823} INFO - Setting next_dagrun for example_task_group to 2024-02-15 00:00:00+00:00, run_after=2024-02-16 00:00:00+00:00
[2024-02-16T16:21:51.133+0000] {processor.py:183} INFO - Processing /home/airflow/.local/lib/python3.8/site-packages/airflow/example_dags/example_task_group.py took 0.053 seconds
[2024-02-16T16:22:21.269+0000] {processor.py:161} INFO - Started process (PID=290) to work on /home/airflow/.local/lib/python3.8/site-packages/airflow/example_dags/example_task_group.py
[2024-02-16T16:22:21.270+0000] {processor.py:830} INFO - Processing file /home/airflow/.local/lib/python3.8/site-packages/airflow/example_dags/example_task_group.py for tasks to queue
[2024-02-16T16:22:21.271+0000] {logging_mixin.py:188} INFO - [2024-02-16T16:22:21.271+0000] {dagbag.py:538} INFO - Filling up the DagBag from /home/airflow/.local/lib/python3.8/site-packages/airflow/example_dags/example_task_group.py
[2024-02-16T16:22:21.275+0000] {processor.py:840} INFO - DAG(s) 'example_task_group' retrieved from /home/airflow/.local/lib/python3.8/site-packages/airflow/example_dags/example_task_group.py
[2024-02-16T16:22:21.291+0000] {logging_mixin.py:188} INFO - [2024-02-16T16:22:21.291+0000] {dag.py:3036} INFO - Sync 1 DAGs
[2024-02-16T16:22:21.306+0000] {logging_mixin.py:188} INFO - [2024-02-16T16:22:21.306+0000] {dag.py:3823} INFO - Setting next_dagrun for example_task_group to 2024-02-15 00:00:00+00:00, run_after=2024-02-16 00:00:00+00:00
[2024-02-16T16:22:21.319+0000] {processor.py:183} INFO - Processing /home/airflow/.local/lib/python3.8/site-packages/airflow/example_dags/example_task_group.py took 0.052 seconds
[2024-02-16T16:22:51.393+0000] {processor.py:161} INFO - Started process (PID=345) to work on /home/airflow/.local/lib/python3.8/site-packages/airflow/example_dags/example_task_group.py
[2024-02-16T16:22:51.393+0000] {processor.py:830} INFO - Processing file /home/airflow/.local/lib/python3.8/site-packages/airflow/example_dags/example_task_group.py for tasks to queue
[2024-02-16T16:22:51.394+0000] {logging_mixin.py:188} INFO - [2024-02-16T16:22:51.394+0000] {dagbag.py:538} INFO - Filling up the DagBag from /home/airflow/.local/lib/python3.8/site-packages/airflow/example_dags/example_task_group.py
[2024-02-16T16:22:51.399+0000] {processor.py:840} INFO - DAG(s) 'example_task_group' retrieved from /home/airflow/.local/lib/python3.8/site-packages/airflow/example_dags/example_task_group.py
[2024-02-16T16:22:51.416+0000] {logging_mixin.py:188} INFO - [2024-02-16T16:22:51.416+0000] {dag.py:3036} INFO - Sync 1 DAGs
[2024-02-16T16:22:51.432+0000] {logging_mixin.py:188} INFO - [2024-02-16T16:22:51.432+0000] {dag.py:3823} INFO - Setting next_dagrun for example_task_group to 2024-02-15 00:00:00+00:00, run_after=2024-02-16 00:00:00+00:00
[2024-02-16T16:22:51.445+0000] {processor.py:183} INFO - Processing /home/airflow/.local/lib/python3.8/site-packages/airflow/example_dags/example_task_group.py took 0.054 seconds
[2024-02-16T16:23:21.712+0000] {processor.py:161} INFO - Started process (PID=400) to work on /home/airflow/.local/lib/python3.8/site-packages/airflow/example_dags/example_task_group.py
[2024-02-16T16:23:21.712+0000] {processor.py:830} INFO - Processing file /home/airflow/.local/lib/python3.8/site-packages/airflow/example_dags/example_task_group.py for tasks to queue
[2024-02-16T16:23:21.714+0000] {logging_mixin.py:188} INFO - [2024-02-16T16:23:21.713+0000] {dagbag.py:538} INFO - Filling up the DagBag from /home/airflow/.local/lib/python3.8/site-packages/airflow/example_dags/example_task_group.py
[2024-02-16T16:23:21.719+0000] {processor.py:840} INFO - DAG(s) 'example_task_group' retrieved from /home/airflow/.local/lib/python3.8/site-packages/airflow/example_dags/example_task_group.py
[2024-02-16T16:23:21.734+0000] {logging_mixin.py:188} INFO - [2024-02-16T16:23:21.734+0000] {dag.py:3036} INFO - Sync 1 DAGs
[2024-02-16T16:23:21.750+0000] {logging_mixin.py:188} INFO - [2024-02-16T16:23:21.750+0000] {dag.py:3823} INFO - Setting next_dagrun for example_task_group to 2024-02-15 00:00:00+00:00, run_after=2024-02-16 00:00:00+00:00
[2024-02-16T16:23:21.764+0000] {processor.py:183} INFO - Processing /home/airflow/.local/lib/python3.8/site-packages/airflow/example_dags/example_task_group.py took 0.054 seconds
[2024-02-16T16:23:51.978+0000] {processor.py:161} INFO - Started process (PID=455) to work on /home/airflow/.local/lib/python3.8/site-packages/airflow/example_dags/example_task_group.py
[2024-02-16T16:23:51.979+0000] {processor.py:830} INFO - Processing file /home/airflow/.local/lib/python3.8/site-packages/airflow/example_dags/example_task_group.py for tasks to queue
[2024-02-16T16:23:51.980+0000] {logging_mixin.py:188} INFO - [2024-02-16T16:23:51.980+0000] {dagbag.py:538} INFO - Filling up the DagBag from /home/airflow/.local/lib/python3.8/site-packages/airflow/example_dags/example_task_group.py
[2024-02-16T16:23:51.985+0000] {processor.py:840} INFO - DAG(s) 'example_task_group' retrieved from /home/airflow/.local/lib/python3.8/site-packages/airflow/example_dags/example_task_group.py
[2024-02-16T16:23:52.000+0000] {logging_mixin.py:188} INFO - [2024-02-16T16:23:52.000+0000] {dag.py:3036} INFO - Sync 1 DAGs
[2024-02-16T16:23:52.016+0000] {logging_mixin.py:188} INFO - [2024-02-16T16:23:52.016+0000] {dag.py:3823} INFO - Setting next_dagrun for example_task_group to 2024-02-15 00:00:00+00:00, run_after=2024-02-16 00:00:00+00:00
[2024-02-16T16:23:52.029+0000] {processor.py:183} INFO - Processing /home/airflow/.local/lib/python3.8/site-packages/airflow/example_dags/example_task_group.py took 0.053 seconds
[2024-02-16T16:24:22.228+0000] {processor.py:161} INFO - Started process (PID=510) to work on /home/airflow/.local/lib/python3.8/site-packages/airflow/example_dags/example_task_group.py
[2024-02-16T16:24:22.229+0000] {processor.py:830} INFO - Processing file /home/airflow/.local/lib/python3.8/site-packages/airflow/example_dags/example_task_group.py for tasks to queue
[2024-02-16T16:24:22.230+0000] {logging_mixin.py:188} INFO - [2024-02-16T16:24:22.229+0000] {dagbag.py:538} INFO - Filling up the DagBag from /home/airflow/.local/lib/python3.8/site-packages/airflow/example_dags/example_task_group.py
[2024-02-16T16:24:22.234+0000] {processor.py:840} INFO - DAG(s) 'example_task_group' retrieved from /home/airflow/.local/lib/python3.8/site-packages/airflow/example_dags/example_task_group.py
[2024-02-16T16:24:22.250+0000] {logging_mixin.py:188} INFO - [2024-02-16T16:24:22.249+0000] {dag.py:3036} INFO - Sync 1 DAGs
[2024-02-16T16:24:22.265+0000] {logging_mixin.py:188} INFO - [2024-02-16T16:24:22.265+0000] {dag.py:3823} INFO - Setting next_dagrun for example_task_group to 2024-02-15 00:00:00+00:00, run_after=2024-02-16 00:00:00+00:00
[2024-02-16T16:24:22.279+0000] {processor.py:183} INFO - Processing /home/airflow/.local/lib/python3.8/site-packages/airflow/example_dags/example_task_group.py took 0.053 seconds
[2024-02-16T16:24:52.490+0000] {processor.py:161} INFO - Started process (PID=565) to work on /home/airflow/.local/lib/python3.8/site-packages/airflow/example_dags/example_task_group.py
[2024-02-16T16:24:52.491+0000] {processor.py:830} INFO - Processing file /home/airflow/.local/lib/python3.8/site-packages/airflow/example_dags/example_task_group.py for tasks to queue
[2024-02-16T16:24:52.492+0000] {logging_mixin.py:188} INFO - [2024-02-16T16:24:52.491+0000] {dagbag.py:538} INFO - Filling up the DagBag from /home/airflow/.local/lib/python3.8/site-packages/airflow/example_dags/example_task_group.py
[2024-02-16T16:24:52.496+0000] {processor.py:840} INFO - DAG(s) 'example_task_group' retrieved from /home/airflow/.local/lib/python3.8/site-packages/airflow/example_dags/example_task_group.py
[2024-02-16T16:24:52.511+0000] {logging_mixin.py:188} INFO - [2024-02-16T16:24:52.510+0000] {dag.py:3036} INFO - Sync 1 DAGs
[2024-02-16T16:24:52.525+0000] {logging_mixin.py:188} INFO - [2024-02-16T16:24:52.525+0000] {dag.py:3823} INFO - Setting next_dagrun for example_task_group to 2024-02-15 00:00:00+00:00, run_after=2024-02-16 00:00:00+00:00
[2024-02-16T16:24:52.539+0000] {processor.py:183} INFO - Processing /home/airflow/.local/lib/python3.8/site-packages/airflow/example_dags/example_task_group.py took 0.051 seconds
[2024-02-16T16:25:22.699+0000] {processor.py:161} INFO - Started process (PID=620) to work on /home/airflow/.local/lib/python3.8/site-packages/airflow/example_dags/example_task_group.py
[2024-02-16T16:25:22.699+0000] {processor.py:830} INFO - Processing file /home/airflow/.local/lib/python3.8/site-packages/airflow/example_dags/example_task_group.py for tasks to queue
[2024-02-16T16:25:22.701+0000] {logging_mixin.py:188} INFO - [2024-02-16T16:25:22.701+0000] {dagbag.py:538} INFO - Filling up the DagBag from /home/airflow/.local/lib/python3.8/site-packages/airflow/example_dags/example_task_group.py
[2024-02-16T16:25:22.706+0000] {processor.py:840} INFO - DAG(s) 'example_task_group' retrieved from /home/airflow/.local/lib/python3.8/site-packages/airflow/example_dags/example_task_group.py
[2024-02-16T16:25:22.722+0000] {logging_mixin.py:188} INFO - [2024-02-16T16:25:22.722+0000] {dag.py:3036} INFO - Sync 1 DAGs
[2024-02-16T16:25:22.741+0000] {logging_mixin.py:188} INFO - [2024-02-16T16:25:22.741+0000] {dag.py:3823} INFO - Setting next_dagrun for example_task_group to 2024-02-15 00:00:00+00:00, run_after=2024-02-16 00:00:00+00:00
[2024-02-16T16:25:22.757+0000] {processor.py:183} INFO - Processing /home/airflow/.local/lib/python3.8/site-packages/airflow/example_dags/example_task_group.py took 0.060 seconds
[2024-02-16T16:25:52.865+0000] {processor.py:161} INFO - Started process (PID=675) to work on /home/airflow/.local/lib/python3.8/site-packages/airflow/example_dags/example_task_group.py
[2024-02-16T16:25:52.866+0000] {processor.py:830} INFO - Processing file /home/airflow/.local/lib/python3.8/site-packages/airflow/example_dags/example_task_group.py for tasks to queue
[2024-02-16T16:25:52.867+0000] {logging_mixin.py:188} INFO - [2024-02-16T16:25:52.867+0000] {dagbag.py:538} INFO - Filling up the DagBag from /home/airflow/.local/lib/python3.8/site-packages/airflow/example_dags/example_task_group.py
[2024-02-16T16:25:52.871+0000] {processor.py:840} INFO - DAG(s) 'example_task_group' retrieved from /home/airflow/.local/lib/python3.8/site-packages/airflow/example_dags/example_task_group.py
[2024-02-16T16:25:52.886+0000] {logging_mixin.py:188} INFO - [2024-02-16T16:25:52.886+0000] {dag.py:3036} INFO - Sync 1 DAGs
[2024-02-16T16:25:52.901+0000] {logging_mixin.py:188} INFO - [2024-02-16T16:25:52.901+0000] {dag.py:3823} INFO - Setting next_dagrun for example_task_group to 2024-02-15 00:00:00+00:00, run_after=2024-02-16 00:00:00+00:00
[2024-02-16T16:25:52.914+0000] {processor.py:183} INFO - Processing /home/airflow/.local/lib/python3.8/site-packages/airflow/example_dags/example_task_group.py took 0.051 seconds
[2024-02-16T16:26:23.117+0000] {processor.py:161} INFO - Started process (PID=730) to work on /home/airflow/.local/lib/python3.8/site-packages/airflow/example_dags/example_task_group.py
[2024-02-16T16:26:23.117+0000] {processor.py:830} INFO - Processing file /home/airflow/.local/lib/python3.8/site-packages/airflow/example_dags/example_task_group.py for tasks to queue
[2024-02-16T16:26:23.118+0000] {logging_mixin.py:188} INFO - [2024-02-16T16:26:23.118+0000] {dagbag.py:538} INFO - Filling up the DagBag from /home/airflow/.local/lib/python3.8/site-packages/airflow/example_dags/example_task_group.py
[2024-02-16T16:26:23.123+0000] {processor.py:840} INFO - DAG(s) 'example_task_group' retrieved from /home/airflow/.local/lib/python3.8/site-packages/airflow/example_dags/example_task_group.py
[2024-02-16T16:26:23.139+0000] {logging_mixin.py:188} INFO - [2024-02-16T16:26:23.139+0000] {dag.py:3036} INFO - Sync 1 DAGs
[2024-02-16T16:26:23.156+0000] {logging_mixin.py:188} INFO - [2024-02-16T16:26:23.156+0000] {dag.py:3823} INFO - Setting next_dagrun for example_task_group to 2024-02-15 00:00:00+00:00, run_after=2024-02-16 00:00:00+00:00
[2024-02-16T16:26:23.173+0000] {processor.py:183} INFO - Processing /home/airflow/.local/lib/python3.8/site-packages/airflow/example_dags/example_task_group.py took 0.057 seconds
[2024-02-16T16:26:53.522+0000] {processor.py:161} INFO - Started process (PID=785) to work on /home/airflow/.local/lib/python3.8/site-packages/airflow/example_dags/example_task_group.py
[2024-02-16T16:26:53.522+0000] {processor.py:830} INFO - Processing file /home/airflow/.local/lib/python3.8/site-packages/airflow/example_dags/example_task_group.py for tasks to queue
[2024-02-16T16:26:53.524+0000] {logging_mixin.py:188} INFO - [2024-02-16T16:26:53.523+0000] {dagbag.py:538} INFO - Filling up the DagBag from /home/airflow/.local/lib/python3.8/site-packages/airflow/example_dags/example_task_group.py
[2024-02-16T16:26:53.531+0000] {processor.py:840} INFO - DAG(s) 'example_task_group' retrieved from /home/airflow/.local/lib/python3.8/site-packages/airflow/example_dags/example_task_group.py
[2024-02-16T16:26:53.547+0000] {logging_mixin.py:188} INFO - [2024-02-16T16:26:53.546+0000] {dag.py:3036} INFO - Sync 1 DAGs
[2024-02-16T16:26:53.564+0000] {logging_mixin.py:188} INFO - [2024-02-16T16:26:53.564+0000] {dag.py:3823} INFO - Setting next_dagrun for example_task_group to 2024-02-15 00:00:00+00:00, run_after=2024-02-16 00:00:00+00:00
[2024-02-16T16:26:53.579+0000] {processor.py:183} INFO - Processing /home/airflow/.local/lib/python3.8/site-packages/airflow/example_dags/example_task_group.py took 0.059 seconds
[2024-02-16T16:27:23.630+0000] {processor.py:161} INFO - Started process (PID=840) to work on /home/airflow/.local/lib/python3.8/site-packages/airflow/example_dags/example_task_group.py
[2024-02-16T16:27:23.631+0000] {processor.py:830} INFO - Processing file /home/airflow/.local/lib/python3.8/site-packages/airflow/example_dags/example_task_group.py for tasks to queue
[2024-02-16T16:27:23.632+0000] {logging_mixin.py:188} INFO - [2024-02-16T16:27:23.632+0000] {dagbag.py:538} INFO - Filling up the DagBag from /home/airflow/.local/lib/python3.8/site-packages/airflow/example_dags/example_task_group.py
[2024-02-16T16:27:23.638+0000] {processor.py:840} INFO - DAG(s) 'example_task_group' retrieved from /home/airflow/.local/lib/python3.8/site-packages/airflow/example_dags/example_task_group.py
[2024-02-16T16:27:23.653+0000] {logging_mixin.py:188} INFO - [2024-02-16T16:27:23.653+0000] {dag.py:3036} INFO - Sync 1 DAGs
[2024-02-16T16:27:23.673+0000] {logging_mixin.py:188} INFO - [2024-02-16T16:27:23.673+0000] {dag.py:3823} INFO - Setting next_dagrun for example_task_group to 2024-02-15 00:00:00+00:00, run_after=2024-02-16 00:00:00+00:00
[2024-02-16T16:27:23.688+0000] {processor.py:183} INFO - Processing /home/airflow/.local/lib/python3.8/site-packages/airflow/example_dags/example_task_group.py took 0.060 seconds
[2024-02-16T16:27:54.660+0000] {processor.py:161} INFO - Started process (PID=895) to work on /home/airflow/.local/lib/python3.8/site-packages/airflow/example_dags/example_task_group.py
[2024-02-16T16:27:54.661+0000] {processor.py:830} INFO - Processing file /home/airflow/.local/lib/python3.8/site-packages/airflow/example_dags/example_task_group.py for tasks to queue
[2024-02-16T16:27:54.662+0000] {logging_mixin.py:188} INFO - [2024-02-16T16:27:54.661+0000] {dagbag.py:538} INFO - Filling up the DagBag from /home/airflow/.local/lib/python3.8/site-packages/airflow/example_dags/example_task_group.py
[2024-02-16T16:27:54.667+0000] {processor.py:840} INFO - DAG(s) 'example_task_group' retrieved from /home/airflow/.local/lib/python3.8/site-packages/airflow/example_dags/example_task_group.py
[2024-02-16T16:27:54.682+0000] {logging_mixin.py:188} INFO - [2024-02-16T16:27:54.682+0000] {dag.py:3036} INFO - Sync 1 DAGs
[2024-02-16T16:27:54.699+0000] {logging_mixin.py:188} INFO - [2024-02-16T16:27:54.699+0000] {dag.py:3823} INFO - Setting next_dagrun for example_task_group to 2024-02-15 00:00:00+00:00, run_after=2024-02-16 00:00:00+00:00
[2024-02-16T16:27:54.713+0000] {processor.py:183} INFO - Processing /home/airflow/.local/lib/python3.8/site-packages/airflow/example_dags/example_task_group.py took 0.055 seconds
[2024-02-16T16:28:24.953+0000] {processor.py:161} INFO - Started process (PID=950) to work on /home/airflow/.local/lib/python3.8/site-packages/airflow/example_dags/example_task_group.py
[2024-02-16T16:28:24.954+0000] {processor.py:830} INFO - Processing file /home/airflow/.local/lib/python3.8/site-packages/airflow/example_dags/example_task_group.py for tasks to queue
[2024-02-16T16:28:24.955+0000] {logging_mixin.py:188} INFO - [2024-02-16T16:28:24.955+0000] {dagbag.py:538} INFO - Filling up the DagBag from /home/airflow/.local/lib/python3.8/site-packages/airflow/example_dags/example_task_group.py
[2024-02-16T16:28:24.960+0000] {processor.py:840} INFO - DAG(s) 'example_task_group' retrieved from /home/airflow/.local/lib/python3.8/site-packages/airflow/example_dags/example_task_group.py
[2024-02-16T16:28:24.976+0000] {logging_mixin.py:188} INFO - [2024-02-16T16:28:24.976+0000] {dag.py:3036} INFO - Sync 1 DAGs
[2024-02-16T16:28:24.992+0000] {logging_mixin.py:188} INFO - [2024-02-16T16:28:24.992+0000] {dag.py:3823} INFO - Setting next_dagrun for example_task_group to 2024-02-15 00:00:00+00:00, run_after=2024-02-16 00:00:00+00:00
[2024-02-16T16:28:25.006+0000] {processor.py:183} INFO - Processing /home/airflow/.local/lib/python3.8/site-packages/airflow/example_dags/example_task_group.py took 0.055 seconds
[2024-02-16T16:28:55.129+0000] {processor.py:161} INFO - Started process (PID=1005) to work on /home/airflow/.local/lib/python3.8/site-packages/airflow/example_dags/example_task_group.py
[2024-02-16T16:28:55.130+0000] {processor.py:830} INFO - Processing file /home/airflow/.local/lib/python3.8/site-packages/airflow/example_dags/example_task_group.py for tasks to queue
[2024-02-16T16:28:55.131+0000] {logging_mixin.py:188} INFO - [2024-02-16T16:28:55.131+0000] {dagbag.py:538} INFO - Filling up the DagBag from /home/airflow/.local/lib/python3.8/site-packages/airflow/example_dags/example_task_group.py
[2024-02-16T16:28:55.135+0000] {processor.py:840} INFO - DAG(s) 'example_task_group' retrieved from /home/airflow/.local/lib/python3.8/site-packages/airflow/example_dags/example_task_group.py
[2024-02-16T16:28:55.150+0000] {logging_mixin.py:188} INFO - [2024-02-16T16:28:55.149+0000] {dag.py:3036} INFO - Sync 1 DAGs
[2024-02-16T16:28:55.163+0000] {logging_mixin.py:188} INFO - [2024-02-16T16:28:55.163+0000] {dag.py:3823} INFO - Setting next_dagrun for example_task_group to 2024-02-15 00:00:00+00:00, run_after=2024-02-16 00:00:00+00:00
[2024-02-16T16:28:55.175+0000] {processor.py:183} INFO - Processing /home/airflow/.local/lib/python3.8/site-packages/airflow/example_dags/example_task_group.py took 0.048 seconds
[2024-02-16T16:29:25.273+0000] {processor.py:161} INFO - Started process (PID=1060) to work on /home/airflow/.local/lib/python3.8/site-packages/airflow/example_dags/example_task_group.py
[2024-02-16T16:29:25.274+0000] {processor.py:830} INFO - Processing file /home/airflow/.local/lib/python3.8/site-packages/airflow/example_dags/example_task_group.py for tasks to queue
[2024-02-16T16:29:25.275+0000] {logging_mixin.py:188} INFO - [2024-02-16T16:29:25.274+0000] {dagbag.py:538} INFO - Filling up the DagBag from /home/airflow/.local/lib/python3.8/site-packages/airflow/example_dags/example_task_group.py
[2024-02-16T16:29:25.281+0000] {processor.py:840} INFO - DAG(s) 'example_task_group' retrieved from /home/airflow/.local/lib/python3.8/site-packages/airflow/example_dags/example_task_group.py
[2024-02-16T16:29:25.296+0000] {logging_mixin.py:188} INFO - [2024-02-16T16:29:25.296+0000] {dag.py:3036} INFO - Sync 1 DAGs
[2024-02-16T16:29:25.314+0000] {logging_mixin.py:188} INFO - [2024-02-16T16:29:25.313+0000] {dag.py:3823} INFO - Setting next_dagrun for example_task_group to 2024-02-15 00:00:00+00:00, run_after=2024-02-16 00:00:00+00:00
[2024-02-16T16:29:25.327+0000] {processor.py:183} INFO - Processing /home/airflow/.local/lib/python3.8/site-packages/airflow/example_dags/example_task_group.py took 0.056 seconds
[2024-02-16T16:29:55.572+0000] {processor.py:161} INFO - Started process (PID=1115) to work on /home/airflow/.local/lib/python3.8/site-packages/airflow/example_dags/example_task_group.py
[2024-02-16T16:29:55.573+0000] {processor.py:830} INFO - Processing file /home/airflow/.local/lib/python3.8/site-packages/airflow/example_dags/example_task_group.py for tasks to queue
[2024-02-16T16:29:55.574+0000] {logging_mixin.py:188} INFO - [2024-02-16T16:29:55.574+0000] {dagbag.py:538} INFO - Filling up the DagBag from /home/airflow/.local/lib/python3.8/site-packages/airflow/example_dags/example_task_group.py
[2024-02-16T16:29:55.579+0000] {processor.py:840} INFO - DAG(s) 'example_task_group' retrieved from /home/airflow/.local/lib/python3.8/site-packages/airflow/example_dags/example_task_group.py
[2024-02-16T16:29:55.595+0000] {logging_mixin.py:188} INFO - [2024-02-16T16:29:55.595+0000] {dag.py:3036} INFO - Sync 1 DAGs
[2024-02-16T16:29:55.612+0000] {logging_mixin.py:188} INFO - [2024-02-16T16:29:55.611+0000] {dag.py:3823} INFO - Setting next_dagrun for example_task_group to 2024-02-15 00:00:00+00:00, run_after=2024-02-16 00:00:00+00:00
[2024-02-16T16:29:55.626+0000] {processor.py:183} INFO - Processing /home/airflow/.local/lib/python3.8/site-packages/airflow/example_dags/example_task_group.py took 0.057 seconds
[2024-02-16T16:30:26.482+0000] {processor.py:161} INFO - Started process (PID=1171) to work on /home/airflow/.local/lib/python3.8/site-packages/airflow/example_dags/example_task_group.py
[2024-02-16T16:30:26.482+0000] {processor.py:830} INFO - Processing file /home/airflow/.local/lib/python3.8/site-packages/airflow/example_dags/example_task_group.py for tasks to queue
[2024-02-16T16:30:26.483+0000] {logging_mixin.py:188} INFO - [2024-02-16T16:30:26.483+0000] {dagbag.py:538} INFO - Filling up the DagBag from /home/airflow/.local/lib/python3.8/site-packages/airflow/example_dags/example_task_group.py
[2024-02-16T16:30:26.488+0000] {processor.py:840} INFO - DAG(s) 'example_task_group' retrieved from /home/airflow/.local/lib/python3.8/site-packages/airflow/example_dags/example_task_group.py
[2024-02-16T16:30:26.502+0000] {logging_mixin.py:188} INFO - [2024-02-16T16:30:26.502+0000] {dag.py:3036} INFO - Sync 1 DAGs
[2024-02-16T16:30:26.516+0000] {logging_mixin.py:188} INFO - [2024-02-16T16:30:26.515+0000] {dag.py:3823} INFO - Setting next_dagrun for example_task_group to 2024-02-15 00:00:00+00:00, run_after=2024-02-16 00:00:00+00:00
[2024-02-16T16:30:26.528+0000] {processor.py:183} INFO - Processing /home/airflow/.local/lib/python3.8/site-packages/airflow/example_dags/example_task_group.py took 0.048 seconds
[2024-02-16T16:31:27.317+0000] {processor.py:161} INFO - Started process (PID=71) to work on /home/airflow/.local/lib/python3.8/site-packages/airflow/example_dags/example_task_group.py
[2024-02-16T16:31:27.318+0000] {processor.py:830} INFO - Processing file /home/airflow/.local/lib/python3.8/site-packages/airflow/example_dags/example_task_group.py for tasks to queue
[2024-02-16T16:31:27.319+0000] {logging_mixin.py:188} INFO - [2024-02-16T16:31:27.319+0000] {dagbag.py:538} INFO - Filling up the DagBag from /home/airflow/.local/lib/python3.8/site-packages/airflow/example_dags/example_task_group.py
[2024-02-16T16:31:27.326+0000] {processor.py:840} INFO - DAG(s) 'example_task_group' retrieved from /home/airflow/.local/lib/python3.8/site-packages/airflow/example_dags/example_task_group.py
[2024-02-16T16:31:27.335+0000] {logging_mixin.py:188} INFO - [2024-02-16T16:31:27.335+0000] {dag.py:3036} INFO - Sync 1 DAGs
[2024-02-16T16:31:27.353+0000] {logging_mixin.py:188} INFO - [2024-02-16T16:31:27.353+0000] {dag.py:3823} INFO - Setting next_dagrun for example_task_group to 2024-02-15 00:00:00+00:00, run_after=2024-02-16 00:00:00+00:00
[2024-02-16T16:31:27.368+0000] {processor.py:183} INFO - Processing /home/airflow/.local/lib/python3.8/site-packages/airflow/example_dags/example_task_group.py took 0.053 seconds
[2024-02-16T16:31:58.815+0000] {processor.py:161} INFO - Started process (PID=127) to work on /home/airflow/.local/lib/python3.8/site-packages/airflow/example_dags/example_task_group.py
[2024-02-16T16:31:58.816+0000] {processor.py:830} INFO - Processing file /home/airflow/.local/lib/python3.8/site-packages/airflow/example_dags/example_task_group.py for tasks to queue
[2024-02-16T16:31:58.817+0000] {logging_mixin.py:188} INFO - [2024-02-16T16:31:58.817+0000] {dagbag.py:538} INFO - Filling up the DagBag from /home/airflow/.local/lib/python3.8/site-packages/airflow/example_dags/example_task_group.py
[2024-02-16T16:31:58.821+0000] {processor.py:840} INFO - DAG(s) 'example_task_group' retrieved from /home/airflow/.local/lib/python3.8/site-packages/airflow/example_dags/example_task_group.py
[2024-02-16T16:31:58.893+0000] {logging_mixin.py:188} INFO - [2024-02-16T16:31:58.893+0000] {dag.py:3036} INFO - Sync 1 DAGs
[2024-02-16T16:31:58.908+0000] {logging_mixin.py:188} INFO - [2024-02-16T16:31:58.907+0000] {dag.py:3823} INFO - Setting next_dagrun for example_task_group to 2024-02-15 00:00:00+00:00, run_after=2024-02-16 00:00:00+00:00
[2024-02-16T16:31:58.921+0000] {processor.py:183} INFO - Processing /home/airflow/.local/lib/python3.8/site-packages/airflow/example_dags/example_task_group.py took 0.108 seconds
[2024-02-16T16:32:29.220+0000] {processor.py:161} INFO - Started process (PID=183) to work on /home/airflow/.local/lib/python3.8/site-packages/airflow/example_dags/example_task_group.py
[2024-02-16T16:32:29.221+0000] {processor.py:830} INFO - Processing file /home/airflow/.local/lib/python3.8/site-packages/airflow/example_dags/example_task_group.py for tasks to queue
[2024-02-16T16:32:29.222+0000] {logging_mixin.py:188} INFO - [2024-02-16T16:32:29.222+0000] {dagbag.py:538} INFO - Filling up the DagBag from /home/airflow/.local/lib/python3.8/site-packages/airflow/example_dags/example_task_group.py
[2024-02-16T16:32:29.226+0000] {processor.py:840} INFO - DAG(s) 'example_task_group' retrieved from /home/airflow/.local/lib/python3.8/site-packages/airflow/example_dags/example_task_group.py
[2024-02-16T16:32:29.240+0000] {logging_mixin.py:188} INFO - [2024-02-16T16:32:29.240+0000] {dag.py:3036} INFO - Sync 1 DAGs
[2024-02-16T16:32:29.255+0000] {logging_mixin.py:188} INFO - [2024-02-16T16:32:29.255+0000] {dag.py:3823} INFO - Setting next_dagrun for example_task_group to 2024-02-15 00:00:00+00:00, run_after=2024-02-16 00:00:00+00:00
[2024-02-16T16:32:29.267+0000] {processor.py:183} INFO - Processing /home/airflow/.local/lib/python3.8/site-packages/airflow/example_dags/example_task_group.py took 0.049 seconds
[2024-02-16T16:32:59.484+0000] {processor.py:161} INFO - Started process (PID=239) to work on /home/airflow/.local/lib/python3.8/site-packages/airflow/example_dags/example_task_group.py
[2024-02-16T16:32:59.484+0000] {processor.py:830} INFO - Processing file /home/airflow/.local/lib/python3.8/site-packages/airflow/example_dags/example_task_group.py for tasks to queue
[2024-02-16T16:32:59.485+0000] {logging_mixin.py:188} INFO - [2024-02-16T16:32:59.485+0000] {dagbag.py:538} INFO - Filling up the DagBag from /home/airflow/.local/lib/python3.8/site-packages/airflow/example_dags/example_task_group.py
[2024-02-16T16:32:59.490+0000] {processor.py:840} INFO - DAG(s) 'example_task_group' retrieved from /home/airflow/.local/lib/python3.8/site-packages/airflow/example_dags/example_task_group.py
[2024-02-16T16:32:59.505+0000] {logging_mixin.py:188} INFO - [2024-02-16T16:32:59.504+0000] {dag.py:3036} INFO - Sync 1 DAGs
[2024-02-16T16:32:59.520+0000] {logging_mixin.py:188} INFO - [2024-02-16T16:32:59.520+0000] {dag.py:3823} INFO - Setting next_dagrun for example_task_group to 2024-02-15 00:00:00+00:00, run_after=2024-02-16 00:00:00+00:00
[2024-02-16T16:32:59.532+0000] {processor.py:183} INFO - Processing /home/airflow/.local/lib/python3.8/site-packages/airflow/example_dags/example_task_group.py took 0.051 seconds
[2024-02-16T16:33:29.657+0000] {processor.py:161} INFO - Started process (PID=295) to work on /home/airflow/.local/lib/python3.8/site-packages/airflow/example_dags/example_task_group.py
[2024-02-16T16:33:29.658+0000] {processor.py:830} INFO - Processing file /home/airflow/.local/lib/python3.8/site-packages/airflow/example_dags/example_task_group.py for tasks to queue
[2024-02-16T16:33:29.659+0000] {logging_mixin.py:188} INFO - [2024-02-16T16:33:29.659+0000] {dagbag.py:538} INFO - Filling up the DagBag from /home/airflow/.local/lib/python3.8/site-packages/airflow/example_dags/example_task_group.py
[2024-02-16T16:33:29.664+0000] {processor.py:840} INFO - DAG(s) 'example_task_group' retrieved from /home/airflow/.local/lib/python3.8/site-packages/airflow/example_dags/example_task_group.py
[2024-02-16T16:33:29.679+0000] {logging_mixin.py:188} INFO - [2024-02-16T16:33:29.679+0000] {dag.py:3036} INFO - Sync 1 DAGs
[2024-02-16T16:33:29.695+0000] {logging_mixin.py:188} INFO - [2024-02-16T16:33:29.695+0000] {dag.py:3823} INFO - Setting next_dagrun for example_task_group to 2024-02-15 00:00:00+00:00, run_after=2024-02-16 00:00:00+00:00
[2024-02-16T16:33:29.710+0000] {processor.py:183} INFO - Processing /home/airflow/.local/lib/python3.8/site-packages/airflow/example_dags/example_task_group.py took 0.054 seconds
[2024-02-16T16:33:59.848+0000] {processor.py:161} INFO - Started process (PID=351) to work on /home/airflow/.local/lib/python3.8/site-packages/airflow/example_dags/example_task_group.py
[2024-02-16T16:33:59.849+0000] {processor.py:830} INFO - Processing file /home/airflow/.local/lib/python3.8/site-packages/airflow/example_dags/example_task_group.py for tasks to queue
[2024-02-16T16:33:59.850+0000] {logging_mixin.py:188} INFO - [2024-02-16T16:33:59.850+0000] {dagbag.py:538} INFO - Filling up the DagBag from /home/airflow/.local/lib/python3.8/site-packages/airflow/example_dags/example_task_group.py
[2024-02-16T16:33:59.855+0000] {processor.py:840} INFO - DAG(s) 'example_task_group' retrieved from /home/airflow/.local/lib/python3.8/site-packages/airflow/example_dags/example_task_group.py
[2024-02-16T16:33:59.871+0000] {logging_mixin.py:188} INFO - [2024-02-16T16:33:59.871+0000] {dag.py:3036} INFO - Sync 1 DAGs
[2024-02-16T16:33:59.887+0000] {logging_mixin.py:188} INFO - [2024-02-16T16:33:59.887+0000] {dag.py:3823} INFO - Setting next_dagrun for example_task_group to 2024-02-15 00:00:00+00:00, run_after=2024-02-16 00:00:00+00:00
[2024-02-16T16:33:59.900+0000] {processor.py:183} INFO - Processing /home/airflow/.local/lib/python3.8/site-packages/airflow/example_dags/example_task_group.py took 0.054 seconds
[2024-02-16T16:34:30.072+0000] {processor.py:161} INFO - Started process (PID=407) to work on /home/airflow/.local/lib/python3.8/site-packages/airflow/example_dags/example_task_group.py
[2024-02-16T16:34:30.073+0000] {processor.py:830} INFO - Processing file /home/airflow/.local/lib/python3.8/site-packages/airflow/example_dags/example_task_group.py for tasks to queue
[2024-02-16T16:34:30.074+0000] {logging_mixin.py:188} INFO - [2024-02-16T16:34:30.073+0000] {dagbag.py:538} INFO - Filling up the DagBag from /home/airflow/.local/lib/python3.8/site-packages/airflow/example_dags/example_task_group.py
[2024-02-16T16:34:30.078+0000] {processor.py:840} INFO - DAG(s) 'example_task_group' retrieved from /home/airflow/.local/lib/python3.8/site-packages/airflow/example_dags/example_task_group.py
[2024-02-16T16:34:30.093+0000] {logging_mixin.py:188} INFO - [2024-02-16T16:34:30.093+0000] {dag.py:3036} INFO - Sync 1 DAGs
[2024-02-16T16:34:30.109+0000] {logging_mixin.py:188} INFO - [2024-02-16T16:34:30.109+0000] {dag.py:3823} INFO - Setting next_dagrun for example_task_group to 2024-02-15 00:00:00+00:00, run_after=2024-02-16 00:00:00+00:00
[2024-02-16T16:34:30.125+0000] {processor.py:183} INFO - Processing /home/airflow/.local/lib/python3.8/site-packages/airflow/example_dags/example_task_group.py took 0.055 seconds
[2024-02-16T16:35:00.355+0000] {processor.py:161} INFO - Started process (PID=463) to work on /home/airflow/.local/lib/python3.8/site-packages/airflow/example_dags/example_task_group.py
[2024-02-16T16:35:00.355+0000] {processor.py:830} INFO - Processing file /home/airflow/.local/lib/python3.8/site-packages/airflow/example_dags/example_task_group.py for tasks to queue
[2024-02-16T16:35:00.356+0000] {logging_mixin.py:188} INFO - [2024-02-16T16:35:00.356+0000] {dagbag.py:538} INFO - Filling up the DagBag from /home/airflow/.local/lib/python3.8/site-packages/airflow/example_dags/example_task_group.py
[2024-02-16T16:35:00.361+0000] {processor.py:840} INFO - DAG(s) 'example_task_group' retrieved from /home/airflow/.local/lib/python3.8/site-packages/airflow/example_dags/example_task_group.py
[2024-02-16T16:35:00.376+0000] {logging_mixin.py:188} INFO - [2024-02-16T16:35:00.376+0000] {dag.py:3036} INFO - Sync 1 DAGs
[2024-02-16T16:35:00.391+0000] {logging_mixin.py:188} INFO - [2024-02-16T16:35:00.391+0000] {dag.py:3823} INFO - Setting next_dagrun for example_task_group to 2024-02-15 00:00:00+00:00, run_after=2024-02-16 00:00:00+00:00
[2024-02-16T16:35:00.404+0000] {processor.py:183} INFO - Processing /home/airflow/.local/lib/python3.8/site-packages/airflow/example_dags/example_task_group.py took 0.051 seconds
[2024-02-16T16:35:30.547+0000] {processor.py:161} INFO - Started process (PID=519) to work on /home/airflow/.local/lib/python3.8/site-packages/airflow/example_dags/example_task_group.py
[2024-02-16T16:35:30.547+0000] {processor.py:830} INFO - Processing file /home/airflow/.local/lib/python3.8/site-packages/airflow/example_dags/example_task_group.py for tasks to queue
[2024-02-16T16:35:30.549+0000] {logging_mixin.py:188} INFO - [2024-02-16T16:35:30.548+0000] {dagbag.py:538} INFO - Filling up the DagBag from /home/airflow/.local/lib/python3.8/site-packages/airflow/example_dags/example_task_group.py
[2024-02-16T16:35:30.553+0000] {processor.py:840} INFO - DAG(s) 'example_task_group' retrieved from /home/airflow/.local/lib/python3.8/site-packages/airflow/example_dags/example_task_group.py
[2024-02-16T16:35:30.568+0000] {logging_mixin.py:188} INFO - [2024-02-16T16:35:30.568+0000] {dag.py:3036} INFO - Sync 1 DAGs
[2024-02-16T16:35:30.583+0000] {logging_mixin.py:188} INFO - [2024-02-16T16:35:30.583+0000] {dag.py:3823} INFO - Setting next_dagrun for example_task_group to 2024-02-15 00:00:00+00:00, run_after=2024-02-16 00:00:00+00:00
[2024-02-16T16:35:30.597+0000] {processor.py:183} INFO - Processing /home/airflow/.local/lib/python3.8/site-packages/airflow/example_dags/example_task_group.py took 0.052 seconds
[2024-02-16T16:36:00.870+0000] {processor.py:161} INFO - Started process (PID=575) to work on /home/airflow/.local/lib/python3.8/site-packages/airflow/example_dags/example_task_group.py
[2024-02-16T16:36:00.871+0000] {processor.py:830} INFO - Processing file /home/airflow/.local/lib/python3.8/site-packages/airflow/example_dags/example_task_group.py for tasks to queue
[2024-02-16T16:36:00.872+0000] {logging_mixin.py:188} INFO - [2024-02-16T16:36:00.872+0000] {dagbag.py:538} INFO - Filling up the DagBag from /home/airflow/.local/lib/python3.8/site-packages/airflow/example_dags/example_task_group.py
[2024-02-16T16:36:00.877+0000] {processor.py:840} INFO - DAG(s) 'example_task_group' retrieved from /home/airflow/.local/lib/python3.8/site-packages/airflow/example_dags/example_task_group.py
[2024-02-16T16:36:00.892+0000] {logging_mixin.py:188} INFO - [2024-02-16T16:36:00.892+0000] {dag.py:3036} INFO - Sync 1 DAGs
[2024-02-16T16:36:00.909+0000] {logging_mixin.py:188} INFO - [2024-02-16T16:36:00.908+0000] {dag.py:3823} INFO - Setting next_dagrun for example_task_group to 2024-02-15 00:00:00+00:00, run_after=2024-02-16 00:00:00+00:00
[2024-02-16T16:36:00.923+0000] {processor.py:183} INFO - Processing /home/airflow/.local/lib/python3.8/site-packages/airflow/example_dags/example_task_group.py took 0.054 seconds
[2024-02-16T16:36:31.948+0000] {processor.py:161} INFO - Started process (PID=631) to work on /home/airflow/.local/lib/python3.8/site-packages/airflow/example_dags/example_task_group.py
[2024-02-16T16:36:31.949+0000] {processor.py:830} INFO - Processing file /home/airflow/.local/lib/python3.8/site-packages/airflow/example_dags/example_task_group.py for tasks to queue
[2024-02-16T16:36:31.950+0000] {logging_mixin.py:188} INFO - [2024-02-16T16:36:31.950+0000] {dagbag.py:538} INFO - Filling up the DagBag from /home/airflow/.local/lib/python3.8/site-packages/airflow/example_dags/example_task_group.py
[2024-02-16T16:36:31.955+0000] {processor.py:840} INFO - DAG(s) 'example_task_group' retrieved from /home/airflow/.local/lib/python3.8/site-packages/airflow/example_dags/example_task_group.py
[2024-02-16T16:36:31.971+0000] {logging_mixin.py:188} INFO - [2024-02-16T16:36:31.971+0000] {dag.py:3036} INFO - Sync 1 DAGs
[2024-02-16T16:36:31.989+0000] {logging_mixin.py:188} INFO - [2024-02-16T16:36:31.988+0000] {dag.py:3823} INFO - Setting next_dagrun for example_task_group to 2024-02-15 00:00:00+00:00, run_after=2024-02-16 00:00:00+00:00
[2024-02-16T16:36:32.004+0000] {processor.py:183} INFO - Processing /home/airflow/.local/lib/python3.8/site-packages/airflow/example_dags/example_task_group.py took 0.057 seconds
[2024-02-16T16:37:02.378+0000] {processor.py:161} INFO - Started process (PID=688) to work on /home/airflow/.local/lib/python3.8/site-packages/airflow/example_dags/example_task_group.py
[2024-02-16T16:37:02.379+0000] {processor.py:830} INFO - Processing file /home/airflow/.local/lib/python3.8/site-packages/airflow/example_dags/example_task_group.py for tasks to queue
[2024-02-16T16:37:02.381+0000] {logging_mixin.py:188} INFO - [2024-02-16T16:37:02.380+0000] {dagbag.py:538} INFO - Filling up the DagBag from /home/airflow/.local/lib/python3.8/site-packages/airflow/example_dags/example_task_group.py
[2024-02-16T16:37:02.387+0000] {processor.py:840} INFO - DAG(s) 'example_task_group' retrieved from /home/airflow/.local/lib/python3.8/site-packages/airflow/example_dags/example_task_group.py
[2024-02-16T16:37:02.404+0000] {logging_mixin.py:188} INFO - [2024-02-16T16:37:02.404+0000] {dag.py:3036} INFO - Sync 1 DAGs
[2024-02-16T16:37:02.422+0000] {logging_mixin.py:188} INFO - [2024-02-16T16:37:02.422+0000] {dag.py:3823} INFO - Setting next_dagrun for example_task_group to 2024-02-15 00:00:00+00:00, run_after=2024-02-16 00:00:00+00:00
[2024-02-16T16:37:02.439+0000] {processor.py:183} INFO - Processing /home/airflow/.local/lib/python3.8/site-packages/airflow/example_dags/example_task_group.py took 0.063 seconds
[2024-02-16T16:37:32.682+0000] {processor.py:161} INFO - Started process (PID=745) to work on /home/airflow/.local/lib/python3.8/site-packages/airflow/example_dags/example_task_group.py
[2024-02-16T16:37:32.683+0000] {processor.py:830} INFO - Processing file /home/airflow/.local/lib/python3.8/site-packages/airflow/example_dags/example_task_group.py for tasks to queue
[2024-02-16T16:37:32.684+0000] {logging_mixin.py:188} INFO - [2024-02-16T16:37:32.684+0000] {dagbag.py:538} INFO - Filling up the DagBag from /home/airflow/.local/lib/python3.8/site-packages/airflow/example_dags/example_task_group.py
[2024-02-16T16:37:32.688+0000] {processor.py:840} INFO - DAG(s) 'example_task_group' retrieved from /home/airflow/.local/lib/python3.8/site-packages/airflow/example_dags/example_task_group.py
[2024-02-16T16:37:32.703+0000] {logging_mixin.py:188} INFO - [2024-02-16T16:37:32.703+0000] {dag.py:3036} INFO - Sync 1 DAGs
[2024-02-16T16:37:32.719+0000] {logging_mixin.py:188} INFO - [2024-02-16T16:37:32.719+0000] {dag.py:3823} INFO - Setting next_dagrun for example_task_group to 2024-02-15 00:00:00+00:00, run_after=2024-02-16 00:00:00+00:00
[2024-02-16T16:37:32.732+0000] {processor.py:183} INFO - Processing /home/airflow/.local/lib/python3.8/site-packages/airflow/example_dags/example_task_group.py took 0.052 seconds
[2024-02-16T16:39:16.935+0000] {processor.py:161} INFO - Started process (PID=72) to work on /home/airflow/.local/lib/python3.8/site-packages/airflow/example_dags/example_task_group.py
[2024-02-16T16:39:16.935+0000] {processor.py:830} INFO - Processing file /home/airflow/.local/lib/python3.8/site-packages/airflow/example_dags/example_task_group.py for tasks to queue
[2024-02-16T16:39:16.936+0000] {logging_mixin.py:188} INFO - [2024-02-16T16:39:16.936+0000] {dagbag.py:538} INFO - Filling up the DagBag from /home/airflow/.local/lib/python3.8/site-packages/airflow/example_dags/example_task_group.py
[2024-02-16T16:39:16.943+0000] {processor.py:840} INFO - DAG(s) 'example_task_group' retrieved from /home/airflow/.local/lib/python3.8/site-packages/airflow/example_dags/example_task_group.py
[2024-02-16T16:39:16.950+0000] {logging_mixin.py:188} INFO - [2024-02-16T16:39:16.950+0000] {dag.py:3036} INFO - Sync 1 DAGs
[2024-02-16T16:39:16.967+0000] {logging_mixin.py:188} INFO - [2024-02-16T16:39:16.967+0000] {dag.py:3823} INFO - Setting next_dagrun for example_task_group to 2024-02-15 00:00:00+00:00, run_after=2024-02-16 00:00:00+00:00
[2024-02-16T16:39:16.981+0000] {processor.py:183} INFO - Processing /home/airflow/.local/lib/python3.8/site-packages/airflow/example_dags/example_task_group.py took 0.049 seconds
[2024-02-16T16:39:47.853+0000] {processor.py:161} INFO - Started process (PID=129) to work on /home/airflow/.local/lib/python3.8/site-packages/airflow/example_dags/example_task_group.py
[2024-02-16T16:39:47.853+0000] {processor.py:830} INFO - Processing file /home/airflow/.local/lib/python3.8/site-packages/airflow/example_dags/example_task_group.py for tasks to queue
[2024-02-16T16:39:47.854+0000] {logging_mixin.py:188} INFO - [2024-02-16T16:39:47.854+0000] {dagbag.py:538} INFO - Filling up the DagBag from /home/airflow/.local/lib/python3.8/site-packages/airflow/example_dags/example_task_group.py
[2024-02-16T16:39:47.860+0000] {processor.py:840} INFO - DAG(s) 'example_task_group' retrieved from /home/airflow/.local/lib/python3.8/site-packages/airflow/example_dags/example_task_group.py
[2024-02-16T16:39:47.933+0000] {logging_mixin.py:188} INFO - [2024-02-16T16:39:47.932+0000] {dag.py:3036} INFO - Sync 1 DAGs
[2024-02-16T16:39:47.955+0000] {logging_mixin.py:188} INFO - [2024-02-16T16:39:47.955+0000] {dag.py:3823} INFO - Setting next_dagrun for example_task_group to 2024-02-15 00:00:00+00:00, run_after=2024-02-16 00:00:00+00:00
[2024-02-16T16:39:47.970+0000] {processor.py:183} INFO - Processing /home/airflow/.local/lib/python3.8/site-packages/airflow/example_dags/example_task_group.py took 0.120 seconds
[2024-02-16T16:40:18.624+0000] {processor.py:161} INFO - Started process (PID=186) to work on /home/airflow/.local/lib/python3.8/site-packages/airflow/example_dags/example_task_group.py
[2024-02-16T16:40:18.625+0000] {processor.py:830} INFO - Processing file /home/airflow/.local/lib/python3.8/site-packages/airflow/example_dags/example_task_group.py for tasks to queue
[2024-02-16T16:40:18.626+0000] {logging_mixin.py:188} INFO - [2024-02-16T16:40:18.626+0000] {dagbag.py:538} INFO - Filling up the DagBag from /home/airflow/.local/lib/python3.8/site-packages/airflow/example_dags/example_task_group.py
[2024-02-16T16:40:18.630+0000] {processor.py:840} INFO - DAG(s) 'example_task_group' retrieved from /home/airflow/.local/lib/python3.8/site-packages/airflow/example_dags/example_task_group.py
[2024-02-16T16:40:18.646+0000] {logging_mixin.py:188} INFO - [2024-02-16T16:40:18.645+0000] {dag.py:3036} INFO - Sync 1 DAGs
[2024-02-16T16:40:18.663+0000] {logging_mixin.py:188} INFO - [2024-02-16T16:40:18.662+0000] {dag.py:3823} INFO - Setting next_dagrun for example_task_group to 2024-02-15 00:00:00+00:00, run_after=2024-02-16 00:00:00+00:00
[2024-02-16T16:40:18.676+0000] {processor.py:183} INFO - Processing /home/airflow/.local/lib/python3.8/site-packages/airflow/example_dags/example_task_group.py took 0.053 seconds
[2024-02-16T16:40:49.047+0000] {processor.py:161} INFO - Started process (PID=243) to work on /home/airflow/.local/lib/python3.8/site-packages/airflow/example_dags/example_task_group.py
[2024-02-16T16:40:49.048+0000] {processor.py:830} INFO - Processing file /home/airflow/.local/lib/python3.8/site-packages/airflow/example_dags/example_task_group.py for tasks to queue
[2024-02-16T16:40:49.049+0000] {logging_mixin.py:188} INFO - [2024-02-16T16:40:49.049+0000] {dagbag.py:538} INFO - Filling up the DagBag from /home/airflow/.local/lib/python3.8/site-packages/airflow/example_dags/example_task_group.py
[2024-02-16T16:40:49.055+0000] {processor.py:840} INFO - DAG(s) 'example_task_group' retrieved from /home/airflow/.local/lib/python3.8/site-packages/airflow/example_dags/example_task_group.py
[2024-02-16T16:40:49.075+0000] {logging_mixin.py:188} INFO - [2024-02-16T16:40:49.074+0000] {dag.py:3036} INFO - Sync 1 DAGs
[2024-02-16T16:40:49.102+0000] {logging_mixin.py:188} INFO - [2024-02-16T16:40:49.101+0000] {dag.py:3823} INFO - Setting next_dagrun for example_task_group to 2024-02-15 00:00:00+00:00, run_after=2024-02-16 00:00:00+00:00
[2024-02-16T16:40:49.121+0000] {processor.py:183} INFO - Processing /home/airflow/.local/lib/python3.8/site-packages/airflow/example_dags/example_task_group.py took 0.076 seconds
[2024-02-16T16:41:19.320+0000] {processor.py:161} INFO - Started process (PID=300) to work on /home/airflow/.local/lib/python3.8/site-packages/airflow/example_dags/example_task_group.py
[2024-02-16T16:41:19.321+0000] {processor.py:830} INFO - Processing file /home/airflow/.local/lib/python3.8/site-packages/airflow/example_dags/example_task_group.py for tasks to queue
[2024-02-16T16:41:19.322+0000] {logging_mixin.py:188} INFO - [2024-02-16T16:41:19.322+0000] {dagbag.py:538} INFO - Filling up the DagBag from /home/airflow/.local/lib/python3.8/site-packages/airflow/example_dags/example_task_group.py
[2024-02-16T16:41:19.328+0000] {processor.py:840} INFO - DAG(s) 'example_task_group' retrieved from /home/airflow/.local/lib/python3.8/site-packages/airflow/example_dags/example_task_group.py
[2024-02-16T16:41:19.350+0000] {logging_mixin.py:188} INFO - [2024-02-16T16:41:19.349+0000] {dag.py:3036} INFO - Sync 1 DAGs
[2024-02-16T16:41:19.369+0000] {logging_mixin.py:188} INFO - [2024-02-16T16:41:19.368+0000] {dag.py:3823} INFO - Setting next_dagrun for example_task_group to 2024-02-15 00:00:00+00:00, run_after=2024-02-16 00:00:00+00:00
[2024-02-16T16:41:19.383+0000] {processor.py:183} INFO - Processing /home/airflow/.local/lib/python3.8/site-packages/airflow/example_dags/example_task_group.py took 0.065 seconds
[2024-02-16T16:41:49.739+0000] {processor.py:161} INFO - Started process (PID=358) to work on /home/airflow/.local/lib/python3.8/site-packages/airflow/example_dags/example_task_group.py
[2024-02-16T16:41:49.740+0000] {processor.py:830} INFO - Processing file /home/airflow/.local/lib/python3.8/site-packages/airflow/example_dags/example_task_group.py for tasks to queue
[2024-02-16T16:41:49.741+0000] {logging_mixin.py:188} INFO - [2024-02-16T16:41:49.741+0000] {dagbag.py:538} INFO - Filling up the DagBag from /home/airflow/.local/lib/python3.8/site-packages/airflow/example_dags/example_task_group.py
[2024-02-16T16:41:49.746+0000] {processor.py:840} INFO - DAG(s) 'example_task_group' retrieved from /home/airflow/.local/lib/python3.8/site-packages/airflow/example_dags/example_task_group.py
[2024-02-16T16:41:49.763+0000] {logging_mixin.py:188} INFO - [2024-02-16T16:41:49.763+0000] {dag.py:3036} INFO - Sync 1 DAGs
[2024-02-16T16:41:49.783+0000] {logging_mixin.py:188} INFO - [2024-02-16T16:41:49.783+0000] {dag.py:3823} INFO - Setting next_dagrun for example_task_group to 2024-02-15 00:00:00+00:00, run_after=2024-02-16 00:00:00+00:00
[2024-02-16T16:41:49.802+0000] {processor.py:183} INFO - Processing /home/airflow/.local/lib/python3.8/site-packages/airflow/example_dags/example_task_group.py took 0.065 seconds
[2024-02-16T16:42:20.166+0000] {processor.py:161} INFO - Started process (PID=415) to work on /home/airflow/.local/lib/python3.8/site-packages/airflow/example_dags/example_task_group.py
[2024-02-16T16:42:20.167+0000] {processor.py:830} INFO - Processing file /home/airflow/.local/lib/python3.8/site-packages/airflow/example_dags/example_task_group.py for tasks to queue
[2024-02-16T16:42:20.169+0000] {logging_mixin.py:188} INFO - [2024-02-16T16:42:20.168+0000] {dagbag.py:538} INFO - Filling up the DagBag from /home/airflow/.local/lib/python3.8/site-packages/airflow/example_dags/example_task_group.py
[2024-02-16T16:42:20.177+0000] {processor.py:840} INFO - DAG(s) 'example_task_group' retrieved from /home/airflow/.local/lib/python3.8/site-packages/airflow/example_dags/example_task_group.py
[2024-02-16T16:42:20.196+0000] {logging_mixin.py:188} INFO - [2024-02-16T16:42:20.196+0000] {dag.py:3036} INFO - Sync 1 DAGs
[2024-02-16T16:42:20.214+0000] {logging_mixin.py:188} INFO - [2024-02-16T16:42:20.213+0000] {dag.py:3823} INFO - Setting next_dagrun for example_task_group to 2024-02-15 00:00:00+00:00, run_after=2024-02-16 00:00:00+00:00
[2024-02-16T16:42:20.230+0000] {processor.py:183} INFO - Processing /home/airflow/.local/lib/python3.8/site-packages/airflow/example_dags/example_task_group.py took 0.066 seconds
[2024-02-16T16:42:50.530+0000] {processor.py:161} INFO - Started process (PID=472) to work on /home/airflow/.local/lib/python3.8/site-packages/airflow/example_dags/example_task_group.py
[2024-02-16T16:42:50.531+0000] {processor.py:830} INFO - Processing file /home/airflow/.local/lib/python3.8/site-packages/airflow/example_dags/example_task_group.py for tasks to queue
[2024-02-16T16:42:50.532+0000] {logging_mixin.py:188} INFO - [2024-02-16T16:42:50.532+0000] {dagbag.py:538} INFO - Filling up the DagBag from /home/airflow/.local/lib/python3.8/site-packages/airflow/example_dags/example_task_group.py
[2024-02-16T16:42:50.538+0000] {processor.py:840} INFO - DAG(s) 'example_task_group' retrieved from /home/airflow/.local/lib/python3.8/site-packages/airflow/example_dags/example_task_group.py
[2024-02-16T16:42:50.554+0000] {logging_mixin.py:188} INFO - [2024-02-16T16:42:50.554+0000] {dag.py:3036} INFO - Sync 1 DAGs
[2024-02-16T16:42:50.570+0000] {logging_mixin.py:188} INFO - [2024-02-16T16:42:50.570+0000] {dag.py:3823} INFO - Setting next_dagrun for example_task_group to 2024-02-15 00:00:00+00:00, run_after=2024-02-16 00:00:00+00:00
[2024-02-16T16:42:50.585+0000] {processor.py:183} INFO - Processing /home/airflow/.local/lib/python3.8/site-packages/airflow/example_dags/example_task_group.py took 0.057 seconds
[2024-02-16T16:43:21.001+0000] {processor.py:161} INFO - Started process (PID=529) to work on /home/airflow/.local/lib/python3.8/site-packages/airflow/example_dags/example_task_group.py
[2024-02-16T16:43:21.002+0000] {processor.py:830} INFO - Processing file /home/airflow/.local/lib/python3.8/site-packages/airflow/example_dags/example_task_group.py for tasks to queue
[2024-02-16T16:43:21.003+0000] {logging_mixin.py:188} INFO - [2024-02-16T16:43:21.003+0000] {dagbag.py:538} INFO - Filling up the DagBag from /home/airflow/.local/lib/python3.8/site-packages/airflow/example_dags/example_task_group.py
[2024-02-16T16:43:21.008+0000] {processor.py:840} INFO - DAG(s) 'example_task_group' retrieved from /home/airflow/.local/lib/python3.8/site-packages/airflow/example_dags/example_task_group.py
[2024-02-16T16:43:21.025+0000] {logging_mixin.py:188} INFO - [2024-02-16T16:43:21.024+0000] {dag.py:3036} INFO - Sync 1 DAGs
[2024-02-16T16:43:21.043+0000] {logging_mixin.py:188} INFO - [2024-02-16T16:43:21.043+0000] {dag.py:3823} INFO - Setting next_dagrun for example_task_group to 2024-02-15 00:00:00+00:00, run_after=2024-02-16 00:00:00+00:00
[2024-02-16T16:43:21.058+0000] {processor.py:183} INFO - Processing /home/airflow/.local/lib/python3.8/site-packages/airflow/example_dags/example_task_group.py took 0.058 seconds
[2024-02-16T16:43:51.405+0000] {processor.py:161} INFO - Started process (PID=586) to work on /home/airflow/.local/lib/python3.8/site-packages/airflow/example_dags/example_task_group.py
[2024-02-16T16:43:51.406+0000] {processor.py:830} INFO - Processing file /home/airflow/.local/lib/python3.8/site-packages/airflow/example_dags/example_task_group.py for tasks to queue
[2024-02-16T16:43:51.407+0000] {logging_mixin.py:188} INFO - [2024-02-16T16:43:51.406+0000] {dagbag.py:538} INFO - Filling up the DagBag from /home/airflow/.local/lib/python3.8/site-packages/airflow/example_dags/example_task_group.py
[2024-02-16T16:43:51.412+0000] {processor.py:840} INFO - DAG(s) 'example_task_group' retrieved from /home/airflow/.local/lib/python3.8/site-packages/airflow/example_dags/example_task_group.py
[2024-02-16T16:43:51.429+0000] {logging_mixin.py:188} INFO - [2024-02-16T16:43:51.428+0000] {dag.py:3036} INFO - Sync 1 DAGs
[2024-02-16T16:43:51.446+0000] {logging_mixin.py:188} INFO - [2024-02-16T16:43:51.446+0000] {dag.py:3823} INFO - Setting next_dagrun for example_task_group to 2024-02-15 00:00:00+00:00, run_after=2024-02-16 00:00:00+00:00
[2024-02-16T16:43:51.461+0000] {processor.py:183} INFO - Processing /home/airflow/.local/lib/python3.8/site-packages/airflow/example_dags/example_task_group.py took 0.058 seconds
