[2024-02-16T16:20:17.781+0000] {processor.py:161} INFO - Started process (PID=59) to work on /home/airflow/.local/lib/python3.8/site-packages/airflow/example_dags/example_short_circuit_operator.py
[2024-02-16T16:20:17.782+0000] {processor.py:830} INFO - Processing file /home/airflow/.local/lib/python3.8/site-packages/airflow/example_dags/example_short_circuit_operator.py for tasks to queue
[2024-02-16T16:20:17.784+0000] {logging_mixin.py:188} INFO - [2024-02-16T16:20:17.783+0000] {dagbag.py:538} INFO - Filling up the DagBag from /home/airflow/.local/lib/python3.8/site-packages/airflow/example_dags/example_short_circuit_operator.py
[2024-02-16T16:20:17.793+0000] {processor.py:840} INFO - DAG(s) 'example_short_circuit_operator' retrieved from /home/airflow/.local/lib/python3.8/site-packages/airflow/example_dags/example_short_circuit_operator.py
[2024-02-16T16:20:17.802+0000] {logging_mixin.py:188} INFO - [2024-02-16T16:20:17.802+0000] {dag.py:3036} INFO - Sync 1 DAGs
[2024-02-16T16:20:17.822+0000] {logging_mixin.py:188} INFO - [2024-02-16T16:20:17.822+0000] {dag.py:3823} INFO - Setting next_dagrun for example_short_circuit_operator to 2024-02-15 00:00:00+00:00, run_after=2024-02-16 00:00:00+00:00
[2024-02-16T16:20:17.839+0000] {processor.py:183} INFO - Processing /home/airflow/.local/lib/python3.8/site-packages/airflow/example_dags/example_short_circuit_operator.py took 0.060 seconds
[2024-02-16T16:20:48.367+0000] {processor.py:161} INFO - Started process (PID=114) to work on /home/airflow/.local/lib/python3.8/site-packages/airflow/example_dags/example_short_circuit_operator.py
[2024-02-16T16:20:48.368+0000] {processor.py:830} INFO - Processing file /home/airflow/.local/lib/python3.8/site-packages/airflow/example_dags/example_short_circuit_operator.py for tasks to queue
[2024-02-16T16:20:48.369+0000] {logging_mixin.py:188} INFO - [2024-02-16T16:20:48.369+0000] {dagbag.py:538} INFO - Filling up the DagBag from /home/airflow/.local/lib/python3.8/site-packages/airflow/example_dags/example_short_circuit_operator.py
[2024-02-16T16:20:48.375+0000] {processor.py:840} INFO - DAG(s) 'example_short_circuit_operator' retrieved from /home/airflow/.local/lib/python3.8/site-packages/airflow/example_dags/example_short_circuit_operator.py
[2024-02-16T16:20:48.458+0000] {logging_mixin.py:188} INFO - [2024-02-16T16:20:48.458+0000] {dag.py:3036} INFO - Sync 1 DAGs
[2024-02-16T16:20:48.473+0000] {logging_mixin.py:188} INFO - [2024-02-16T16:20:48.473+0000] {dag.py:3823} INFO - Setting next_dagrun for example_short_circuit_operator to 2024-02-15 00:00:00+00:00, run_after=2024-02-16 00:00:00+00:00
[2024-02-16T16:20:48.488+0000] {processor.py:183} INFO - Processing /home/airflow/.local/lib/python3.8/site-packages/airflow/example_dags/example_short_circuit_operator.py took 0.122 seconds
[2024-02-16T16:21:18.558+0000] {processor.py:161} INFO - Started process (PID=169) to work on /home/airflow/.local/lib/python3.8/site-packages/airflow/example_dags/example_short_circuit_operator.py
[2024-02-16T16:21:18.558+0000] {processor.py:830} INFO - Processing file /home/airflow/.local/lib/python3.8/site-packages/airflow/example_dags/example_short_circuit_operator.py for tasks to queue
[2024-02-16T16:21:18.559+0000] {logging_mixin.py:188} INFO - [2024-02-16T16:21:18.559+0000] {dagbag.py:538} INFO - Filling up the DagBag from /home/airflow/.local/lib/python3.8/site-packages/airflow/example_dags/example_short_circuit_operator.py
[2024-02-16T16:21:18.564+0000] {processor.py:840} INFO - DAG(s) 'example_short_circuit_operator' retrieved from /home/airflow/.local/lib/python3.8/site-packages/airflow/example_dags/example_short_circuit_operator.py
[2024-02-16T16:21:18.580+0000] {logging_mixin.py:188} INFO - [2024-02-16T16:21:18.579+0000] {dag.py:3036} INFO - Sync 1 DAGs
[2024-02-16T16:21:18.594+0000] {logging_mixin.py:188} INFO - [2024-02-16T16:21:18.594+0000] {dag.py:3823} INFO - Setting next_dagrun for example_short_circuit_operator to 2024-02-15 00:00:00+00:00, run_after=2024-02-16 00:00:00+00:00
[2024-02-16T16:21:18.606+0000] {processor.py:183} INFO - Processing /home/airflow/.local/lib/python3.8/site-packages/airflow/example_dags/example_short_circuit_operator.py took 0.050 seconds
[2024-02-16T16:21:48.732+0000] {processor.py:161} INFO - Started process (PID=224) to work on /home/airflow/.local/lib/python3.8/site-packages/airflow/example_dags/example_short_circuit_operator.py
[2024-02-16T16:21:48.732+0000] {processor.py:830} INFO - Processing file /home/airflow/.local/lib/python3.8/site-packages/airflow/example_dags/example_short_circuit_operator.py for tasks to queue
[2024-02-16T16:21:48.733+0000] {logging_mixin.py:188} INFO - [2024-02-16T16:21:48.733+0000] {dagbag.py:538} INFO - Filling up the DagBag from /home/airflow/.local/lib/python3.8/site-packages/airflow/example_dags/example_short_circuit_operator.py
[2024-02-16T16:21:48.738+0000] {processor.py:840} INFO - DAG(s) 'example_short_circuit_operator' retrieved from /home/airflow/.local/lib/python3.8/site-packages/airflow/example_dags/example_short_circuit_operator.py
[2024-02-16T16:21:48.756+0000] {logging_mixin.py:188} INFO - [2024-02-16T16:21:48.756+0000] {dag.py:3036} INFO - Sync 1 DAGs
[2024-02-16T16:21:48.772+0000] {logging_mixin.py:188} INFO - [2024-02-16T16:21:48.772+0000] {dag.py:3823} INFO - Setting next_dagrun for example_short_circuit_operator to 2024-02-15 00:00:00+00:00, run_after=2024-02-16 00:00:00+00:00
[2024-02-16T16:21:48.786+0000] {processor.py:183} INFO - Processing /home/airflow/.local/lib/python3.8/site-packages/airflow/example_dags/example_short_circuit_operator.py took 0.056 seconds
[2024-02-16T16:22:18.896+0000] {processor.py:161} INFO - Started process (PID=279) to work on /home/airflow/.local/lib/python3.8/site-packages/airflow/example_dags/example_short_circuit_operator.py
[2024-02-16T16:22:18.897+0000] {processor.py:830} INFO - Processing file /home/airflow/.local/lib/python3.8/site-packages/airflow/example_dags/example_short_circuit_operator.py for tasks to queue
[2024-02-16T16:22:18.898+0000] {logging_mixin.py:188} INFO - [2024-02-16T16:22:18.898+0000] {dagbag.py:538} INFO - Filling up the DagBag from /home/airflow/.local/lib/python3.8/site-packages/airflow/example_dags/example_short_circuit_operator.py
[2024-02-16T16:22:18.904+0000] {processor.py:840} INFO - DAG(s) 'example_short_circuit_operator' retrieved from /home/airflow/.local/lib/python3.8/site-packages/airflow/example_dags/example_short_circuit_operator.py
[2024-02-16T16:22:18.921+0000] {logging_mixin.py:188} INFO - [2024-02-16T16:22:18.921+0000] {dag.py:3036} INFO - Sync 1 DAGs
[2024-02-16T16:22:18.938+0000] {logging_mixin.py:188} INFO - [2024-02-16T16:22:18.938+0000] {dag.py:3823} INFO - Setting next_dagrun for example_short_circuit_operator to 2024-02-15 00:00:00+00:00, run_after=2024-02-16 00:00:00+00:00
[2024-02-16T16:22:18.953+0000] {processor.py:183} INFO - Processing /home/airflow/.local/lib/python3.8/site-packages/airflow/example_dags/example_short_circuit_operator.py took 0.059 seconds
[2024-02-16T16:22:49.023+0000] {processor.py:161} INFO - Started process (PID=334) to work on /home/airflow/.local/lib/python3.8/site-packages/airflow/example_dags/example_short_circuit_operator.py
[2024-02-16T16:22:49.024+0000] {processor.py:830} INFO - Processing file /home/airflow/.local/lib/python3.8/site-packages/airflow/example_dags/example_short_circuit_operator.py for tasks to queue
[2024-02-16T16:22:49.025+0000] {logging_mixin.py:188} INFO - [2024-02-16T16:22:49.025+0000] {dagbag.py:538} INFO - Filling up the DagBag from /home/airflow/.local/lib/python3.8/site-packages/airflow/example_dags/example_short_circuit_operator.py
[2024-02-16T16:22:49.030+0000] {processor.py:840} INFO - DAG(s) 'example_short_circuit_operator' retrieved from /home/airflow/.local/lib/python3.8/site-packages/airflow/example_dags/example_short_circuit_operator.py
[2024-02-16T16:22:49.050+0000] {logging_mixin.py:188} INFO - [2024-02-16T16:22:49.050+0000] {dag.py:3036} INFO - Sync 1 DAGs
[2024-02-16T16:22:49.066+0000] {logging_mixin.py:188} INFO - [2024-02-16T16:22:49.066+0000] {dag.py:3823} INFO - Setting next_dagrun for example_short_circuit_operator to 2024-02-15 00:00:00+00:00, run_after=2024-02-16 00:00:00+00:00
[2024-02-16T16:22:49.082+0000] {processor.py:183} INFO - Processing /home/airflow/.local/lib/python3.8/site-packages/airflow/example_dags/example_short_circuit_operator.py took 0.061 seconds
[2024-02-16T16:23:19.345+0000] {processor.py:161} INFO - Started process (PID=389) to work on /home/airflow/.local/lib/python3.8/site-packages/airflow/example_dags/example_short_circuit_operator.py
[2024-02-16T16:23:19.345+0000] {processor.py:830} INFO - Processing file /home/airflow/.local/lib/python3.8/site-packages/airflow/example_dags/example_short_circuit_operator.py for tasks to queue
[2024-02-16T16:23:19.346+0000] {logging_mixin.py:188} INFO - [2024-02-16T16:23:19.346+0000] {dagbag.py:538} INFO - Filling up the DagBag from /home/airflow/.local/lib/python3.8/site-packages/airflow/example_dags/example_short_circuit_operator.py
[2024-02-16T16:23:19.352+0000] {processor.py:840} INFO - DAG(s) 'example_short_circuit_operator' retrieved from /home/airflow/.local/lib/python3.8/site-packages/airflow/example_dags/example_short_circuit_operator.py
[2024-02-16T16:23:19.369+0000] {logging_mixin.py:188} INFO - [2024-02-16T16:23:19.369+0000] {dag.py:3036} INFO - Sync 1 DAGs
[2024-02-16T16:23:19.385+0000] {logging_mixin.py:188} INFO - [2024-02-16T16:23:19.385+0000] {dag.py:3823} INFO - Setting next_dagrun for example_short_circuit_operator to 2024-02-15 00:00:00+00:00, run_after=2024-02-16 00:00:00+00:00
[2024-02-16T16:23:19.399+0000] {processor.py:183} INFO - Processing /home/airflow/.local/lib/python3.8/site-packages/airflow/example_dags/example_short_circuit_operator.py took 0.056 seconds
[2024-02-16T16:23:49.599+0000] {processor.py:161} INFO - Started process (PID=444) to work on /home/airflow/.local/lib/python3.8/site-packages/airflow/example_dags/example_short_circuit_operator.py
[2024-02-16T16:23:49.600+0000] {processor.py:830} INFO - Processing file /home/airflow/.local/lib/python3.8/site-packages/airflow/example_dags/example_short_circuit_operator.py for tasks to queue
[2024-02-16T16:23:49.601+0000] {logging_mixin.py:188} INFO - [2024-02-16T16:23:49.601+0000] {dagbag.py:538} INFO - Filling up the DagBag from /home/airflow/.local/lib/python3.8/site-packages/airflow/example_dags/example_short_circuit_operator.py
[2024-02-16T16:23:49.606+0000] {processor.py:840} INFO - DAG(s) 'example_short_circuit_operator' retrieved from /home/airflow/.local/lib/python3.8/site-packages/airflow/example_dags/example_short_circuit_operator.py
[2024-02-16T16:23:49.624+0000] {logging_mixin.py:188} INFO - [2024-02-16T16:23:49.624+0000] {dag.py:3036} INFO - Sync 1 DAGs
[2024-02-16T16:23:49.642+0000] {logging_mixin.py:188} INFO - [2024-02-16T16:23:49.642+0000] {dag.py:3823} INFO - Setting next_dagrun for example_short_circuit_operator to 2024-02-15 00:00:00+00:00, run_after=2024-02-16 00:00:00+00:00
[2024-02-16T16:23:49.657+0000] {processor.py:183} INFO - Processing /home/airflow/.local/lib/python3.8/site-packages/airflow/example_dags/example_short_circuit_operator.py took 0.059 seconds
[2024-02-16T16:24:19.852+0000] {processor.py:161} INFO - Started process (PID=499) to work on /home/airflow/.local/lib/python3.8/site-packages/airflow/example_dags/example_short_circuit_operator.py
[2024-02-16T16:24:19.852+0000] {processor.py:830} INFO - Processing file /home/airflow/.local/lib/python3.8/site-packages/airflow/example_dags/example_short_circuit_operator.py for tasks to queue
[2024-02-16T16:24:19.853+0000] {logging_mixin.py:188} INFO - [2024-02-16T16:24:19.853+0000] {dagbag.py:538} INFO - Filling up the DagBag from /home/airflow/.local/lib/python3.8/site-packages/airflow/example_dags/example_short_circuit_operator.py
[2024-02-16T16:24:19.859+0000] {processor.py:840} INFO - DAG(s) 'example_short_circuit_operator' retrieved from /home/airflow/.local/lib/python3.8/site-packages/airflow/example_dags/example_short_circuit_operator.py
[2024-02-16T16:24:19.876+0000] {logging_mixin.py:188} INFO - [2024-02-16T16:24:19.876+0000] {dag.py:3036} INFO - Sync 1 DAGs
[2024-02-16T16:24:19.894+0000] {logging_mixin.py:188} INFO - [2024-02-16T16:24:19.894+0000] {dag.py:3823} INFO - Setting next_dagrun for example_short_circuit_operator to 2024-02-15 00:00:00+00:00, run_after=2024-02-16 00:00:00+00:00
[2024-02-16T16:24:19.909+0000] {processor.py:183} INFO - Processing /home/airflow/.local/lib/python3.8/site-packages/airflow/example_dags/example_short_circuit_operator.py took 0.060 seconds
[2024-02-16T16:24:50.110+0000] {processor.py:161} INFO - Started process (PID=554) to work on /home/airflow/.local/lib/python3.8/site-packages/airflow/example_dags/example_short_circuit_operator.py
[2024-02-16T16:24:50.111+0000] {processor.py:830} INFO - Processing file /home/airflow/.local/lib/python3.8/site-packages/airflow/example_dags/example_short_circuit_operator.py for tasks to queue
[2024-02-16T16:24:50.112+0000] {logging_mixin.py:188} INFO - [2024-02-16T16:24:50.112+0000] {dagbag.py:538} INFO - Filling up the DagBag from /home/airflow/.local/lib/python3.8/site-packages/airflow/example_dags/example_short_circuit_operator.py
[2024-02-16T16:24:50.117+0000] {processor.py:840} INFO - DAG(s) 'example_short_circuit_operator' retrieved from /home/airflow/.local/lib/python3.8/site-packages/airflow/example_dags/example_short_circuit_operator.py
[2024-02-16T16:24:50.137+0000] {logging_mixin.py:188} INFO - [2024-02-16T16:24:50.137+0000] {dag.py:3036} INFO - Sync 1 DAGs
[2024-02-16T16:24:50.155+0000] {logging_mixin.py:188} INFO - [2024-02-16T16:24:50.155+0000] {dag.py:3823} INFO - Setting next_dagrun for example_short_circuit_operator to 2024-02-15 00:00:00+00:00, run_after=2024-02-16 00:00:00+00:00
[2024-02-16T16:24:50.173+0000] {processor.py:183} INFO - Processing /home/airflow/.local/lib/python3.8/site-packages/airflow/example_dags/example_short_circuit_operator.py took 0.065 seconds
[2024-02-16T16:25:20.286+0000] {processor.py:161} INFO - Started process (PID=609) to work on /home/airflow/.local/lib/python3.8/site-packages/airflow/example_dags/example_short_circuit_operator.py
[2024-02-16T16:25:20.287+0000] {processor.py:830} INFO - Processing file /home/airflow/.local/lib/python3.8/site-packages/airflow/example_dags/example_short_circuit_operator.py for tasks to queue
[2024-02-16T16:25:20.288+0000] {logging_mixin.py:188} INFO - [2024-02-16T16:25:20.288+0000] {dagbag.py:538} INFO - Filling up the DagBag from /home/airflow/.local/lib/python3.8/site-packages/airflow/example_dags/example_short_circuit_operator.py
[2024-02-16T16:25:20.294+0000] {processor.py:840} INFO - DAG(s) 'example_short_circuit_operator' retrieved from /home/airflow/.local/lib/python3.8/site-packages/airflow/example_dags/example_short_circuit_operator.py
[2024-02-16T16:25:20.312+0000] {logging_mixin.py:188} INFO - [2024-02-16T16:25:20.312+0000] {dag.py:3036} INFO - Sync 1 DAGs
[2024-02-16T16:25:20.329+0000] {logging_mixin.py:188} INFO - [2024-02-16T16:25:20.329+0000] {dag.py:3823} INFO - Setting next_dagrun for example_short_circuit_operator to 2024-02-15 00:00:00+00:00, run_after=2024-02-16 00:00:00+00:00
[2024-02-16T16:25:20.346+0000] {processor.py:183} INFO - Processing /home/airflow/.local/lib/python3.8/site-packages/airflow/example_dags/example_short_circuit_operator.py took 0.062 seconds
[2024-02-16T16:25:50.536+0000] {processor.py:161} INFO - Started process (PID=664) to work on /home/airflow/.local/lib/python3.8/site-packages/airflow/example_dags/example_short_circuit_operator.py
[2024-02-16T16:25:50.537+0000] {processor.py:830} INFO - Processing file /home/airflow/.local/lib/python3.8/site-packages/airflow/example_dags/example_short_circuit_operator.py for tasks to queue
[2024-02-16T16:25:50.538+0000] {logging_mixin.py:188} INFO - [2024-02-16T16:25:50.538+0000] {dagbag.py:538} INFO - Filling up the DagBag from /home/airflow/.local/lib/python3.8/site-packages/airflow/example_dags/example_short_circuit_operator.py
[2024-02-16T16:25:50.543+0000] {processor.py:840} INFO - DAG(s) 'example_short_circuit_operator' retrieved from /home/airflow/.local/lib/python3.8/site-packages/airflow/example_dags/example_short_circuit_operator.py
[2024-02-16T16:25:50.559+0000] {logging_mixin.py:188} INFO - [2024-02-16T16:25:50.558+0000] {dag.py:3036} INFO - Sync 1 DAGs
[2024-02-16T16:25:50.574+0000] {logging_mixin.py:188} INFO - [2024-02-16T16:25:50.574+0000] {dag.py:3823} INFO - Setting next_dagrun for example_short_circuit_operator to 2024-02-15 00:00:00+00:00, run_after=2024-02-16 00:00:00+00:00
[2024-02-16T16:25:50.587+0000] {processor.py:183} INFO - Processing /home/airflow/.local/lib/python3.8/site-packages/airflow/example_dags/example_short_circuit_operator.py took 0.053 seconds
[2024-02-16T16:26:20.734+0000] {processor.py:161} INFO - Started process (PID=719) to work on /home/airflow/.local/lib/python3.8/site-packages/airflow/example_dags/example_short_circuit_operator.py
[2024-02-16T16:26:20.735+0000] {processor.py:830} INFO - Processing file /home/airflow/.local/lib/python3.8/site-packages/airflow/example_dags/example_short_circuit_operator.py for tasks to queue
[2024-02-16T16:26:20.736+0000] {logging_mixin.py:188} INFO - [2024-02-16T16:26:20.736+0000] {dagbag.py:538} INFO - Filling up the DagBag from /home/airflow/.local/lib/python3.8/site-packages/airflow/example_dags/example_short_circuit_operator.py
[2024-02-16T16:26:20.743+0000] {processor.py:840} INFO - DAG(s) 'example_short_circuit_operator' retrieved from /home/airflow/.local/lib/python3.8/site-packages/airflow/example_dags/example_short_circuit_operator.py
[2024-02-16T16:26:20.760+0000] {logging_mixin.py:188} INFO - [2024-02-16T16:26:20.759+0000] {dag.py:3036} INFO - Sync 1 DAGs
[2024-02-16T16:26:20.777+0000] {logging_mixin.py:188} INFO - [2024-02-16T16:26:20.777+0000] {dag.py:3823} INFO - Setting next_dagrun for example_short_circuit_operator to 2024-02-15 00:00:00+00:00, run_after=2024-02-16 00:00:00+00:00
[2024-02-16T16:26:20.792+0000] {processor.py:183} INFO - Processing /home/airflow/.local/lib/python3.8/site-packages/airflow/example_dags/example_short_circuit_operator.py took 0.059 seconds
[2024-02-16T16:26:51.090+0000] {processor.py:161} INFO - Started process (PID=774) to work on /home/airflow/.local/lib/python3.8/site-packages/airflow/example_dags/example_short_circuit_operator.py
[2024-02-16T16:26:51.091+0000] {processor.py:830} INFO - Processing file /home/airflow/.local/lib/python3.8/site-packages/airflow/example_dags/example_short_circuit_operator.py for tasks to queue
[2024-02-16T16:26:51.092+0000] {logging_mixin.py:188} INFO - [2024-02-16T16:26:51.092+0000] {dagbag.py:538} INFO - Filling up the DagBag from /home/airflow/.local/lib/python3.8/site-packages/airflow/example_dags/example_short_circuit_operator.py
[2024-02-16T16:26:51.097+0000] {processor.py:840} INFO - DAG(s) 'example_short_circuit_operator' retrieved from /home/airflow/.local/lib/python3.8/site-packages/airflow/example_dags/example_short_circuit_operator.py
[2024-02-16T16:26:51.115+0000] {logging_mixin.py:188} INFO - [2024-02-16T16:26:51.115+0000] {dag.py:3036} INFO - Sync 1 DAGs
[2024-02-16T16:26:51.135+0000] {logging_mixin.py:188} INFO - [2024-02-16T16:26:51.135+0000] {dag.py:3823} INFO - Setting next_dagrun for example_short_circuit_operator to 2024-02-15 00:00:00+00:00, run_after=2024-02-16 00:00:00+00:00
[2024-02-16T16:26:51.178+0000] {processor.py:183} INFO - Processing /home/airflow/.local/lib/python3.8/site-packages/airflow/example_dags/example_short_circuit_operator.py took 0.089 seconds
[2024-02-16T16:27:21.226+0000] {processor.py:161} INFO - Started process (PID=829) to work on /home/airflow/.local/lib/python3.8/site-packages/airflow/example_dags/example_short_circuit_operator.py
[2024-02-16T16:27:21.227+0000] {processor.py:830} INFO - Processing file /home/airflow/.local/lib/python3.8/site-packages/airflow/example_dags/example_short_circuit_operator.py for tasks to queue
[2024-02-16T16:27:21.228+0000] {logging_mixin.py:188} INFO - [2024-02-16T16:27:21.228+0000] {dagbag.py:538} INFO - Filling up the DagBag from /home/airflow/.local/lib/python3.8/site-packages/airflow/example_dags/example_short_circuit_operator.py
[2024-02-16T16:27:21.234+0000] {processor.py:840} INFO - DAG(s) 'example_short_circuit_operator' retrieved from /home/airflow/.local/lib/python3.8/site-packages/airflow/example_dags/example_short_circuit_operator.py
[2024-02-16T16:27:21.253+0000] {logging_mixin.py:188} INFO - [2024-02-16T16:27:21.253+0000] {dag.py:3036} INFO - Sync 1 DAGs
[2024-02-16T16:27:21.273+0000] {logging_mixin.py:188} INFO - [2024-02-16T16:27:21.272+0000] {dag.py:3823} INFO - Setting next_dagrun for example_short_circuit_operator to 2024-02-15 00:00:00+00:00, run_after=2024-02-16 00:00:00+00:00
[2024-02-16T16:27:21.286+0000] {processor.py:183} INFO - Processing /home/airflow/.local/lib/python3.8/site-packages/airflow/example_dags/example_short_circuit_operator.py took 0.062 seconds
[2024-02-16T16:27:52.300+0000] {processor.py:161} INFO - Started process (PID=884) to work on /home/airflow/.local/lib/python3.8/site-packages/airflow/example_dags/example_short_circuit_operator.py
[2024-02-16T16:27:52.301+0000] {processor.py:830} INFO - Processing file /home/airflow/.local/lib/python3.8/site-packages/airflow/example_dags/example_short_circuit_operator.py for tasks to queue
[2024-02-16T16:27:52.302+0000] {logging_mixin.py:188} INFO - [2024-02-16T16:27:52.302+0000] {dagbag.py:538} INFO - Filling up the DagBag from /home/airflow/.local/lib/python3.8/site-packages/airflow/example_dags/example_short_circuit_operator.py
[2024-02-16T16:27:52.308+0000] {processor.py:840} INFO - DAG(s) 'example_short_circuit_operator' retrieved from /home/airflow/.local/lib/python3.8/site-packages/airflow/example_dags/example_short_circuit_operator.py
[2024-02-16T16:27:52.325+0000] {logging_mixin.py:188} INFO - [2024-02-16T16:27:52.325+0000] {dag.py:3036} INFO - Sync 1 DAGs
[2024-02-16T16:27:52.341+0000] {logging_mixin.py:188} INFO - [2024-02-16T16:27:52.341+0000] {dag.py:3823} INFO - Setting next_dagrun for example_short_circuit_operator to 2024-02-15 00:00:00+00:00, run_after=2024-02-16 00:00:00+00:00
[2024-02-16T16:27:52.355+0000] {processor.py:183} INFO - Processing /home/airflow/.local/lib/python3.8/site-packages/airflow/example_dags/example_short_circuit_operator.py took 0.057 seconds
[2024-02-16T16:28:22.563+0000] {processor.py:161} INFO - Started process (PID=939) to work on /home/airflow/.local/lib/python3.8/site-packages/airflow/example_dags/example_short_circuit_operator.py
[2024-02-16T16:28:22.564+0000] {processor.py:830} INFO - Processing file /home/airflow/.local/lib/python3.8/site-packages/airflow/example_dags/example_short_circuit_operator.py for tasks to queue
[2024-02-16T16:28:22.566+0000] {logging_mixin.py:188} INFO - [2024-02-16T16:28:22.565+0000] {dagbag.py:538} INFO - Filling up the DagBag from /home/airflow/.local/lib/python3.8/site-packages/airflow/example_dags/example_short_circuit_operator.py
[2024-02-16T16:28:22.571+0000] {processor.py:840} INFO - DAG(s) 'example_short_circuit_operator' retrieved from /home/airflow/.local/lib/python3.8/site-packages/airflow/example_dags/example_short_circuit_operator.py
[2024-02-16T16:28:22.590+0000] {logging_mixin.py:188} INFO - [2024-02-16T16:28:22.590+0000] {dag.py:3036} INFO - Sync 1 DAGs
[2024-02-16T16:28:22.609+0000] {logging_mixin.py:188} INFO - [2024-02-16T16:28:22.608+0000] {dag.py:3823} INFO - Setting next_dagrun for example_short_circuit_operator to 2024-02-15 00:00:00+00:00, run_after=2024-02-16 00:00:00+00:00
[2024-02-16T16:28:22.625+0000] {processor.py:183} INFO - Processing /home/airflow/.local/lib/python3.8/site-packages/airflow/example_dags/example_short_circuit_operator.py took 0.064 seconds
[2024-02-16T16:28:52.797+0000] {processor.py:161} INFO - Started process (PID=994) to work on /home/airflow/.local/lib/python3.8/site-packages/airflow/example_dags/example_short_circuit_operator.py
[2024-02-16T16:28:52.798+0000] {processor.py:830} INFO - Processing file /home/airflow/.local/lib/python3.8/site-packages/airflow/example_dags/example_short_circuit_operator.py for tasks to queue
[2024-02-16T16:28:52.799+0000] {logging_mixin.py:188} INFO - [2024-02-16T16:28:52.798+0000] {dagbag.py:538} INFO - Filling up the DagBag from /home/airflow/.local/lib/python3.8/site-packages/airflow/example_dags/example_short_circuit_operator.py
[2024-02-16T16:28:52.804+0000] {processor.py:840} INFO - DAG(s) 'example_short_circuit_operator' retrieved from /home/airflow/.local/lib/python3.8/site-packages/airflow/example_dags/example_short_circuit_operator.py
[2024-02-16T16:28:52.820+0000] {logging_mixin.py:188} INFO - [2024-02-16T16:28:52.820+0000] {dag.py:3036} INFO - Sync 1 DAGs
[2024-02-16T16:28:52.835+0000] {logging_mixin.py:188} INFO - [2024-02-16T16:28:52.835+0000] {dag.py:3823} INFO - Setting next_dagrun for example_short_circuit_operator to 2024-02-15 00:00:00+00:00, run_after=2024-02-16 00:00:00+00:00
[2024-02-16T16:28:52.847+0000] {processor.py:183} INFO - Processing /home/airflow/.local/lib/python3.8/site-packages/airflow/example_dags/example_short_circuit_operator.py took 0.052 seconds
[2024-02-16T16:29:22.940+0000] {processor.py:161} INFO - Started process (PID=1049) to work on /home/airflow/.local/lib/python3.8/site-packages/airflow/example_dags/example_short_circuit_operator.py
[2024-02-16T16:29:22.941+0000] {processor.py:830} INFO - Processing file /home/airflow/.local/lib/python3.8/site-packages/airflow/example_dags/example_short_circuit_operator.py for tasks to queue
[2024-02-16T16:29:22.942+0000] {logging_mixin.py:188} INFO - [2024-02-16T16:29:22.942+0000] {dagbag.py:538} INFO - Filling up the DagBag from /home/airflow/.local/lib/python3.8/site-packages/airflow/example_dags/example_short_circuit_operator.py
[2024-02-16T16:29:22.947+0000] {processor.py:840} INFO - DAG(s) 'example_short_circuit_operator' retrieved from /home/airflow/.local/lib/python3.8/site-packages/airflow/example_dags/example_short_circuit_operator.py
[2024-02-16T16:29:22.963+0000] {logging_mixin.py:188} INFO - [2024-02-16T16:29:22.963+0000] {dag.py:3036} INFO - Sync 1 DAGs
[2024-02-16T16:29:22.979+0000] {logging_mixin.py:188} INFO - [2024-02-16T16:29:22.979+0000] {dag.py:3823} INFO - Setting next_dagrun for example_short_circuit_operator to 2024-02-15 00:00:00+00:00, run_after=2024-02-16 00:00:00+00:00
[2024-02-16T16:29:22.992+0000] {processor.py:183} INFO - Processing /home/airflow/.local/lib/python3.8/site-packages/airflow/example_dags/example_short_circuit_operator.py took 0.053 seconds
[2024-02-16T16:29:53.228+0000] {processor.py:161} INFO - Started process (PID=1104) to work on /home/airflow/.local/lib/python3.8/site-packages/airflow/example_dags/example_short_circuit_operator.py
[2024-02-16T16:29:53.229+0000] {processor.py:830} INFO - Processing file /home/airflow/.local/lib/python3.8/site-packages/airflow/example_dags/example_short_circuit_operator.py for tasks to queue
[2024-02-16T16:29:53.230+0000] {logging_mixin.py:188} INFO - [2024-02-16T16:29:53.230+0000] {dagbag.py:538} INFO - Filling up the DagBag from /home/airflow/.local/lib/python3.8/site-packages/airflow/example_dags/example_short_circuit_operator.py
[2024-02-16T16:29:53.235+0000] {processor.py:840} INFO - DAG(s) 'example_short_circuit_operator' retrieved from /home/airflow/.local/lib/python3.8/site-packages/airflow/example_dags/example_short_circuit_operator.py
[2024-02-16T16:29:53.254+0000] {logging_mixin.py:188} INFO - [2024-02-16T16:29:53.253+0000] {dag.py:3036} INFO - Sync 1 DAGs
[2024-02-16T16:29:53.270+0000] {logging_mixin.py:188} INFO - [2024-02-16T16:29:53.270+0000] {dag.py:3823} INFO - Setting next_dagrun for example_short_circuit_operator to 2024-02-15 00:00:00+00:00, run_after=2024-02-16 00:00:00+00:00
[2024-02-16T16:29:53.285+0000] {processor.py:183} INFO - Processing /home/airflow/.local/lib/python3.8/site-packages/airflow/example_dags/example_short_circuit_operator.py took 0.059 seconds
[2024-02-16T16:30:24.209+0000] {processor.py:161} INFO - Started process (PID=1160) to work on /home/airflow/.local/lib/python3.8/site-packages/airflow/example_dags/example_short_circuit_operator.py
[2024-02-16T16:30:24.210+0000] {processor.py:830} INFO - Processing file /home/airflow/.local/lib/python3.8/site-packages/airflow/example_dags/example_short_circuit_operator.py for tasks to queue
[2024-02-16T16:30:24.211+0000] {logging_mixin.py:188} INFO - [2024-02-16T16:30:24.211+0000] {dagbag.py:538} INFO - Filling up the DagBag from /home/airflow/.local/lib/python3.8/site-packages/airflow/example_dags/example_short_circuit_operator.py
[2024-02-16T16:30:24.216+0000] {processor.py:840} INFO - DAG(s) 'example_short_circuit_operator' retrieved from /home/airflow/.local/lib/python3.8/site-packages/airflow/example_dags/example_short_circuit_operator.py
[2024-02-16T16:30:24.232+0000] {logging_mixin.py:188} INFO - [2024-02-16T16:30:24.231+0000] {dag.py:3036} INFO - Sync 1 DAGs
[2024-02-16T16:30:24.246+0000] {logging_mixin.py:188} INFO - [2024-02-16T16:30:24.246+0000] {dag.py:3823} INFO - Setting next_dagrun for example_short_circuit_operator to 2024-02-15 00:00:00+00:00, run_after=2024-02-16 00:00:00+00:00
[2024-02-16T16:30:24.259+0000] {processor.py:183} INFO - Processing /home/airflow/.local/lib/python3.8/site-packages/airflow/example_dags/example_short_circuit_operator.py took 0.051 seconds
[2024-02-16T16:31:26.856+0000] {processor.py:161} INFO - Started process (PID=60) to work on /home/airflow/.local/lib/python3.8/site-packages/airflow/example_dags/example_short_circuit_operator.py
[2024-02-16T16:31:26.857+0000] {processor.py:830} INFO - Processing file /home/airflow/.local/lib/python3.8/site-packages/airflow/example_dags/example_short_circuit_operator.py for tasks to queue
[2024-02-16T16:31:26.858+0000] {logging_mixin.py:188} INFO - [2024-02-16T16:31:26.858+0000] {dagbag.py:538} INFO - Filling up the DagBag from /home/airflow/.local/lib/python3.8/site-packages/airflow/example_dags/example_short_circuit_operator.py
[2024-02-16T16:31:26.865+0000] {processor.py:840} INFO - DAG(s) 'example_short_circuit_operator' retrieved from /home/airflow/.local/lib/python3.8/site-packages/airflow/example_dags/example_short_circuit_operator.py
[2024-02-16T16:31:26.874+0000] {logging_mixin.py:188} INFO - [2024-02-16T16:31:26.873+0000] {dag.py:3036} INFO - Sync 1 DAGs
[2024-02-16T16:31:26.893+0000] {logging_mixin.py:188} INFO - [2024-02-16T16:31:26.892+0000] {dag.py:3823} INFO - Setting next_dagrun for example_short_circuit_operator to 2024-02-15 00:00:00+00:00, run_after=2024-02-16 00:00:00+00:00
[2024-02-16T16:31:26.908+0000] {processor.py:183} INFO - Processing /home/airflow/.local/lib/python3.8/site-packages/airflow/example_dags/example_short_circuit_operator.py took 0.054 seconds
[2024-02-16T16:31:58.129+0000] {processor.py:161} INFO - Started process (PID=116) to work on /home/airflow/.local/lib/python3.8/site-packages/airflow/example_dags/example_short_circuit_operator.py
[2024-02-16T16:31:58.130+0000] {processor.py:830} INFO - Processing file /home/airflow/.local/lib/python3.8/site-packages/airflow/example_dags/example_short_circuit_operator.py for tasks to queue
[2024-02-16T16:31:58.131+0000] {logging_mixin.py:188} INFO - [2024-02-16T16:31:58.130+0000] {dagbag.py:538} INFO - Filling up the DagBag from /home/airflow/.local/lib/python3.8/site-packages/airflow/example_dags/example_short_circuit_operator.py
[2024-02-16T16:31:58.136+0000] {processor.py:840} INFO - DAG(s) 'example_short_circuit_operator' retrieved from /home/airflow/.local/lib/python3.8/site-packages/airflow/example_dags/example_short_circuit_operator.py
[2024-02-16T16:31:58.210+0000] {logging_mixin.py:188} INFO - [2024-02-16T16:31:58.210+0000] {dag.py:3036} INFO - Sync 1 DAGs
[2024-02-16T16:31:58.225+0000] {logging_mixin.py:188} INFO - [2024-02-16T16:31:58.225+0000] {dag.py:3823} INFO - Setting next_dagrun for example_short_circuit_operator to 2024-02-15 00:00:00+00:00, run_after=2024-02-16 00:00:00+00:00
[2024-02-16T16:31:58.239+0000] {processor.py:183} INFO - Processing /home/airflow/.local/lib/python3.8/site-packages/airflow/example_dags/example_short_circuit_operator.py took 0.112 seconds
[2024-02-16T16:32:28.792+0000] {processor.py:161} INFO - Started process (PID=172) to work on /home/airflow/.local/lib/python3.8/site-packages/airflow/example_dags/example_short_circuit_operator.py
[2024-02-16T16:32:28.793+0000] {processor.py:830} INFO - Processing file /home/airflow/.local/lib/python3.8/site-packages/airflow/example_dags/example_short_circuit_operator.py for tasks to queue
[2024-02-16T16:32:28.794+0000] {logging_mixin.py:188} INFO - [2024-02-16T16:32:28.794+0000] {dagbag.py:538} INFO - Filling up the DagBag from /home/airflow/.local/lib/python3.8/site-packages/airflow/example_dags/example_short_circuit_operator.py
[2024-02-16T16:32:28.799+0000] {processor.py:840} INFO - DAG(s) 'example_short_circuit_operator' retrieved from /home/airflow/.local/lib/python3.8/site-packages/airflow/example_dags/example_short_circuit_operator.py
[2024-02-16T16:32:28.815+0000] {logging_mixin.py:188} INFO - [2024-02-16T16:32:28.815+0000] {dag.py:3036} INFO - Sync 1 DAGs
[2024-02-16T16:32:28.831+0000] {logging_mixin.py:188} INFO - [2024-02-16T16:32:28.831+0000] {dag.py:3823} INFO - Setting next_dagrun for example_short_circuit_operator to 2024-02-15 00:00:00+00:00, run_after=2024-02-16 00:00:00+00:00
[2024-02-16T16:32:28.844+0000] {processor.py:183} INFO - Processing /home/airflow/.local/lib/python3.8/site-packages/airflow/example_dags/example_short_circuit_operator.py took 0.054 seconds
[2024-02-16T16:32:58.994+0000] {processor.py:161} INFO - Started process (PID=228) to work on /home/airflow/.local/lib/python3.8/site-packages/airflow/example_dags/example_short_circuit_operator.py
[2024-02-16T16:32:58.995+0000] {processor.py:830} INFO - Processing file /home/airflow/.local/lib/python3.8/site-packages/airflow/example_dags/example_short_circuit_operator.py for tasks to queue
[2024-02-16T16:32:58.996+0000] {logging_mixin.py:188} INFO - [2024-02-16T16:32:58.996+0000] {dagbag.py:538} INFO - Filling up the DagBag from /home/airflow/.local/lib/python3.8/site-packages/airflow/example_dags/example_short_circuit_operator.py
[2024-02-16T16:32:59.001+0000] {processor.py:840} INFO - DAG(s) 'example_short_circuit_operator' retrieved from /home/airflow/.local/lib/python3.8/site-packages/airflow/example_dags/example_short_circuit_operator.py
[2024-02-16T16:32:59.017+0000] {logging_mixin.py:188} INFO - [2024-02-16T16:32:59.016+0000] {dag.py:3036} INFO - Sync 1 DAGs
[2024-02-16T16:32:59.031+0000] {logging_mixin.py:188} INFO - [2024-02-16T16:32:59.031+0000] {dag.py:3823} INFO - Setting next_dagrun for example_short_circuit_operator to 2024-02-15 00:00:00+00:00, run_after=2024-02-16 00:00:00+00:00
[2024-02-16T16:32:59.045+0000] {processor.py:183} INFO - Processing /home/airflow/.local/lib/python3.8/site-packages/airflow/example_dags/example_short_circuit_operator.py took 0.052 seconds
[2024-02-16T16:33:29.298+0000] {processor.py:161} INFO - Started process (PID=284) to work on /home/airflow/.local/lib/python3.8/site-packages/airflow/example_dags/example_short_circuit_operator.py
[2024-02-16T16:33:29.299+0000] {processor.py:830} INFO - Processing file /home/airflow/.local/lib/python3.8/site-packages/airflow/example_dags/example_short_circuit_operator.py for tasks to queue
[2024-02-16T16:33:29.300+0000] {logging_mixin.py:188} INFO - [2024-02-16T16:33:29.300+0000] {dagbag.py:538} INFO - Filling up the DagBag from /home/airflow/.local/lib/python3.8/site-packages/airflow/example_dags/example_short_circuit_operator.py
[2024-02-16T16:33:29.305+0000] {processor.py:840} INFO - DAG(s) 'example_short_circuit_operator' retrieved from /home/airflow/.local/lib/python3.8/site-packages/airflow/example_dags/example_short_circuit_operator.py
[2024-02-16T16:33:29.322+0000] {logging_mixin.py:188} INFO - [2024-02-16T16:33:29.321+0000] {dag.py:3036} INFO - Sync 1 DAGs
[2024-02-16T16:33:29.337+0000] {logging_mixin.py:188} INFO - [2024-02-16T16:33:29.337+0000] {dag.py:3823} INFO - Setting next_dagrun for example_short_circuit_operator to 2024-02-15 00:00:00+00:00, run_after=2024-02-16 00:00:00+00:00
[2024-02-16T16:33:29.349+0000] {processor.py:183} INFO - Processing /home/airflow/.local/lib/python3.8/site-packages/airflow/example_dags/example_short_circuit_operator.py took 0.053 seconds
[2024-02-16T16:33:59.427+0000] {processor.py:161} INFO - Started process (PID=340) to work on /home/airflow/.local/lib/python3.8/site-packages/airflow/example_dags/example_short_circuit_operator.py
[2024-02-16T16:33:59.427+0000] {processor.py:830} INFO - Processing file /home/airflow/.local/lib/python3.8/site-packages/airflow/example_dags/example_short_circuit_operator.py for tasks to queue
[2024-02-16T16:33:59.429+0000] {logging_mixin.py:188} INFO - [2024-02-16T16:33:59.428+0000] {dagbag.py:538} INFO - Filling up the DagBag from /home/airflow/.local/lib/python3.8/site-packages/airflow/example_dags/example_short_circuit_operator.py
[2024-02-16T16:33:59.434+0000] {processor.py:840} INFO - DAG(s) 'example_short_circuit_operator' retrieved from /home/airflow/.local/lib/python3.8/site-packages/airflow/example_dags/example_short_circuit_operator.py
[2024-02-16T16:33:59.457+0000] {logging_mixin.py:188} INFO - [2024-02-16T16:33:59.457+0000] {dag.py:3036} INFO - Sync 1 DAGs
[2024-02-16T16:33:59.473+0000] {logging_mixin.py:188} INFO - [2024-02-16T16:33:59.473+0000] {dag.py:3823} INFO - Setting next_dagrun for example_short_circuit_operator to 2024-02-15 00:00:00+00:00, run_after=2024-02-16 00:00:00+00:00
[2024-02-16T16:33:59.487+0000] {processor.py:183} INFO - Processing /home/airflow/.local/lib/python3.8/site-packages/airflow/example_dags/example_short_circuit_operator.py took 0.063 seconds
[2024-02-16T16:34:29.697+0000] {processor.py:161} INFO - Started process (PID=396) to work on /home/airflow/.local/lib/python3.8/site-packages/airflow/example_dags/example_short_circuit_operator.py
[2024-02-16T16:34:29.698+0000] {processor.py:830} INFO - Processing file /home/airflow/.local/lib/python3.8/site-packages/airflow/example_dags/example_short_circuit_operator.py for tasks to queue
[2024-02-16T16:34:29.699+0000] {logging_mixin.py:188} INFO - [2024-02-16T16:34:29.698+0000] {dagbag.py:538} INFO - Filling up the DagBag from /home/airflow/.local/lib/python3.8/site-packages/airflow/example_dags/example_short_circuit_operator.py
[2024-02-16T16:34:29.703+0000] {processor.py:840} INFO - DAG(s) 'example_short_circuit_operator' retrieved from /home/airflow/.local/lib/python3.8/site-packages/airflow/example_dags/example_short_circuit_operator.py
[2024-02-16T16:34:29.720+0000] {logging_mixin.py:188} INFO - [2024-02-16T16:34:29.719+0000] {dag.py:3036} INFO - Sync 1 DAGs
[2024-02-16T16:34:29.735+0000] {logging_mixin.py:188} INFO - [2024-02-16T16:34:29.735+0000] {dag.py:3823} INFO - Setting next_dagrun for example_short_circuit_operator to 2024-02-15 00:00:00+00:00, run_after=2024-02-16 00:00:00+00:00
[2024-02-16T16:34:29.748+0000] {processor.py:183} INFO - Processing /home/airflow/.local/lib/python3.8/site-packages/airflow/example_dags/example_short_circuit_operator.py took 0.053 seconds
[2024-02-16T16:34:59.983+0000] {processor.py:161} INFO - Started process (PID=452) to work on /home/airflow/.local/lib/python3.8/site-packages/airflow/example_dags/example_short_circuit_operator.py
[2024-02-16T16:34:59.984+0000] {processor.py:830} INFO - Processing file /home/airflow/.local/lib/python3.8/site-packages/airflow/example_dags/example_short_circuit_operator.py for tasks to queue
[2024-02-16T16:34:59.985+0000] {logging_mixin.py:188} INFO - [2024-02-16T16:34:59.985+0000] {dagbag.py:538} INFO - Filling up the DagBag from /home/airflow/.local/lib/python3.8/site-packages/airflow/example_dags/example_short_circuit_operator.py
[2024-02-16T16:34:59.990+0000] {processor.py:840} INFO - DAG(s) 'example_short_circuit_operator' retrieved from /home/airflow/.local/lib/python3.8/site-packages/airflow/example_dags/example_short_circuit_operator.py
[2024-02-16T16:35:00.006+0000] {logging_mixin.py:188} INFO - [2024-02-16T16:35:00.006+0000] {dag.py:3036} INFO - Sync 1 DAGs
[2024-02-16T16:35:00.022+0000] {logging_mixin.py:188} INFO - [2024-02-16T16:35:00.022+0000] {dag.py:3823} INFO - Setting next_dagrun for example_short_circuit_operator to 2024-02-15 00:00:00+00:00, run_after=2024-02-16 00:00:00+00:00
[2024-02-16T16:35:00.035+0000] {processor.py:183} INFO - Processing /home/airflow/.local/lib/python3.8/site-packages/airflow/example_dags/example_short_circuit_operator.py took 0.053 seconds
[2024-02-16T16:35:30.168+0000] {processor.py:161} INFO - Started process (PID=508) to work on /home/airflow/.local/lib/python3.8/site-packages/airflow/example_dags/example_short_circuit_operator.py
[2024-02-16T16:35:30.169+0000] {processor.py:830} INFO - Processing file /home/airflow/.local/lib/python3.8/site-packages/airflow/example_dags/example_short_circuit_operator.py for tasks to queue
[2024-02-16T16:35:30.170+0000] {logging_mixin.py:188} INFO - [2024-02-16T16:35:30.170+0000] {dagbag.py:538} INFO - Filling up the DagBag from /home/airflow/.local/lib/python3.8/site-packages/airflow/example_dags/example_short_circuit_operator.py
[2024-02-16T16:35:30.176+0000] {processor.py:840} INFO - DAG(s) 'example_short_circuit_operator' retrieved from /home/airflow/.local/lib/python3.8/site-packages/airflow/example_dags/example_short_circuit_operator.py
[2024-02-16T16:35:30.193+0000] {logging_mixin.py:188} INFO - [2024-02-16T16:35:30.192+0000] {dag.py:3036} INFO - Sync 1 DAGs
[2024-02-16T16:35:30.210+0000] {logging_mixin.py:188} INFO - [2024-02-16T16:35:30.210+0000] {dag.py:3823} INFO - Setting next_dagrun for example_short_circuit_operator to 2024-02-15 00:00:00+00:00, run_after=2024-02-16 00:00:00+00:00
[2024-02-16T16:35:30.226+0000] {processor.py:183} INFO - Processing /home/airflow/.local/lib/python3.8/site-packages/airflow/example_dags/example_short_circuit_operator.py took 0.059 seconds
[2024-02-16T16:36:00.488+0000] {processor.py:161} INFO - Started process (PID=564) to work on /home/airflow/.local/lib/python3.8/site-packages/airflow/example_dags/example_short_circuit_operator.py
[2024-02-16T16:36:00.489+0000] {processor.py:830} INFO - Processing file /home/airflow/.local/lib/python3.8/site-packages/airflow/example_dags/example_short_circuit_operator.py for tasks to queue
[2024-02-16T16:36:00.490+0000] {logging_mixin.py:188} INFO - [2024-02-16T16:36:00.490+0000] {dagbag.py:538} INFO - Filling up the DagBag from /home/airflow/.local/lib/python3.8/site-packages/airflow/example_dags/example_short_circuit_operator.py
[2024-02-16T16:36:00.495+0000] {processor.py:840} INFO - DAG(s) 'example_short_circuit_operator' retrieved from /home/airflow/.local/lib/python3.8/site-packages/airflow/example_dags/example_short_circuit_operator.py
[2024-02-16T16:36:00.513+0000] {logging_mixin.py:188} INFO - [2024-02-16T16:36:00.513+0000] {dag.py:3036} INFO - Sync 1 DAGs
[2024-02-16T16:36:00.531+0000] {logging_mixin.py:188} INFO - [2024-02-16T16:36:00.531+0000] {dag.py:3823} INFO - Setting next_dagrun for example_short_circuit_operator to 2024-02-15 00:00:00+00:00, run_after=2024-02-16 00:00:00+00:00
[2024-02-16T16:36:00.545+0000] {processor.py:183} INFO - Processing /home/airflow/.local/lib/python3.8/site-packages/airflow/example_dags/example_short_circuit_operator.py took 0.058 seconds
[2024-02-16T16:36:31.532+0000] {processor.py:161} INFO - Started process (PID=620) to work on /home/airflow/.local/lib/python3.8/site-packages/airflow/example_dags/example_short_circuit_operator.py
[2024-02-16T16:36:31.533+0000] {processor.py:830} INFO - Processing file /home/airflow/.local/lib/python3.8/site-packages/airflow/example_dags/example_short_circuit_operator.py for tasks to queue
[2024-02-16T16:36:31.534+0000] {logging_mixin.py:188} INFO - [2024-02-16T16:36:31.534+0000] {dagbag.py:538} INFO - Filling up the DagBag from /home/airflow/.local/lib/python3.8/site-packages/airflow/example_dags/example_short_circuit_operator.py
[2024-02-16T16:36:31.539+0000] {processor.py:840} INFO - DAG(s) 'example_short_circuit_operator' retrieved from /home/airflow/.local/lib/python3.8/site-packages/airflow/example_dags/example_short_circuit_operator.py
[2024-02-16T16:36:31.556+0000] {logging_mixin.py:188} INFO - [2024-02-16T16:36:31.555+0000] {dag.py:3036} INFO - Sync 1 DAGs
[2024-02-16T16:36:31.571+0000] {logging_mixin.py:188} INFO - [2024-02-16T16:36:31.571+0000] {dag.py:3823} INFO - Setting next_dagrun for example_short_circuit_operator to 2024-02-15 00:00:00+00:00, run_after=2024-02-16 00:00:00+00:00
[2024-02-16T16:36:31.583+0000] {processor.py:183} INFO - Processing /home/airflow/.local/lib/python3.8/site-packages/airflow/example_dags/example_short_circuit_operator.py took 0.053 seconds
[2024-02-16T16:37:01.931+0000] {processor.py:161} INFO - Started process (PID=677) to work on /home/airflow/.local/lib/python3.8/site-packages/airflow/example_dags/example_short_circuit_operator.py
[2024-02-16T16:37:01.932+0000] {processor.py:830} INFO - Processing file /home/airflow/.local/lib/python3.8/site-packages/airflow/example_dags/example_short_circuit_operator.py for tasks to queue
[2024-02-16T16:37:01.933+0000] {logging_mixin.py:188} INFO - [2024-02-16T16:37:01.932+0000] {dagbag.py:538} INFO - Filling up the DagBag from /home/airflow/.local/lib/python3.8/site-packages/airflow/example_dags/example_short_circuit_operator.py
[2024-02-16T16:37:01.938+0000] {processor.py:840} INFO - DAG(s) 'example_short_circuit_operator' retrieved from /home/airflow/.local/lib/python3.8/site-packages/airflow/example_dags/example_short_circuit_operator.py
[2024-02-16T16:37:01.955+0000] {logging_mixin.py:188} INFO - [2024-02-16T16:37:01.955+0000] {dag.py:3036} INFO - Sync 1 DAGs
[2024-02-16T16:37:01.970+0000] {logging_mixin.py:188} INFO - [2024-02-16T16:37:01.970+0000] {dag.py:3823} INFO - Setting next_dagrun for example_short_circuit_operator to 2024-02-15 00:00:00+00:00, run_after=2024-02-16 00:00:00+00:00
[2024-02-16T16:37:01.983+0000] {processor.py:183} INFO - Processing /home/airflow/.local/lib/python3.8/site-packages/airflow/example_dags/example_short_circuit_operator.py took 0.054 seconds
[2024-02-16T16:37:32.242+0000] {processor.py:161} INFO - Started process (PID=734) to work on /home/airflow/.local/lib/python3.8/site-packages/airflow/example_dags/example_short_circuit_operator.py
[2024-02-16T16:37:32.242+0000] {processor.py:830} INFO - Processing file /home/airflow/.local/lib/python3.8/site-packages/airflow/example_dags/example_short_circuit_operator.py for tasks to queue
[2024-02-16T16:37:32.244+0000] {logging_mixin.py:188} INFO - [2024-02-16T16:37:32.244+0000] {dagbag.py:538} INFO - Filling up the DagBag from /home/airflow/.local/lib/python3.8/site-packages/airflow/example_dags/example_short_circuit_operator.py
[2024-02-16T16:37:32.249+0000] {processor.py:840} INFO - DAG(s) 'example_short_circuit_operator' retrieved from /home/airflow/.local/lib/python3.8/site-packages/airflow/example_dags/example_short_circuit_operator.py
[2024-02-16T16:37:32.265+0000] {logging_mixin.py:188} INFO - [2024-02-16T16:37:32.265+0000] {dag.py:3036} INFO - Sync 1 DAGs
[2024-02-16T16:37:32.281+0000] {logging_mixin.py:188} INFO - [2024-02-16T16:37:32.280+0000] {dag.py:3823} INFO - Setting next_dagrun for example_short_circuit_operator to 2024-02-15 00:00:00+00:00, run_after=2024-02-16 00:00:00+00:00
[2024-02-16T16:37:32.295+0000] {processor.py:183} INFO - Processing /home/airflow/.local/lib/python3.8/site-packages/airflow/example_dags/example_short_circuit_operator.py took 0.055 seconds
[2024-02-16T16:39:16.494+0000] {processor.py:161} INFO - Started process (PID=61) to work on /home/airflow/.local/lib/python3.8/site-packages/airflow/example_dags/example_short_circuit_operator.py
[2024-02-16T16:39:16.494+0000] {processor.py:830} INFO - Processing file /home/airflow/.local/lib/python3.8/site-packages/airflow/example_dags/example_short_circuit_operator.py for tasks to queue
[2024-02-16T16:39:16.496+0000] {logging_mixin.py:188} INFO - [2024-02-16T16:39:16.495+0000] {dagbag.py:538} INFO - Filling up the DagBag from /home/airflow/.local/lib/python3.8/site-packages/airflow/example_dags/example_short_circuit_operator.py
[2024-02-16T16:39:16.504+0000] {processor.py:840} INFO - DAG(s) 'example_short_circuit_operator' retrieved from /home/airflow/.local/lib/python3.8/site-packages/airflow/example_dags/example_short_circuit_operator.py
[2024-02-16T16:39:16.513+0000] {logging_mixin.py:188} INFO - [2024-02-16T16:39:16.512+0000] {dag.py:3036} INFO - Sync 1 DAGs
[2024-02-16T16:39:16.533+0000] {logging_mixin.py:188} INFO - [2024-02-16T16:39:16.533+0000] {dag.py:3823} INFO - Setting next_dagrun for example_short_circuit_operator to 2024-02-15 00:00:00+00:00, run_after=2024-02-16 00:00:00+00:00
[2024-02-16T16:39:16.548+0000] {processor.py:183} INFO - Processing /home/airflow/.local/lib/python3.8/site-packages/airflow/example_dags/example_short_circuit_operator.py took 0.056 seconds
[2024-02-16T16:39:47.146+0000] {processor.py:161} INFO - Started process (PID=118) to work on /home/airflow/.local/lib/python3.8/site-packages/airflow/example_dags/example_short_circuit_operator.py
[2024-02-16T16:39:47.146+0000] {processor.py:830} INFO - Processing file /home/airflow/.local/lib/python3.8/site-packages/airflow/example_dags/example_short_circuit_operator.py for tasks to queue
[2024-02-16T16:39:47.147+0000] {logging_mixin.py:188} INFO - [2024-02-16T16:39:47.147+0000] {dagbag.py:538} INFO - Filling up the DagBag from /home/airflow/.local/lib/python3.8/site-packages/airflow/example_dags/example_short_circuit_operator.py
[2024-02-16T16:39:47.153+0000] {processor.py:840} INFO - DAG(s) 'example_short_circuit_operator' retrieved from /home/airflow/.local/lib/python3.8/site-packages/airflow/example_dags/example_short_circuit_operator.py
[2024-02-16T16:39:47.226+0000] {logging_mixin.py:188} INFO - [2024-02-16T16:39:47.226+0000] {dag.py:3036} INFO - Sync 1 DAGs
[2024-02-16T16:39:47.240+0000] {logging_mixin.py:188} INFO - [2024-02-16T16:39:47.240+0000] {dag.py:3823} INFO - Setting next_dagrun for example_short_circuit_operator to 2024-02-15 00:00:00+00:00, run_after=2024-02-16 00:00:00+00:00
[2024-02-16T16:39:47.254+0000] {processor.py:183} INFO - Processing /home/airflow/.local/lib/python3.8/site-packages/airflow/example_dags/example_short_circuit_operator.py took 0.110 seconds
[2024-02-16T16:40:18.211+0000] {processor.py:161} INFO - Started process (PID=175) to work on /home/airflow/.local/lib/python3.8/site-packages/airflow/example_dags/example_short_circuit_operator.py
[2024-02-16T16:40:18.211+0000] {processor.py:830} INFO - Processing file /home/airflow/.local/lib/python3.8/site-packages/airflow/example_dags/example_short_circuit_operator.py for tasks to queue
[2024-02-16T16:40:18.212+0000] {logging_mixin.py:188} INFO - [2024-02-16T16:40:18.212+0000] {dagbag.py:538} INFO - Filling up the DagBag from /home/airflow/.local/lib/python3.8/site-packages/airflow/example_dags/example_short_circuit_operator.py
[2024-02-16T16:40:18.217+0000] {processor.py:840} INFO - DAG(s) 'example_short_circuit_operator' retrieved from /home/airflow/.local/lib/python3.8/site-packages/airflow/example_dags/example_short_circuit_operator.py
[2024-02-16T16:40:18.233+0000] {logging_mixin.py:188} INFO - [2024-02-16T16:40:18.232+0000] {dag.py:3036} INFO - Sync 1 DAGs
[2024-02-16T16:40:18.247+0000] {logging_mixin.py:188} INFO - [2024-02-16T16:40:18.247+0000] {dag.py:3823} INFO - Setting next_dagrun for example_short_circuit_operator to 2024-02-15 00:00:00+00:00, run_after=2024-02-16 00:00:00+00:00
[2024-02-16T16:40:18.260+0000] {processor.py:183} INFO - Processing /home/airflow/.local/lib/python3.8/site-packages/airflow/example_dags/example_short_circuit_operator.py took 0.051 seconds
[2024-02-16T16:40:48.618+0000] {processor.py:161} INFO - Started process (PID=232) to work on /home/airflow/.local/lib/python3.8/site-packages/airflow/example_dags/example_short_circuit_operator.py
[2024-02-16T16:40:48.619+0000] {processor.py:830} INFO - Processing file /home/airflow/.local/lib/python3.8/site-packages/airflow/example_dags/example_short_circuit_operator.py for tasks to queue
[2024-02-16T16:40:48.620+0000] {logging_mixin.py:188} INFO - [2024-02-16T16:40:48.620+0000] {dagbag.py:538} INFO - Filling up the DagBag from /home/airflow/.local/lib/python3.8/site-packages/airflow/example_dags/example_short_circuit_operator.py
[2024-02-16T16:40:48.625+0000] {processor.py:840} INFO - DAG(s) 'example_short_circuit_operator' retrieved from /home/airflow/.local/lib/python3.8/site-packages/airflow/example_dags/example_short_circuit_operator.py
[2024-02-16T16:40:48.640+0000] {logging_mixin.py:188} INFO - [2024-02-16T16:40:48.640+0000] {dag.py:3036} INFO - Sync 1 DAGs
[2024-02-16T16:40:48.655+0000] {logging_mixin.py:188} INFO - [2024-02-16T16:40:48.655+0000] {dag.py:3823} INFO - Setting next_dagrun for example_short_circuit_operator to 2024-02-15 00:00:00+00:00, run_after=2024-02-16 00:00:00+00:00
[2024-02-16T16:40:48.675+0000] {processor.py:183} INFO - Processing /home/airflow/.local/lib/python3.8/site-packages/airflow/example_dags/example_short_circuit_operator.py took 0.059 seconds
[2024-02-16T16:41:18.789+0000] {processor.py:161} INFO - Started process (PID=289) to work on /home/airflow/.local/lib/python3.8/site-packages/airflow/example_dags/example_short_circuit_operator.py
[2024-02-16T16:41:18.790+0000] {processor.py:830} INFO - Processing file /home/airflow/.local/lib/python3.8/site-packages/airflow/example_dags/example_short_circuit_operator.py for tasks to queue
[2024-02-16T16:41:18.791+0000] {logging_mixin.py:188} INFO - [2024-02-16T16:41:18.791+0000] {dagbag.py:538} INFO - Filling up the DagBag from /home/airflow/.local/lib/python3.8/site-packages/airflow/example_dags/example_short_circuit_operator.py
[2024-02-16T16:41:18.797+0000] {processor.py:840} INFO - DAG(s) 'example_short_circuit_operator' retrieved from /home/airflow/.local/lib/python3.8/site-packages/airflow/example_dags/example_short_circuit_operator.py
[2024-02-16T16:41:18.815+0000] {logging_mixin.py:188} INFO - [2024-02-16T16:41:18.814+0000] {dag.py:3036} INFO - Sync 1 DAGs
[2024-02-16T16:41:18.831+0000] {logging_mixin.py:188} INFO - [2024-02-16T16:41:18.831+0000] {dag.py:3823} INFO - Setting next_dagrun for example_short_circuit_operator to 2024-02-15 00:00:00+00:00, run_after=2024-02-16 00:00:00+00:00
[2024-02-16T16:41:18.846+0000] {processor.py:183} INFO - Processing /home/airflow/.local/lib/python3.8/site-packages/airflow/example_dags/example_short_circuit_operator.py took 0.059 seconds
[2024-02-16T16:41:49.312+0000] {processor.py:161} INFO - Started process (PID=347) to work on /home/airflow/.local/lib/python3.8/site-packages/airflow/example_dags/example_short_circuit_operator.py
[2024-02-16T16:41:49.313+0000] {processor.py:830} INFO - Processing file /home/airflow/.local/lib/python3.8/site-packages/airflow/example_dags/example_short_circuit_operator.py for tasks to queue
[2024-02-16T16:41:49.314+0000] {logging_mixin.py:188} INFO - [2024-02-16T16:41:49.314+0000] {dagbag.py:538} INFO - Filling up the DagBag from /home/airflow/.local/lib/python3.8/site-packages/airflow/example_dags/example_short_circuit_operator.py
[2024-02-16T16:41:49.320+0000] {processor.py:840} INFO - DAG(s) 'example_short_circuit_operator' retrieved from /home/airflow/.local/lib/python3.8/site-packages/airflow/example_dags/example_short_circuit_operator.py
[2024-02-16T16:41:49.338+0000] {logging_mixin.py:188} INFO - [2024-02-16T16:41:49.338+0000] {dag.py:3036} INFO - Sync 1 DAGs
[2024-02-16T16:41:49.357+0000] {logging_mixin.py:188} INFO - [2024-02-16T16:41:49.357+0000] {dag.py:3823} INFO - Setting next_dagrun for example_short_circuit_operator to 2024-02-15 00:00:00+00:00, run_after=2024-02-16 00:00:00+00:00
[2024-02-16T16:41:49.372+0000] {processor.py:183} INFO - Processing /home/airflow/.local/lib/python3.8/site-packages/airflow/example_dags/example_short_circuit_operator.py took 0.061 seconds
[2024-02-16T16:42:19.667+0000] {processor.py:161} INFO - Started process (PID=404) to work on /home/airflow/.local/lib/python3.8/site-packages/airflow/example_dags/example_short_circuit_operator.py
[2024-02-16T16:42:19.668+0000] {processor.py:830} INFO - Processing file /home/airflow/.local/lib/python3.8/site-packages/airflow/example_dags/example_short_circuit_operator.py for tasks to queue
[2024-02-16T16:42:19.669+0000] {logging_mixin.py:188} INFO - [2024-02-16T16:42:19.668+0000] {dagbag.py:538} INFO - Filling up the DagBag from /home/airflow/.local/lib/python3.8/site-packages/airflow/example_dags/example_short_circuit_operator.py
[2024-02-16T16:42:19.674+0000] {processor.py:840} INFO - DAG(s) 'example_short_circuit_operator' retrieved from /home/airflow/.local/lib/python3.8/site-packages/airflow/example_dags/example_short_circuit_operator.py
[2024-02-16T16:42:19.691+0000] {logging_mixin.py:188} INFO - [2024-02-16T16:42:19.691+0000] {dag.py:3036} INFO - Sync 1 DAGs
[2024-02-16T16:42:19.708+0000] {logging_mixin.py:188} INFO - [2024-02-16T16:42:19.708+0000] {dag.py:3823} INFO - Setting next_dagrun for example_short_circuit_operator to 2024-02-15 00:00:00+00:00, run_after=2024-02-16 00:00:00+00:00
[2024-02-16T16:42:19.724+0000] {processor.py:183} INFO - Processing /home/airflow/.local/lib/python3.8/site-packages/airflow/example_dags/example_short_circuit_operator.py took 0.060 seconds
[2024-02-16T16:42:49.940+0000] {processor.py:161} INFO - Started process (PID=461) to work on /home/airflow/.local/lib/python3.8/site-packages/airflow/example_dags/example_short_circuit_operator.py
[2024-02-16T16:42:49.941+0000] {processor.py:830} INFO - Processing file /home/airflow/.local/lib/python3.8/site-packages/airflow/example_dags/example_short_circuit_operator.py for tasks to queue
[2024-02-16T16:42:49.942+0000] {logging_mixin.py:188} INFO - [2024-02-16T16:42:49.942+0000] {dagbag.py:538} INFO - Filling up the DagBag from /home/airflow/.local/lib/python3.8/site-packages/airflow/example_dags/example_short_circuit_operator.py
[2024-02-16T16:42:49.948+0000] {processor.py:840} INFO - DAG(s) 'example_short_circuit_operator' retrieved from /home/airflow/.local/lib/python3.8/site-packages/airflow/example_dags/example_short_circuit_operator.py
[2024-02-16T16:42:49.968+0000] {logging_mixin.py:188} INFO - [2024-02-16T16:42:49.967+0000] {dag.py:3036} INFO - Sync 1 DAGs
[2024-02-16T16:42:49.985+0000] {logging_mixin.py:188} INFO - [2024-02-16T16:42:49.985+0000] {dag.py:3823} INFO - Setting next_dagrun for example_short_circuit_operator to 2024-02-15 00:00:00+00:00, run_after=2024-02-16 00:00:00+00:00
[2024-02-16T16:42:50.000+0000] {processor.py:183} INFO - Processing /home/airflow/.local/lib/python3.8/site-packages/airflow/example_dags/example_short_circuit_operator.py took 0.063 seconds
[2024-02-16T16:43:20.381+0000] {processor.py:161} INFO - Started process (PID=518) to work on /home/airflow/.local/lib/python3.8/site-packages/airflow/example_dags/example_short_circuit_operator.py
[2024-02-16T16:43:20.382+0000] {processor.py:830} INFO - Processing file /home/airflow/.local/lib/python3.8/site-packages/airflow/example_dags/example_short_circuit_operator.py for tasks to queue
[2024-02-16T16:43:20.384+0000] {logging_mixin.py:188} INFO - [2024-02-16T16:43:20.383+0000] {dagbag.py:538} INFO - Filling up the DagBag from /home/airflow/.local/lib/python3.8/site-packages/airflow/example_dags/example_short_circuit_operator.py
[2024-02-16T16:43:20.389+0000] {processor.py:840} INFO - DAG(s) 'example_short_circuit_operator' retrieved from /home/airflow/.local/lib/python3.8/site-packages/airflow/example_dags/example_short_circuit_operator.py
[2024-02-16T16:43:20.406+0000] {logging_mixin.py:188} INFO - [2024-02-16T16:43:20.406+0000] {dag.py:3036} INFO - Sync 1 DAGs
[2024-02-16T16:43:20.423+0000] {logging_mixin.py:188} INFO - [2024-02-16T16:43:20.423+0000] {dag.py:3823} INFO - Setting next_dagrun for example_short_circuit_operator to 2024-02-15 00:00:00+00:00, run_after=2024-02-16 00:00:00+00:00
[2024-02-16T16:43:20.439+0000] {processor.py:183} INFO - Processing /home/airflow/.local/lib/python3.8/site-packages/airflow/example_dags/example_short_circuit_operator.py took 0.059 seconds
[2024-02-16T16:43:50.646+0000] {processor.py:161} INFO - Started process (PID=573) to work on /home/airflow/.local/lib/python3.8/site-packages/airflow/example_dags/example_short_circuit_operator.py
[2024-02-16T16:43:50.647+0000] {processor.py:830} INFO - Processing file /home/airflow/.local/lib/python3.8/site-packages/airflow/example_dags/example_short_circuit_operator.py for tasks to queue
[2024-02-16T16:43:50.648+0000] {logging_mixin.py:188} INFO - [2024-02-16T16:43:50.648+0000] {dagbag.py:538} INFO - Filling up the DagBag from /home/airflow/.local/lib/python3.8/site-packages/airflow/example_dags/example_short_circuit_operator.py
[2024-02-16T16:43:50.654+0000] {processor.py:840} INFO - DAG(s) 'example_short_circuit_operator' retrieved from /home/airflow/.local/lib/python3.8/site-packages/airflow/example_dags/example_short_circuit_operator.py
[2024-02-16T16:43:50.672+0000] {logging_mixin.py:188} INFO - [2024-02-16T16:43:50.672+0000] {dag.py:3036} INFO - Sync 1 DAGs
[2024-02-16T16:43:50.690+0000] {logging_mixin.py:188} INFO - [2024-02-16T16:43:50.690+0000] {dag.py:3823} INFO - Setting next_dagrun for example_short_circuit_operator to 2024-02-15 00:00:00+00:00, run_after=2024-02-16 00:00:00+00:00
[2024-02-16T16:43:50.706+0000] {processor.py:183} INFO - Processing /home/airflow/.local/lib/python3.8/site-packages/airflow/example_dags/example_short_circuit_operator.py took 0.062 seconds
