[2024-02-16T16:20:18.896+0000] {processor.py:161} INFO - Started process (PID=81) to work on /home/airflow/.local/lib/python3.8/site-packages/airflow/example_dags/example_bash_operator.py
[2024-02-16T16:20:18.897+0000] {processor.py:830} INFO - Processing file /home/airflow/.local/lib/python3.8/site-packages/airflow/example_dags/example_bash_operator.py for tasks to queue
[2024-02-16T16:20:18.899+0000] {logging_mixin.py:188} INFO - [2024-02-16T16:20:18.898+0000] {dagbag.py:538} INFO - Filling up the DagBag from /home/airflow/.local/lib/python3.8/site-packages/airflow/example_dags/example_bash_operator.py
[2024-02-16T16:20:18.916+0000] {processor.py:840} INFO - DAG(s) 'example_bash_operator' retrieved from /home/airflow/.local/lib/python3.8/site-packages/airflow/example_dags/example_bash_operator.py
[2024-02-16T16:20:18.926+0000] {logging_mixin.py:188} INFO - [2024-02-16T16:20:18.926+0000] {dag.py:3036} INFO - Sync 1 DAGs
[2024-02-16T16:20:18.948+0000] {logging_mixin.py:188} INFO - [2024-02-16T16:20:18.947+0000] {dag.py:3823} INFO - Setting next_dagrun for example_bash_operator to 2024-02-15 00:00:00+00:00, run_after=2024-02-16 00:00:00+00:00
[2024-02-16T16:20:18.964+0000] {processor.py:183} INFO - Processing /home/airflow/.local/lib/python3.8/site-packages/airflow/example_dags/example_bash_operator.py took 0.071 seconds
[2024-02-16T16:20:49.913+0000] {processor.py:161} INFO - Started process (PID=136) to work on /home/airflow/.local/lib/python3.8/site-packages/airflow/example_dags/example_bash_operator.py
[2024-02-16T16:20:49.914+0000] {processor.py:830} INFO - Processing file /home/airflow/.local/lib/python3.8/site-packages/airflow/example_dags/example_bash_operator.py for tasks to queue
[2024-02-16T16:20:49.915+0000] {logging_mixin.py:188} INFO - [2024-02-16T16:20:49.915+0000] {dagbag.py:538} INFO - Filling up the DagBag from /home/airflow/.local/lib/python3.8/site-packages/airflow/example_dags/example_bash_operator.py
[2024-02-16T16:20:49.923+0000] {processor.py:840} INFO - DAG(s) 'example_bash_operator' retrieved from /home/airflow/.local/lib/python3.8/site-packages/airflow/example_dags/example_bash_operator.py
[2024-02-16T16:20:50.004+0000] {logging_mixin.py:188} INFO - [2024-02-16T16:20:50.003+0000] {dag.py:3036} INFO - Sync 1 DAGs
[2024-02-16T16:20:50.020+0000] {logging_mixin.py:188} INFO - [2024-02-16T16:20:50.019+0000] {dag.py:3823} INFO - Setting next_dagrun for example_bash_operator to 2024-02-15 00:00:00+00:00, run_after=2024-02-16 00:00:00+00:00
[2024-02-16T16:20:50.035+0000] {processor.py:183} INFO - Processing /home/airflow/.local/lib/python3.8/site-packages/airflow/example_dags/example_bash_operator.py took 0.123 seconds
[2024-02-16T16:21:20.625+0000] {processor.py:161} INFO - Started process (PID=191) to work on /home/airflow/.local/lib/python3.8/site-packages/airflow/example_dags/example_bash_operator.py
[2024-02-16T16:21:20.625+0000] {processor.py:830} INFO - Processing file /home/airflow/.local/lib/python3.8/site-packages/airflow/example_dags/example_bash_operator.py for tasks to queue
[2024-02-16T16:21:20.627+0000] {logging_mixin.py:188} INFO - [2024-02-16T16:21:20.626+0000] {dagbag.py:538} INFO - Filling up the DagBag from /home/airflow/.local/lib/python3.8/site-packages/airflow/example_dags/example_bash_operator.py
[2024-02-16T16:21:20.636+0000] {processor.py:840} INFO - DAG(s) 'example_bash_operator' retrieved from /home/airflow/.local/lib/python3.8/site-packages/airflow/example_dags/example_bash_operator.py
[2024-02-16T16:21:20.660+0000] {logging_mixin.py:188} INFO - [2024-02-16T16:21:20.660+0000] {dag.py:3036} INFO - Sync 1 DAGs
[2024-02-16T16:21:20.678+0000] {logging_mixin.py:188} INFO - [2024-02-16T16:21:20.678+0000] {dag.py:3823} INFO - Setting next_dagrun for example_bash_operator to 2024-02-15 00:00:00+00:00, run_after=2024-02-16 00:00:00+00:00
[2024-02-16T16:21:20.693+0000] {processor.py:183} INFO - Processing /home/airflow/.local/lib/python3.8/site-packages/airflow/example_dags/example_bash_operator.py took 0.070 seconds
[2024-02-16T16:21:51.507+0000] {processor.py:161} INFO - Started process (PID=246) to work on /home/airflow/.local/lib/python3.8/site-packages/airflow/example_dags/example_bash_operator.py
[2024-02-16T16:21:51.507+0000] {processor.py:830} INFO - Processing file /home/airflow/.local/lib/python3.8/site-packages/airflow/example_dags/example_bash_operator.py for tasks to queue
[2024-02-16T16:21:51.508+0000] {logging_mixin.py:188} INFO - [2024-02-16T16:21:51.508+0000] {dagbag.py:538} INFO - Filling up the DagBag from /home/airflow/.local/lib/python3.8/site-packages/airflow/example_dags/example_bash_operator.py
[2024-02-16T16:21:51.516+0000] {processor.py:840} INFO - DAG(s) 'example_bash_operator' retrieved from /home/airflow/.local/lib/python3.8/site-packages/airflow/example_dags/example_bash_operator.py
[2024-02-16T16:21:51.537+0000] {logging_mixin.py:188} INFO - [2024-02-16T16:21:51.537+0000] {dag.py:3036} INFO - Sync 1 DAGs
[2024-02-16T16:21:51.556+0000] {logging_mixin.py:188} INFO - [2024-02-16T16:21:51.556+0000] {dag.py:3823} INFO - Setting next_dagrun for example_bash_operator to 2024-02-15 00:00:00+00:00, run_after=2024-02-16 00:00:00+00:00
[2024-02-16T16:21:51.568+0000] {processor.py:183} INFO - Processing /home/airflow/.local/lib/python3.8/site-packages/airflow/example_dags/example_bash_operator.py took 0.063 seconds
[2024-02-16T16:22:21.729+0000] {processor.py:161} INFO - Started process (PID=301) to work on /home/airflow/.local/lib/python3.8/site-packages/airflow/example_dags/example_bash_operator.py
[2024-02-16T16:22:21.730+0000] {processor.py:830} INFO - Processing file /home/airflow/.local/lib/python3.8/site-packages/airflow/example_dags/example_bash_operator.py for tasks to queue
[2024-02-16T16:22:21.731+0000] {logging_mixin.py:188} INFO - [2024-02-16T16:22:21.731+0000] {dagbag.py:538} INFO - Filling up the DagBag from /home/airflow/.local/lib/python3.8/site-packages/airflow/example_dags/example_bash_operator.py
[2024-02-16T16:22:21.740+0000] {processor.py:840} INFO - DAG(s) 'example_bash_operator' retrieved from /home/airflow/.local/lib/python3.8/site-packages/airflow/example_dags/example_bash_operator.py
[2024-02-16T16:22:21.762+0000] {logging_mixin.py:188} INFO - [2024-02-16T16:22:21.762+0000] {dag.py:3036} INFO - Sync 1 DAGs
[2024-02-16T16:22:21.779+0000] {logging_mixin.py:188} INFO - [2024-02-16T16:22:21.779+0000] {dag.py:3823} INFO - Setting next_dagrun for example_bash_operator to 2024-02-15 00:00:00+00:00, run_after=2024-02-16 00:00:00+00:00
[2024-02-16T16:22:21.793+0000] {processor.py:183} INFO - Processing /home/airflow/.local/lib/python3.8/site-packages/airflow/example_dags/example_bash_operator.py took 0.065 seconds
[2024-02-16T16:22:51.877+0000] {processor.py:161} INFO - Started process (PID=356) to work on /home/airflow/.local/lib/python3.8/site-packages/airflow/example_dags/example_bash_operator.py
[2024-02-16T16:22:51.878+0000] {processor.py:830} INFO - Processing file /home/airflow/.local/lib/python3.8/site-packages/airflow/example_dags/example_bash_operator.py for tasks to queue
[2024-02-16T16:22:51.879+0000] {logging_mixin.py:188} INFO - [2024-02-16T16:22:51.879+0000] {dagbag.py:538} INFO - Filling up the DagBag from /home/airflow/.local/lib/python3.8/site-packages/airflow/example_dags/example_bash_operator.py
[2024-02-16T16:22:51.887+0000] {processor.py:840} INFO - DAG(s) 'example_bash_operator' retrieved from /home/airflow/.local/lib/python3.8/site-packages/airflow/example_dags/example_bash_operator.py
[2024-02-16T16:22:51.910+0000] {logging_mixin.py:188} INFO - [2024-02-16T16:22:51.910+0000] {dag.py:3036} INFO - Sync 1 DAGs
[2024-02-16T16:22:51.926+0000] {logging_mixin.py:188} INFO - [2024-02-16T16:22:51.926+0000] {dag.py:3823} INFO - Setting next_dagrun for example_bash_operator to 2024-02-15 00:00:00+00:00, run_after=2024-02-16 00:00:00+00:00
[2024-02-16T16:22:51.940+0000] {processor.py:183} INFO - Processing /home/airflow/.local/lib/python3.8/site-packages/airflow/example_dags/example_bash_operator.py took 0.064 seconds
[2024-02-16T16:23:22.207+0000] {processor.py:161} INFO - Started process (PID=411) to work on /home/airflow/.local/lib/python3.8/site-packages/airflow/example_dags/example_bash_operator.py
[2024-02-16T16:23:22.208+0000] {processor.py:830} INFO - Processing file /home/airflow/.local/lib/python3.8/site-packages/airflow/example_dags/example_bash_operator.py for tasks to queue
[2024-02-16T16:23:22.209+0000] {logging_mixin.py:188} INFO - [2024-02-16T16:23:22.209+0000] {dagbag.py:538} INFO - Filling up the DagBag from /home/airflow/.local/lib/python3.8/site-packages/airflow/example_dags/example_bash_operator.py
[2024-02-16T16:23:22.217+0000] {processor.py:840} INFO - DAG(s) 'example_bash_operator' retrieved from /home/airflow/.local/lib/python3.8/site-packages/airflow/example_dags/example_bash_operator.py
[2024-02-16T16:23:22.238+0000] {logging_mixin.py:188} INFO - [2024-02-16T16:23:22.238+0000] {dag.py:3036} INFO - Sync 1 DAGs
[2024-02-16T16:23:22.253+0000] {logging_mixin.py:188} INFO - [2024-02-16T16:23:22.253+0000] {dag.py:3823} INFO - Setting next_dagrun for example_bash_operator to 2024-02-15 00:00:00+00:00, run_after=2024-02-16 00:00:00+00:00
[2024-02-16T16:23:22.266+0000] {processor.py:183} INFO - Processing /home/airflow/.local/lib/python3.8/site-packages/airflow/example_dags/example_bash_operator.py took 0.060 seconds
[2024-02-16T16:23:52.444+0000] {processor.py:161} INFO - Started process (PID=466) to work on /home/airflow/.local/lib/python3.8/site-packages/airflow/example_dags/example_bash_operator.py
[2024-02-16T16:23:52.444+0000] {processor.py:830} INFO - Processing file /home/airflow/.local/lib/python3.8/site-packages/airflow/example_dags/example_bash_operator.py for tasks to queue
[2024-02-16T16:23:52.445+0000] {logging_mixin.py:188} INFO - [2024-02-16T16:23:52.445+0000] {dagbag.py:538} INFO - Filling up the DagBag from /home/airflow/.local/lib/python3.8/site-packages/airflow/example_dags/example_bash_operator.py
[2024-02-16T16:23:52.453+0000] {processor.py:840} INFO - DAG(s) 'example_bash_operator' retrieved from /home/airflow/.local/lib/python3.8/site-packages/airflow/example_dags/example_bash_operator.py
[2024-02-16T16:23:52.475+0000] {logging_mixin.py:188} INFO - [2024-02-16T16:23:52.475+0000] {dag.py:3036} INFO - Sync 1 DAGs
[2024-02-16T16:23:52.493+0000] {logging_mixin.py:188} INFO - [2024-02-16T16:23:52.493+0000] {dag.py:3823} INFO - Setting next_dagrun for example_bash_operator to 2024-02-15 00:00:00+00:00, run_after=2024-02-16 00:00:00+00:00
[2024-02-16T16:23:52.506+0000] {processor.py:183} INFO - Processing /home/airflow/.local/lib/python3.8/site-packages/airflow/example_dags/example_bash_operator.py took 0.065 seconds
[2024-02-16T16:24:22.722+0000] {processor.py:161} INFO - Started process (PID=521) to work on /home/airflow/.local/lib/python3.8/site-packages/airflow/example_dags/example_bash_operator.py
[2024-02-16T16:24:22.723+0000] {processor.py:830} INFO - Processing file /home/airflow/.local/lib/python3.8/site-packages/airflow/example_dags/example_bash_operator.py for tasks to queue
[2024-02-16T16:24:22.725+0000] {logging_mixin.py:188} INFO - [2024-02-16T16:24:22.724+0000] {dagbag.py:538} INFO - Filling up the DagBag from /home/airflow/.local/lib/python3.8/site-packages/airflow/example_dags/example_bash_operator.py
[2024-02-16T16:24:22.734+0000] {processor.py:840} INFO - DAG(s) 'example_bash_operator' retrieved from /home/airflow/.local/lib/python3.8/site-packages/airflow/example_dags/example_bash_operator.py
[2024-02-16T16:24:22.757+0000] {logging_mixin.py:188} INFO - [2024-02-16T16:24:22.757+0000] {dag.py:3036} INFO - Sync 1 DAGs
[2024-02-16T16:24:22.774+0000] {logging_mixin.py:188} INFO - [2024-02-16T16:24:22.774+0000] {dag.py:3823} INFO - Setting next_dagrun for example_bash_operator to 2024-02-15 00:00:00+00:00, run_after=2024-02-16 00:00:00+00:00
[2024-02-16T16:24:22.788+0000] {processor.py:183} INFO - Processing /home/airflow/.local/lib/python3.8/site-packages/airflow/example_dags/example_bash_operator.py took 0.068 seconds
[2024-02-16T16:24:52.942+0000] {processor.py:161} INFO - Started process (PID=576) to work on /home/airflow/.local/lib/python3.8/site-packages/airflow/example_dags/example_bash_operator.py
[2024-02-16T16:24:52.942+0000] {processor.py:830} INFO - Processing file /home/airflow/.local/lib/python3.8/site-packages/airflow/example_dags/example_bash_operator.py for tasks to queue
[2024-02-16T16:24:52.943+0000] {logging_mixin.py:188} INFO - [2024-02-16T16:24:52.943+0000] {dagbag.py:538} INFO - Filling up the DagBag from /home/airflow/.local/lib/python3.8/site-packages/airflow/example_dags/example_bash_operator.py
[2024-02-16T16:24:52.951+0000] {processor.py:840} INFO - DAG(s) 'example_bash_operator' retrieved from /home/airflow/.local/lib/python3.8/site-packages/airflow/example_dags/example_bash_operator.py
[2024-02-16T16:24:52.973+0000] {logging_mixin.py:188} INFO - [2024-02-16T16:24:52.973+0000] {dag.py:3036} INFO - Sync 1 DAGs
[2024-02-16T16:24:52.991+0000] {logging_mixin.py:188} INFO - [2024-02-16T16:24:52.991+0000] {dag.py:3823} INFO - Setting next_dagrun for example_bash_operator to 2024-02-15 00:00:00+00:00, run_after=2024-02-16 00:00:00+00:00
[2024-02-16T16:24:53.004+0000] {processor.py:183} INFO - Processing /home/airflow/.local/lib/python3.8/site-packages/airflow/example_dags/example_bash_operator.py took 0.064 seconds
[2024-02-16T16:25:23.240+0000] {processor.py:161} INFO - Started process (PID=631) to work on /home/airflow/.local/lib/python3.8/site-packages/airflow/example_dags/example_bash_operator.py
[2024-02-16T16:25:23.241+0000] {processor.py:830} INFO - Processing file /home/airflow/.local/lib/python3.8/site-packages/airflow/example_dags/example_bash_operator.py for tasks to queue
[2024-02-16T16:25:23.242+0000] {logging_mixin.py:188} INFO - [2024-02-16T16:25:23.242+0000] {dagbag.py:538} INFO - Filling up the DagBag from /home/airflow/.local/lib/python3.8/site-packages/airflow/example_dags/example_bash_operator.py
[2024-02-16T16:25:23.250+0000] {processor.py:840} INFO - DAG(s) 'example_bash_operator' retrieved from /home/airflow/.local/lib/python3.8/site-packages/airflow/example_dags/example_bash_operator.py
[2024-02-16T16:25:23.275+0000] {logging_mixin.py:188} INFO - [2024-02-16T16:25:23.275+0000] {dag.py:3036} INFO - Sync 1 DAGs
[2024-02-16T16:25:23.294+0000] {logging_mixin.py:188} INFO - [2024-02-16T16:25:23.294+0000] {dag.py:3823} INFO - Setting next_dagrun for example_bash_operator to 2024-02-15 00:00:00+00:00, run_after=2024-02-16 00:00:00+00:00
[2024-02-16T16:25:23.310+0000] {processor.py:183} INFO - Processing /home/airflow/.local/lib/python3.8/site-packages/airflow/example_dags/example_bash_operator.py took 0.072 seconds
[2024-02-16T16:25:53.339+0000] {processor.py:161} INFO - Started process (PID=686) to work on /home/airflow/.local/lib/python3.8/site-packages/airflow/example_dags/example_bash_operator.py
[2024-02-16T16:25:53.339+0000] {processor.py:830} INFO - Processing file /home/airflow/.local/lib/python3.8/site-packages/airflow/example_dags/example_bash_operator.py for tasks to queue
[2024-02-16T16:25:53.340+0000] {logging_mixin.py:188} INFO - [2024-02-16T16:25:53.340+0000] {dagbag.py:538} INFO - Filling up the DagBag from /home/airflow/.local/lib/python3.8/site-packages/airflow/example_dags/example_bash_operator.py
[2024-02-16T16:25:53.348+0000] {processor.py:840} INFO - DAG(s) 'example_bash_operator' retrieved from /home/airflow/.local/lib/python3.8/site-packages/airflow/example_dags/example_bash_operator.py
[2024-02-16T16:25:53.371+0000] {logging_mixin.py:188} INFO - [2024-02-16T16:25:53.371+0000] {dag.py:3036} INFO - Sync 1 DAGs
[2024-02-16T16:25:53.388+0000] {logging_mixin.py:188} INFO - [2024-02-16T16:25:53.388+0000] {dag.py:3823} INFO - Setting next_dagrun for example_bash_operator to 2024-02-15 00:00:00+00:00, run_after=2024-02-16 00:00:00+00:00
[2024-02-16T16:25:53.401+0000] {processor.py:183} INFO - Processing /home/airflow/.local/lib/python3.8/site-packages/airflow/example_dags/example_bash_operator.py took 0.064 seconds
[2024-02-16T16:26:23.633+0000] {processor.py:161} INFO - Started process (PID=741) to work on /home/airflow/.local/lib/python3.8/site-packages/airflow/example_dags/example_bash_operator.py
[2024-02-16T16:26:23.634+0000] {processor.py:830} INFO - Processing file /home/airflow/.local/lib/python3.8/site-packages/airflow/example_dags/example_bash_operator.py for tasks to queue
[2024-02-16T16:26:23.635+0000] {logging_mixin.py:188} INFO - [2024-02-16T16:26:23.635+0000] {dagbag.py:538} INFO - Filling up the DagBag from /home/airflow/.local/lib/python3.8/site-packages/airflow/example_dags/example_bash_operator.py
[2024-02-16T16:26:23.645+0000] {processor.py:840} INFO - DAG(s) 'example_bash_operator' retrieved from /home/airflow/.local/lib/python3.8/site-packages/airflow/example_dags/example_bash_operator.py
[2024-02-16T16:26:23.672+0000] {logging_mixin.py:188} INFO - [2024-02-16T16:26:23.672+0000] {dag.py:3036} INFO - Sync 1 DAGs
[2024-02-16T16:26:23.691+0000] {logging_mixin.py:188} INFO - [2024-02-16T16:26:23.691+0000] {dag.py:3823} INFO - Setting next_dagrun for example_bash_operator to 2024-02-15 00:00:00+00:00, run_after=2024-02-16 00:00:00+00:00
[2024-02-16T16:26:23.706+0000] {processor.py:183} INFO - Processing /home/airflow/.local/lib/python3.8/site-packages/airflow/example_dags/example_bash_operator.py took 0.075 seconds
[2024-02-16T16:26:54.044+0000] {processor.py:161} INFO - Started process (PID=796) to work on /home/airflow/.local/lib/python3.8/site-packages/airflow/example_dags/example_bash_operator.py
[2024-02-16T16:26:54.044+0000] {processor.py:830} INFO - Processing file /home/airflow/.local/lib/python3.8/site-packages/airflow/example_dags/example_bash_operator.py for tasks to queue
[2024-02-16T16:26:54.045+0000] {logging_mixin.py:188} INFO - [2024-02-16T16:26:54.045+0000] {dagbag.py:538} INFO - Filling up the DagBag from /home/airflow/.local/lib/python3.8/site-packages/airflow/example_dags/example_bash_operator.py
[2024-02-16T16:26:54.054+0000] {processor.py:840} INFO - DAG(s) 'example_bash_operator' retrieved from /home/airflow/.local/lib/python3.8/site-packages/airflow/example_dags/example_bash_operator.py
[2024-02-16T16:26:54.081+0000] {logging_mixin.py:188} INFO - [2024-02-16T16:26:54.080+0000] {dag.py:3036} INFO - Sync 1 DAGs
[2024-02-16T16:26:54.099+0000] {logging_mixin.py:188} INFO - [2024-02-16T16:26:54.099+0000] {dag.py:3823} INFO - Setting next_dagrun for example_bash_operator to 2024-02-15 00:00:00+00:00, run_after=2024-02-16 00:00:00+00:00
[2024-02-16T16:26:54.114+0000] {processor.py:183} INFO - Processing /home/airflow/.local/lib/python3.8/site-packages/airflow/example_dags/example_bash_operator.py took 0.073 seconds
[2024-02-16T16:27:24.154+0000] {processor.py:161} INFO - Started process (PID=851) to work on /home/airflow/.local/lib/python3.8/site-packages/airflow/example_dags/example_bash_operator.py
[2024-02-16T16:27:24.155+0000] {processor.py:830} INFO - Processing file /home/airflow/.local/lib/python3.8/site-packages/airflow/example_dags/example_bash_operator.py for tasks to queue
[2024-02-16T16:27:24.156+0000] {logging_mixin.py:188} INFO - [2024-02-16T16:27:24.156+0000] {dagbag.py:538} INFO - Filling up the DagBag from /home/airflow/.local/lib/python3.8/site-packages/airflow/example_dags/example_bash_operator.py
[2024-02-16T16:27:24.164+0000] {processor.py:840} INFO - DAG(s) 'example_bash_operator' retrieved from /home/airflow/.local/lib/python3.8/site-packages/airflow/example_dags/example_bash_operator.py
[2024-02-16T16:27:24.190+0000] {logging_mixin.py:188} INFO - [2024-02-16T16:27:24.190+0000] {dag.py:3036} INFO - Sync 1 DAGs
[2024-02-16T16:27:24.208+0000] {logging_mixin.py:188} INFO - [2024-02-16T16:27:24.208+0000] {dag.py:3823} INFO - Setting next_dagrun for example_bash_operator to 2024-02-15 00:00:00+00:00, run_after=2024-02-16 00:00:00+00:00
[2024-02-16T16:27:24.224+0000] {processor.py:183} INFO - Processing /home/airflow/.local/lib/python3.8/site-packages/airflow/example_dags/example_bash_operator.py took 0.071 seconds
[2024-02-16T16:27:55.147+0000] {processor.py:161} INFO - Started process (PID=906) to work on /home/airflow/.local/lib/python3.8/site-packages/airflow/example_dags/example_bash_operator.py
[2024-02-16T16:27:55.148+0000] {processor.py:830} INFO - Processing file /home/airflow/.local/lib/python3.8/site-packages/airflow/example_dags/example_bash_operator.py for tasks to queue
[2024-02-16T16:27:55.149+0000] {logging_mixin.py:188} INFO - [2024-02-16T16:27:55.149+0000] {dagbag.py:538} INFO - Filling up the DagBag from /home/airflow/.local/lib/python3.8/site-packages/airflow/example_dags/example_bash_operator.py
[2024-02-16T16:27:55.158+0000] {processor.py:840} INFO - DAG(s) 'example_bash_operator' retrieved from /home/airflow/.local/lib/python3.8/site-packages/airflow/example_dags/example_bash_operator.py
[2024-02-16T16:27:55.182+0000] {logging_mixin.py:188} INFO - [2024-02-16T16:27:55.182+0000] {dag.py:3036} INFO - Sync 1 DAGs
[2024-02-16T16:27:55.201+0000] {logging_mixin.py:188} INFO - [2024-02-16T16:27:55.200+0000] {dag.py:3823} INFO - Setting next_dagrun for example_bash_operator to 2024-02-15 00:00:00+00:00, run_after=2024-02-16 00:00:00+00:00
[2024-02-16T16:27:55.215+0000] {processor.py:183} INFO - Processing /home/airflow/.local/lib/python3.8/site-packages/airflow/example_dags/example_bash_operator.py took 0.070 seconds
[2024-02-16T16:28:25.439+0000] {processor.py:161} INFO - Started process (PID=961) to work on /home/airflow/.local/lib/python3.8/site-packages/airflow/example_dags/example_bash_operator.py
[2024-02-16T16:28:25.440+0000] {processor.py:830} INFO - Processing file /home/airflow/.local/lib/python3.8/site-packages/airflow/example_dags/example_bash_operator.py for tasks to queue
[2024-02-16T16:28:25.441+0000] {logging_mixin.py:188} INFO - [2024-02-16T16:28:25.441+0000] {dagbag.py:538} INFO - Filling up the DagBag from /home/airflow/.local/lib/python3.8/site-packages/airflow/example_dags/example_bash_operator.py
[2024-02-16T16:28:25.449+0000] {processor.py:840} INFO - DAG(s) 'example_bash_operator' retrieved from /home/airflow/.local/lib/python3.8/site-packages/airflow/example_dags/example_bash_operator.py
[2024-02-16T16:28:25.473+0000] {logging_mixin.py:188} INFO - [2024-02-16T16:28:25.472+0000] {dag.py:3036} INFO - Sync 1 DAGs
[2024-02-16T16:28:25.491+0000] {logging_mixin.py:188} INFO - [2024-02-16T16:28:25.491+0000] {dag.py:3823} INFO - Setting next_dagrun for example_bash_operator to 2024-02-15 00:00:00+00:00, run_after=2024-02-16 00:00:00+00:00
[2024-02-16T16:28:25.506+0000] {processor.py:183} INFO - Processing /home/airflow/.local/lib/python3.8/site-packages/airflow/example_dags/example_bash_operator.py took 0.070 seconds
[2024-02-16T16:28:55.610+0000] {processor.py:161} INFO - Started process (PID=1016) to work on /home/airflow/.local/lib/python3.8/site-packages/airflow/example_dags/example_bash_operator.py
[2024-02-16T16:28:55.611+0000] {processor.py:830} INFO - Processing file /home/airflow/.local/lib/python3.8/site-packages/airflow/example_dags/example_bash_operator.py for tasks to queue
[2024-02-16T16:28:55.612+0000] {logging_mixin.py:188} INFO - [2024-02-16T16:28:55.612+0000] {dagbag.py:538} INFO - Filling up the DagBag from /home/airflow/.local/lib/python3.8/site-packages/airflow/example_dags/example_bash_operator.py
[2024-02-16T16:28:55.619+0000] {processor.py:840} INFO - DAG(s) 'example_bash_operator' retrieved from /home/airflow/.local/lib/python3.8/site-packages/airflow/example_dags/example_bash_operator.py
[2024-02-16T16:28:55.640+0000] {logging_mixin.py:188} INFO - [2024-02-16T16:28:55.640+0000] {dag.py:3036} INFO - Sync 1 DAGs
[2024-02-16T16:28:55.655+0000] {logging_mixin.py:188} INFO - [2024-02-16T16:28:55.655+0000] {dag.py:3823} INFO - Setting next_dagrun for example_bash_operator to 2024-02-15 00:00:00+00:00, run_after=2024-02-16 00:00:00+00:00
[2024-02-16T16:28:55.667+0000] {processor.py:183} INFO - Processing /home/airflow/.local/lib/python3.8/site-packages/airflow/example_dags/example_bash_operator.py took 0.058 seconds
[2024-02-16T16:29:25.748+0000] {processor.py:161} INFO - Started process (PID=1071) to work on /home/airflow/.local/lib/python3.8/site-packages/airflow/example_dags/example_bash_operator.py
[2024-02-16T16:29:25.749+0000] {processor.py:830} INFO - Processing file /home/airflow/.local/lib/python3.8/site-packages/airflow/example_dags/example_bash_operator.py for tasks to queue
[2024-02-16T16:29:25.750+0000] {logging_mixin.py:188} INFO - [2024-02-16T16:29:25.750+0000] {dagbag.py:538} INFO - Filling up the DagBag from /home/airflow/.local/lib/python3.8/site-packages/airflow/example_dags/example_bash_operator.py
[2024-02-16T16:29:25.758+0000] {processor.py:840} INFO - DAG(s) 'example_bash_operator' retrieved from /home/airflow/.local/lib/python3.8/site-packages/airflow/example_dags/example_bash_operator.py
[2024-02-16T16:29:25.785+0000] {logging_mixin.py:188} INFO - [2024-02-16T16:29:25.784+0000] {dag.py:3036} INFO - Sync 1 DAGs
[2024-02-16T16:29:25.805+0000] {logging_mixin.py:188} INFO - [2024-02-16T16:29:25.804+0000] {dag.py:3823} INFO - Setting next_dagrun for example_bash_operator to 2024-02-15 00:00:00+00:00, run_after=2024-02-16 00:00:00+00:00
[2024-02-16T16:29:25.822+0000] {processor.py:183} INFO - Processing /home/airflow/.local/lib/python3.8/site-packages/airflow/example_dags/example_bash_operator.py took 0.076 seconds
[2024-02-16T16:29:56.143+0000] {processor.py:161} INFO - Started process (PID=1126) to work on /home/airflow/.local/lib/python3.8/site-packages/airflow/example_dags/example_bash_operator.py
[2024-02-16T16:29:56.144+0000] {processor.py:830} INFO - Processing file /home/airflow/.local/lib/python3.8/site-packages/airflow/example_dags/example_bash_operator.py for tasks to queue
[2024-02-16T16:29:56.145+0000] {logging_mixin.py:188} INFO - [2024-02-16T16:29:56.145+0000] {dagbag.py:538} INFO - Filling up the DagBag from /home/airflow/.local/lib/python3.8/site-packages/airflow/example_dags/example_bash_operator.py
[2024-02-16T16:29:56.154+0000] {processor.py:840} INFO - DAG(s) 'example_bash_operator' retrieved from /home/airflow/.local/lib/python3.8/site-packages/airflow/example_dags/example_bash_operator.py
[2024-02-16T16:29:56.178+0000] {logging_mixin.py:188} INFO - [2024-02-16T16:29:56.178+0000] {dag.py:3036} INFO - Sync 1 DAGs
[2024-02-16T16:29:56.197+0000] {logging_mixin.py:188} INFO - [2024-02-16T16:29:56.197+0000] {dag.py:3823} INFO - Setting next_dagrun for example_bash_operator to 2024-02-15 00:00:00+00:00, run_after=2024-02-16 00:00:00+00:00
[2024-02-16T16:29:56.212+0000] {processor.py:183} INFO - Processing /home/airflow/.local/lib/python3.8/site-packages/airflow/example_dags/example_bash_operator.py took 0.072 seconds
[2024-02-16T16:30:26.905+0000] {processor.py:161} INFO - Started process (PID=1182) to work on /home/airflow/.local/lib/python3.8/site-packages/airflow/example_dags/example_bash_operator.py
[2024-02-16T16:30:26.905+0000] {processor.py:830} INFO - Processing file /home/airflow/.local/lib/python3.8/site-packages/airflow/example_dags/example_bash_operator.py for tasks to queue
[2024-02-16T16:30:26.906+0000] {logging_mixin.py:188} INFO - [2024-02-16T16:30:26.906+0000] {dagbag.py:538} INFO - Filling up the DagBag from /home/airflow/.local/lib/python3.8/site-packages/airflow/example_dags/example_bash_operator.py
[2024-02-16T16:30:26.915+0000] {processor.py:840} INFO - DAG(s) 'example_bash_operator' retrieved from /home/airflow/.local/lib/python3.8/site-packages/airflow/example_dags/example_bash_operator.py
[2024-02-16T16:30:26.936+0000] {logging_mixin.py:188} INFO - [2024-02-16T16:30:26.936+0000] {dag.py:3036} INFO - Sync 1 DAGs
[2024-02-16T16:30:26.952+0000] {logging_mixin.py:188} INFO - [2024-02-16T16:30:26.952+0000] {dag.py:3823} INFO - Setting next_dagrun for example_bash_operator to 2024-02-15 00:00:00+00:00, run_after=2024-02-16 00:00:00+00:00
[2024-02-16T16:30:26.966+0000] {processor.py:183} INFO - Processing /home/airflow/.local/lib/python3.8/site-packages/airflow/example_dags/example_bash_operator.py took 0.063 seconds
[2024-02-16T16:31:27.784+0000] {processor.py:161} INFO - Started process (PID=82) to work on /home/airflow/.local/lib/python3.8/site-packages/airflow/example_dags/example_bash_operator.py
[2024-02-16T16:31:27.785+0000] {processor.py:830} INFO - Processing file /home/airflow/.local/lib/python3.8/site-packages/airflow/example_dags/example_bash_operator.py for tasks to queue
[2024-02-16T16:31:27.787+0000] {logging_mixin.py:188} INFO - [2024-02-16T16:31:27.786+0000] {dagbag.py:538} INFO - Filling up the DagBag from /home/airflow/.local/lib/python3.8/site-packages/airflow/example_dags/example_bash_operator.py
[2024-02-16T16:31:27.797+0000] {processor.py:840} INFO - DAG(s) 'example_bash_operator' retrieved from /home/airflow/.local/lib/python3.8/site-packages/airflow/example_dags/example_bash_operator.py
[2024-02-16T16:31:27.806+0000] {logging_mixin.py:188} INFO - [2024-02-16T16:31:27.806+0000] {dag.py:3036} INFO - Sync 1 DAGs
[2024-02-16T16:31:27.825+0000] {logging_mixin.py:188} INFO - [2024-02-16T16:31:27.825+0000] {dag.py:3823} INFO - Setting next_dagrun for example_bash_operator to 2024-02-15 00:00:00+00:00, run_after=2024-02-16 00:00:00+00:00
[2024-02-16T16:31:27.843+0000] {processor.py:183} INFO - Processing /home/airflow/.local/lib/python3.8/site-packages/airflow/example_dags/example_bash_operator.py took 0.060 seconds
[2024-02-16T16:31:59.581+0000] {processor.py:161} INFO - Started process (PID=138) to work on /home/airflow/.local/lib/python3.8/site-packages/airflow/example_dags/example_bash_operator.py
[2024-02-16T16:31:59.582+0000] {processor.py:830} INFO - Processing file /home/airflow/.local/lib/python3.8/site-packages/airflow/example_dags/example_bash_operator.py for tasks to queue
[2024-02-16T16:31:59.583+0000] {logging_mixin.py:188} INFO - [2024-02-16T16:31:59.582+0000] {dagbag.py:538} INFO - Filling up the DagBag from /home/airflow/.local/lib/python3.8/site-packages/airflow/example_dags/example_bash_operator.py
[2024-02-16T16:31:59.591+0000] {processor.py:840} INFO - DAG(s) 'example_bash_operator' retrieved from /home/airflow/.local/lib/python3.8/site-packages/airflow/example_dags/example_bash_operator.py
[2024-02-16T16:31:59.673+0000] {logging_mixin.py:188} INFO - [2024-02-16T16:31:59.672+0000] {dag.py:3036} INFO - Sync 1 DAGs
[2024-02-16T16:31:59.688+0000] {logging_mixin.py:188} INFO - [2024-02-16T16:31:59.688+0000] {dag.py:3823} INFO - Setting next_dagrun for example_bash_operator to 2024-02-15 00:00:00+00:00, run_after=2024-02-16 00:00:00+00:00
[2024-02-16T16:31:59.702+0000] {processor.py:183} INFO - Processing /home/airflow/.local/lib/python3.8/site-packages/airflow/example_dags/example_bash_operator.py took 0.123 seconds
[2024-02-16T16:32:30.678+0000] {processor.py:161} INFO - Started process (PID=194) to work on /home/airflow/.local/lib/python3.8/site-packages/airflow/example_dags/example_bash_operator.py
[2024-02-16T16:32:30.678+0000] {processor.py:830} INFO - Processing file /home/airflow/.local/lib/python3.8/site-packages/airflow/example_dags/example_bash_operator.py for tasks to queue
[2024-02-16T16:32:30.679+0000] {logging_mixin.py:188} INFO - [2024-02-16T16:32:30.679+0000] {dagbag.py:538} INFO - Filling up the DagBag from /home/airflow/.local/lib/python3.8/site-packages/airflow/example_dags/example_bash_operator.py
[2024-02-16T16:32:30.687+0000] {processor.py:840} INFO - DAG(s) 'example_bash_operator' retrieved from /home/airflow/.local/lib/python3.8/site-packages/airflow/example_dags/example_bash_operator.py
[2024-02-16T16:32:30.708+0000] {logging_mixin.py:188} INFO - [2024-02-16T16:32:30.708+0000] {dag.py:3036} INFO - Sync 1 DAGs
[2024-02-16T16:32:30.723+0000] {logging_mixin.py:188} INFO - [2024-02-16T16:32:30.723+0000] {dag.py:3823} INFO - Setting next_dagrun for example_bash_operator to 2024-02-15 00:00:00+00:00, run_after=2024-02-16 00:00:00+00:00
[2024-02-16T16:32:30.737+0000] {processor.py:183} INFO - Processing /home/airflow/.local/lib/python3.8/site-packages/airflow/example_dags/example_bash_operator.py took 0.061 seconds
[2024-02-16T16:33:00.876+0000] {processor.py:161} INFO - Started process (PID=250) to work on /home/airflow/.local/lib/python3.8/site-packages/airflow/example_dags/example_bash_operator.py
[2024-02-16T16:33:00.876+0000] {processor.py:830} INFO - Processing file /home/airflow/.local/lib/python3.8/site-packages/airflow/example_dags/example_bash_operator.py for tasks to queue
[2024-02-16T16:33:00.878+0000] {logging_mixin.py:188} INFO - [2024-02-16T16:33:00.877+0000] {dagbag.py:538} INFO - Filling up the DagBag from /home/airflow/.local/lib/python3.8/site-packages/airflow/example_dags/example_bash_operator.py
[2024-02-16T16:33:00.885+0000] {processor.py:840} INFO - DAG(s) 'example_bash_operator' retrieved from /home/airflow/.local/lib/python3.8/site-packages/airflow/example_dags/example_bash_operator.py
[2024-02-16T16:33:00.906+0000] {logging_mixin.py:188} INFO - [2024-02-16T16:33:00.906+0000] {dag.py:3036} INFO - Sync 1 DAGs
[2024-02-16T16:33:00.923+0000] {logging_mixin.py:188} INFO - [2024-02-16T16:33:00.923+0000] {dag.py:3823} INFO - Setting next_dagrun for example_bash_operator to 2024-02-15 00:00:00+00:00, run_after=2024-02-16 00:00:00+00:00
[2024-02-16T16:33:00.939+0000] {processor.py:183} INFO - Processing /home/airflow/.local/lib/python3.8/site-packages/airflow/example_dags/example_bash_operator.py took 0.065 seconds
[2024-02-16T16:33:31.103+0000] {processor.py:161} INFO - Started process (PID=306) to work on /home/airflow/.local/lib/python3.8/site-packages/airflow/example_dags/example_bash_operator.py
[2024-02-16T16:33:31.104+0000] {processor.py:830} INFO - Processing file /home/airflow/.local/lib/python3.8/site-packages/airflow/example_dags/example_bash_operator.py for tasks to queue
[2024-02-16T16:33:31.106+0000] {logging_mixin.py:188} INFO - [2024-02-16T16:33:31.106+0000] {dagbag.py:538} INFO - Filling up the DagBag from /home/airflow/.local/lib/python3.8/site-packages/airflow/example_dags/example_bash_operator.py
[2024-02-16T16:33:31.116+0000] {processor.py:840} INFO - DAG(s) 'example_bash_operator' retrieved from /home/airflow/.local/lib/python3.8/site-packages/airflow/example_dags/example_bash_operator.py
[2024-02-16T16:33:31.141+0000] {logging_mixin.py:188} INFO - [2024-02-16T16:33:31.141+0000] {dag.py:3036} INFO - Sync 1 DAGs
[2024-02-16T16:33:31.159+0000] {logging_mixin.py:188} INFO - [2024-02-16T16:33:31.159+0000] {dag.py:3823} INFO - Setting next_dagrun for example_bash_operator to 2024-02-15 00:00:00+00:00, run_after=2024-02-16 00:00:00+00:00
[2024-02-16T16:33:31.173+0000] {processor.py:183} INFO - Processing /home/airflow/.local/lib/python3.8/site-packages/airflow/example_dags/example_bash_operator.py took 0.071 seconds
[2024-02-16T16:34:01.294+0000] {processor.py:161} INFO - Started process (PID=362) to work on /home/airflow/.local/lib/python3.8/site-packages/airflow/example_dags/example_bash_operator.py
[2024-02-16T16:34:01.295+0000] {processor.py:830} INFO - Processing file /home/airflow/.local/lib/python3.8/site-packages/airflow/example_dags/example_bash_operator.py for tasks to queue
[2024-02-16T16:34:01.296+0000] {logging_mixin.py:188} INFO - [2024-02-16T16:34:01.296+0000] {dagbag.py:538} INFO - Filling up the DagBag from /home/airflow/.local/lib/python3.8/site-packages/airflow/example_dags/example_bash_operator.py
[2024-02-16T16:34:01.304+0000] {processor.py:840} INFO - DAG(s) 'example_bash_operator' retrieved from /home/airflow/.local/lib/python3.8/site-packages/airflow/example_dags/example_bash_operator.py
[2024-02-16T16:34:01.335+0000] {logging_mixin.py:188} INFO - [2024-02-16T16:34:01.334+0000] {dag.py:3036} INFO - Sync 1 DAGs
[2024-02-16T16:34:01.359+0000] {logging_mixin.py:188} INFO - [2024-02-16T16:34:01.359+0000] {dag.py:3823} INFO - Setting next_dagrun for example_bash_operator to 2024-02-15 00:00:00+00:00, run_after=2024-02-16 00:00:00+00:00
[2024-02-16T16:34:01.377+0000] {processor.py:183} INFO - Processing /home/airflow/.local/lib/python3.8/site-packages/airflow/example_dags/example_bash_operator.py took 0.085 seconds
[2024-02-16T16:34:31.522+0000] {processor.py:161} INFO - Started process (PID=418) to work on /home/airflow/.local/lib/python3.8/site-packages/airflow/example_dags/example_bash_operator.py
[2024-02-16T16:34:31.523+0000] {processor.py:830} INFO - Processing file /home/airflow/.local/lib/python3.8/site-packages/airflow/example_dags/example_bash_operator.py for tasks to queue
[2024-02-16T16:34:31.524+0000] {logging_mixin.py:188} INFO - [2024-02-16T16:34:31.524+0000] {dagbag.py:538} INFO - Filling up the DagBag from /home/airflow/.local/lib/python3.8/site-packages/airflow/example_dags/example_bash_operator.py
[2024-02-16T16:34:31.532+0000] {processor.py:840} INFO - DAG(s) 'example_bash_operator' retrieved from /home/airflow/.local/lib/python3.8/site-packages/airflow/example_dags/example_bash_operator.py
[2024-02-16T16:34:31.553+0000] {logging_mixin.py:188} INFO - [2024-02-16T16:34:31.553+0000] {dag.py:3036} INFO - Sync 1 DAGs
[2024-02-16T16:34:31.569+0000] {logging_mixin.py:188} INFO - [2024-02-16T16:34:31.569+0000] {dag.py:3823} INFO - Setting next_dagrun for example_bash_operator to 2024-02-15 00:00:00+00:00, run_after=2024-02-16 00:00:00+00:00
[2024-02-16T16:34:31.583+0000] {processor.py:183} INFO - Processing /home/airflow/.local/lib/python3.8/site-packages/airflow/example_dags/example_bash_operator.py took 0.063 seconds
[2024-02-16T16:35:01.775+0000] {processor.py:161} INFO - Started process (PID=474) to work on /home/airflow/.local/lib/python3.8/site-packages/airflow/example_dags/example_bash_operator.py
[2024-02-16T16:35:01.776+0000] {processor.py:830} INFO - Processing file /home/airflow/.local/lib/python3.8/site-packages/airflow/example_dags/example_bash_operator.py for tasks to queue
[2024-02-16T16:35:01.777+0000] {logging_mixin.py:188} INFO - [2024-02-16T16:35:01.777+0000] {dagbag.py:538} INFO - Filling up the DagBag from /home/airflow/.local/lib/python3.8/site-packages/airflow/example_dags/example_bash_operator.py
[2024-02-16T16:35:01.785+0000] {processor.py:840} INFO - DAG(s) 'example_bash_operator' retrieved from /home/airflow/.local/lib/python3.8/site-packages/airflow/example_dags/example_bash_operator.py
[2024-02-16T16:35:01.806+0000] {logging_mixin.py:188} INFO - [2024-02-16T16:35:01.806+0000] {dag.py:3036} INFO - Sync 1 DAGs
[2024-02-16T16:35:01.824+0000] {logging_mixin.py:188} INFO - [2024-02-16T16:35:01.824+0000] {dag.py:3823} INFO - Setting next_dagrun for example_bash_operator to 2024-02-15 00:00:00+00:00, run_after=2024-02-16 00:00:00+00:00
[2024-02-16T16:35:01.842+0000] {processor.py:183} INFO - Processing /home/airflow/.local/lib/python3.8/site-packages/airflow/example_dags/example_bash_operator.py took 0.068 seconds
[2024-02-16T16:35:31.984+0000] {processor.py:161} INFO - Started process (PID=530) to work on /home/airflow/.local/lib/python3.8/site-packages/airflow/example_dags/example_bash_operator.py
[2024-02-16T16:35:31.985+0000] {processor.py:830} INFO - Processing file /home/airflow/.local/lib/python3.8/site-packages/airflow/example_dags/example_bash_operator.py for tasks to queue
[2024-02-16T16:35:31.987+0000] {logging_mixin.py:188} INFO - [2024-02-16T16:35:31.987+0000] {dagbag.py:538} INFO - Filling up the DagBag from /home/airflow/.local/lib/python3.8/site-packages/airflow/example_dags/example_bash_operator.py
[2024-02-16T16:35:31.997+0000] {processor.py:840} INFO - DAG(s) 'example_bash_operator' retrieved from /home/airflow/.local/lib/python3.8/site-packages/airflow/example_dags/example_bash_operator.py
[2024-02-16T16:35:32.019+0000] {logging_mixin.py:188} INFO - [2024-02-16T16:35:32.018+0000] {dag.py:3036} INFO - Sync 1 DAGs
[2024-02-16T16:35:32.035+0000] {logging_mixin.py:188} INFO - [2024-02-16T16:35:32.035+0000] {dag.py:3823} INFO - Setting next_dagrun for example_bash_operator to 2024-02-15 00:00:00+00:00, run_after=2024-02-16 00:00:00+00:00
[2024-02-16T16:35:32.048+0000] {processor.py:183} INFO - Processing /home/airflow/.local/lib/python3.8/site-packages/airflow/example_dags/example_bash_operator.py took 0.067 seconds
[2024-02-16T16:36:02.352+0000] {processor.py:161} INFO - Started process (PID=586) to work on /home/airflow/.local/lib/python3.8/site-packages/airflow/example_dags/example_bash_operator.py
[2024-02-16T16:36:02.353+0000] {processor.py:830} INFO - Processing file /home/airflow/.local/lib/python3.8/site-packages/airflow/example_dags/example_bash_operator.py for tasks to queue
[2024-02-16T16:36:02.354+0000] {logging_mixin.py:188} INFO - [2024-02-16T16:36:02.354+0000] {dagbag.py:538} INFO - Filling up the DagBag from /home/airflow/.local/lib/python3.8/site-packages/airflow/example_dags/example_bash_operator.py
[2024-02-16T16:36:02.362+0000] {processor.py:840} INFO - DAG(s) 'example_bash_operator' retrieved from /home/airflow/.local/lib/python3.8/site-packages/airflow/example_dags/example_bash_operator.py
[2024-02-16T16:36:02.383+0000] {logging_mixin.py:188} INFO - [2024-02-16T16:36:02.383+0000] {dag.py:3036} INFO - Sync 1 DAGs
[2024-02-16T16:36:02.399+0000] {logging_mixin.py:188} INFO - [2024-02-16T16:36:02.399+0000] {dag.py:3823} INFO - Setting next_dagrun for example_bash_operator to 2024-02-15 00:00:00+00:00, run_after=2024-02-16 00:00:00+00:00
[2024-02-16T16:36:02.413+0000] {processor.py:183} INFO - Processing /home/airflow/.local/lib/python3.8/site-packages/airflow/example_dags/example_bash_operator.py took 0.062 seconds
[2024-02-16T16:36:32.452+0000] {processor.py:161} INFO - Started process (PID=643) to work on /home/airflow/.local/lib/python3.8/site-packages/airflow/example_dags/example_bash_operator.py
[2024-02-16T16:36:32.453+0000] {processor.py:830} INFO - Processing file /home/airflow/.local/lib/python3.8/site-packages/airflow/example_dags/example_bash_operator.py for tasks to queue
[2024-02-16T16:36:32.454+0000] {logging_mixin.py:188} INFO - [2024-02-16T16:36:32.454+0000] {dagbag.py:538} INFO - Filling up the DagBag from /home/airflow/.local/lib/python3.8/site-packages/airflow/example_dags/example_bash_operator.py
[2024-02-16T16:36:32.462+0000] {processor.py:840} INFO - DAG(s) 'example_bash_operator' retrieved from /home/airflow/.local/lib/python3.8/site-packages/airflow/example_dags/example_bash_operator.py
[2024-02-16T16:36:32.484+0000] {logging_mixin.py:188} INFO - [2024-02-16T16:36:32.484+0000] {dag.py:3036} INFO - Sync 1 DAGs
[2024-02-16T16:36:32.501+0000] {logging_mixin.py:188} INFO - [2024-02-16T16:36:32.500+0000] {dag.py:3823} INFO - Setting next_dagrun for example_bash_operator to 2024-02-15 00:00:00+00:00, run_after=2024-02-16 00:00:00+00:00
[2024-02-16T16:36:32.515+0000] {processor.py:183} INFO - Processing /home/airflow/.local/lib/python3.8/site-packages/airflow/example_dags/example_bash_operator.py took 0.065 seconds
[2024-02-16T16:37:02.826+0000] {processor.py:161} INFO - Started process (PID=699) to work on /home/airflow/.local/lib/python3.8/site-packages/airflow/example_dags/example_bash_operator.py
[2024-02-16T16:37:02.827+0000] {processor.py:830} INFO - Processing file /home/airflow/.local/lib/python3.8/site-packages/airflow/example_dags/example_bash_operator.py for tasks to queue
[2024-02-16T16:37:02.828+0000] {logging_mixin.py:188} INFO - [2024-02-16T16:37:02.828+0000] {dagbag.py:538} INFO - Filling up the DagBag from /home/airflow/.local/lib/python3.8/site-packages/airflow/example_dags/example_bash_operator.py
[2024-02-16T16:37:02.836+0000] {processor.py:840} INFO - DAG(s) 'example_bash_operator' retrieved from /home/airflow/.local/lib/python3.8/site-packages/airflow/example_dags/example_bash_operator.py
[2024-02-16T16:37:02.860+0000] {logging_mixin.py:188} INFO - [2024-02-16T16:37:02.860+0000] {dag.py:3036} INFO - Sync 1 DAGs
[2024-02-16T16:37:02.877+0000] {logging_mixin.py:188} INFO - [2024-02-16T16:37:02.877+0000] {dag.py:3823} INFO - Setting next_dagrun for example_bash_operator to 2024-02-15 00:00:00+00:00, run_after=2024-02-16 00:00:00+00:00
[2024-02-16T16:37:02.891+0000] {processor.py:183} INFO - Processing /home/airflow/.local/lib/python3.8/site-packages/airflow/example_dags/example_bash_operator.py took 0.066 seconds
[2024-02-16T16:37:33.132+0000] {processor.py:161} INFO - Started process (PID=756) to work on /home/airflow/.local/lib/python3.8/site-packages/airflow/example_dags/example_bash_operator.py
[2024-02-16T16:37:33.132+0000] {processor.py:830} INFO - Processing file /home/airflow/.local/lib/python3.8/site-packages/airflow/example_dags/example_bash_operator.py for tasks to queue
[2024-02-16T16:37:33.133+0000] {logging_mixin.py:188} INFO - [2024-02-16T16:37:33.133+0000] {dagbag.py:538} INFO - Filling up the DagBag from /home/airflow/.local/lib/python3.8/site-packages/airflow/example_dags/example_bash_operator.py
[2024-02-16T16:37:33.142+0000] {processor.py:840} INFO - DAG(s) 'example_bash_operator' retrieved from /home/airflow/.local/lib/python3.8/site-packages/airflow/example_dags/example_bash_operator.py
[2024-02-16T16:37:33.164+0000] {logging_mixin.py:188} INFO - [2024-02-16T16:37:33.164+0000] {dag.py:3036} INFO - Sync 1 DAGs
[2024-02-16T16:37:33.189+0000] {logging_mixin.py:188} INFO - [2024-02-16T16:37:33.189+0000] {dag.py:3823} INFO - Setting next_dagrun for example_bash_operator to 2024-02-15 00:00:00+00:00, run_after=2024-02-16 00:00:00+00:00
[2024-02-16T16:37:33.205+0000] {processor.py:183} INFO - Processing /home/airflow/.local/lib/python3.8/site-packages/airflow/example_dags/example_bash_operator.py took 0.076 seconds
[2024-02-16T16:39:17.418+0000] {processor.py:161} INFO - Started process (PID=83) to work on /home/airflow/.local/lib/python3.8/site-packages/airflow/example_dags/example_bash_operator.py
[2024-02-16T16:39:17.419+0000] {processor.py:830} INFO - Processing file /home/airflow/.local/lib/python3.8/site-packages/airflow/example_dags/example_bash_operator.py for tasks to queue
[2024-02-16T16:39:17.420+0000] {logging_mixin.py:188} INFO - [2024-02-16T16:39:17.420+0000] {dagbag.py:538} INFO - Filling up the DagBag from /home/airflow/.local/lib/python3.8/site-packages/airflow/example_dags/example_bash_operator.py
[2024-02-16T16:39:17.430+0000] {processor.py:840} INFO - DAG(s) 'example_bash_operator' retrieved from /home/airflow/.local/lib/python3.8/site-packages/airflow/example_dags/example_bash_operator.py
[2024-02-16T16:39:17.438+0000] {logging_mixin.py:188} INFO - [2024-02-16T16:39:17.438+0000] {dag.py:3036} INFO - Sync 1 DAGs
[2024-02-16T16:39:17.456+0000] {logging_mixin.py:188} INFO - [2024-02-16T16:39:17.455+0000] {dag.py:3823} INFO - Setting next_dagrun for example_bash_operator to 2024-02-15 00:00:00+00:00, run_after=2024-02-16 00:00:00+00:00
[2024-02-16T16:39:17.471+0000] {processor.py:183} INFO - Processing /home/airflow/.local/lib/python3.8/site-packages/airflow/example_dags/example_bash_operator.py took 0.055 seconds
[2024-02-16T16:39:48.619+0000] {processor.py:161} INFO - Started process (PID=140) to work on /home/airflow/.local/lib/python3.8/site-packages/airflow/example_dags/example_bash_operator.py
[2024-02-16T16:39:48.620+0000] {processor.py:830} INFO - Processing file /home/airflow/.local/lib/python3.8/site-packages/airflow/example_dags/example_bash_operator.py for tasks to queue
[2024-02-16T16:39:48.621+0000] {logging_mixin.py:188} INFO - [2024-02-16T16:39:48.621+0000] {dagbag.py:538} INFO - Filling up the DagBag from /home/airflow/.local/lib/python3.8/site-packages/airflow/example_dags/example_bash_operator.py
[2024-02-16T16:39:48.629+0000] {processor.py:840} INFO - DAG(s) 'example_bash_operator' retrieved from /home/airflow/.local/lib/python3.8/site-packages/airflow/example_dags/example_bash_operator.py
[2024-02-16T16:39:48.709+0000] {logging_mixin.py:188} INFO - [2024-02-16T16:39:48.708+0000] {dag.py:3036} INFO - Sync 1 DAGs
[2024-02-16T16:39:48.724+0000] {logging_mixin.py:188} INFO - [2024-02-16T16:39:48.723+0000] {dag.py:3823} INFO - Setting next_dagrun for example_bash_operator to 2024-02-15 00:00:00+00:00, run_after=2024-02-16 00:00:00+00:00
[2024-02-16T16:39:48.738+0000] {processor.py:183} INFO - Processing /home/airflow/.local/lib/python3.8/site-packages/airflow/example_dags/example_bash_operator.py took 0.120 seconds
[2024-02-16T16:40:19.054+0000] {processor.py:161} INFO - Started process (PID=197) to work on /home/airflow/.local/lib/python3.8/site-packages/airflow/example_dags/example_bash_operator.py
[2024-02-16T16:40:19.055+0000] {processor.py:830} INFO - Processing file /home/airflow/.local/lib/python3.8/site-packages/airflow/example_dags/example_bash_operator.py for tasks to queue
[2024-02-16T16:40:19.056+0000] {logging_mixin.py:188} INFO - [2024-02-16T16:40:19.056+0000] {dagbag.py:538} INFO - Filling up the DagBag from /home/airflow/.local/lib/python3.8/site-packages/airflow/example_dags/example_bash_operator.py
[2024-02-16T16:40:19.065+0000] {processor.py:840} INFO - DAG(s) 'example_bash_operator' retrieved from /home/airflow/.local/lib/python3.8/site-packages/airflow/example_dags/example_bash_operator.py
[2024-02-16T16:40:19.090+0000] {logging_mixin.py:188} INFO - [2024-02-16T16:40:19.090+0000] {dag.py:3036} INFO - Sync 1 DAGs
[2024-02-16T16:40:19.110+0000] {logging_mixin.py:188} INFO - [2024-02-16T16:40:19.110+0000] {dag.py:3823} INFO - Setting next_dagrun for example_bash_operator to 2024-02-15 00:00:00+00:00, run_after=2024-02-16 00:00:00+00:00
[2024-02-16T16:40:19.126+0000] {processor.py:183} INFO - Processing /home/airflow/.local/lib/python3.8/site-packages/airflow/example_dags/example_bash_operator.py took 0.075 seconds
[2024-02-16T16:40:49.523+0000] {processor.py:161} INFO - Started process (PID=254) to work on /home/airflow/.local/lib/python3.8/site-packages/airflow/example_dags/example_bash_operator.py
[2024-02-16T16:40:49.524+0000] {processor.py:830} INFO - Processing file /home/airflow/.local/lib/python3.8/site-packages/airflow/example_dags/example_bash_operator.py for tasks to queue
[2024-02-16T16:40:49.525+0000] {logging_mixin.py:188} INFO - [2024-02-16T16:40:49.525+0000] {dagbag.py:538} INFO - Filling up the DagBag from /home/airflow/.local/lib/python3.8/site-packages/airflow/example_dags/example_bash_operator.py
[2024-02-16T16:40:49.533+0000] {processor.py:840} INFO - DAG(s) 'example_bash_operator' retrieved from /home/airflow/.local/lib/python3.8/site-packages/airflow/example_dags/example_bash_operator.py
[2024-02-16T16:40:49.555+0000] {logging_mixin.py:188} INFO - [2024-02-16T16:40:49.555+0000] {dag.py:3036} INFO - Sync 1 DAGs
[2024-02-16T16:40:49.572+0000] {logging_mixin.py:188} INFO - [2024-02-16T16:40:49.572+0000] {dag.py:3823} INFO - Setting next_dagrun for example_bash_operator to 2024-02-15 00:00:00+00:00, run_after=2024-02-16 00:00:00+00:00
[2024-02-16T16:40:49.585+0000] {processor.py:183} INFO - Processing /home/airflow/.local/lib/python3.8/site-packages/airflow/example_dags/example_bash_operator.py took 0.063 seconds
[2024-02-16T16:41:19.978+0000] {processor.py:161} INFO - Started process (PID=311) to work on /home/airflow/.local/lib/python3.8/site-packages/airflow/example_dags/example_bash_operator.py
[2024-02-16T16:41:19.978+0000] {processor.py:830} INFO - Processing file /home/airflow/.local/lib/python3.8/site-packages/airflow/example_dags/example_bash_operator.py for tasks to queue
[2024-02-16T16:41:19.980+0000] {logging_mixin.py:188} INFO - [2024-02-16T16:41:19.979+0000] {dagbag.py:538} INFO - Filling up the DagBag from /home/airflow/.local/lib/python3.8/site-packages/airflow/example_dags/example_bash_operator.py
[2024-02-16T16:41:19.988+0000] {processor.py:840} INFO - DAG(s) 'example_bash_operator' retrieved from /home/airflow/.local/lib/python3.8/site-packages/airflow/example_dags/example_bash_operator.py
[2024-02-16T16:41:20.011+0000] {logging_mixin.py:188} INFO - [2024-02-16T16:41:20.011+0000] {dag.py:3036} INFO - Sync 1 DAGs
[2024-02-16T16:41:20.029+0000] {logging_mixin.py:188} INFO - [2024-02-16T16:41:20.029+0000] {dag.py:3823} INFO - Setting next_dagrun for example_bash_operator to 2024-02-15 00:00:00+00:00, run_after=2024-02-16 00:00:00+00:00
[2024-02-16T16:41:20.044+0000] {processor.py:183} INFO - Processing /home/airflow/.local/lib/python3.8/site-packages/airflow/example_dags/example_bash_operator.py took 0.068 seconds
[2024-02-16T16:41:50.224+0000] {processor.py:161} INFO - Started process (PID=369) to work on /home/airflow/.local/lib/python3.8/site-packages/airflow/example_dags/example_bash_operator.py
[2024-02-16T16:41:50.225+0000] {processor.py:830} INFO - Processing file /home/airflow/.local/lib/python3.8/site-packages/airflow/example_dags/example_bash_operator.py for tasks to queue
[2024-02-16T16:41:50.226+0000] {logging_mixin.py:188} INFO - [2024-02-16T16:41:50.225+0000] {dagbag.py:538} INFO - Filling up the DagBag from /home/airflow/.local/lib/python3.8/site-packages/airflow/example_dags/example_bash_operator.py
[2024-02-16T16:41:50.234+0000] {processor.py:840} INFO - DAG(s) 'example_bash_operator' retrieved from /home/airflow/.local/lib/python3.8/site-packages/airflow/example_dags/example_bash_operator.py
[2024-02-16T16:41:50.259+0000] {logging_mixin.py:188} INFO - [2024-02-16T16:41:50.259+0000] {dag.py:3036} INFO - Sync 1 DAGs
[2024-02-16T16:41:50.278+0000] {logging_mixin.py:188} INFO - [2024-02-16T16:41:50.277+0000] {dag.py:3823} INFO - Setting next_dagrun for example_bash_operator to 2024-02-15 00:00:00+00:00, run_after=2024-02-16 00:00:00+00:00
[2024-02-16T16:41:50.293+0000] {processor.py:183} INFO - Processing /home/airflow/.local/lib/python3.8/site-packages/airflow/example_dags/example_bash_operator.py took 0.071 seconds
[2024-02-16T16:42:20.651+0000] {processor.py:161} INFO - Started process (PID=426) to work on /home/airflow/.local/lib/python3.8/site-packages/airflow/example_dags/example_bash_operator.py
[2024-02-16T16:42:20.652+0000] {processor.py:830} INFO - Processing file /home/airflow/.local/lib/python3.8/site-packages/airflow/example_dags/example_bash_operator.py for tasks to queue
[2024-02-16T16:42:20.653+0000] {logging_mixin.py:188} INFO - [2024-02-16T16:42:20.653+0000] {dagbag.py:538} INFO - Filling up the DagBag from /home/airflow/.local/lib/python3.8/site-packages/airflow/example_dags/example_bash_operator.py
[2024-02-16T16:42:20.661+0000] {processor.py:840} INFO - DAG(s) 'example_bash_operator' retrieved from /home/airflow/.local/lib/python3.8/site-packages/airflow/example_dags/example_bash_operator.py
[2024-02-16T16:42:20.684+0000] {logging_mixin.py:188} INFO - [2024-02-16T16:42:20.684+0000] {dag.py:3036} INFO - Sync 1 DAGs
[2024-02-16T16:42:20.705+0000] {logging_mixin.py:188} INFO - [2024-02-16T16:42:20.704+0000] {dag.py:3823} INFO - Setting next_dagrun for example_bash_operator to 2024-02-15 00:00:00+00:00, run_after=2024-02-16 00:00:00+00:00
[2024-02-16T16:42:20.719+0000] {processor.py:183} INFO - Processing /home/airflow/.local/lib/python3.8/site-packages/airflow/example_dags/example_bash_operator.py took 0.070 seconds
[2024-02-16T16:42:51.017+0000] {processor.py:161} INFO - Started process (PID=483) to work on /home/airflow/.local/lib/python3.8/site-packages/airflow/example_dags/example_bash_operator.py
[2024-02-16T16:42:51.018+0000] {processor.py:830} INFO - Processing file /home/airflow/.local/lib/python3.8/site-packages/airflow/example_dags/example_bash_operator.py for tasks to queue
[2024-02-16T16:42:51.019+0000] {logging_mixin.py:188} INFO - [2024-02-16T16:42:51.019+0000] {dagbag.py:538} INFO - Filling up the DagBag from /home/airflow/.local/lib/python3.8/site-packages/airflow/example_dags/example_bash_operator.py
[2024-02-16T16:42:51.028+0000] {processor.py:840} INFO - DAG(s) 'example_bash_operator' retrieved from /home/airflow/.local/lib/python3.8/site-packages/airflow/example_dags/example_bash_operator.py
[2024-02-16T16:42:51.052+0000] {logging_mixin.py:188} INFO - [2024-02-16T16:42:51.052+0000] {dag.py:3036} INFO - Sync 1 DAGs
[2024-02-16T16:42:51.069+0000] {logging_mixin.py:188} INFO - [2024-02-16T16:42:51.069+0000] {dag.py:3823} INFO - Setting next_dagrun for example_bash_operator to 2024-02-15 00:00:00+00:00, run_after=2024-02-16 00:00:00+00:00
[2024-02-16T16:42:51.084+0000] {processor.py:183} INFO - Processing /home/airflow/.local/lib/python3.8/site-packages/airflow/example_dags/example_bash_operator.py took 0.069 seconds
[2024-02-16T16:43:21.440+0000] {processor.py:161} INFO - Started process (PID=540) to work on /home/airflow/.local/lib/python3.8/site-packages/airflow/example_dags/example_bash_operator.py
[2024-02-16T16:43:21.441+0000] {processor.py:830} INFO - Processing file /home/airflow/.local/lib/python3.8/site-packages/airflow/example_dags/example_bash_operator.py for tasks to queue
[2024-02-16T16:43:21.442+0000] {logging_mixin.py:188} INFO - [2024-02-16T16:43:21.442+0000] {dagbag.py:538} INFO - Filling up the DagBag from /home/airflow/.local/lib/python3.8/site-packages/airflow/example_dags/example_bash_operator.py
[2024-02-16T16:43:21.451+0000] {processor.py:840} INFO - DAG(s) 'example_bash_operator' retrieved from /home/airflow/.local/lib/python3.8/site-packages/airflow/example_dags/example_bash_operator.py
[2024-02-16T16:43:21.476+0000] {logging_mixin.py:188} INFO - [2024-02-16T16:43:21.475+0000] {dag.py:3036} INFO - Sync 1 DAGs
[2024-02-16T16:43:21.494+0000] {logging_mixin.py:188} INFO - [2024-02-16T16:43:21.494+0000] {dag.py:3823} INFO - Setting next_dagrun for example_bash_operator to 2024-02-15 00:00:00+00:00, run_after=2024-02-16 00:00:00+00:00
[2024-02-16T16:43:21.508+0000] {processor.py:183} INFO - Processing /home/airflow/.local/lib/python3.8/site-packages/airflow/example_dags/example_bash_operator.py took 0.070 seconds
[2024-02-16T16:43:51.933+0000] {processor.py:161} INFO - Started process (PID=597) to work on /home/airflow/.local/lib/python3.8/site-packages/airflow/example_dags/example_bash_operator.py
[2024-02-16T16:43:51.934+0000] {processor.py:830} INFO - Processing file /home/airflow/.local/lib/python3.8/site-packages/airflow/example_dags/example_bash_operator.py for tasks to queue
[2024-02-16T16:43:51.935+0000] {logging_mixin.py:188} INFO - [2024-02-16T16:43:51.935+0000] {dagbag.py:538} INFO - Filling up the DagBag from /home/airflow/.local/lib/python3.8/site-packages/airflow/example_dags/example_bash_operator.py
[2024-02-16T16:43:51.944+0000] {processor.py:840} INFO - DAG(s) 'example_bash_operator' retrieved from /home/airflow/.local/lib/python3.8/site-packages/airflow/example_dags/example_bash_operator.py
[2024-02-16T16:43:51.969+0000] {logging_mixin.py:188} INFO - [2024-02-16T16:43:51.969+0000] {dag.py:3036} INFO - Sync 1 DAGs
[2024-02-16T16:43:51.989+0000] {logging_mixin.py:188} INFO - [2024-02-16T16:43:51.989+0000] {dag.py:3823} INFO - Setting next_dagrun for example_bash_operator to 2024-02-15 00:00:00+00:00, run_after=2024-02-16 00:00:00+00:00
[2024-02-16T16:43:52.005+0000] {processor.py:183} INFO - Processing /home/airflow/.local/lib/python3.8/site-packages/airflow/example_dags/example_bash_operator.py took 0.074 seconds
