[2024-02-16T16:20:19.022+0000] {processor.py:161} INFO - Started process (PID=84) to work on /home/airflow/.local/lib/python3.8/site-packages/airflow/example_dags/example_latest_only.py
[2024-02-16T16:20:19.022+0000] {processor.py:830} INFO - Processing file /home/airflow/.local/lib/python3.8/site-packages/airflow/example_dags/example_latest_only.py for tasks to queue
[2024-02-16T16:20:19.024+0000] {logging_mixin.py:188} INFO - [2024-02-16T16:20:19.023+0000] {dagbag.py:538} INFO - Filling up the DagBag from /home/airflow/.local/lib/python3.8/site-packages/airflow/example_dags/example_latest_only.py
[2024-02-16T16:20:19.029+0000] {processor.py:840} INFO - DAG(s) 'latest_only' retrieved from /home/airflow/.local/lib/python3.8/site-packages/airflow/example_dags/example_latest_only.py
[2024-02-16T16:20:19.038+0000] {logging_mixin.py:188} INFO - [2024-02-16T16:20:19.038+0000] {dag.py:3036} INFO - Sync 1 DAGs
[2024-02-16T16:20:19.057+0000] {logging_mixin.py:188} INFO - [2024-02-16T16:20:19.056+0000] {dag.py:3823} INFO - Setting next_dagrun for latest_only to 2024-02-16 12:00:00+00:00, run_after=2024-02-16 16:00:00+00:00
[2024-02-16T16:20:19.074+0000] {processor.py:183} INFO - Processing /home/airflow/.local/lib/python3.8/site-packages/airflow/example_dags/example_latest_only.py took 0.054 seconds
[2024-02-16T16:20:50.188+0000] {processor.py:161} INFO - Started process (PID=139) to work on /home/airflow/.local/lib/python3.8/site-packages/airflow/example_dags/example_latest_only.py
[2024-02-16T16:20:50.189+0000] {processor.py:830} INFO - Processing file /home/airflow/.local/lib/python3.8/site-packages/airflow/example_dags/example_latest_only.py for tasks to queue
[2024-02-16T16:20:50.191+0000] {logging_mixin.py:188} INFO - [2024-02-16T16:20:50.190+0000] {dagbag.py:538} INFO - Filling up the DagBag from /home/airflow/.local/lib/python3.8/site-packages/airflow/example_dags/example_latest_only.py
[2024-02-16T16:20:50.194+0000] {processor.py:840} INFO - DAG(s) 'latest_only' retrieved from /home/airflow/.local/lib/python3.8/site-packages/airflow/example_dags/example_latest_only.py
[2024-02-16T16:20:50.268+0000] {logging_mixin.py:188} INFO - [2024-02-16T16:20:50.267+0000] {dag.py:3036} INFO - Sync 1 DAGs
[2024-02-16T16:20:50.283+0000] {logging_mixin.py:188} INFO - [2024-02-16T16:20:50.282+0000] {dag.py:3823} INFO - Setting next_dagrun for latest_only to 2024-02-16 12:00:00+00:00, run_after=2024-02-16 16:00:00+00:00
[2024-02-16T16:20:50.297+0000] {processor.py:183} INFO - Processing /home/airflow/.local/lib/python3.8/site-packages/airflow/example_dags/example_latest_only.py took 0.110 seconds
[2024-02-16T16:21:20.764+0000] {processor.py:161} INFO - Started process (PID=194) to work on /home/airflow/.local/lib/python3.8/site-packages/airflow/example_dags/example_latest_only.py
[2024-02-16T16:21:20.765+0000] {processor.py:830} INFO - Processing file /home/airflow/.local/lib/python3.8/site-packages/airflow/example_dags/example_latest_only.py for tasks to queue
[2024-02-16T16:21:20.766+0000] {logging_mixin.py:188} INFO - [2024-02-16T16:21:20.766+0000] {dagbag.py:538} INFO - Filling up the DagBag from /home/airflow/.local/lib/python3.8/site-packages/airflow/example_dags/example_latest_only.py
[2024-02-16T16:21:20.769+0000] {processor.py:840} INFO - DAG(s) 'latest_only' retrieved from /home/airflow/.local/lib/python3.8/site-packages/airflow/example_dags/example_latest_only.py
[2024-02-16T16:21:20.783+0000] {logging_mixin.py:188} INFO - [2024-02-16T16:21:20.783+0000] {dag.py:3036} INFO - Sync 1 DAGs
[2024-02-16T16:21:20.800+0000] {logging_mixin.py:188} INFO - [2024-02-16T16:21:20.800+0000] {dag.py:3823} INFO - Setting next_dagrun for latest_only to 2024-02-16 12:00:00+00:00, run_after=2024-02-16 16:00:00+00:00
[2024-02-16T16:21:20.815+0000] {processor.py:183} INFO - Processing /home/airflow/.local/lib/python3.8/site-packages/airflow/example_dags/example_latest_only.py took 0.053 seconds
[2024-02-16T16:21:51.589+0000] {processor.py:161} INFO - Started process (PID=249) to work on /home/airflow/.local/lib/python3.8/site-packages/airflow/example_dags/example_latest_only.py
[2024-02-16T16:21:51.589+0000] {processor.py:830} INFO - Processing file /home/airflow/.local/lib/python3.8/site-packages/airflow/example_dags/example_latest_only.py for tasks to queue
[2024-02-16T16:21:51.590+0000] {logging_mixin.py:188} INFO - [2024-02-16T16:21:51.590+0000] {dagbag.py:538} INFO - Filling up the DagBag from /home/airflow/.local/lib/python3.8/site-packages/airflow/example_dags/example_latest_only.py
[2024-02-16T16:21:51.593+0000] {processor.py:840} INFO - DAG(s) 'latest_only' retrieved from /home/airflow/.local/lib/python3.8/site-packages/airflow/example_dags/example_latest_only.py
[2024-02-16T16:21:51.606+0000] {logging_mixin.py:188} INFO - [2024-02-16T16:21:51.605+0000] {dag.py:3036} INFO - Sync 1 DAGs
[2024-02-16T16:21:51.621+0000] {logging_mixin.py:188} INFO - [2024-02-16T16:21:51.620+0000] {dag.py:3823} INFO - Setting next_dagrun for latest_only to 2024-02-16 12:00:00+00:00, run_after=2024-02-16 16:00:00+00:00
[2024-02-16T16:21:51.632+0000] {processor.py:183} INFO - Processing /home/airflow/.local/lib/python3.8/site-packages/airflow/example_dags/example_latest_only.py took 0.046 seconds
[2024-02-16T16:22:21.819+0000] {processor.py:161} INFO - Started process (PID=304) to work on /home/airflow/.local/lib/python3.8/site-packages/airflow/example_dags/example_latest_only.py
[2024-02-16T16:22:21.820+0000] {processor.py:830} INFO - Processing file /home/airflow/.local/lib/python3.8/site-packages/airflow/example_dags/example_latest_only.py for tasks to queue
[2024-02-16T16:22:21.821+0000] {logging_mixin.py:188} INFO - [2024-02-16T16:22:21.821+0000] {dagbag.py:538} INFO - Filling up the DagBag from /home/airflow/.local/lib/python3.8/site-packages/airflow/example_dags/example_latest_only.py
[2024-02-16T16:22:21.824+0000] {processor.py:840} INFO - DAG(s) 'latest_only' retrieved from /home/airflow/.local/lib/python3.8/site-packages/airflow/example_dags/example_latest_only.py
[2024-02-16T16:22:21.838+0000] {logging_mixin.py:188} INFO - [2024-02-16T16:22:21.838+0000] {dag.py:3036} INFO - Sync 1 DAGs
[2024-02-16T16:22:21.854+0000] {logging_mixin.py:188} INFO - [2024-02-16T16:22:21.854+0000] {dag.py:3823} INFO - Setting next_dagrun for latest_only to 2024-02-16 12:00:00+00:00, run_after=2024-02-16 16:00:00+00:00
[2024-02-16T16:22:21.868+0000] {processor.py:183} INFO - Processing /home/airflow/.local/lib/python3.8/site-packages/airflow/example_dags/example_latest_only.py took 0.051 seconds
[2024-02-16T16:22:51.975+0000] {processor.py:161} INFO - Started process (PID=359) to work on /home/airflow/.local/lib/python3.8/site-packages/airflow/example_dags/example_latest_only.py
[2024-02-16T16:22:51.976+0000] {processor.py:830} INFO - Processing file /home/airflow/.local/lib/python3.8/site-packages/airflow/example_dags/example_latest_only.py for tasks to queue
[2024-02-16T16:22:51.977+0000] {logging_mixin.py:188} INFO - [2024-02-16T16:22:51.977+0000] {dagbag.py:538} INFO - Filling up the DagBag from /home/airflow/.local/lib/python3.8/site-packages/airflow/example_dags/example_latest_only.py
[2024-02-16T16:22:51.980+0000] {processor.py:840} INFO - DAG(s) 'latest_only' retrieved from /home/airflow/.local/lib/python3.8/site-packages/airflow/example_dags/example_latest_only.py
[2024-02-16T16:22:51.993+0000] {logging_mixin.py:188} INFO - [2024-02-16T16:22:51.993+0000] {dag.py:3036} INFO - Sync 1 DAGs
[2024-02-16T16:22:52.009+0000] {logging_mixin.py:188} INFO - [2024-02-16T16:22:52.009+0000] {dag.py:3823} INFO - Setting next_dagrun for latest_only to 2024-02-16 12:00:00+00:00, run_after=2024-02-16 16:00:00+00:00
[2024-02-16T16:22:52.023+0000] {processor.py:183} INFO - Processing /home/airflow/.local/lib/python3.8/site-packages/airflow/example_dags/example_latest_only.py took 0.050 seconds
[2024-02-16T16:23:22.370+0000] {processor.py:161} INFO - Started process (PID=414) to work on /home/airflow/.local/lib/python3.8/site-packages/airflow/example_dags/example_latest_only.py
[2024-02-16T16:23:22.371+0000] {processor.py:830} INFO - Processing file /home/airflow/.local/lib/python3.8/site-packages/airflow/example_dags/example_latest_only.py for tasks to queue
[2024-02-16T16:23:22.372+0000] {logging_mixin.py:188} INFO - [2024-02-16T16:23:22.372+0000] {dagbag.py:538} INFO - Filling up the DagBag from /home/airflow/.local/lib/python3.8/site-packages/airflow/example_dags/example_latest_only.py
[2024-02-16T16:23:22.375+0000] {processor.py:840} INFO - DAG(s) 'latest_only' retrieved from /home/airflow/.local/lib/python3.8/site-packages/airflow/example_dags/example_latest_only.py
[2024-02-16T16:23:22.389+0000] {logging_mixin.py:188} INFO - [2024-02-16T16:23:22.389+0000] {dag.py:3036} INFO - Sync 1 DAGs
[2024-02-16T16:23:22.406+0000] {logging_mixin.py:188} INFO - [2024-02-16T16:23:22.406+0000] {dag.py:3823} INFO - Setting next_dagrun for latest_only to 2024-02-16 12:00:00+00:00, run_after=2024-02-16 16:00:00+00:00
[2024-02-16T16:23:22.419+0000] {processor.py:183} INFO - Processing /home/airflow/.local/lib/python3.8/site-packages/airflow/example_dags/example_latest_only.py took 0.050 seconds
[2024-02-16T16:23:52.616+0000] {processor.py:161} INFO - Started process (PID=469) to work on /home/airflow/.local/lib/python3.8/site-packages/airflow/example_dags/example_latest_only.py
[2024-02-16T16:23:52.617+0000] {processor.py:830} INFO - Processing file /home/airflow/.local/lib/python3.8/site-packages/airflow/example_dags/example_latest_only.py for tasks to queue
[2024-02-16T16:23:52.618+0000] {logging_mixin.py:188} INFO - [2024-02-16T16:23:52.618+0000] {dagbag.py:538} INFO - Filling up the DagBag from /home/airflow/.local/lib/python3.8/site-packages/airflow/example_dags/example_latest_only.py
[2024-02-16T16:23:52.621+0000] {processor.py:840} INFO - DAG(s) 'latest_only' retrieved from /home/airflow/.local/lib/python3.8/site-packages/airflow/example_dags/example_latest_only.py
[2024-02-16T16:23:52.634+0000] {logging_mixin.py:188} INFO - [2024-02-16T16:23:52.634+0000] {dag.py:3036} INFO - Sync 1 DAGs
[2024-02-16T16:23:52.652+0000] {logging_mixin.py:188} INFO - [2024-02-16T16:23:52.652+0000] {dag.py:3823} INFO - Setting next_dagrun for latest_only to 2024-02-16 12:00:00+00:00, run_after=2024-02-16 16:00:00+00:00
[2024-02-16T16:23:52.666+0000] {processor.py:183} INFO - Processing /home/airflow/.local/lib/python3.8/site-packages/airflow/example_dags/example_latest_only.py took 0.052 seconds
[2024-02-16T16:24:22.818+0000] {processor.py:161} INFO - Started process (PID=524) to work on /home/airflow/.local/lib/python3.8/site-packages/airflow/example_dags/example_latest_only.py
[2024-02-16T16:24:22.819+0000] {processor.py:830} INFO - Processing file /home/airflow/.local/lib/python3.8/site-packages/airflow/example_dags/example_latest_only.py for tasks to queue
[2024-02-16T16:24:22.820+0000] {logging_mixin.py:188} INFO - [2024-02-16T16:24:22.819+0000] {dagbag.py:538} INFO - Filling up the DagBag from /home/airflow/.local/lib/python3.8/site-packages/airflow/example_dags/example_latest_only.py
[2024-02-16T16:24:22.823+0000] {processor.py:840} INFO - DAG(s) 'latest_only' retrieved from /home/airflow/.local/lib/python3.8/site-packages/airflow/example_dags/example_latest_only.py
[2024-02-16T16:24:22.836+0000] {logging_mixin.py:188} INFO - [2024-02-16T16:24:22.835+0000] {dag.py:3036} INFO - Sync 1 DAGs
[2024-02-16T16:24:22.851+0000] {logging_mixin.py:188} INFO - [2024-02-16T16:24:22.851+0000] {dag.py:3823} INFO - Setting next_dagrun for latest_only to 2024-02-16 12:00:00+00:00, run_after=2024-02-16 16:00:00+00:00
[2024-02-16T16:24:22.865+0000] {processor.py:183} INFO - Processing /home/airflow/.local/lib/python3.8/site-packages/airflow/example_dags/example_latest_only.py took 0.049 seconds
[2024-02-16T16:24:53.021+0000] {processor.py:161} INFO - Started process (PID=578) to work on /home/airflow/.local/lib/python3.8/site-packages/airflow/example_dags/example_latest_only.py
[2024-02-16T16:24:53.022+0000] {processor.py:830} INFO - Processing file /home/airflow/.local/lib/python3.8/site-packages/airflow/example_dags/example_latest_only.py for tasks to queue
[2024-02-16T16:24:53.023+0000] {logging_mixin.py:188} INFO - [2024-02-16T16:24:53.023+0000] {dagbag.py:538} INFO - Filling up the DagBag from /home/airflow/.local/lib/python3.8/site-packages/airflow/example_dags/example_latest_only.py
[2024-02-16T16:24:53.026+0000] {processor.py:840} INFO - DAG(s) 'latest_only' retrieved from /home/airflow/.local/lib/python3.8/site-packages/airflow/example_dags/example_latest_only.py
[2024-02-16T16:24:53.039+0000] {logging_mixin.py:188} INFO - [2024-02-16T16:24:53.039+0000] {dag.py:3036} INFO - Sync 1 DAGs
[2024-02-16T16:24:53.055+0000] {logging_mixin.py:188} INFO - [2024-02-16T16:24:53.054+0000] {dag.py:3823} INFO - Setting next_dagrun for latest_only to 2024-02-16 12:00:00+00:00, run_after=2024-02-16 16:00:00+00:00
[2024-02-16T16:24:53.067+0000] {processor.py:183} INFO - Processing /home/airflow/.local/lib/python3.8/site-packages/airflow/example_dags/example_latest_only.py took 0.047 seconds
[2024-02-16T16:25:23.329+0000] {processor.py:161} INFO - Started process (PID=633) to work on /home/airflow/.local/lib/python3.8/site-packages/airflow/example_dags/example_latest_only.py
[2024-02-16T16:25:23.330+0000] {processor.py:830} INFO - Processing file /home/airflow/.local/lib/python3.8/site-packages/airflow/example_dags/example_latest_only.py for tasks to queue
[2024-02-16T16:25:23.331+0000] {logging_mixin.py:188} INFO - [2024-02-16T16:25:23.331+0000] {dagbag.py:538} INFO - Filling up the DagBag from /home/airflow/.local/lib/python3.8/site-packages/airflow/example_dags/example_latest_only.py
[2024-02-16T16:25:23.335+0000] {processor.py:840} INFO - DAG(s) 'latest_only' retrieved from /home/airflow/.local/lib/python3.8/site-packages/airflow/example_dags/example_latest_only.py
[2024-02-16T16:25:23.350+0000] {logging_mixin.py:188} INFO - [2024-02-16T16:25:23.350+0000] {dag.py:3036} INFO - Sync 1 DAGs
[2024-02-16T16:25:23.369+0000] {logging_mixin.py:188} INFO - [2024-02-16T16:25:23.369+0000] {dag.py:3823} INFO - Setting next_dagrun for latest_only to 2024-02-16 12:00:00+00:00, run_after=2024-02-16 16:00:00+00:00
[2024-02-16T16:25:23.385+0000] {processor.py:183} INFO - Processing /home/airflow/.local/lib/python3.8/site-packages/airflow/example_dags/example_latest_only.py took 0.058 seconds
[2024-02-16T16:25:53.417+0000] {processor.py:161} INFO - Started process (PID=688) to work on /home/airflow/.local/lib/python3.8/site-packages/airflow/example_dags/example_latest_only.py
[2024-02-16T16:25:53.418+0000] {processor.py:830} INFO - Processing file /home/airflow/.local/lib/python3.8/site-packages/airflow/example_dags/example_latest_only.py for tasks to queue
[2024-02-16T16:25:53.419+0000] {logging_mixin.py:188} INFO - [2024-02-16T16:25:53.419+0000] {dagbag.py:538} INFO - Filling up the DagBag from /home/airflow/.local/lib/python3.8/site-packages/airflow/example_dags/example_latest_only.py
[2024-02-16T16:25:53.422+0000] {processor.py:840} INFO - DAG(s) 'latest_only' retrieved from /home/airflow/.local/lib/python3.8/site-packages/airflow/example_dags/example_latest_only.py
[2024-02-16T16:25:53.436+0000] {logging_mixin.py:188} INFO - [2024-02-16T16:25:53.436+0000] {dag.py:3036} INFO - Sync 1 DAGs
[2024-02-16T16:25:53.452+0000] {logging_mixin.py:188} INFO - [2024-02-16T16:25:53.452+0000] {dag.py:3823} INFO - Setting next_dagrun for latest_only to 2024-02-16 12:00:00+00:00, run_after=2024-02-16 16:00:00+00:00
[2024-02-16T16:25:53.467+0000] {processor.py:183} INFO - Processing /home/airflow/.local/lib/python3.8/site-packages/airflow/example_dags/example_latest_only.py took 0.051 seconds
[2024-02-16T16:26:23.734+0000] {processor.py:161} INFO - Started process (PID=744) to work on /home/airflow/.local/lib/python3.8/site-packages/airflow/example_dags/example_latest_only.py
[2024-02-16T16:26:23.735+0000] {processor.py:830} INFO - Processing file /home/airflow/.local/lib/python3.8/site-packages/airflow/example_dags/example_latest_only.py for tasks to queue
[2024-02-16T16:26:23.736+0000] {logging_mixin.py:188} INFO - [2024-02-16T16:26:23.735+0000] {dagbag.py:538} INFO - Filling up the DagBag from /home/airflow/.local/lib/python3.8/site-packages/airflow/example_dags/example_latest_only.py
[2024-02-16T16:26:23.739+0000] {processor.py:840} INFO - DAG(s) 'latest_only' retrieved from /home/airflow/.local/lib/python3.8/site-packages/airflow/example_dags/example_latest_only.py
[2024-02-16T16:26:23.753+0000] {logging_mixin.py:188} INFO - [2024-02-16T16:26:23.752+0000] {dag.py:3036} INFO - Sync 1 DAGs
[2024-02-16T16:26:23.768+0000] {logging_mixin.py:188} INFO - [2024-02-16T16:26:23.768+0000] {dag.py:3823} INFO - Setting next_dagrun for latest_only to 2024-02-16 12:00:00+00:00, run_after=2024-02-16 16:00:00+00:00
[2024-02-16T16:26:23.783+0000] {processor.py:183} INFO - Processing /home/airflow/.local/lib/python3.8/site-packages/airflow/example_dags/example_latest_only.py took 0.051 seconds
[2024-02-16T16:26:54.153+0000] {processor.py:161} INFO - Started process (PID=799) to work on /home/airflow/.local/lib/python3.8/site-packages/airflow/example_dags/example_latest_only.py
[2024-02-16T16:26:54.154+0000] {processor.py:830} INFO - Processing file /home/airflow/.local/lib/python3.8/site-packages/airflow/example_dags/example_latest_only.py for tasks to queue
[2024-02-16T16:26:54.155+0000] {logging_mixin.py:188} INFO - [2024-02-16T16:26:54.155+0000] {dagbag.py:538} INFO - Filling up the DagBag from /home/airflow/.local/lib/python3.8/site-packages/airflow/example_dags/example_latest_only.py
[2024-02-16T16:26:54.159+0000] {processor.py:840} INFO - DAG(s) 'latest_only' retrieved from /home/airflow/.local/lib/python3.8/site-packages/airflow/example_dags/example_latest_only.py
[2024-02-16T16:26:54.174+0000] {logging_mixin.py:188} INFO - [2024-02-16T16:26:54.174+0000] {dag.py:3036} INFO - Sync 1 DAGs
[2024-02-16T16:26:54.190+0000] {logging_mixin.py:188} INFO - [2024-02-16T16:26:54.190+0000] {dag.py:3823} INFO - Setting next_dagrun for latest_only to 2024-02-16 12:00:00+00:00, run_after=2024-02-16 16:00:00+00:00
[2024-02-16T16:26:54.205+0000] {processor.py:183} INFO - Processing /home/airflow/.local/lib/python3.8/site-packages/airflow/example_dags/example_latest_only.py took 0.054 seconds
[2024-02-16T16:27:24.258+0000] {processor.py:161} INFO - Started process (PID=854) to work on /home/airflow/.local/lib/python3.8/site-packages/airflow/example_dags/example_latest_only.py
[2024-02-16T16:27:24.258+0000] {processor.py:830} INFO - Processing file /home/airflow/.local/lib/python3.8/site-packages/airflow/example_dags/example_latest_only.py for tasks to queue
[2024-02-16T16:27:24.260+0000] {logging_mixin.py:188} INFO - [2024-02-16T16:27:24.259+0000] {dagbag.py:538} INFO - Filling up the DagBag from /home/airflow/.local/lib/python3.8/site-packages/airflow/example_dags/example_latest_only.py
[2024-02-16T16:27:24.263+0000] {processor.py:840} INFO - DAG(s) 'latest_only' retrieved from /home/airflow/.local/lib/python3.8/site-packages/airflow/example_dags/example_latest_only.py
[2024-02-16T16:27:24.277+0000] {logging_mixin.py:188} INFO - [2024-02-16T16:27:24.277+0000] {dag.py:3036} INFO - Sync 1 DAGs
[2024-02-16T16:27:24.294+0000] {logging_mixin.py:188} INFO - [2024-02-16T16:27:24.294+0000] {dag.py:3823} INFO - Setting next_dagrun for latest_only to 2024-02-16 12:00:00+00:00, run_after=2024-02-16 16:00:00+00:00
[2024-02-16T16:27:24.309+0000] {processor.py:183} INFO - Processing /home/airflow/.local/lib/python3.8/site-packages/airflow/example_dags/example_latest_only.py took 0.053 seconds
[2024-02-16T16:27:55.255+0000] {processor.py:161} INFO - Started process (PID=909) to work on /home/airflow/.local/lib/python3.8/site-packages/airflow/example_dags/example_latest_only.py
[2024-02-16T16:27:55.256+0000] {processor.py:830} INFO - Processing file /home/airflow/.local/lib/python3.8/site-packages/airflow/example_dags/example_latest_only.py for tasks to queue
[2024-02-16T16:27:55.257+0000] {logging_mixin.py:188} INFO - [2024-02-16T16:27:55.257+0000] {dagbag.py:538} INFO - Filling up the DagBag from /home/airflow/.local/lib/python3.8/site-packages/airflow/example_dags/example_latest_only.py
[2024-02-16T16:27:55.260+0000] {processor.py:840} INFO - DAG(s) 'latest_only' retrieved from /home/airflow/.local/lib/python3.8/site-packages/airflow/example_dags/example_latest_only.py
[2024-02-16T16:27:55.274+0000] {logging_mixin.py:188} INFO - [2024-02-16T16:27:55.274+0000] {dag.py:3036} INFO - Sync 1 DAGs
[2024-02-16T16:27:55.290+0000] {logging_mixin.py:188} INFO - [2024-02-16T16:27:55.290+0000] {dag.py:3823} INFO - Setting next_dagrun for latest_only to 2024-02-16 12:00:00+00:00, run_after=2024-02-16 16:00:00+00:00
[2024-02-16T16:27:55.304+0000] {processor.py:183} INFO - Processing /home/airflow/.local/lib/python3.8/site-packages/airflow/example_dags/example_latest_only.py took 0.050 seconds
[2024-02-16T16:28:25.588+0000] {processor.py:161} INFO - Started process (PID=964) to work on /home/airflow/.local/lib/python3.8/site-packages/airflow/example_dags/example_latest_only.py
[2024-02-16T16:28:25.589+0000] {processor.py:830} INFO - Processing file /home/airflow/.local/lib/python3.8/site-packages/airflow/example_dags/example_latest_only.py for tasks to queue
[2024-02-16T16:28:25.590+0000] {logging_mixin.py:188} INFO - [2024-02-16T16:28:25.590+0000] {dagbag.py:538} INFO - Filling up the DagBag from /home/airflow/.local/lib/python3.8/site-packages/airflow/example_dags/example_latest_only.py
[2024-02-16T16:28:25.594+0000] {processor.py:840} INFO - DAG(s) 'latest_only' retrieved from /home/airflow/.local/lib/python3.8/site-packages/airflow/example_dags/example_latest_only.py
[2024-02-16T16:28:25.608+0000] {logging_mixin.py:188} INFO - [2024-02-16T16:28:25.608+0000] {dag.py:3036} INFO - Sync 1 DAGs
[2024-02-16T16:28:25.624+0000] {logging_mixin.py:188} INFO - [2024-02-16T16:28:25.624+0000] {dag.py:3823} INFO - Setting next_dagrun for latest_only to 2024-02-16 12:00:00+00:00, run_after=2024-02-16 16:00:00+00:00
[2024-02-16T16:28:25.639+0000] {processor.py:183} INFO - Processing /home/airflow/.local/lib/python3.8/site-packages/airflow/example_dags/example_latest_only.py took 0.053 seconds
[2024-02-16T16:28:55.754+0000] {processor.py:161} INFO - Started process (PID=1019) to work on /home/airflow/.local/lib/python3.8/site-packages/airflow/example_dags/example_latest_only.py
[2024-02-16T16:28:55.754+0000] {processor.py:830} INFO - Processing file /home/airflow/.local/lib/python3.8/site-packages/airflow/example_dags/example_latest_only.py for tasks to queue
[2024-02-16T16:28:55.756+0000] {logging_mixin.py:188} INFO - [2024-02-16T16:28:55.756+0000] {dagbag.py:538} INFO - Filling up the DagBag from /home/airflow/.local/lib/python3.8/site-packages/airflow/example_dags/example_latest_only.py
[2024-02-16T16:28:55.759+0000] {processor.py:840} INFO - DAG(s) 'latest_only' retrieved from /home/airflow/.local/lib/python3.8/site-packages/airflow/example_dags/example_latest_only.py
[2024-02-16T16:28:55.776+0000] {logging_mixin.py:188} INFO - [2024-02-16T16:28:55.776+0000] {dag.py:3036} INFO - Sync 1 DAGs
[2024-02-16T16:28:55.794+0000] {logging_mixin.py:188} INFO - [2024-02-16T16:28:55.794+0000] {dag.py:3823} INFO - Setting next_dagrun for latest_only to 2024-02-16 12:00:00+00:00, run_after=2024-02-16 16:00:00+00:00
[2024-02-16T16:28:55.810+0000] {processor.py:183} INFO - Processing /home/airflow/.local/lib/python3.8/site-packages/airflow/example_dags/example_latest_only.py took 0.058 seconds
[2024-02-16T16:29:25.862+0000] {processor.py:161} INFO - Started process (PID=1074) to work on /home/airflow/.local/lib/python3.8/site-packages/airflow/example_dags/example_latest_only.py
[2024-02-16T16:29:25.863+0000] {processor.py:830} INFO - Processing file /home/airflow/.local/lib/python3.8/site-packages/airflow/example_dags/example_latest_only.py for tasks to queue
[2024-02-16T16:29:25.864+0000] {logging_mixin.py:188} INFO - [2024-02-16T16:29:25.864+0000] {dagbag.py:538} INFO - Filling up the DagBag from /home/airflow/.local/lib/python3.8/site-packages/airflow/example_dags/example_latest_only.py
[2024-02-16T16:29:25.867+0000] {processor.py:840} INFO - DAG(s) 'latest_only' retrieved from /home/airflow/.local/lib/python3.8/site-packages/airflow/example_dags/example_latest_only.py
[2024-02-16T16:29:25.881+0000] {logging_mixin.py:188} INFO - [2024-02-16T16:29:25.881+0000] {dag.py:3036} INFO - Sync 1 DAGs
[2024-02-16T16:29:25.897+0000] {logging_mixin.py:188} INFO - [2024-02-16T16:29:25.897+0000] {dag.py:3823} INFO - Setting next_dagrun for latest_only to 2024-02-16 12:00:00+00:00, run_after=2024-02-16 16:00:00+00:00
[2024-02-16T16:29:25.911+0000] {processor.py:183} INFO - Processing /home/airflow/.local/lib/python3.8/site-packages/airflow/example_dags/example_latest_only.py took 0.052 seconds
[2024-02-16T16:29:56.285+0000] {processor.py:161} INFO - Started process (PID=1129) to work on /home/airflow/.local/lib/python3.8/site-packages/airflow/example_dags/example_latest_only.py
[2024-02-16T16:29:56.286+0000] {processor.py:830} INFO - Processing file /home/airflow/.local/lib/python3.8/site-packages/airflow/example_dags/example_latest_only.py for tasks to queue
[2024-02-16T16:29:56.287+0000] {logging_mixin.py:188} INFO - [2024-02-16T16:29:56.287+0000] {dagbag.py:538} INFO - Filling up the DagBag from /home/airflow/.local/lib/python3.8/site-packages/airflow/example_dags/example_latest_only.py
[2024-02-16T16:29:56.291+0000] {processor.py:840} INFO - DAG(s) 'latest_only' retrieved from /home/airflow/.local/lib/python3.8/site-packages/airflow/example_dags/example_latest_only.py
[2024-02-16T16:29:56.305+0000] {logging_mixin.py:188} INFO - [2024-02-16T16:29:56.305+0000] {dag.py:3036} INFO - Sync 1 DAGs
[2024-02-16T16:29:56.324+0000] {logging_mixin.py:188} INFO - [2024-02-16T16:29:56.324+0000] {dag.py:3823} INFO - Setting next_dagrun for latest_only to 2024-02-16 12:00:00+00:00, run_after=2024-02-16 16:00:00+00:00
[2024-02-16T16:29:56.340+0000] {processor.py:183} INFO - Processing /home/airflow/.local/lib/python3.8/site-packages/airflow/example_dags/example_latest_only.py took 0.056 seconds
[2024-02-16T16:30:27.029+0000] {processor.py:161} INFO - Started process (PID=1185) to work on /home/airflow/.local/lib/python3.8/site-packages/airflow/example_dags/example_latest_only.py
[2024-02-16T16:30:27.030+0000] {processor.py:830} INFO - Processing file /home/airflow/.local/lib/python3.8/site-packages/airflow/example_dags/example_latest_only.py for tasks to queue
[2024-02-16T16:30:27.031+0000] {logging_mixin.py:188} INFO - [2024-02-16T16:30:27.031+0000] {dagbag.py:538} INFO - Filling up the DagBag from /home/airflow/.local/lib/python3.8/site-packages/airflow/example_dags/example_latest_only.py
[2024-02-16T16:30:27.034+0000] {processor.py:840} INFO - DAG(s) 'latest_only' retrieved from /home/airflow/.local/lib/python3.8/site-packages/airflow/example_dags/example_latest_only.py
[2024-02-16T16:30:27.047+0000] {logging_mixin.py:188} INFO - [2024-02-16T16:30:27.046+0000] {dag.py:3036} INFO - Sync 1 DAGs
[2024-02-16T16:30:27.062+0000] {logging_mixin.py:188} INFO - [2024-02-16T16:30:27.062+0000] {dag.py:3823} INFO - Setting next_dagrun for latest_only to 2024-02-16 12:00:00+00:00, run_after=2024-02-16 16:00:00+00:00
[2024-02-16T16:30:27.076+0000] {processor.py:183} INFO - Processing /home/airflow/.local/lib/python3.8/site-packages/airflow/example_dags/example_latest_only.py took 0.049 seconds
[2024-02-16T16:31:27.939+0000] {processor.py:161} INFO - Started process (PID=85) to work on /home/airflow/.local/lib/python3.8/site-packages/airflow/example_dags/example_latest_only.py
[2024-02-16T16:31:27.940+0000] {processor.py:830} INFO - Processing file /home/airflow/.local/lib/python3.8/site-packages/airflow/example_dags/example_latest_only.py for tasks to queue
[2024-02-16T16:31:27.942+0000] {logging_mixin.py:188} INFO - [2024-02-16T16:31:27.941+0000] {dagbag.py:538} INFO - Filling up the DagBag from /home/airflow/.local/lib/python3.8/site-packages/airflow/example_dags/example_latest_only.py
[2024-02-16T16:31:27.946+0000] {processor.py:840} INFO - DAG(s) 'latest_only' retrieved from /home/airflow/.local/lib/python3.8/site-packages/airflow/example_dags/example_latest_only.py
[2024-02-16T16:31:27.955+0000] {logging_mixin.py:188} INFO - [2024-02-16T16:31:27.955+0000] {dag.py:3036} INFO - Sync 1 DAGs
[2024-02-16T16:31:27.973+0000] {logging_mixin.py:188} INFO - [2024-02-16T16:31:27.973+0000] {dag.py:3823} INFO - Setting next_dagrun for latest_only to 2024-02-16 12:00:00+00:00, run_after=2024-02-16 16:00:00+00:00
[2024-02-16T16:31:27.989+0000] {processor.py:183} INFO - Processing /home/airflow/.local/lib/python3.8/site-packages/airflow/example_dags/example_latest_only.py took 0.053 seconds
[2024-02-16T16:31:59.729+0000] {processor.py:161} INFO - Started process (PID=141) to work on /home/airflow/.local/lib/python3.8/site-packages/airflow/example_dags/example_latest_only.py
[2024-02-16T16:31:59.729+0000] {processor.py:830} INFO - Processing file /home/airflow/.local/lib/python3.8/site-packages/airflow/example_dags/example_latest_only.py for tasks to queue
[2024-02-16T16:31:59.730+0000] {logging_mixin.py:188} INFO - [2024-02-16T16:31:59.730+0000] {dagbag.py:538} INFO - Filling up the DagBag from /home/airflow/.local/lib/python3.8/site-packages/airflow/example_dags/example_latest_only.py
[2024-02-16T16:31:59.733+0000] {processor.py:840} INFO - DAG(s) 'latest_only' retrieved from /home/airflow/.local/lib/python3.8/site-packages/airflow/example_dags/example_latest_only.py
[2024-02-16T16:31:59.803+0000] {logging_mixin.py:188} INFO - [2024-02-16T16:31:59.803+0000] {dag.py:3036} INFO - Sync 1 DAGs
[2024-02-16T16:31:59.817+0000] {logging_mixin.py:188} INFO - [2024-02-16T16:31:59.817+0000] {dag.py:3823} INFO - Setting next_dagrun for latest_only to 2024-02-16 12:00:00+00:00, run_after=2024-02-16 16:00:00+00:00
[2024-02-16T16:31:59.830+0000] {processor.py:183} INFO - Processing /home/airflow/.local/lib/python3.8/site-packages/airflow/example_dags/example_latest_only.py took 0.103 seconds
[2024-02-16T16:32:30.753+0000] {processor.py:161} INFO - Started process (PID=197) to work on /home/airflow/.local/lib/python3.8/site-packages/airflow/example_dags/example_latest_only.py
[2024-02-16T16:32:30.754+0000] {processor.py:830} INFO - Processing file /home/airflow/.local/lib/python3.8/site-packages/airflow/example_dags/example_latest_only.py for tasks to queue
[2024-02-16T16:32:30.755+0000] {logging_mixin.py:188} INFO - [2024-02-16T16:32:30.755+0000] {dagbag.py:538} INFO - Filling up the DagBag from /home/airflow/.local/lib/python3.8/site-packages/airflow/example_dags/example_latest_only.py
[2024-02-16T16:32:30.758+0000] {processor.py:840} INFO - DAG(s) 'latest_only' retrieved from /home/airflow/.local/lib/python3.8/site-packages/airflow/example_dags/example_latest_only.py
[2024-02-16T16:32:30.770+0000] {logging_mixin.py:188} INFO - [2024-02-16T16:32:30.770+0000] {dag.py:3036} INFO - Sync 1 DAGs
[2024-02-16T16:32:30.785+0000] {logging_mixin.py:188} INFO - [2024-02-16T16:32:30.785+0000] {dag.py:3823} INFO - Setting next_dagrun for latest_only to 2024-02-16 12:00:00+00:00, run_after=2024-02-16 16:00:00+00:00
[2024-02-16T16:32:30.797+0000] {processor.py:183} INFO - Processing /home/airflow/.local/lib/python3.8/site-packages/airflow/example_dags/example_latest_only.py took 0.046 seconds
[2024-02-16T16:33:00.960+0000] {processor.py:161} INFO - Started process (PID=253) to work on /home/airflow/.local/lib/python3.8/site-packages/airflow/example_dags/example_latest_only.py
[2024-02-16T16:33:00.961+0000] {processor.py:830} INFO - Processing file /home/airflow/.local/lib/python3.8/site-packages/airflow/example_dags/example_latest_only.py for tasks to queue
[2024-02-16T16:33:00.962+0000] {logging_mixin.py:188} INFO - [2024-02-16T16:33:00.962+0000] {dagbag.py:538} INFO - Filling up the DagBag from /home/airflow/.local/lib/python3.8/site-packages/airflow/example_dags/example_latest_only.py
[2024-02-16T16:33:00.965+0000] {processor.py:840} INFO - DAG(s) 'latest_only' retrieved from /home/airflow/.local/lib/python3.8/site-packages/airflow/example_dags/example_latest_only.py
[2024-02-16T16:33:00.981+0000] {logging_mixin.py:188} INFO - [2024-02-16T16:33:00.980+0000] {dag.py:3036} INFO - Sync 1 DAGs
[2024-02-16T16:33:01.000+0000] {logging_mixin.py:188} INFO - [2024-02-16T16:33:01.000+0000] {dag.py:3823} INFO - Setting next_dagrun for latest_only to 2024-02-16 12:00:00+00:00, run_after=2024-02-16 16:00:00+00:00
[2024-02-16T16:33:01.017+0000] {processor.py:183} INFO - Processing /home/airflow/.local/lib/python3.8/site-packages/airflow/example_dags/example_latest_only.py took 0.059 seconds
[2024-02-16T16:33:31.191+0000] {processor.py:161} INFO - Started process (PID=309) to work on /home/airflow/.local/lib/python3.8/site-packages/airflow/example_dags/example_latest_only.py
[2024-02-16T16:33:31.192+0000] {processor.py:830} INFO - Processing file /home/airflow/.local/lib/python3.8/site-packages/airflow/example_dags/example_latest_only.py for tasks to queue
[2024-02-16T16:33:31.193+0000] {logging_mixin.py:188} INFO - [2024-02-16T16:33:31.193+0000] {dagbag.py:538} INFO - Filling up the DagBag from /home/airflow/.local/lib/python3.8/site-packages/airflow/example_dags/example_latest_only.py
[2024-02-16T16:33:31.196+0000] {processor.py:840} INFO - DAG(s) 'latest_only' retrieved from /home/airflow/.local/lib/python3.8/site-packages/airflow/example_dags/example_latest_only.py
[2024-02-16T16:33:31.210+0000] {logging_mixin.py:188} INFO - [2024-02-16T16:33:31.209+0000] {dag.py:3036} INFO - Sync 1 DAGs
[2024-02-16T16:33:31.229+0000] {logging_mixin.py:188} INFO - [2024-02-16T16:33:31.229+0000] {dag.py:3823} INFO - Setting next_dagrun for latest_only to 2024-02-16 12:00:00+00:00, run_after=2024-02-16 16:00:00+00:00
[2024-02-16T16:33:31.246+0000] {processor.py:183} INFO - Processing /home/airflow/.local/lib/python3.8/site-packages/airflow/example_dags/example_latest_only.py took 0.057 seconds
[2024-02-16T16:34:01.398+0000] {processor.py:161} INFO - Started process (PID=365) to work on /home/airflow/.local/lib/python3.8/site-packages/airflow/example_dags/example_latest_only.py
[2024-02-16T16:34:01.398+0000] {processor.py:830} INFO - Processing file /home/airflow/.local/lib/python3.8/site-packages/airflow/example_dags/example_latest_only.py for tasks to queue
[2024-02-16T16:34:01.399+0000] {logging_mixin.py:188} INFO - [2024-02-16T16:34:01.399+0000] {dagbag.py:538} INFO - Filling up the DagBag from /home/airflow/.local/lib/python3.8/site-packages/airflow/example_dags/example_latest_only.py
[2024-02-16T16:34:01.403+0000] {processor.py:840} INFO - DAG(s) 'latest_only' retrieved from /home/airflow/.local/lib/python3.8/site-packages/airflow/example_dags/example_latest_only.py
[2024-02-16T16:34:01.418+0000] {logging_mixin.py:188} INFO - [2024-02-16T16:34:01.418+0000] {dag.py:3036} INFO - Sync 1 DAGs
[2024-02-16T16:34:01.437+0000] {logging_mixin.py:188} INFO - [2024-02-16T16:34:01.437+0000] {dag.py:3823} INFO - Setting next_dagrun for latest_only to 2024-02-16 12:00:00+00:00, run_after=2024-02-16 16:00:00+00:00
[2024-02-16T16:34:01.452+0000] {processor.py:183} INFO - Processing /home/airflow/.local/lib/python3.8/site-packages/airflow/example_dags/example_latest_only.py took 0.057 seconds
[2024-02-16T16:34:31.613+0000] {processor.py:161} INFO - Started process (PID=421) to work on /home/airflow/.local/lib/python3.8/site-packages/airflow/example_dags/example_latest_only.py
[2024-02-16T16:34:31.615+0000] {processor.py:830} INFO - Processing file /home/airflow/.local/lib/python3.8/site-packages/airflow/example_dags/example_latest_only.py for tasks to queue
[2024-02-16T16:34:31.617+0000] {logging_mixin.py:188} INFO - [2024-02-16T16:34:31.617+0000] {dagbag.py:538} INFO - Filling up the DagBag from /home/airflow/.local/lib/python3.8/site-packages/airflow/example_dags/example_latest_only.py
[2024-02-16T16:34:31.621+0000] {processor.py:840} INFO - DAG(s) 'latest_only' retrieved from /home/airflow/.local/lib/python3.8/site-packages/airflow/example_dags/example_latest_only.py
[2024-02-16T16:34:31.636+0000] {logging_mixin.py:188} INFO - [2024-02-16T16:34:31.636+0000] {dag.py:3036} INFO - Sync 1 DAGs
[2024-02-16T16:34:31.653+0000] {logging_mixin.py:188} INFO - [2024-02-16T16:34:31.652+0000] {dag.py:3823} INFO - Setting next_dagrun for latest_only to 2024-02-16 12:00:00+00:00, run_after=2024-02-16 16:00:00+00:00
[2024-02-16T16:34:31.667+0000] {processor.py:183} INFO - Processing /home/airflow/.local/lib/python3.8/site-packages/airflow/example_dags/example_latest_only.py took 0.057 seconds
[2024-02-16T16:35:01.859+0000] {processor.py:161} INFO - Started process (PID=477) to work on /home/airflow/.local/lib/python3.8/site-packages/airflow/example_dags/example_latest_only.py
[2024-02-16T16:35:01.860+0000] {processor.py:830} INFO - Processing file /home/airflow/.local/lib/python3.8/site-packages/airflow/example_dags/example_latest_only.py for tasks to queue
[2024-02-16T16:35:01.861+0000] {logging_mixin.py:188} INFO - [2024-02-16T16:35:01.861+0000] {dagbag.py:538} INFO - Filling up the DagBag from /home/airflow/.local/lib/python3.8/site-packages/airflow/example_dags/example_latest_only.py
[2024-02-16T16:35:01.866+0000] {processor.py:840} INFO - DAG(s) 'latest_only' retrieved from /home/airflow/.local/lib/python3.8/site-packages/airflow/example_dags/example_latest_only.py
[2024-02-16T16:35:01.880+0000] {logging_mixin.py:188} INFO - [2024-02-16T16:35:01.880+0000] {dag.py:3036} INFO - Sync 1 DAGs
[2024-02-16T16:35:01.897+0000] {logging_mixin.py:188} INFO - [2024-02-16T16:35:01.897+0000] {dag.py:3823} INFO - Setting next_dagrun for latest_only to 2024-02-16 12:00:00+00:00, run_after=2024-02-16 16:00:00+00:00
[2024-02-16T16:35:01.911+0000] {processor.py:183} INFO - Processing /home/airflow/.local/lib/python3.8/site-packages/airflow/example_dags/example_latest_only.py took 0.053 seconds
[2024-02-16T16:35:32.065+0000] {processor.py:161} INFO - Started process (PID=533) to work on /home/airflow/.local/lib/python3.8/site-packages/airflow/example_dags/example_latest_only.py
[2024-02-16T16:35:32.066+0000] {processor.py:830} INFO - Processing file /home/airflow/.local/lib/python3.8/site-packages/airflow/example_dags/example_latest_only.py for tasks to queue
[2024-02-16T16:35:32.067+0000] {logging_mixin.py:188} INFO - [2024-02-16T16:35:32.067+0000] {dagbag.py:538} INFO - Filling up the DagBag from /home/airflow/.local/lib/python3.8/site-packages/airflow/example_dags/example_latest_only.py
[2024-02-16T16:35:32.070+0000] {processor.py:840} INFO - DAG(s) 'latest_only' retrieved from /home/airflow/.local/lib/python3.8/site-packages/airflow/example_dags/example_latest_only.py
[2024-02-16T16:35:32.083+0000] {logging_mixin.py:188} INFO - [2024-02-16T16:35:32.083+0000] {dag.py:3036} INFO - Sync 1 DAGs
[2024-02-16T16:35:32.098+0000] {logging_mixin.py:188} INFO - [2024-02-16T16:35:32.098+0000] {dag.py:3823} INFO - Setting next_dagrun for latest_only to 2024-02-16 12:00:00+00:00, run_after=2024-02-16 16:00:00+00:00
[2024-02-16T16:35:32.111+0000] {processor.py:183} INFO - Processing /home/airflow/.local/lib/python3.8/site-packages/airflow/example_dags/example_latest_only.py took 0.047 seconds
[2024-02-16T16:36:02.431+0000] {processor.py:161} INFO - Started process (PID=589) to work on /home/airflow/.local/lib/python3.8/site-packages/airflow/example_dags/example_latest_only.py
[2024-02-16T16:36:02.431+0000] {processor.py:830} INFO - Processing file /home/airflow/.local/lib/python3.8/site-packages/airflow/example_dags/example_latest_only.py for tasks to queue
[2024-02-16T16:36:02.432+0000] {logging_mixin.py:188} INFO - [2024-02-16T16:36:02.432+0000] {dagbag.py:538} INFO - Filling up the DagBag from /home/airflow/.local/lib/python3.8/site-packages/airflow/example_dags/example_latest_only.py
[2024-02-16T16:36:02.435+0000] {processor.py:840} INFO - DAG(s) 'latest_only' retrieved from /home/airflow/.local/lib/python3.8/site-packages/airflow/example_dags/example_latest_only.py
[2024-02-16T16:36:02.448+0000] {logging_mixin.py:188} INFO - [2024-02-16T16:36:02.448+0000] {dag.py:3036} INFO - Sync 1 DAGs
[2024-02-16T16:36:02.463+0000] {logging_mixin.py:188} INFO - [2024-02-16T16:36:02.463+0000] {dag.py:3823} INFO - Setting next_dagrun for latest_only to 2024-02-16 12:00:00+00:00, run_after=2024-02-16 16:00:00+00:00
[2024-02-16T16:36:02.476+0000] {processor.py:183} INFO - Processing /home/airflow/.local/lib/python3.8/site-packages/airflow/example_dags/example_latest_only.py took 0.047 seconds
[2024-02-16T16:36:32.537+0000] {processor.py:161} INFO - Started process (PID=645) to work on /home/airflow/.local/lib/python3.8/site-packages/airflow/example_dags/example_latest_only.py
[2024-02-16T16:36:32.538+0000] {processor.py:830} INFO - Processing file /home/airflow/.local/lib/python3.8/site-packages/airflow/example_dags/example_latest_only.py for tasks to queue
[2024-02-16T16:36:32.539+0000] {logging_mixin.py:188} INFO - [2024-02-16T16:36:32.539+0000] {dagbag.py:538} INFO - Filling up the DagBag from /home/airflow/.local/lib/python3.8/site-packages/airflow/example_dags/example_latest_only.py
[2024-02-16T16:36:32.542+0000] {processor.py:840} INFO - DAG(s) 'latest_only' retrieved from /home/airflow/.local/lib/python3.8/site-packages/airflow/example_dags/example_latest_only.py
[2024-02-16T16:36:32.556+0000] {logging_mixin.py:188} INFO - [2024-02-16T16:36:32.556+0000] {dag.py:3036} INFO - Sync 1 DAGs
[2024-02-16T16:36:32.572+0000] {logging_mixin.py:188} INFO - [2024-02-16T16:36:32.572+0000] {dag.py:3823} INFO - Setting next_dagrun for latest_only to 2024-02-16 12:00:00+00:00, run_after=2024-02-16 16:00:00+00:00
[2024-02-16T16:36:32.586+0000] {processor.py:183} INFO - Processing /home/airflow/.local/lib/python3.8/site-packages/airflow/example_dags/example_latest_only.py took 0.051 seconds
[2024-02-16T16:37:02.932+0000] {processor.py:161} INFO - Started process (PID=702) to work on /home/airflow/.local/lib/python3.8/site-packages/airflow/example_dags/example_latest_only.py
[2024-02-16T16:37:02.933+0000] {processor.py:830} INFO - Processing file /home/airflow/.local/lib/python3.8/site-packages/airflow/example_dags/example_latest_only.py for tasks to queue
[2024-02-16T16:37:02.934+0000] {logging_mixin.py:188} INFO - [2024-02-16T16:37:02.934+0000] {dagbag.py:538} INFO - Filling up the DagBag from /home/airflow/.local/lib/python3.8/site-packages/airflow/example_dags/example_latest_only.py
[2024-02-16T16:37:02.937+0000] {processor.py:840} INFO - DAG(s) 'latest_only' retrieved from /home/airflow/.local/lib/python3.8/site-packages/airflow/example_dags/example_latest_only.py
[2024-02-16T16:37:02.950+0000] {logging_mixin.py:188} INFO - [2024-02-16T16:37:02.950+0000] {dag.py:3036} INFO - Sync 1 DAGs
[2024-02-16T16:37:02.966+0000] {logging_mixin.py:188} INFO - [2024-02-16T16:37:02.966+0000] {dag.py:3823} INFO - Setting next_dagrun for latest_only to 2024-02-16 12:00:00+00:00, run_after=2024-02-16 16:00:00+00:00
[2024-02-16T16:37:02.980+0000] {processor.py:183} INFO - Processing /home/airflow/.local/lib/python3.8/site-packages/airflow/example_dags/example_latest_only.py took 0.049 seconds
[2024-02-16T16:37:33.281+0000] {processor.py:161} INFO - Started process (PID=759) to work on /home/airflow/.local/lib/python3.8/site-packages/airflow/example_dags/example_latest_only.py
[2024-02-16T16:37:33.282+0000] {processor.py:830} INFO - Processing file /home/airflow/.local/lib/python3.8/site-packages/airflow/example_dags/example_latest_only.py for tasks to queue
[2024-02-16T16:37:33.283+0000] {logging_mixin.py:188} INFO - [2024-02-16T16:37:33.283+0000] {dagbag.py:538} INFO - Filling up the DagBag from /home/airflow/.local/lib/python3.8/site-packages/airflow/example_dags/example_latest_only.py
[2024-02-16T16:37:33.286+0000] {processor.py:840} INFO - DAG(s) 'latest_only' retrieved from /home/airflow/.local/lib/python3.8/site-packages/airflow/example_dags/example_latest_only.py
[2024-02-16T16:37:33.300+0000] {logging_mixin.py:188} INFO - [2024-02-16T16:37:33.300+0000] {dag.py:3036} INFO - Sync 1 DAGs
[2024-02-16T16:37:33.317+0000] {logging_mixin.py:188} INFO - [2024-02-16T16:37:33.317+0000] {dag.py:3823} INFO - Setting next_dagrun for latest_only to 2024-02-16 12:00:00+00:00, run_after=2024-02-16 16:00:00+00:00
[2024-02-16T16:37:33.330+0000] {processor.py:183} INFO - Processing /home/airflow/.local/lib/python3.8/site-packages/airflow/example_dags/example_latest_only.py took 0.050 seconds
[2024-02-16T16:39:17.503+0000] {processor.py:161} INFO - Started process (PID=86) to work on /home/airflow/.local/lib/python3.8/site-packages/airflow/example_dags/example_latest_only.py
[2024-02-16T16:39:17.504+0000] {processor.py:830} INFO - Processing file /home/airflow/.local/lib/python3.8/site-packages/airflow/example_dags/example_latest_only.py for tasks to queue
[2024-02-16T16:39:17.505+0000] {logging_mixin.py:188} INFO - [2024-02-16T16:39:17.505+0000] {dagbag.py:538} INFO - Filling up the DagBag from /home/airflow/.local/lib/python3.8/site-packages/airflow/example_dags/example_latest_only.py
[2024-02-16T16:39:17.510+0000] {processor.py:840} INFO - DAG(s) 'latest_only' retrieved from /home/airflow/.local/lib/python3.8/site-packages/airflow/example_dags/example_latest_only.py
[2024-02-16T16:39:17.518+0000] {logging_mixin.py:188} INFO - [2024-02-16T16:39:17.517+0000] {dag.py:3036} INFO - Sync 1 DAGs
[2024-02-16T16:39:17.534+0000] {logging_mixin.py:188} INFO - [2024-02-16T16:39:17.534+0000] {dag.py:3823} INFO - Setting next_dagrun for latest_only to 2024-02-16 12:00:00+00:00, run_after=2024-02-16 16:00:00+00:00
[2024-02-16T16:39:17.548+0000] {processor.py:183} INFO - Processing /home/airflow/.local/lib/python3.8/site-packages/airflow/example_dags/example_latest_only.py took 0.047 seconds
[2024-02-16T16:39:48.781+0000] {processor.py:161} INFO - Started process (PID=143) to work on /home/airflow/.local/lib/python3.8/site-packages/airflow/example_dags/example_latest_only.py
[2024-02-16T16:39:48.781+0000] {processor.py:830} INFO - Processing file /home/airflow/.local/lib/python3.8/site-packages/airflow/example_dags/example_latest_only.py for tasks to queue
[2024-02-16T16:39:48.782+0000] {logging_mixin.py:188} INFO - [2024-02-16T16:39:48.782+0000] {dagbag.py:538} INFO - Filling up the DagBag from /home/airflow/.local/lib/python3.8/site-packages/airflow/example_dags/example_latest_only.py
[2024-02-16T16:39:48.785+0000] {processor.py:840} INFO - DAG(s) 'latest_only' retrieved from /home/airflow/.local/lib/python3.8/site-packages/airflow/example_dags/example_latest_only.py
[2024-02-16T16:39:48.861+0000] {logging_mixin.py:188} INFO - [2024-02-16T16:39:48.861+0000] {dag.py:3036} INFO - Sync 1 DAGs
[2024-02-16T16:39:48.875+0000] {logging_mixin.py:188} INFO - [2024-02-16T16:39:48.875+0000] {dag.py:3823} INFO - Setting next_dagrun for latest_only to 2024-02-16 12:00:00+00:00, run_after=2024-02-16 16:00:00+00:00
[2024-02-16T16:39:48.889+0000] {processor.py:183} INFO - Processing /home/airflow/.local/lib/python3.8/site-packages/airflow/example_dags/example_latest_only.py took 0.110 seconds
[2024-02-16T16:40:19.180+0000] {processor.py:161} INFO - Started process (PID=200) to work on /home/airflow/.local/lib/python3.8/site-packages/airflow/example_dags/example_latest_only.py
[2024-02-16T16:40:19.180+0000] {processor.py:830} INFO - Processing file /home/airflow/.local/lib/python3.8/site-packages/airflow/example_dags/example_latest_only.py for tasks to queue
[2024-02-16T16:40:19.182+0000] {logging_mixin.py:188} INFO - [2024-02-16T16:40:19.181+0000] {dagbag.py:538} INFO - Filling up the DagBag from /home/airflow/.local/lib/python3.8/site-packages/airflow/example_dags/example_latest_only.py
[2024-02-16T16:40:19.185+0000] {processor.py:840} INFO - DAG(s) 'latest_only' retrieved from /home/airflow/.local/lib/python3.8/site-packages/airflow/example_dags/example_latest_only.py
[2024-02-16T16:40:19.204+0000] {logging_mixin.py:188} INFO - [2024-02-16T16:40:19.204+0000] {dag.py:3036} INFO - Sync 1 DAGs
[2024-02-16T16:40:19.230+0000] {logging_mixin.py:188} INFO - [2024-02-16T16:40:19.230+0000] {dag.py:3823} INFO - Setting next_dagrun for latest_only to 2024-02-16 12:00:00+00:00, run_after=2024-02-16 16:00:00+00:00
[2024-02-16T16:40:19.246+0000] {processor.py:183} INFO - Processing /home/airflow/.local/lib/python3.8/site-packages/airflow/example_dags/example_latest_only.py took 0.068 seconds
[2024-02-16T16:40:49.615+0000] {processor.py:161} INFO - Started process (PID=257) to work on /home/airflow/.local/lib/python3.8/site-packages/airflow/example_dags/example_latest_only.py
[2024-02-16T16:40:49.616+0000] {processor.py:830} INFO - Processing file /home/airflow/.local/lib/python3.8/site-packages/airflow/example_dags/example_latest_only.py for tasks to queue
[2024-02-16T16:40:49.617+0000] {logging_mixin.py:188} INFO - [2024-02-16T16:40:49.617+0000] {dagbag.py:538} INFO - Filling up the DagBag from /home/airflow/.local/lib/python3.8/site-packages/airflow/example_dags/example_latest_only.py
[2024-02-16T16:40:49.620+0000] {processor.py:840} INFO - DAG(s) 'latest_only' retrieved from /home/airflow/.local/lib/python3.8/site-packages/airflow/example_dags/example_latest_only.py
[2024-02-16T16:40:49.633+0000] {logging_mixin.py:188} INFO - [2024-02-16T16:40:49.632+0000] {dag.py:3036} INFO - Sync 1 DAGs
[2024-02-16T16:40:49.648+0000] {logging_mixin.py:188} INFO - [2024-02-16T16:40:49.648+0000] {dag.py:3823} INFO - Setting next_dagrun for latest_only to 2024-02-16 12:00:00+00:00, run_after=2024-02-16 16:00:00+00:00
[2024-02-16T16:40:49.662+0000] {processor.py:183} INFO - Processing /home/airflow/.local/lib/python3.8/site-packages/airflow/example_dags/example_latest_only.py took 0.048 seconds
[2024-02-16T16:41:20.147+0000] {processor.py:161} INFO - Started process (PID=314) to work on /home/airflow/.local/lib/python3.8/site-packages/airflow/example_dags/example_latest_only.py
[2024-02-16T16:41:20.148+0000] {processor.py:830} INFO - Processing file /home/airflow/.local/lib/python3.8/site-packages/airflow/example_dags/example_latest_only.py for tasks to queue
[2024-02-16T16:41:20.150+0000] {logging_mixin.py:188} INFO - [2024-02-16T16:41:20.149+0000] {dagbag.py:538} INFO - Filling up the DagBag from /home/airflow/.local/lib/python3.8/site-packages/airflow/example_dags/example_latest_only.py
[2024-02-16T16:41:20.153+0000] {processor.py:840} INFO - DAG(s) 'latest_only' retrieved from /home/airflow/.local/lib/python3.8/site-packages/airflow/example_dags/example_latest_only.py
[2024-02-16T16:41:20.168+0000] {logging_mixin.py:188} INFO - [2024-02-16T16:41:20.168+0000] {dag.py:3036} INFO - Sync 1 DAGs
[2024-02-16T16:41:20.184+0000] {logging_mixin.py:188} INFO - [2024-02-16T16:41:20.184+0000] {dag.py:3823} INFO - Setting next_dagrun for latest_only to 2024-02-16 12:00:00+00:00, run_after=2024-02-16 16:00:00+00:00
[2024-02-16T16:41:20.200+0000] {processor.py:183} INFO - Processing /home/airflow/.local/lib/python3.8/site-packages/airflow/example_dags/example_latest_only.py took 0.055 seconds
[2024-02-16T16:41:50.336+0000] {processor.py:161} INFO - Started process (PID=372) to work on /home/airflow/.local/lib/python3.8/site-packages/airflow/example_dags/example_latest_only.py
[2024-02-16T16:41:50.337+0000] {processor.py:830} INFO - Processing file /home/airflow/.local/lib/python3.8/site-packages/airflow/example_dags/example_latest_only.py for tasks to queue
[2024-02-16T16:41:50.338+0000] {logging_mixin.py:188} INFO - [2024-02-16T16:41:50.338+0000] {dagbag.py:538} INFO - Filling up the DagBag from /home/airflow/.local/lib/python3.8/site-packages/airflow/example_dags/example_latest_only.py
[2024-02-16T16:41:50.343+0000] {processor.py:840} INFO - DAG(s) 'latest_only' retrieved from /home/airflow/.local/lib/python3.8/site-packages/airflow/example_dags/example_latest_only.py
[2024-02-16T16:41:50.363+0000] {logging_mixin.py:188} INFO - [2024-02-16T16:41:50.362+0000] {dag.py:3036} INFO - Sync 1 DAGs
[2024-02-16T16:41:50.383+0000] {logging_mixin.py:188} INFO - [2024-02-16T16:41:50.383+0000] {dag.py:3823} INFO - Setting next_dagrun for latest_only to 2024-02-16 12:00:00+00:00, run_after=2024-02-16 16:00:00+00:00
[2024-02-16T16:41:50.404+0000] {processor.py:183} INFO - Processing /home/airflow/.local/lib/python3.8/site-packages/airflow/example_dags/example_latest_only.py took 0.071 seconds
[2024-02-16T16:42:20.771+0000] {processor.py:161} INFO - Started process (PID=429) to work on /home/airflow/.local/lib/python3.8/site-packages/airflow/example_dags/example_latest_only.py
[2024-02-16T16:42:20.771+0000] {processor.py:830} INFO - Processing file /home/airflow/.local/lib/python3.8/site-packages/airflow/example_dags/example_latest_only.py for tasks to queue
[2024-02-16T16:42:20.772+0000] {logging_mixin.py:188} INFO - [2024-02-16T16:42:20.772+0000] {dagbag.py:538} INFO - Filling up the DagBag from /home/airflow/.local/lib/python3.8/site-packages/airflow/example_dags/example_latest_only.py
[2024-02-16T16:42:20.776+0000] {processor.py:840} INFO - DAG(s) 'latest_only' retrieved from /home/airflow/.local/lib/python3.8/site-packages/airflow/example_dags/example_latest_only.py
[2024-02-16T16:42:20.790+0000] {logging_mixin.py:188} INFO - [2024-02-16T16:42:20.790+0000] {dag.py:3036} INFO - Sync 1 DAGs
[2024-02-16T16:42:20.806+0000] {logging_mixin.py:188} INFO - [2024-02-16T16:42:20.806+0000] {dag.py:3823} INFO - Setting next_dagrun for latest_only to 2024-02-16 12:00:00+00:00, run_after=2024-02-16 16:00:00+00:00
[2024-02-16T16:42:20.823+0000] {processor.py:183} INFO - Processing /home/airflow/.local/lib/python3.8/site-packages/airflow/example_dags/example_latest_only.py took 0.054 seconds
[2024-02-16T16:42:51.126+0000] {processor.py:161} INFO - Started process (PID=486) to work on /home/airflow/.local/lib/python3.8/site-packages/airflow/example_dags/example_latest_only.py
[2024-02-16T16:42:51.127+0000] {processor.py:830} INFO - Processing file /home/airflow/.local/lib/python3.8/site-packages/airflow/example_dags/example_latest_only.py for tasks to queue
[2024-02-16T16:42:51.128+0000] {logging_mixin.py:188} INFO - [2024-02-16T16:42:51.128+0000] {dagbag.py:538} INFO - Filling up the DagBag from /home/airflow/.local/lib/python3.8/site-packages/airflow/example_dags/example_latest_only.py
[2024-02-16T16:42:51.132+0000] {processor.py:840} INFO - DAG(s) 'latest_only' retrieved from /home/airflow/.local/lib/python3.8/site-packages/airflow/example_dags/example_latest_only.py
[2024-02-16T16:42:51.146+0000] {logging_mixin.py:188} INFO - [2024-02-16T16:42:51.146+0000] {dag.py:3036} INFO - Sync 1 DAGs
[2024-02-16T16:42:51.164+0000] {logging_mixin.py:188} INFO - [2024-02-16T16:42:51.164+0000] {dag.py:3823} INFO - Setting next_dagrun for latest_only to 2024-02-16 12:00:00+00:00, run_after=2024-02-16 16:00:00+00:00
[2024-02-16T16:42:51.179+0000] {processor.py:183} INFO - Processing /home/airflow/.local/lib/python3.8/site-packages/airflow/example_dags/example_latest_only.py took 0.055 seconds
[2024-02-16T16:43:21.562+0000] {processor.py:161} INFO - Started process (PID=543) to work on /home/airflow/.local/lib/python3.8/site-packages/airflow/example_dags/example_latest_only.py
[2024-02-16T16:43:21.563+0000] {processor.py:830} INFO - Processing file /home/airflow/.local/lib/python3.8/site-packages/airflow/example_dags/example_latest_only.py for tasks to queue
[2024-02-16T16:43:21.564+0000] {logging_mixin.py:188} INFO - [2024-02-16T16:43:21.564+0000] {dagbag.py:538} INFO - Filling up the DagBag from /home/airflow/.local/lib/python3.8/site-packages/airflow/example_dags/example_latest_only.py
[2024-02-16T16:43:21.567+0000] {processor.py:840} INFO - DAG(s) 'latest_only' retrieved from /home/airflow/.local/lib/python3.8/site-packages/airflow/example_dags/example_latest_only.py
[2024-02-16T16:43:21.582+0000] {logging_mixin.py:188} INFO - [2024-02-16T16:43:21.581+0000] {dag.py:3036} INFO - Sync 1 DAGs
[2024-02-16T16:43:21.602+0000] {logging_mixin.py:188} INFO - [2024-02-16T16:43:21.601+0000] {dag.py:3823} INFO - Setting next_dagrun for latest_only to 2024-02-16 12:00:00+00:00, run_after=2024-02-16 16:00:00+00:00
[2024-02-16T16:43:21.625+0000] {processor.py:183} INFO - Processing /home/airflow/.local/lib/python3.8/site-packages/airflow/example_dags/example_latest_only.py took 0.064 seconds
[2024-02-16T16:43:52.037+0000] {processor.py:161} INFO - Started process (PID=600) to work on /home/airflow/.local/lib/python3.8/site-packages/airflow/example_dags/example_latest_only.py
[2024-02-16T16:43:52.038+0000] {processor.py:830} INFO - Processing file /home/airflow/.local/lib/python3.8/site-packages/airflow/example_dags/example_latest_only.py for tasks to queue
[2024-02-16T16:43:52.039+0000] {logging_mixin.py:188} INFO - [2024-02-16T16:43:52.039+0000] {dagbag.py:538} INFO - Filling up the DagBag from /home/airflow/.local/lib/python3.8/site-packages/airflow/example_dags/example_latest_only.py
[2024-02-16T16:43:52.044+0000] {processor.py:840} INFO - DAG(s) 'latest_only' retrieved from /home/airflow/.local/lib/python3.8/site-packages/airflow/example_dags/example_latest_only.py
[2024-02-16T16:43:52.059+0000] {logging_mixin.py:188} INFO - [2024-02-16T16:43:52.058+0000] {dag.py:3036} INFO - Sync 1 DAGs
[2024-02-16T16:43:52.076+0000] {logging_mixin.py:188} INFO - [2024-02-16T16:43:52.076+0000] {dag.py:3823} INFO - Setting next_dagrun for latest_only to 2024-02-16 12:00:00+00:00, run_after=2024-02-16 16:00:00+00:00
[2024-02-16T16:43:52.093+0000] {processor.py:183} INFO - Processing /home/airflow/.local/lib/python3.8/site-packages/airflow/example_dags/example_latest_only.py took 0.058 seconds
