[2024-02-16T16:20:17.342+0000] {processor.py:161} INFO - Started process (PID=49) to work on /home/airflow/.local/lib/python3.8/site-packages/airflow/example_dags/example_python_decorator.py
[2024-02-16T16:20:17.343+0000] {processor.py:830} INFO - Processing file /home/airflow/.local/lib/python3.8/site-packages/airflow/example_dags/example_python_decorator.py for tasks to queue
[2024-02-16T16:20:17.345+0000] {logging_mixin.py:188} INFO - [2024-02-16T16:20:17.344+0000] {dagbag.py:538} INFO - Filling up the DagBag from /home/airflow/.local/lib/python3.8/site-packages/airflow/example_dags/example_python_decorator.py
[2024-02-16T16:20:17.360+0000] {processor.py:840} INFO - DAG(s) 'example_python_decorator' retrieved from /home/airflow/.local/lib/python3.8/site-packages/airflow/example_dags/example_python_decorator.py
[2024-02-16T16:20:17.370+0000] {logging_mixin.py:188} INFO - [2024-02-16T16:20:17.370+0000] {dag.py:3036} INFO - Sync 1 DAGs
[2024-02-16T16:20:17.385+0000] {logging_mixin.py:188} INFO - [2024-02-16T16:20:17.385+0000] {dag.py:3823} INFO - Setting next_dagrun for example_python_decorator to None, run_after=None
[2024-02-16T16:20:17.403+0000] {processor.py:183} INFO - Processing /home/airflow/.local/lib/python3.8/site-packages/airflow/example_dags/example_python_decorator.py took 0.064 seconds
[2024-02-16T16:20:47.704+0000] {processor.py:161} INFO - Started process (PID=104) to work on /home/airflow/.local/lib/python3.8/site-packages/airflow/example_dags/example_python_decorator.py
[2024-02-16T16:20:47.704+0000] {processor.py:830} INFO - Processing file /home/airflow/.local/lib/python3.8/site-packages/airflow/example_dags/example_python_decorator.py for tasks to queue
[2024-02-16T16:20:47.706+0000] {logging_mixin.py:188} INFO - [2024-02-16T16:20:47.705+0000] {dagbag.py:538} INFO - Filling up the DagBag from /home/airflow/.local/lib/python3.8/site-packages/airflow/example_dags/example_python_decorator.py
[2024-02-16T16:20:47.714+0000] {processor.py:840} INFO - DAG(s) 'example_python_decorator' retrieved from /home/airflow/.local/lib/python3.8/site-packages/airflow/example_dags/example_python_decorator.py
[2024-02-16T16:20:47.796+0000] {logging_mixin.py:188} INFO - [2024-02-16T16:20:47.796+0000] {dag.py:3036} INFO - Sync 1 DAGs
[2024-02-16T16:20:47.804+0000] {logging_mixin.py:188} INFO - [2024-02-16T16:20:47.804+0000] {dag.py:3823} INFO - Setting next_dagrun for example_python_decorator to None, run_after=None
[2024-02-16T16:20:47.819+0000] {processor.py:183} INFO - Processing /home/airflow/.local/lib/python3.8/site-packages/airflow/example_dags/example_python_decorator.py took 0.117 seconds
[2024-02-16T16:21:17.921+0000] {processor.py:161} INFO - Started process (PID=159) to work on /home/airflow/.local/lib/python3.8/site-packages/airflow/example_dags/example_python_decorator.py
[2024-02-16T16:21:17.922+0000] {processor.py:830} INFO - Processing file /home/airflow/.local/lib/python3.8/site-packages/airflow/example_dags/example_python_decorator.py for tasks to queue
[2024-02-16T16:21:17.923+0000] {logging_mixin.py:188} INFO - [2024-02-16T16:21:17.923+0000] {dagbag.py:538} INFO - Filling up the DagBag from /home/airflow/.local/lib/python3.8/site-packages/airflow/example_dags/example_python_decorator.py
[2024-02-16T16:21:17.931+0000] {processor.py:840} INFO - DAG(s) 'example_python_decorator' retrieved from /home/airflow/.local/lib/python3.8/site-packages/airflow/example_dags/example_python_decorator.py
[2024-02-16T16:21:17.945+0000] {logging_mixin.py:188} INFO - [2024-02-16T16:21:17.944+0000] {dag.py:3036} INFO - Sync 1 DAGs
[2024-02-16T16:21:17.956+0000] {logging_mixin.py:188} INFO - [2024-02-16T16:21:17.956+0000] {dag.py:3823} INFO - Setting next_dagrun for example_python_decorator to None, run_after=None
[2024-02-16T16:21:17.972+0000] {processor.py:183} INFO - Processing /home/airflow/.local/lib/python3.8/site-packages/airflow/example_dags/example_python_decorator.py took 0.053 seconds
[2024-02-16T16:21:48.321+0000] {processor.py:161} INFO - Started process (PID=214) to work on /home/airflow/.local/lib/python3.8/site-packages/airflow/example_dags/example_python_decorator.py
[2024-02-16T16:21:48.321+0000] {processor.py:830} INFO - Processing file /home/airflow/.local/lib/python3.8/site-packages/airflow/example_dags/example_python_decorator.py for tasks to queue
[2024-02-16T16:21:48.322+0000] {logging_mixin.py:188} INFO - [2024-02-16T16:21:48.322+0000] {dagbag.py:538} INFO - Filling up the DagBag from /home/airflow/.local/lib/python3.8/site-packages/airflow/example_dags/example_python_decorator.py
[2024-02-16T16:21:48.331+0000] {processor.py:840} INFO - DAG(s) 'example_python_decorator' retrieved from /home/airflow/.local/lib/python3.8/site-packages/airflow/example_dags/example_python_decorator.py
[2024-02-16T16:21:48.350+0000] {logging_mixin.py:188} INFO - [2024-02-16T16:21:48.350+0000] {dag.py:3036} INFO - Sync 1 DAGs
[2024-02-16T16:21:48.359+0000] {logging_mixin.py:188} INFO - [2024-02-16T16:21:48.358+0000] {dag.py:3823} INFO - Setting next_dagrun for example_python_decorator to None, run_after=None
[2024-02-16T16:21:48.371+0000] {processor.py:183} INFO - Processing /home/airflow/.local/lib/python3.8/site-packages/airflow/example_dags/example_python_decorator.py took 0.052 seconds
[2024-02-16T16:22:18.455+0000] {processor.py:161} INFO - Started process (PID=269) to work on /home/airflow/.local/lib/python3.8/site-packages/airflow/example_dags/example_python_decorator.py
[2024-02-16T16:22:18.456+0000] {processor.py:830} INFO - Processing file /home/airflow/.local/lib/python3.8/site-packages/airflow/example_dags/example_python_decorator.py for tasks to queue
[2024-02-16T16:22:18.457+0000] {logging_mixin.py:188} INFO - [2024-02-16T16:22:18.457+0000] {dagbag.py:538} INFO - Filling up the DagBag from /home/airflow/.local/lib/python3.8/site-packages/airflow/example_dags/example_python_decorator.py
[2024-02-16T16:22:18.468+0000] {processor.py:840} INFO - DAG(s) 'example_python_decorator' retrieved from /home/airflow/.local/lib/python3.8/site-packages/airflow/example_dags/example_python_decorator.py
[2024-02-16T16:22:18.484+0000] {logging_mixin.py:188} INFO - [2024-02-16T16:22:18.484+0000] {dag.py:3036} INFO - Sync 1 DAGs
[2024-02-16T16:22:18.492+0000] {logging_mixin.py:188} INFO - [2024-02-16T16:22:18.492+0000] {dag.py:3823} INFO - Setting next_dagrun for example_python_decorator to None, run_after=None
[2024-02-16T16:22:18.507+0000] {processor.py:183} INFO - Processing /home/airflow/.local/lib/python3.8/site-packages/airflow/example_dags/example_python_decorator.py took 0.053 seconds
[2024-02-16T16:22:48.685+0000] {processor.py:161} INFO - Started process (PID=324) to work on /home/airflow/.local/lib/python3.8/site-packages/airflow/example_dags/example_python_decorator.py
[2024-02-16T16:22:48.686+0000] {processor.py:830} INFO - Processing file /home/airflow/.local/lib/python3.8/site-packages/airflow/example_dags/example_python_decorator.py for tasks to queue
[2024-02-16T16:22:48.687+0000] {logging_mixin.py:188} INFO - [2024-02-16T16:22:48.687+0000] {dagbag.py:538} INFO - Filling up the DagBag from /home/airflow/.local/lib/python3.8/site-packages/airflow/example_dags/example_python_decorator.py
[2024-02-16T16:22:48.696+0000] {processor.py:840} INFO - DAG(s) 'example_python_decorator' retrieved from /home/airflow/.local/lib/python3.8/site-packages/airflow/example_dags/example_python_decorator.py
[2024-02-16T16:22:48.712+0000] {logging_mixin.py:188} INFO - [2024-02-16T16:22:48.712+0000] {dag.py:3036} INFO - Sync 1 DAGs
[2024-02-16T16:22:48.721+0000] {logging_mixin.py:188} INFO - [2024-02-16T16:22:48.721+0000] {dag.py:3823} INFO - Setting next_dagrun for example_python_decorator to None, run_after=None
[2024-02-16T16:22:48.735+0000] {processor.py:183} INFO - Processing /home/airflow/.local/lib/python3.8/site-packages/airflow/example_dags/example_python_decorator.py took 0.052 seconds
[2024-02-16T16:23:18.879+0000] {processor.py:161} INFO - Started process (PID=379) to work on /home/airflow/.local/lib/python3.8/site-packages/airflow/example_dags/example_python_decorator.py
[2024-02-16T16:23:18.880+0000] {processor.py:830} INFO - Processing file /home/airflow/.local/lib/python3.8/site-packages/airflow/example_dags/example_python_decorator.py for tasks to queue
[2024-02-16T16:23:18.881+0000] {logging_mixin.py:188} INFO - [2024-02-16T16:23:18.881+0000] {dagbag.py:538} INFO - Filling up the DagBag from /home/airflow/.local/lib/python3.8/site-packages/airflow/example_dags/example_python_decorator.py
[2024-02-16T16:23:18.890+0000] {processor.py:840} INFO - DAG(s) 'example_python_decorator' retrieved from /home/airflow/.local/lib/python3.8/site-packages/airflow/example_dags/example_python_decorator.py
[2024-02-16T16:23:18.906+0000] {logging_mixin.py:188} INFO - [2024-02-16T16:23:18.906+0000] {dag.py:3036} INFO - Sync 1 DAGs
[2024-02-16T16:23:18.915+0000] {logging_mixin.py:188} INFO - [2024-02-16T16:23:18.915+0000] {dag.py:3823} INFO - Setting next_dagrun for example_python_decorator to None, run_after=None
[2024-02-16T16:23:18.929+0000] {processor.py:183} INFO - Processing /home/airflow/.local/lib/python3.8/site-packages/airflow/example_dags/example_python_decorator.py took 0.051 seconds
[2024-02-16T16:23:49.144+0000] {processor.py:161} INFO - Started process (PID=434) to work on /home/airflow/.local/lib/python3.8/site-packages/airflow/example_dags/example_python_decorator.py
[2024-02-16T16:23:49.144+0000] {processor.py:830} INFO - Processing file /home/airflow/.local/lib/python3.8/site-packages/airflow/example_dags/example_python_decorator.py for tasks to queue
[2024-02-16T16:23:49.145+0000] {logging_mixin.py:188} INFO - [2024-02-16T16:23:49.145+0000] {dagbag.py:538} INFO - Filling up the DagBag from /home/airflow/.local/lib/python3.8/site-packages/airflow/example_dags/example_python_decorator.py
[2024-02-16T16:23:49.154+0000] {processor.py:840} INFO - DAG(s) 'example_python_decorator' retrieved from /home/airflow/.local/lib/python3.8/site-packages/airflow/example_dags/example_python_decorator.py
[2024-02-16T16:23:49.171+0000] {logging_mixin.py:188} INFO - [2024-02-16T16:23:49.171+0000] {dag.py:3036} INFO - Sync 1 DAGs
[2024-02-16T16:23:49.181+0000] {logging_mixin.py:188} INFO - [2024-02-16T16:23:49.180+0000] {dag.py:3823} INFO - Setting next_dagrun for example_python_decorator to None, run_after=None
[2024-02-16T16:23:49.195+0000] {processor.py:183} INFO - Processing /home/airflow/.local/lib/python3.8/site-packages/airflow/example_dags/example_python_decorator.py took 0.054 seconds
[2024-02-16T16:24:19.397+0000] {processor.py:161} INFO - Started process (PID=489) to work on /home/airflow/.local/lib/python3.8/site-packages/airflow/example_dags/example_python_decorator.py
[2024-02-16T16:24:19.397+0000] {processor.py:830} INFO - Processing file /home/airflow/.local/lib/python3.8/site-packages/airflow/example_dags/example_python_decorator.py for tasks to queue
[2024-02-16T16:24:19.399+0000] {logging_mixin.py:188} INFO - [2024-02-16T16:24:19.398+0000] {dagbag.py:538} INFO - Filling up the DagBag from /home/airflow/.local/lib/python3.8/site-packages/airflow/example_dags/example_python_decorator.py
[2024-02-16T16:24:19.407+0000] {processor.py:840} INFO - DAG(s) 'example_python_decorator' retrieved from /home/airflow/.local/lib/python3.8/site-packages/airflow/example_dags/example_python_decorator.py
[2024-02-16T16:24:19.423+0000] {logging_mixin.py:188} INFO - [2024-02-16T16:24:19.423+0000] {dag.py:3036} INFO - Sync 1 DAGs
[2024-02-16T16:24:19.432+0000] {logging_mixin.py:188} INFO - [2024-02-16T16:24:19.432+0000] {dag.py:3823} INFO - Setting next_dagrun for example_python_decorator to None, run_after=None
[2024-02-16T16:24:19.447+0000] {processor.py:183} INFO - Processing /home/airflow/.local/lib/python3.8/site-packages/airflow/example_dags/example_python_decorator.py took 0.052 seconds
[2024-02-16T16:24:49.621+0000] {processor.py:161} INFO - Started process (PID=543) to work on /home/airflow/.local/lib/python3.8/site-packages/airflow/example_dags/example_python_decorator.py
[2024-02-16T16:24:49.621+0000] {processor.py:830} INFO - Processing file /home/airflow/.local/lib/python3.8/site-packages/airflow/example_dags/example_python_decorator.py for tasks to queue
[2024-02-16T16:24:49.623+0000] {logging_mixin.py:188} INFO - [2024-02-16T16:24:49.623+0000] {dagbag.py:538} INFO - Filling up the DagBag from /home/airflow/.local/lib/python3.8/site-packages/airflow/example_dags/example_python_decorator.py
[2024-02-16T16:24:49.632+0000] {processor.py:840} INFO - DAG(s) 'example_python_decorator' retrieved from /home/airflow/.local/lib/python3.8/site-packages/airflow/example_dags/example_python_decorator.py
[2024-02-16T16:24:49.648+0000] {logging_mixin.py:188} INFO - [2024-02-16T16:24:49.648+0000] {dag.py:3036} INFO - Sync 1 DAGs
[2024-02-16T16:24:49.657+0000] {logging_mixin.py:188} INFO - [2024-02-16T16:24:49.657+0000] {dag.py:3823} INFO - Setting next_dagrun for example_python_decorator to None, run_after=None
[2024-02-16T16:24:49.672+0000] {processor.py:183} INFO - Processing /home/airflow/.local/lib/python3.8/site-packages/airflow/example_dags/example_python_decorator.py took 0.053 seconds
[2024-02-16T16:25:19.794+0000] {processor.py:161} INFO - Started process (PID=598) to work on /home/airflow/.local/lib/python3.8/site-packages/airflow/example_dags/example_python_decorator.py
[2024-02-16T16:25:19.794+0000] {processor.py:830} INFO - Processing file /home/airflow/.local/lib/python3.8/site-packages/airflow/example_dags/example_python_decorator.py for tasks to queue
[2024-02-16T16:25:19.796+0000] {logging_mixin.py:188} INFO - [2024-02-16T16:25:19.796+0000] {dagbag.py:538} INFO - Filling up the DagBag from /home/airflow/.local/lib/python3.8/site-packages/airflow/example_dags/example_python_decorator.py
[2024-02-16T16:25:19.805+0000] {processor.py:840} INFO - DAG(s) 'example_python_decorator' retrieved from /home/airflow/.local/lib/python3.8/site-packages/airflow/example_dags/example_python_decorator.py
[2024-02-16T16:25:19.822+0000] {logging_mixin.py:188} INFO - [2024-02-16T16:25:19.821+0000] {dag.py:3036} INFO - Sync 1 DAGs
[2024-02-16T16:25:19.831+0000] {logging_mixin.py:188} INFO - [2024-02-16T16:25:19.831+0000] {dag.py:3823} INFO - Setting next_dagrun for example_python_decorator to None, run_after=None
[2024-02-16T16:25:19.847+0000] {processor.py:183} INFO - Processing /home/airflow/.local/lib/python3.8/site-packages/airflow/example_dags/example_python_decorator.py took 0.055 seconds
[2024-02-16T16:25:50.119+0000] {processor.py:161} INFO - Started process (PID=653) to work on /home/airflow/.local/lib/python3.8/site-packages/airflow/example_dags/example_python_decorator.py
[2024-02-16T16:25:50.120+0000] {processor.py:830} INFO - Processing file /home/airflow/.local/lib/python3.8/site-packages/airflow/example_dags/example_python_decorator.py for tasks to queue
[2024-02-16T16:25:50.121+0000] {logging_mixin.py:188} INFO - [2024-02-16T16:25:50.121+0000] {dagbag.py:538} INFO - Filling up the DagBag from /home/airflow/.local/lib/python3.8/site-packages/airflow/example_dags/example_python_decorator.py
[2024-02-16T16:25:50.129+0000] {processor.py:840} INFO - DAG(s) 'example_python_decorator' retrieved from /home/airflow/.local/lib/python3.8/site-packages/airflow/example_dags/example_python_decorator.py
[2024-02-16T16:25:50.144+0000] {logging_mixin.py:188} INFO - [2024-02-16T16:25:50.144+0000] {dag.py:3036} INFO - Sync 1 DAGs
[2024-02-16T16:25:50.152+0000] {logging_mixin.py:188} INFO - [2024-02-16T16:25:50.152+0000] {dag.py:3823} INFO - Setting next_dagrun for example_python_decorator to None, run_after=None
[2024-02-16T16:25:50.166+0000] {processor.py:183} INFO - Processing /home/airflow/.local/lib/python3.8/site-packages/airflow/example_dags/example_python_decorator.py took 0.049 seconds
[2024-02-16T16:26:20.221+0000] {processor.py:161} INFO - Started process (PID=708) to work on /home/airflow/.local/lib/python3.8/site-packages/airflow/example_dags/example_python_decorator.py
[2024-02-16T16:26:20.221+0000] {processor.py:830} INFO - Processing file /home/airflow/.local/lib/python3.8/site-packages/airflow/example_dags/example_python_decorator.py for tasks to queue
[2024-02-16T16:26:20.222+0000] {logging_mixin.py:188} INFO - [2024-02-16T16:26:20.222+0000] {dagbag.py:538} INFO - Filling up the DagBag from /home/airflow/.local/lib/python3.8/site-packages/airflow/example_dags/example_python_decorator.py
[2024-02-16T16:26:20.232+0000] {processor.py:840} INFO - DAG(s) 'example_python_decorator' retrieved from /home/airflow/.local/lib/python3.8/site-packages/airflow/example_dags/example_python_decorator.py
[2024-02-16T16:26:20.250+0000] {logging_mixin.py:188} INFO - [2024-02-16T16:26:20.249+0000] {dag.py:3036} INFO - Sync 1 DAGs
[2024-02-16T16:26:20.259+0000] {logging_mixin.py:188} INFO - [2024-02-16T16:26:20.259+0000] {dag.py:3823} INFO - Setting next_dagrun for example_python_decorator to None, run_after=None
[2024-02-16T16:26:20.276+0000] {processor.py:183} INFO - Processing /home/airflow/.local/lib/python3.8/site-packages/airflow/example_dags/example_python_decorator.py took 0.057 seconds
[2024-02-16T16:26:50.553+0000] {processor.py:161} INFO - Started process (PID=763) to work on /home/airflow/.local/lib/python3.8/site-packages/airflow/example_dags/example_python_decorator.py
[2024-02-16T16:26:50.554+0000] {processor.py:830} INFO - Processing file /home/airflow/.local/lib/python3.8/site-packages/airflow/example_dags/example_python_decorator.py for tasks to queue
[2024-02-16T16:26:50.555+0000] {logging_mixin.py:188} INFO - [2024-02-16T16:26:50.555+0000] {dagbag.py:538} INFO - Filling up the DagBag from /home/airflow/.local/lib/python3.8/site-packages/airflow/example_dags/example_python_decorator.py
[2024-02-16T16:26:50.564+0000] {processor.py:840} INFO - DAG(s) 'example_python_decorator' retrieved from /home/airflow/.local/lib/python3.8/site-packages/airflow/example_dags/example_python_decorator.py
[2024-02-16T16:26:50.581+0000] {logging_mixin.py:188} INFO - [2024-02-16T16:26:50.580+0000] {dag.py:3036} INFO - Sync 1 DAGs
[2024-02-16T16:26:50.591+0000] {logging_mixin.py:188} INFO - [2024-02-16T16:26:50.591+0000] {dag.py:3823} INFO - Setting next_dagrun for example_python_decorator to None, run_after=None
[2024-02-16T16:26:50.606+0000] {processor.py:183} INFO - Processing /home/airflow/.local/lib/python3.8/site-packages/airflow/example_dags/example_python_decorator.py took 0.055 seconds
[2024-02-16T16:27:20.699+0000] {processor.py:161} INFO - Started process (PID=818) to work on /home/airflow/.local/lib/python3.8/site-packages/airflow/example_dags/example_python_decorator.py
[2024-02-16T16:27:20.700+0000] {processor.py:830} INFO - Processing file /home/airflow/.local/lib/python3.8/site-packages/airflow/example_dags/example_python_decorator.py for tasks to queue
[2024-02-16T16:27:20.701+0000] {logging_mixin.py:188} INFO - [2024-02-16T16:27:20.701+0000] {dagbag.py:538} INFO - Filling up the DagBag from /home/airflow/.local/lib/python3.8/site-packages/airflow/example_dags/example_python_decorator.py
[2024-02-16T16:27:20.711+0000] {processor.py:840} INFO - DAG(s) 'example_python_decorator' retrieved from /home/airflow/.local/lib/python3.8/site-packages/airflow/example_dags/example_python_decorator.py
[2024-02-16T16:27:20.730+0000] {logging_mixin.py:188} INFO - [2024-02-16T16:27:20.730+0000] {dag.py:3036} INFO - Sync 1 DAGs
[2024-02-16T16:27:20.741+0000] {logging_mixin.py:188} INFO - [2024-02-16T16:27:20.740+0000] {dag.py:3823} INFO - Setting next_dagrun for example_python_decorator to None, run_after=None
[2024-02-16T16:27:20.757+0000] {processor.py:183} INFO - Processing /home/airflow/.local/lib/python3.8/site-packages/airflow/example_dags/example_python_decorator.py took 0.060 seconds
[2024-02-16T16:27:50.816+0000] {processor.py:161} INFO - Started process (PID=873) to work on /home/airflow/.local/lib/python3.8/site-packages/airflow/example_dags/example_python_decorator.py
[2024-02-16T16:27:50.817+0000] {processor.py:830} INFO - Processing file /home/airflow/.local/lib/python3.8/site-packages/airflow/example_dags/example_python_decorator.py for tasks to queue
[2024-02-16T16:27:50.818+0000] {logging_mixin.py:188} INFO - [2024-02-16T16:27:50.818+0000] {dagbag.py:538} INFO - Filling up the DagBag from /home/airflow/.local/lib/python3.8/site-packages/airflow/example_dags/example_python_decorator.py
[2024-02-16T16:27:50.826+0000] {processor.py:840} INFO - DAG(s) 'example_python_decorator' retrieved from /home/airflow/.local/lib/python3.8/site-packages/airflow/example_dags/example_python_decorator.py
[2024-02-16T16:27:50.841+0000] {logging_mixin.py:188} INFO - [2024-02-16T16:27:50.841+0000] {dag.py:3036} INFO - Sync 1 DAGs
[2024-02-16T16:27:50.850+0000] {logging_mixin.py:188} INFO - [2024-02-16T16:27:50.849+0000] {dag.py:3823} INFO - Setting next_dagrun for example_python_decorator to None, run_after=None
[2024-02-16T16:27:50.864+0000] {processor.py:183} INFO - Processing /home/airflow/.local/lib/python3.8/site-packages/airflow/example_dags/example_python_decorator.py took 0.050 seconds
[2024-02-16T16:28:21.116+0000] {processor.py:161} INFO - Started process (PID=928) to work on /home/airflow/.local/lib/python3.8/site-packages/airflow/example_dags/example_python_decorator.py
[2024-02-16T16:28:21.117+0000] {processor.py:830} INFO - Processing file /home/airflow/.local/lib/python3.8/site-packages/airflow/example_dags/example_python_decorator.py for tasks to queue
[2024-02-16T16:28:21.118+0000] {logging_mixin.py:188} INFO - [2024-02-16T16:28:21.117+0000] {dagbag.py:538} INFO - Filling up the DagBag from /home/airflow/.local/lib/python3.8/site-packages/airflow/example_dags/example_python_decorator.py
[2024-02-16T16:28:21.127+0000] {processor.py:840} INFO - DAG(s) 'example_python_decorator' retrieved from /home/airflow/.local/lib/python3.8/site-packages/airflow/example_dags/example_python_decorator.py
[2024-02-16T16:28:21.143+0000] {logging_mixin.py:188} INFO - [2024-02-16T16:28:21.143+0000] {dag.py:3036} INFO - Sync 1 DAGs
[2024-02-16T16:28:21.153+0000] {logging_mixin.py:188} INFO - [2024-02-16T16:28:21.152+0000] {dag.py:3823} INFO - Setting next_dagrun for example_python_decorator to None, run_after=None
[2024-02-16T16:28:21.169+0000] {processor.py:183} INFO - Processing /home/airflow/.local/lib/python3.8/site-packages/airflow/example_dags/example_python_decorator.py took 0.055 seconds
[2024-02-16T16:28:51.420+0000] {processor.py:161} INFO - Started process (PID=983) to work on /home/airflow/.local/lib/python3.8/site-packages/airflow/example_dags/example_python_decorator.py
[2024-02-16T16:28:51.421+0000] {processor.py:830} INFO - Processing file /home/airflow/.local/lib/python3.8/site-packages/airflow/example_dags/example_python_decorator.py for tasks to queue
[2024-02-16T16:28:51.422+0000] {logging_mixin.py:188} INFO - [2024-02-16T16:28:51.422+0000] {dagbag.py:538} INFO - Filling up the DagBag from /home/airflow/.local/lib/python3.8/site-packages/airflow/example_dags/example_python_decorator.py
[2024-02-16T16:28:51.431+0000] {processor.py:840} INFO - DAG(s) 'example_python_decorator' retrieved from /home/airflow/.local/lib/python3.8/site-packages/airflow/example_dags/example_python_decorator.py
[2024-02-16T16:28:51.447+0000] {logging_mixin.py:188} INFO - [2024-02-16T16:28:51.447+0000] {dag.py:3036} INFO - Sync 1 DAGs
[2024-02-16T16:28:51.456+0000] {logging_mixin.py:188} INFO - [2024-02-16T16:28:51.455+0000] {dag.py:3823} INFO - Setting next_dagrun for example_python_decorator to None, run_after=None
[2024-02-16T16:28:51.469+0000] {processor.py:183} INFO - Processing /home/airflow/.local/lib/python3.8/site-packages/airflow/example_dags/example_python_decorator.py took 0.050 seconds
[2024-02-16T16:29:21.535+0000] {processor.py:161} INFO - Started process (PID=1038) to work on /home/airflow/.local/lib/python3.8/site-packages/airflow/example_dags/example_python_decorator.py
[2024-02-16T16:29:21.535+0000] {processor.py:830} INFO - Processing file /home/airflow/.local/lib/python3.8/site-packages/airflow/example_dags/example_python_decorator.py for tasks to queue
[2024-02-16T16:29:21.536+0000] {logging_mixin.py:188} INFO - [2024-02-16T16:29:21.536+0000] {dagbag.py:538} INFO - Filling up the DagBag from /home/airflow/.local/lib/python3.8/site-packages/airflow/example_dags/example_python_decorator.py
[2024-02-16T16:29:21.545+0000] {processor.py:840} INFO - DAG(s) 'example_python_decorator' retrieved from /home/airflow/.local/lib/python3.8/site-packages/airflow/example_dags/example_python_decorator.py
[2024-02-16T16:29:21.559+0000] {logging_mixin.py:188} INFO - [2024-02-16T16:29:21.559+0000] {dag.py:3036} INFO - Sync 1 DAGs
[2024-02-16T16:29:21.568+0000] {logging_mixin.py:188} INFO - [2024-02-16T16:29:21.568+0000] {dag.py:3823} INFO - Setting next_dagrun for example_python_decorator to None, run_after=None
[2024-02-16T16:29:21.582+0000] {processor.py:183} INFO - Processing /home/airflow/.local/lib/python3.8/site-packages/airflow/example_dags/example_python_decorator.py took 0.049 seconds
[2024-02-16T16:29:51.675+0000] {processor.py:161} INFO - Started process (PID=1093) to work on /home/airflow/.local/lib/python3.8/site-packages/airflow/example_dags/example_python_decorator.py
[2024-02-16T16:29:51.676+0000] {processor.py:830} INFO - Processing file /home/airflow/.local/lib/python3.8/site-packages/airflow/example_dags/example_python_decorator.py for tasks to queue
[2024-02-16T16:29:51.678+0000] {logging_mixin.py:188} INFO - [2024-02-16T16:29:51.677+0000] {dagbag.py:538} INFO - Filling up the DagBag from /home/airflow/.local/lib/python3.8/site-packages/airflow/example_dags/example_python_decorator.py
[2024-02-16T16:29:51.687+0000] {processor.py:840} INFO - DAG(s) 'example_python_decorator' retrieved from /home/airflow/.local/lib/python3.8/site-packages/airflow/example_dags/example_python_decorator.py
[2024-02-16T16:29:51.706+0000] {logging_mixin.py:188} INFO - [2024-02-16T16:29:51.705+0000] {dag.py:3036} INFO - Sync 1 DAGs
[2024-02-16T16:29:51.716+0000] {logging_mixin.py:188} INFO - [2024-02-16T16:29:51.716+0000] {dag.py:3823} INFO - Setting next_dagrun for example_python_decorator to None, run_after=None
[2024-02-16T16:29:51.736+0000] {processor.py:183} INFO - Processing /home/airflow/.local/lib/python3.8/site-packages/airflow/example_dags/example_python_decorator.py took 0.063 seconds
[2024-02-16T16:30:21.810+0000] {processor.py:161} INFO - Started process (PID=1149) to work on /home/airflow/.local/lib/python3.8/site-packages/airflow/example_dags/example_python_decorator.py
[2024-02-16T16:30:21.811+0000] {processor.py:830} INFO - Processing file /home/airflow/.local/lib/python3.8/site-packages/airflow/example_dags/example_python_decorator.py for tasks to queue
[2024-02-16T16:30:21.812+0000] {logging_mixin.py:188} INFO - [2024-02-16T16:30:21.811+0000] {dagbag.py:538} INFO - Filling up the DagBag from /home/airflow/.local/lib/python3.8/site-packages/airflow/example_dags/example_python_decorator.py
[2024-02-16T16:30:21.820+0000] {processor.py:840} INFO - DAG(s) 'example_python_decorator' retrieved from /home/airflow/.local/lib/python3.8/site-packages/airflow/example_dags/example_python_decorator.py
[2024-02-16T16:30:21.834+0000] {logging_mixin.py:188} INFO - [2024-02-16T16:30:21.834+0000] {dag.py:3036} INFO - Sync 1 DAGs
[2024-02-16T16:30:21.842+0000] {logging_mixin.py:188} INFO - [2024-02-16T16:30:21.842+0000] {dag.py:3823} INFO - Setting next_dagrun for example_python_decorator to None, run_after=None
[2024-02-16T16:30:21.853+0000] {processor.py:183} INFO - Processing /home/airflow/.local/lib/python3.8/site-packages/airflow/example_dags/example_python_decorator.py took 0.045 seconds
[2024-02-16T16:31:26.409+0000] {processor.py:161} INFO - Started process (PID=50) to work on /home/airflow/.local/lib/python3.8/site-packages/airflow/example_dags/example_python_decorator.py
[2024-02-16T16:31:26.410+0000] {processor.py:830} INFO - Processing file /home/airflow/.local/lib/python3.8/site-packages/airflow/example_dags/example_python_decorator.py for tasks to queue
[2024-02-16T16:31:26.411+0000] {logging_mixin.py:188} INFO - [2024-02-16T16:31:26.411+0000] {dagbag.py:538} INFO - Filling up the DagBag from /home/airflow/.local/lib/python3.8/site-packages/airflow/example_dags/example_python_decorator.py
[2024-02-16T16:31:26.423+0000] {processor.py:840} INFO - DAG(s) 'example_python_decorator' retrieved from /home/airflow/.local/lib/python3.8/site-packages/airflow/example_dags/example_python_decorator.py
[2024-02-16T16:31:26.431+0000] {logging_mixin.py:188} INFO - [2024-02-16T16:31:26.431+0000] {dag.py:3036} INFO - Sync 1 DAGs
[2024-02-16T16:31:26.441+0000] {logging_mixin.py:188} INFO - [2024-02-16T16:31:26.441+0000] {dag.py:3823} INFO - Setting next_dagrun for example_python_decorator to None, run_after=None
[2024-02-16T16:31:26.456+0000] {processor.py:183} INFO - Processing /home/airflow/.local/lib/python3.8/site-packages/airflow/example_dags/example_python_decorator.py took 0.049 seconds
[2024-02-16T16:31:57.519+0000] {processor.py:161} INFO - Started process (PID=106) to work on /home/airflow/.local/lib/python3.8/site-packages/airflow/example_dags/example_python_decorator.py
[2024-02-16T16:31:57.520+0000] {processor.py:830} INFO - Processing file /home/airflow/.local/lib/python3.8/site-packages/airflow/example_dags/example_python_decorator.py for tasks to queue
[2024-02-16T16:31:57.521+0000] {logging_mixin.py:188} INFO - [2024-02-16T16:31:57.521+0000] {dagbag.py:538} INFO - Filling up the DagBag from /home/airflow/.local/lib/python3.8/site-packages/airflow/example_dags/example_python_decorator.py
[2024-02-16T16:31:57.530+0000] {processor.py:840} INFO - DAG(s) 'example_python_decorator' retrieved from /home/airflow/.local/lib/python3.8/site-packages/airflow/example_dags/example_python_decorator.py
[2024-02-16T16:31:57.603+0000] {logging_mixin.py:188} INFO - [2024-02-16T16:31:57.602+0000] {dag.py:3036} INFO - Sync 1 DAGs
[2024-02-16T16:31:57.610+0000] {logging_mixin.py:188} INFO - [2024-02-16T16:31:57.610+0000] {dag.py:3823} INFO - Setting next_dagrun for example_python_decorator to None, run_after=None
[2024-02-16T16:31:57.624+0000] {processor.py:183} INFO - Processing /home/airflow/.local/lib/python3.8/site-packages/airflow/example_dags/example_python_decorator.py took 0.106 seconds
[2024-02-16T16:32:28.444+0000] {processor.py:161} INFO - Started process (PID=162) to work on /home/airflow/.local/lib/python3.8/site-packages/airflow/example_dags/example_python_decorator.py
[2024-02-16T16:32:28.444+0000] {processor.py:830} INFO - Processing file /home/airflow/.local/lib/python3.8/site-packages/airflow/example_dags/example_python_decorator.py for tasks to queue
[2024-02-16T16:32:28.445+0000] {logging_mixin.py:188} INFO - [2024-02-16T16:32:28.445+0000] {dagbag.py:538} INFO - Filling up the DagBag from /home/airflow/.local/lib/python3.8/site-packages/airflow/example_dags/example_python_decorator.py
[2024-02-16T16:32:28.454+0000] {processor.py:840} INFO - DAG(s) 'example_python_decorator' retrieved from /home/airflow/.local/lib/python3.8/site-packages/airflow/example_dags/example_python_decorator.py
[2024-02-16T16:32:28.468+0000] {logging_mixin.py:188} INFO - [2024-02-16T16:32:28.468+0000] {dag.py:3036} INFO - Sync 1 DAGs
[2024-02-16T16:32:28.476+0000] {logging_mixin.py:188} INFO - [2024-02-16T16:32:28.476+0000] {dag.py:3823} INFO - Setting next_dagrun for example_python_decorator to None, run_after=None
[2024-02-16T16:32:28.489+0000] {processor.py:183} INFO - Processing /home/airflow/.local/lib/python3.8/site-packages/airflow/example_dags/example_python_decorator.py took 0.047 seconds
[2024-02-16T16:32:58.610+0000] {processor.py:161} INFO - Started process (PID=218) to work on /home/airflow/.local/lib/python3.8/site-packages/airflow/example_dags/example_python_decorator.py
[2024-02-16T16:32:58.611+0000] {processor.py:830} INFO - Processing file /home/airflow/.local/lib/python3.8/site-packages/airflow/example_dags/example_python_decorator.py for tasks to queue
[2024-02-16T16:32:58.612+0000] {logging_mixin.py:188} INFO - [2024-02-16T16:32:58.612+0000] {dagbag.py:538} INFO - Filling up the DagBag from /home/airflow/.local/lib/python3.8/site-packages/airflow/example_dags/example_python_decorator.py
[2024-02-16T16:32:58.620+0000] {processor.py:840} INFO - DAG(s) 'example_python_decorator' retrieved from /home/airflow/.local/lib/python3.8/site-packages/airflow/example_dags/example_python_decorator.py
[2024-02-16T16:32:58.636+0000] {logging_mixin.py:188} INFO - [2024-02-16T16:32:58.636+0000] {dag.py:3036} INFO - Sync 1 DAGs
[2024-02-16T16:32:58.645+0000] {logging_mixin.py:188} INFO - [2024-02-16T16:32:58.645+0000] {dag.py:3823} INFO - Setting next_dagrun for example_python_decorator to None, run_after=None
[2024-02-16T16:32:58.658+0000] {processor.py:183} INFO - Processing /home/airflow/.local/lib/python3.8/site-packages/airflow/example_dags/example_python_decorator.py took 0.050 seconds
[2024-02-16T16:33:28.899+0000] {processor.py:161} INFO - Started process (PID=274) to work on /home/airflow/.local/lib/python3.8/site-packages/airflow/example_dags/example_python_decorator.py
[2024-02-16T16:33:28.899+0000] {processor.py:830} INFO - Processing file /home/airflow/.local/lib/python3.8/site-packages/airflow/example_dags/example_python_decorator.py for tasks to queue
[2024-02-16T16:33:28.900+0000] {logging_mixin.py:188} INFO - [2024-02-16T16:33:28.900+0000] {dagbag.py:538} INFO - Filling up the DagBag from /home/airflow/.local/lib/python3.8/site-packages/airflow/example_dags/example_python_decorator.py
[2024-02-16T16:33:28.909+0000] {processor.py:840} INFO - DAG(s) 'example_python_decorator' retrieved from /home/airflow/.local/lib/python3.8/site-packages/airflow/example_dags/example_python_decorator.py
[2024-02-16T16:33:28.923+0000] {logging_mixin.py:188} INFO - [2024-02-16T16:33:28.923+0000] {dag.py:3036} INFO - Sync 1 DAGs
[2024-02-16T16:33:28.931+0000] {logging_mixin.py:188} INFO - [2024-02-16T16:33:28.931+0000] {dag.py:3823} INFO - Setting next_dagrun for example_python_decorator to None, run_after=None
[2024-02-16T16:33:28.944+0000] {processor.py:183} INFO - Processing /home/airflow/.local/lib/python3.8/site-packages/airflow/example_dags/example_python_decorator.py took 0.047 seconds
[2024-02-16T16:33:59.078+0000] {processor.py:161} INFO - Started process (PID=330) to work on /home/airflow/.local/lib/python3.8/site-packages/airflow/example_dags/example_python_decorator.py
[2024-02-16T16:33:59.079+0000] {processor.py:830} INFO - Processing file /home/airflow/.local/lib/python3.8/site-packages/airflow/example_dags/example_python_decorator.py for tasks to queue
[2024-02-16T16:33:59.080+0000] {logging_mixin.py:188} INFO - [2024-02-16T16:33:59.080+0000] {dagbag.py:538} INFO - Filling up the DagBag from /home/airflow/.local/lib/python3.8/site-packages/airflow/example_dags/example_python_decorator.py
[2024-02-16T16:33:59.089+0000] {processor.py:840} INFO - DAG(s) 'example_python_decorator' retrieved from /home/airflow/.local/lib/python3.8/site-packages/airflow/example_dags/example_python_decorator.py
[2024-02-16T16:33:59.106+0000] {logging_mixin.py:188} INFO - [2024-02-16T16:33:59.106+0000] {dag.py:3036} INFO - Sync 1 DAGs
[2024-02-16T16:33:59.115+0000] {logging_mixin.py:188} INFO - [2024-02-16T16:33:59.115+0000] {dag.py:3823} INFO - Setting next_dagrun for example_python_decorator to None, run_after=None
[2024-02-16T16:33:59.130+0000] {processor.py:183} INFO - Processing /home/airflow/.local/lib/python3.8/site-packages/airflow/example_dags/example_python_decorator.py took 0.054 seconds
[2024-02-16T16:34:29.361+0000] {processor.py:161} INFO - Started process (PID=386) to work on /home/airflow/.local/lib/python3.8/site-packages/airflow/example_dags/example_python_decorator.py
[2024-02-16T16:34:29.362+0000] {processor.py:830} INFO - Processing file /home/airflow/.local/lib/python3.8/site-packages/airflow/example_dags/example_python_decorator.py for tasks to queue
[2024-02-16T16:34:29.363+0000] {logging_mixin.py:188} INFO - [2024-02-16T16:34:29.363+0000] {dagbag.py:538} INFO - Filling up the DagBag from /home/airflow/.local/lib/python3.8/site-packages/airflow/example_dags/example_python_decorator.py
[2024-02-16T16:34:29.372+0000] {processor.py:840} INFO - DAG(s) 'example_python_decorator' retrieved from /home/airflow/.local/lib/python3.8/site-packages/airflow/example_dags/example_python_decorator.py
[2024-02-16T16:34:29.389+0000] {logging_mixin.py:188} INFO - [2024-02-16T16:34:29.388+0000] {dag.py:3036} INFO - Sync 1 DAGs
[2024-02-16T16:34:29.397+0000] {logging_mixin.py:188} INFO - [2024-02-16T16:34:29.397+0000] {dag.py:3823} INFO - Setting next_dagrun for example_python_decorator to None, run_after=None
[2024-02-16T16:34:29.412+0000] {processor.py:183} INFO - Processing /home/airflow/.local/lib/python3.8/site-packages/airflow/example_dags/example_python_decorator.py took 0.052 seconds
[2024-02-16T16:34:59.581+0000] {processor.py:161} INFO - Started process (PID=442) to work on /home/airflow/.local/lib/python3.8/site-packages/airflow/example_dags/example_python_decorator.py
[2024-02-16T16:34:59.581+0000] {processor.py:830} INFO - Processing file /home/airflow/.local/lib/python3.8/site-packages/airflow/example_dags/example_python_decorator.py for tasks to queue
[2024-02-16T16:34:59.582+0000] {logging_mixin.py:188} INFO - [2024-02-16T16:34:59.582+0000] {dagbag.py:538} INFO - Filling up the DagBag from /home/airflow/.local/lib/python3.8/site-packages/airflow/example_dags/example_python_decorator.py
[2024-02-16T16:34:59.591+0000] {processor.py:840} INFO - DAG(s) 'example_python_decorator' retrieved from /home/airflow/.local/lib/python3.8/site-packages/airflow/example_dags/example_python_decorator.py
[2024-02-16T16:34:59.605+0000] {logging_mixin.py:188} INFO - [2024-02-16T16:34:59.605+0000] {dag.py:3036} INFO - Sync 1 DAGs
[2024-02-16T16:34:59.613+0000] {logging_mixin.py:188} INFO - [2024-02-16T16:34:59.613+0000] {dag.py:3823} INFO - Setting next_dagrun for example_python_decorator to None, run_after=None
[2024-02-16T16:34:59.626+0000] {processor.py:183} INFO - Processing /home/airflow/.local/lib/python3.8/site-packages/airflow/example_dags/example_python_decorator.py took 0.047 seconds
[2024-02-16T16:35:29.780+0000] {processor.py:161} INFO - Started process (PID=498) to work on /home/airflow/.local/lib/python3.8/site-packages/airflow/example_dags/example_python_decorator.py
[2024-02-16T16:35:29.780+0000] {processor.py:830} INFO - Processing file /home/airflow/.local/lib/python3.8/site-packages/airflow/example_dags/example_python_decorator.py for tasks to queue
[2024-02-16T16:35:29.781+0000] {logging_mixin.py:188} INFO - [2024-02-16T16:35:29.781+0000] {dagbag.py:538} INFO - Filling up the DagBag from /home/airflow/.local/lib/python3.8/site-packages/airflow/example_dags/example_python_decorator.py
[2024-02-16T16:35:29.790+0000] {processor.py:840} INFO - DAG(s) 'example_python_decorator' retrieved from /home/airflow/.local/lib/python3.8/site-packages/airflow/example_dags/example_python_decorator.py
[2024-02-16T16:35:29.805+0000] {logging_mixin.py:188} INFO - [2024-02-16T16:35:29.805+0000] {dag.py:3036} INFO - Sync 1 DAGs
[2024-02-16T16:35:29.815+0000] {logging_mixin.py:188} INFO - [2024-02-16T16:35:29.815+0000] {dag.py:3823} INFO - Setting next_dagrun for example_python_decorator to None, run_after=None
[2024-02-16T16:35:29.829+0000] {processor.py:183} INFO - Processing /home/airflow/.local/lib/python3.8/site-packages/airflow/example_dags/example_python_decorator.py took 0.051 seconds
[2024-02-16T16:35:59.996+0000] {processor.py:161} INFO - Started process (PID=554) to work on /home/airflow/.local/lib/python3.8/site-packages/airflow/example_dags/example_python_decorator.py
[2024-02-16T16:35:59.997+0000] {processor.py:830} INFO - Processing file /home/airflow/.local/lib/python3.8/site-packages/airflow/example_dags/example_python_decorator.py for tasks to queue
[2024-02-16T16:35:59.998+0000] {logging_mixin.py:188} INFO - [2024-02-16T16:35:59.998+0000] {dagbag.py:538} INFO - Filling up the DagBag from /home/airflow/.local/lib/python3.8/site-packages/airflow/example_dags/example_python_decorator.py
[2024-02-16T16:36:00.007+0000] {processor.py:840} INFO - DAG(s) 'example_python_decorator' retrieved from /home/airflow/.local/lib/python3.8/site-packages/airflow/example_dags/example_python_decorator.py
[2024-02-16T16:36:00.024+0000] {logging_mixin.py:188} INFO - [2024-02-16T16:36:00.024+0000] {dag.py:3036} INFO - Sync 1 DAGs
[2024-02-16T16:36:00.033+0000] {logging_mixin.py:188} INFO - [2024-02-16T16:36:00.033+0000] {dag.py:3823} INFO - Setting next_dagrun for example_python_decorator to None, run_after=None
[2024-02-16T16:36:00.047+0000] {processor.py:183} INFO - Processing /home/airflow/.local/lib/python3.8/site-packages/airflow/example_dags/example_python_decorator.py took 0.053 seconds
[2024-02-16T16:36:31.082+0000] {processor.py:161} INFO - Started process (PID=610) to work on /home/airflow/.local/lib/python3.8/site-packages/airflow/example_dags/example_python_decorator.py
[2024-02-16T16:36:31.083+0000] {processor.py:830} INFO - Processing file /home/airflow/.local/lib/python3.8/site-packages/airflow/example_dags/example_python_decorator.py for tasks to queue
[2024-02-16T16:36:31.084+0000] {logging_mixin.py:188} INFO - [2024-02-16T16:36:31.084+0000] {dagbag.py:538} INFO - Filling up the DagBag from /home/airflow/.local/lib/python3.8/site-packages/airflow/example_dags/example_python_decorator.py
[2024-02-16T16:36:31.096+0000] {processor.py:840} INFO - DAG(s) 'example_python_decorator' retrieved from /home/airflow/.local/lib/python3.8/site-packages/airflow/example_dags/example_python_decorator.py
[2024-02-16T16:36:31.116+0000] {logging_mixin.py:188} INFO - [2024-02-16T16:36:31.116+0000] {dag.py:3036} INFO - Sync 1 DAGs
[2024-02-16T16:36:31.131+0000] {logging_mixin.py:188} INFO - [2024-02-16T16:36:31.130+0000] {dag.py:3823} INFO - Setting next_dagrun for example_python_decorator to None, run_after=None
[2024-02-16T16:36:31.150+0000] {processor.py:183} INFO - Processing /home/airflow/.local/lib/python3.8/site-packages/airflow/example_dags/example_python_decorator.py took 0.070 seconds
[2024-02-16T16:37:01.496+0000] {processor.py:161} INFO - Started process (PID=667) to work on /home/airflow/.local/lib/python3.8/site-packages/airflow/example_dags/example_python_decorator.py
[2024-02-16T16:37:01.496+0000] {processor.py:830} INFO - Processing file /home/airflow/.local/lib/python3.8/site-packages/airflow/example_dags/example_python_decorator.py for tasks to queue
[2024-02-16T16:37:01.498+0000] {logging_mixin.py:188} INFO - [2024-02-16T16:37:01.498+0000] {dagbag.py:538} INFO - Filling up the DagBag from /home/airflow/.local/lib/python3.8/site-packages/airflow/example_dags/example_python_decorator.py
[2024-02-16T16:37:01.507+0000] {processor.py:840} INFO - DAG(s) 'example_python_decorator' retrieved from /home/airflow/.local/lib/python3.8/site-packages/airflow/example_dags/example_python_decorator.py
[2024-02-16T16:37:01.523+0000] {logging_mixin.py:188} INFO - [2024-02-16T16:37:01.523+0000] {dag.py:3036} INFO - Sync 1 DAGs
[2024-02-16T16:37:01.533+0000] {logging_mixin.py:188} INFO - [2024-02-16T16:37:01.533+0000] {dag.py:3823} INFO - Setting next_dagrun for example_python_decorator to None, run_after=None
[2024-02-16T16:37:01.547+0000] {processor.py:183} INFO - Processing /home/airflow/.local/lib/python3.8/site-packages/airflow/example_dags/example_python_decorator.py took 0.053 seconds
[2024-02-16T16:37:31.810+0000] {processor.py:161} INFO - Started process (PID=724) to work on /home/airflow/.local/lib/python3.8/site-packages/airflow/example_dags/example_python_decorator.py
[2024-02-16T16:37:31.811+0000] {processor.py:830} INFO - Processing file /home/airflow/.local/lib/python3.8/site-packages/airflow/example_dags/example_python_decorator.py for tasks to queue
[2024-02-16T16:37:31.812+0000] {logging_mixin.py:188} INFO - [2024-02-16T16:37:31.812+0000] {dagbag.py:538} INFO - Filling up the DagBag from /home/airflow/.local/lib/python3.8/site-packages/airflow/example_dags/example_python_decorator.py
[2024-02-16T16:37:31.821+0000] {processor.py:840} INFO - DAG(s) 'example_python_decorator' retrieved from /home/airflow/.local/lib/python3.8/site-packages/airflow/example_dags/example_python_decorator.py
[2024-02-16T16:37:31.836+0000] {logging_mixin.py:188} INFO - [2024-02-16T16:37:31.836+0000] {dag.py:3036} INFO - Sync 1 DAGs
[2024-02-16T16:37:31.845+0000] {logging_mixin.py:188} INFO - [2024-02-16T16:37:31.845+0000] {dag.py:3823} INFO - Setting next_dagrun for example_python_decorator to None, run_after=None
[2024-02-16T16:37:31.858+0000] {processor.py:183} INFO - Processing /home/airflow/.local/lib/python3.8/site-packages/airflow/example_dags/example_python_decorator.py took 0.049 seconds
[2024-02-16T16:39:15.969+0000] {processor.py:161} INFO - Started process (PID=51) to work on /home/airflow/.local/lib/python3.8/site-packages/airflow/example_dags/example_python_decorator.py
[2024-02-16T16:39:15.969+0000] {processor.py:830} INFO - Processing file /home/airflow/.local/lib/python3.8/site-packages/airflow/example_dags/example_python_decorator.py for tasks to queue
[2024-02-16T16:39:15.971+0000] {logging_mixin.py:188} INFO - [2024-02-16T16:39:15.971+0000] {dagbag.py:538} INFO - Filling up the DagBag from /home/airflow/.local/lib/python3.8/site-packages/airflow/example_dags/example_python_decorator.py
[2024-02-16T16:39:15.982+0000] {processor.py:840} INFO - DAG(s) 'example_python_decorator' retrieved from /home/airflow/.local/lib/python3.8/site-packages/airflow/example_dags/example_python_decorator.py
[2024-02-16T16:39:15.991+0000] {logging_mixin.py:188} INFO - [2024-02-16T16:39:15.990+0000] {dag.py:3036} INFO - Sync 1 DAGs
[2024-02-16T16:39:16.000+0000] {logging_mixin.py:188} INFO - [2024-02-16T16:39:16.000+0000] {dag.py:3823} INFO - Setting next_dagrun for example_python_decorator to None, run_after=None
[2024-02-16T16:39:16.017+0000] {processor.py:183} INFO - Processing /home/airflow/.local/lib/python3.8/site-packages/airflow/example_dags/example_python_decorator.py took 0.050 seconds
[2024-02-16T16:39:46.508+0000] {processor.py:161} INFO - Started process (PID=108) to work on /home/airflow/.local/lib/python3.8/site-packages/airflow/example_dags/example_python_decorator.py
[2024-02-16T16:39:46.509+0000] {processor.py:830} INFO - Processing file /home/airflow/.local/lib/python3.8/site-packages/airflow/example_dags/example_python_decorator.py for tasks to queue
[2024-02-16T16:39:46.510+0000] {logging_mixin.py:188} INFO - [2024-02-16T16:39:46.510+0000] {dagbag.py:538} INFO - Filling up the DagBag from /home/airflow/.local/lib/python3.8/site-packages/airflow/example_dags/example_python_decorator.py
[2024-02-16T16:39:46.520+0000] {processor.py:840} INFO - DAG(s) 'example_python_decorator' retrieved from /home/airflow/.local/lib/python3.8/site-packages/airflow/example_dags/example_python_decorator.py
[2024-02-16T16:39:46.597+0000] {logging_mixin.py:188} INFO - [2024-02-16T16:39:46.597+0000] {dag.py:3036} INFO - Sync 1 DAGs
[2024-02-16T16:39:46.605+0000] {logging_mixin.py:188} INFO - [2024-02-16T16:39:46.605+0000] {dag.py:3823} INFO - Setting next_dagrun for example_python_decorator to None, run_after=None
[2024-02-16T16:39:46.619+0000] {processor.py:183} INFO - Processing /home/airflow/.local/lib/python3.8/site-packages/airflow/example_dags/example_python_decorator.py took 0.113 seconds
[2024-02-16T16:40:16.785+0000] {processor.py:161} INFO - Started process (PID=165) to work on /home/airflow/.local/lib/python3.8/site-packages/airflow/example_dags/example_python_decorator.py
[2024-02-16T16:40:16.786+0000] {processor.py:830} INFO - Processing file /home/airflow/.local/lib/python3.8/site-packages/airflow/example_dags/example_python_decorator.py for tasks to queue
[2024-02-16T16:40:16.787+0000] {logging_mixin.py:188} INFO - [2024-02-16T16:40:16.787+0000] {dagbag.py:538} INFO - Filling up the DagBag from /home/airflow/.local/lib/python3.8/site-packages/airflow/example_dags/example_python_decorator.py
[2024-02-16T16:40:16.796+0000] {processor.py:840} INFO - DAG(s) 'example_python_decorator' retrieved from /home/airflow/.local/lib/python3.8/site-packages/airflow/example_dags/example_python_decorator.py
[2024-02-16T16:40:16.810+0000] {logging_mixin.py:188} INFO - [2024-02-16T16:40:16.810+0000] {dag.py:3036} INFO - Sync 1 DAGs
[2024-02-16T16:40:16.819+0000] {logging_mixin.py:188} INFO - [2024-02-16T16:40:16.819+0000] {dag.py:3823} INFO - Setting next_dagrun for example_python_decorator to None, run_after=None
[2024-02-16T16:40:16.831+0000] {processor.py:183} INFO - Processing /home/airflow/.local/lib/python3.8/site-packages/airflow/example_dags/example_python_decorator.py took 0.048 seconds
[2024-02-16T16:40:46.854+0000] {processor.py:161} INFO - Started process (PID=220) to work on /home/airflow/.local/lib/python3.8/site-packages/airflow/example_dags/example_python_decorator.py
[2024-02-16T16:40:46.855+0000] {processor.py:830} INFO - Processing file /home/airflow/.local/lib/python3.8/site-packages/airflow/example_dags/example_python_decorator.py for tasks to queue
[2024-02-16T16:40:46.856+0000] {logging_mixin.py:188} INFO - [2024-02-16T16:40:46.856+0000] {dagbag.py:538} INFO - Filling up the DagBag from /home/airflow/.local/lib/python3.8/site-packages/airflow/example_dags/example_python_decorator.py
[2024-02-16T16:40:46.866+0000] {processor.py:840} INFO - DAG(s) 'example_python_decorator' retrieved from /home/airflow/.local/lib/python3.8/site-packages/airflow/example_dags/example_python_decorator.py
[2024-02-16T16:40:46.880+0000] {logging_mixin.py:188} INFO - [2024-02-16T16:40:46.880+0000] {dag.py:3036} INFO - Sync 1 DAGs
[2024-02-16T16:40:46.889+0000] {logging_mixin.py:188} INFO - [2024-02-16T16:40:46.889+0000] {dag.py:3823} INFO - Setting next_dagrun for example_python_decorator to None, run_after=None
[2024-02-16T16:40:46.901+0000] {processor.py:183} INFO - Processing /home/airflow/.local/lib/python3.8/site-packages/airflow/example_dags/example_python_decorator.py took 0.049 seconds
[2024-02-16T16:41:17.251+0000] {processor.py:161} INFO - Started process (PID=277) to work on /home/airflow/.local/lib/python3.8/site-packages/airflow/example_dags/example_python_decorator.py
[2024-02-16T16:41:17.252+0000] {processor.py:830} INFO - Processing file /home/airflow/.local/lib/python3.8/site-packages/airflow/example_dags/example_python_decorator.py for tasks to queue
[2024-02-16T16:41:17.253+0000] {logging_mixin.py:188} INFO - [2024-02-16T16:41:17.253+0000] {dagbag.py:538} INFO - Filling up the DagBag from /home/airflow/.local/lib/python3.8/site-packages/airflow/example_dags/example_python_decorator.py
[2024-02-16T16:41:17.262+0000] {processor.py:840} INFO - DAG(s) 'example_python_decorator' retrieved from /home/airflow/.local/lib/python3.8/site-packages/airflow/example_dags/example_python_decorator.py
[2024-02-16T16:41:17.278+0000] {logging_mixin.py:188} INFO - [2024-02-16T16:41:17.277+0000] {dag.py:3036} INFO - Sync 1 DAGs
[2024-02-16T16:41:17.287+0000] {logging_mixin.py:188} INFO - [2024-02-16T16:41:17.287+0000] {dag.py:3823} INFO - Setting next_dagrun for example_python_decorator to None, run_after=None
[2024-02-16T16:41:17.301+0000] {processor.py:183} INFO - Processing /home/airflow/.local/lib/python3.8/site-packages/airflow/example_dags/example_python_decorator.py took 0.053 seconds
[2024-02-16T16:41:47.741+0000] {processor.py:161} INFO - Started process (PID=335) to work on /home/airflow/.local/lib/python3.8/site-packages/airflow/example_dags/example_python_decorator.py
[2024-02-16T16:41:47.741+0000] {processor.py:830} INFO - Processing file /home/airflow/.local/lib/python3.8/site-packages/airflow/example_dags/example_python_decorator.py for tasks to queue
[2024-02-16T16:41:47.743+0000] {logging_mixin.py:188} INFO - [2024-02-16T16:41:47.743+0000] {dagbag.py:538} INFO - Filling up the DagBag from /home/airflow/.local/lib/python3.8/site-packages/airflow/example_dags/example_python_decorator.py
[2024-02-16T16:41:47.752+0000] {processor.py:840} INFO - DAG(s) 'example_python_decorator' retrieved from /home/airflow/.local/lib/python3.8/site-packages/airflow/example_dags/example_python_decorator.py
[2024-02-16T16:41:47.768+0000] {logging_mixin.py:188} INFO - [2024-02-16T16:41:47.767+0000] {dag.py:3036} INFO - Sync 1 DAGs
[2024-02-16T16:41:47.777+0000] {logging_mixin.py:188} INFO - [2024-02-16T16:41:47.777+0000] {dag.py:3823} INFO - Setting next_dagrun for example_python_decorator to None, run_after=None
[2024-02-16T16:41:47.791+0000] {processor.py:183} INFO - Processing /home/airflow/.local/lib/python3.8/site-packages/airflow/example_dags/example_python_decorator.py took 0.052 seconds
[2024-02-16T16:42:17.985+0000] {processor.py:161} INFO - Started process (PID=392) to work on /home/airflow/.local/lib/python3.8/site-packages/airflow/example_dags/example_python_decorator.py
[2024-02-16T16:42:17.986+0000] {processor.py:830} INFO - Processing file /home/airflow/.local/lib/python3.8/site-packages/airflow/example_dags/example_python_decorator.py for tasks to queue
[2024-02-16T16:42:17.987+0000] {logging_mixin.py:188} INFO - [2024-02-16T16:42:17.987+0000] {dagbag.py:538} INFO - Filling up the DagBag from /home/airflow/.local/lib/python3.8/site-packages/airflow/example_dags/example_python_decorator.py
[2024-02-16T16:42:18.001+0000] {processor.py:840} INFO - DAG(s) 'example_python_decorator' retrieved from /home/airflow/.local/lib/python3.8/site-packages/airflow/example_dags/example_python_decorator.py
[2024-02-16T16:42:18.017+0000] {logging_mixin.py:188} INFO - [2024-02-16T16:42:18.017+0000] {dag.py:3036} INFO - Sync 1 DAGs
[2024-02-16T16:42:18.027+0000] {logging_mixin.py:188} INFO - [2024-02-16T16:42:18.026+0000] {dag.py:3823} INFO - Setting next_dagrun for example_python_decorator to None, run_after=None
[2024-02-16T16:42:18.041+0000] {processor.py:183} INFO - Processing /home/airflow/.local/lib/python3.8/site-packages/airflow/example_dags/example_python_decorator.py took 0.057 seconds
[2024-02-16T16:42:48.407+0000] {processor.py:161} INFO - Started process (PID=449) to work on /home/airflow/.local/lib/python3.8/site-packages/airflow/example_dags/example_python_decorator.py
[2024-02-16T16:42:48.408+0000] {processor.py:830} INFO - Processing file /home/airflow/.local/lib/python3.8/site-packages/airflow/example_dags/example_python_decorator.py for tasks to queue
[2024-02-16T16:42:48.410+0000] {logging_mixin.py:188} INFO - [2024-02-16T16:42:48.410+0000] {dagbag.py:538} INFO - Filling up the DagBag from /home/airflow/.local/lib/python3.8/site-packages/airflow/example_dags/example_python_decorator.py
[2024-02-16T16:42:48.423+0000] {processor.py:840} INFO - DAG(s) 'example_python_decorator' retrieved from /home/airflow/.local/lib/python3.8/site-packages/airflow/example_dags/example_python_decorator.py
[2024-02-16T16:42:48.444+0000] {logging_mixin.py:188} INFO - [2024-02-16T16:42:48.443+0000] {dag.py:3036} INFO - Sync 1 DAGs
[2024-02-16T16:42:48.456+0000] {logging_mixin.py:188} INFO - [2024-02-16T16:42:48.456+0000] {dag.py:3823} INFO - Setting next_dagrun for example_python_decorator to None, run_after=None
[2024-02-16T16:42:48.472+0000] {processor.py:183} INFO - Processing /home/airflow/.local/lib/python3.8/site-packages/airflow/example_dags/example_python_decorator.py took 0.068 seconds
[2024-02-16T16:43:18.810+0000] {processor.py:161} INFO - Started process (PID=506) to work on /home/airflow/.local/lib/python3.8/site-packages/airflow/example_dags/example_python_decorator.py
[2024-02-16T16:43:18.810+0000] {processor.py:830} INFO - Processing file /home/airflow/.local/lib/python3.8/site-packages/airflow/example_dags/example_python_decorator.py for tasks to queue
[2024-02-16T16:43:18.811+0000] {logging_mixin.py:188} INFO - [2024-02-16T16:43:18.811+0000] {dagbag.py:538} INFO - Filling up the DagBag from /home/airflow/.local/lib/python3.8/site-packages/airflow/example_dags/example_python_decorator.py
[2024-02-16T16:43:18.824+0000] {processor.py:840} INFO - DAG(s) 'example_python_decorator' retrieved from /home/airflow/.local/lib/python3.8/site-packages/airflow/example_dags/example_python_decorator.py
[2024-02-16T16:43:18.842+0000] {logging_mixin.py:188} INFO - [2024-02-16T16:43:18.842+0000] {dag.py:3036} INFO - Sync 1 DAGs
[2024-02-16T16:43:18.851+0000] {logging_mixin.py:188} INFO - [2024-02-16T16:43:18.851+0000] {dag.py:3823} INFO - Setting next_dagrun for example_python_decorator to None, run_after=None
[2024-02-16T16:43:18.875+0000] {processor.py:183} INFO - Processing /home/airflow/.local/lib/python3.8/site-packages/airflow/example_dags/example_python_decorator.py took 0.067 seconds
[2024-02-16T16:43:49.269+0000] {processor.py:161} INFO - Started process (PID=563) to work on /home/airflow/.local/lib/python3.8/site-packages/airflow/example_dags/example_python_decorator.py
[2024-02-16T16:43:49.272+0000] {processor.py:830} INFO - Processing file /home/airflow/.local/lib/python3.8/site-packages/airflow/example_dags/example_python_decorator.py for tasks to queue
[2024-02-16T16:43:49.274+0000] {logging_mixin.py:188} INFO - [2024-02-16T16:43:49.274+0000] {dagbag.py:538} INFO - Filling up the DagBag from /home/airflow/.local/lib/python3.8/site-packages/airflow/example_dags/example_python_decorator.py
[2024-02-16T16:43:49.289+0000] {processor.py:840} INFO - DAG(s) 'example_python_decorator' retrieved from /home/airflow/.local/lib/python3.8/site-packages/airflow/example_dags/example_python_decorator.py
[2024-02-16T16:43:49.309+0000] {logging_mixin.py:188} INFO - [2024-02-16T16:43:49.309+0000] {dag.py:3036} INFO - Sync 1 DAGs
[2024-02-16T16:43:49.323+0000] {logging_mixin.py:188} INFO - [2024-02-16T16:43:49.323+0000] {dag.py:3823} INFO - Setting next_dagrun for example_python_decorator to None, run_after=None
[2024-02-16T16:43:49.344+0000] {processor.py:183} INFO - Processing /home/airflow/.local/lib/python3.8/site-packages/airflow/example_dags/example_python_decorator.py took 0.078 seconds
