[2024-02-16T16:20:18.069+0000] {processor.py:161} INFO - Started process (PID=66) to work on /home/airflow/.local/lib/python3.8/site-packages/airflow/example_dags/example_branch_python_dop_operator_3.py
[2024-02-16T16:20:18.070+0000] {processor.py:830} INFO - Processing file /home/airflow/.local/lib/python3.8/site-packages/airflow/example_dags/example_branch_python_dop_operator_3.py for tasks to queue
[2024-02-16T16:20:18.071+0000] {logging_mixin.py:188} INFO - [2024-02-16T16:20:18.071+0000] {dagbag.py:538} INFO - Filling up the DagBag from /home/airflow/.local/lib/python3.8/site-packages/airflow/example_dags/example_branch_python_dop_operator_3.py
[2024-02-16T16:20:18.081+0000] {processor.py:840} INFO - DAG(s) 'example_branch_dop_operator_v3' retrieved from /home/airflow/.local/lib/python3.8/site-packages/airflow/example_dags/example_branch_python_dop_operator_3.py
[2024-02-16T16:20:18.091+0000] {logging_mixin.py:188} INFO - [2024-02-16T16:20:18.090+0000] {dag.py:3036} INFO - Sync 1 DAGs
[2024-02-16T16:20:18.119+0000] {logging_mixin.py:188} INFO - [2024-02-16T16:20:18.119+0000] {dag.py:3823} INFO - Setting next_dagrun for example_branch_dop_operator_v3 to 2024-02-16 16:19:00+00:00, run_after=2024-02-16 16:20:00+00:00
[2024-02-16T16:20:18.138+0000] {processor.py:183} INFO - Processing /home/airflow/.local/lib/python3.8/site-packages/airflow/example_dags/example_branch_python_dop_operator_3.py took 0.071 seconds
[2024-02-16T16:20:48.829+0000] {processor.py:161} INFO - Started process (PID=121) to work on /home/airflow/.local/lib/python3.8/site-packages/airflow/example_dags/example_branch_python_dop_operator_3.py
[2024-02-16T16:20:48.830+0000] {processor.py:830} INFO - Processing file /home/airflow/.local/lib/python3.8/site-packages/airflow/example_dags/example_branch_python_dop_operator_3.py for tasks to queue
[2024-02-16T16:20:48.831+0000] {logging_mixin.py:188} INFO - [2024-02-16T16:20:48.831+0000] {dagbag.py:538} INFO - Filling up the DagBag from /home/airflow/.local/lib/python3.8/site-packages/airflow/example_dags/example_branch_python_dop_operator_3.py
[2024-02-16T16:20:48.837+0000] {processor.py:840} INFO - DAG(s) 'example_branch_dop_operator_v3' retrieved from /home/airflow/.local/lib/python3.8/site-packages/airflow/example_dags/example_branch_python_dop_operator_3.py
[2024-02-16T16:20:48.910+0000] {logging_mixin.py:188} INFO - [2024-02-16T16:20:48.910+0000] {dag.py:3036} INFO - Sync 1 DAGs
[2024-02-16T16:20:48.929+0000] {logging_mixin.py:188} INFO - [2024-02-16T16:20:48.929+0000] {dag.py:3823} INFO - Setting next_dagrun for example_branch_dop_operator_v3 to 2024-02-16 16:19:00+00:00, run_after=2024-02-16 16:20:00+00:00
[2024-02-16T16:20:48.945+0000] {processor.py:183} INFO - Processing /home/airflow/.local/lib/python3.8/site-packages/airflow/example_dags/example_branch_python_dop_operator_3.py took 0.118 seconds
[2024-02-16T16:21:18.984+0000] {processor.py:161} INFO - Started process (PID=176) to work on /home/airflow/.local/lib/python3.8/site-packages/airflow/example_dags/example_branch_python_dop_operator_3.py
[2024-02-16T16:21:18.984+0000] {processor.py:830} INFO - Processing file /home/airflow/.local/lib/python3.8/site-packages/airflow/example_dags/example_branch_python_dop_operator_3.py for tasks to queue
[2024-02-16T16:21:18.985+0000] {logging_mixin.py:188} INFO - [2024-02-16T16:21:18.985+0000] {dagbag.py:538} INFO - Filling up the DagBag from /home/airflow/.local/lib/python3.8/site-packages/airflow/example_dags/example_branch_python_dop_operator_3.py
[2024-02-16T16:21:18.991+0000] {processor.py:840} INFO - DAG(s) 'example_branch_dop_operator_v3' retrieved from /home/airflow/.local/lib/python3.8/site-packages/airflow/example_dags/example_branch_python_dop_operator_3.py
[2024-02-16T16:21:19.005+0000] {logging_mixin.py:188} INFO - [2024-02-16T16:21:19.005+0000] {dag.py:3036} INFO - Sync 1 DAGs
[2024-02-16T16:21:19.024+0000] {logging_mixin.py:188} INFO - [2024-02-16T16:21:19.024+0000] {dag.py:3823} INFO - Setting next_dagrun for example_branch_dop_operator_v3 to 2024-02-16 16:20:00+00:00, run_after=2024-02-16 16:21:00+00:00
[2024-02-16T16:21:19.038+0000] {processor.py:183} INFO - Processing /home/airflow/.local/lib/python3.8/site-packages/airflow/example_dags/example_branch_python_dop_operator_3.py took 0.056 seconds
[2024-02-16T16:21:49.976+0000] {processor.py:161} INFO - Started process (PID=231) to work on /home/airflow/.local/lib/python3.8/site-packages/airflow/example_dags/example_branch_python_dop_operator_3.py
[2024-02-16T16:21:49.977+0000] {processor.py:830} INFO - Processing file /home/airflow/.local/lib/python3.8/site-packages/airflow/example_dags/example_branch_python_dop_operator_3.py for tasks to queue
[2024-02-16T16:21:49.978+0000] {logging_mixin.py:188} INFO - [2024-02-16T16:21:49.978+0000] {dagbag.py:538} INFO - Filling up the DagBag from /home/airflow/.local/lib/python3.8/site-packages/airflow/example_dags/example_branch_python_dop_operator_3.py
[2024-02-16T16:21:49.984+0000] {processor.py:840} INFO - DAG(s) 'example_branch_dop_operator_v3' retrieved from /home/airflow/.local/lib/python3.8/site-packages/airflow/example_dags/example_branch_python_dop_operator_3.py
[2024-02-16T16:21:49.997+0000] {logging_mixin.py:188} INFO - [2024-02-16T16:21:49.997+0000] {dag.py:3036} INFO - Sync 1 DAGs
[2024-02-16T16:21:50.018+0000] {logging_mixin.py:188} INFO - [2024-02-16T16:21:50.018+0000] {dag.py:3823} INFO - Setting next_dagrun for example_branch_dop_operator_v3 to 2024-02-16 16:20:00+00:00, run_after=2024-02-16 16:21:00+00:00
[2024-02-16T16:21:50.031+0000] {processor.py:183} INFO - Processing /home/airflow/.local/lib/python3.8/site-packages/airflow/example_dags/example_branch_python_dop_operator_3.py took 0.057 seconds
[2024-02-16T16:22:20.158+0000] {processor.py:161} INFO - Started process (PID=286) to work on /home/airflow/.local/lib/python3.8/site-packages/airflow/example_dags/example_branch_python_dop_operator_3.py
[2024-02-16T16:22:20.159+0000] {processor.py:830} INFO - Processing file /home/airflow/.local/lib/python3.8/site-packages/airflow/example_dags/example_branch_python_dop_operator_3.py for tasks to queue
[2024-02-16T16:22:20.160+0000] {logging_mixin.py:188} INFO - [2024-02-16T16:22:20.160+0000] {dagbag.py:538} INFO - Filling up the DagBag from /home/airflow/.local/lib/python3.8/site-packages/airflow/example_dags/example_branch_python_dop_operator_3.py
[2024-02-16T16:22:20.166+0000] {processor.py:840} INFO - DAG(s) 'example_branch_dop_operator_v3' retrieved from /home/airflow/.local/lib/python3.8/site-packages/airflow/example_dags/example_branch_python_dop_operator_3.py
[2024-02-16T16:22:20.181+0000] {logging_mixin.py:188} INFO - [2024-02-16T16:22:20.181+0000] {dag.py:3036} INFO - Sync 1 DAGs
[2024-02-16T16:22:20.202+0000] {logging_mixin.py:188} INFO - [2024-02-16T16:22:20.201+0000] {dag.py:3823} INFO - Setting next_dagrun for example_branch_dop_operator_v3 to 2024-02-16 16:21:00+00:00, run_after=2024-02-16 16:22:00+00:00
[2024-02-16T16:22:20.215+0000] {processor.py:183} INFO - Processing /home/airflow/.local/lib/python3.8/site-packages/airflow/example_dags/example_branch_python_dop_operator_3.py took 0.059 seconds
[2024-02-16T16:22:50.284+0000] {processor.py:161} INFO - Started process (PID=341) to work on /home/airflow/.local/lib/python3.8/site-packages/airflow/example_dags/example_branch_python_dop_operator_3.py
[2024-02-16T16:22:50.284+0000] {processor.py:830} INFO - Processing file /home/airflow/.local/lib/python3.8/site-packages/airflow/example_dags/example_branch_python_dop_operator_3.py for tasks to queue
[2024-02-16T16:22:50.285+0000] {logging_mixin.py:188} INFO - [2024-02-16T16:22:50.285+0000] {dagbag.py:538} INFO - Filling up the DagBag from /home/airflow/.local/lib/python3.8/site-packages/airflow/example_dags/example_branch_python_dop_operator_3.py
[2024-02-16T16:22:50.291+0000] {processor.py:840} INFO - DAG(s) 'example_branch_dop_operator_v3' retrieved from /home/airflow/.local/lib/python3.8/site-packages/airflow/example_dags/example_branch_python_dop_operator_3.py
[2024-02-16T16:22:50.306+0000] {logging_mixin.py:188} INFO - [2024-02-16T16:22:50.305+0000] {dag.py:3036} INFO - Sync 1 DAGs
[2024-02-16T16:22:50.326+0000] {logging_mixin.py:188} INFO - [2024-02-16T16:22:50.326+0000] {dag.py:3823} INFO - Setting next_dagrun for example_branch_dop_operator_v3 to 2024-02-16 16:21:00+00:00, run_after=2024-02-16 16:22:00+00:00
[2024-02-16T16:22:50.341+0000] {processor.py:183} INFO - Processing /home/airflow/.local/lib/python3.8/site-packages/airflow/example_dags/example_branch_python_dop_operator_3.py took 0.059 seconds
[2024-02-16T16:23:20.594+0000] {processor.py:161} INFO - Started process (PID=396) to work on /home/airflow/.local/lib/python3.8/site-packages/airflow/example_dags/example_branch_python_dop_operator_3.py
[2024-02-16T16:23:20.595+0000] {processor.py:830} INFO - Processing file /home/airflow/.local/lib/python3.8/site-packages/airflow/example_dags/example_branch_python_dop_operator_3.py for tasks to queue
[2024-02-16T16:23:20.596+0000] {logging_mixin.py:188} INFO - [2024-02-16T16:23:20.596+0000] {dagbag.py:538} INFO - Filling up the DagBag from /home/airflow/.local/lib/python3.8/site-packages/airflow/example_dags/example_branch_python_dop_operator_3.py
[2024-02-16T16:23:20.602+0000] {processor.py:840} INFO - DAG(s) 'example_branch_dop_operator_v3' retrieved from /home/airflow/.local/lib/python3.8/site-packages/airflow/example_dags/example_branch_python_dop_operator_3.py
[2024-02-16T16:23:20.617+0000] {logging_mixin.py:188} INFO - [2024-02-16T16:23:20.617+0000] {dag.py:3036} INFO - Sync 1 DAGs
[2024-02-16T16:23:20.639+0000] {logging_mixin.py:188} INFO - [2024-02-16T16:23:20.638+0000] {dag.py:3823} INFO - Setting next_dagrun for example_branch_dop_operator_v3 to 2024-02-16 16:22:00+00:00, run_after=2024-02-16 16:23:00+00:00
[2024-02-16T16:23:20.654+0000] {processor.py:183} INFO - Processing /home/airflow/.local/lib/python3.8/site-packages/airflow/example_dags/example_branch_python_dop_operator_3.py took 0.062 seconds
[2024-02-16T16:23:50.869+0000] {processor.py:161} INFO - Started process (PID=451) to work on /home/airflow/.local/lib/python3.8/site-packages/airflow/example_dags/example_branch_python_dop_operator_3.py
[2024-02-16T16:23:50.869+0000] {processor.py:830} INFO - Processing file /home/airflow/.local/lib/python3.8/site-packages/airflow/example_dags/example_branch_python_dop_operator_3.py for tasks to queue
[2024-02-16T16:23:50.871+0000] {logging_mixin.py:188} INFO - [2024-02-16T16:23:50.870+0000] {dagbag.py:538} INFO - Filling up the DagBag from /home/airflow/.local/lib/python3.8/site-packages/airflow/example_dags/example_branch_python_dop_operator_3.py
[2024-02-16T16:23:50.876+0000] {processor.py:840} INFO - DAG(s) 'example_branch_dop_operator_v3' retrieved from /home/airflow/.local/lib/python3.8/site-packages/airflow/example_dags/example_branch_python_dop_operator_3.py
[2024-02-16T16:23:50.891+0000] {logging_mixin.py:188} INFO - [2024-02-16T16:23:50.891+0000] {dag.py:3036} INFO - Sync 1 DAGs
[2024-02-16T16:23:50.913+0000] {logging_mixin.py:188} INFO - [2024-02-16T16:23:50.913+0000] {dag.py:3823} INFO - Setting next_dagrun for example_branch_dop_operator_v3 to 2024-02-16 16:22:00+00:00, run_after=2024-02-16 16:23:00+00:00
[2024-02-16T16:23:50.927+0000] {processor.py:183} INFO - Processing /home/airflow/.local/lib/python3.8/site-packages/airflow/example_dags/example_branch_python_dop_operator_3.py took 0.060 seconds
[2024-02-16T16:24:21.113+0000] {processor.py:161} INFO - Started process (PID=506) to work on /home/airflow/.local/lib/python3.8/site-packages/airflow/example_dags/example_branch_python_dop_operator_3.py
[2024-02-16T16:24:21.114+0000] {processor.py:830} INFO - Processing file /home/airflow/.local/lib/python3.8/site-packages/airflow/example_dags/example_branch_python_dop_operator_3.py for tasks to queue
[2024-02-16T16:24:21.115+0000] {logging_mixin.py:188} INFO - [2024-02-16T16:24:21.115+0000] {dagbag.py:538} INFO - Filling up the DagBag from /home/airflow/.local/lib/python3.8/site-packages/airflow/example_dags/example_branch_python_dop_operator_3.py
[2024-02-16T16:24:21.122+0000] {processor.py:840} INFO - DAG(s) 'example_branch_dop_operator_v3' retrieved from /home/airflow/.local/lib/python3.8/site-packages/airflow/example_dags/example_branch_python_dop_operator_3.py
[2024-02-16T16:24:21.136+0000] {logging_mixin.py:188} INFO - [2024-02-16T16:24:21.135+0000] {dag.py:3036} INFO - Sync 1 DAGs
[2024-02-16T16:24:21.156+0000] {logging_mixin.py:188} INFO - [2024-02-16T16:24:21.156+0000] {dag.py:3823} INFO - Setting next_dagrun for example_branch_dop_operator_v3 to 2024-02-16 16:23:00+00:00, run_after=2024-02-16 16:24:00+00:00
[2024-02-16T16:24:21.171+0000] {processor.py:183} INFO - Processing /home/airflow/.local/lib/python3.8/site-packages/airflow/example_dags/example_branch_python_dop_operator_3.py took 0.059 seconds
[2024-02-16T16:24:51.380+0000] {processor.py:161} INFO - Started process (PID=561) to work on /home/airflow/.local/lib/python3.8/site-packages/airflow/example_dags/example_branch_python_dop_operator_3.py
[2024-02-16T16:24:51.381+0000] {processor.py:830} INFO - Processing file /home/airflow/.local/lib/python3.8/site-packages/airflow/example_dags/example_branch_python_dop_operator_3.py for tasks to queue
[2024-02-16T16:24:51.382+0000] {logging_mixin.py:188} INFO - [2024-02-16T16:24:51.382+0000] {dagbag.py:538} INFO - Filling up the DagBag from /home/airflow/.local/lib/python3.8/site-packages/airflow/example_dags/example_branch_python_dop_operator_3.py
[2024-02-16T16:24:51.388+0000] {processor.py:840} INFO - DAG(s) 'example_branch_dop_operator_v3' retrieved from /home/airflow/.local/lib/python3.8/site-packages/airflow/example_dags/example_branch_python_dop_operator_3.py
[2024-02-16T16:24:51.403+0000] {logging_mixin.py:188} INFO - [2024-02-16T16:24:51.403+0000] {dag.py:3036} INFO - Sync 1 DAGs
[2024-02-16T16:24:51.424+0000] {logging_mixin.py:188} INFO - [2024-02-16T16:24:51.423+0000] {dag.py:3823} INFO - Setting next_dagrun for example_branch_dop_operator_v3 to 2024-02-16 16:23:00+00:00, run_after=2024-02-16 16:24:00+00:00
[2024-02-16T16:24:51.437+0000] {processor.py:183} INFO - Processing /home/airflow/.local/lib/python3.8/site-packages/airflow/example_dags/example_branch_python_dop_operator_3.py took 0.059 seconds
[2024-02-16T16:25:21.565+0000] {processor.py:161} INFO - Started process (PID=616) to work on /home/airflow/.local/lib/python3.8/site-packages/airflow/example_dags/example_branch_python_dop_operator_3.py
[2024-02-16T16:25:21.566+0000] {processor.py:830} INFO - Processing file /home/airflow/.local/lib/python3.8/site-packages/airflow/example_dags/example_branch_python_dop_operator_3.py for tasks to queue
[2024-02-16T16:25:21.567+0000] {logging_mixin.py:188} INFO - [2024-02-16T16:25:21.567+0000] {dagbag.py:538} INFO - Filling up the DagBag from /home/airflow/.local/lib/python3.8/site-packages/airflow/example_dags/example_branch_python_dop_operator_3.py
[2024-02-16T16:25:21.574+0000] {processor.py:840} INFO - DAG(s) 'example_branch_dop_operator_v3' retrieved from /home/airflow/.local/lib/python3.8/site-packages/airflow/example_dags/example_branch_python_dop_operator_3.py
[2024-02-16T16:25:21.589+0000] {logging_mixin.py:188} INFO - [2024-02-16T16:25:21.589+0000] {dag.py:3036} INFO - Sync 1 DAGs
[2024-02-16T16:25:21.613+0000] {logging_mixin.py:188} INFO - [2024-02-16T16:25:21.613+0000] {dag.py:3823} INFO - Setting next_dagrun for example_branch_dop_operator_v3 to 2024-02-16 16:24:00+00:00, run_after=2024-02-16 16:25:00+00:00
[2024-02-16T16:25:21.629+0000] {processor.py:183} INFO - Processing /home/airflow/.local/lib/python3.8/site-packages/airflow/example_dags/example_branch_python_dop_operator_3.py took 0.066 seconds
[2024-02-16T16:25:51.764+0000] {processor.py:161} INFO - Started process (PID=671) to work on /home/airflow/.local/lib/python3.8/site-packages/airflow/example_dags/example_branch_python_dop_operator_3.py
[2024-02-16T16:25:51.765+0000] {processor.py:830} INFO - Processing file /home/airflow/.local/lib/python3.8/site-packages/airflow/example_dags/example_branch_python_dop_operator_3.py for tasks to queue
[2024-02-16T16:25:51.766+0000] {logging_mixin.py:188} INFO - [2024-02-16T16:25:51.766+0000] {dagbag.py:538} INFO - Filling up the DagBag from /home/airflow/.local/lib/python3.8/site-packages/airflow/example_dags/example_branch_python_dop_operator_3.py
[2024-02-16T16:25:51.771+0000] {processor.py:840} INFO - DAG(s) 'example_branch_dop_operator_v3' retrieved from /home/airflow/.local/lib/python3.8/site-packages/airflow/example_dags/example_branch_python_dop_operator_3.py
[2024-02-16T16:25:51.784+0000] {logging_mixin.py:188} INFO - [2024-02-16T16:25:51.784+0000] {dag.py:3036} INFO - Sync 1 DAGs
[2024-02-16T16:25:51.803+0000] {logging_mixin.py:188} INFO - [2024-02-16T16:25:51.803+0000] {dag.py:3823} INFO - Setting next_dagrun for example_branch_dop_operator_v3 to 2024-02-16 16:24:00+00:00, run_after=2024-02-16 16:25:00+00:00
[2024-02-16T16:25:51.816+0000] {processor.py:183} INFO - Processing /home/airflow/.local/lib/python3.8/site-packages/airflow/example_dags/example_branch_python_dop_operator_3.py took 0.054 seconds
[2024-02-16T16:26:21.991+0000] {processor.py:161} INFO - Started process (PID=726) to work on /home/airflow/.local/lib/python3.8/site-packages/airflow/example_dags/example_branch_python_dop_operator_3.py
[2024-02-16T16:26:21.992+0000] {processor.py:830} INFO - Processing file /home/airflow/.local/lib/python3.8/site-packages/airflow/example_dags/example_branch_python_dop_operator_3.py for tasks to queue
[2024-02-16T16:26:21.993+0000] {logging_mixin.py:188} INFO - [2024-02-16T16:26:21.993+0000] {dagbag.py:538} INFO - Filling up the DagBag from /home/airflow/.local/lib/python3.8/site-packages/airflow/example_dags/example_branch_python_dop_operator_3.py
[2024-02-16T16:26:21.999+0000] {processor.py:840} INFO - DAG(s) 'example_branch_dop_operator_v3' retrieved from /home/airflow/.local/lib/python3.8/site-packages/airflow/example_dags/example_branch_python_dop_operator_3.py
[2024-02-16T16:26:22.015+0000] {logging_mixin.py:188} INFO - [2024-02-16T16:26:22.014+0000] {dag.py:3036} INFO - Sync 1 DAGs
[2024-02-16T16:26:22.038+0000] {logging_mixin.py:188} INFO - [2024-02-16T16:26:22.038+0000] {dag.py:3823} INFO - Setting next_dagrun for example_branch_dop_operator_v3 to 2024-02-16 16:25:00+00:00, run_after=2024-02-16 16:26:00+00:00
[2024-02-16T16:26:22.054+0000] {processor.py:183} INFO - Processing /home/airflow/.local/lib/python3.8/site-packages/airflow/example_dags/example_branch_python_dop_operator_3.py took 0.065 seconds
[2024-02-16T16:26:52.398+0000] {processor.py:161} INFO - Started process (PID=781) to work on /home/airflow/.local/lib/python3.8/site-packages/airflow/example_dags/example_branch_python_dop_operator_3.py
[2024-02-16T16:26:52.399+0000] {processor.py:830} INFO - Processing file /home/airflow/.local/lib/python3.8/site-packages/airflow/example_dags/example_branch_python_dop_operator_3.py for tasks to queue
[2024-02-16T16:26:52.400+0000] {logging_mixin.py:188} INFO - [2024-02-16T16:26:52.400+0000] {dagbag.py:538} INFO - Filling up the DagBag from /home/airflow/.local/lib/python3.8/site-packages/airflow/example_dags/example_branch_python_dop_operator_3.py
[2024-02-16T16:26:52.406+0000] {processor.py:840} INFO - DAG(s) 'example_branch_dop_operator_v3' retrieved from /home/airflow/.local/lib/python3.8/site-packages/airflow/example_dags/example_branch_python_dop_operator_3.py
[2024-02-16T16:26:52.421+0000] {logging_mixin.py:188} INFO - [2024-02-16T16:26:52.421+0000] {dag.py:3036} INFO - Sync 1 DAGs
[2024-02-16T16:26:52.443+0000] {logging_mixin.py:188} INFO - [2024-02-16T16:26:52.442+0000] {dag.py:3823} INFO - Setting next_dagrun for example_branch_dop_operator_v3 to 2024-02-16 16:25:00+00:00, run_after=2024-02-16 16:26:00+00:00
[2024-02-16T16:26:52.459+0000] {processor.py:183} INFO - Processing /home/airflow/.local/lib/python3.8/site-packages/airflow/example_dags/example_branch_python_dop_operator_3.py took 0.063 seconds
[2024-02-16T16:27:22.539+0000] {processor.py:161} INFO - Started process (PID=836) to work on /home/airflow/.local/lib/python3.8/site-packages/airflow/example_dags/example_branch_python_dop_operator_3.py
[2024-02-16T16:27:22.540+0000] {processor.py:830} INFO - Processing file /home/airflow/.local/lib/python3.8/site-packages/airflow/example_dags/example_branch_python_dop_operator_3.py for tasks to queue
[2024-02-16T16:27:22.541+0000] {logging_mixin.py:188} INFO - [2024-02-16T16:27:22.541+0000] {dagbag.py:538} INFO - Filling up the DagBag from /home/airflow/.local/lib/python3.8/site-packages/airflow/example_dags/example_branch_python_dop_operator_3.py
[2024-02-16T16:27:22.548+0000] {processor.py:840} INFO - DAG(s) 'example_branch_dop_operator_v3' retrieved from /home/airflow/.local/lib/python3.8/site-packages/airflow/example_dags/example_branch_python_dop_operator_3.py
[2024-02-16T16:27:22.563+0000] {logging_mixin.py:188} INFO - [2024-02-16T16:27:22.563+0000] {dag.py:3036} INFO - Sync 1 DAGs
[2024-02-16T16:27:22.585+0000] {logging_mixin.py:188} INFO - [2024-02-16T16:27:22.584+0000] {dag.py:3823} INFO - Setting next_dagrun for example_branch_dop_operator_v3 to 2024-02-16 16:26:00+00:00, run_after=2024-02-16 16:27:00+00:00
[2024-02-16T16:27:22.600+0000] {processor.py:183} INFO - Processing /home/airflow/.local/lib/python3.8/site-packages/airflow/example_dags/example_branch_python_dop_operator_3.py took 0.063 seconds
[2024-02-16T16:27:53.550+0000] {processor.py:161} INFO - Started process (PID=891) to work on /home/airflow/.local/lib/python3.8/site-packages/airflow/example_dags/example_branch_python_dop_operator_3.py
[2024-02-16T16:27:53.551+0000] {processor.py:830} INFO - Processing file /home/airflow/.local/lib/python3.8/site-packages/airflow/example_dags/example_branch_python_dop_operator_3.py for tasks to queue
[2024-02-16T16:27:53.552+0000] {logging_mixin.py:188} INFO - [2024-02-16T16:27:53.552+0000] {dagbag.py:538} INFO - Filling up the DagBag from /home/airflow/.local/lib/python3.8/site-packages/airflow/example_dags/example_branch_python_dop_operator_3.py
[2024-02-16T16:27:53.558+0000] {processor.py:840} INFO - DAG(s) 'example_branch_dop_operator_v3' retrieved from /home/airflow/.local/lib/python3.8/site-packages/airflow/example_dags/example_branch_python_dop_operator_3.py
[2024-02-16T16:27:53.573+0000] {logging_mixin.py:188} INFO - [2024-02-16T16:27:53.573+0000] {dag.py:3036} INFO - Sync 1 DAGs
[2024-02-16T16:27:53.594+0000] {logging_mixin.py:188} INFO - [2024-02-16T16:27:53.594+0000] {dag.py:3823} INFO - Setting next_dagrun for example_branch_dop_operator_v3 to 2024-02-16 16:26:00+00:00, run_after=2024-02-16 16:27:00+00:00
[2024-02-16T16:27:53.609+0000] {processor.py:183} INFO - Processing /home/airflow/.local/lib/python3.8/site-packages/airflow/example_dags/example_branch_python_dop_operator_3.py took 0.061 seconds
[2024-02-16T16:28:23.832+0000] {processor.py:161} INFO - Started process (PID=946) to work on /home/airflow/.local/lib/python3.8/site-packages/airflow/example_dags/example_branch_python_dop_operator_3.py
[2024-02-16T16:28:23.833+0000] {processor.py:830} INFO - Processing file /home/airflow/.local/lib/python3.8/site-packages/airflow/example_dags/example_branch_python_dop_operator_3.py for tasks to queue
[2024-02-16T16:28:23.834+0000] {logging_mixin.py:188} INFO - [2024-02-16T16:28:23.834+0000] {dagbag.py:538} INFO - Filling up the DagBag from /home/airflow/.local/lib/python3.8/site-packages/airflow/example_dags/example_branch_python_dop_operator_3.py
[2024-02-16T16:28:23.841+0000] {processor.py:840} INFO - DAG(s) 'example_branch_dop_operator_v3' retrieved from /home/airflow/.local/lib/python3.8/site-packages/airflow/example_dags/example_branch_python_dop_operator_3.py
[2024-02-16T16:28:23.855+0000] {logging_mixin.py:188} INFO - [2024-02-16T16:28:23.855+0000] {dag.py:3036} INFO - Sync 1 DAGs
[2024-02-16T16:28:23.876+0000] {logging_mixin.py:188} INFO - [2024-02-16T16:28:23.876+0000] {dag.py:3823} INFO - Setting next_dagrun for example_branch_dop_operator_v3 to 2024-02-16 16:27:00+00:00, run_after=2024-02-16 16:28:00+00:00
[2024-02-16T16:28:23.891+0000] {processor.py:183} INFO - Processing /home/airflow/.local/lib/python3.8/site-packages/airflow/example_dags/example_branch_python_dop_operator_3.py took 0.061 seconds
[2024-02-16T16:28:54.026+0000] {processor.py:161} INFO - Started process (PID=1001) to work on /home/airflow/.local/lib/python3.8/site-packages/airflow/example_dags/example_branch_python_dop_operator_3.py
[2024-02-16T16:28:54.027+0000] {processor.py:830} INFO - Processing file /home/airflow/.local/lib/python3.8/site-packages/airflow/example_dags/example_branch_python_dop_operator_3.py for tasks to queue
[2024-02-16T16:28:54.028+0000] {logging_mixin.py:188} INFO - [2024-02-16T16:28:54.028+0000] {dagbag.py:538} INFO - Filling up the DagBag from /home/airflow/.local/lib/python3.8/site-packages/airflow/example_dags/example_branch_python_dop_operator_3.py
[2024-02-16T16:28:54.034+0000] {processor.py:840} INFO - DAG(s) 'example_branch_dop_operator_v3' retrieved from /home/airflow/.local/lib/python3.8/site-packages/airflow/example_dags/example_branch_python_dop_operator_3.py
[2024-02-16T16:28:54.046+0000] {logging_mixin.py:188} INFO - [2024-02-16T16:28:54.046+0000] {dag.py:3036} INFO - Sync 1 DAGs
[2024-02-16T16:28:54.065+0000] {logging_mixin.py:188} INFO - [2024-02-16T16:28:54.065+0000] {dag.py:3823} INFO - Setting next_dagrun for example_branch_dop_operator_v3 to 2024-02-16 16:27:00+00:00, run_after=2024-02-16 16:28:00+00:00
[2024-02-16T16:28:54.077+0000] {processor.py:183} INFO - Processing /home/airflow/.local/lib/python3.8/site-packages/airflow/example_dags/example_branch_python_dop_operator_3.py took 0.053 seconds
[2024-02-16T16:29:24.171+0000] {processor.py:161} INFO - Started process (PID=1056) to work on /home/airflow/.local/lib/python3.8/site-packages/airflow/example_dags/example_branch_python_dop_operator_3.py
[2024-02-16T16:29:24.171+0000] {processor.py:830} INFO - Processing file /home/airflow/.local/lib/python3.8/site-packages/airflow/example_dags/example_branch_python_dop_operator_3.py for tasks to queue
[2024-02-16T16:29:24.172+0000] {logging_mixin.py:188} INFO - [2024-02-16T16:29:24.172+0000] {dagbag.py:538} INFO - Filling up the DagBag from /home/airflow/.local/lib/python3.8/site-packages/airflow/example_dags/example_branch_python_dop_operator_3.py
[2024-02-16T16:29:24.178+0000] {processor.py:840} INFO - DAG(s) 'example_branch_dop_operator_v3' retrieved from /home/airflow/.local/lib/python3.8/site-packages/airflow/example_dags/example_branch_python_dop_operator_3.py
[2024-02-16T16:29:24.191+0000] {logging_mixin.py:188} INFO - [2024-02-16T16:29:24.191+0000] {dag.py:3036} INFO - Sync 1 DAGs
[2024-02-16T16:29:24.210+0000] {logging_mixin.py:188} INFO - [2024-02-16T16:29:24.210+0000] {dag.py:3823} INFO - Setting next_dagrun for example_branch_dop_operator_v3 to 2024-02-16 16:28:00+00:00, run_after=2024-02-16 16:29:00+00:00
[2024-02-16T16:29:24.223+0000] {processor.py:183} INFO - Processing /home/airflow/.local/lib/python3.8/site-packages/airflow/example_dags/example_branch_python_dop_operator_3.py took 0.054 seconds
[2024-02-16T16:29:54.426+0000] {processor.py:161} INFO - Started process (PID=1111) to work on /home/airflow/.local/lib/python3.8/site-packages/airflow/example_dags/example_branch_python_dop_operator_3.py
[2024-02-16T16:29:54.427+0000] {processor.py:830} INFO - Processing file /home/airflow/.local/lib/python3.8/site-packages/airflow/example_dags/example_branch_python_dop_operator_3.py for tasks to queue
[2024-02-16T16:29:54.428+0000] {logging_mixin.py:188} INFO - [2024-02-16T16:29:54.428+0000] {dagbag.py:538} INFO - Filling up the DagBag from /home/airflow/.local/lib/python3.8/site-packages/airflow/example_dags/example_branch_python_dop_operator_3.py
[2024-02-16T16:29:54.434+0000] {processor.py:840} INFO - DAG(s) 'example_branch_dop_operator_v3' retrieved from /home/airflow/.local/lib/python3.8/site-packages/airflow/example_dags/example_branch_python_dop_operator_3.py
[2024-02-16T16:29:54.448+0000] {logging_mixin.py:188} INFO - [2024-02-16T16:29:54.448+0000] {dag.py:3036} INFO - Sync 1 DAGs
[2024-02-16T16:29:54.470+0000] {logging_mixin.py:188} INFO - [2024-02-16T16:29:54.470+0000] {dag.py:3823} INFO - Setting next_dagrun for example_branch_dop_operator_v3 to 2024-02-16 16:28:00+00:00, run_after=2024-02-16 16:29:00+00:00
[2024-02-16T16:29:54.487+0000] {processor.py:183} INFO - Processing /home/airflow/.local/lib/python3.8/site-packages/airflow/example_dags/example_branch_python_dop_operator_3.py took 0.063 seconds
[2024-02-16T16:30:25.382+0000] {processor.py:161} INFO - Started process (PID=1167) to work on /home/airflow/.local/lib/python3.8/site-packages/airflow/example_dags/example_branch_python_dop_operator_3.py
[2024-02-16T16:30:25.383+0000] {processor.py:830} INFO - Processing file /home/airflow/.local/lib/python3.8/site-packages/airflow/example_dags/example_branch_python_dop_operator_3.py for tasks to queue
[2024-02-16T16:30:25.384+0000] {logging_mixin.py:188} INFO - [2024-02-16T16:30:25.384+0000] {dagbag.py:538} INFO - Filling up the DagBag from /home/airflow/.local/lib/python3.8/site-packages/airflow/example_dags/example_branch_python_dop_operator_3.py
[2024-02-16T16:30:25.390+0000] {processor.py:840} INFO - DAG(s) 'example_branch_dop_operator_v3' retrieved from /home/airflow/.local/lib/python3.8/site-packages/airflow/example_dags/example_branch_python_dop_operator_3.py
[2024-02-16T16:30:25.403+0000] {logging_mixin.py:188} INFO - [2024-02-16T16:30:25.403+0000] {dag.py:3036} INFO - Sync 1 DAGs
[2024-02-16T16:30:25.422+0000] {logging_mixin.py:188} INFO - [2024-02-16T16:30:25.422+0000] {dag.py:3823} INFO - Setting next_dagrun for example_branch_dop_operator_v3 to 2024-02-16 16:29:00+00:00, run_after=2024-02-16 16:30:00+00:00
[2024-02-16T16:30:25.435+0000] {processor.py:183} INFO - Processing /home/airflow/.local/lib/python3.8/site-packages/airflow/example_dags/example_branch_python_dop_operator_3.py took 0.055 seconds
[2024-02-16T16:31:27.095+0000] {processor.py:161} INFO - Started process (PID=67) to work on /home/airflow/.local/lib/python3.8/site-packages/airflow/example_dags/example_branch_python_dop_operator_3.py
[2024-02-16T16:31:27.096+0000] {processor.py:830} INFO - Processing file /home/airflow/.local/lib/python3.8/site-packages/airflow/example_dags/example_branch_python_dop_operator_3.py for tasks to queue
[2024-02-16T16:31:27.098+0000] {logging_mixin.py:188} INFO - [2024-02-16T16:31:27.097+0000] {dagbag.py:538} INFO - Filling up the DagBag from /home/airflow/.local/lib/python3.8/site-packages/airflow/example_dags/example_branch_python_dop_operator_3.py
[2024-02-16T16:31:27.106+0000] {processor.py:840} INFO - DAG(s) 'example_branch_dop_operator_v3' retrieved from /home/airflow/.local/lib/python3.8/site-packages/airflow/example_dags/example_branch_python_dop_operator_3.py
[2024-02-16T16:31:27.115+0000] {logging_mixin.py:188} INFO - [2024-02-16T16:31:27.114+0000] {dag.py:3036} INFO - Sync 1 DAGs
[2024-02-16T16:31:27.138+0000] {logging_mixin.py:188} INFO - [2024-02-16T16:31:27.137+0000] {dag.py:3823} INFO - Setting next_dagrun for example_branch_dop_operator_v3 to 2024-02-16 16:30:00+00:00, run_after=2024-02-16 16:31:00+00:00
[2024-02-16T16:31:27.153+0000] {processor.py:183} INFO - Processing /home/airflow/.local/lib/python3.8/site-packages/airflow/example_dags/example_branch_python_dop_operator_3.py took 0.060 seconds
[2024-02-16T16:31:58.567+0000] {processor.py:161} INFO - Started process (PID=123) to work on /home/airflow/.local/lib/python3.8/site-packages/airflow/example_dags/example_branch_python_dop_operator_3.py
[2024-02-16T16:31:58.568+0000] {processor.py:830} INFO - Processing file /home/airflow/.local/lib/python3.8/site-packages/airflow/example_dags/example_branch_python_dop_operator_3.py for tasks to queue
[2024-02-16T16:31:58.569+0000] {logging_mixin.py:188} INFO - [2024-02-16T16:31:58.569+0000] {dagbag.py:538} INFO - Filling up the DagBag from /home/airflow/.local/lib/python3.8/site-packages/airflow/example_dags/example_branch_python_dop_operator_3.py
[2024-02-16T16:31:58.574+0000] {processor.py:840} INFO - DAG(s) 'example_branch_dop_operator_v3' retrieved from /home/airflow/.local/lib/python3.8/site-packages/airflow/example_dags/example_branch_python_dop_operator_3.py
[2024-02-16T16:31:58.646+0000] {logging_mixin.py:188} INFO - [2024-02-16T16:31:58.646+0000] {dag.py:3036} INFO - Sync 1 DAGs
[2024-02-16T16:31:58.665+0000] {logging_mixin.py:188} INFO - [2024-02-16T16:31:58.665+0000] {dag.py:3823} INFO - Setting next_dagrun for example_branch_dop_operator_v3 to 2024-02-16 16:30:00+00:00, run_after=2024-02-16 16:31:00+00:00
[2024-02-16T16:31:58.679+0000] {processor.py:183} INFO - Processing /home/airflow/.local/lib/python3.8/site-packages/airflow/example_dags/example_branch_python_dop_operator_3.py took 0.113 seconds
[2024-02-16T16:32:29.087+0000] {processor.py:161} INFO - Started process (PID=179) to work on /home/airflow/.local/lib/python3.8/site-packages/airflow/example_dags/example_branch_python_dop_operator_3.py
[2024-02-16T16:32:29.088+0000] {processor.py:830} INFO - Processing file /home/airflow/.local/lib/python3.8/site-packages/airflow/example_dags/example_branch_python_dop_operator_3.py for tasks to queue
[2024-02-16T16:32:29.089+0000] {logging_mixin.py:188} INFO - [2024-02-16T16:32:29.089+0000] {dagbag.py:538} INFO - Filling up the DagBag from /home/airflow/.local/lib/python3.8/site-packages/airflow/example_dags/example_branch_python_dop_operator_3.py
[2024-02-16T16:32:29.095+0000] {processor.py:840} INFO - DAG(s) 'example_branch_dop_operator_v3' retrieved from /home/airflow/.local/lib/python3.8/site-packages/airflow/example_dags/example_branch_python_dop_operator_3.py
[2024-02-16T16:32:29.107+0000] {logging_mixin.py:188} INFO - [2024-02-16T16:32:29.107+0000] {dag.py:3036} INFO - Sync 1 DAGs
[2024-02-16T16:32:29.125+0000] {logging_mixin.py:188} INFO - [2024-02-16T16:32:29.125+0000] {dag.py:3823} INFO - Setting next_dagrun for example_branch_dop_operator_v3 to 2024-02-16 16:31:00+00:00, run_after=2024-02-16 16:32:00+00:00
[2024-02-16T16:32:29.137+0000] {processor.py:183} INFO - Processing /home/airflow/.local/lib/python3.8/site-packages/airflow/example_dags/example_branch_python_dop_operator_3.py took 0.052 seconds
[2024-02-16T16:32:59.289+0000] {processor.py:161} INFO - Started process (PID=235) to work on /home/airflow/.local/lib/python3.8/site-packages/airflow/example_dags/example_branch_python_dop_operator_3.py
[2024-02-16T16:32:59.290+0000] {processor.py:830} INFO - Processing file /home/airflow/.local/lib/python3.8/site-packages/airflow/example_dags/example_branch_python_dop_operator_3.py for tasks to queue
[2024-02-16T16:32:59.291+0000] {logging_mixin.py:188} INFO - [2024-02-16T16:32:59.291+0000] {dagbag.py:538} INFO - Filling up the DagBag from /home/airflow/.local/lib/python3.8/site-packages/airflow/example_dags/example_branch_python_dop_operator_3.py
[2024-02-16T16:32:59.297+0000] {processor.py:840} INFO - DAG(s) 'example_branch_dop_operator_v3' retrieved from /home/airflow/.local/lib/python3.8/site-packages/airflow/example_dags/example_branch_python_dop_operator_3.py
[2024-02-16T16:32:59.310+0000] {logging_mixin.py:188} INFO - [2024-02-16T16:32:59.310+0000] {dag.py:3036} INFO - Sync 1 DAGs
[2024-02-16T16:32:59.328+0000] {logging_mixin.py:188} INFO - [2024-02-16T16:32:59.328+0000] {dag.py:3823} INFO - Setting next_dagrun for example_branch_dop_operator_v3 to 2024-02-16 16:31:00+00:00, run_after=2024-02-16 16:32:00+00:00
[2024-02-16T16:32:59.342+0000] {processor.py:183} INFO - Processing /home/airflow/.local/lib/python3.8/site-packages/airflow/example_dags/example_branch_python_dop_operator_3.py took 0.054 seconds
[2024-02-16T16:33:29.529+0000] {processor.py:161} INFO - Started process (PID=291) to work on /home/airflow/.local/lib/python3.8/site-packages/airflow/example_dags/example_branch_python_dop_operator_3.py
[2024-02-16T16:33:29.530+0000] {processor.py:830} INFO - Processing file /home/airflow/.local/lib/python3.8/site-packages/airflow/example_dags/example_branch_python_dop_operator_3.py for tasks to queue
[2024-02-16T16:33:29.531+0000] {logging_mixin.py:188} INFO - [2024-02-16T16:33:29.531+0000] {dagbag.py:538} INFO - Filling up the DagBag from /home/airflow/.local/lib/python3.8/site-packages/airflow/example_dags/example_branch_python_dop_operator_3.py
[2024-02-16T16:33:29.537+0000] {processor.py:840} INFO - DAG(s) 'example_branch_dop_operator_v3' retrieved from /home/airflow/.local/lib/python3.8/site-packages/airflow/example_dags/example_branch_python_dop_operator_3.py
[2024-02-16T16:33:29.550+0000] {logging_mixin.py:188} INFO - [2024-02-16T16:33:29.550+0000] {dag.py:3036} INFO - Sync 1 DAGs
[2024-02-16T16:33:29.569+0000] {logging_mixin.py:188} INFO - [2024-02-16T16:33:29.569+0000] {dag.py:3823} INFO - Setting next_dagrun for example_branch_dop_operator_v3 to 2024-02-16 16:32:00+00:00, run_after=2024-02-16 16:33:00+00:00
[2024-02-16T16:33:29.582+0000] {processor.py:183} INFO - Processing /home/airflow/.local/lib/python3.8/site-packages/airflow/example_dags/example_branch_python_dop_operator_3.py took 0.055 seconds
[2024-02-16T16:33:59.712+0000] {processor.py:161} INFO - Started process (PID=347) to work on /home/airflow/.local/lib/python3.8/site-packages/airflow/example_dags/example_branch_python_dop_operator_3.py
[2024-02-16T16:33:59.712+0000] {processor.py:830} INFO - Processing file /home/airflow/.local/lib/python3.8/site-packages/airflow/example_dags/example_branch_python_dop_operator_3.py for tasks to queue
[2024-02-16T16:33:59.714+0000] {logging_mixin.py:188} INFO - [2024-02-16T16:33:59.713+0000] {dagbag.py:538} INFO - Filling up the DagBag from /home/airflow/.local/lib/python3.8/site-packages/airflow/example_dags/example_branch_python_dop_operator_3.py
[2024-02-16T16:33:59.720+0000] {processor.py:840} INFO - DAG(s) 'example_branch_dop_operator_v3' retrieved from /home/airflow/.local/lib/python3.8/site-packages/airflow/example_dags/example_branch_python_dop_operator_3.py
[2024-02-16T16:33:59.736+0000] {logging_mixin.py:188} INFO - [2024-02-16T16:33:59.735+0000] {dag.py:3036} INFO - Sync 1 DAGs
[2024-02-16T16:33:59.755+0000] {logging_mixin.py:188} INFO - [2024-02-16T16:33:59.755+0000] {dag.py:3823} INFO - Setting next_dagrun for example_branch_dop_operator_v3 to 2024-02-16 16:32:00+00:00, run_after=2024-02-16 16:33:00+00:00
[2024-02-16T16:33:59.769+0000] {processor.py:183} INFO - Processing /home/airflow/.local/lib/python3.8/site-packages/airflow/example_dags/example_branch_python_dop_operator_3.py took 0.060 seconds
[2024-02-16T16:34:29.938+0000] {processor.py:161} INFO - Started process (PID=403) to work on /home/airflow/.local/lib/python3.8/site-packages/airflow/example_dags/example_branch_python_dop_operator_3.py
[2024-02-16T16:34:29.939+0000] {processor.py:830} INFO - Processing file /home/airflow/.local/lib/python3.8/site-packages/airflow/example_dags/example_branch_python_dop_operator_3.py for tasks to queue
[2024-02-16T16:34:29.940+0000] {logging_mixin.py:188} INFO - [2024-02-16T16:34:29.940+0000] {dagbag.py:538} INFO - Filling up the DagBag from /home/airflow/.local/lib/python3.8/site-packages/airflow/example_dags/example_branch_python_dop_operator_3.py
[2024-02-16T16:34:29.946+0000] {processor.py:840} INFO - DAG(s) 'example_branch_dop_operator_v3' retrieved from /home/airflow/.local/lib/python3.8/site-packages/airflow/example_dags/example_branch_python_dop_operator_3.py
[2024-02-16T16:34:29.961+0000] {logging_mixin.py:188} INFO - [2024-02-16T16:34:29.961+0000] {dag.py:3036} INFO - Sync 1 DAGs
[2024-02-16T16:34:29.981+0000] {logging_mixin.py:188} INFO - [2024-02-16T16:34:29.981+0000] {dag.py:3823} INFO - Setting next_dagrun for example_branch_dop_operator_v3 to 2024-02-16 16:33:00+00:00, run_after=2024-02-16 16:34:00+00:00
[2024-02-16T16:34:29.995+0000] {processor.py:183} INFO - Processing /home/airflow/.local/lib/python3.8/site-packages/airflow/example_dags/example_branch_python_dop_operator_3.py took 0.059 seconds
[2024-02-16T16:35:00.223+0000] {processor.py:161} INFO - Started process (PID=459) to work on /home/airflow/.local/lib/python3.8/site-packages/airflow/example_dags/example_branch_python_dop_operator_3.py
[2024-02-16T16:35:00.224+0000] {processor.py:830} INFO - Processing file /home/airflow/.local/lib/python3.8/site-packages/airflow/example_dags/example_branch_python_dop_operator_3.py for tasks to queue
[2024-02-16T16:35:00.225+0000] {logging_mixin.py:188} INFO - [2024-02-16T16:35:00.225+0000] {dagbag.py:538} INFO - Filling up the DagBag from /home/airflow/.local/lib/python3.8/site-packages/airflow/example_dags/example_branch_python_dop_operator_3.py
[2024-02-16T16:35:00.231+0000] {processor.py:840} INFO - DAG(s) 'example_branch_dop_operator_v3' retrieved from /home/airflow/.local/lib/python3.8/site-packages/airflow/example_dags/example_branch_python_dop_operator_3.py
[2024-02-16T16:35:00.244+0000] {logging_mixin.py:188} INFO - [2024-02-16T16:35:00.244+0000] {dag.py:3036} INFO - Sync 1 DAGs
[2024-02-16T16:35:00.264+0000] {logging_mixin.py:188} INFO - [2024-02-16T16:35:00.264+0000] {dag.py:3823} INFO - Setting next_dagrun for example_branch_dop_operator_v3 to 2024-02-16 16:34:00+00:00, run_after=2024-02-16 16:35:00+00:00
[2024-02-16T16:35:00.278+0000] {processor.py:183} INFO - Processing /home/airflow/.local/lib/python3.8/site-packages/airflow/example_dags/example_branch_python_dop_operator_3.py took 0.057 seconds
[2024-02-16T16:35:30.413+0000] {processor.py:161} INFO - Started process (PID=515) to work on /home/airflow/.local/lib/python3.8/site-packages/airflow/example_dags/example_branch_python_dop_operator_3.py
[2024-02-16T16:35:30.414+0000] {processor.py:830} INFO - Processing file /home/airflow/.local/lib/python3.8/site-packages/airflow/example_dags/example_branch_python_dop_operator_3.py for tasks to queue
[2024-02-16T16:35:30.415+0000] {logging_mixin.py:188} INFO - [2024-02-16T16:35:30.415+0000] {dagbag.py:538} INFO - Filling up the DagBag from /home/airflow/.local/lib/python3.8/site-packages/airflow/example_dags/example_branch_python_dop_operator_3.py
[2024-02-16T16:35:30.421+0000] {processor.py:840} INFO - DAG(s) 'example_branch_dop_operator_v3' retrieved from /home/airflow/.local/lib/python3.8/site-packages/airflow/example_dags/example_branch_python_dop_operator_3.py
[2024-02-16T16:35:30.434+0000] {logging_mixin.py:188} INFO - [2024-02-16T16:35:30.434+0000] {dag.py:3036} INFO - Sync 1 DAGs
[2024-02-16T16:35:30.454+0000] {logging_mixin.py:188} INFO - [2024-02-16T16:35:30.453+0000] {dag.py:3823} INFO - Setting next_dagrun for example_branch_dop_operator_v3 to 2024-02-16 16:34:00+00:00, run_after=2024-02-16 16:35:00+00:00
[2024-02-16T16:35:30.468+0000] {processor.py:183} INFO - Processing /home/airflow/.local/lib/python3.8/site-packages/airflow/example_dags/example_branch_python_dop_operator_3.py took 0.057 seconds
[2024-02-16T16:36:00.733+0000] {processor.py:161} INFO - Started process (PID=571) to work on /home/airflow/.local/lib/python3.8/site-packages/airflow/example_dags/example_branch_python_dop_operator_3.py
[2024-02-16T16:36:00.734+0000] {processor.py:830} INFO - Processing file /home/airflow/.local/lib/python3.8/site-packages/airflow/example_dags/example_branch_python_dop_operator_3.py for tasks to queue
[2024-02-16T16:36:00.735+0000] {logging_mixin.py:188} INFO - [2024-02-16T16:36:00.735+0000] {dagbag.py:538} INFO - Filling up the DagBag from /home/airflow/.local/lib/python3.8/site-packages/airflow/example_dags/example_branch_python_dop_operator_3.py
[2024-02-16T16:36:00.741+0000] {processor.py:840} INFO - DAG(s) 'example_branch_dop_operator_v3' retrieved from /home/airflow/.local/lib/python3.8/site-packages/airflow/example_dags/example_branch_python_dop_operator_3.py
[2024-02-16T16:36:00.756+0000] {logging_mixin.py:188} INFO - [2024-02-16T16:36:00.756+0000] {dag.py:3036} INFO - Sync 1 DAGs
[2024-02-16T16:36:00.775+0000] {logging_mixin.py:188} INFO - [2024-02-16T16:36:00.775+0000] {dag.py:3823} INFO - Setting next_dagrun for example_branch_dop_operator_v3 to 2024-02-16 16:35:00+00:00, run_after=2024-02-16 16:36:00+00:00
[2024-02-16T16:36:00.789+0000] {processor.py:183} INFO - Processing /home/airflow/.local/lib/python3.8/site-packages/airflow/example_dags/example_branch_python_dop_operator_3.py took 0.058 seconds
[2024-02-16T16:36:31.809+0000] {processor.py:161} INFO - Started process (PID=627) to work on /home/airflow/.local/lib/python3.8/site-packages/airflow/example_dags/example_branch_python_dop_operator_3.py
[2024-02-16T16:36:31.810+0000] {processor.py:830} INFO - Processing file /home/airflow/.local/lib/python3.8/site-packages/airflow/example_dags/example_branch_python_dop_operator_3.py for tasks to queue
[2024-02-16T16:36:31.811+0000] {logging_mixin.py:188} INFO - [2024-02-16T16:36:31.811+0000] {dagbag.py:538} INFO - Filling up the DagBag from /home/airflow/.local/lib/python3.8/site-packages/airflow/example_dags/example_branch_python_dop_operator_3.py
[2024-02-16T16:36:31.817+0000] {processor.py:840} INFO - DAG(s) 'example_branch_dop_operator_v3' retrieved from /home/airflow/.local/lib/python3.8/site-packages/airflow/example_dags/example_branch_python_dop_operator_3.py
[2024-02-16T16:36:31.831+0000] {logging_mixin.py:188} INFO - [2024-02-16T16:36:31.831+0000] {dag.py:3036} INFO - Sync 1 DAGs
[2024-02-16T16:36:31.851+0000] {logging_mixin.py:188} INFO - [2024-02-16T16:36:31.851+0000] {dag.py:3823} INFO - Setting next_dagrun for example_branch_dop_operator_v3 to 2024-02-16 16:35:00+00:00, run_after=2024-02-16 16:36:00+00:00
[2024-02-16T16:36:31.865+0000] {processor.py:183} INFO - Processing /home/airflow/.local/lib/python3.8/site-packages/airflow/example_dags/example_branch_python_dop_operator_3.py took 0.058 seconds
[2024-02-16T16:37:02.224+0000] {processor.py:161} INFO - Started process (PID=684) to work on /home/airflow/.local/lib/python3.8/site-packages/airflow/example_dags/example_branch_python_dop_operator_3.py
[2024-02-16T16:37:02.225+0000] {processor.py:830} INFO - Processing file /home/airflow/.local/lib/python3.8/site-packages/airflow/example_dags/example_branch_python_dop_operator_3.py for tasks to queue
[2024-02-16T16:37:02.226+0000] {logging_mixin.py:188} INFO - [2024-02-16T16:37:02.226+0000] {dagbag.py:538} INFO - Filling up the DagBag from /home/airflow/.local/lib/python3.8/site-packages/airflow/example_dags/example_branch_python_dop_operator_3.py
[2024-02-16T16:37:02.232+0000] {processor.py:840} INFO - DAG(s) 'example_branch_dop_operator_v3' retrieved from /home/airflow/.local/lib/python3.8/site-packages/airflow/example_dags/example_branch_python_dop_operator_3.py
[2024-02-16T16:37:02.246+0000] {logging_mixin.py:188} INFO - [2024-02-16T16:37:02.246+0000] {dag.py:3036} INFO - Sync 1 DAGs
[2024-02-16T16:37:02.267+0000] {logging_mixin.py:188} INFO - [2024-02-16T16:37:02.267+0000] {dag.py:3823} INFO - Setting next_dagrun for example_branch_dop_operator_v3 to 2024-02-16 16:36:00+00:00, run_after=2024-02-16 16:37:00+00:00
[2024-02-16T16:37:02.280+0000] {processor.py:183} INFO - Processing /home/airflow/.local/lib/python3.8/site-packages/airflow/example_dags/example_branch_python_dop_operator_3.py took 0.058 seconds
[2024-02-16T16:37:32.548+0000] {processor.py:161} INFO - Started process (PID=741) to work on /home/airflow/.local/lib/python3.8/site-packages/airflow/example_dags/example_branch_python_dop_operator_3.py
[2024-02-16T16:37:32.549+0000] {processor.py:830} INFO - Processing file /home/airflow/.local/lib/python3.8/site-packages/airflow/example_dags/example_branch_python_dop_operator_3.py for tasks to queue
[2024-02-16T16:37:32.550+0000] {logging_mixin.py:188} INFO - [2024-02-16T16:37:32.550+0000] {dagbag.py:538} INFO - Filling up the DagBag from /home/airflow/.local/lib/python3.8/site-packages/airflow/example_dags/example_branch_python_dop_operator_3.py
[2024-02-16T16:37:32.556+0000] {processor.py:840} INFO - DAG(s) 'example_branch_dop_operator_v3' retrieved from /home/airflow/.local/lib/python3.8/site-packages/airflow/example_dags/example_branch_python_dop_operator_3.py
[2024-02-16T16:37:32.569+0000] {logging_mixin.py:188} INFO - [2024-02-16T16:37:32.569+0000] {dag.py:3036} INFO - Sync 1 DAGs
[2024-02-16T16:37:32.588+0000] {logging_mixin.py:188} INFO - [2024-02-16T16:37:32.588+0000] {dag.py:3823} INFO - Setting next_dagrun for example_branch_dop_operator_v3 to 2024-02-16 16:36:00+00:00, run_after=2024-02-16 16:37:00+00:00
[2024-02-16T16:37:32.601+0000] {processor.py:183} INFO - Processing /home/airflow/.local/lib/python3.8/site-packages/airflow/example_dags/example_branch_python_dop_operator_3.py took 0.054 seconds
[2024-02-16T16:39:16.735+0000] {processor.py:161} INFO - Started process (PID=68) to work on /home/airflow/.local/lib/python3.8/site-packages/airflow/example_dags/example_branch_python_dop_operator_3.py
[2024-02-16T16:39:16.736+0000] {processor.py:830} INFO - Processing file /home/airflow/.local/lib/python3.8/site-packages/airflow/example_dags/example_branch_python_dop_operator_3.py for tasks to queue
[2024-02-16T16:39:16.737+0000] {logging_mixin.py:188} INFO - [2024-02-16T16:39:16.737+0000] {dagbag.py:538} INFO - Filling up the DagBag from /home/airflow/.local/lib/python3.8/site-packages/airflow/example_dags/example_branch_python_dop_operator_3.py
[2024-02-16T16:39:16.745+0000] {processor.py:840} INFO - DAG(s) 'example_branch_dop_operator_v3' retrieved from /home/airflow/.local/lib/python3.8/site-packages/airflow/example_dags/example_branch_python_dop_operator_3.py
[2024-02-16T16:39:16.753+0000] {logging_mixin.py:188} INFO - [2024-02-16T16:39:16.753+0000] {dag.py:3036} INFO - Sync 1 DAGs
[2024-02-16T16:39:16.774+0000] {logging_mixin.py:188} INFO - [2024-02-16T16:39:16.774+0000] {dag.py:3823} INFO - Setting next_dagrun for example_branch_dop_operator_v3 to 2024-02-16 16:38:00+00:00, run_after=2024-02-16 16:39:00+00:00
[2024-02-16T16:39:16.789+0000] {processor.py:183} INFO - Processing /home/airflow/.local/lib/python3.8/site-packages/airflow/example_dags/example_branch_python_dop_operator_3.py took 0.056 seconds
[2024-02-16T16:39:47.613+0000] {processor.py:161} INFO - Started process (PID=125) to work on /home/airflow/.local/lib/python3.8/site-packages/airflow/example_dags/example_branch_python_dop_operator_3.py
[2024-02-16T16:39:47.613+0000] {processor.py:830} INFO - Processing file /home/airflow/.local/lib/python3.8/site-packages/airflow/example_dags/example_branch_python_dop_operator_3.py for tasks to queue
[2024-02-16T16:39:47.615+0000] {logging_mixin.py:188} INFO - [2024-02-16T16:39:47.614+0000] {dagbag.py:538} INFO - Filling up the DagBag from /home/airflow/.local/lib/python3.8/site-packages/airflow/example_dags/example_branch_python_dop_operator_3.py
[2024-02-16T16:39:47.620+0000] {processor.py:840} INFO - DAG(s) 'example_branch_dop_operator_v3' retrieved from /home/airflow/.local/lib/python3.8/site-packages/airflow/example_dags/example_branch_python_dop_operator_3.py
[2024-02-16T16:39:47.692+0000] {logging_mixin.py:188} INFO - [2024-02-16T16:39:47.692+0000] {dag.py:3036} INFO - Sync 1 DAGs
[2024-02-16T16:39:47.710+0000] {logging_mixin.py:188} INFO - [2024-02-16T16:39:47.710+0000] {dag.py:3823} INFO - Setting next_dagrun for example_branch_dop_operator_v3 to 2024-02-16 16:38:00+00:00, run_after=2024-02-16 16:39:00+00:00
[2024-02-16T16:39:47.723+0000] {processor.py:183} INFO - Processing /home/airflow/.local/lib/python3.8/site-packages/airflow/example_dags/example_branch_python_dop_operator_3.py took 0.112 seconds
[2024-02-16T16:40:18.496+0000] {processor.py:161} INFO - Started process (PID=182) to work on /home/airflow/.local/lib/python3.8/site-packages/airflow/example_dags/example_branch_python_dop_operator_3.py
[2024-02-16T16:40:18.496+0000] {processor.py:830} INFO - Processing file /home/airflow/.local/lib/python3.8/site-packages/airflow/example_dags/example_branch_python_dop_operator_3.py for tasks to queue
[2024-02-16T16:40:18.497+0000] {logging_mixin.py:188} INFO - [2024-02-16T16:40:18.497+0000] {dagbag.py:538} INFO - Filling up the DagBag from /home/airflow/.local/lib/python3.8/site-packages/airflow/example_dags/example_branch_python_dop_operator_3.py
[2024-02-16T16:40:18.503+0000] {processor.py:840} INFO - DAG(s) 'example_branch_dop_operator_v3' retrieved from /home/airflow/.local/lib/python3.8/site-packages/airflow/example_dags/example_branch_python_dop_operator_3.py
[2024-02-16T16:40:18.517+0000] {logging_mixin.py:188} INFO - [2024-02-16T16:40:18.517+0000] {dag.py:3036} INFO - Sync 1 DAGs
[2024-02-16T16:40:18.536+0000] {logging_mixin.py:188} INFO - [2024-02-16T16:40:18.536+0000] {dag.py:3823} INFO - Setting next_dagrun for example_branch_dop_operator_v3 to 2024-02-16 16:39:00+00:00, run_after=2024-02-16 16:40:00+00:00
[2024-02-16T16:40:18.549+0000] {processor.py:183} INFO - Processing /home/airflow/.local/lib/python3.8/site-packages/airflow/example_dags/example_branch_python_dop_operator_3.py took 0.055 seconds
[2024-02-16T16:40:48.893+0000] {processor.py:161} INFO - Started process (PID=239) to work on /home/airflow/.local/lib/python3.8/site-packages/airflow/example_dags/example_branch_python_dop_operator_3.py
[2024-02-16T16:40:48.893+0000] {processor.py:830} INFO - Processing file /home/airflow/.local/lib/python3.8/site-packages/airflow/example_dags/example_branch_python_dop_operator_3.py for tasks to queue
[2024-02-16T16:40:48.895+0000] {logging_mixin.py:188} INFO - [2024-02-16T16:40:48.894+0000] {dagbag.py:538} INFO - Filling up the DagBag from /home/airflow/.local/lib/python3.8/site-packages/airflow/example_dags/example_branch_python_dop_operator_3.py
[2024-02-16T16:40:48.900+0000] {processor.py:840} INFO - DAG(s) 'example_branch_dop_operator_v3' retrieved from /home/airflow/.local/lib/python3.8/site-packages/airflow/example_dags/example_branch_python_dop_operator_3.py
[2024-02-16T16:40:48.914+0000] {logging_mixin.py:188} INFO - [2024-02-16T16:40:48.914+0000] {dag.py:3036} INFO - Sync 1 DAGs
[2024-02-16T16:40:48.933+0000] {logging_mixin.py:188} INFO - [2024-02-16T16:40:48.933+0000] {dag.py:3823} INFO - Setting next_dagrun for example_branch_dop_operator_v3 to 2024-02-16 16:39:00+00:00, run_after=2024-02-16 16:40:00+00:00
[2024-02-16T16:40:48.955+0000] {processor.py:183} INFO - Processing /home/airflow/.local/lib/python3.8/site-packages/airflow/example_dags/example_branch_python_dop_operator_3.py took 0.064 seconds
[2024-02-16T16:41:19.071+0000] {processor.py:161} INFO - Started process (PID=296) to work on /home/airflow/.local/lib/python3.8/site-packages/airflow/example_dags/example_branch_python_dop_operator_3.py
[2024-02-16T16:41:19.072+0000] {processor.py:830} INFO - Processing file /home/airflow/.local/lib/python3.8/site-packages/airflow/example_dags/example_branch_python_dop_operator_3.py for tasks to queue
[2024-02-16T16:41:19.074+0000] {logging_mixin.py:188} INFO - [2024-02-16T16:41:19.073+0000] {dagbag.py:538} INFO - Filling up the DagBag from /home/airflow/.local/lib/python3.8/site-packages/airflow/example_dags/example_branch_python_dop_operator_3.py
[2024-02-16T16:41:19.080+0000] {processor.py:840} INFO - DAG(s) 'example_branch_dop_operator_v3' retrieved from /home/airflow/.local/lib/python3.8/site-packages/airflow/example_dags/example_branch_python_dop_operator_3.py
[2024-02-16T16:41:19.096+0000] {logging_mixin.py:188} INFO - [2024-02-16T16:41:19.096+0000] {dag.py:3036} INFO - Sync 1 DAGs
[2024-02-16T16:41:19.122+0000] {logging_mixin.py:188} INFO - [2024-02-16T16:41:19.122+0000] {dag.py:3823} INFO - Setting next_dagrun for example_branch_dop_operator_v3 to 2024-02-16 16:40:00+00:00, run_after=2024-02-16 16:41:00+00:00
[2024-02-16T16:41:19.144+0000] {processor.py:183} INFO - Processing /home/airflow/.local/lib/python3.8/site-packages/airflow/example_dags/example_branch_python_dop_operator_3.py took 0.075 seconds
[2024-02-16T16:41:49.580+0000] {processor.py:161} INFO - Started process (PID=354) to work on /home/airflow/.local/lib/python3.8/site-packages/airflow/example_dags/example_branch_python_dop_operator_3.py
[2024-02-16T16:41:49.581+0000] {processor.py:830} INFO - Processing file /home/airflow/.local/lib/python3.8/site-packages/airflow/example_dags/example_branch_python_dop_operator_3.py for tasks to queue
[2024-02-16T16:41:49.582+0000] {logging_mixin.py:188} INFO - [2024-02-16T16:41:49.582+0000] {dagbag.py:538} INFO - Filling up the DagBag from /home/airflow/.local/lib/python3.8/site-packages/airflow/example_dags/example_branch_python_dop_operator_3.py
[2024-02-16T16:41:49.588+0000] {processor.py:840} INFO - DAG(s) 'example_branch_dop_operator_v3' retrieved from /home/airflow/.local/lib/python3.8/site-packages/airflow/example_dags/example_branch_python_dop_operator_3.py
[2024-02-16T16:41:49.603+0000] {logging_mixin.py:188} INFO - [2024-02-16T16:41:49.603+0000] {dag.py:3036} INFO - Sync 1 DAGs
[2024-02-16T16:41:49.631+0000] {logging_mixin.py:188} INFO - [2024-02-16T16:41:49.631+0000] {dag.py:3823} INFO - Setting next_dagrun for example_branch_dop_operator_v3 to 2024-02-16 16:40:00+00:00, run_after=2024-02-16 16:41:00+00:00
[2024-02-16T16:41:49.648+0000] {processor.py:183} INFO - Processing /home/airflow/.local/lib/python3.8/site-packages/airflow/example_dags/example_branch_python_dop_operator_3.py took 0.070 seconds
[2024-02-16T16:42:20.016+0000] {processor.py:161} INFO - Started process (PID=411) to work on /home/airflow/.local/lib/python3.8/site-packages/airflow/example_dags/example_branch_python_dop_operator_3.py
[2024-02-16T16:42:20.017+0000] {processor.py:830} INFO - Processing file /home/airflow/.local/lib/python3.8/site-packages/airflow/example_dags/example_branch_python_dop_operator_3.py for tasks to queue
[2024-02-16T16:42:20.019+0000] {logging_mixin.py:188} INFO - [2024-02-16T16:42:20.018+0000] {dagbag.py:538} INFO - Filling up the DagBag from /home/airflow/.local/lib/python3.8/site-packages/airflow/example_dags/example_branch_python_dop_operator_3.py
[2024-02-16T16:42:20.025+0000] {processor.py:840} INFO - DAG(s) 'example_branch_dop_operator_v3' retrieved from /home/airflow/.local/lib/python3.8/site-packages/airflow/example_dags/example_branch_python_dop_operator_3.py
[2024-02-16T16:42:20.042+0000] {logging_mixin.py:188} INFO - [2024-02-16T16:42:20.042+0000] {dag.py:3036} INFO - Sync 1 DAGs
[2024-02-16T16:42:20.062+0000] {logging_mixin.py:188} INFO - [2024-02-16T16:42:20.062+0000] {dag.py:3823} INFO - Setting next_dagrun for example_branch_dop_operator_v3 to 2024-02-16 16:41:00+00:00, run_after=2024-02-16 16:42:00+00:00
[2024-02-16T16:42:20.077+0000] {processor.py:183} INFO - Processing /home/airflow/.local/lib/python3.8/site-packages/airflow/example_dags/example_branch_python_dop_operator_3.py took 0.063 seconds
[2024-02-16T16:42:50.395+0000] {processor.py:161} INFO - Started process (PID=468) to work on /home/airflow/.local/lib/python3.8/site-packages/airflow/example_dags/example_branch_python_dop_operator_3.py
[2024-02-16T16:42:50.395+0000] {processor.py:830} INFO - Processing file /home/airflow/.local/lib/python3.8/site-packages/airflow/example_dags/example_branch_python_dop_operator_3.py for tasks to queue
[2024-02-16T16:42:50.396+0000] {logging_mixin.py:188} INFO - [2024-02-16T16:42:50.396+0000] {dagbag.py:538} INFO - Filling up the DagBag from /home/airflow/.local/lib/python3.8/site-packages/airflow/example_dags/example_branch_python_dop_operator_3.py
[2024-02-16T16:42:50.403+0000] {processor.py:840} INFO - DAG(s) 'example_branch_dop_operator_v3' retrieved from /home/airflow/.local/lib/python3.8/site-packages/airflow/example_dags/example_branch_python_dop_operator_3.py
[2024-02-16T16:42:50.417+0000] {logging_mixin.py:188} INFO - [2024-02-16T16:42:50.417+0000] {dag.py:3036} INFO - Sync 1 DAGs
[2024-02-16T16:42:50.438+0000] {logging_mixin.py:188} INFO - [2024-02-16T16:42:50.438+0000] {dag.py:3823} INFO - Setting next_dagrun for example_branch_dop_operator_v3 to 2024-02-16 16:41:00+00:00, run_after=2024-02-16 16:42:00+00:00
[2024-02-16T16:42:50.453+0000] {processor.py:183} INFO - Processing /home/airflow/.local/lib/python3.8/site-packages/airflow/example_dags/example_branch_python_dop_operator_3.py took 0.061 seconds
[2024-02-16T16:43:20.856+0000] {processor.py:161} INFO - Started process (PID=525) to work on /home/airflow/.local/lib/python3.8/site-packages/airflow/example_dags/example_branch_python_dop_operator_3.py
[2024-02-16T16:43:20.856+0000] {processor.py:830} INFO - Processing file /home/airflow/.local/lib/python3.8/site-packages/airflow/example_dags/example_branch_python_dop_operator_3.py for tasks to queue
[2024-02-16T16:43:20.858+0000] {logging_mixin.py:188} INFO - [2024-02-16T16:43:20.857+0000] {dagbag.py:538} INFO - Filling up the DagBag from /home/airflow/.local/lib/python3.8/site-packages/airflow/example_dags/example_branch_python_dop_operator_3.py
[2024-02-16T16:43:20.864+0000] {processor.py:840} INFO - DAG(s) 'example_branch_dop_operator_v3' retrieved from /home/airflow/.local/lib/python3.8/site-packages/airflow/example_dags/example_branch_python_dop_operator_3.py
[2024-02-16T16:43:20.879+0000] {logging_mixin.py:188} INFO - [2024-02-16T16:43:20.879+0000] {dag.py:3036} INFO - Sync 1 DAGs
[2024-02-16T16:43:20.899+0000] {logging_mixin.py:188} INFO - [2024-02-16T16:43:20.899+0000] {dag.py:3823} INFO - Setting next_dagrun for example_branch_dop_operator_v3 to 2024-02-16 16:42:00+00:00, run_after=2024-02-16 16:43:00+00:00
[2024-02-16T16:43:20.915+0000] {processor.py:183} INFO - Processing /home/airflow/.local/lib/python3.8/site-packages/airflow/example_dags/example_branch_python_dop_operator_3.py took 0.061 seconds
[2024-02-16T16:43:51.164+0000] {processor.py:161} INFO - Started process (PID=582) to work on /home/airflow/.local/lib/python3.8/site-packages/airflow/example_dags/example_branch_python_dop_operator_3.py
[2024-02-16T16:43:51.165+0000] {processor.py:830} INFO - Processing file /home/airflow/.local/lib/python3.8/site-packages/airflow/example_dags/example_branch_python_dop_operator_3.py for tasks to queue
[2024-02-16T16:43:51.167+0000] {logging_mixin.py:188} INFO - [2024-02-16T16:43:51.166+0000] {dagbag.py:538} INFO - Filling up the DagBag from /home/airflow/.local/lib/python3.8/site-packages/airflow/example_dags/example_branch_python_dop_operator_3.py
[2024-02-16T16:43:51.173+0000] {processor.py:840} INFO - DAG(s) 'example_branch_dop_operator_v3' retrieved from /home/airflow/.local/lib/python3.8/site-packages/airflow/example_dags/example_branch_python_dop_operator_3.py
[2024-02-16T16:43:51.188+0000] {logging_mixin.py:188} INFO - [2024-02-16T16:43:51.188+0000] {dag.py:3036} INFO - Sync 1 DAGs
[2024-02-16T16:43:51.209+0000] {logging_mixin.py:188} INFO - [2024-02-16T16:43:51.209+0000] {dag.py:3823} INFO - Setting next_dagrun for example_branch_dop_operator_v3 to 2024-02-16 16:42:00+00:00, run_after=2024-02-16 16:43:00+00:00
[2024-02-16T16:43:51.224+0000] {processor.py:183} INFO - Processing /home/airflow/.local/lib/python3.8/site-packages/airflow/example_dags/example_branch_python_dop_operator_3.py took 0.061 seconds
