[2024-02-16T16:20:17.967+0000] {processor.py:161} INFO - Started process (PID=64) to work on /home/airflow/.local/lib/python3.8/site-packages/airflow/example_dags/example_sla_dag.py
[2024-02-16T16:20:17.968+0000] {processor.py:830} INFO - Processing file /home/airflow/.local/lib/python3.8/site-packages/airflow/example_dags/example_sla_dag.py for tasks to queue
[2024-02-16T16:20:17.970+0000] {logging_mixin.py:188} INFO - [2024-02-16T16:20:17.970+0000] {dagbag.py:538} INFO - Filling up the DagBag from /home/airflow/.local/lib/python3.8/site-packages/airflow/example_dags/example_sla_dag.py
[2024-02-16T16:20:17.980+0000] {processor.py:840} INFO - DAG(s) 'example_sla_dag' retrieved from /home/airflow/.local/lib/python3.8/site-packages/airflow/example_dags/example_sla_dag.py
[2024-02-16T16:20:17.991+0000] {logging_mixin.py:188} INFO - [2024-02-16T16:20:17.991+0000] {dag.py:3036} INFO - Sync 1 DAGs
[2024-02-16T16:20:18.024+0000] {logging_mixin.py:188} INFO - [2024-02-16T16:20:18.023+0000] {dag.py:3823} INFO - Setting next_dagrun for example_sla_dag to 2024-02-16 16:18:00+00:00, run_after=2024-02-16 16:20:00+00:00
[2024-02-16T16:20:18.047+0000] {processor.py:183} INFO - Processing /home/airflow/.local/lib/python3.8/site-packages/airflow/example_dags/example_sla_dag.py took 0.082 seconds
[2024-02-16T16:20:48.699+0000] {processor.py:161} INFO - Started process (PID=119) to work on /home/airflow/.local/lib/python3.8/site-packages/airflow/example_dags/example_sla_dag.py
[2024-02-16T16:20:48.700+0000] {processor.py:830} INFO - Processing file /home/airflow/.local/lib/python3.8/site-packages/airflow/example_dags/example_sla_dag.py for tasks to queue
[2024-02-16T16:20:48.701+0000] {logging_mixin.py:188} INFO - [2024-02-16T16:20:48.701+0000] {dagbag.py:538} INFO - Filling up the DagBag from /home/airflow/.local/lib/python3.8/site-packages/airflow/example_dags/example_sla_dag.py
[2024-02-16T16:20:48.706+0000] {processor.py:840} INFO - DAG(s) 'example_sla_dag' retrieved from /home/airflow/.local/lib/python3.8/site-packages/airflow/example_dags/example_sla_dag.py
[2024-02-16T16:20:48.778+0000] {logging_mixin.py:188} INFO - [2024-02-16T16:20:48.778+0000] {dag.py:3036} INFO - Sync 1 DAGs
[2024-02-16T16:20:48.796+0000] {logging_mixin.py:188} INFO - [2024-02-16T16:20:48.796+0000] {dag.py:3823} INFO - Setting next_dagrun for example_sla_dag to 2024-02-16 16:18:00+00:00, run_after=2024-02-16 16:20:00+00:00
[2024-02-16T16:20:48.811+0000] {processor.py:183} INFO - Processing /home/airflow/.local/lib/python3.8/site-packages/airflow/example_dags/example_sla_dag.py took 0.113 seconds
[2024-02-16T16:21:18.911+0000] {processor.py:161} INFO - Started process (PID=174) to work on /home/airflow/.local/lib/python3.8/site-packages/airflow/example_dags/example_sla_dag.py
[2024-02-16T16:21:18.912+0000] {processor.py:830} INFO - Processing file /home/airflow/.local/lib/python3.8/site-packages/airflow/example_dags/example_sla_dag.py for tasks to queue
[2024-02-16T16:21:18.913+0000] {logging_mixin.py:188} INFO - [2024-02-16T16:21:18.912+0000] {dagbag.py:538} INFO - Filling up the DagBag from /home/airflow/.local/lib/python3.8/site-packages/airflow/example_dags/example_sla_dag.py
[2024-02-16T16:21:18.918+0000] {processor.py:840} INFO - DAG(s) 'example_sla_dag' retrieved from /home/airflow/.local/lib/python3.8/site-packages/airflow/example_dags/example_sla_dag.py
[2024-02-16T16:21:18.931+0000] {logging_mixin.py:188} INFO - [2024-02-16T16:21:18.930+0000] {dag.py:3036} INFO - Sync 1 DAGs
[2024-02-16T16:21:18.949+0000] {logging_mixin.py:188} INFO - [2024-02-16T16:21:18.948+0000] {dag.py:3823} INFO - Setting next_dagrun for example_sla_dag to 2024-02-16 16:18:00+00:00, run_after=2024-02-16 16:20:00+00:00
[2024-02-16T16:21:18.962+0000] {processor.py:183} INFO - Processing /home/airflow/.local/lib/python3.8/site-packages/airflow/example_dags/example_sla_dag.py took 0.053 seconds
[2024-02-16T16:21:49.877+0000] {processor.py:161} INFO - Started process (PID=229) to work on /home/airflow/.local/lib/python3.8/site-packages/airflow/example_dags/example_sla_dag.py
[2024-02-16T16:21:49.878+0000] {processor.py:830} INFO - Processing file /home/airflow/.local/lib/python3.8/site-packages/airflow/example_dags/example_sla_dag.py for tasks to queue
[2024-02-16T16:21:49.879+0000] {logging_mixin.py:188} INFO - [2024-02-16T16:21:49.879+0000] {dagbag.py:538} INFO - Filling up the DagBag from /home/airflow/.local/lib/python3.8/site-packages/airflow/example_dags/example_sla_dag.py
[2024-02-16T16:21:49.884+0000] {processor.py:840} INFO - DAG(s) 'example_sla_dag' retrieved from /home/airflow/.local/lib/python3.8/site-packages/airflow/example_dags/example_sla_dag.py
[2024-02-16T16:21:49.898+0000] {logging_mixin.py:188} INFO - [2024-02-16T16:21:49.898+0000] {dag.py:3036} INFO - Sync 1 DAGs
[2024-02-16T16:21:49.916+0000] {logging_mixin.py:188} INFO - [2024-02-16T16:21:49.916+0000] {dag.py:3823} INFO - Setting next_dagrun for example_sla_dag to 2024-02-16 16:18:00+00:00, run_after=2024-02-16 16:20:00+00:00
[2024-02-16T16:21:49.929+0000] {processor.py:183} INFO - Processing /home/airflow/.local/lib/python3.8/site-packages/airflow/example_dags/example_sla_dag.py took 0.054 seconds
[2024-02-16T16:22:20.048+0000] {processor.py:161} INFO - Started process (PID=284) to work on /home/airflow/.local/lib/python3.8/site-packages/airflow/example_dags/example_sla_dag.py
[2024-02-16T16:22:20.049+0000] {processor.py:830} INFO - Processing file /home/airflow/.local/lib/python3.8/site-packages/airflow/example_dags/example_sla_dag.py for tasks to queue
[2024-02-16T16:22:20.050+0000] {logging_mixin.py:188} INFO - [2024-02-16T16:22:20.050+0000] {dagbag.py:538} INFO - Filling up the DagBag from /home/airflow/.local/lib/python3.8/site-packages/airflow/example_dags/example_sla_dag.py
[2024-02-16T16:22:20.057+0000] {processor.py:840} INFO - DAG(s) 'example_sla_dag' retrieved from /home/airflow/.local/lib/python3.8/site-packages/airflow/example_dags/example_sla_dag.py
[2024-02-16T16:22:20.073+0000] {logging_mixin.py:188} INFO - [2024-02-16T16:22:20.073+0000] {dag.py:3036} INFO - Sync 1 DAGs
[2024-02-16T16:22:20.095+0000] {logging_mixin.py:188} INFO - [2024-02-16T16:22:20.095+0000] {dag.py:3823} INFO - Setting next_dagrun for example_sla_dag to 2024-02-16 16:20:00+00:00, run_after=2024-02-16 16:22:00+00:00
[2024-02-16T16:22:20.110+0000] {processor.py:183} INFO - Processing /home/airflow/.local/lib/python3.8/site-packages/airflow/example_dags/example_sla_dag.py took 0.063 seconds
[2024-02-16T16:22:50.181+0000] {processor.py:161} INFO - Started process (PID=339) to work on /home/airflow/.local/lib/python3.8/site-packages/airflow/example_dags/example_sla_dag.py
[2024-02-16T16:22:50.182+0000] {processor.py:830} INFO - Processing file /home/airflow/.local/lib/python3.8/site-packages/airflow/example_dags/example_sla_dag.py for tasks to queue
[2024-02-16T16:22:50.183+0000] {logging_mixin.py:188} INFO - [2024-02-16T16:22:50.183+0000] {dagbag.py:538} INFO - Filling up the DagBag from /home/airflow/.local/lib/python3.8/site-packages/airflow/example_dags/example_sla_dag.py
[2024-02-16T16:22:50.189+0000] {processor.py:840} INFO - DAG(s) 'example_sla_dag' retrieved from /home/airflow/.local/lib/python3.8/site-packages/airflow/example_dags/example_sla_dag.py
[2024-02-16T16:22:50.203+0000] {logging_mixin.py:188} INFO - [2024-02-16T16:22:50.202+0000] {dag.py:3036} INFO - Sync 1 DAGs
[2024-02-16T16:22:50.221+0000] {logging_mixin.py:188} INFO - [2024-02-16T16:22:50.221+0000] {dag.py:3823} INFO - Setting next_dagrun for example_sla_dag to 2024-02-16 16:20:00+00:00, run_after=2024-02-16 16:22:00+00:00
[2024-02-16T16:22:50.234+0000] {processor.py:183} INFO - Processing /home/airflow/.local/lib/python3.8/site-packages/airflow/example_dags/example_sla_dag.py took 0.054 seconds
[2024-02-16T16:23:20.486+0000] {processor.py:161} INFO - Started process (PID=394) to work on /home/airflow/.local/lib/python3.8/site-packages/airflow/example_dags/example_sla_dag.py
[2024-02-16T16:23:20.487+0000] {processor.py:830} INFO - Processing file /home/airflow/.local/lib/python3.8/site-packages/airflow/example_dags/example_sla_dag.py for tasks to queue
[2024-02-16T16:23:20.488+0000] {logging_mixin.py:188} INFO - [2024-02-16T16:23:20.488+0000] {dagbag.py:538} INFO - Filling up the DagBag from /home/airflow/.local/lib/python3.8/site-packages/airflow/example_dags/example_sla_dag.py
[2024-02-16T16:23:20.494+0000] {processor.py:840} INFO - DAG(s) 'example_sla_dag' retrieved from /home/airflow/.local/lib/python3.8/site-packages/airflow/example_dags/example_sla_dag.py
[2024-02-16T16:23:20.508+0000] {logging_mixin.py:188} INFO - [2024-02-16T16:23:20.508+0000] {dag.py:3036} INFO - Sync 1 DAGs
[2024-02-16T16:23:20.527+0000] {logging_mixin.py:188} INFO - [2024-02-16T16:23:20.526+0000] {dag.py:3823} INFO - Setting next_dagrun for example_sla_dag to 2024-02-16 16:20:00+00:00, run_after=2024-02-16 16:22:00+00:00
[2024-02-16T16:23:20.541+0000] {processor.py:183} INFO - Processing /home/airflow/.local/lib/python3.8/site-packages/airflow/example_dags/example_sla_dag.py took 0.057 seconds
[2024-02-16T16:23:50.766+0000] {processor.py:161} INFO - Started process (PID=449) to work on /home/airflow/.local/lib/python3.8/site-packages/airflow/example_dags/example_sla_dag.py
[2024-02-16T16:23:50.766+0000] {processor.py:830} INFO - Processing file /home/airflow/.local/lib/python3.8/site-packages/airflow/example_dags/example_sla_dag.py for tasks to queue
[2024-02-16T16:23:50.768+0000] {logging_mixin.py:188} INFO - [2024-02-16T16:23:50.767+0000] {dagbag.py:538} INFO - Filling up the DagBag from /home/airflow/.local/lib/python3.8/site-packages/airflow/example_dags/example_sla_dag.py
[2024-02-16T16:23:50.773+0000] {processor.py:840} INFO - DAG(s) 'example_sla_dag' retrieved from /home/airflow/.local/lib/python3.8/site-packages/airflow/example_dags/example_sla_dag.py
[2024-02-16T16:23:50.787+0000] {logging_mixin.py:188} INFO - [2024-02-16T16:23:50.786+0000] {dag.py:3036} INFO - Sync 1 DAGs
[2024-02-16T16:23:50.805+0000] {logging_mixin.py:188} INFO - [2024-02-16T16:23:50.805+0000] {dag.py:3823} INFO - Setting next_dagrun for example_sla_dag to 2024-02-16 16:20:00+00:00, run_after=2024-02-16 16:22:00+00:00
[2024-02-16T16:23:50.818+0000] {processor.py:183} INFO - Processing /home/airflow/.local/lib/python3.8/site-packages/airflow/example_dags/example_sla_dag.py took 0.054 seconds
[2024-02-16T16:24:21.015+0000] {processor.py:161} INFO - Started process (PID=504) to work on /home/airflow/.local/lib/python3.8/site-packages/airflow/example_dags/example_sla_dag.py
[2024-02-16T16:24:21.016+0000] {processor.py:830} INFO - Processing file /home/airflow/.local/lib/python3.8/site-packages/airflow/example_dags/example_sla_dag.py for tasks to queue
[2024-02-16T16:24:21.017+0000] {logging_mixin.py:188} INFO - [2024-02-16T16:24:21.016+0000] {dagbag.py:538} INFO - Filling up the DagBag from /home/airflow/.local/lib/python3.8/site-packages/airflow/example_dags/example_sla_dag.py
[2024-02-16T16:24:21.022+0000] {processor.py:840} INFO - DAG(s) 'example_sla_dag' retrieved from /home/airflow/.local/lib/python3.8/site-packages/airflow/example_dags/example_sla_dag.py
[2024-02-16T16:24:21.036+0000] {logging_mixin.py:188} INFO - [2024-02-16T16:24:21.036+0000] {dag.py:3036} INFO - Sync 1 DAGs
[2024-02-16T16:24:21.055+0000] {logging_mixin.py:188} INFO - [2024-02-16T16:24:21.055+0000] {dag.py:3823} INFO - Setting next_dagrun for example_sla_dag to 2024-02-16 16:22:00+00:00, run_after=2024-02-16 16:24:00+00:00
[2024-02-16T16:24:21.069+0000] {processor.py:183} INFO - Processing /home/airflow/.local/lib/python3.8/site-packages/airflow/example_dags/example_sla_dag.py took 0.056 seconds
[2024-02-16T16:24:51.279+0000] {processor.py:161} INFO - Started process (PID=559) to work on /home/airflow/.local/lib/python3.8/site-packages/airflow/example_dags/example_sla_dag.py
[2024-02-16T16:24:51.280+0000] {processor.py:830} INFO - Processing file /home/airflow/.local/lib/python3.8/site-packages/airflow/example_dags/example_sla_dag.py for tasks to queue
[2024-02-16T16:24:51.281+0000] {logging_mixin.py:188} INFO - [2024-02-16T16:24:51.281+0000] {dagbag.py:538} INFO - Filling up the DagBag from /home/airflow/.local/lib/python3.8/site-packages/airflow/example_dags/example_sla_dag.py
[2024-02-16T16:24:51.287+0000] {processor.py:840} INFO - DAG(s) 'example_sla_dag' retrieved from /home/airflow/.local/lib/python3.8/site-packages/airflow/example_dags/example_sla_dag.py
[2024-02-16T16:24:51.302+0000] {logging_mixin.py:188} INFO - [2024-02-16T16:24:51.302+0000] {dag.py:3036} INFO - Sync 1 DAGs
[2024-02-16T16:24:51.321+0000] {logging_mixin.py:188} INFO - [2024-02-16T16:24:51.321+0000] {dag.py:3823} INFO - Setting next_dagrun for example_sla_dag to 2024-02-16 16:22:00+00:00, run_after=2024-02-16 16:24:00+00:00
[2024-02-16T16:24:51.334+0000] {processor.py:183} INFO - Processing /home/airflow/.local/lib/python3.8/site-packages/airflow/example_dags/example_sla_dag.py took 0.057 seconds
[2024-02-16T16:25:21.451+0000] {processor.py:161} INFO - Started process (PID=614) to work on /home/airflow/.local/lib/python3.8/site-packages/airflow/example_dags/example_sla_dag.py
[2024-02-16T16:25:21.451+0000] {processor.py:830} INFO - Processing file /home/airflow/.local/lib/python3.8/site-packages/airflow/example_dags/example_sla_dag.py for tasks to queue
[2024-02-16T16:25:21.453+0000] {logging_mixin.py:188} INFO - [2024-02-16T16:25:21.452+0000] {dagbag.py:538} INFO - Filling up the DagBag from /home/airflow/.local/lib/python3.8/site-packages/airflow/example_dags/example_sla_dag.py
[2024-02-16T16:25:21.459+0000] {processor.py:840} INFO - DAG(s) 'example_sla_dag' retrieved from /home/airflow/.local/lib/python3.8/site-packages/airflow/example_dags/example_sla_dag.py
[2024-02-16T16:25:21.474+0000] {logging_mixin.py:188} INFO - [2024-02-16T16:25:21.474+0000] {dag.py:3036} INFO - Sync 1 DAGs
[2024-02-16T16:25:21.495+0000] {logging_mixin.py:188} INFO - [2024-02-16T16:25:21.495+0000] {dag.py:3823} INFO - Setting next_dagrun for example_sla_dag to 2024-02-16 16:22:00+00:00, run_after=2024-02-16 16:24:00+00:00
[2024-02-16T16:25:21.511+0000] {processor.py:183} INFO - Processing /home/airflow/.local/lib/python3.8/site-packages/airflow/example_dags/example_sla_dag.py took 0.062 seconds
[2024-02-16T16:25:51.673+0000] {processor.py:161} INFO - Started process (PID=669) to work on /home/airflow/.local/lib/python3.8/site-packages/airflow/example_dags/example_sla_dag.py
[2024-02-16T16:25:51.674+0000] {processor.py:830} INFO - Processing file /home/airflow/.local/lib/python3.8/site-packages/airflow/example_dags/example_sla_dag.py for tasks to queue
[2024-02-16T16:25:51.675+0000] {logging_mixin.py:188} INFO - [2024-02-16T16:25:51.675+0000] {dagbag.py:538} INFO - Filling up the DagBag from /home/airflow/.local/lib/python3.8/site-packages/airflow/example_dags/example_sla_dag.py
[2024-02-16T16:25:51.680+0000] {processor.py:840} INFO - DAG(s) 'example_sla_dag' retrieved from /home/airflow/.local/lib/python3.8/site-packages/airflow/example_dags/example_sla_dag.py
[2024-02-16T16:25:51.692+0000] {logging_mixin.py:188} INFO - [2024-02-16T16:25:51.692+0000] {dag.py:3036} INFO - Sync 1 DAGs
[2024-02-16T16:25:51.709+0000] {logging_mixin.py:188} INFO - [2024-02-16T16:25:51.709+0000] {dag.py:3823} INFO - Setting next_dagrun for example_sla_dag to 2024-02-16 16:22:00+00:00, run_after=2024-02-16 16:24:00+00:00
[2024-02-16T16:25:51.721+0000] {processor.py:183} INFO - Processing /home/airflow/.local/lib/python3.8/site-packages/airflow/example_dags/example_sla_dag.py took 0.049 seconds
[2024-02-16T16:26:21.890+0000] {processor.py:161} INFO - Started process (PID=724) to work on /home/airflow/.local/lib/python3.8/site-packages/airflow/example_dags/example_sla_dag.py
[2024-02-16T16:26:21.891+0000] {processor.py:830} INFO - Processing file /home/airflow/.local/lib/python3.8/site-packages/airflow/example_dags/example_sla_dag.py for tasks to queue
[2024-02-16T16:26:21.892+0000] {logging_mixin.py:188} INFO - [2024-02-16T16:26:21.892+0000] {dagbag.py:538} INFO - Filling up the DagBag from /home/airflow/.local/lib/python3.8/site-packages/airflow/example_dags/example_sla_dag.py
[2024-02-16T16:26:21.897+0000] {processor.py:840} INFO - DAG(s) 'example_sla_dag' retrieved from /home/airflow/.local/lib/python3.8/site-packages/airflow/example_dags/example_sla_dag.py
[2024-02-16T16:26:21.911+0000] {logging_mixin.py:188} INFO - [2024-02-16T16:26:21.911+0000] {dag.py:3036} INFO - Sync 1 DAGs
[2024-02-16T16:26:21.930+0000] {logging_mixin.py:188} INFO - [2024-02-16T16:26:21.930+0000] {dag.py:3823} INFO - Setting next_dagrun for example_sla_dag to 2024-02-16 16:24:00+00:00, run_after=2024-02-16 16:26:00+00:00
[2024-02-16T16:26:21.943+0000] {processor.py:183} INFO - Processing /home/airflow/.local/lib/python3.8/site-packages/airflow/example_dags/example_sla_dag.py took 0.055 seconds
[2024-02-16T16:26:52.292+0000] {processor.py:161} INFO - Started process (PID=779) to work on /home/airflow/.local/lib/python3.8/site-packages/airflow/example_dags/example_sla_dag.py
[2024-02-16T16:26:52.293+0000] {processor.py:830} INFO - Processing file /home/airflow/.local/lib/python3.8/site-packages/airflow/example_dags/example_sla_dag.py for tasks to queue
[2024-02-16T16:26:52.294+0000] {logging_mixin.py:188} INFO - [2024-02-16T16:26:52.294+0000] {dagbag.py:538} INFO - Filling up the DagBag from /home/airflow/.local/lib/python3.8/site-packages/airflow/example_dags/example_sla_dag.py
[2024-02-16T16:26:52.300+0000] {processor.py:840} INFO - DAG(s) 'example_sla_dag' retrieved from /home/airflow/.local/lib/python3.8/site-packages/airflow/example_dags/example_sla_dag.py
[2024-02-16T16:26:52.316+0000] {logging_mixin.py:188} INFO - [2024-02-16T16:26:52.315+0000] {dag.py:3036} INFO - Sync 1 DAGs
[2024-02-16T16:26:52.335+0000] {logging_mixin.py:188} INFO - [2024-02-16T16:26:52.335+0000] {dag.py:3823} INFO - Setting next_dagrun for example_sla_dag to 2024-02-16 16:24:00+00:00, run_after=2024-02-16 16:26:00+00:00
[2024-02-16T16:26:52.350+0000] {processor.py:183} INFO - Processing /home/airflow/.local/lib/python3.8/site-packages/airflow/example_dags/example_sla_dag.py took 0.060 seconds
[2024-02-16T16:27:22.391+0000] {processor.py:161} INFO - Started process (PID=833) to work on /home/airflow/.local/lib/python3.8/site-packages/airflow/example_dags/example_sla_dag.py
[2024-02-16T16:27:22.392+0000] {processor.py:830} INFO - Processing file /home/airflow/.local/lib/python3.8/site-packages/airflow/example_dags/example_sla_dag.py for tasks to queue
[2024-02-16T16:27:22.393+0000] {logging_mixin.py:188} INFO - [2024-02-16T16:27:22.392+0000] {dagbag.py:538} INFO - Filling up the DagBag from /home/airflow/.local/lib/python3.8/site-packages/airflow/example_dags/example_sla_dag.py
[2024-02-16T16:27:22.399+0000] {processor.py:840} INFO - DAG(s) 'example_sla_dag' retrieved from /home/airflow/.local/lib/python3.8/site-packages/airflow/example_dags/example_sla_dag.py
[2024-02-16T16:27:22.414+0000] {logging_mixin.py:188} INFO - [2024-02-16T16:27:22.414+0000] {dag.py:3036} INFO - Sync 1 DAGs
[2024-02-16T16:27:22.434+0000] {logging_mixin.py:188} INFO - [2024-02-16T16:27:22.434+0000] {dag.py:3823} INFO - Setting next_dagrun for example_sla_dag to 2024-02-16 16:24:00+00:00, run_after=2024-02-16 16:26:00+00:00
[2024-02-16T16:27:22.448+0000] {processor.py:183} INFO - Processing /home/airflow/.local/lib/python3.8/site-packages/airflow/example_dags/example_sla_dag.py took 0.058 seconds
[2024-02-16T16:27:53.447+0000] {processor.py:161} INFO - Started process (PID=889) to work on /home/airflow/.local/lib/python3.8/site-packages/airflow/example_dags/example_sla_dag.py
[2024-02-16T16:27:53.447+0000] {processor.py:830} INFO - Processing file /home/airflow/.local/lib/python3.8/site-packages/airflow/example_dags/example_sla_dag.py for tasks to queue
[2024-02-16T16:27:53.449+0000] {logging_mixin.py:188} INFO - [2024-02-16T16:27:53.448+0000] {dagbag.py:538} INFO - Filling up the DagBag from /home/airflow/.local/lib/python3.8/site-packages/airflow/example_dags/example_sla_dag.py
[2024-02-16T16:27:53.454+0000] {processor.py:840} INFO - DAG(s) 'example_sla_dag' retrieved from /home/airflow/.local/lib/python3.8/site-packages/airflow/example_dags/example_sla_dag.py
[2024-02-16T16:27:53.467+0000] {logging_mixin.py:188} INFO - [2024-02-16T16:27:53.467+0000] {dag.py:3036} INFO - Sync 1 DAGs
[2024-02-16T16:27:53.485+0000] {logging_mixin.py:188} INFO - [2024-02-16T16:27:53.485+0000] {dag.py:3823} INFO - Setting next_dagrun for example_sla_dag to 2024-02-16 16:24:00+00:00, run_after=2024-02-16 16:26:00+00:00
[2024-02-16T16:27:53.499+0000] {processor.py:183} INFO - Processing /home/airflow/.local/lib/python3.8/site-packages/airflow/example_dags/example_sla_dag.py took 0.054 seconds
[2024-02-16T16:28:23.728+0000] {processor.py:161} INFO - Started process (PID=944) to work on /home/airflow/.local/lib/python3.8/site-packages/airflow/example_dags/example_sla_dag.py
[2024-02-16T16:28:23.728+0000] {processor.py:830} INFO - Processing file /home/airflow/.local/lib/python3.8/site-packages/airflow/example_dags/example_sla_dag.py for tasks to queue
[2024-02-16T16:28:23.730+0000] {logging_mixin.py:188} INFO - [2024-02-16T16:28:23.729+0000] {dagbag.py:538} INFO - Filling up the DagBag from /home/airflow/.local/lib/python3.8/site-packages/airflow/example_dags/example_sla_dag.py
[2024-02-16T16:28:23.735+0000] {processor.py:840} INFO - DAG(s) 'example_sla_dag' retrieved from /home/airflow/.local/lib/python3.8/site-packages/airflow/example_dags/example_sla_dag.py
[2024-02-16T16:28:23.749+0000] {logging_mixin.py:188} INFO - [2024-02-16T16:28:23.749+0000] {dag.py:3036} INFO - Sync 1 DAGs
[2024-02-16T16:28:23.769+0000] {logging_mixin.py:188} INFO - [2024-02-16T16:28:23.768+0000] {dag.py:3823} INFO - Setting next_dagrun for example_sla_dag to 2024-02-16 16:26:00+00:00, run_after=2024-02-16 16:28:00+00:00
[2024-02-16T16:28:23.783+0000] {processor.py:183} INFO - Processing /home/airflow/.local/lib/python3.8/site-packages/airflow/example_dags/example_sla_dag.py took 0.058 seconds
[2024-02-16T16:28:53.936+0000] {processor.py:161} INFO - Started process (PID=999) to work on /home/airflow/.local/lib/python3.8/site-packages/airflow/example_dags/example_sla_dag.py
[2024-02-16T16:28:53.937+0000] {processor.py:830} INFO - Processing file /home/airflow/.local/lib/python3.8/site-packages/airflow/example_dags/example_sla_dag.py for tasks to queue
[2024-02-16T16:28:53.938+0000] {logging_mixin.py:188} INFO - [2024-02-16T16:28:53.938+0000] {dagbag.py:538} INFO - Filling up the DagBag from /home/airflow/.local/lib/python3.8/site-packages/airflow/example_dags/example_sla_dag.py
[2024-02-16T16:28:53.943+0000] {processor.py:840} INFO - DAG(s) 'example_sla_dag' retrieved from /home/airflow/.local/lib/python3.8/site-packages/airflow/example_dags/example_sla_dag.py
[2024-02-16T16:28:53.956+0000] {logging_mixin.py:188} INFO - [2024-02-16T16:28:53.956+0000] {dag.py:3036} INFO - Sync 1 DAGs
[2024-02-16T16:28:53.973+0000] {logging_mixin.py:188} INFO - [2024-02-16T16:28:53.973+0000] {dag.py:3823} INFO - Setting next_dagrun for example_sla_dag to 2024-02-16 16:26:00+00:00, run_after=2024-02-16 16:28:00+00:00
[2024-02-16T16:28:53.985+0000] {processor.py:183} INFO - Processing /home/airflow/.local/lib/python3.8/site-packages/airflow/example_dags/example_sla_dag.py took 0.050 seconds
[2024-02-16T16:29:24.079+0000] {processor.py:161} INFO - Started process (PID=1054) to work on /home/airflow/.local/lib/python3.8/site-packages/airflow/example_dags/example_sla_dag.py
[2024-02-16T16:29:24.079+0000] {processor.py:830} INFO - Processing file /home/airflow/.local/lib/python3.8/site-packages/airflow/example_dags/example_sla_dag.py for tasks to queue
[2024-02-16T16:29:24.080+0000] {logging_mixin.py:188} INFO - [2024-02-16T16:29:24.080+0000] {dagbag.py:538} INFO - Filling up the DagBag from /home/airflow/.local/lib/python3.8/site-packages/airflow/example_dags/example_sla_dag.py
[2024-02-16T16:29:24.086+0000] {processor.py:840} INFO - DAG(s) 'example_sla_dag' retrieved from /home/airflow/.local/lib/python3.8/site-packages/airflow/example_dags/example_sla_dag.py
[2024-02-16T16:29:24.098+0000] {logging_mixin.py:188} INFO - [2024-02-16T16:29:24.098+0000] {dag.py:3036} INFO - Sync 1 DAGs
[2024-02-16T16:29:24.115+0000] {logging_mixin.py:188} INFO - [2024-02-16T16:29:24.115+0000] {dag.py:3823} INFO - Setting next_dagrun for example_sla_dag to 2024-02-16 16:26:00+00:00, run_after=2024-02-16 16:28:00+00:00
[2024-02-16T16:29:24.126+0000] {processor.py:183} INFO - Processing /home/airflow/.local/lib/python3.8/site-packages/airflow/example_dags/example_sla_dag.py took 0.049 seconds
[2024-02-16T16:29:54.325+0000] {processor.py:161} INFO - Started process (PID=1109) to work on /home/airflow/.local/lib/python3.8/site-packages/airflow/example_dags/example_sla_dag.py
[2024-02-16T16:29:54.325+0000] {processor.py:830} INFO - Processing file /home/airflow/.local/lib/python3.8/site-packages/airflow/example_dags/example_sla_dag.py for tasks to queue
[2024-02-16T16:29:54.326+0000] {logging_mixin.py:188} INFO - [2024-02-16T16:29:54.326+0000] {dagbag.py:538} INFO - Filling up the DagBag from /home/airflow/.local/lib/python3.8/site-packages/airflow/example_dags/example_sla_dag.py
[2024-02-16T16:29:54.332+0000] {processor.py:840} INFO - DAG(s) 'example_sla_dag' retrieved from /home/airflow/.local/lib/python3.8/site-packages/airflow/example_dags/example_sla_dag.py
[2024-02-16T16:29:54.346+0000] {logging_mixin.py:188} INFO - [2024-02-16T16:29:54.346+0000] {dag.py:3036} INFO - Sync 1 DAGs
[2024-02-16T16:29:54.365+0000] {logging_mixin.py:188} INFO - [2024-02-16T16:29:54.365+0000] {dag.py:3823} INFO - Setting next_dagrun for example_sla_dag to 2024-02-16 16:26:00+00:00, run_after=2024-02-16 16:28:00+00:00
[2024-02-16T16:29:54.380+0000] {processor.py:183} INFO - Processing /home/airflow/.local/lib/python3.8/site-packages/airflow/example_dags/example_sla_dag.py took 0.057 seconds
[2024-02-16T16:30:25.287+0000] {processor.py:161} INFO - Started process (PID=1165) to work on /home/airflow/.local/lib/python3.8/site-packages/airflow/example_dags/example_sla_dag.py
[2024-02-16T16:30:25.287+0000] {processor.py:830} INFO - Processing file /home/airflow/.local/lib/python3.8/site-packages/airflow/example_dags/example_sla_dag.py for tasks to queue
[2024-02-16T16:30:25.288+0000] {logging_mixin.py:188} INFO - [2024-02-16T16:30:25.288+0000] {dagbag.py:538} INFO - Filling up the DagBag from /home/airflow/.local/lib/python3.8/site-packages/airflow/example_dags/example_sla_dag.py
[2024-02-16T16:30:25.294+0000] {processor.py:840} INFO - DAG(s) 'example_sla_dag' retrieved from /home/airflow/.local/lib/python3.8/site-packages/airflow/example_dags/example_sla_dag.py
[2024-02-16T16:30:25.306+0000] {logging_mixin.py:188} INFO - [2024-02-16T16:30:25.306+0000] {dag.py:3036} INFO - Sync 1 DAGs
[2024-02-16T16:30:25.323+0000] {logging_mixin.py:188} INFO - [2024-02-16T16:30:25.323+0000] {dag.py:3823} INFO - Setting next_dagrun for example_sla_dag to 2024-02-16 16:28:00+00:00, run_after=2024-02-16 16:30:00+00:00
[2024-02-16T16:30:25.335+0000] {processor.py:183} INFO - Processing /home/airflow/.local/lib/python3.8/site-packages/airflow/example_dags/example_sla_dag.py took 0.050 seconds
[2024-02-16T16:31:27.021+0000] {processor.py:161} INFO - Started process (PID=65) to work on /home/airflow/.local/lib/python3.8/site-packages/airflow/example_dags/example_sla_dag.py
[2024-02-16T16:31:27.022+0000] {processor.py:830} INFO - Processing file /home/airflow/.local/lib/python3.8/site-packages/airflow/example_dags/example_sla_dag.py for tasks to queue
[2024-02-16T16:31:27.023+0000] {logging_mixin.py:188} INFO - [2024-02-16T16:31:27.023+0000] {dagbag.py:538} INFO - Filling up the DagBag from /home/airflow/.local/lib/python3.8/site-packages/airflow/example_dags/example_sla_dag.py
[2024-02-16T16:31:27.031+0000] {processor.py:840} INFO - DAG(s) 'example_sla_dag' retrieved from /home/airflow/.local/lib/python3.8/site-packages/airflow/example_dags/example_sla_dag.py
[2024-02-16T16:31:27.039+0000] {logging_mixin.py:188} INFO - [2024-02-16T16:31:27.039+0000] {dag.py:3036} INFO - Sync 1 DAGs
[2024-02-16T16:31:27.060+0000] {logging_mixin.py:188} INFO - [2024-02-16T16:31:27.060+0000] {dag.py:3823} INFO - Setting next_dagrun for example_sla_dag to 2024-02-16 16:28:00+00:00, run_after=2024-02-16 16:30:00+00:00
[2024-02-16T16:31:27.075+0000] {processor.py:183} INFO - Processing /home/airflow/.local/lib/python3.8/site-packages/airflow/example_dags/example_sla_dag.py took 0.056 seconds
[2024-02-16T16:31:58.442+0000] {processor.py:161} INFO - Started process (PID=121) to work on /home/airflow/.local/lib/python3.8/site-packages/airflow/example_dags/example_sla_dag.py
[2024-02-16T16:31:58.443+0000] {processor.py:830} INFO - Processing file /home/airflow/.local/lib/python3.8/site-packages/airflow/example_dags/example_sla_dag.py for tasks to queue
[2024-02-16T16:31:58.444+0000] {logging_mixin.py:188} INFO - [2024-02-16T16:31:58.444+0000] {dagbag.py:538} INFO - Filling up the DagBag from /home/airflow/.local/lib/python3.8/site-packages/airflow/example_dags/example_sla_dag.py
[2024-02-16T16:31:58.449+0000] {processor.py:840} INFO - DAG(s) 'example_sla_dag' retrieved from /home/airflow/.local/lib/python3.8/site-packages/airflow/example_dags/example_sla_dag.py
[2024-02-16T16:31:58.519+0000] {logging_mixin.py:188} INFO - [2024-02-16T16:31:58.519+0000] {dag.py:3036} INFO - Sync 1 DAGs
[2024-02-16T16:31:58.536+0000] {logging_mixin.py:188} INFO - [2024-02-16T16:31:58.536+0000] {dag.py:3823} INFO - Setting next_dagrun for example_sla_dag to 2024-02-16 16:28:00+00:00, run_after=2024-02-16 16:30:00+00:00
[2024-02-16T16:31:58.549+0000] {processor.py:183} INFO - Processing /home/airflow/.local/lib/python3.8/site-packages/airflow/example_dags/example_sla_dag.py took 0.109 seconds
[2024-02-16T16:32:28.952+0000] {processor.py:161} INFO - Started process (PID=177) to work on /home/airflow/.local/lib/python3.8/site-packages/airflow/example_dags/example_sla_dag.py
[2024-02-16T16:32:28.952+0000] {processor.py:830} INFO - Processing file /home/airflow/.local/lib/python3.8/site-packages/airflow/example_dags/example_sla_dag.py for tasks to queue
[2024-02-16T16:32:28.954+0000] {logging_mixin.py:188} INFO - [2024-02-16T16:32:28.953+0000] {dagbag.py:538} INFO - Filling up the DagBag from /home/airflow/.local/lib/python3.8/site-packages/airflow/example_dags/example_sla_dag.py
[2024-02-16T16:32:28.959+0000] {processor.py:840} INFO - DAG(s) 'example_sla_dag' retrieved from /home/airflow/.local/lib/python3.8/site-packages/airflow/example_dags/example_sla_dag.py
[2024-02-16T16:32:28.971+0000] {logging_mixin.py:188} INFO - [2024-02-16T16:32:28.971+0000] {dag.py:3036} INFO - Sync 1 DAGs
[2024-02-16T16:32:28.989+0000] {logging_mixin.py:188} INFO - [2024-02-16T16:32:28.989+0000] {dag.py:3823} INFO - Setting next_dagrun for example_sla_dag to 2024-02-16 16:30:00+00:00, run_after=2024-02-16 16:32:00+00:00
[2024-02-16T16:32:29.001+0000] {processor.py:183} INFO - Processing /home/airflow/.local/lib/python3.8/site-packages/airflow/example_dags/example_sla_dag.py took 0.051 seconds
[2024-02-16T16:32:59.220+0000] {processor.py:161} INFO - Started process (PID=233) to work on /home/airflow/.local/lib/python3.8/site-packages/airflow/example_dags/example_sla_dag.py
[2024-02-16T16:32:59.220+0000] {processor.py:830} INFO - Processing file /home/airflow/.local/lib/python3.8/site-packages/airflow/example_dags/example_sla_dag.py for tasks to queue
[2024-02-16T16:32:59.221+0000] {logging_mixin.py:188} INFO - [2024-02-16T16:32:59.221+0000] {dagbag.py:538} INFO - Filling up the DagBag from /home/airflow/.local/lib/python3.8/site-packages/airflow/example_dags/example_sla_dag.py
[2024-02-16T16:32:59.226+0000] {processor.py:840} INFO - DAG(s) 'example_sla_dag' retrieved from /home/airflow/.local/lib/python3.8/site-packages/airflow/example_dags/example_sla_dag.py
[2024-02-16T16:32:59.239+0000] {logging_mixin.py:188} INFO - [2024-02-16T16:32:59.238+0000] {dag.py:3036} INFO - Sync 1 DAGs
[2024-02-16T16:32:59.255+0000] {logging_mixin.py:188} INFO - [2024-02-16T16:32:59.255+0000] {dag.py:3823} INFO - Setting next_dagrun for example_sla_dag to 2024-02-16 16:30:00+00:00, run_after=2024-02-16 16:32:00+00:00
[2024-02-16T16:32:59.267+0000] {processor.py:183} INFO - Processing /home/airflow/.local/lib/python3.8/site-packages/airflow/example_dags/example_sla_dag.py took 0.050 seconds
[2024-02-16T16:33:29.437+0000] {processor.py:161} INFO - Started process (PID=289) to work on /home/airflow/.local/lib/python3.8/site-packages/airflow/example_dags/example_sla_dag.py
[2024-02-16T16:33:29.437+0000] {processor.py:830} INFO - Processing file /home/airflow/.local/lib/python3.8/site-packages/airflow/example_dags/example_sla_dag.py for tasks to queue
[2024-02-16T16:33:29.438+0000] {logging_mixin.py:188} INFO - [2024-02-16T16:33:29.438+0000] {dagbag.py:538} INFO - Filling up the DagBag from /home/airflow/.local/lib/python3.8/site-packages/airflow/example_dags/example_sla_dag.py
[2024-02-16T16:33:29.444+0000] {processor.py:840} INFO - DAG(s) 'example_sla_dag' retrieved from /home/airflow/.local/lib/python3.8/site-packages/airflow/example_dags/example_sla_dag.py
[2024-02-16T16:33:29.456+0000] {logging_mixin.py:188} INFO - [2024-02-16T16:33:29.456+0000] {dag.py:3036} INFO - Sync 1 DAGs
[2024-02-16T16:33:29.473+0000] {logging_mixin.py:188} INFO - [2024-02-16T16:33:29.473+0000] {dag.py:3823} INFO - Setting next_dagrun for example_sla_dag to 2024-02-16 16:30:00+00:00, run_after=2024-02-16 16:32:00+00:00
[2024-02-16T16:33:29.485+0000] {processor.py:183} INFO - Processing /home/airflow/.local/lib/python3.8/site-packages/airflow/example_dags/example_sla_dag.py took 0.050 seconds
[2024-02-16T16:33:59.575+0000] {processor.py:161} INFO - Started process (PID=344) to work on /home/airflow/.local/lib/python3.8/site-packages/airflow/example_dags/example_sla_dag.py
[2024-02-16T16:33:59.576+0000] {processor.py:830} INFO - Processing file /home/airflow/.local/lib/python3.8/site-packages/airflow/example_dags/example_sla_dag.py for tasks to queue
[2024-02-16T16:33:59.577+0000] {logging_mixin.py:188} INFO - [2024-02-16T16:33:59.577+0000] {dagbag.py:538} INFO - Filling up the DagBag from /home/airflow/.local/lib/python3.8/site-packages/airflow/example_dags/example_sla_dag.py
[2024-02-16T16:33:59.583+0000] {processor.py:840} INFO - DAG(s) 'example_sla_dag' retrieved from /home/airflow/.local/lib/python3.8/site-packages/airflow/example_dags/example_sla_dag.py
[2024-02-16T16:33:59.596+0000] {logging_mixin.py:188} INFO - [2024-02-16T16:33:59.596+0000] {dag.py:3036} INFO - Sync 1 DAGs
[2024-02-16T16:33:59.615+0000] {logging_mixin.py:188} INFO - [2024-02-16T16:33:59.615+0000] {dag.py:3823} INFO - Setting next_dagrun for example_sla_dag to 2024-02-16 16:30:00+00:00, run_after=2024-02-16 16:32:00+00:00
[2024-02-16T16:33:59.628+0000] {processor.py:183} INFO - Processing /home/airflow/.local/lib/python3.8/site-packages/airflow/example_dags/example_sla_dag.py took 0.054 seconds
[2024-02-16T16:34:29.853+0000] {processor.py:161} INFO - Started process (PID=401) to work on /home/airflow/.local/lib/python3.8/site-packages/airflow/example_dags/example_sla_dag.py
[2024-02-16T16:34:29.854+0000] {processor.py:830} INFO - Processing file /home/airflow/.local/lib/python3.8/site-packages/airflow/example_dags/example_sla_dag.py for tasks to queue
[2024-02-16T16:34:29.855+0000] {logging_mixin.py:188} INFO - [2024-02-16T16:34:29.855+0000] {dagbag.py:538} INFO - Filling up the DagBag from /home/airflow/.local/lib/python3.8/site-packages/airflow/example_dags/example_sla_dag.py
[2024-02-16T16:34:29.860+0000] {processor.py:840} INFO - DAG(s) 'example_sla_dag' retrieved from /home/airflow/.local/lib/python3.8/site-packages/airflow/example_dags/example_sla_dag.py
[2024-02-16T16:34:29.873+0000] {logging_mixin.py:188} INFO - [2024-02-16T16:34:29.873+0000] {dag.py:3036} INFO - Sync 1 DAGs
[2024-02-16T16:34:29.890+0000] {logging_mixin.py:188} INFO - [2024-02-16T16:34:29.890+0000] {dag.py:3823} INFO - Setting next_dagrun for example_sla_dag to 2024-02-16 16:32:00+00:00, run_after=2024-02-16 16:34:00+00:00
[2024-02-16T16:34:29.904+0000] {processor.py:183} INFO - Processing /home/airflow/.local/lib/python3.8/site-packages/airflow/example_dags/example_sla_dag.py took 0.053 seconds
[2024-02-16T16:35:00.123+0000] {processor.py:161} INFO - Started process (PID=457) to work on /home/airflow/.local/lib/python3.8/site-packages/airflow/example_dags/example_sla_dag.py
[2024-02-16T16:35:00.124+0000] {processor.py:830} INFO - Processing file /home/airflow/.local/lib/python3.8/site-packages/airflow/example_dags/example_sla_dag.py for tasks to queue
[2024-02-16T16:35:00.125+0000] {logging_mixin.py:188} INFO - [2024-02-16T16:35:00.125+0000] {dagbag.py:538} INFO - Filling up the DagBag from /home/airflow/.local/lib/python3.8/site-packages/airflow/example_dags/example_sla_dag.py
[2024-02-16T16:35:00.133+0000] {processor.py:840} INFO - DAG(s) 'example_sla_dag' retrieved from /home/airflow/.local/lib/python3.8/site-packages/airflow/example_dags/example_sla_dag.py
[2024-02-16T16:35:00.151+0000] {logging_mixin.py:188} INFO - [2024-02-16T16:35:00.151+0000] {dag.py:3036} INFO - Sync 1 DAGs
[2024-02-16T16:35:00.174+0000] {logging_mixin.py:188} INFO - [2024-02-16T16:35:00.174+0000] {dag.py:3823} INFO - Setting next_dagrun for example_sla_dag to 2024-02-16 16:32:00+00:00, run_after=2024-02-16 16:34:00+00:00
[2024-02-16T16:35:00.186+0000] {processor.py:183} INFO - Processing /home/airflow/.local/lib/python3.8/site-packages/airflow/example_dags/example_sla_dag.py took 0.065 seconds
[2024-02-16T16:35:30.336+0000] {processor.py:161} INFO - Started process (PID=513) to work on /home/airflow/.local/lib/python3.8/site-packages/airflow/example_dags/example_sla_dag.py
[2024-02-16T16:35:30.336+0000] {processor.py:830} INFO - Processing file /home/airflow/.local/lib/python3.8/site-packages/airflow/example_dags/example_sla_dag.py for tasks to queue
[2024-02-16T16:35:30.338+0000] {logging_mixin.py:188} INFO - [2024-02-16T16:35:30.337+0000] {dagbag.py:538} INFO - Filling up the DagBag from /home/airflow/.local/lib/python3.8/site-packages/airflow/example_dags/example_sla_dag.py
[2024-02-16T16:35:30.343+0000] {processor.py:840} INFO - DAG(s) 'example_sla_dag' retrieved from /home/airflow/.local/lib/python3.8/site-packages/airflow/example_dags/example_sla_dag.py
[2024-02-16T16:35:30.356+0000] {logging_mixin.py:188} INFO - [2024-02-16T16:35:30.355+0000] {dag.py:3036} INFO - Sync 1 DAGs
[2024-02-16T16:35:30.373+0000] {logging_mixin.py:188} INFO - [2024-02-16T16:35:30.373+0000] {dag.py:3823} INFO - Setting next_dagrun for example_sla_dag to 2024-02-16 16:32:00+00:00, run_after=2024-02-16 16:34:00+00:00
[2024-02-16T16:35:30.386+0000] {processor.py:183} INFO - Processing /home/airflow/.local/lib/python3.8/site-packages/airflow/example_dags/example_sla_dag.py took 0.052 seconds
[2024-02-16T16:36:00.651+0000] {processor.py:161} INFO - Started process (PID=569) to work on /home/airflow/.local/lib/python3.8/site-packages/airflow/example_dags/example_sla_dag.py
[2024-02-16T16:36:00.652+0000] {processor.py:830} INFO - Processing file /home/airflow/.local/lib/python3.8/site-packages/airflow/example_dags/example_sla_dag.py for tasks to queue
[2024-02-16T16:36:00.653+0000] {logging_mixin.py:188} INFO - [2024-02-16T16:36:00.653+0000] {dagbag.py:538} INFO - Filling up the DagBag from /home/airflow/.local/lib/python3.8/site-packages/airflow/example_dags/example_sla_dag.py
[2024-02-16T16:36:00.658+0000] {processor.py:840} INFO - DAG(s) 'example_sla_dag' retrieved from /home/airflow/.local/lib/python3.8/site-packages/airflow/example_dags/example_sla_dag.py
[2024-02-16T16:36:00.671+0000] {logging_mixin.py:188} INFO - [2024-02-16T16:36:00.671+0000] {dag.py:3036} INFO - Sync 1 DAGs
[2024-02-16T16:36:00.689+0000] {logging_mixin.py:188} INFO - [2024-02-16T16:36:00.689+0000] {dag.py:3823} INFO - Setting next_dagrun for example_sla_dag to 2024-02-16 16:34:00+00:00, run_after=2024-02-16 16:36:00+00:00
[2024-02-16T16:36:00.703+0000] {processor.py:183} INFO - Processing /home/airflow/.local/lib/python3.8/site-packages/airflow/example_dags/example_sla_dag.py took 0.053 seconds
[2024-02-16T16:36:31.738+0000] {processor.py:161} INFO - Started process (PID=625) to work on /home/airflow/.local/lib/python3.8/site-packages/airflow/example_dags/example_sla_dag.py
[2024-02-16T16:36:31.739+0000] {processor.py:830} INFO - Processing file /home/airflow/.local/lib/python3.8/site-packages/airflow/example_dags/example_sla_dag.py for tasks to queue
[2024-02-16T16:36:31.740+0000] {logging_mixin.py:188} INFO - [2024-02-16T16:36:31.740+0000] {dagbag.py:538} INFO - Filling up the DagBag from /home/airflow/.local/lib/python3.8/site-packages/airflow/example_dags/example_sla_dag.py
[2024-02-16T16:36:31.746+0000] {processor.py:840} INFO - DAG(s) 'example_sla_dag' retrieved from /home/airflow/.local/lib/python3.8/site-packages/airflow/example_dags/example_sla_dag.py
[2024-02-16T16:36:31.760+0000] {logging_mixin.py:188} INFO - [2024-02-16T16:36:31.759+0000] {dag.py:3036} INFO - Sync 1 DAGs
[2024-02-16T16:36:31.778+0000] {logging_mixin.py:188} INFO - [2024-02-16T16:36:31.778+0000] {dag.py:3823} INFO - Setting next_dagrun for example_sla_dag to 2024-02-16 16:34:00+00:00, run_after=2024-02-16 16:36:00+00:00
[2024-02-16T16:36:31.791+0000] {processor.py:183} INFO - Processing /home/airflow/.local/lib/python3.8/site-packages/airflow/example_dags/example_sla_dag.py took 0.055 seconds
[2024-02-16T16:37:02.131+0000] {processor.py:161} INFO - Started process (PID=682) to work on /home/airflow/.local/lib/python3.8/site-packages/airflow/example_dags/example_sla_dag.py
[2024-02-16T16:37:02.132+0000] {processor.py:830} INFO - Processing file /home/airflow/.local/lib/python3.8/site-packages/airflow/example_dags/example_sla_dag.py for tasks to queue
[2024-02-16T16:37:02.133+0000] {logging_mixin.py:188} INFO - [2024-02-16T16:37:02.133+0000] {dagbag.py:538} INFO - Filling up the DagBag from /home/airflow/.local/lib/python3.8/site-packages/airflow/example_dags/example_sla_dag.py
[2024-02-16T16:37:02.139+0000] {processor.py:840} INFO - DAG(s) 'example_sla_dag' retrieved from /home/airflow/.local/lib/python3.8/site-packages/airflow/example_dags/example_sla_dag.py
[2024-02-16T16:37:02.153+0000] {logging_mixin.py:188} INFO - [2024-02-16T16:37:02.153+0000] {dag.py:3036} INFO - Sync 1 DAGs
[2024-02-16T16:37:02.183+0000] {logging_mixin.py:188} INFO - [2024-02-16T16:37:02.182+0000] {dag.py:3823} INFO - Setting next_dagrun for example_sla_dag to 2024-02-16 16:34:00+00:00, run_after=2024-02-16 16:36:00+00:00
[2024-02-16T16:37:02.202+0000] {processor.py:183} INFO - Processing /home/airflow/.local/lib/python3.8/site-packages/airflow/example_dags/example_sla_dag.py took 0.073 seconds
[2024-02-16T16:37:32.478+0000] {processor.py:161} INFO - Started process (PID=739) to work on /home/airflow/.local/lib/python3.8/site-packages/airflow/example_dags/example_sla_dag.py
[2024-02-16T16:37:32.479+0000] {processor.py:830} INFO - Processing file /home/airflow/.local/lib/python3.8/site-packages/airflow/example_dags/example_sla_dag.py for tasks to queue
[2024-02-16T16:37:32.480+0000] {logging_mixin.py:188} INFO - [2024-02-16T16:37:32.480+0000] {dagbag.py:538} INFO - Filling up the DagBag from /home/airflow/.local/lib/python3.8/site-packages/airflow/example_dags/example_sla_dag.py
[2024-02-16T16:37:32.486+0000] {processor.py:840} INFO - DAG(s) 'example_sla_dag' retrieved from /home/airflow/.local/lib/python3.8/site-packages/airflow/example_dags/example_sla_dag.py
[2024-02-16T16:37:32.501+0000] {logging_mixin.py:188} INFO - [2024-02-16T16:37:32.501+0000] {dag.py:3036} INFO - Sync 1 DAGs
[2024-02-16T16:37:32.520+0000] {logging_mixin.py:188} INFO - [2024-02-16T16:37:32.519+0000] {dag.py:3823} INFO - Setting next_dagrun for example_sla_dag to 2024-02-16 16:34:00+00:00, run_after=2024-02-16 16:36:00+00:00
[2024-02-16T16:37:32.532+0000] {processor.py:183} INFO - Processing /home/airflow/.local/lib/python3.8/site-packages/airflow/example_dags/example_sla_dag.py took 0.056 seconds
[2024-02-16T16:39:16.659+0000] {processor.py:161} INFO - Started process (PID=66) to work on /home/airflow/.local/lib/python3.8/site-packages/airflow/example_dags/example_sla_dag.py
[2024-02-16T16:39:16.660+0000] {processor.py:830} INFO - Processing file /home/airflow/.local/lib/python3.8/site-packages/airflow/example_dags/example_sla_dag.py for tasks to queue
[2024-02-16T16:39:16.662+0000] {logging_mixin.py:188} INFO - [2024-02-16T16:39:16.661+0000] {dagbag.py:538} INFO - Filling up the DagBag from /home/airflow/.local/lib/python3.8/site-packages/airflow/example_dags/example_sla_dag.py
[2024-02-16T16:39:16.670+0000] {processor.py:840} INFO - DAG(s) 'example_sla_dag' retrieved from /home/airflow/.local/lib/python3.8/site-packages/airflow/example_dags/example_sla_dag.py
[2024-02-16T16:39:16.679+0000] {logging_mixin.py:188} INFO - [2024-02-16T16:39:16.679+0000] {dag.py:3036} INFO - Sync 1 DAGs
[2024-02-16T16:39:16.701+0000] {logging_mixin.py:188} INFO - [2024-02-16T16:39:16.701+0000] {dag.py:3823} INFO - Setting next_dagrun for example_sla_dag to 2024-02-16 16:36:00+00:00, run_after=2024-02-16 16:38:00+00:00
[2024-02-16T16:39:16.717+0000] {processor.py:183} INFO - Processing /home/airflow/.local/lib/python3.8/site-packages/airflow/example_dags/example_sla_dag.py took 0.060 seconds
[2024-02-16T16:39:47.481+0000] {processor.py:161} INFO - Started process (PID=123) to work on /home/airflow/.local/lib/python3.8/site-packages/airflow/example_dags/example_sla_dag.py
[2024-02-16T16:39:47.482+0000] {processor.py:830} INFO - Processing file /home/airflow/.local/lib/python3.8/site-packages/airflow/example_dags/example_sla_dag.py for tasks to queue
[2024-02-16T16:39:47.483+0000] {logging_mixin.py:188} INFO - [2024-02-16T16:39:47.483+0000] {dagbag.py:538} INFO - Filling up the DagBag from /home/airflow/.local/lib/python3.8/site-packages/airflow/example_dags/example_sla_dag.py
[2024-02-16T16:39:47.489+0000] {processor.py:840} INFO - DAG(s) 'example_sla_dag' retrieved from /home/airflow/.local/lib/python3.8/site-packages/airflow/example_dags/example_sla_dag.py
[2024-02-16T16:39:47.565+0000] {logging_mixin.py:188} INFO - [2024-02-16T16:39:47.565+0000] {dag.py:3036} INFO - Sync 1 DAGs
[2024-02-16T16:39:47.582+0000] {logging_mixin.py:188} INFO - [2024-02-16T16:39:47.582+0000] {dag.py:3823} INFO - Setting next_dagrun for example_sla_dag to 2024-02-16 16:36:00+00:00, run_after=2024-02-16 16:38:00+00:00
[2024-02-16T16:39:47.596+0000] {processor.py:183} INFO - Processing /home/airflow/.local/lib/python3.8/site-packages/airflow/example_dags/example_sla_dag.py took 0.117 seconds
[2024-02-16T16:40:18.400+0000] {processor.py:161} INFO - Started process (PID=180) to work on /home/airflow/.local/lib/python3.8/site-packages/airflow/example_dags/example_sla_dag.py
[2024-02-16T16:40:18.401+0000] {processor.py:830} INFO - Processing file /home/airflow/.local/lib/python3.8/site-packages/airflow/example_dags/example_sla_dag.py for tasks to queue
[2024-02-16T16:40:18.402+0000] {logging_mixin.py:188} INFO - [2024-02-16T16:40:18.402+0000] {dagbag.py:538} INFO - Filling up the DagBag from /home/airflow/.local/lib/python3.8/site-packages/airflow/example_dags/example_sla_dag.py
[2024-02-16T16:40:18.407+0000] {processor.py:840} INFO - DAG(s) 'example_sla_dag' retrieved from /home/airflow/.local/lib/python3.8/site-packages/airflow/example_dags/example_sla_dag.py
[2024-02-16T16:40:18.422+0000] {logging_mixin.py:188} INFO - [2024-02-16T16:40:18.422+0000] {dag.py:3036} INFO - Sync 1 DAGs
[2024-02-16T16:40:18.439+0000] {logging_mixin.py:188} INFO - [2024-02-16T16:40:18.438+0000] {dag.py:3823} INFO - Setting next_dagrun for example_sla_dag to 2024-02-16 16:38:00+00:00, run_after=2024-02-16 16:40:00+00:00
[2024-02-16T16:40:18.450+0000] {processor.py:183} INFO - Processing /home/airflow/.local/lib/python3.8/site-packages/airflow/example_dags/example_sla_dag.py took 0.052 seconds
[2024-02-16T16:40:48.818+0000] {processor.py:161} INFO - Started process (PID=237) to work on /home/airflow/.local/lib/python3.8/site-packages/airflow/example_dags/example_sla_dag.py
[2024-02-16T16:40:48.819+0000] {processor.py:830} INFO - Processing file /home/airflow/.local/lib/python3.8/site-packages/airflow/example_dags/example_sla_dag.py for tasks to queue
[2024-02-16T16:40:48.820+0000] {logging_mixin.py:188} INFO - [2024-02-16T16:40:48.820+0000] {dagbag.py:538} INFO - Filling up the DagBag from /home/airflow/.local/lib/python3.8/site-packages/airflow/example_dags/example_sla_dag.py
[2024-02-16T16:40:48.826+0000] {processor.py:840} INFO - DAG(s) 'example_sla_dag' retrieved from /home/airflow/.local/lib/python3.8/site-packages/airflow/example_dags/example_sla_dag.py
[2024-02-16T16:40:48.838+0000] {logging_mixin.py:188} INFO - [2024-02-16T16:40:48.838+0000] {dag.py:3036} INFO - Sync 1 DAGs
[2024-02-16T16:40:48.856+0000] {logging_mixin.py:188} INFO - [2024-02-16T16:40:48.855+0000] {dag.py:3823} INFO - Setting next_dagrun for example_sla_dag to 2024-02-16 16:38:00+00:00, run_after=2024-02-16 16:40:00+00:00
[2024-02-16T16:40:48.875+0000] {processor.py:183} INFO - Processing /home/airflow/.local/lib/python3.8/site-packages/airflow/example_dags/example_sla_dag.py took 0.058 seconds
[2024-02-16T16:41:18.982+0000] {processor.py:161} INFO - Started process (PID=294) to work on /home/airflow/.local/lib/python3.8/site-packages/airflow/example_dags/example_sla_dag.py
[2024-02-16T16:41:18.982+0000] {processor.py:830} INFO - Processing file /home/airflow/.local/lib/python3.8/site-packages/airflow/example_dags/example_sla_dag.py for tasks to queue
[2024-02-16T16:41:18.983+0000] {logging_mixin.py:188} INFO - [2024-02-16T16:41:18.983+0000] {dagbag.py:538} INFO - Filling up the DagBag from /home/airflow/.local/lib/python3.8/site-packages/airflow/example_dags/example_sla_dag.py
[2024-02-16T16:41:18.989+0000] {processor.py:840} INFO - DAG(s) 'example_sla_dag' retrieved from /home/airflow/.local/lib/python3.8/site-packages/airflow/example_dags/example_sla_dag.py
[2024-02-16T16:41:19.003+0000] {logging_mixin.py:188} INFO - [2024-02-16T16:41:19.003+0000] {dag.py:3036} INFO - Sync 1 DAGs
[2024-02-16T16:41:19.026+0000] {logging_mixin.py:188} INFO - [2024-02-16T16:41:19.026+0000] {dag.py:3823} INFO - Setting next_dagrun for example_sla_dag to 2024-02-16 16:38:00+00:00, run_after=2024-02-16 16:40:00+00:00
[2024-02-16T16:41:19.046+0000] {processor.py:183} INFO - Processing /home/airflow/.local/lib/python3.8/site-packages/airflow/example_dags/example_sla_dag.py took 0.067 seconds
[2024-02-16T16:41:49.490+0000] {processor.py:161} INFO - Started process (PID=352) to work on /home/airflow/.local/lib/python3.8/site-packages/airflow/example_dags/example_sla_dag.py
[2024-02-16T16:41:49.491+0000] {processor.py:830} INFO - Processing file /home/airflow/.local/lib/python3.8/site-packages/airflow/example_dags/example_sla_dag.py for tasks to queue
[2024-02-16T16:41:49.492+0000] {logging_mixin.py:188} INFO - [2024-02-16T16:41:49.492+0000] {dagbag.py:538} INFO - Filling up the DagBag from /home/airflow/.local/lib/python3.8/site-packages/airflow/example_dags/example_sla_dag.py
[2024-02-16T16:41:49.498+0000] {processor.py:840} INFO - DAG(s) 'example_sla_dag' retrieved from /home/airflow/.local/lib/python3.8/site-packages/airflow/example_dags/example_sla_dag.py
[2024-02-16T16:41:49.512+0000] {logging_mixin.py:188} INFO - [2024-02-16T16:41:49.512+0000] {dag.py:3036} INFO - Sync 1 DAGs
[2024-02-16T16:41:49.531+0000] {logging_mixin.py:188} INFO - [2024-02-16T16:41:49.531+0000] {dag.py:3823} INFO - Setting next_dagrun for example_sla_dag to 2024-02-16 16:38:00+00:00, run_after=2024-02-16 16:40:00+00:00
[2024-02-16T16:41:49.546+0000] {processor.py:183} INFO - Processing /home/airflow/.local/lib/python3.8/site-packages/airflow/example_dags/example_sla_dag.py took 0.058 seconds
[2024-02-16T16:42:19.884+0000] {processor.py:161} INFO - Started process (PID=408) to work on /home/airflow/.local/lib/python3.8/site-packages/airflow/example_dags/example_sla_dag.py
[2024-02-16T16:42:19.884+0000] {processor.py:830} INFO - Processing file /home/airflow/.local/lib/python3.8/site-packages/airflow/example_dags/example_sla_dag.py for tasks to queue
[2024-02-16T16:42:19.885+0000] {logging_mixin.py:188} INFO - [2024-02-16T16:42:19.885+0000] {dagbag.py:538} INFO - Filling up the DagBag from /home/airflow/.local/lib/python3.8/site-packages/airflow/example_dags/example_sla_dag.py
[2024-02-16T16:42:19.891+0000] {processor.py:840} INFO - DAG(s) 'example_sla_dag' retrieved from /home/airflow/.local/lib/python3.8/site-packages/airflow/example_dags/example_sla_dag.py
[2024-02-16T16:42:19.905+0000] {logging_mixin.py:188} INFO - [2024-02-16T16:42:19.905+0000] {dag.py:3036} INFO - Sync 1 DAGs
[2024-02-16T16:42:19.925+0000] {logging_mixin.py:188} INFO - [2024-02-16T16:42:19.925+0000] {dag.py:3823} INFO - Setting next_dagrun for example_sla_dag to 2024-02-16 16:40:00+00:00, run_after=2024-02-16 16:42:00+00:00
[2024-02-16T16:42:19.941+0000] {processor.py:183} INFO - Processing /home/airflow/.local/lib/python3.8/site-packages/airflow/example_dags/example_sla_dag.py took 0.059 seconds
[2024-02-16T16:42:50.250+0000] {processor.py:161} INFO - Started process (PID=466) to work on /home/airflow/.local/lib/python3.8/site-packages/airflow/example_dags/example_sla_dag.py
[2024-02-16T16:42:50.250+0000] {processor.py:830} INFO - Processing file /home/airflow/.local/lib/python3.8/site-packages/airflow/example_dags/example_sla_dag.py for tasks to queue
[2024-02-16T16:42:50.251+0000] {logging_mixin.py:188} INFO - [2024-02-16T16:42:50.251+0000] {dagbag.py:538} INFO - Filling up the DagBag from /home/airflow/.local/lib/python3.8/site-packages/airflow/example_dags/example_sla_dag.py
[2024-02-16T16:42:50.257+0000] {processor.py:840} INFO - DAG(s) 'example_sla_dag' retrieved from /home/airflow/.local/lib/python3.8/site-packages/airflow/example_dags/example_sla_dag.py
[2024-02-16T16:42:50.271+0000] {logging_mixin.py:188} INFO - [2024-02-16T16:42:50.270+0000] {dag.py:3036} INFO - Sync 1 DAGs
[2024-02-16T16:42:50.290+0000] {logging_mixin.py:188} INFO - [2024-02-16T16:42:50.290+0000] {dag.py:3823} INFO - Setting next_dagrun for example_sla_dag to 2024-02-16 16:40:00+00:00, run_after=2024-02-16 16:42:00+00:00
[2024-02-16T16:42:50.304+0000] {processor.py:183} INFO - Processing /home/airflow/.local/lib/python3.8/site-packages/airflow/example_dags/example_sla_dag.py took 0.056 seconds
[2024-02-16T16:43:20.786+0000] {processor.py:161} INFO - Started process (PID=523) to work on /home/airflow/.local/lib/python3.8/site-packages/airflow/example_dags/example_sla_dag.py
[2024-02-16T16:43:20.787+0000] {processor.py:830} INFO - Processing file /home/airflow/.local/lib/python3.8/site-packages/airflow/example_dags/example_sla_dag.py for tasks to queue
[2024-02-16T16:43:20.788+0000] {logging_mixin.py:188} INFO - [2024-02-16T16:43:20.788+0000] {dagbag.py:538} INFO - Filling up the DagBag from /home/airflow/.local/lib/python3.8/site-packages/airflow/example_dags/example_sla_dag.py
[2024-02-16T16:43:20.793+0000] {processor.py:840} INFO - DAG(s) 'example_sla_dag' retrieved from /home/airflow/.local/lib/python3.8/site-packages/airflow/example_dags/example_sla_dag.py
[2024-02-16T16:43:20.808+0000] {logging_mixin.py:188} INFO - [2024-02-16T16:43:20.808+0000] {dag.py:3036} INFO - Sync 1 DAGs
[2024-02-16T16:43:20.827+0000] {logging_mixin.py:188} INFO - [2024-02-16T16:43:20.826+0000] {dag.py:3823} INFO - Setting next_dagrun for example_sla_dag to 2024-02-16 16:40:00+00:00, run_after=2024-02-16 16:42:00+00:00
[2024-02-16T16:43:20.842+0000] {processor.py:183} INFO - Processing /home/airflow/.local/lib/python3.8/site-packages/airflow/example_dags/example_sla_dag.py took 0.058 seconds
[2024-02-16T16:43:50.997+0000] {processor.py:161} INFO - Started process (PID=580) to work on /home/airflow/.local/lib/python3.8/site-packages/airflow/example_dags/example_sla_dag.py
[2024-02-16T16:43:50.998+0000] {processor.py:830} INFO - Processing file /home/airflow/.local/lib/python3.8/site-packages/airflow/example_dags/example_sla_dag.py for tasks to queue
[2024-02-16T16:43:51.000+0000] {logging_mixin.py:188} INFO - [2024-02-16T16:43:50.999+0000] {dagbag.py:538} INFO - Filling up the DagBag from /home/airflow/.local/lib/python3.8/site-packages/airflow/example_dags/example_sla_dag.py
[2024-02-16T16:43:51.006+0000] {processor.py:840} INFO - DAG(s) 'example_sla_dag' retrieved from /home/airflow/.local/lib/python3.8/site-packages/airflow/example_dags/example_sla_dag.py
[2024-02-16T16:43:51.022+0000] {logging_mixin.py:188} INFO - [2024-02-16T16:43:51.022+0000] {dag.py:3036} INFO - Sync 1 DAGs
[2024-02-16T16:43:51.043+0000] {logging_mixin.py:188} INFO - [2024-02-16T16:43:51.043+0000] {dag.py:3823} INFO - Setting next_dagrun for example_sla_dag to 2024-02-16 16:40:00+00:00, run_after=2024-02-16 16:42:00+00:00
[2024-02-16T16:43:51.059+0000] {processor.py:183} INFO - Processing /home/airflow/.local/lib/python3.8/site-packages/airflow/example_dags/example_sla_dag.py took 0.064 seconds
