[2024-02-16T16:20:17.282+0000] {processor.py:161} INFO - Started process (PID=48) to work on /home/airflow/.local/lib/python3.8/site-packages/airflow/example_dags/example_nested_branch_dag.py
[2024-02-16T16:20:17.283+0000] {processor.py:830} INFO - Processing file /home/airflow/.local/lib/python3.8/site-packages/airflow/example_dags/example_nested_branch_dag.py for tasks to queue
[2024-02-16T16:20:17.284+0000] {logging_mixin.py:188} INFO - [2024-02-16T16:20:17.284+0000] {dagbag.py:538} INFO - Filling up the DagBag from /home/airflow/.local/lib/python3.8/site-packages/airflow/example_dags/example_nested_branch_dag.py
[2024-02-16T16:20:17.295+0000] {processor.py:840} INFO - DAG(s) 'example_nested_branch_dag' retrieved from /home/airflow/.local/lib/python3.8/site-packages/airflow/example_dags/example_nested_branch_dag.py
[2024-02-16T16:20:17.305+0000] {logging_mixin.py:188} INFO - [2024-02-16T16:20:17.305+0000] {dag.py:3036} INFO - Sync 1 DAGs
[2024-02-16T16:20:17.325+0000] {logging_mixin.py:188} INFO - [2024-02-16T16:20:17.325+0000] {dag.py:3823} INFO - Setting next_dagrun for example_nested_branch_dag to 2024-02-15 00:00:00+00:00, run_after=2024-02-16 00:00:00+00:00
[2024-02-16T16:20:17.344+0000] {processor.py:183} INFO - Processing /home/airflow/.local/lib/python3.8/site-packages/airflow/example_dags/example_nested_branch_dag.py took 0.064 seconds
[2024-02-16T16:20:47.629+0000] {processor.py:161} INFO - Started process (PID=103) to work on /home/airflow/.local/lib/python3.8/site-packages/airflow/example_dags/example_nested_branch_dag.py
[2024-02-16T16:20:47.630+0000] {processor.py:830} INFO - Processing file /home/airflow/.local/lib/python3.8/site-packages/airflow/example_dags/example_nested_branch_dag.py for tasks to queue
[2024-02-16T16:20:47.631+0000] {logging_mixin.py:188} INFO - [2024-02-16T16:20:47.631+0000] {dagbag.py:538} INFO - Filling up the DagBag from /home/airflow/.local/lib/python3.8/site-packages/airflow/example_dags/example_nested_branch_dag.py
[2024-02-16T16:20:47.637+0000] {processor.py:840} INFO - DAG(s) 'example_nested_branch_dag' retrieved from /home/airflow/.local/lib/python3.8/site-packages/airflow/example_dags/example_nested_branch_dag.py
[2024-02-16T16:20:47.714+0000] {logging_mixin.py:188} INFO - [2024-02-16T16:20:47.714+0000] {dag.py:3036} INFO - Sync 1 DAGs
[2024-02-16T16:20:47.730+0000] {logging_mixin.py:188} INFO - [2024-02-16T16:20:47.730+0000] {dag.py:3823} INFO - Setting next_dagrun for example_nested_branch_dag to 2024-02-15 00:00:00+00:00, run_after=2024-02-16 00:00:00+00:00
[2024-02-16T16:20:47.744+0000] {processor.py:183} INFO - Processing /home/airflow/.local/lib/python3.8/site-packages/airflow/example_dags/example_nested_branch_dag.py took 0.117 seconds
[2024-02-16T16:21:17.921+0000] {processor.py:161} INFO - Started process (PID=158) to work on /home/airflow/.local/lib/python3.8/site-packages/airflow/example_dags/example_nested_branch_dag.py
[2024-02-16T16:21:17.921+0000] {processor.py:830} INFO - Processing file /home/airflow/.local/lib/python3.8/site-packages/airflow/example_dags/example_nested_branch_dag.py for tasks to queue
[2024-02-16T16:21:17.922+0000] {logging_mixin.py:188} INFO - [2024-02-16T16:21:17.922+0000] {dagbag.py:538} INFO - Filling up the DagBag from /home/airflow/.local/lib/python3.8/site-packages/airflow/example_dags/example_nested_branch_dag.py
[2024-02-16T16:21:17.928+0000] {processor.py:840} INFO - DAG(s) 'example_nested_branch_dag' retrieved from /home/airflow/.local/lib/python3.8/site-packages/airflow/example_dags/example_nested_branch_dag.py
[2024-02-16T16:21:17.943+0000] {logging_mixin.py:188} INFO - [2024-02-16T16:21:17.943+0000] {dag.py:3036} INFO - Sync 1 DAGs
[2024-02-16T16:21:17.963+0000] {logging_mixin.py:188} INFO - [2024-02-16T16:21:17.963+0000] {dag.py:3823} INFO - Setting next_dagrun for example_nested_branch_dag to 2024-02-15 00:00:00+00:00, run_after=2024-02-16 00:00:00+00:00
[2024-02-16T16:21:17.979+0000] {processor.py:183} INFO - Processing /home/airflow/.local/lib/python3.8/site-packages/airflow/example_dags/example_nested_branch_dag.py took 0.060 seconds
[2024-02-16T16:21:48.321+0000] {processor.py:161} INFO - Started process (PID=213) to work on /home/airflow/.local/lib/python3.8/site-packages/airflow/example_dags/example_nested_branch_dag.py
[2024-02-16T16:21:48.321+0000] {processor.py:830} INFO - Processing file /home/airflow/.local/lib/python3.8/site-packages/airflow/example_dags/example_nested_branch_dag.py for tasks to queue
[2024-02-16T16:21:48.322+0000] {logging_mixin.py:188} INFO - [2024-02-16T16:21:48.322+0000] {dagbag.py:538} INFO - Filling up the DagBag from /home/airflow/.local/lib/python3.8/site-packages/airflow/example_dags/example_nested_branch_dag.py
[2024-02-16T16:21:48.329+0000] {processor.py:840} INFO - DAG(s) 'example_nested_branch_dag' retrieved from /home/airflow/.local/lib/python3.8/site-packages/airflow/example_dags/example_nested_branch_dag.py
[2024-02-16T16:21:48.348+0000] {logging_mixin.py:188} INFO - [2024-02-16T16:21:48.348+0000] {dag.py:3036} INFO - Sync 1 DAGs
[2024-02-16T16:21:48.365+0000] {logging_mixin.py:188} INFO - [2024-02-16T16:21:48.365+0000] {dag.py:3823} INFO - Setting next_dagrun for example_nested_branch_dag to 2024-02-15 00:00:00+00:00, run_after=2024-02-16 00:00:00+00:00
[2024-02-16T16:21:48.379+0000] {processor.py:183} INFO - Processing /home/airflow/.local/lib/python3.8/site-packages/airflow/example_dags/example_nested_branch_dag.py took 0.060 seconds
[2024-02-16T16:22:18.443+0000] {processor.py:161} INFO - Started process (PID=268) to work on /home/airflow/.local/lib/python3.8/site-packages/airflow/example_dags/example_nested_branch_dag.py
[2024-02-16T16:22:18.444+0000] {processor.py:830} INFO - Processing file /home/airflow/.local/lib/python3.8/site-packages/airflow/example_dags/example_nested_branch_dag.py for tasks to queue
[2024-02-16T16:22:18.445+0000] {logging_mixin.py:188} INFO - [2024-02-16T16:22:18.445+0000] {dagbag.py:538} INFO - Filling up the DagBag from /home/airflow/.local/lib/python3.8/site-packages/airflow/example_dags/example_nested_branch_dag.py
[2024-02-16T16:22:18.452+0000] {processor.py:840} INFO - DAG(s) 'example_nested_branch_dag' retrieved from /home/airflow/.local/lib/python3.8/site-packages/airflow/example_dags/example_nested_branch_dag.py
[2024-02-16T16:22:18.471+0000] {logging_mixin.py:188} INFO - [2024-02-16T16:22:18.470+0000] {dag.py:3036} INFO - Sync 1 DAGs
[2024-02-16T16:22:18.487+0000] {logging_mixin.py:188} INFO - [2024-02-16T16:22:18.487+0000] {dag.py:3823} INFO - Setting next_dagrun for example_nested_branch_dag to 2024-02-15 00:00:00+00:00, run_after=2024-02-16 00:00:00+00:00
[2024-02-16T16:22:18.501+0000] {processor.py:183} INFO - Processing /home/airflow/.local/lib/python3.8/site-packages/airflow/example_dags/example_nested_branch_dag.py took 0.060 seconds
[2024-02-16T16:22:48.623+0000] {processor.py:161} INFO - Started process (PID=323) to work on /home/airflow/.local/lib/python3.8/site-packages/airflow/example_dags/example_nested_branch_dag.py
[2024-02-16T16:22:48.624+0000] {processor.py:830} INFO - Processing file /home/airflow/.local/lib/python3.8/site-packages/airflow/example_dags/example_nested_branch_dag.py for tasks to queue
[2024-02-16T16:22:48.625+0000] {logging_mixin.py:188} INFO - [2024-02-16T16:22:48.625+0000] {dagbag.py:538} INFO - Filling up the DagBag from /home/airflow/.local/lib/python3.8/site-packages/airflow/example_dags/example_nested_branch_dag.py
[2024-02-16T16:22:48.631+0000] {processor.py:840} INFO - DAG(s) 'example_nested_branch_dag' retrieved from /home/airflow/.local/lib/python3.8/site-packages/airflow/example_dags/example_nested_branch_dag.py
[2024-02-16T16:22:48.648+0000] {logging_mixin.py:188} INFO - [2024-02-16T16:22:48.647+0000] {dag.py:3036} INFO - Sync 1 DAGs
[2024-02-16T16:22:48.665+0000] {logging_mixin.py:188} INFO - [2024-02-16T16:22:48.664+0000] {dag.py:3823} INFO - Setting next_dagrun for example_nested_branch_dag to 2024-02-15 00:00:00+00:00, run_after=2024-02-16 00:00:00+00:00
[2024-02-16T16:22:48.680+0000] {processor.py:183} INFO - Processing /home/airflow/.local/lib/python3.8/site-packages/airflow/example_dags/example_nested_branch_dag.py took 0.059 seconds
[2024-02-16T16:23:18.806+0000] {processor.py:161} INFO - Started process (PID=378) to work on /home/airflow/.local/lib/python3.8/site-packages/airflow/example_dags/example_nested_branch_dag.py
[2024-02-16T16:23:18.807+0000] {processor.py:830} INFO - Processing file /home/airflow/.local/lib/python3.8/site-packages/airflow/example_dags/example_nested_branch_dag.py for tasks to queue
[2024-02-16T16:23:18.808+0000] {logging_mixin.py:188} INFO - [2024-02-16T16:23:18.808+0000] {dagbag.py:538} INFO - Filling up the DagBag from /home/airflow/.local/lib/python3.8/site-packages/airflow/example_dags/example_nested_branch_dag.py
[2024-02-16T16:23:18.814+0000] {processor.py:840} INFO - DAG(s) 'example_nested_branch_dag' retrieved from /home/airflow/.local/lib/python3.8/site-packages/airflow/example_dags/example_nested_branch_dag.py
[2024-02-16T16:23:18.830+0000] {logging_mixin.py:188} INFO - [2024-02-16T16:23:18.829+0000] {dag.py:3036} INFO - Sync 1 DAGs
[2024-02-16T16:23:18.846+0000] {logging_mixin.py:188} INFO - [2024-02-16T16:23:18.846+0000] {dag.py:3823} INFO - Setting next_dagrun for example_nested_branch_dag to 2024-02-15 00:00:00+00:00, run_after=2024-02-16 00:00:00+00:00
[2024-02-16T16:23:18.861+0000] {processor.py:183} INFO - Processing /home/airflow/.local/lib/python3.8/site-packages/airflow/example_dags/example_nested_branch_dag.py took 0.057 seconds
[2024-02-16T16:23:49.065+0000] {processor.py:161} INFO - Started process (PID=432) to work on /home/airflow/.local/lib/python3.8/site-packages/airflow/example_dags/example_nested_branch_dag.py
[2024-02-16T16:23:49.066+0000] {processor.py:830} INFO - Processing file /home/airflow/.local/lib/python3.8/site-packages/airflow/example_dags/example_nested_branch_dag.py for tasks to queue
[2024-02-16T16:23:49.068+0000] {logging_mixin.py:188} INFO - [2024-02-16T16:23:49.068+0000] {dagbag.py:538} INFO - Filling up the DagBag from /home/airflow/.local/lib/python3.8/site-packages/airflow/example_dags/example_nested_branch_dag.py
[2024-02-16T16:23:49.075+0000] {processor.py:840} INFO - DAG(s) 'example_nested_branch_dag' retrieved from /home/airflow/.local/lib/python3.8/site-packages/airflow/example_dags/example_nested_branch_dag.py
[2024-02-16T16:23:49.092+0000] {logging_mixin.py:188} INFO - [2024-02-16T16:23:49.092+0000] {dag.py:3036} INFO - Sync 1 DAGs
[2024-02-16T16:23:49.110+0000] {logging_mixin.py:188} INFO - [2024-02-16T16:23:49.110+0000] {dag.py:3823} INFO - Setting next_dagrun for example_nested_branch_dag to 2024-02-15 00:00:00+00:00, run_after=2024-02-16 00:00:00+00:00
[2024-02-16T16:23:49.125+0000] {processor.py:183} INFO - Processing /home/airflow/.local/lib/python3.8/site-packages/airflow/example_dags/example_nested_branch_dag.py took 0.061 seconds
[2024-02-16T16:24:19.320+0000] {processor.py:161} INFO - Started process (PID=487) to work on /home/airflow/.local/lib/python3.8/site-packages/airflow/example_dags/example_nested_branch_dag.py
[2024-02-16T16:24:19.320+0000] {processor.py:830} INFO - Processing file /home/airflow/.local/lib/python3.8/site-packages/airflow/example_dags/example_nested_branch_dag.py for tasks to queue
[2024-02-16T16:24:19.322+0000] {logging_mixin.py:188} INFO - [2024-02-16T16:24:19.322+0000] {dagbag.py:538} INFO - Filling up the DagBag from /home/airflow/.local/lib/python3.8/site-packages/airflow/example_dags/example_nested_branch_dag.py
[2024-02-16T16:24:19.330+0000] {processor.py:840} INFO - DAG(s) 'example_nested_branch_dag' retrieved from /home/airflow/.local/lib/python3.8/site-packages/airflow/example_dags/example_nested_branch_dag.py
[2024-02-16T16:24:19.346+0000] {logging_mixin.py:188} INFO - [2024-02-16T16:24:19.346+0000] {dag.py:3036} INFO - Sync 1 DAGs
[2024-02-16T16:24:19.363+0000] {logging_mixin.py:188} INFO - [2024-02-16T16:24:19.363+0000] {dag.py:3823} INFO - Setting next_dagrun for example_nested_branch_dag to 2024-02-15 00:00:00+00:00, run_after=2024-02-16 00:00:00+00:00
[2024-02-16T16:24:19.377+0000] {processor.py:183} INFO - Processing /home/airflow/.local/lib/python3.8/site-packages/airflow/example_dags/example_nested_branch_dag.py took 0.060 seconds
[2024-02-16T16:24:49.606+0000] {processor.py:161} INFO - Started process (PID=542) to work on /home/airflow/.local/lib/python3.8/site-packages/airflow/example_dags/example_nested_branch_dag.py
[2024-02-16T16:24:49.607+0000] {processor.py:830} INFO - Processing file /home/airflow/.local/lib/python3.8/site-packages/airflow/example_dags/example_nested_branch_dag.py for tasks to queue
[2024-02-16T16:24:49.608+0000] {logging_mixin.py:188} INFO - [2024-02-16T16:24:49.608+0000] {dagbag.py:538} INFO - Filling up the DagBag from /home/airflow/.local/lib/python3.8/site-packages/airflow/example_dags/example_nested_branch_dag.py
[2024-02-16T16:24:49.616+0000] {processor.py:840} INFO - DAG(s) 'example_nested_branch_dag' retrieved from /home/airflow/.local/lib/python3.8/site-packages/airflow/example_dags/example_nested_branch_dag.py
[2024-02-16T16:24:49.631+0000] {logging_mixin.py:188} INFO - [2024-02-16T16:24:49.631+0000] {dag.py:3036} INFO - Sync 1 DAGs
[2024-02-16T16:24:49.648+0000] {logging_mixin.py:188} INFO - [2024-02-16T16:24:49.648+0000] {dag.py:3823} INFO - Setting next_dagrun for example_nested_branch_dag to 2024-02-15 00:00:00+00:00, run_after=2024-02-16 00:00:00+00:00
[2024-02-16T16:24:49.662+0000] {processor.py:183} INFO - Processing /home/airflow/.local/lib/python3.8/site-packages/airflow/example_dags/example_nested_branch_dag.py took 0.058 seconds
[2024-02-16T16:25:19.777+0000] {processor.py:161} INFO - Started process (PID=597) to work on /home/airflow/.local/lib/python3.8/site-packages/airflow/example_dags/example_nested_branch_dag.py
[2024-02-16T16:25:19.778+0000] {processor.py:830} INFO - Processing file /home/airflow/.local/lib/python3.8/site-packages/airflow/example_dags/example_nested_branch_dag.py for tasks to queue
[2024-02-16T16:25:19.780+0000] {logging_mixin.py:188} INFO - [2024-02-16T16:25:19.779+0000] {dagbag.py:538} INFO - Filling up the DagBag from /home/airflow/.local/lib/python3.8/site-packages/airflow/example_dags/example_nested_branch_dag.py
[2024-02-16T16:25:19.787+0000] {processor.py:840} INFO - DAG(s) 'example_nested_branch_dag' retrieved from /home/airflow/.local/lib/python3.8/site-packages/airflow/example_dags/example_nested_branch_dag.py
[2024-02-16T16:25:19.803+0000] {logging_mixin.py:188} INFO - [2024-02-16T16:25:19.803+0000] {dag.py:3036} INFO - Sync 1 DAGs
[2024-02-16T16:25:19.822+0000] {logging_mixin.py:188} INFO - [2024-02-16T16:25:19.821+0000] {dag.py:3823} INFO - Setting next_dagrun for example_nested_branch_dag to 2024-02-15 00:00:00+00:00, run_after=2024-02-16 00:00:00+00:00
[2024-02-16T16:25:19.836+0000] {processor.py:183} INFO - Processing /home/airflow/.local/lib/python3.8/site-packages/airflow/example_dags/example_nested_branch_dag.py took 0.061 seconds
[2024-02-16T16:25:50.103+0000] {processor.py:161} INFO - Started process (PID=652) to work on /home/airflow/.local/lib/python3.8/site-packages/airflow/example_dags/example_nested_branch_dag.py
[2024-02-16T16:25:50.103+0000] {processor.py:830} INFO - Processing file /home/airflow/.local/lib/python3.8/site-packages/airflow/example_dags/example_nested_branch_dag.py for tasks to queue
[2024-02-16T16:25:50.104+0000] {logging_mixin.py:188} INFO - [2024-02-16T16:25:50.104+0000] {dagbag.py:538} INFO - Filling up the DagBag from /home/airflow/.local/lib/python3.8/site-packages/airflow/example_dags/example_nested_branch_dag.py
[2024-02-16T16:25:50.111+0000] {processor.py:840} INFO - DAG(s) 'example_nested_branch_dag' retrieved from /home/airflow/.local/lib/python3.8/site-packages/airflow/example_dags/example_nested_branch_dag.py
[2024-02-16T16:25:50.126+0000] {logging_mixin.py:188} INFO - [2024-02-16T16:25:50.126+0000] {dag.py:3036} INFO - Sync 1 DAGs
[2024-02-16T16:25:50.142+0000] {logging_mixin.py:188} INFO - [2024-02-16T16:25:50.142+0000] {dag.py:3823} INFO - Setting next_dagrun for example_nested_branch_dag to 2024-02-15 00:00:00+00:00, run_after=2024-02-16 00:00:00+00:00
[2024-02-16T16:25:50.154+0000] {processor.py:183} INFO - Processing /home/airflow/.local/lib/python3.8/site-packages/airflow/example_dags/example_nested_branch_dag.py took 0.053 seconds
[2024-02-16T16:26:20.204+0000] {processor.py:161} INFO - Started process (PID=707) to work on /home/airflow/.local/lib/python3.8/site-packages/airflow/example_dags/example_nested_branch_dag.py
[2024-02-16T16:26:20.205+0000] {processor.py:830} INFO - Processing file /home/airflow/.local/lib/python3.8/site-packages/airflow/example_dags/example_nested_branch_dag.py for tasks to queue
[2024-02-16T16:26:20.207+0000] {logging_mixin.py:188} INFO - [2024-02-16T16:26:20.206+0000] {dagbag.py:538} INFO - Filling up the DagBag from /home/airflow/.local/lib/python3.8/site-packages/airflow/example_dags/example_nested_branch_dag.py
[2024-02-16T16:26:20.214+0000] {processor.py:840} INFO - DAG(s) 'example_nested_branch_dag' retrieved from /home/airflow/.local/lib/python3.8/site-packages/airflow/example_dags/example_nested_branch_dag.py
[2024-02-16T16:26:20.229+0000] {logging_mixin.py:188} INFO - [2024-02-16T16:26:20.229+0000] {dag.py:3036} INFO - Sync 1 DAGs
[2024-02-16T16:26:20.249+0000] {logging_mixin.py:188} INFO - [2024-02-16T16:26:20.249+0000] {dag.py:3823} INFO - Setting next_dagrun for example_nested_branch_dag to 2024-02-15 00:00:00+00:00, run_after=2024-02-16 00:00:00+00:00
[2024-02-16T16:26:20.264+0000] {processor.py:183} INFO - Processing /home/airflow/.local/lib/python3.8/site-packages/airflow/example_dags/example_nested_branch_dag.py took 0.062 seconds
[2024-02-16T16:26:50.537+0000] {processor.py:161} INFO - Started process (PID=762) to work on /home/airflow/.local/lib/python3.8/site-packages/airflow/example_dags/example_nested_branch_dag.py
[2024-02-16T16:26:50.538+0000] {processor.py:830} INFO - Processing file /home/airflow/.local/lib/python3.8/site-packages/airflow/example_dags/example_nested_branch_dag.py for tasks to queue
[2024-02-16T16:26:50.539+0000] {logging_mixin.py:188} INFO - [2024-02-16T16:26:50.539+0000] {dagbag.py:538} INFO - Filling up the DagBag from /home/airflow/.local/lib/python3.8/site-packages/airflow/example_dags/example_nested_branch_dag.py
[2024-02-16T16:26:50.546+0000] {processor.py:840} INFO - DAG(s) 'example_nested_branch_dag' retrieved from /home/airflow/.local/lib/python3.8/site-packages/airflow/example_dags/example_nested_branch_dag.py
[2024-02-16T16:26:50.562+0000] {logging_mixin.py:188} INFO - [2024-02-16T16:26:50.562+0000] {dag.py:3036} INFO - Sync 1 DAGs
[2024-02-16T16:26:50.580+0000] {logging_mixin.py:188} INFO - [2024-02-16T16:26:50.580+0000] {dag.py:3823} INFO - Setting next_dagrun for example_nested_branch_dag to 2024-02-15 00:00:00+00:00, run_after=2024-02-16 00:00:00+00:00
[2024-02-16T16:26:50.598+0000] {processor.py:183} INFO - Processing /home/airflow/.local/lib/python3.8/site-packages/airflow/example_dags/example_nested_branch_dag.py took 0.063 seconds
[2024-02-16T16:27:20.699+0000] {processor.py:161} INFO - Started process (PID=817) to work on /home/airflow/.local/lib/python3.8/site-packages/airflow/example_dags/example_nested_branch_dag.py
[2024-02-16T16:27:20.700+0000] {processor.py:830} INFO - Processing file /home/airflow/.local/lib/python3.8/site-packages/airflow/example_dags/example_nested_branch_dag.py for tasks to queue
[2024-02-16T16:27:20.701+0000] {logging_mixin.py:188} INFO - [2024-02-16T16:27:20.701+0000] {dagbag.py:538} INFO - Filling up the DagBag from /home/airflow/.local/lib/python3.8/site-packages/airflow/example_dags/example_nested_branch_dag.py
[2024-02-16T16:27:20.708+0000] {processor.py:840} INFO - DAG(s) 'example_nested_branch_dag' retrieved from /home/airflow/.local/lib/python3.8/site-packages/airflow/example_dags/example_nested_branch_dag.py
[2024-02-16T16:27:20.727+0000] {logging_mixin.py:188} INFO - [2024-02-16T16:27:20.727+0000] {dag.py:3036} INFO - Sync 1 DAGs
[2024-02-16T16:27:20.746+0000] {logging_mixin.py:188} INFO - [2024-02-16T16:27:20.746+0000] {dag.py:3823} INFO - Setting next_dagrun for example_nested_branch_dag to 2024-02-15 00:00:00+00:00, run_after=2024-02-16 00:00:00+00:00
[2024-02-16T16:27:20.763+0000] {processor.py:183} INFO - Processing /home/airflow/.local/lib/python3.8/site-packages/airflow/example_dags/example_nested_branch_dag.py took 0.066 seconds
[2024-02-16T16:27:50.816+0000] {processor.py:161} INFO - Started process (PID=872) to work on /home/airflow/.local/lib/python3.8/site-packages/airflow/example_dags/example_nested_branch_dag.py
[2024-02-16T16:27:50.817+0000] {processor.py:830} INFO - Processing file /home/airflow/.local/lib/python3.8/site-packages/airflow/example_dags/example_nested_branch_dag.py for tasks to queue
[2024-02-16T16:27:50.818+0000] {logging_mixin.py:188} INFO - [2024-02-16T16:27:50.817+0000] {dagbag.py:538} INFO - Filling up the DagBag from /home/airflow/.local/lib/python3.8/site-packages/airflow/example_dags/example_nested_branch_dag.py
[2024-02-16T16:27:50.824+0000] {processor.py:840} INFO - DAG(s) 'example_nested_branch_dag' retrieved from /home/airflow/.local/lib/python3.8/site-packages/airflow/example_dags/example_nested_branch_dag.py
[2024-02-16T16:27:50.841+0000] {logging_mixin.py:188} INFO - [2024-02-16T16:27:50.840+0000] {dag.py:3036} INFO - Sync 1 DAGs
[2024-02-16T16:27:50.857+0000] {logging_mixin.py:188} INFO - [2024-02-16T16:27:50.857+0000] {dag.py:3823} INFO - Setting next_dagrun for example_nested_branch_dag to 2024-02-15 00:00:00+00:00, run_after=2024-02-16 00:00:00+00:00
[2024-02-16T16:27:50.873+0000] {processor.py:183} INFO - Processing /home/airflow/.local/lib/python3.8/site-packages/airflow/example_dags/example_nested_branch_dag.py took 0.059 seconds
[2024-02-16T16:28:21.097+0000] {processor.py:161} INFO - Started process (PID=927) to work on /home/airflow/.local/lib/python3.8/site-packages/airflow/example_dags/example_nested_branch_dag.py
[2024-02-16T16:28:21.097+0000] {processor.py:830} INFO - Processing file /home/airflow/.local/lib/python3.8/site-packages/airflow/example_dags/example_nested_branch_dag.py for tasks to queue
[2024-02-16T16:28:21.099+0000] {logging_mixin.py:188} INFO - [2024-02-16T16:28:21.099+0000] {dagbag.py:538} INFO - Filling up the DagBag from /home/airflow/.local/lib/python3.8/site-packages/airflow/example_dags/example_nested_branch_dag.py
[2024-02-16T16:28:21.107+0000] {processor.py:840} INFO - DAG(s) 'example_nested_branch_dag' retrieved from /home/airflow/.local/lib/python3.8/site-packages/airflow/example_dags/example_nested_branch_dag.py
[2024-02-16T16:28:21.123+0000] {logging_mixin.py:188} INFO - [2024-02-16T16:28:21.123+0000] {dag.py:3036} INFO - Sync 1 DAGs
[2024-02-16T16:28:21.141+0000] {logging_mixin.py:188} INFO - [2024-02-16T16:28:21.141+0000] {dag.py:3823} INFO - Setting next_dagrun for example_nested_branch_dag to 2024-02-15 00:00:00+00:00, run_after=2024-02-16 00:00:00+00:00
[2024-02-16T16:28:21.157+0000] {processor.py:183} INFO - Processing /home/airflow/.local/lib/python3.8/site-packages/airflow/example_dags/example_nested_branch_dag.py took 0.062 seconds
[2024-02-16T16:28:51.402+0000] {processor.py:161} INFO - Started process (PID=982) to work on /home/airflow/.local/lib/python3.8/site-packages/airflow/example_dags/example_nested_branch_dag.py
[2024-02-16T16:28:51.403+0000] {processor.py:830} INFO - Processing file /home/airflow/.local/lib/python3.8/site-packages/airflow/example_dags/example_nested_branch_dag.py for tasks to queue
[2024-02-16T16:28:51.404+0000] {logging_mixin.py:188} INFO - [2024-02-16T16:28:51.404+0000] {dagbag.py:538} INFO - Filling up the DagBag from /home/airflow/.local/lib/python3.8/site-packages/airflow/example_dags/example_nested_branch_dag.py
[2024-02-16T16:28:51.412+0000] {processor.py:840} INFO - DAG(s) 'example_nested_branch_dag' retrieved from /home/airflow/.local/lib/python3.8/site-packages/airflow/example_dags/example_nested_branch_dag.py
[2024-02-16T16:28:51.427+0000] {logging_mixin.py:188} INFO - [2024-02-16T16:28:51.426+0000] {dag.py:3036} INFO - Sync 1 DAGs
[2024-02-16T16:28:51.443+0000] {logging_mixin.py:188} INFO - [2024-02-16T16:28:51.443+0000] {dag.py:3823} INFO - Setting next_dagrun for example_nested_branch_dag to 2024-02-15 00:00:00+00:00, run_after=2024-02-16 00:00:00+00:00
[2024-02-16T16:28:51.456+0000] {processor.py:183} INFO - Processing /home/airflow/.local/lib/python3.8/site-packages/airflow/example_dags/example_nested_branch_dag.py took 0.055 seconds
[2024-02-16T16:29:21.516+0000] {processor.py:161} INFO - Started process (PID=1037) to work on /home/airflow/.local/lib/python3.8/site-packages/airflow/example_dags/example_nested_branch_dag.py
[2024-02-16T16:29:21.517+0000] {processor.py:830} INFO - Processing file /home/airflow/.local/lib/python3.8/site-packages/airflow/example_dags/example_nested_branch_dag.py for tasks to queue
[2024-02-16T16:29:21.518+0000] {logging_mixin.py:188} INFO - [2024-02-16T16:29:21.518+0000] {dagbag.py:538} INFO - Filling up the DagBag from /home/airflow/.local/lib/python3.8/site-packages/airflow/example_dags/example_nested_branch_dag.py
[2024-02-16T16:29:21.525+0000] {processor.py:840} INFO - DAG(s) 'example_nested_branch_dag' retrieved from /home/airflow/.local/lib/python3.8/site-packages/airflow/example_dags/example_nested_branch_dag.py
[2024-02-16T16:29:21.539+0000] {logging_mixin.py:188} INFO - [2024-02-16T16:29:21.539+0000] {dag.py:3036} INFO - Sync 1 DAGs
[2024-02-16T16:29:21.555+0000] {logging_mixin.py:188} INFO - [2024-02-16T16:29:21.555+0000] {dag.py:3823} INFO - Setting next_dagrun for example_nested_branch_dag to 2024-02-15 00:00:00+00:00, run_after=2024-02-16 00:00:00+00:00
[2024-02-16T16:29:21.568+0000] {processor.py:183} INFO - Processing /home/airflow/.local/lib/python3.8/site-packages/airflow/example_dags/example_nested_branch_dag.py took 0.053 seconds
[2024-02-16T16:29:51.648+0000] {processor.py:161} INFO - Started process (PID=1092) to work on /home/airflow/.local/lib/python3.8/site-packages/airflow/example_dags/example_nested_branch_dag.py
[2024-02-16T16:29:51.649+0000] {processor.py:830} INFO - Processing file /home/airflow/.local/lib/python3.8/site-packages/airflow/example_dags/example_nested_branch_dag.py for tasks to queue
[2024-02-16T16:29:51.651+0000] {logging_mixin.py:188} INFO - [2024-02-16T16:29:51.650+0000] {dagbag.py:538} INFO - Filling up the DagBag from /home/airflow/.local/lib/python3.8/site-packages/airflow/example_dags/example_nested_branch_dag.py
[2024-02-16T16:29:51.659+0000] {processor.py:840} INFO - DAG(s) 'example_nested_branch_dag' retrieved from /home/airflow/.local/lib/python3.8/site-packages/airflow/example_dags/example_nested_branch_dag.py
[2024-02-16T16:29:51.681+0000] {logging_mixin.py:188} INFO - [2024-02-16T16:29:51.681+0000] {dag.py:3036} INFO - Sync 1 DAGs
[2024-02-16T16:29:51.701+0000] {logging_mixin.py:188} INFO - [2024-02-16T16:29:51.700+0000] {dag.py:3823} INFO - Setting next_dagrun for example_nested_branch_dag to 2024-02-15 00:00:00+00:00, run_after=2024-02-16 00:00:00+00:00
[2024-02-16T16:29:51.717+0000] {processor.py:183} INFO - Processing /home/airflow/.local/lib/python3.8/site-packages/airflow/example_dags/example_nested_branch_dag.py took 0.072 seconds
[2024-02-16T16:30:21.741+0000] {processor.py:161} INFO - Started process (PID=1148) to work on /home/airflow/.local/lib/python3.8/site-packages/airflow/example_dags/example_nested_branch_dag.py
[2024-02-16T16:30:21.742+0000] {processor.py:830} INFO - Processing file /home/airflow/.local/lib/python3.8/site-packages/airflow/example_dags/example_nested_branch_dag.py for tasks to queue
[2024-02-16T16:30:21.743+0000] {logging_mixin.py:188} INFO - [2024-02-16T16:30:21.742+0000] {dagbag.py:538} INFO - Filling up the DagBag from /home/airflow/.local/lib/python3.8/site-packages/airflow/example_dags/example_nested_branch_dag.py
[2024-02-16T16:30:21.749+0000] {processor.py:840} INFO - DAG(s) 'example_nested_branch_dag' retrieved from /home/airflow/.local/lib/python3.8/site-packages/airflow/example_dags/example_nested_branch_dag.py
[2024-02-16T16:30:21.763+0000] {logging_mixin.py:188} INFO - [2024-02-16T16:30:21.763+0000] {dag.py:3036} INFO - Sync 1 DAGs
[2024-02-16T16:30:21.778+0000] {logging_mixin.py:188} INFO - [2024-02-16T16:30:21.778+0000] {dag.py:3823} INFO - Setting next_dagrun for example_nested_branch_dag to 2024-02-15 00:00:00+00:00, run_after=2024-02-16 00:00:00+00:00
[2024-02-16T16:30:21.789+0000] {processor.py:183} INFO - Processing /home/airflow/.local/lib/python3.8/site-packages/airflow/example_dags/example_nested_branch_dag.py took 0.050 seconds
[2024-02-16T16:31:26.396+0000] {processor.py:161} INFO - Started process (PID=49) to work on /home/airflow/.local/lib/python3.8/site-packages/airflow/example_dags/example_nested_branch_dag.py
[2024-02-16T16:31:26.397+0000] {processor.py:830} INFO - Processing file /home/airflow/.local/lib/python3.8/site-packages/airflow/example_dags/example_nested_branch_dag.py for tasks to queue
[2024-02-16T16:31:26.398+0000] {logging_mixin.py:188} INFO - [2024-02-16T16:31:26.398+0000] {dagbag.py:538} INFO - Filling up the DagBag from /home/airflow/.local/lib/python3.8/site-packages/airflow/example_dags/example_nested_branch_dag.py
[2024-02-16T16:31:26.408+0000] {processor.py:840} INFO - DAG(s) 'example_nested_branch_dag' retrieved from /home/airflow/.local/lib/python3.8/site-packages/airflow/example_dags/example_nested_branch_dag.py
[2024-02-16T16:31:26.416+0000] {logging_mixin.py:188} INFO - [2024-02-16T16:31:26.416+0000] {dag.py:3036} INFO - Sync 1 DAGs
[2024-02-16T16:31:26.435+0000] {logging_mixin.py:188} INFO - [2024-02-16T16:31:26.435+0000] {dag.py:3823} INFO - Setting next_dagrun for example_nested_branch_dag to 2024-02-15 00:00:00+00:00, run_after=2024-02-16 00:00:00+00:00
[2024-02-16T16:31:26.451+0000] {processor.py:183} INFO - Processing /home/airflow/.local/lib/python3.8/site-packages/airflow/example_dags/example_nested_branch_dag.py took 0.057 seconds
[2024-02-16T16:31:57.411+0000] {processor.py:161} INFO - Started process (PID=105) to work on /home/airflow/.local/lib/python3.8/site-packages/airflow/example_dags/example_nested_branch_dag.py
[2024-02-16T16:31:57.411+0000] {processor.py:830} INFO - Processing file /home/airflow/.local/lib/python3.8/site-packages/airflow/example_dags/example_nested_branch_dag.py for tasks to queue
[2024-02-16T16:31:57.413+0000] {logging_mixin.py:188} INFO - [2024-02-16T16:31:57.412+0000] {dagbag.py:538} INFO - Filling up the DagBag from /home/airflow/.local/lib/python3.8/site-packages/airflow/example_dags/example_nested_branch_dag.py
[2024-02-16T16:31:57.419+0000] {processor.py:840} INFO - DAG(s) 'example_nested_branch_dag' retrieved from /home/airflow/.local/lib/python3.8/site-packages/airflow/example_dags/example_nested_branch_dag.py
[2024-02-16T16:31:57.493+0000] {logging_mixin.py:188} INFO - [2024-02-16T16:31:57.493+0000] {dag.py:3036} INFO - Sync 1 DAGs
[2024-02-16T16:31:57.508+0000] {logging_mixin.py:188} INFO - [2024-02-16T16:31:57.508+0000] {dag.py:3823} INFO - Setting next_dagrun for example_nested_branch_dag to 2024-02-15 00:00:00+00:00, run_after=2024-02-16 00:00:00+00:00
[2024-02-16T16:31:57.522+0000] {processor.py:183} INFO - Processing /home/airflow/.local/lib/python3.8/site-packages/airflow/example_dags/example_nested_branch_dag.py took 0.113 seconds
[2024-02-16T16:32:28.443+0000] {processor.py:161} INFO - Started process (PID=161) to work on /home/airflow/.local/lib/python3.8/site-packages/airflow/example_dags/example_nested_branch_dag.py
[2024-02-16T16:32:28.443+0000] {processor.py:830} INFO - Processing file /home/airflow/.local/lib/python3.8/site-packages/airflow/example_dags/example_nested_branch_dag.py for tasks to queue
[2024-02-16T16:32:28.445+0000] {logging_mixin.py:188} INFO - [2024-02-16T16:32:28.444+0000] {dagbag.py:538} INFO - Filling up the DagBag from /home/airflow/.local/lib/python3.8/site-packages/airflow/example_dags/example_nested_branch_dag.py
[2024-02-16T16:32:28.451+0000] {processor.py:840} INFO - DAG(s) 'example_nested_branch_dag' retrieved from /home/airflow/.local/lib/python3.8/site-packages/airflow/example_dags/example_nested_branch_dag.py
[2024-02-16T16:32:28.466+0000] {logging_mixin.py:188} INFO - [2024-02-16T16:32:28.466+0000] {dag.py:3036} INFO - Sync 1 DAGs
[2024-02-16T16:32:28.482+0000] {logging_mixin.py:188} INFO - [2024-02-16T16:32:28.482+0000] {dag.py:3823} INFO - Setting next_dagrun for example_nested_branch_dag to 2024-02-15 00:00:00+00:00, run_after=2024-02-16 00:00:00+00:00
[2024-02-16T16:32:28.496+0000] {processor.py:183} INFO - Processing /home/airflow/.local/lib/python3.8/site-packages/airflow/example_dags/example_nested_branch_dag.py took 0.054 seconds
[2024-02-16T16:32:58.567+0000] {processor.py:161} INFO - Started process (PID=217) to work on /home/airflow/.local/lib/python3.8/site-packages/airflow/example_dags/example_nested_branch_dag.py
[2024-02-16T16:32:58.568+0000] {processor.py:830} INFO - Processing file /home/airflow/.local/lib/python3.8/site-packages/airflow/example_dags/example_nested_branch_dag.py for tasks to queue
[2024-02-16T16:32:58.569+0000] {logging_mixin.py:188} INFO - [2024-02-16T16:32:58.569+0000] {dagbag.py:538} INFO - Filling up the DagBag from /home/airflow/.local/lib/python3.8/site-packages/airflow/example_dags/example_nested_branch_dag.py
[2024-02-16T16:32:58.576+0000] {processor.py:840} INFO - DAG(s) 'example_nested_branch_dag' retrieved from /home/airflow/.local/lib/python3.8/site-packages/airflow/example_dags/example_nested_branch_dag.py
[2024-02-16T16:32:58.591+0000] {logging_mixin.py:188} INFO - [2024-02-16T16:32:58.591+0000] {dag.py:3036} INFO - Sync 1 DAGs
[2024-02-16T16:32:58.608+0000] {logging_mixin.py:188} INFO - [2024-02-16T16:32:58.608+0000] {dag.py:3823} INFO - Setting next_dagrun for example_nested_branch_dag to 2024-02-15 00:00:00+00:00, run_after=2024-02-16 00:00:00+00:00
[2024-02-16T16:32:58.621+0000] {processor.py:183} INFO - Processing /home/airflow/.local/lib/python3.8/site-packages/airflow/example_dags/example_nested_branch_dag.py took 0.055 seconds
[2024-02-16T16:33:28.899+0000] {processor.py:161} INFO - Started process (PID=273) to work on /home/airflow/.local/lib/python3.8/site-packages/airflow/example_dags/example_nested_branch_dag.py
[2024-02-16T16:33:28.899+0000] {processor.py:830} INFO - Processing file /home/airflow/.local/lib/python3.8/site-packages/airflow/example_dags/example_nested_branch_dag.py for tasks to queue
[2024-02-16T16:33:28.900+0000] {logging_mixin.py:188} INFO - [2024-02-16T16:33:28.900+0000] {dagbag.py:538} INFO - Filling up the DagBag from /home/airflow/.local/lib/python3.8/site-packages/airflow/example_dags/example_nested_branch_dag.py
[2024-02-16T16:33:28.907+0000] {processor.py:840} INFO - DAG(s) 'example_nested_branch_dag' retrieved from /home/airflow/.local/lib/python3.8/site-packages/airflow/example_dags/example_nested_branch_dag.py
[2024-02-16T16:33:28.921+0000] {logging_mixin.py:188} INFO - [2024-02-16T16:33:28.921+0000] {dag.py:3036} INFO - Sync 1 DAGs
[2024-02-16T16:33:28.937+0000] {logging_mixin.py:188} INFO - [2024-02-16T16:33:28.937+0000] {dag.py:3823} INFO - Setting next_dagrun for example_nested_branch_dag to 2024-02-15 00:00:00+00:00, run_after=2024-02-16 00:00:00+00:00
[2024-02-16T16:33:28.951+0000] {processor.py:183} INFO - Processing /home/airflow/.local/lib/python3.8/site-packages/airflow/example_dags/example_nested_branch_dag.py took 0.054 seconds
[2024-02-16T16:33:59.029+0000] {processor.py:161} INFO - Started process (PID=329) to work on /home/airflow/.local/lib/python3.8/site-packages/airflow/example_dags/example_nested_branch_dag.py
[2024-02-16T16:33:59.030+0000] {processor.py:830} INFO - Processing file /home/airflow/.local/lib/python3.8/site-packages/airflow/example_dags/example_nested_branch_dag.py for tasks to queue
[2024-02-16T16:33:59.031+0000] {logging_mixin.py:188} INFO - [2024-02-16T16:33:59.031+0000] {dagbag.py:538} INFO - Filling up the DagBag from /home/airflow/.local/lib/python3.8/site-packages/airflow/example_dags/example_nested_branch_dag.py
[2024-02-16T16:33:59.038+0000] {processor.py:840} INFO - DAG(s) 'example_nested_branch_dag' retrieved from /home/airflow/.local/lib/python3.8/site-packages/airflow/example_dags/example_nested_branch_dag.py
[2024-02-16T16:33:59.055+0000] {logging_mixin.py:188} INFO - [2024-02-16T16:33:59.054+0000] {dag.py:3036} INFO - Sync 1 DAGs
[2024-02-16T16:33:59.072+0000] {logging_mixin.py:188} INFO - [2024-02-16T16:33:59.072+0000] {dag.py:3823} INFO - Setting next_dagrun for example_nested_branch_dag to 2024-02-15 00:00:00+00:00, run_after=2024-02-16 00:00:00+00:00
[2024-02-16T16:33:59.087+0000] {processor.py:183} INFO - Processing /home/airflow/.local/lib/python3.8/site-packages/airflow/example_dags/example_nested_branch_dag.py took 0.059 seconds
[2024-02-16T16:34:29.284+0000] {processor.py:161} INFO - Started process (PID=385) to work on /home/airflow/.local/lib/python3.8/site-packages/airflow/example_dags/example_nested_branch_dag.py
[2024-02-16T16:34:29.285+0000] {processor.py:830} INFO - Processing file /home/airflow/.local/lib/python3.8/site-packages/airflow/example_dags/example_nested_branch_dag.py for tasks to queue
[2024-02-16T16:34:29.286+0000] {logging_mixin.py:188} INFO - [2024-02-16T16:34:29.286+0000] {dagbag.py:538} INFO - Filling up the DagBag from /home/airflow/.local/lib/python3.8/site-packages/airflow/example_dags/example_nested_branch_dag.py
[2024-02-16T16:34:29.293+0000] {processor.py:840} INFO - DAG(s) 'example_nested_branch_dag' retrieved from /home/airflow/.local/lib/python3.8/site-packages/airflow/example_dags/example_nested_branch_dag.py
[2024-02-16T16:34:29.307+0000] {logging_mixin.py:188} INFO - [2024-02-16T16:34:29.307+0000] {dag.py:3036} INFO - Sync 1 DAGs
[2024-02-16T16:34:29.325+0000] {logging_mixin.py:188} INFO - [2024-02-16T16:34:29.325+0000] {dag.py:3823} INFO - Setting next_dagrun for example_nested_branch_dag to 2024-02-15 00:00:00+00:00, run_after=2024-02-16 00:00:00+00:00
[2024-02-16T16:34:29.338+0000] {processor.py:183} INFO - Processing /home/airflow/.local/lib/python3.8/site-packages/airflow/example_dags/example_nested_branch_dag.py took 0.056 seconds
[2024-02-16T16:34:59.580+0000] {processor.py:161} INFO - Started process (PID=441) to work on /home/airflow/.local/lib/python3.8/site-packages/airflow/example_dags/example_nested_branch_dag.py
[2024-02-16T16:34:59.581+0000] {processor.py:830} INFO - Processing file /home/airflow/.local/lib/python3.8/site-packages/airflow/example_dags/example_nested_branch_dag.py for tasks to queue
[2024-02-16T16:34:59.582+0000] {logging_mixin.py:188} INFO - [2024-02-16T16:34:59.582+0000] {dagbag.py:538} INFO - Filling up the DagBag from /home/airflow/.local/lib/python3.8/site-packages/airflow/example_dags/example_nested_branch_dag.py
[2024-02-16T16:34:59.588+0000] {processor.py:840} INFO - DAG(s) 'example_nested_branch_dag' retrieved from /home/airflow/.local/lib/python3.8/site-packages/airflow/example_dags/example_nested_branch_dag.py
[2024-02-16T16:34:59.603+0000] {logging_mixin.py:188} INFO - [2024-02-16T16:34:59.603+0000] {dag.py:3036} INFO - Sync 1 DAGs
[2024-02-16T16:34:59.619+0000] {logging_mixin.py:188} INFO - [2024-02-16T16:34:59.619+0000] {dag.py:3823} INFO - Setting next_dagrun for example_nested_branch_dag to 2024-02-15 00:00:00+00:00, run_after=2024-02-16 00:00:00+00:00
[2024-02-16T16:34:59.633+0000] {processor.py:183} INFO - Processing /home/airflow/.local/lib/python3.8/site-packages/airflow/example_dags/example_nested_branch_dag.py took 0.055 seconds
[2024-02-16T16:35:29.779+0000] {processor.py:161} INFO - Started process (PID=497) to work on /home/airflow/.local/lib/python3.8/site-packages/airflow/example_dags/example_nested_branch_dag.py
[2024-02-16T16:35:29.779+0000] {processor.py:830} INFO - Processing file /home/airflow/.local/lib/python3.8/site-packages/airflow/example_dags/example_nested_branch_dag.py for tasks to queue
[2024-02-16T16:35:29.780+0000] {logging_mixin.py:188} INFO - [2024-02-16T16:35:29.780+0000] {dagbag.py:538} INFO - Filling up the DagBag from /home/airflow/.local/lib/python3.8/site-packages/airflow/example_dags/example_nested_branch_dag.py
[2024-02-16T16:35:29.787+0000] {processor.py:840} INFO - DAG(s) 'example_nested_branch_dag' retrieved from /home/airflow/.local/lib/python3.8/site-packages/airflow/example_dags/example_nested_branch_dag.py
[2024-02-16T16:35:29.802+0000] {logging_mixin.py:188} INFO - [2024-02-16T16:35:29.802+0000] {dag.py:3036} INFO - Sync 1 DAGs
[2024-02-16T16:35:29.821+0000] {logging_mixin.py:188} INFO - [2024-02-16T16:35:29.821+0000] {dag.py:3823} INFO - Setting next_dagrun for example_nested_branch_dag to 2024-02-15 00:00:00+00:00, run_after=2024-02-16 00:00:00+00:00
[2024-02-16T16:35:29.835+0000] {processor.py:183} INFO - Processing /home/airflow/.local/lib/python3.8/site-packages/airflow/example_dags/example_nested_branch_dag.py took 0.058 seconds
[2024-02-16T16:35:59.995+0000] {processor.py:161} INFO - Started process (PID=553) to work on /home/airflow/.local/lib/python3.8/site-packages/airflow/example_dags/example_nested_branch_dag.py
[2024-02-16T16:35:59.996+0000] {processor.py:830} INFO - Processing file /home/airflow/.local/lib/python3.8/site-packages/airflow/example_dags/example_nested_branch_dag.py for tasks to queue
[2024-02-16T16:35:59.997+0000] {logging_mixin.py:188} INFO - [2024-02-16T16:35:59.997+0000] {dagbag.py:538} INFO - Filling up the DagBag from /home/airflow/.local/lib/python3.8/site-packages/airflow/example_dags/example_nested_branch_dag.py
[2024-02-16T16:36:00.004+0000] {processor.py:840} INFO - DAG(s) 'example_nested_branch_dag' retrieved from /home/airflow/.local/lib/python3.8/site-packages/airflow/example_dags/example_nested_branch_dag.py
[2024-02-16T16:36:00.021+0000] {logging_mixin.py:188} INFO - [2024-02-16T16:36:00.021+0000] {dag.py:3036} INFO - Sync 1 DAGs
[2024-02-16T16:36:00.038+0000] {logging_mixin.py:188} INFO - [2024-02-16T16:36:00.038+0000] {dag.py:3823} INFO - Setting next_dagrun for example_nested_branch_dag to 2024-02-15 00:00:00+00:00, run_after=2024-02-16 00:00:00+00:00
[2024-02-16T16:36:00.054+0000] {processor.py:183} INFO - Processing /home/airflow/.local/lib/python3.8/site-packages/airflow/example_dags/example_nested_branch_dag.py took 0.060 seconds
[2024-02-16T16:36:31.026+0000] {processor.py:161} INFO - Started process (PID=609) to work on /home/airflow/.local/lib/python3.8/site-packages/airflow/example_dags/example_nested_branch_dag.py
[2024-02-16T16:36:31.026+0000] {processor.py:830} INFO - Processing file /home/airflow/.local/lib/python3.8/site-packages/airflow/example_dags/example_nested_branch_dag.py for tasks to queue
[2024-02-16T16:36:31.028+0000] {logging_mixin.py:188} INFO - [2024-02-16T16:36:31.027+0000] {dagbag.py:538} INFO - Filling up the DagBag from /home/airflow/.local/lib/python3.8/site-packages/airflow/example_dags/example_nested_branch_dag.py
[2024-02-16T16:36:31.034+0000] {processor.py:840} INFO - DAG(s) 'example_nested_branch_dag' retrieved from /home/airflow/.local/lib/python3.8/site-packages/airflow/example_dags/example_nested_branch_dag.py
[2024-02-16T16:36:31.049+0000] {logging_mixin.py:188} INFO - [2024-02-16T16:36:31.049+0000] {dag.py:3036} INFO - Sync 1 DAGs
[2024-02-16T16:36:31.067+0000] {logging_mixin.py:188} INFO - [2024-02-16T16:36:31.067+0000] {dag.py:3823} INFO - Setting next_dagrun for example_nested_branch_dag to 2024-02-15 00:00:00+00:00, run_after=2024-02-16 00:00:00+00:00
[2024-02-16T16:36:31.084+0000] {processor.py:183} INFO - Processing /home/airflow/.local/lib/python3.8/site-packages/airflow/example_dags/example_nested_branch_dag.py took 0.060 seconds
[2024-02-16T16:37:01.441+0000] {processor.py:161} INFO - Started process (PID=666) to work on /home/airflow/.local/lib/python3.8/site-packages/airflow/example_dags/example_nested_branch_dag.py
[2024-02-16T16:37:01.442+0000] {processor.py:830} INFO - Processing file /home/airflow/.local/lib/python3.8/site-packages/airflow/example_dags/example_nested_branch_dag.py for tasks to queue
[2024-02-16T16:37:01.443+0000] {logging_mixin.py:188} INFO - [2024-02-16T16:37:01.443+0000] {dagbag.py:538} INFO - Filling up the DagBag from /home/airflow/.local/lib/python3.8/site-packages/airflow/example_dags/example_nested_branch_dag.py
[2024-02-16T16:37:01.450+0000] {processor.py:840} INFO - DAG(s) 'example_nested_branch_dag' retrieved from /home/airflow/.local/lib/python3.8/site-packages/airflow/example_dags/example_nested_branch_dag.py
[2024-02-16T16:37:01.466+0000] {logging_mixin.py:188} INFO - [2024-02-16T16:37:01.466+0000] {dag.py:3036} INFO - Sync 1 DAGs
[2024-02-16T16:37:01.484+0000] {logging_mixin.py:188} INFO - [2024-02-16T16:37:01.484+0000] {dag.py:3823} INFO - Setting next_dagrun for example_nested_branch_dag to 2024-02-15 00:00:00+00:00, run_after=2024-02-16 00:00:00+00:00
[2024-02-16T16:37:01.500+0000] {processor.py:183} INFO - Processing /home/airflow/.local/lib/python3.8/site-packages/airflow/example_dags/example_nested_branch_dag.py took 0.062 seconds
[2024-02-16T16:37:31.759+0000] {processor.py:161} INFO - Started process (PID=723) to work on /home/airflow/.local/lib/python3.8/site-packages/airflow/example_dags/example_nested_branch_dag.py
[2024-02-16T16:37:31.760+0000] {processor.py:830} INFO - Processing file /home/airflow/.local/lib/python3.8/site-packages/airflow/example_dags/example_nested_branch_dag.py for tasks to queue
[2024-02-16T16:37:31.761+0000] {logging_mixin.py:188} INFO - [2024-02-16T16:37:31.761+0000] {dagbag.py:538} INFO - Filling up the DagBag from /home/airflow/.local/lib/python3.8/site-packages/airflow/example_dags/example_nested_branch_dag.py
[2024-02-16T16:37:31.769+0000] {processor.py:840} INFO - DAG(s) 'example_nested_branch_dag' retrieved from /home/airflow/.local/lib/python3.8/site-packages/airflow/example_dags/example_nested_branch_dag.py
[2024-02-16T16:37:31.786+0000] {logging_mixin.py:188} INFO - [2024-02-16T16:37:31.786+0000] {dag.py:3036} INFO - Sync 1 DAGs
[2024-02-16T16:37:31.804+0000] {logging_mixin.py:188} INFO - [2024-02-16T16:37:31.804+0000] {dag.py:3823} INFO - Setting next_dagrun for example_nested_branch_dag to 2024-02-15 00:00:00+00:00, run_after=2024-02-16 00:00:00+00:00
[2024-02-16T16:37:31.817+0000] {processor.py:183} INFO - Processing /home/airflow/.local/lib/python3.8/site-packages/airflow/example_dags/example_nested_branch_dag.py took 0.061 seconds
[2024-02-16T16:39:15.894+0000] {processor.py:161} INFO - Started process (PID=50) to work on /home/airflow/.local/lib/python3.8/site-packages/airflow/example_dags/example_nested_branch_dag.py
[2024-02-16T16:39:15.895+0000] {processor.py:830} INFO - Processing file /home/airflow/.local/lib/python3.8/site-packages/airflow/example_dags/example_nested_branch_dag.py for tasks to queue
[2024-02-16T16:39:15.896+0000] {logging_mixin.py:188} INFO - [2024-02-16T16:39:15.896+0000] {dagbag.py:538} INFO - Filling up the DagBag from /home/airflow/.local/lib/python3.8/site-packages/airflow/example_dags/example_nested_branch_dag.py
[2024-02-16T16:39:15.905+0000] {processor.py:840} INFO - DAG(s) 'example_nested_branch_dag' retrieved from /home/airflow/.local/lib/python3.8/site-packages/airflow/example_dags/example_nested_branch_dag.py
[2024-02-16T16:39:15.914+0000] {logging_mixin.py:188} INFO - [2024-02-16T16:39:15.913+0000] {dag.py:3036} INFO - Sync 1 DAGs
[2024-02-16T16:39:15.932+0000] {logging_mixin.py:188} INFO - [2024-02-16T16:39:15.932+0000] {dag.py:3823} INFO - Setting next_dagrun for example_nested_branch_dag to 2024-02-15 00:00:00+00:00, run_after=2024-02-16 00:00:00+00:00
[2024-02-16T16:39:15.948+0000] {processor.py:183} INFO - Processing /home/airflow/.local/lib/python3.8/site-packages/airflow/example_dags/example_nested_branch_dag.py took 0.056 seconds
[2024-02-16T16:39:46.370+0000] {processor.py:161} INFO - Started process (PID=107) to work on /home/airflow/.local/lib/python3.8/site-packages/airflow/example_dags/example_nested_branch_dag.py
[2024-02-16T16:39:46.371+0000] {processor.py:830} INFO - Processing file /home/airflow/.local/lib/python3.8/site-packages/airflow/example_dags/example_nested_branch_dag.py for tasks to queue
[2024-02-16T16:39:46.372+0000] {logging_mixin.py:188} INFO - [2024-02-16T16:39:46.372+0000] {dagbag.py:538} INFO - Filling up the DagBag from /home/airflow/.local/lib/python3.8/site-packages/airflow/example_dags/example_nested_branch_dag.py
[2024-02-16T16:39:46.378+0000] {processor.py:840} INFO - DAG(s) 'example_nested_branch_dag' retrieved from /home/airflow/.local/lib/python3.8/site-packages/airflow/example_dags/example_nested_branch_dag.py
[2024-02-16T16:39:46.452+0000] {logging_mixin.py:188} INFO - [2024-02-16T16:39:46.452+0000] {dag.py:3036} INFO - Sync 1 DAGs
[2024-02-16T16:39:46.470+0000] {logging_mixin.py:188} INFO - [2024-02-16T16:39:46.470+0000] {dag.py:3823} INFO - Setting next_dagrun for example_nested_branch_dag to 2024-02-15 00:00:00+00:00, run_after=2024-02-16 00:00:00+00:00
[2024-02-16T16:39:46.486+0000] {processor.py:183} INFO - Processing /home/airflow/.local/lib/python3.8/site-packages/airflow/example_dags/example_nested_branch_dag.py took 0.117 seconds
[2024-02-16T16:40:16.713+0000] {processor.py:161} INFO - Started process (PID=163) to work on /home/airflow/.local/lib/python3.8/site-packages/airflow/example_dags/example_nested_branch_dag.py
[2024-02-16T16:40:16.713+0000] {processor.py:830} INFO - Processing file /home/airflow/.local/lib/python3.8/site-packages/airflow/example_dags/example_nested_branch_dag.py for tasks to queue
[2024-02-16T16:40:16.714+0000] {logging_mixin.py:188} INFO - [2024-02-16T16:40:16.714+0000] {dagbag.py:538} INFO - Filling up the DagBag from /home/airflow/.local/lib/python3.8/site-packages/airflow/example_dags/example_nested_branch_dag.py
[2024-02-16T16:40:16.720+0000] {processor.py:840} INFO - DAG(s) 'example_nested_branch_dag' retrieved from /home/airflow/.local/lib/python3.8/site-packages/airflow/example_dags/example_nested_branch_dag.py
[2024-02-16T16:40:16.736+0000] {logging_mixin.py:188} INFO - [2024-02-16T16:40:16.735+0000] {dag.py:3036} INFO - Sync 1 DAGs
[2024-02-16T16:40:16.752+0000] {logging_mixin.py:188} INFO - [2024-02-16T16:40:16.752+0000] {dag.py:3823} INFO - Setting next_dagrun for example_nested_branch_dag to 2024-02-15 00:00:00+00:00, run_after=2024-02-16 00:00:00+00:00
[2024-02-16T16:40:16.765+0000] {processor.py:183} INFO - Processing /home/airflow/.local/lib/python3.8/site-packages/airflow/example_dags/example_nested_branch_dag.py took 0.054 seconds
[2024-02-16T16:40:46.805+0000] {processor.py:161} INFO - Started process (PID=219) to work on /home/airflow/.local/lib/python3.8/site-packages/airflow/example_dags/example_nested_branch_dag.py
[2024-02-16T16:40:46.805+0000] {processor.py:830} INFO - Processing file /home/airflow/.local/lib/python3.8/site-packages/airflow/example_dags/example_nested_branch_dag.py for tasks to queue
[2024-02-16T16:40:46.807+0000] {logging_mixin.py:188} INFO - [2024-02-16T16:40:46.806+0000] {dagbag.py:538} INFO - Filling up the DagBag from /home/airflow/.local/lib/python3.8/site-packages/airflow/example_dags/example_nested_branch_dag.py
[2024-02-16T16:40:46.813+0000] {processor.py:840} INFO - DAG(s) 'example_nested_branch_dag' retrieved from /home/airflow/.local/lib/python3.8/site-packages/airflow/example_dags/example_nested_branch_dag.py
[2024-02-16T16:40:46.828+0000] {logging_mixin.py:188} INFO - [2024-02-16T16:40:46.828+0000] {dag.py:3036} INFO - Sync 1 DAGs
[2024-02-16T16:40:46.845+0000] {logging_mixin.py:188} INFO - [2024-02-16T16:40:46.844+0000] {dag.py:3823} INFO - Setting next_dagrun for example_nested_branch_dag to 2024-02-15 00:00:00+00:00, run_after=2024-02-16 00:00:00+00:00
[2024-02-16T16:40:46.859+0000] {processor.py:183} INFO - Processing /home/airflow/.local/lib/python3.8/site-packages/airflow/example_dags/example_nested_branch_dag.py took 0.056 seconds
[2024-02-16T16:41:17.185+0000] {processor.py:161} INFO - Started process (PID=276) to work on /home/airflow/.local/lib/python3.8/site-packages/airflow/example_dags/example_nested_branch_dag.py
[2024-02-16T16:41:17.185+0000] {processor.py:830} INFO - Processing file /home/airflow/.local/lib/python3.8/site-packages/airflow/example_dags/example_nested_branch_dag.py for tasks to queue
[2024-02-16T16:41:17.186+0000] {logging_mixin.py:188} INFO - [2024-02-16T16:41:17.186+0000] {dagbag.py:538} INFO - Filling up the DagBag from /home/airflow/.local/lib/python3.8/site-packages/airflow/example_dags/example_nested_branch_dag.py
[2024-02-16T16:41:17.194+0000] {processor.py:840} INFO - DAG(s) 'example_nested_branch_dag' retrieved from /home/airflow/.local/lib/python3.8/site-packages/airflow/example_dags/example_nested_branch_dag.py
[2024-02-16T16:41:17.210+0000] {logging_mixin.py:188} INFO - [2024-02-16T16:41:17.210+0000] {dag.py:3036} INFO - Sync 1 DAGs
[2024-02-16T16:41:17.228+0000] {logging_mixin.py:188} INFO - [2024-02-16T16:41:17.228+0000] {dag.py:3823} INFO - Setting next_dagrun for example_nested_branch_dag to 2024-02-15 00:00:00+00:00, run_after=2024-02-16 00:00:00+00:00
[2024-02-16T16:41:17.244+0000] {processor.py:183} INFO - Processing /home/airflow/.local/lib/python3.8/site-packages/airflow/example_dags/example_nested_branch_dag.py took 0.062 seconds
[2024-02-16T16:41:47.741+0000] {processor.py:161} INFO - Started process (PID=334) to work on /home/airflow/.local/lib/python3.8/site-packages/airflow/example_dags/example_nested_branch_dag.py
[2024-02-16T16:41:47.741+0000] {processor.py:830} INFO - Processing file /home/airflow/.local/lib/python3.8/site-packages/airflow/example_dags/example_nested_branch_dag.py for tasks to queue
[2024-02-16T16:41:47.743+0000] {logging_mixin.py:188} INFO - [2024-02-16T16:41:47.743+0000] {dagbag.py:538} INFO - Filling up the DagBag from /home/airflow/.local/lib/python3.8/site-packages/airflow/example_dags/example_nested_branch_dag.py
[2024-02-16T16:41:47.750+0000] {processor.py:840} INFO - DAG(s) 'example_nested_branch_dag' retrieved from /home/airflow/.local/lib/python3.8/site-packages/airflow/example_dags/example_nested_branch_dag.py
[2024-02-16T16:41:47.766+0000] {logging_mixin.py:188} INFO - [2024-02-16T16:41:47.766+0000] {dag.py:3036} INFO - Sync 1 DAGs
[2024-02-16T16:41:47.784+0000] {logging_mixin.py:188} INFO - [2024-02-16T16:41:47.783+0000] {dag.py:3823} INFO - Setting next_dagrun for example_nested_branch_dag to 2024-02-15 00:00:00+00:00, run_after=2024-02-16 00:00:00+00:00
[2024-02-16T16:41:47.798+0000] {processor.py:183} INFO - Processing /home/airflow/.local/lib/python3.8/site-packages/airflow/example_dags/example_nested_branch_dag.py took 0.059 seconds
[2024-02-16T16:42:17.985+0000] {processor.py:161} INFO - Started process (PID=391) to work on /home/airflow/.local/lib/python3.8/site-packages/airflow/example_dags/example_nested_branch_dag.py
[2024-02-16T16:42:17.986+0000] {processor.py:830} INFO - Processing file /home/airflow/.local/lib/python3.8/site-packages/airflow/example_dags/example_nested_branch_dag.py for tasks to queue
[2024-02-16T16:42:17.988+0000] {logging_mixin.py:188} INFO - [2024-02-16T16:42:17.987+0000] {dagbag.py:538} INFO - Filling up the DagBag from /home/airflow/.local/lib/python3.8/site-packages/airflow/example_dags/example_nested_branch_dag.py
[2024-02-16T16:42:17.995+0000] {processor.py:840} INFO - DAG(s) 'example_nested_branch_dag' retrieved from /home/airflow/.local/lib/python3.8/site-packages/airflow/example_dags/example_nested_branch_dag.py
[2024-02-16T16:42:18.013+0000] {logging_mixin.py:188} INFO - [2024-02-16T16:42:18.013+0000] {dag.py:3036} INFO - Sync 1 DAGs
[2024-02-16T16:42:18.032+0000] {logging_mixin.py:188} INFO - [2024-02-16T16:42:18.032+0000] {dag.py:3823} INFO - Setting next_dagrun for example_nested_branch_dag to 2024-02-15 00:00:00+00:00, run_after=2024-02-16 00:00:00+00:00
[2024-02-16T16:42:18.047+0000] {processor.py:183} INFO - Processing /home/airflow/.local/lib/python3.8/site-packages/airflow/example_dags/example_nested_branch_dag.py took 0.064 seconds
[2024-02-16T16:42:48.302+0000] {processor.py:161} INFO - Started process (PID=448) to work on /home/airflow/.local/lib/python3.8/site-packages/airflow/example_dags/example_nested_branch_dag.py
[2024-02-16T16:42:48.303+0000] {processor.py:830} INFO - Processing file /home/airflow/.local/lib/python3.8/site-packages/airflow/example_dags/example_nested_branch_dag.py for tasks to queue
[2024-02-16T16:42:48.304+0000] {logging_mixin.py:188} INFO - [2024-02-16T16:42:48.304+0000] {dagbag.py:538} INFO - Filling up the DagBag from /home/airflow/.local/lib/python3.8/site-packages/airflow/example_dags/example_nested_branch_dag.py
[2024-02-16T16:42:48.311+0000] {processor.py:840} INFO - DAG(s) 'example_nested_branch_dag' retrieved from /home/airflow/.local/lib/python3.8/site-packages/airflow/example_dags/example_nested_branch_dag.py
[2024-02-16T16:42:48.337+0000] {logging_mixin.py:188} INFO - [2024-02-16T16:42:48.337+0000] {dag.py:3036} INFO - Sync 1 DAGs
[2024-02-16T16:42:48.363+0000] {logging_mixin.py:188} INFO - [2024-02-16T16:42:48.362+0000] {dag.py:3823} INFO - Setting next_dagrun for example_nested_branch_dag to 2024-02-15 00:00:00+00:00, run_after=2024-02-16 00:00:00+00:00
[2024-02-16T16:42:48.380+0000] {processor.py:183} INFO - Processing /home/airflow/.local/lib/python3.8/site-packages/airflow/example_dags/example_nested_branch_dag.py took 0.080 seconds
[2024-02-16T16:43:18.743+0000] {processor.py:161} INFO - Started process (PID=505) to work on /home/airflow/.local/lib/python3.8/site-packages/airflow/example_dags/example_nested_branch_dag.py
[2024-02-16T16:43:18.744+0000] {processor.py:830} INFO - Processing file /home/airflow/.local/lib/python3.8/site-packages/airflow/example_dags/example_nested_branch_dag.py for tasks to queue
[2024-02-16T16:43:18.745+0000] {logging_mixin.py:188} INFO - [2024-02-16T16:43:18.745+0000] {dagbag.py:538} INFO - Filling up the DagBag from /home/airflow/.local/lib/python3.8/site-packages/airflow/example_dags/example_nested_branch_dag.py
[2024-02-16T16:43:18.752+0000] {processor.py:840} INFO - DAG(s) 'example_nested_branch_dag' retrieved from /home/airflow/.local/lib/python3.8/site-packages/airflow/example_dags/example_nested_branch_dag.py
[2024-02-16T16:43:18.769+0000] {logging_mixin.py:188} INFO - [2024-02-16T16:43:18.769+0000] {dag.py:3036} INFO - Sync 1 DAGs
[2024-02-16T16:43:18.787+0000] {logging_mixin.py:188} INFO - [2024-02-16T16:43:18.787+0000] {dag.py:3823} INFO - Setting next_dagrun for example_nested_branch_dag to 2024-02-15 00:00:00+00:00, run_after=2024-02-16 00:00:00+00:00
[2024-02-16T16:43:18.803+0000] {processor.py:183} INFO - Processing /home/airflow/.local/lib/python3.8/site-packages/airflow/example_dags/example_nested_branch_dag.py took 0.063 seconds
[2024-02-16T16:43:49.163+0000] {processor.py:161} INFO - Started process (PID=562) to work on /home/airflow/.local/lib/python3.8/site-packages/airflow/example_dags/example_nested_branch_dag.py
[2024-02-16T16:43:49.164+0000] {processor.py:830} INFO - Processing file /home/airflow/.local/lib/python3.8/site-packages/airflow/example_dags/example_nested_branch_dag.py for tasks to queue
[2024-02-16T16:43:49.166+0000] {logging_mixin.py:188} INFO - [2024-02-16T16:43:49.165+0000] {dagbag.py:538} INFO - Filling up the DagBag from /home/airflow/.local/lib/python3.8/site-packages/airflow/example_dags/example_nested_branch_dag.py
[2024-02-16T16:43:49.174+0000] {processor.py:840} INFO - DAG(s) 'example_nested_branch_dag' retrieved from /home/airflow/.local/lib/python3.8/site-packages/airflow/example_dags/example_nested_branch_dag.py
[2024-02-16T16:43:49.202+0000] {logging_mixin.py:188} INFO - [2024-02-16T16:43:49.202+0000] {dag.py:3036} INFO - Sync 1 DAGs
[2024-02-16T16:43:49.237+0000] {logging_mixin.py:188} INFO - [2024-02-16T16:43:49.237+0000] {dag.py:3823} INFO - Setting next_dagrun for example_nested_branch_dag to 2024-02-15 00:00:00+00:00, run_after=2024-02-16 00:00:00+00:00
[2024-02-16T16:43:49.264+0000] {processor.py:183} INFO - Processing /home/airflow/.local/lib/python3.8/site-packages/airflow/example_dags/example_nested_branch_dag.py took 0.103 seconds
