[2024-02-16T16:20:19.094+0000] {processor.py:161} INFO - Started process (PID=86) to work on /home/airflow/.local/lib/python3.8/site-packages/airflow/example_dags/example_task_group_decorator.py
[2024-02-16T16:20:19.095+0000] {processor.py:830} INFO - Processing file /home/airflow/.local/lib/python3.8/site-packages/airflow/example_dags/example_task_group_decorator.py for tasks to queue
[2024-02-16T16:20:19.096+0000] {logging_mixin.py:188} INFO - [2024-02-16T16:20:19.096+0000] {dagbag.py:538} INFO - Filling up the DagBag from /home/airflow/.local/lib/python3.8/site-packages/airflow/example_dags/example_task_group_decorator.py
[2024-02-16T16:20:19.109+0000] {processor.py:840} INFO - DAG(s) 'example_task_group_decorator' retrieved from /home/airflow/.local/lib/python3.8/site-packages/airflow/example_dags/example_task_group_decorator.py
[2024-02-16T16:20:19.118+0000] {logging_mixin.py:188} INFO - [2024-02-16T16:20:19.118+0000] {dag.py:3036} INFO - Sync 1 DAGs
[2024-02-16T16:20:19.135+0000] {logging_mixin.py:188} INFO - [2024-02-16T16:20:19.135+0000] {dag.py:3823} INFO - Setting next_dagrun for example_task_group_decorator to 2024-02-15 00:00:00+00:00, run_after=2024-02-16 00:00:00+00:00
[2024-02-16T16:20:19.154+0000] {processor.py:183} INFO - Processing /home/airflow/.local/lib/python3.8/site-packages/airflow/example_dags/example_task_group_decorator.py took 0.062 seconds
[2024-02-16T16:20:50.347+0000] {processor.py:161} INFO - Started process (PID=141) to work on /home/airflow/.local/lib/python3.8/site-packages/airflow/example_dags/example_task_group_decorator.py
[2024-02-16T16:20:50.347+0000] {processor.py:830} INFO - Processing file /home/airflow/.local/lib/python3.8/site-packages/airflow/example_dags/example_task_group_decorator.py for tasks to queue
[2024-02-16T16:20:50.349+0000] {logging_mixin.py:188} INFO - [2024-02-16T16:20:50.348+0000] {dagbag.py:538} INFO - Filling up the DagBag from /home/airflow/.local/lib/python3.8/site-packages/airflow/example_dags/example_task_group_decorator.py
[2024-02-16T16:20:50.360+0000] {processor.py:840} INFO - DAG(s) 'example_task_group_decorator' retrieved from /home/airflow/.local/lib/python3.8/site-packages/airflow/example_dags/example_task_group_decorator.py
[2024-02-16T16:20:50.444+0000] {logging_mixin.py:188} INFO - [2024-02-16T16:20:50.443+0000] {dag.py:3036} INFO - Sync 1 DAGs
[2024-02-16T16:20:50.462+0000] {logging_mixin.py:188} INFO - [2024-02-16T16:20:50.462+0000] {dag.py:3823} INFO - Setting next_dagrun for example_task_group_decorator to 2024-02-15 00:00:00+00:00, run_after=2024-02-16 00:00:00+00:00
[2024-02-16T16:20:50.479+0000] {processor.py:183} INFO - Processing /home/airflow/.local/lib/python3.8/site-packages/airflow/example_dags/example_task_group_decorator.py took 0.134 seconds
[2024-02-16T16:21:20.833+0000] {processor.py:161} INFO - Started process (PID=196) to work on /home/airflow/.local/lib/python3.8/site-packages/airflow/example_dags/example_task_group_decorator.py
[2024-02-16T16:21:20.834+0000] {processor.py:830} INFO - Processing file /home/airflow/.local/lib/python3.8/site-packages/airflow/example_dags/example_task_group_decorator.py for tasks to queue
[2024-02-16T16:21:20.835+0000] {logging_mixin.py:188} INFO - [2024-02-16T16:21:20.835+0000] {dagbag.py:538} INFO - Filling up the DagBag from /home/airflow/.local/lib/python3.8/site-packages/airflow/example_dags/example_task_group_decorator.py
[2024-02-16T16:21:20.845+0000] {processor.py:840} INFO - DAG(s) 'example_task_group_decorator' retrieved from /home/airflow/.local/lib/python3.8/site-packages/airflow/example_dags/example_task_group_decorator.py
[2024-02-16T16:21:20.865+0000] {logging_mixin.py:188} INFO - [2024-02-16T16:21:20.865+0000] {dag.py:3036} INFO - Sync 1 DAGs
[2024-02-16T16:21:20.882+0000] {logging_mixin.py:188} INFO - [2024-02-16T16:21:20.881+0000] {dag.py:3823} INFO - Setting next_dagrun for example_task_group_decorator to 2024-02-15 00:00:00+00:00, run_after=2024-02-16 00:00:00+00:00
[2024-02-16T16:21:20.897+0000] {processor.py:183} INFO - Processing /home/airflow/.local/lib/python3.8/site-packages/airflow/example_dags/example_task_group_decorator.py took 0.066 seconds
[2024-02-16T16:21:51.667+0000] {processor.py:161} INFO - Started process (PID=251) to work on /home/airflow/.local/lib/python3.8/site-packages/airflow/example_dags/example_task_group_decorator.py
[2024-02-16T16:21:51.668+0000] {processor.py:830} INFO - Processing file /home/airflow/.local/lib/python3.8/site-packages/airflow/example_dags/example_task_group_decorator.py for tasks to queue
[2024-02-16T16:21:51.669+0000] {logging_mixin.py:188} INFO - [2024-02-16T16:21:51.668+0000] {dagbag.py:538} INFO - Filling up the DagBag from /home/airflow/.local/lib/python3.8/site-packages/airflow/example_dags/example_task_group_decorator.py
[2024-02-16T16:21:51.679+0000] {processor.py:840} INFO - DAG(s) 'example_task_group_decorator' retrieved from /home/airflow/.local/lib/python3.8/site-packages/airflow/example_dags/example_task_group_decorator.py
[2024-02-16T16:21:51.696+0000] {logging_mixin.py:188} INFO - [2024-02-16T16:21:51.696+0000] {dag.py:3036} INFO - Sync 1 DAGs
[2024-02-16T16:21:51.711+0000] {logging_mixin.py:188} INFO - [2024-02-16T16:21:51.711+0000] {dag.py:3823} INFO - Setting next_dagrun for example_task_group_decorator to 2024-02-15 00:00:00+00:00, run_after=2024-02-16 00:00:00+00:00
[2024-02-16T16:21:51.725+0000] {processor.py:183} INFO - Processing /home/airflow/.local/lib/python3.8/site-packages/airflow/example_dags/example_task_group_decorator.py took 0.059 seconds
[2024-02-16T16:22:21.897+0000] {processor.py:161} INFO - Started process (PID=306) to work on /home/airflow/.local/lib/python3.8/site-packages/airflow/example_dags/example_task_group_decorator.py
[2024-02-16T16:22:21.898+0000] {processor.py:830} INFO - Processing file /home/airflow/.local/lib/python3.8/site-packages/airflow/example_dags/example_task_group_decorator.py for tasks to queue
[2024-02-16T16:22:21.899+0000] {logging_mixin.py:188} INFO - [2024-02-16T16:22:21.899+0000] {dagbag.py:538} INFO - Filling up the DagBag from /home/airflow/.local/lib/python3.8/site-packages/airflow/example_dags/example_task_group_decorator.py
[2024-02-16T16:22:21.910+0000] {processor.py:840} INFO - DAG(s) 'example_task_group_decorator' retrieved from /home/airflow/.local/lib/python3.8/site-packages/airflow/example_dags/example_task_group_decorator.py
[2024-02-16T16:22:21.928+0000] {logging_mixin.py:188} INFO - [2024-02-16T16:22:21.928+0000] {dag.py:3036} INFO - Sync 1 DAGs
[2024-02-16T16:22:21.944+0000] {logging_mixin.py:188} INFO - [2024-02-16T16:22:21.944+0000] {dag.py:3823} INFO - Setting next_dagrun for example_task_group_decorator to 2024-02-15 00:00:00+00:00, run_after=2024-02-16 00:00:00+00:00
[2024-02-16T16:22:21.960+0000] {processor.py:183} INFO - Processing /home/airflow/.local/lib/python3.8/site-packages/airflow/example_dags/example_task_group_decorator.py took 0.064 seconds
[2024-02-16T16:22:52.134+0000] {processor.py:161} INFO - Started process (PID=361) to work on /home/airflow/.local/lib/python3.8/site-packages/airflow/example_dags/example_task_group_decorator.py
[2024-02-16T16:22:52.135+0000] {processor.py:830} INFO - Processing file /home/airflow/.local/lib/python3.8/site-packages/airflow/example_dags/example_task_group_decorator.py for tasks to queue
[2024-02-16T16:22:52.136+0000] {logging_mixin.py:188} INFO - [2024-02-16T16:22:52.136+0000] {dagbag.py:538} INFO - Filling up the DagBag from /home/airflow/.local/lib/python3.8/site-packages/airflow/example_dags/example_task_group_decorator.py
[2024-02-16T16:22:52.147+0000] {processor.py:840} INFO - DAG(s) 'example_task_group_decorator' retrieved from /home/airflow/.local/lib/python3.8/site-packages/airflow/example_dags/example_task_group_decorator.py
[2024-02-16T16:22:52.166+0000] {logging_mixin.py:188} INFO - [2024-02-16T16:22:52.166+0000] {dag.py:3036} INFO - Sync 1 DAGs
[2024-02-16T16:22:52.183+0000] {logging_mixin.py:188} INFO - [2024-02-16T16:22:52.183+0000] {dag.py:3823} INFO - Setting next_dagrun for example_task_group_decorator to 2024-02-15 00:00:00+00:00, run_after=2024-02-16 00:00:00+00:00
[2024-02-16T16:22:52.197+0000] {processor.py:183} INFO - Processing /home/airflow/.local/lib/python3.8/site-packages/airflow/example_dags/example_task_group_decorator.py took 0.066 seconds
[2024-02-16T16:23:22.464+0000] {processor.py:161} INFO - Started process (PID=418) to work on /home/airflow/.local/lib/python3.8/site-packages/airflow/example_dags/example_task_group_decorator.py
[2024-02-16T16:23:22.464+0000] {processor.py:830} INFO - Processing file /home/airflow/.local/lib/python3.8/site-packages/airflow/example_dags/example_task_group_decorator.py for tasks to queue
[2024-02-16T16:23:22.465+0000] {logging_mixin.py:188} INFO - [2024-02-16T16:23:22.465+0000] {dagbag.py:538} INFO - Filling up the DagBag from /home/airflow/.local/lib/python3.8/site-packages/airflow/example_dags/example_task_group_decorator.py
[2024-02-16T16:23:22.475+0000] {processor.py:840} INFO - DAG(s) 'example_task_group_decorator' retrieved from /home/airflow/.local/lib/python3.8/site-packages/airflow/example_dags/example_task_group_decorator.py
[2024-02-16T16:23:22.492+0000] {logging_mixin.py:188} INFO - [2024-02-16T16:23:22.492+0000] {dag.py:3036} INFO - Sync 1 DAGs
[2024-02-16T16:23:22.507+0000] {logging_mixin.py:188} INFO - [2024-02-16T16:23:22.507+0000] {dag.py:3823} INFO - Setting next_dagrun for example_task_group_decorator to 2024-02-15 00:00:00+00:00, run_after=2024-02-16 00:00:00+00:00
[2024-02-16T16:23:22.519+0000] {processor.py:183} INFO - Processing /home/airflow/.local/lib/python3.8/site-packages/airflow/example_dags/example_task_group_decorator.py took 0.057 seconds
[2024-02-16T16:23:52.684+0000] {processor.py:161} INFO - Started process (PID=471) to work on /home/airflow/.local/lib/python3.8/site-packages/airflow/example_dags/example_task_group_decorator.py
[2024-02-16T16:23:52.685+0000] {processor.py:830} INFO - Processing file /home/airflow/.local/lib/python3.8/site-packages/airflow/example_dags/example_task_group_decorator.py for tasks to queue
[2024-02-16T16:23:52.686+0000] {logging_mixin.py:188} INFO - [2024-02-16T16:23:52.686+0000] {dagbag.py:538} INFO - Filling up the DagBag from /home/airflow/.local/lib/python3.8/site-packages/airflow/example_dags/example_task_group_decorator.py
[2024-02-16T16:23:52.697+0000] {processor.py:840} INFO - DAG(s) 'example_task_group_decorator' retrieved from /home/airflow/.local/lib/python3.8/site-packages/airflow/example_dags/example_task_group_decorator.py
[2024-02-16T16:23:52.716+0000] {logging_mixin.py:188} INFO - [2024-02-16T16:23:52.716+0000] {dag.py:3036} INFO - Sync 1 DAGs
[2024-02-16T16:23:52.732+0000] {logging_mixin.py:188} INFO - [2024-02-16T16:23:52.732+0000] {dag.py:3823} INFO - Setting next_dagrun for example_task_group_decorator to 2024-02-15 00:00:00+00:00, run_after=2024-02-16 00:00:00+00:00
[2024-02-16T16:23:52.746+0000] {processor.py:183} INFO - Processing /home/airflow/.local/lib/python3.8/site-packages/airflow/example_dags/example_task_group_decorator.py took 0.064 seconds
[2024-02-16T16:24:22.894+0000] {processor.py:161} INFO - Started process (PID=526) to work on /home/airflow/.local/lib/python3.8/site-packages/airflow/example_dags/example_task_group_decorator.py
[2024-02-16T16:24:22.895+0000] {processor.py:830} INFO - Processing file /home/airflow/.local/lib/python3.8/site-packages/airflow/example_dags/example_task_group_decorator.py for tasks to queue
[2024-02-16T16:24:22.896+0000] {logging_mixin.py:188} INFO - [2024-02-16T16:24:22.896+0000] {dagbag.py:538} INFO - Filling up the DagBag from /home/airflow/.local/lib/python3.8/site-packages/airflow/example_dags/example_task_group_decorator.py
[2024-02-16T16:24:22.907+0000] {processor.py:840} INFO - DAG(s) 'example_task_group_decorator' retrieved from /home/airflow/.local/lib/python3.8/site-packages/airflow/example_dags/example_task_group_decorator.py
[2024-02-16T16:24:22.924+0000] {logging_mixin.py:188} INFO - [2024-02-16T16:24:22.924+0000] {dag.py:3036} INFO - Sync 1 DAGs
[2024-02-16T16:24:22.941+0000] {logging_mixin.py:188} INFO - [2024-02-16T16:24:22.941+0000] {dag.py:3823} INFO - Setting next_dagrun for example_task_group_decorator to 2024-02-15 00:00:00+00:00, run_after=2024-02-16 00:00:00+00:00
[2024-02-16T16:24:22.955+0000] {processor.py:183} INFO - Processing /home/airflow/.local/lib/python3.8/site-packages/airflow/example_dags/example_task_group_decorator.py took 0.062 seconds
[2024-02-16T16:24:53.116+0000] {processor.py:161} INFO - Started process (PID=581) to work on /home/airflow/.local/lib/python3.8/site-packages/airflow/example_dags/example_task_group_decorator.py
[2024-02-16T16:24:53.117+0000] {processor.py:830} INFO - Processing file /home/airflow/.local/lib/python3.8/site-packages/airflow/example_dags/example_task_group_decorator.py for tasks to queue
[2024-02-16T16:24:53.118+0000] {logging_mixin.py:188} INFO - [2024-02-16T16:24:53.118+0000] {dagbag.py:538} INFO - Filling up the DagBag from /home/airflow/.local/lib/python3.8/site-packages/airflow/example_dags/example_task_group_decorator.py
[2024-02-16T16:24:53.128+0000] {processor.py:840} INFO - DAG(s) 'example_task_group_decorator' retrieved from /home/airflow/.local/lib/python3.8/site-packages/airflow/example_dags/example_task_group_decorator.py
[2024-02-16T16:24:53.145+0000] {logging_mixin.py:188} INFO - [2024-02-16T16:24:53.145+0000] {dag.py:3036} INFO - Sync 1 DAGs
[2024-02-16T16:24:53.161+0000] {logging_mixin.py:188} INFO - [2024-02-16T16:24:53.161+0000] {dag.py:3823} INFO - Setting next_dagrun for example_task_group_decorator to 2024-02-15 00:00:00+00:00, run_after=2024-02-16 00:00:00+00:00
[2024-02-16T16:24:53.174+0000] {processor.py:183} INFO - Processing /home/airflow/.local/lib/python3.8/site-packages/airflow/example_dags/example_task_group_decorator.py took 0.059 seconds
[2024-02-16T16:25:23.446+0000] {processor.py:161} INFO - Started process (PID=636) to work on /home/airflow/.local/lib/python3.8/site-packages/airflow/example_dags/example_task_group_decorator.py
[2024-02-16T16:25:23.446+0000] {processor.py:830} INFO - Processing file /home/airflow/.local/lib/python3.8/site-packages/airflow/example_dags/example_task_group_decorator.py for tasks to queue
[2024-02-16T16:25:23.448+0000] {logging_mixin.py:188} INFO - [2024-02-16T16:25:23.447+0000] {dagbag.py:538} INFO - Filling up the DagBag from /home/airflow/.local/lib/python3.8/site-packages/airflow/example_dags/example_task_group_decorator.py
[2024-02-16T16:25:23.459+0000] {processor.py:840} INFO - DAG(s) 'example_task_group_decorator' retrieved from /home/airflow/.local/lib/python3.8/site-packages/airflow/example_dags/example_task_group_decorator.py
[2024-02-16T16:25:23.480+0000] {logging_mixin.py:188} INFO - [2024-02-16T16:25:23.479+0000] {dag.py:3036} INFO - Sync 1 DAGs
[2024-02-16T16:25:23.498+0000] {logging_mixin.py:188} INFO - [2024-02-16T16:25:23.498+0000] {dag.py:3823} INFO - Setting next_dagrun for example_task_group_decorator to 2024-02-15 00:00:00+00:00, run_after=2024-02-16 00:00:00+00:00
[2024-02-16T16:25:23.514+0000] {processor.py:183} INFO - Processing /home/airflow/.local/lib/python3.8/site-packages/airflow/example_dags/example_task_group_decorator.py took 0.071 seconds
[2024-02-16T16:25:53.572+0000] {processor.py:161} INFO - Started process (PID=691) to work on /home/airflow/.local/lib/python3.8/site-packages/airflow/example_dags/example_task_group_decorator.py
[2024-02-16T16:25:53.572+0000] {processor.py:830} INFO - Processing file /home/airflow/.local/lib/python3.8/site-packages/airflow/example_dags/example_task_group_decorator.py for tasks to queue
[2024-02-16T16:25:53.573+0000] {logging_mixin.py:188} INFO - [2024-02-16T16:25:53.573+0000] {dagbag.py:538} INFO - Filling up the DagBag from /home/airflow/.local/lib/python3.8/site-packages/airflow/example_dags/example_task_group_decorator.py
[2024-02-16T16:25:53.584+0000] {processor.py:840} INFO - DAG(s) 'example_task_group_decorator' retrieved from /home/airflow/.local/lib/python3.8/site-packages/airflow/example_dags/example_task_group_decorator.py
[2024-02-16T16:25:53.607+0000] {logging_mixin.py:188} INFO - [2024-02-16T16:25:53.607+0000] {dag.py:3036} INFO - Sync 1 DAGs
[2024-02-16T16:25:53.625+0000] {logging_mixin.py:188} INFO - [2024-02-16T16:25:53.624+0000] {dag.py:3823} INFO - Setting next_dagrun for example_task_group_decorator to 2024-02-15 00:00:00+00:00, run_after=2024-02-16 00:00:00+00:00
[2024-02-16T16:25:53.639+0000] {processor.py:183} INFO - Processing /home/airflow/.local/lib/python3.8/site-packages/airflow/example_dags/example_task_group_decorator.py took 0.069 seconds
[2024-02-16T16:26:23.822+0000] {processor.py:161} INFO - Started process (PID=746) to work on /home/airflow/.local/lib/python3.8/site-packages/airflow/example_dags/example_task_group_decorator.py
[2024-02-16T16:26:23.823+0000] {processor.py:830} INFO - Processing file /home/airflow/.local/lib/python3.8/site-packages/airflow/example_dags/example_task_group_decorator.py for tasks to queue
[2024-02-16T16:26:23.824+0000] {logging_mixin.py:188} INFO - [2024-02-16T16:26:23.824+0000] {dagbag.py:538} INFO - Filling up the DagBag from /home/airflow/.local/lib/python3.8/site-packages/airflow/example_dags/example_task_group_decorator.py
[2024-02-16T16:26:23.837+0000] {processor.py:840} INFO - DAG(s) 'example_task_group_decorator' retrieved from /home/airflow/.local/lib/python3.8/site-packages/airflow/example_dags/example_task_group_decorator.py
[2024-02-16T16:26:23.863+0000] {logging_mixin.py:188} INFO - [2024-02-16T16:26:23.862+0000] {dag.py:3036} INFO - Sync 1 DAGs
[2024-02-16T16:26:23.882+0000] {logging_mixin.py:188} INFO - [2024-02-16T16:26:23.882+0000] {dag.py:3823} INFO - Setting next_dagrun for example_task_group_decorator to 2024-02-15 00:00:00+00:00, run_after=2024-02-16 00:00:00+00:00
[2024-02-16T16:26:23.899+0000] {processor.py:183} INFO - Processing /home/airflow/.local/lib/python3.8/site-packages/airflow/example_dags/example_task_group_decorator.py took 0.079 seconds
[2024-02-16T16:26:54.229+0000] {processor.py:161} INFO - Started process (PID=801) to work on /home/airflow/.local/lib/python3.8/site-packages/airflow/example_dags/example_task_group_decorator.py
[2024-02-16T16:26:54.230+0000] {processor.py:830} INFO - Processing file /home/airflow/.local/lib/python3.8/site-packages/airflow/example_dags/example_task_group_decorator.py for tasks to queue
[2024-02-16T16:26:54.232+0000] {logging_mixin.py:188} INFO - [2024-02-16T16:26:54.231+0000] {dagbag.py:538} INFO - Filling up the DagBag from /home/airflow/.local/lib/python3.8/site-packages/airflow/example_dags/example_task_group_decorator.py
[2024-02-16T16:26:54.244+0000] {processor.py:840} INFO - DAG(s) 'example_task_group_decorator' retrieved from /home/airflow/.local/lib/python3.8/site-packages/airflow/example_dags/example_task_group_decorator.py
[2024-02-16T16:26:54.268+0000] {logging_mixin.py:188} INFO - [2024-02-16T16:26:54.267+0000] {dag.py:3036} INFO - Sync 1 DAGs
[2024-02-16T16:26:54.285+0000] {logging_mixin.py:188} INFO - [2024-02-16T16:26:54.285+0000] {dag.py:3823} INFO - Setting next_dagrun for example_task_group_decorator to 2024-02-15 00:00:00+00:00, run_after=2024-02-16 00:00:00+00:00
[2024-02-16T16:26:54.301+0000] {processor.py:183} INFO - Processing /home/airflow/.local/lib/python3.8/site-packages/airflow/example_dags/example_task_group_decorator.py took 0.074 seconds
[2024-02-16T16:27:24.332+0000] {processor.py:161} INFO - Started process (PID=855) to work on /home/airflow/.local/lib/python3.8/site-packages/airflow/example_dags/example_task_group_decorator.py
[2024-02-16T16:27:24.333+0000] {processor.py:830} INFO - Processing file /home/airflow/.local/lib/python3.8/site-packages/airflow/example_dags/example_task_group_decorator.py for tasks to queue
[2024-02-16T16:27:24.334+0000] {logging_mixin.py:188} INFO - [2024-02-16T16:27:24.334+0000] {dagbag.py:538} INFO - Filling up the DagBag from /home/airflow/.local/lib/python3.8/site-packages/airflow/example_dags/example_task_group_decorator.py
[2024-02-16T16:27:24.345+0000] {processor.py:840} INFO - DAG(s) 'example_task_group_decorator' retrieved from /home/airflow/.local/lib/python3.8/site-packages/airflow/example_dags/example_task_group_decorator.py
[2024-02-16T16:27:24.364+0000] {logging_mixin.py:188} INFO - [2024-02-16T16:27:24.363+0000] {dag.py:3036} INFO - Sync 1 DAGs
[2024-02-16T16:27:24.380+0000] {logging_mixin.py:188} INFO - [2024-02-16T16:27:24.380+0000] {dag.py:3823} INFO - Setting next_dagrun for example_task_group_decorator to 2024-02-15 00:00:00+00:00, run_after=2024-02-16 00:00:00+00:00
[2024-02-16T16:27:24.394+0000] {processor.py:183} INFO - Processing /home/airflow/.local/lib/python3.8/site-packages/airflow/example_dags/example_task_group_decorator.py took 0.064 seconds
[2024-02-16T16:27:55.412+0000] {processor.py:161} INFO - Started process (PID=911) to work on /home/airflow/.local/lib/python3.8/site-packages/airflow/example_dags/example_task_group_decorator.py
[2024-02-16T16:27:55.413+0000] {processor.py:830} INFO - Processing file /home/airflow/.local/lib/python3.8/site-packages/airflow/example_dags/example_task_group_decorator.py for tasks to queue
[2024-02-16T16:27:55.414+0000] {logging_mixin.py:188} INFO - [2024-02-16T16:27:55.414+0000] {dagbag.py:538} INFO - Filling up the DagBag from /home/airflow/.local/lib/python3.8/site-packages/airflow/example_dags/example_task_group_decorator.py
[2024-02-16T16:27:55.425+0000] {processor.py:840} INFO - DAG(s) 'example_task_group_decorator' retrieved from /home/airflow/.local/lib/python3.8/site-packages/airflow/example_dags/example_task_group_decorator.py
[2024-02-16T16:27:55.444+0000] {logging_mixin.py:188} INFO - [2024-02-16T16:27:55.444+0000] {dag.py:3036} INFO - Sync 1 DAGs
[2024-02-16T16:27:55.461+0000] {logging_mixin.py:188} INFO - [2024-02-16T16:27:55.461+0000] {dag.py:3823} INFO - Setting next_dagrun for example_task_group_decorator to 2024-02-15 00:00:00+00:00, run_after=2024-02-16 00:00:00+00:00
[2024-02-16T16:27:55.475+0000] {processor.py:183} INFO - Processing /home/airflow/.local/lib/python3.8/site-packages/airflow/example_dags/example_task_group_decorator.py took 0.065 seconds
[2024-02-16T16:28:25.658+0000] {processor.py:161} INFO - Started process (PID=966) to work on /home/airflow/.local/lib/python3.8/site-packages/airflow/example_dags/example_task_group_decorator.py
[2024-02-16T16:28:25.659+0000] {processor.py:830} INFO - Processing file /home/airflow/.local/lib/python3.8/site-packages/airflow/example_dags/example_task_group_decorator.py for tasks to queue
[2024-02-16T16:28:25.660+0000] {logging_mixin.py:188} INFO - [2024-02-16T16:28:25.660+0000] {dagbag.py:538} INFO - Filling up the DagBag from /home/airflow/.local/lib/python3.8/site-packages/airflow/example_dags/example_task_group_decorator.py
[2024-02-16T16:28:25.673+0000] {processor.py:840} INFO - DAG(s) 'example_task_group_decorator' retrieved from /home/airflow/.local/lib/python3.8/site-packages/airflow/example_dags/example_task_group_decorator.py
[2024-02-16T16:28:25.693+0000] {logging_mixin.py:188} INFO - [2024-02-16T16:28:25.693+0000] {dag.py:3036} INFO - Sync 1 DAGs
[2024-02-16T16:28:25.714+0000] {logging_mixin.py:188} INFO - [2024-02-16T16:28:25.714+0000] {dag.py:3823} INFO - Setting next_dagrun for example_task_group_decorator to 2024-02-15 00:00:00+00:00, run_after=2024-02-16 00:00:00+00:00
[2024-02-16T16:28:25.735+0000] {processor.py:183} INFO - Processing /home/airflow/.local/lib/python3.8/site-packages/airflow/example_dags/example_task_group_decorator.py took 0.079 seconds
[2024-02-16T16:28:55.831+0000] {processor.py:161} INFO - Started process (PID=1021) to work on /home/airflow/.local/lib/python3.8/site-packages/airflow/example_dags/example_task_group_decorator.py
[2024-02-16T16:28:55.832+0000] {processor.py:830} INFO - Processing file /home/airflow/.local/lib/python3.8/site-packages/airflow/example_dags/example_task_group_decorator.py for tasks to queue
[2024-02-16T16:28:55.833+0000] {logging_mixin.py:188} INFO - [2024-02-16T16:28:55.833+0000] {dagbag.py:538} INFO - Filling up the DagBag from /home/airflow/.local/lib/python3.8/site-packages/airflow/example_dags/example_task_group_decorator.py
[2024-02-16T16:28:55.846+0000] {processor.py:840} INFO - DAG(s) 'example_task_group_decorator' retrieved from /home/airflow/.local/lib/python3.8/site-packages/airflow/example_dags/example_task_group_decorator.py
[2024-02-16T16:28:55.865+0000] {logging_mixin.py:188} INFO - [2024-02-16T16:28:55.865+0000] {dag.py:3036} INFO - Sync 1 DAGs
[2024-02-16T16:28:55.882+0000] {logging_mixin.py:188} INFO - [2024-02-16T16:28:55.882+0000] {dag.py:3823} INFO - Setting next_dagrun for example_task_group_decorator to 2024-02-15 00:00:00+00:00, run_after=2024-02-16 00:00:00+00:00
[2024-02-16T16:28:55.896+0000] {processor.py:183} INFO - Processing /home/airflow/.local/lib/python3.8/site-packages/airflow/example_dags/example_task_group_decorator.py took 0.068 seconds
[2024-02-16T16:29:26.018+0000] {processor.py:161} INFO - Started process (PID=1076) to work on /home/airflow/.local/lib/python3.8/site-packages/airflow/example_dags/example_task_group_decorator.py
[2024-02-16T16:29:26.019+0000] {processor.py:830} INFO - Processing file /home/airflow/.local/lib/python3.8/site-packages/airflow/example_dags/example_task_group_decorator.py for tasks to queue
[2024-02-16T16:29:26.020+0000] {logging_mixin.py:188} INFO - [2024-02-16T16:29:26.019+0000] {dagbag.py:538} INFO - Filling up the DagBag from /home/airflow/.local/lib/python3.8/site-packages/airflow/example_dags/example_task_group_decorator.py
[2024-02-16T16:29:26.030+0000] {processor.py:840} INFO - DAG(s) 'example_task_group_decorator' retrieved from /home/airflow/.local/lib/python3.8/site-packages/airflow/example_dags/example_task_group_decorator.py
[2024-02-16T16:29:26.048+0000] {logging_mixin.py:188} INFO - [2024-02-16T16:29:26.048+0000] {dag.py:3036} INFO - Sync 1 DAGs
[2024-02-16T16:29:26.064+0000] {logging_mixin.py:188} INFO - [2024-02-16T16:29:26.063+0000] {dag.py:3823} INFO - Setting next_dagrun for example_task_group_decorator to 2024-02-15 00:00:00+00:00, run_after=2024-02-16 00:00:00+00:00
[2024-02-16T16:29:26.077+0000] {processor.py:183} INFO - Processing /home/airflow/.local/lib/python3.8/site-packages/airflow/example_dags/example_task_group_decorator.py took 0.060 seconds
[2024-02-16T16:29:56.358+0000] {processor.py:161} INFO - Started process (PID=1131) to work on /home/airflow/.local/lib/python3.8/site-packages/airflow/example_dags/example_task_group_decorator.py
[2024-02-16T16:29:56.359+0000] {processor.py:830} INFO - Processing file /home/airflow/.local/lib/python3.8/site-packages/airflow/example_dags/example_task_group_decorator.py for tasks to queue
[2024-02-16T16:29:56.360+0000] {logging_mixin.py:188} INFO - [2024-02-16T16:29:56.360+0000] {dagbag.py:538} INFO - Filling up the DagBag from /home/airflow/.local/lib/python3.8/site-packages/airflow/example_dags/example_task_group_decorator.py
[2024-02-16T16:29:56.371+0000] {processor.py:840} INFO - DAG(s) 'example_task_group_decorator' retrieved from /home/airflow/.local/lib/python3.8/site-packages/airflow/example_dags/example_task_group_decorator.py
[2024-02-16T16:29:56.389+0000] {logging_mixin.py:188} INFO - [2024-02-16T16:29:56.389+0000] {dag.py:3036} INFO - Sync 1 DAGs
[2024-02-16T16:29:56.406+0000] {logging_mixin.py:188} INFO - [2024-02-16T16:29:56.406+0000] {dag.py:3823} INFO - Setting next_dagrun for example_task_group_decorator to 2024-02-15 00:00:00+00:00, run_after=2024-02-16 00:00:00+00:00
[2024-02-16T16:29:56.422+0000] {processor.py:183} INFO - Processing /home/airflow/.local/lib/python3.8/site-packages/airflow/example_dags/example_task_group_decorator.py took 0.066 seconds
[2024-02-16T16:30:27.091+0000] {processor.py:161} INFO - Started process (PID=1187) to work on /home/airflow/.local/lib/python3.8/site-packages/airflow/example_dags/example_task_group_decorator.py
[2024-02-16T16:30:27.092+0000] {processor.py:830} INFO - Processing file /home/airflow/.local/lib/python3.8/site-packages/airflow/example_dags/example_task_group_decorator.py for tasks to queue
[2024-02-16T16:30:27.093+0000] {logging_mixin.py:188} INFO - [2024-02-16T16:30:27.093+0000] {dagbag.py:538} INFO - Filling up the DagBag from /home/airflow/.local/lib/python3.8/site-packages/airflow/example_dags/example_task_group_decorator.py
[2024-02-16T16:30:27.103+0000] {processor.py:840} INFO - DAG(s) 'example_task_group_decorator' retrieved from /home/airflow/.local/lib/python3.8/site-packages/airflow/example_dags/example_task_group_decorator.py
[2024-02-16T16:30:27.120+0000] {logging_mixin.py:188} INFO - [2024-02-16T16:30:27.120+0000] {dag.py:3036} INFO - Sync 1 DAGs
[2024-02-16T16:30:27.135+0000] {logging_mixin.py:188} INFO - [2024-02-16T16:30:27.135+0000] {dag.py:3823} INFO - Setting next_dagrun for example_task_group_decorator to 2024-02-15 00:00:00+00:00, run_after=2024-02-16 00:00:00+00:00
[2024-02-16T16:30:27.148+0000] {processor.py:183} INFO - Processing /home/airflow/.local/lib/python3.8/site-packages/airflow/example_dags/example_task_group_decorator.py took 0.059 seconds
[2024-02-16T16:31:28.010+0000] {processor.py:161} INFO - Started process (PID=87) to work on /home/airflow/.local/lib/python3.8/site-packages/airflow/example_dags/example_task_group_decorator.py
[2024-02-16T16:31:28.011+0000] {processor.py:830} INFO - Processing file /home/airflow/.local/lib/python3.8/site-packages/airflow/example_dags/example_task_group_decorator.py for tasks to queue
[2024-02-16T16:31:28.012+0000] {logging_mixin.py:188} INFO - [2024-02-16T16:31:28.012+0000] {dagbag.py:538} INFO - Filling up the DagBag from /home/airflow/.local/lib/python3.8/site-packages/airflow/example_dags/example_task_group_decorator.py
[2024-02-16T16:31:28.026+0000] {processor.py:840} INFO - DAG(s) 'example_task_group_decorator' retrieved from /home/airflow/.local/lib/python3.8/site-packages/airflow/example_dags/example_task_group_decorator.py
[2024-02-16T16:31:28.036+0000] {logging_mixin.py:188} INFO - [2024-02-16T16:31:28.036+0000] {dag.py:3036} INFO - Sync 1 DAGs
[2024-02-16T16:31:28.055+0000] {logging_mixin.py:188} INFO - [2024-02-16T16:31:28.054+0000] {dag.py:3823} INFO - Setting next_dagrun for example_task_group_decorator to 2024-02-15 00:00:00+00:00, run_after=2024-02-16 00:00:00+00:00
[2024-02-16T16:31:28.070+0000] {processor.py:183} INFO - Processing /home/airflow/.local/lib/python3.8/site-packages/airflow/example_dags/example_task_group_decorator.py took 0.062 seconds
[2024-02-16T16:31:59.860+0000] {processor.py:161} INFO - Started process (PID=143) to work on /home/airflow/.local/lib/python3.8/site-packages/airflow/example_dags/example_task_group_decorator.py
[2024-02-16T16:31:59.861+0000] {processor.py:830} INFO - Processing file /home/airflow/.local/lib/python3.8/site-packages/airflow/example_dags/example_task_group_decorator.py for tasks to queue
[2024-02-16T16:31:59.862+0000] {logging_mixin.py:188} INFO - [2024-02-16T16:31:59.862+0000] {dagbag.py:538} INFO - Filling up the DagBag from /home/airflow/.local/lib/python3.8/site-packages/airflow/example_dags/example_task_group_decorator.py
[2024-02-16T16:31:59.872+0000] {processor.py:840} INFO - DAG(s) 'example_task_group_decorator' retrieved from /home/airflow/.local/lib/python3.8/site-packages/airflow/example_dags/example_task_group_decorator.py
[2024-02-16T16:31:59.950+0000] {logging_mixin.py:188} INFO - [2024-02-16T16:31:59.950+0000] {dag.py:3036} INFO - Sync 1 DAGs
[2024-02-16T16:31:59.966+0000] {logging_mixin.py:188} INFO - [2024-02-16T16:31:59.965+0000] {dag.py:3823} INFO - Setting next_dagrun for example_task_group_decorator to 2024-02-15 00:00:00+00:00, run_after=2024-02-16 00:00:00+00:00
[2024-02-16T16:31:59.981+0000] {processor.py:183} INFO - Processing /home/airflow/.local/lib/python3.8/site-packages/airflow/example_dags/example_task_group_decorator.py took 0.123 seconds
[2024-02-16T16:32:30.902+0000] {processor.py:161} INFO - Started process (PID=199) to work on /home/airflow/.local/lib/python3.8/site-packages/airflow/example_dags/example_task_group_decorator.py
[2024-02-16T16:32:30.902+0000] {processor.py:830} INFO - Processing file /home/airflow/.local/lib/python3.8/site-packages/airflow/example_dags/example_task_group_decorator.py for tasks to queue
[2024-02-16T16:32:30.904+0000] {logging_mixin.py:188} INFO - [2024-02-16T16:32:30.904+0000] {dagbag.py:538} INFO - Filling up the DagBag from /home/airflow/.local/lib/python3.8/site-packages/airflow/example_dags/example_task_group_decorator.py
[2024-02-16T16:32:30.915+0000] {processor.py:840} INFO - DAG(s) 'example_task_group_decorator' retrieved from /home/airflow/.local/lib/python3.8/site-packages/airflow/example_dags/example_task_group_decorator.py
[2024-02-16T16:32:30.936+0000] {logging_mixin.py:188} INFO - [2024-02-16T16:32:30.936+0000] {dag.py:3036} INFO - Sync 1 DAGs
[2024-02-16T16:32:30.954+0000] {logging_mixin.py:188} INFO - [2024-02-16T16:32:30.954+0000] {dag.py:3823} INFO - Setting next_dagrun for example_task_group_decorator to 2024-02-15 00:00:00+00:00, run_after=2024-02-16 00:00:00+00:00
[2024-02-16T16:32:30.972+0000] {processor.py:183} INFO - Processing /home/airflow/.local/lib/python3.8/site-packages/airflow/example_dags/example_task_group_decorator.py took 0.072 seconds
[2024-02-16T16:33:01.135+0000] {processor.py:161} INFO - Started process (PID=255) to work on /home/airflow/.local/lib/python3.8/site-packages/airflow/example_dags/example_task_group_decorator.py
[2024-02-16T16:33:01.135+0000] {processor.py:830} INFO - Processing file /home/airflow/.local/lib/python3.8/site-packages/airflow/example_dags/example_task_group_decorator.py for tasks to queue
[2024-02-16T16:33:01.136+0000] {logging_mixin.py:188} INFO - [2024-02-16T16:33:01.136+0000] {dagbag.py:538} INFO - Filling up the DagBag from /home/airflow/.local/lib/python3.8/site-packages/airflow/example_dags/example_task_group_decorator.py
[2024-02-16T16:33:01.147+0000] {processor.py:840} INFO - DAG(s) 'example_task_group_decorator' retrieved from /home/airflow/.local/lib/python3.8/site-packages/airflow/example_dags/example_task_group_decorator.py
[2024-02-16T16:33:01.166+0000] {logging_mixin.py:188} INFO - [2024-02-16T16:33:01.166+0000] {dag.py:3036} INFO - Sync 1 DAGs
[2024-02-16T16:33:01.183+0000] {logging_mixin.py:188} INFO - [2024-02-16T16:33:01.183+0000] {dag.py:3823} INFO - Setting next_dagrun for example_task_group_decorator to 2024-02-15 00:00:00+00:00, run_after=2024-02-16 00:00:00+00:00
[2024-02-16T16:33:01.204+0000] {processor.py:183} INFO - Processing /home/airflow/.local/lib/python3.8/site-packages/airflow/example_dags/example_task_group_decorator.py took 0.072 seconds
[2024-02-16T16:33:31.275+0000] {processor.py:161} INFO - Started process (PID=311) to work on /home/airflow/.local/lib/python3.8/site-packages/airflow/example_dags/example_task_group_decorator.py
[2024-02-16T16:33:31.276+0000] {processor.py:830} INFO - Processing file /home/airflow/.local/lib/python3.8/site-packages/airflow/example_dags/example_task_group_decorator.py for tasks to queue
[2024-02-16T16:33:31.277+0000] {logging_mixin.py:188} INFO - [2024-02-16T16:33:31.277+0000] {dagbag.py:538} INFO - Filling up the DagBag from /home/airflow/.local/lib/python3.8/site-packages/airflow/example_dags/example_task_group_decorator.py
[2024-02-16T16:33:31.291+0000] {processor.py:840} INFO - DAG(s) 'example_task_group_decorator' retrieved from /home/airflow/.local/lib/python3.8/site-packages/airflow/example_dags/example_task_group_decorator.py
[2024-02-16T16:33:31.311+0000] {logging_mixin.py:188} INFO - [2024-02-16T16:33:31.311+0000] {dag.py:3036} INFO - Sync 1 DAGs
[2024-02-16T16:33:31.327+0000] {logging_mixin.py:188} INFO - [2024-02-16T16:33:31.327+0000] {dag.py:3823} INFO - Setting next_dagrun for example_task_group_decorator to 2024-02-15 00:00:00+00:00, run_after=2024-02-16 00:00:00+00:00
[2024-02-16T16:33:31.342+0000] {processor.py:183} INFO - Processing /home/airflow/.local/lib/python3.8/site-packages/airflow/example_dags/example_task_group_decorator.py took 0.069 seconds
[2024-02-16T16:34:01.477+0000] {processor.py:161} INFO - Started process (PID=367) to work on /home/airflow/.local/lib/python3.8/site-packages/airflow/example_dags/example_task_group_decorator.py
[2024-02-16T16:34:01.478+0000] {processor.py:830} INFO - Processing file /home/airflow/.local/lib/python3.8/site-packages/airflow/example_dags/example_task_group_decorator.py for tasks to queue
[2024-02-16T16:34:01.479+0000] {logging_mixin.py:188} INFO - [2024-02-16T16:34:01.479+0000] {dagbag.py:538} INFO - Filling up the DagBag from /home/airflow/.local/lib/python3.8/site-packages/airflow/example_dags/example_task_group_decorator.py
[2024-02-16T16:34:01.490+0000] {processor.py:840} INFO - DAG(s) 'example_task_group_decorator' retrieved from /home/airflow/.local/lib/python3.8/site-packages/airflow/example_dags/example_task_group_decorator.py
[2024-02-16T16:34:01.510+0000] {logging_mixin.py:188} INFO - [2024-02-16T16:34:01.510+0000] {dag.py:3036} INFO - Sync 1 DAGs
[2024-02-16T16:34:01.527+0000] {logging_mixin.py:188} INFO - [2024-02-16T16:34:01.526+0000] {dag.py:3823} INFO - Setting next_dagrun for example_task_group_decorator to 2024-02-15 00:00:00+00:00, run_after=2024-02-16 00:00:00+00:00
[2024-02-16T16:34:01.546+0000] {processor.py:183} INFO - Processing /home/airflow/.local/lib/python3.8/site-packages/airflow/example_dags/example_task_group_decorator.py took 0.070 seconds
[2024-02-16T16:34:31.782+0000] {processor.py:161} INFO - Started process (PID=423) to work on /home/airflow/.local/lib/python3.8/site-packages/airflow/example_dags/example_task_group_decorator.py
[2024-02-16T16:34:31.782+0000] {processor.py:830} INFO - Processing file /home/airflow/.local/lib/python3.8/site-packages/airflow/example_dags/example_task_group_decorator.py for tasks to queue
[2024-02-16T16:34:31.783+0000] {logging_mixin.py:188} INFO - [2024-02-16T16:34:31.783+0000] {dagbag.py:538} INFO - Filling up the DagBag from /home/airflow/.local/lib/python3.8/site-packages/airflow/example_dags/example_task_group_decorator.py
[2024-02-16T16:34:31.794+0000] {processor.py:840} INFO - DAG(s) 'example_task_group_decorator' retrieved from /home/airflow/.local/lib/python3.8/site-packages/airflow/example_dags/example_task_group_decorator.py
[2024-02-16T16:34:31.811+0000] {logging_mixin.py:188} INFO - [2024-02-16T16:34:31.811+0000] {dag.py:3036} INFO - Sync 1 DAGs
[2024-02-16T16:34:31.827+0000] {logging_mixin.py:188} INFO - [2024-02-16T16:34:31.827+0000] {dag.py:3823} INFO - Setting next_dagrun for example_task_group_decorator to 2024-02-15 00:00:00+00:00, run_after=2024-02-16 00:00:00+00:00
[2024-02-16T16:34:31.840+0000] {processor.py:183} INFO - Processing /home/airflow/.local/lib/python3.8/site-packages/airflow/example_dags/example_task_group_decorator.py took 0.061 seconds
[2024-02-16T16:35:02.019+0000] {processor.py:161} INFO - Started process (PID=479) to work on /home/airflow/.local/lib/python3.8/site-packages/airflow/example_dags/example_task_group_decorator.py
[2024-02-16T16:35:02.020+0000] {processor.py:830} INFO - Processing file /home/airflow/.local/lib/python3.8/site-packages/airflow/example_dags/example_task_group_decorator.py for tasks to queue
[2024-02-16T16:35:02.021+0000] {logging_mixin.py:188} INFO - [2024-02-16T16:35:02.021+0000] {dagbag.py:538} INFO - Filling up the DagBag from /home/airflow/.local/lib/python3.8/site-packages/airflow/example_dags/example_task_group_decorator.py
[2024-02-16T16:35:02.031+0000] {processor.py:840} INFO - DAG(s) 'example_task_group_decorator' retrieved from /home/airflow/.local/lib/python3.8/site-packages/airflow/example_dags/example_task_group_decorator.py
[2024-02-16T16:35:02.049+0000] {logging_mixin.py:188} INFO - [2024-02-16T16:35:02.049+0000] {dag.py:3036} INFO - Sync 1 DAGs
[2024-02-16T16:35:02.065+0000] {logging_mixin.py:188} INFO - [2024-02-16T16:35:02.065+0000] {dag.py:3823} INFO - Setting next_dagrun for example_task_group_decorator to 2024-02-15 00:00:00+00:00, run_after=2024-02-16 00:00:00+00:00
[2024-02-16T16:35:02.079+0000] {processor.py:183} INFO - Processing /home/airflow/.local/lib/python3.8/site-packages/airflow/example_dags/example_task_group_decorator.py took 0.062 seconds
[2024-02-16T16:35:32.218+0000] {processor.py:161} INFO - Started process (PID=535) to work on /home/airflow/.local/lib/python3.8/site-packages/airflow/example_dags/example_task_group_decorator.py
[2024-02-16T16:35:32.219+0000] {processor.py:830} INFO - Processing file /home/airflow/.local/lib/python3.8/site-packages/airflow/example_dags/example_task_group_decorator.py for tasks to queue
[2024-02-16T16:35:32.220+0000] {logging_mixin.py:188} INFO - [2024-02-16T16:35:32.220+0000] {dagbag.py:538} INFO - Filling up the DagBag from /home/airflow/.local/lib/python3.8/site-packages/airflow/example_dags/example_task_group_decorator.py
[2024-02-16T16:35:32.230+0000] {processor.py:840} INFO - DAG(s) 'example_task_group_decorator' retrieved from /home/airflow/.local/lib/python3.8/site-packages/airflow/example_dags/example_task_group_decorator.py
[2024-02-16T16:35:32.248+0000] {logging_mixin.py:188} INFO - [2024-02-16T16:35:32.248+0000] {dag.py:3036} INFO - Sync 1 DAGs
[2024-02-16T16:35:32.264+0000] {logging_mixin.py:188} INFO - [2024-02-16T16:35:32.264+0000] {dag.py:3823} INFO - Setting next_dagrun for example_task_group_decorator to 2024-02-15 00:00:00+00:00, run_after=2024-02-16 00:00:00+00:00
[2024-02-16T16:35:32.279+0000] {processor.py:183} INFO - Processing /home/airflow/.local/lib/python3.8/site-packages/airflow/example_dags/example_task_group_decorator.py took 0.063 seconds
[2024-02-16T16:36:02.583+0000] {processor.py:161} INFO - Started process (PID=591) to work on /home/airflow/.local/lib/python3.8/site-packages/airflow/example_dags/example_task_group_decorator.py
[2024-02-16T16:36:02.584+0000] {processor.py:830} INFO - Processing file /home/airflow/.local/lib/python3.8/site-packages/airflow/example_dags/example_task_group_decorator.py for tasks to queue
[2024-02-16T16:36:02.585+0000] {logging_mixin.py:188} INFO - [2024-02-16T16:36:02.585+0000] {dagbag.py:538} INFO - Filling up the DagBag from /home/airflow/.local/lib/python3.8/site-packages/airflow/example_dags/example_task_group_decorator.py
[2024-02-16T16:36:02.595+0000] {processor.py:840} INFO - DAG(s) 'example_task_group_decorator' retrieved from /home/airflow/.local/lib/python3.8/site-packages/airflow/example_dags/example_task_group_decorator.py
[2024-02-16T16:36:02.615+0000] {logging_mixin.py:188} INFO - [2024-02-16T16:36:02.614+0000] {dag.py:3036} INFO - Sync 1 DAGs
[2024-02-16T16:36:02.635+0000] {logging_mixin.py:188} INFO - [2024-02-16T16:36:02.635+0000] {dag.py:3823} INFO - Setting next_dagrun for example_task_group_decorator to 2024-02-15 00:00:00+00:00, run_after=2024-02-16 00:00:00+00:00
[2024-02-16T16:36:02.651+0000] {processor.py:183} INFO - Processing /home/airflow/.local/lib/python3.8/site-packages/airflow/example_dags/example_task_group_decorator.py took 0.070 seconds
[2024-02-16T16:36:32.698+0000] {processor.py:161} INFO - Started process (PID=649) to work on /home/airflow/.local/lib/python3.8/site-packages/airflow/example_dags/example_task_group_decorator.py
[2024-02-16T16:36:32.699+0000] {processor.py:830} INFO - Processing file /home/airflow/.local/lib/python3.8/site-packages/airflow/example_dags/example_task_group_decorator.py for tasks to queue
[2024-02-16T16:36:32.700+0000] {logging_mixin.py:188} INFO - [2024-02-16T16:36:32.700+0000] {dagbag.py:538} INFO - Filling up the DagBag from /home/airflow/.local/lib/python3.8/site-packages/airflow/example_dags/example_task_group_decorator.py
[2024-02-16T16:36:32.710+0000] {processor.py:840} INFO - DAG(s) 'example_task_group_decorator' retrieved from /home/airflow/.local/lib/python3.8/site-packages/airflow/example_dags/example_task_group_decorator.py
[2024-02-16T16:36:32.728+0000] {logging_mixin.py:188} INFO - [2024-02-16T16:36:32.727+0000] {dag.py:3036} INFO - Sync 1 DAGs
[2024-02-16T16:36:32.743+0000] {logging_mixin.py:188} INFO - [2024-02-16T16:36:32.743+0000] {dag.py:3823} INFO - Setting next_dagrun for example_task_group_decorator to 2024-02-15 00:00:00+00:00, run_after=2024-02-16 00:00:00+00:00
[2024-02-16T16:36:32.756+0000] {processor.py:183} INFO - Processing /home/airflow/.local/lib/python3.8/site-packages/airflow/example_dags/example_task_group_decorator.py took 0.059 seconds
[2024-02-16T16:37:03.068+0000] {processor.py:161} INFO - Started process (PID=706) to work on /home/airflow/.local/lib/python3.8/site-packages/airflow/example_dags/example_task_group_decorator.py
[2024-02-16T16:37:03.069+0000] {processor.py:830} INFO - Processing file /home/airflow/.local/lib/python3.8/site-packages/airflow/example_dags/example_task_group_decorator.py for tasks to queue
[2024-02-16T16:37:03.070+0000] {logging_mixin.py:188} INFO - [2024-02-16T16:37:03.070+0000] {dagbag.py:538} INFO - Filling up the DagBag from /home/airflow/.local/lib/python3.8/site-packages/airflow/example_dags/example_task_group_decorator.py
[2024-02-16T16:37:03.081+0000] {processor.py:840} INFO - DAG(s) 'example_task_group_decorator' retrieved from /home/airflow/.local/lib/python3.8/site-packages/airflow/example_dags/example_task_group_decorator.py
[2024-02-16T16:37:03.100+0000] {logging_mixin.py:188} INFO - [2024-02-16T16:37:03.100+0000] {dag.py:3036} INFO - Sync 1 DAGs
[2024-02-16T16:37:03.118+0000] {logging_mixin.py:188} INFO - [2024-02-16T16:37:03.117+0000] {dag.py:3823} INFO - Setting next_dagrun for example_task_group_decorator to 2024-02-15 00:00:00+00:00, run_after=2024-02-16 00:00:00+00:00
[2024-02-16T16:37:03.131+0000] {processor.py:183} INFO - Processing /home/airflow/.local/lib/python3.8/site-packages/airflow/example_dags/example_task_group_decorator.py took 0.064 seconds
[2024-02-16T16:37:33.411+0000] {processor.py:161} INFO - Started process (PID=764) to work on /home/airflow/.local/lib/python3.8/site-packages/airflow/example_dags/example_task_group_decorator.py
[2024-02-16T16:37:33.412+0000] {processor.py:830} INFO - Processing file /home/airflow/.local/lib/python3.8/site-packages/airflow/example_dags/example_task_group_decorator.py for tasks to queue
[2024-02-16T16:37:33.413+0000] {logging_mixin.py:188} INFO - [2024-02-16T16:37:33.412+0000] {dagbag.py:538} INFO - Filling up the DagBag from /home/airflow/.local/lib/python3.8/site-packages/airflow/example_dags/example_task_group_decorator.py
[2024-02-16T16:37:33.423+0000] {processor.py:840} INFO - DAG(s) 'example_task_group_decorator' retrieved from /home/airflow/.local/lib/python3.8/site-packages/airflow/example_dags/example_task_group_decorator.py
[2024-02-16T16:37:33.441+0000] {logging_mixin.py:188} INFO - [2024-02-16T16:37:33.440+0000] {dag.py:3036} INFO - Sync 1 DAGs
[2024-02-16T16:37:33.456+0000] {logging_mixin.py:188} INFO - [2024-02-16T16:37:33.455+0000] {dag.py:3823} INFO - Setting next_dagrun for example_task_group_decorator to 2024-02-15 00:00:00+00:00, run_after=2024-02-16 00:00:00+00:00
[2024-02-16T16:37:33.468+0000] {processor.py:183} INFO - Processing /home/airflow/.local/lib/python3.8/site-packages/airflow/example_dags/example_task_group_decorator.py took 0.059 seconds
[2024-02-16T16:39:17.651+0000] {processor.py:161} INFO - Started process (PID=88) to work on /home/airflow/.local/lib/python3.8/site-packages/airflow/example_dags/example_task_group_decorator.py
[2024-02-16T16:39:17.651+0000] {processor.py:830} INFO - Processing file /home/airflow/.local/lib/python3.8/site-packages/airflow/example_dags/example_task_group_decorator.py for tasks to queue
[2024-02-16T16:39:17.652+0000] {logging_mixin.py:188} INFO - [2024-02-16T16:39:17.652+0000] {dagbag.py:538} INFO - Filling up the DagBag from /home/airflow/.local/lib/python3.8/site-packages/airflow/example_dags/example_task_group_decorator.py
[2024-02-16T16:39:17.664+0000] {processor.py:840} INFO - DAG(s) 'example_task_group_decorator' retrieved from /home/airflow/.local/lib/python3.8/site-packages/airflow/example_dags/example_task_group_decorator.py
[2024-02-16T16:39:17.672+0000] {logging_mixin.py:188} INFO - [2024-02-16T16:39:17.672+0000] {dag.py:3036} INFO - Sync 1 DAGs
[2024-02-16T16:39:17.690+0000] {logging_mixin.py:188} INFO - [2024-02-16T16:39:17.690+0000] {dag.py:3823} INFO - Setting next_dagrun for example_task_group_decorator to 2024-02-15 00:00:00+00:00, run_after=2024-02-16 00:00:00+00:00
[2024-02-16T16:39:17.705+0000] {processor.py:183} INFO - Processing /home/airflow/.local/lib/python3.8/site-packages/airflow/example_dags/example_task_group_decorator.py took 0.056 seconds
[2024-02-16T16:39:49.088+0000] {processor.py:161} INFO - Started process (PID=145) to work on /home/airflow/.local/lib/python3.8/site-packages/airflow/example_dags/example_task_group_decorator.py
[2024-02-16T16:39:49.088+0000] {processor.py:830} INFO - Processing file /home/airflow/.local/lib/python3.8/site-packages/airflow/example_dags/example_task_group_decorator.py for tasks to queue
[2024-02-16T16:39:49.090+0000] {logging_mixin.py:188} INFO - [2024-02-16T16:39:49.090+0000] {dagbag.py:538} INFO - Filling up the DagBag from /home/airflow/.local/lib/python3.8/site-packages/airflow/example_dags/example_task_group_decorator.py
[2024-02-16T16:39:49.102+0000] {processor.py:840} INFO - DAG(s) 'example_task_group_decorator' retrieved from /home/airflow/.local/lib/python3.8/site-packages/airflow/example_dags/example_task_group_decorator.py
[2024-02-16T16:39:49.193+0000] {logging_mixin.py:188} INFO - [2024-02-16T16:39:49.193+0000] {dag.py:3036} INFO - Sync 1 DAGs
[2024-02-16T16:39:49.208+0000] {logging_mixin.py:188} INFO - [2024-02-16T16:39:49.208+0000] {dag.py:3823} INFO - Setting next_dagrun for example_task_group_decorator to 2024-02-15 00:00:00+00:00, run_after=2024-02-16 00:00:00+00:00
[2024-02-16T16:39:49.224+0000] {processor.py:183} INFO - Processing /home/airflow/.local/lib/python3.8/site-packages/airflow/example_dags/example_task_group_decorator.py took 0.139 seconds
[2024-02-16T16:40:19.268+0000] {processor.py:161} INFO - Started process (PID=202) to work on /home/airflow/.local/lib/python3.8/site-packages/airflow/example_dags/example_task_group_decorator.py
[2024-02-16T16:40:19.268+0000] {processor.py:830} INFO - Processing file /home/airflow/.local/lib/python3.8/site-packages/airflow/example_dags/example_task_group_decorator.py for tasks to queue
[2024-02-16T16:40:19.270+0000] {logging_mixin.py:188} INFO - [2024-02-16T16:40:19.269+0000] {dagbag.py:538} INFO - Filling up the DagBag from /home/airflow/.local/lib/python3.8/site-packages/airflow/example_dags/example_task_group_decorator.py
[2024-02-16T16:40:19.281+0000] {processor.py:840} INFO - DAG(s) 'example_task_group_decorator' retrieved from /home/airflow/.local/lib/python3.8/site-packages/airflow/example_dags/example_task_group_decorator.py
[2024-02-16T16:40:19.300+0000] {logging_mixin.py:188} INFO - [2024-02-16T16:40:19.300+0000] {dag.py:3036} INFO - Sync 1 DAGs
[2024-02-16T16:40:19.318+0000] {logging_mixin.py:188} INFO - [2024-02-16T16:40:19.317+0000] {dag.py:3823} INFO - Setting next_dagrun for example_task_group_decorator to 2024-02-15 00:00:00+00:00, run_after=2024-02-16 00:00:00+00:00
[2024-02-16T16:40:19.331+0000] {processor.py:183} INFO - Processing /home/airflow/.local/lib/python3.8/site-packages/airflow/example_dags/example_task_group_decorator.py took 0.065 seconds
[2024-02-16T16:40:49.686+0000] {processor.py:161} INFO - Started process (PID=259) to work on /home/airflow/.local/lib/python3.8/site-packages/airflow/example_dags/example_task_group_decorator.py
[2024-02-16T16:40:49.687+0000] {processor.py:830} INFO - Processing file /home/airflow/.local/lib/python3.8/site-packages/airflow/example_dags/example_task_group_decorator.py for tasks to queue
[2024-02-16T16:40:49.688+0000] {logging_mixin.py:188} INFO - [2024-02-16T16:40:49.688+0000] {dagbag.py:538} INFO - Filling up the DagBag from /home/airflow/.local/lib/python3.8/site-packages/airflow/example_dags/example_task_group_decorator.py
[2024-02-16T16:40:49.698+0000] {processor.py:840} INFO - DAG(s) 'example_task_group_decorator' retrieved from /home/airflow/.local/lib/python3.8/site-packages/airflow/example_dags/example_task_group_decorator.py
[2024-02-16T16:40:49.716+0000] {logging_mixin.py:188} INFO - [2024-02-16T16:40:49.716+0000] {dag.py:3036} INFO - Sync 1 DAGs
[2024-02-16T16:40:49.733+0000] {logging_mixin.py:188} INFO - [2024-02-16T16:40:49.733+0000] {dag.py:3823} INFO - Setting next_dagrun for example_task_group_decorator to 2024-02-15 00:00:00+00:00, run_after=2024-02-16 00:00:00+00:00
[2024-02-16T16:40:49.748+0000] {processor.py:183} INFO - Processing /home/airflow/.local/lib/python3.8/site-packages/airflow/example_dags/example_task_group_decorator.py took 0.063 seconds
[2024-02-16T16:41:20.218+0000] {processor.py:161} INFO - Started process (PID=316) to work on /home/airflow/.local/lib/python3.8/site-packages/airflow/example_dags/example_task_group_decorator.py
[2024-02-16T16:41:20.218+0000] {processor.py:830} INFO - Processing file /home/airflow/.local/lib/python3.8/site-packages/airflow/example_dags/example_task_group_decorator.py for tasks to queue
[2024-02-16T16:41:20.220+0000] {logging_mixin.py:188} INFO - [2024-02-16T16:41:20.219+0000] {dagbag.py:538} INFO - Filling up the DagBag from /home/airflow/.local/lib/python3.8/site-packages/airflow/example_dags/example_task_group_decorator.py
[2024-02-16T16:41:20.231+0000] {processor.py:840} INFO - DAG(s) 'example_task_group_decorator' retrieved from /home/airflow/.local/lib/python3.8/site-packages/airflow/example_dags/example_task_group_decorator.py
[2024-02-16T16:41:20.249+0000] {logging_mixin.py:188} INFO - [2024-02-16T16:41:20.249+0000] {dag.py:3036} INFO - Sync 1 DAGs
[2024-02-16T16:41:20.267+0000] {logging_mixin.py:188} INFO - [2024-02-16T16:41:20.267+0000] {dag.py:3823} INFO - Setting next_dagrun for example_task_group_decorator to 2024-02-15 00:00:00+00:00, run_after=2024-02-16 00:00:00+00:00
[2024-02-16T16:41:20.283+0000] {processor.py:183} INFO - Processing /home/airflow/.local/lib/python3.8/site-packages/airflow/example_dags/example_task_group_decorator.py took 0.067 seconds
[2024-02-16T16:41:50.432+0000] {processor.py:161} INFO - Started process (PID=374) to work on /home/airflow/.local/lib/python3.8/site-packages/airflow/example_dags/example_task_group_decorator.py
[2024-02-16T16:41:50.433+0000] {processor.py:830} INFO - Processing file /home/airflow/.local/lib/python3.8/site-packages/airflow/example_dags/example_task_group_decorator.py for tasks to queue
[2024-02-16T16:41:50.434+0000] {logging_mixin.py:188} INFO - [2024-02-16T16:41:50.434+0000] {dagbag.py:538} INFO - Filling up the DagBag from /home/airflow/.local/lib/python3.8/site-packages/airflow/example_dags/example_task_group_decorator.py
[2024-02-16T16:41:50.445+0000] {processor.py:840} INFO - DAG(s) 'example_task_group_decorator' retrieved from /home/airflow/.local/lib/python3.8/site-packages/airflow/example_dags/example_task_group_decorator.py
[2024-02-16T16:41:50.464+0000] {logging_mixin.py:188} INFO - [2024-02-16T16:41:50.464+0000] {dag.py:3036} INFO - Sync 1 DAGs
[2024-02-16T16:41:50.481+0000] {logging_mixin.py:188} INFO - [2024-02-16T16:41:50.481+0000] {dag.py:3823} INFO - Setting next_dagrun for example_task_group_decorator to 2024-02-15 00:00:00+00:00, run_after=2024-02-16 00:00:00+00:00
[2024-02-16T16:41:50.495+0000] {processor.py:183} INFO - Processing /home/airflow/.local/lib/python3.8/site-packages/airflow/example_dags/example_task_group_decorator.py took 0.066 seconds
[2024-02-16T16:42:20.842+0000] {processor.py:161} INFO - Started process (PID=431) to work on /home/airflow/.local/lib/python3.8/site-packages/airflow/example_dags/example_task_group_decorator.py
[2024-02-16T16:42:20.843+0000] {processor.py:830} INFO - Processing file /home/airflow/.local/lib/python3.8/site-packages/airflow/example_dags/example_task_group_decorator.py for tasks to queue
[2024-02-16T16:42:20.844+0000] {logging_mixin.py:188} INFO - [2024-02-16T16:42:20.844+0000] {dagbag.py:538} INFO - Filling up the DagBag from /home/airflow/.local/lib/python3.8/site-packages/airflow/example_dags/example_task_group_decorator.py
[2024-02-16T16:42:20.856+0000] {processor.py:840} INFO - DAG(s) 'example_task_group_decorator' retrieved from /home/airflow/.local/lib/python3.8/site-packages/airflow/example_dags/example_task_group_decorator.py
[2024-02-16T16:42:20.875+0000] {logging_mixin.py:188} INFO - [2024-02-16T16:42:20.875+0000] {dag.py:3036} INFO - Sync 1 DAGs
[2024-02-16T16:42:20.893+0000] {logging_mixin.py:188} INFO - [2024-02-16T16:42:20.893+0000] {dag.py:3823} INFO - Setting next_dagrun for example_task_group_decorator to 2024-02-15 00:00:00+00:00, run_after=2024-02-16 00:00:00+00:00
[2024-02-16T16:42:20.910+0000] {processor.py:183} INFO - Processing /home/airflow/.local/lib/python3.8/site-packages/airflow/example_dags/example_task_group_decorator.py took 0.070 seconds
[2024-02-16T16:42:51.300+0000] {processor.py:161} INFO - Started process (PID=488) to work on /home/airflow/.local/lib/python3.8/site-packages/airflow/example_dags/example_task_group_decorator.py
[2024-02-16T16:42:51.301+0000] {processor.py:830} INFO - Processing file /home/airflow/.local/lib/python3.8/site-packages/airflow/example_dags/example_task_group_decorator.py for tasks to queue
[2024-02-16T16:42:51.302+0000] {logging_mixin.py:188} INFO - [2024-02-16T16:42:51.302+0000] {dagbag.py:538} INFO - Filling up the DagBag from /home/airflow/.local/lib/python3.8/site-packages/airflow/example_dags/example_task_group_decorator.py
[2024-02-16T16:42:51.314+0000] {processor.py:840} INFO - DAG(s) 'example_task_group_decorator' retrieved from /home/airflow/.local/lib/python3.8/site-packages/airflow/example_dags/example_task_group_decorator.py
[2024-02-16T16:42:51.334+0000] {logging_mixin.py:188} INFO - [2024-02-16T16:42:51.334+0000] {dag.py:3036} INFO - Sync 1 DAGs
[2024-02-16T16:42:51.352+0000] {logging_mixin.py:188} INFO - [2024-02-16T16:42:51.351+0000] {dag.py:3823} INFO - Setting next_dagrun for example_task_group_decorator to 2024-02-15 00:00:00+00:00, run_after=2024-02-16 00:00:00+00:00
[2024-02-16T16:42:51.369+0000] {processor.py:183} INFO - Processing /home/airflow/.local/lib/python3.8/site-packages/airflow/example_dags/example_task_group_decorator.py took 0.071 seconds
[2024-02-16T16:43:21.663+0000] {processor.py:161} INFO - Started process (PID=545) to work on /home/airflow/.local/lib/python3.8/site-packages/airflow/example_dags/example_task_group_decorator.py
[2024-02-16T16:43:21.664+0000] {processor.py:830} INFO - Processing file /home/airflow/.local/lib/python3.8/site-packages/airflow/example_dags/example_task_group_decorator.py for tasks to queue
[2024-02-16T16:43:21.665+0000] {logging_mixin.py:188} INFO - [2024-02-16T16:43:21.665+0000] {dagbag.py:538} INFO - Filling up the DagBag from /home/airflow/.local/lib/python3.8/site-packages/airflow/example_dags/example_task_group_decorator.py
[2024-02-16T16:43:21.677+0000] {processor.py:840} INFO - DAG(s) 'example_task_group_decorator' retrieved from /home/airflow/.local/lib/python3.8/site-packages/airflow/example_dags/example_task_group_decorator.py
[2024-02-16T16:43:21.697+0000] {logging_mixin.py:188} INFO - [2024-02-16T16:43:21.696+0000] {dag.py:3036} INFO - Sync 1 DAGs
[2024-02-16T16:43:21.715+0000] {logging_mixin.py:188} INFO - [2024-02-16T16:43:21.715+0000] {dag.py:3823} INFO - Setting next_dagrun for example_task_group_decorator to 2024-02-15 00:00:00+00:00, run_after=2024-02-16 00:00:00+00:00
[2024-02-16T16:43:21.735+0000] {processor.py:183} INFO - Processing /home/airflow/.local/lib/python3.8/site-packages/airflow/example_dags/example_task_group_decorator.py took 0.074 seconds
[2024-02-16T16:43:52.222+0000] {processor.py:161} INFO - Started process (PID=602) to work on /home/airflow/.local/lib/python3.8/site-packages/airflow/example_dags/example_task_group_decorator.py
[2024-02-16T16:43:52.223+0000] {processor.py:830} INFO - Processing file /home/airflow/.local/lib/python3.8/site-packages/airflow/example_dags/example_task_group_decorator.py for tasks to queue
[2024-02-16T16:43:52.224+0000] {logging_mixin.py:188} INFO - [2024-02-16T16:43:52.224+0000] {dagbag.py:538} INFO - Filling up the DagBag from /home/airflow/.local/lib/python3.8/site-packages/airflow/example_dags/example_task_group_decorator.py
[2024-02-16T16:43:52.236+0000] {processor.py:840} INFO - DAG(s) 'example_task_group_decorator' retrieved from /home/airflow/.local/lib/python3.8/site-packages/airflow/example_dags/example_task_group_decorator.py
[2024-02-16T16:43:52.258+0000] {logging_mixin.py:188} INFO - [2024-02-16T16:43:52.257+0000] {dag.py:3036} INFO - Sync 1 DAGs
[2024-02-16T16:43:52.277+0000] {logging_mixin.py:188} INFO - [2024-02-16T16:43:52.277+0000] {dag.py:3823} INFO - Setting next_dagrun for example_task_group_decorator to 2024-02-15 00:00:00+00:00, run_after=2024-02-16 00:00:00+00:00
[2024-02-16T16:43:52.294+0000] {processor.py:183} INFO - Processing /home/airflow/.local/lib/python3.8/site-packages/airflow/example_dags/example_task_group_decorator.py took 0.074 seconds
