[2024-02-16T16:20:16.993+0000] {processor.py:161} INFO - Started process (PID=43) to work on /home/airflow/.local/lib/python3.8/site-packages/airflow/example_dags/example_dag_decorator.py
[2024-02-16T16:20:16.994+0000] {processor.py:830} INFO - Processing file /home/airflow/.local/lib/python3.8/site-packages/airflow/example_dags/example_dag_decorator.py for tasks to queue
[2024-02-16T16:20:16.996+0000] {logging_mixin.py:188} INFO - [2024-02-16T16:20:16.996+0000] {dagbag.py:538} INFO - Filling up the DagBag from /home/airflow/.local/lib/python3.8/site-packages/airflow/example_dags/example_dag_decorator.py
[2024-02-16T16:20:17.207+0000] {processor.py:840} INFO - DAG(s) 'example_dag_decorator' retrieved from /home/airflow/.local/lib/python3.8/site-packages/airflow/example_dags/example_dag_decorator.py
[2024-02-16T16:20:17.226+0000] {logging_mixin.py:188} INFO - [2024-02-16T16:20:17.226+0000] {dag.py:3036} INFO - Sync 1 DAGs
[2024-02-16T16:20:17.240+0000] {logging_mixin.py:188} INFO - [2024-02-16T16:20:17.240+0000] {dag.py:3823} INFO - Setting next_dagrun for example_dag_decorator to None, run_after=None
[2024-02-16T16:20:17.258+0000] {processor.py:183} INFO - Processing /home/airflow/.local/lib/python3.8/site-packages/airflow/example_dags/example_dag_decorator.py took 0.269 seconds
[2024-02-16T16:20:47.424+0000] {processor.py:161} INFO - Started process (PID=100) to work on /home/airflow/.local/lib/python3.8/site-packages/airflow/example_dags/example_dag_decorator.py
[2024-02-16T16:20:47.425+0000] {processor.py:830} INFO - Processing file /home/airflow/.local/lib/python3.8/site-packages/airflow/example_dags/example_dag_decorator.py for tasks to queue
[2024-02-16T16:20:47.428+0000] {logging_mixin.py:188} INFO - [2024-02-16T16:20:47.427+0000] {dagbag.py:538} INFO - Filling up the DagBag from /home/airflow/.local/lib/python3.8/site-packages/airflow/example_dags/example_dag_decorator.py
[2024-02-16T16:20:47.503+0000] {processor.py:840} INFO - DAG(s) 'example_dag_decorator' retrieved from /home/airflow/.local/lib/python3.8/site-packages/airflow/example_dags/example_dag_decorator.py
[2024-02-16T16:20:47.589+0000] {logging_mixin.py:188} INFO - [2024-02-16T16:20:47.588+0000] {dag.py:3036} INFO - Sync 1 DAGs
[2024-02-16T16:20:47.596+0000] {logging_mixin.py:188} INFO - [2024-02-16T16:20:47.596+0000] {dag.py:3823} INFO - Setting next_dagrun for example_dag_decorator to None, run_after=None
[2024-02-16T16:20:47.611+0000] {processor.py:183} INFO - Processing /home/airflow/.local/lib/python3.8/site-packages/airflow/example_dags/example_dag_decorator.py took 0.189 seconds
[2024-02-16T16:21:17.666+0000] {processor.py:161} INFO - Started process (PID=153) to work on /home/airflow/.local/lib/python3.8/site-packages/airflow/example_dags/example_dag_decorator.py
[2024-02-16T16:21:17.667+0000] {processor.py:830} INFO - Processing file /home/airflow/.local/lib/python3.8/site-packages/airflow/example_dags/example_dag_decorator.py for tasks to queue
[2024-02-16T16:21:17.668+0000] {logging_mixin.py:188} INFO - [2024-02-16T16:21:17.668+0000] {dagbag.py:538} INFO - Filling up the DagBag from /home/airflow/.local/lib/python3.8/site-packages/airflow/example_dags/example_dag_decorator.py
[2024-02-16T16:21:17.738+0000] {processor.py:840} INFO - DAG(s) 'example_dag_decorator' retrieved from /home/airflow/.local/lib/python3.8/site-packages/airflow/example_dags/example_dag_decorator.py
[2024-02-16T16:21:17.810+0000] {logging_mixin.py:188} INFO - [2024-02-16T16:21:17.810+0000] {dag.py:3036} INFO - Sync 1 DAGs
[2024-02-16T16:21:17.818+0000] {logging_mixin.py:188} INFO - [2024-02-16T16:21:17.818+0000] {dag.py:3823} INFO - Setting next_dagrun for example_dag_decorator to None, run_after=None
[2024-02-16T16:21:17.831+0000] {processor.py:183} INFO - Processing /home/airflow/.local/lib/python3.8/site-packages/airflow/example_dags/example_dag_decorator.py took 0.166 seconds
[2024-02-16T16:21:48.056+0000] {processor.py:161} INFO - Started process (PID=208) to work on /home/airflow/.local/lib/python3.8/site-packages/airflow/example_dags/example_dag_decorator.py
[2024-02-16T16:21:48.056+0000] {processor.py:830} INFO - Processing file /home/airflow/.local/lib/python3.8/site-packages/airflow/example_dags/example_dag_decorator.py for tasks to queue
[2024-02-16T16:21:48.058+0000] {logging_mixin.py:188} INFO - [2024-02-16T16:21:48.057+0000] {dagbag.py:538} INFO - Filling up the DagBag from /home/airflow/.local/lib/python3.8/site-packages/airflow/example_dags/example_dag_decorator.py
[2024-02-16T16:21:48.129+0000] {processor.py:840} INFO - DAG(s) 'example_dag_decorator' retrieved from /home/airflow/.local/lib/python3.8/site-packages/airflow/example_dags/example_dag_decorator.py
[2024-02-16T16:21:48.201+0000] {logging_mixin.py:188} INFO - [2024-02-16T16:21:48.201+0000] {dag.py:3036} INFO - Sync 1 DAGs
[2024-02-16T16:21:48.209+0000] {logging_mixin.py:188} INFO - [2024-02-16T16:21:48.209+0000] {dag.py:3823} INFO - Setting next_dagrun for example_dag_decorator to None, run_after=None
[2024-02-16T16:21:48.222+0000] {processor.py:183} INFO - Processing /home/airflow/.local/lib/python3.8/site-packages/airflow/example_dags/example_dag_decorator.py took 0.169 seconds
[2024-02-16T16:22:18.246+0000] {processor.py:161} INFO - Started process (PID=264) to work on /home/airflow/.local/lib/python3.8/site-packages/airflow/example_dags/example_dag_decorator.py
[2024-02-16T16:22:18.247+0000] {processor.py:830} INFO - Processing file /home/airflow/.local/lib/python3.8/site-packages/airflow/example_dags/example_dag_decorator.py for tasks to queue
[2024-02-16T16:22:18.248+0000] {logging_mixin.py:188} INFO - [2024-02-16T16:22:18.248+0000] {dagbag.py:538} INFO - Filling up the DagBag from /home/airflow/.local/lib/python3.8/site-packages/airflow/example_dags/example_dag_decorator.py
[2024-02-16T16:22:18.321+0000] {processor.py:840} INFO - DAG(s) 'example_dag_decorator' retrieved from /home/airflow/.local/lib/python3.8/site-packages/airflow/example_dags/example_dag_decorator.py
[2024-02-16T16:22:18.401+0000] {logging_mixin.py:188} INFO - [2024-02-16T16:22:18.401+0000] {dag.py:3036} INFO - Sync 1 DAGs
[2024-02-16T16:22:18.409+0000] {logging_mixin.py:188} INFO - [2024-02-16T16:22:18.409+0000] {dag.py:3823} INFO - Setting next_dagrun for example_dag_decorator to None, run_after=None
[2024-02-16T16:22:18.424+0000] {processor.py:183} INFO - Processing /home/airflow/.local/lib/python3.8/site-packages/airflow/example_dags/example_dag_decorator.py took 0.180 seconds
[2024-02-16T16:22:48.486+0000] {processor.py:161} INFO - Started process (PID=321) to work on /home/airflow/.local/lib/python3.8/site-packages/airflow/example_dags/example_dag_decorator.py
[2024-02-16T16:22:48.487+0000] {processor.py:830} INFO - Processing file /home/airflow/.local/lib/python3.8/site-packages/airflow/example_dags/example_dag_decorator.py for tasks to queue
[2024-02-16T16:22:48.488+0000] {logging_mixin.py:188} INFO - [2024-02-16T16:22:48.488+0000] {dagbag.py:538} INFO - Filling up the DagBag from /home/airflow/.local/lib/python3.8/site-packages/airflow/example_dags/example_dag_decorator.py
[2024-02-16T16:22:48.559+0000] {processor.py:840} INFO - DAG(s) 'example_dag_decorator' retrieved from /home/airflow/.local/lib/python3.8/site-packages/airflow/example_dags/example_dag_decorator.py
[2024-02-16T16:22:48.642+0000] {logging_mixin.py:188} INFO - [2024-02-16T16:22:48.642+0000] {dag.py:3036} INFO - Sync 1 DAGs
[2024-02-16T16:22:48.650+0000] {logging_mixin.py:188} INFO - [2024-02-16T16:22:48.650+0000] {dag.py:3823} INFO - Setting next_dagrun for example_dag_decorator to None, run_after=None
[2024-02-16T16:22:48.665+0000] {processor.py:183} INFO - Processing /home/airflow/.local/lib/python3.8/site-packages/airflow/example_dags/example_dag_decorator.py took 0.181 seconds
[2024-02-16T16:23:18.791+0000] {processor.py:161} INFO - Started process (PID=377) to work on /home/airflow/.local/lib/python3.8/site-packages/airflow/example_dags/example_dag_decorator.py
[2024-02-16T16:23:18.792+0000] {processor.py:830} INFO - Processing file /home/airflow/.local/lib/python3.8/site-packages/airflow/example_dags/example_dag_decorator.py for tasks to queue
[2024-02-16T16:23:18.793+0000] {logging_mixin.py:188} INFO - [2024-02-16T16:23:18.793+0000] {dagbag.py:538} INFO - Filling up the DagBag from /home/airflow/.local/lib/python3.8/site-packages/airflow/example_dags/example_dag_decorator.py
[2024-02-16T16:23:18.865+0000] {processor.py:840} INFO - DAG(s) 'example_dag_decorator' retrieved from /home/airflow/.local/lib/python3.8/site-packages/airflow/example_dags/example_dag_decorator.py
[2024-02-16T16:23:18.944+0000] {logging_mixin.py:188} INFO - [2024-02-16T16:23:18.944+0000] {dag.py:3036} INFO - Sync 1 DAGs
[2024-02-16T16:23:18.954+0000] {logging_mixin.py:188} INFO - [2024-02-16T16:23:18.954+0000] {dag.py:3823} INFO - Setting next_dagrun for example_dag_decorator to None, run_after=None
[2024-02-16T16:23:18.969+0000] {processor.py:183} INFO - Processing /home/airflow/.local/lib/python3.8/site-packages/airflow/example_dags/example_dag_decorator.py took 0.180 seconds
[2024-02-16T16:23:49.085+0000] {processor.py:161} INFO - Started process (PID=433) to work on /home/airflow/.local/lib/python3.8/site-packages/airflow/example_dags/example_dag_decorator.py
[2024-02-16T16:23:49.086+0000] {processor.py:830} INFO - Processing file /home/airflow/.local/lib/python3.8/site-packages/airflow/example_dags/example_dag_decorator.py for tasks to queue
[2024-02-16T16:23:49.087+0000] {logging_mixin.py:188} INFO - [2024-02-16T16:23:49.087+0000] {dagbag.py:538} INFO - Filling up the DagBag from /home/airflow/.local/lib/python3.8/site-packages/airflow/example_dags/example_dag_decorator.py
[2024-02-16T16:23:49.165+0000] {processor.py:840} INFO - DAG(s) 'example_dag_decorator' retrieved from /home/airflow/.local/lib/python3.8/site-packages/airflow/example_dags/example_dag_decorator.py
[2024-02-16T16:23:49.244+0000] {logging_mixin.py:188} INFO - [2024-02-16T16:23:49.244+0000] {dag.py:3036} INFO - Sync 1 DAGs
[2024-02-16T16:23:49.252+0000] {logging_mixin.py:188} INFO - [2024-02-16T16:23:49.252+0000] {dag.py:3823} INFO - Setting next_dagrun for example_dag_decorator to None, run_after=None
[2024-02-16T16:23:49.269+0000] {processor.py:183} INFO - Processing /home/airflow/.local/lib/python3.8/site-packages/airflow/example_dags/example_dag_decorator.py took 0.186 seconds
[2024-02-16T16:24:19.334+0000] {processor.py:161} INFO - Started process (PID=488) to work on /home/airflow/.local/lib/python3.8/site-packages/airflow/example_dags/example_dag_decorator.py
[2024-02-16T16:24:19.335+0000] {processor.py:830} INFO - Processing file /home/airflow/.local/lib/python3.8/site-packages/airflow/example_dags/example_dag_decorator.py for tasks to queue
[2024-02-16T16:24:19.336+0000] {logging_mixin.py:188} INFO - [2024-02-16T16:24:19.336+0000] {dagbag.py:538} INFO - Filling up the DagBag from /home/airflow/.local/lib/python3.8/site-packages/airflow/example_dags/example_dag_decorator.py
[2024-02-16T16:24:19.414+0000] {processor.py:840} INFO - DAG(s) 'example_dag_decorator' retrieved from /home/airflow/.local/lib/python3.8/site-packages/airflow/example_dags/example_dag_decorator.py
[2024-02-16T16:24:19.492+0000] {logging_mixin.py:188} INFO - [2024-02-16T16:24:19.492+0000] {dag.py:3036} INFO - Sync 1 DAGs
[2024-02-16T16:24:19.501+0000] {logging_mixin.py:188} INFO - [2024-02-16T16:24:19.500+0000] {dag.py:3823} INFO - Setting next_dagrun for example_dag_decorator to None, run_after=None
[2024-02-16T16:24:19.516+0000] {processor.py:183} INFO - Processing /home/airflow/.local/lib/python3.8/site-packages/airflow/example_dags/example_dag_decorator.py took 0.184 seconds
[2024-02-16T16:24:49.680+0000] {processor.py:161} INFO - Started process (PID=544) to work on /home/airflow/.local/lib/python3.8/site-packages/airflow/example_dags/example_dag_decorator.py
[2024-02-16T16:24:49.681+0000] {processor.py:830} INFO - Processing file /home/airflow/.local/lib/python3.8/site-packages/airflow/example_dags/example_dag_decorator.py for tasks to queue
[2024-02-16T16:24:49.682+0000] {logging_mixin.py:188} INFO - [2024-02-16T16:24:49.682+0000] {dagbag.py:538} INFO - Filling up the DagBag from /home/airflow/.local/lib/python3.8/site-packages/airflow/example_dags/example_dag_decorator.py
[2024-02-16T16:24:49.757+0000] {processor.py:840} INFO - DAG(s) 'example_dag_decorator' retrieved from /home/airflow/.local/lib/python3.8/site-packages/airflow/example_dags/example_dag_decorator.py
[2024-02-16T16:24:49.839+0000] {logging_mixin.py:188} INFO - [2024-02-16T16:24:49.838+0000] {dag.py:3036} INFO - Sync 1 DAGs
[2024-02-16T16:24:49.847+0000] {logging_mixin.py:188} INFO - [2024-02-16T16:24:49.846+0000] {dag.py:3823} INFO - Setting next_dagrun for example_dag_decorator to None, run_after=None
[2024-02-16T16:24:49.863+0000] {processor.py:183} INFO - Processing /home/airflow/.local/lib/python3.8/site-packages/airflow/example_dags/example_dag_decorator.py took 0.185 seconds
[2024-02-16T16:25:19.932+0000] {processor.py:161} INFO - Started process (PID=601) to work on /home/airflow/.local/lib/python3.8/site-packages/airflow/example_dags/example_dag_decorator.py
[2024-02-16T16:25:19.933+0000] {processor.py:830} INFO - Processing file /home/airflow/.local/lib/python3.8/site-packages/airflow/example_dags/example_dag_decorator.py for tasks to queue
[2024-02-16T16:25:19.934+0000] {logging_mixin.py:188} INFO - [2024-02-16T16:25:19.934+0000] {dagbag.py:538} INFO - Filling up the DagBag from /home/airflow/.local/lib/python3.8/site-packages/airflow/example_dags/example_dag_decorator.py
[2024-02-16T16:25:20.012+0000] {processor.py:840} INFO - DAG(s) 'example_dag_decorator' retrieved from /home/airflow/.local/lib/python3.8/site-packages/airflow/example_dags/example_dag_decorator.py
[2024-02-16T16:25:20.100+0000] {logging_mixin.py:188} INFO - [2024-02-16T16:25:20.099+0000] {dag.py:3036} INFO - Sync 1 DAGs
[2024-02-16T16:25:20.110+0000] {logging_mixin.py:188} INFO - [2024-02-16T16:25:20.110+0000] {dag.py:3823} INFO - Setting next_dagrun for example_dag_decorator to None, run_after=None
[2024-02-16T16:25:20.124+0000] {processor.py:183} INFO - Processing /home/airflow/.local/lib/python3.8/site-packages/airflow/example_dags/example_dag_decorator.py took 0.195 seconds
[2024-02-16T16:25:50.233+0000] {processor.py:161} INFO - Started process (PID=656) to work on /home/airflow/.local/lib/python3.8/site-packages/airflow/example_dags/example_dag_decorator.py
[2024-02-16T16:25:50.234+0000] {processor.py:830} INFO - Processing file /home/airflow/.local/lib/python3.8/site-packages/airflow/example_dags/example_dag_decorator.py for tasks to queue
[2024-02-16T16:25:50.235+0000] {logging_mixin.py:188} INFO - [2024-02-16T16:25:50.235+0000] {dagbag.py:538} INFO - Filling up the DagBag from /home/airflow/.local/lib/python3.8/site-packages/airflow/example_dags/example_dag_decorator.py
[2024-02-16T16:25:50.304+0000] {processor.py:840} INFO - DAG(s) 'example_dag_decorator' retrieved from /home/airflow/.local/lib/python3.8/site-packages/airflow/example_dags/example_dag_decorator.py
[2024-02-16T16:25:50.377+0000] {logging_mixin.py:188} INFO - [2024-02-16T16:25:50.377+0000] {dag.py:3036} INFO - Sync 1 DAGs
[2024-02-16T16:25:50.385+0000] {logging_mixin.py:188} INFO - [2024-02-16T16:25:50.385+0000] {dag.py:3823} INFO - Setting next_dagrun for example_dag_decorator to None, run_after=None
[2024-02-16T16:25:50.397+0000] {processor.py:183} INFO - Processing /home/airflow/.local/lib/python3.8/site-packages/airflow/example_dags/example_dag_decorator.py took 0.166 seconds
[2024-02-16T16:26:20.438+0000] {processor.py:161} INFO - Started process (PID=712) to work on /home/airflow/.local/lib/python3.8/site-packages/airflow/example_dags/example_dag_decorator.py
[2024-02-16T16:26:20.439+0000] {processor.py:830} INFO - Processing file /home/airflow/.local/lib/python3.8/site-packages/airflow/example_dags/example_dag_decorator.py for tasks to queue
[2024-02-16T16:26:20.440+0000] {logging_mixin.py:188} INFO - [2024-02-16T16:26:20.440+0000] {dagbag.py:538} INFO - Filling up the DagBag from /home/airflow/.local/lib/python3.8/site-packages/airflow/example_dags/example_dag_decorator.py
[2024-02-16T16:26:20.513+0000] {processor.py:840} INFO - DAG(s) 'example_dag_decorator' retrieved from /home/airflow/.local/lib/python3.8/site-packages/airflow/example_dags/example_dag_decorator.py
[2024-02-16T16:26:20.596+0000] {logging_mixin.py:188} INFO - [2024-02-16T16:26:20.596+0000] {dag.py:3036} INFO - Sync 1 DAGs
[2024-02-16T16:26:20.604+0000] {logging_mixin.py:188} INFO - [2024-02-16T16:26:20.604+0000] {dag.py:3823} INFO - Setting next_dagrun for example_dag_decorator to None, run_after=None
[2024-02-16T16:26:20.620+0000] {processor.py:183} INFO - Processing /home/airflow/.local/lib/python3.8/site-packages/airflow/example_dags/example_dag_decorator.py took 0.184 seconds
[2024-02-16T16:26:50.685+0000] {processor.py:161} INFO - Started process (PID=766) to work on /home/airflow/.local/lib/python3.8/site-packages/airflow/example_dags/example_dag_decorator.py
[2024-02-16T16:26:50.686+0000] {processor.py:830} INFO - Processing file /home/airflow/.local/lib/python3.8/site-packages/airflow/example_dags/example_dag_decorator.py for tasks to queue
[2024-02-16T16:26:50.687+0000] {logging_mixin.py:188} INFO - [2024-02-16T16:26:50.687+0000] {dagbag.py:538} INFO - Filling up the DagBag from /home/airflow/.local/lib/python3.8/site-packages/airflow/example_dags/example_dag_decorator.py
[2024-02-16T16:26:50.761+0000] {processor.py:840} INFO - DAG(s) 'example_dag_decorator' retrieved from /home/airflow/.local/lib/python3.8/site-packages/airflow/example_dags/example_dag_decorator.py
[2024-02-16T16:26:50.846+0000] {logging_mixin.py:188} INFO - [2024-02-16T16:26:50.845+0000] {dag.py:3036} INFO - Sync 1 DAGs
[2024-02-16T16:26:50.855+0000] {logging_mixin.py:188} INFO - [2024-02-16T16:26:50.855+0000] {dag.py:3823} INFO - Setting next_dagrun for example_dag_decorator to None, run_after=None
[2024-02-16T16:26:50.870+0000] {processor.py:183} INFO - Processing /home/airflow/.local/lib/python3.8/site-packages/airflow/example_dags/example_dag_decorator.py took 0.187 seconds
[2024-02-16T16:27:20.941+0000] {processor.py:161} INFO - Started process (PID=823) to work on /home/airflow/.local/lib/python3.8/site-packages/airflow/example_dags/example_dag_decorator.py
[2024-02-16T16:27:20.942+0000] {processor.py:830} INFO - Processing file /home/airflow/.local/lib/python3.8/site-packages/airflow/example_dags/example_dag_decorator.py for tasks to queue
[2024-02-16T16:27:20.943+0000] {logging_mixin.py:188} INFO - [2024-02-16T16:27:20.943+0000] {dagbag.py:538} INFO - Filling up the DagBag from /home/airflow/.local/lib/python3.8/site-packages/airflow/example_dags/example_dag_decorator.py
[2024-02-16T16:27:21.019+0000] {processor.py:840} INFO - DAG(s) 'example_dag_decorator' retrieved from /home/airflow/.local/lib/python3.8/site-packages/airflow/example_dags/example_dag_decorator.py
[2024-02-16T16:27:21.103+0000] {logging_mixin.py:188} INFO - [2024-02-16T16:27:21.102+0000] {dag.py:3036} INFO - Sync 1 DAGs
[2024-02-16T16:27:21.113+0000] {logging_mixin.py:188} INFO - [2024-02-16T16:27:21.113+0000] {dag.py:3823} INFO - Setting next_dagrun for example_dag_decorator to None, run_after=None
[2024-02-16T16:27:21.129+0000] {processor.py:183} INFO - Processing /home/airflow/.local/lib/python3.8/site-packages/airflow/example_dags/example_dag_decorator.py took 0.190 seconds
[2024-02-16T16:27:52.033+0000] {processor.py:161} INFO - Started process (PID=878) to work on /home/airflow/.local/lib/python3.8/site-packages/airflow/example_dags/example_dag_decorator.py
[2024-02-16T16:27:52.034+0000] {processor.py:830} INFO - Processing file /home/airflow/.local/lib/python3.8/site-packages/airflow/example_dags/example_dag_decorator.py for tasks to queue
[2024-02-16T16:27:52.035+0000] {logging_mixin.py:188} INFO - [2024-02-16T16:27:52.034+0000] {dagbag.py:538} INFO - Filling up the DagBag from /home/airflow/.local/lib/python3.8/site-packages/airflow/example_dags/example_dag_decorator.py
[2024-02-16T16:27:52.108+0000] {processor.py:840} INFO - DAG(s) 'example_dag_decorator' retrieved from /home/airflow/.local/lib/python3.8/site-packages/airflow/example_dags/example_dag_decorator.py
[2024-02-16T16:27:52.188+0000] {logging_mixin.py:188} INFO - [2024-02-16T16:27:52.188+0000] {dag.py:3036} INFO - Sync 1 DAGs
[2024-02-16T16:27:52.197+0000] {logging_mixin.py:188} INFO - [2024-02-16T16:27:52.197+0000] {dag.py:3823} INFO - Setting next_dagrun for example_dag_decorator to None, run_after=None
[2024-02-16T16:27:52.212+0000] {processor.py:183} INFO - Processing /home/airflow/.local/lib/python3.8/site-packages/airflow/example_dags/example_dag_decorator.py took 0.181 seconds
[2024-02-16T16:28:22.274+0000] {processor.py:161} INFO - Started process (PID=933) to work on /home/airflow/.local/lib/python3.8/site-packages/airflow/example_dags/example_dag_decorator.py
[2024-02-16T16:28:22.274+0000] {processor.py:830} INFO - Processing file /home/airflow/.local/lib/python3.8/site-packages/airflow/example_dags/example_dag_decorator.py for tasks to queue
[2024-02-16T16:28:22.275+0000] {logging_mixin.py:188} INFO - [2024-02-16T16:28:22.275+0000] {dagbag.py:538} INFO - Filling up the DagBag from /home/airflow/.local/lib/python3.8/site-packages/airflow/example_dags/example_dag_decorator.py
[2024-02-16T16:28:22.349+0000] {processor.py:840} INFO - DAG(s) 'example_dag_decorator' retrieved from /home/airflow/.local/lib/python3.8/site-packages/airflow/example_dags/example_dag_decorator.py
[2024-02-16T16:28:22.443+0000] {logging_mixin.py:188} INFO - [2024-02-16T16:28:22.443+0000] {dag.py:3036} INFO - Sync 1 DAGs
[2024-02-16T16:28:22.452+0000] {logging_mixin.py:188} INFO - [2024-02-16T16:28:22.452+0000] {dag.py:3823} INFO - Setting next_dagrun for example_dag_decorator to None, run_after=None
[2024-02-16T16:28:22.469+0000] {processor.py:183} INFO - Processing /home/airflow/.local/lib/python3.8/site-packages/airflow/example_dags/example_dag_decorator.py took 0.198 seconds
[2024-02-16T16:28:52.556+0000] {processor.py:161} INFO - Started process (PID=988) to work on /home/airflow/.local/lib/python3.8/site-packages/airflow/example_dags/example_dag_decorator.py
[2024-02-16T16:28:52.557+0000] {processor.py:830} INFO - Processing file /home/airflow/.local/lib/python3.8/site-packages/airflow/example_dags/example_dag_decorator.py for tasks to queue
[2024-02-16T16:28:52.558+0000] {logging_mixin.py:188} INFO - [2024-02-16T16:28:52.558+0000] {dagbag.py:538} INFO - Filling up the DagBag from /home/airflow/.local/lib/python3.8/site-packages/airflow/example_dags/example_dag_decorator.py
[2024-02-16T16:28:52.625+0000] {processor.py:840} INFO - DAG(s) 'example_dag_decorator' retrieved from /home/airflow/.local/lib/python3.8/site-packages/airflow/example_dags/example_dag_decorator.py
[2024-02-16T16:28:52.698+0000] {logging_mixin.py:188} INFO - [2024-02-16T16:28:52.698+0000] {dag.py:3036} INFO - Sync 1 DAGs
[2024-02-16T16:28:52.706+0000] {logging_mixin.py:188} INFO - [2024-02-16T16:28:52.706+0000] {dag.py:3823} INFO - Setting next_dagrun for example_dag_decorator to None, run_after=None
[2024-02-16T16:28:52.718+0000] {processor.py:183} INFO - Processing /home/airflow/.local/lib/python3.8/site-packages/airflow/example_dags/example_dag_decorator.py took 0.164 seconds
[2024-02-16T16:29:22.755+0000] {processor.py:161} INFO - Started process (PID=1045) to work on /home/airflow/.local/lib/python3.8/site-packages/airflow/example_dags/example_dag_decorator.py
[2024-02-16T16:29:22.755+0000] {processor.py:830} INFO - Processing file /home/airflow/.local/lib/python3.8/site-packages/airflow/example_dags/example_dag_decorator.py for tasks to queue
[2024-02-16T16:29:22.757+0000] {logging_mixin.py:188} INFO - [2024-02-16T16:29:22.756+0000] {dagbag.py:538} INFO - Filling up the DagBag from /home/airflow/.local/lib/python3.8/site-packages/airflow/example_dags/example_dag_decorator.py
[2024-02-16T16:29:22.828+0000] {processor.py:840} INFO - DAG(s) 'example_dag_decorator' retrieved from /home/airflow/.local/lib/python3.8/site-packages/airflow/example_dags/example_dag_decorator.py
[2024-02-16T16:29:22.901+0000] {logging_mixin.py:188} INFO - [2024-02-16T16:29:22.901+0000] {dag.py:3036} INFO - Sync 1 DAGs
[2024-02-16T16:29:22.910+0000] {logging_mixin.py:188} INFO - [2024-02-16T16:29:22.910+0000] {dag.py:3823} INFO - Setting next_dagrun for example_dag_decorator to None, run_after=None
[2024-02-16T16:29:22.924+0000] {processor.py:183} INFO - Processing /home/airflow/.local/lib/python3.8/site-packages/airflow/example_dags/example_dag_decorator.py took 0.170 seconds
[2024-02-16T16:29:52.953+0000] {processor.py:161} INFO - Started process (PID=1098) to work on /home/airflow/.local/lib/python3.8/site-packages/airflow/example_dags/example_dag_decorator.py
[2024-02-16T16:29:52.954+0000] {processor.py:830} INFO - Processing file /home/airflow/.local/lib/python3.8/site-packages/airflow/example_dags/example_dag_decorator.py for tasks to queue
[2024-02-16T16:29:52.955+0000] {logging_mixin.py:188} INFO - [2024-02-16T16:29:52.955+0000] {dagbag.py:538} INFO - Filling up the DagBag from /home/airflow/.local/lib/python3.8/site-packages/airflow/example_dags/example_dag_decorator.py
[2024-02-16T16:29:53.035+0000] {processor.py:840} INFO - DAG(s) 'example_dag_decorator' retrieved from /home/airflow/.local/lib/python3.8/site-packages/airflow/example_dags/example_dag_decorator.py
[2024-02-16T16:29:53.118+0000] {logging_mixin.py:188} INFO - [2024-02-16T16:29:53.117+0000] {dag.py:3036} INFO - Sync 1 DAGs
[2024-02-16T16:29:53.126+0000] {logging_mixin.py:188} INFO - [2024-02-16T16:29:53.125+0000] {dag.py:3823} INFO - Setting next_dagrun for example_dag_decorator to None, run_after=None
[2024-02-16T16:29:53.141+0000] {processor.py:183} INFO - Processing /home/airflow/.local/lib/python3.8/site-packages/airflow/example_dags/example_dag_decorator.py took 0.190 seconds
[2024-02-16T16:30:23.964+0000] {processor.py:161} INFO - Started process (PID=1154) to work on /home/airflow/.local/lib/python3.8/site-packages/airflow/example_dags/example_dag_decorator.py
[2024-02-16T16:30:23.964+0000] {processor.py:830} INFO - Processing file /home/airflow/.local/lib/python3.8/site-packages/airflow/example_dags/example_dag_decorator.py for tasks to queue
[2024-02-16T16:30:23.965+0000] {logging_mixin.py:188} INFO - [2024-02-16T16:30:23.965+0000] {dagbag.py:538} INFO - Filling up the DagBag from /home/airflow/.local/lib/python3.8/site-packages/airflow/example_dags/example_dag_decorator.py
[2024-02-16T16:30:24.034+0000] {processor.py:840} INFO - DAG(s) 'example_dag_decorator' retrieved from /home/airflow/.local/lib/python3.8/site-packages/airflow/example_dags/example_dag_decorator.py
[2024-02-16T16:30:24.107+0000] {logging_mixin.py:188} INFO - [2024-02-16T16:30:24.107+0000] {dag.py:3036} INFO - Sync 1 DAGs
[2024-02-16T16:30:24.115+0000] {logging_mixin.py:188} INFO - [2024-02-16T16:30:24.114+0000] {dag.py:3823} INFO - Setting next_dagrun for example_dag_decorator to None, run_after=None
[2024-02-16T16:30:24.127+0000] {processor.py:183} INFO - Processing /home/airflow/.local/lib/python3.8/site-packages/airflow/example_dags/example_dag_decorator.py took 0.166 seconds
[2024-02-16T16:31:26.038+0000] {processor.py:161} INFO - Started process (PID=44) to work on /home/airflow/.local/lib/python3.8/site-packages/airflow/example_dags/example_dag_decorator.py
[2024-02-16T16:31:26.038+0000] {processor.py:830} INFO - Processing file /home/airflow/.local/lib/python3.8/site-packages/airflow/example_dags/example_dag_decorator.py for tasks to queue
[2024-02-16T16:31:26.039+0000] {logging_mixin.py:188} INFO - [2024-02-16T16:31:26.039+0000] {dagbag.py:538} INFO - Filling up the DagBag from /home/airflow/.local/lib/python3.8/site-packages/airflow/example_dags/example_dag_decorator.py
[2024-02-16T16:31:26.206+0000] {processor.py:840} INFO - DAG(s) 'example_dag_decorator' retrieved from /home/airflow/.local/lib/python3.8/site-packages/airflow/example_dags/example_dag_decorator.py
[2024-02-16T16:31:26.225+0000] {logging_mixin.py:188} INFO - [2024-02-16T16:31:26.225+0000] {dag.py:3036} INFO - Sync 1 DAGs
[2024-02-16T16:31:26.234+0000] {logging_mixin.py:188} INFO - [2024-02-16T16:31:26.234+0000] {dag.py:3823} INFO - Setting next_dagrun for example_dag_decorator to None, run_after=None
[2024-02-16T16:31:26.247+0000] {processor.py:183} INFO - Processing /home/airflow/.local/lib/python3.8/site-packages/airflow/example_dags/example_dag_decorator.py took 0.212 seconds
[2024-02-16T16:31:57.099+0000] {processor.py:161} INFO - Started process (PID=100) to work on /home/airflow/.local/lib/python3.8/site-packages/airflow/example_dags/example_dag_decorator.py
[2024-02-16T16:31:57.099+0000] {processor.py:830} INFO - Processing file /home/airflow/.local/lib/python3.8/site-packages/airflow/example_dags/example_dag_decorator.py for tasks to queue
[2024-02-16T16:31:57.100+0000] {logging_mixin.py:188} INFO - [2024-02-16T16:31:57.100+0000] {dagbag.py:538} INFO - Filling up the DagBag from /home/airflow/.local/lib/python3.8/site-packages/airflow/example_dags/example_dag_decorator.py
[2024-02-16T16:31:57.169+0000] {processor.py:840} INFO - DAG(s) 'example_dag_decorator' retrieved from /home/airflow/.local/lib/python3.8/site-packages/airflow/example_dags/example_dag_decorator.py
[2024-02-16T16:31:57.246+0000] {logging_mixin.py:188} INFO - [2024-02-16T16:31:57.245+0000] {dag.py:3036} INFO - Sync 1 DAGs
[2024-02-16T16:31:57.254+0000] {logging_mixin.py:188} INFO - [2024-02-16T16:31:57.253+0000] {dag.py:3823} INFO - Setting next_dagrun for example_dag_decorator to None, run_after=None
[2024-02-16T16:31:57.268+0000] {processor.py:183} INFO - Processing /home/airflow/.local/lib/python3.8/site-packages/airflow/example_dags/example_dag_decorator.py took 0.171 seconds
[2024-02-16T16:32:28.182+0000] {processor.py:161} INFO - Started process (PID=156) to work on /home/airflow/.local/lib/python3.8/site-packages/airflow/example_dags/example_dag_decorator.py
[2024-02-16T16:32:28.183+0000] {processor.py:830} INFO - Processing file /home/airflow/.local/lib/python3.8/site-packages/airflow/example_dags/example_dag_decorator.py for tasks to queue
[2024-02-16T16:32:28.184+0000] {logging_mixin.py:188} INFO - [2024-02-16T16:32:28.184+0000] {dagbag.py:538} INFO - Filling up the DagBag from /home/airflow/.local/lib/python3.8/site-packages/airflow/example_dags/example_dag_decorator.py
[2024-02-16T16:32:28.254+0000] {processor.py:840} INFO - DAG(s) 'example_dag_decorator' retrieved from /home/airflow/.local/lib/python3.8/site-packages/airflow/example_dags/example_dag_decorator.py
[2024-02-16T16:32:28.327+0000] {logging_mixin.py:188} INFO - [2024-02-16T16:32:28.327+0000] {dag.py:3036} INFO - Sync 1 DAGs
[2024-02-16T16:32:28.335+0000] {logging_mixin.py:188} INFO - [2024-02-16T16:32:28.335+0000] {dag.py:3823} INFO - Setting next_dagrun for example_dag_decorator to None, run_after=None
[2024-02-16T16:32:28.350+0000] {processor.py:183} INFO - Processing /home/airflow/.local/lib/python3.8/site-packages/airflow/example_dags/example_dag_decorator.py took 0.169 seconds
[2024-02-16T16:32:58.411+0000] {processor.py:161} INFO - Started process (PID=214) to work on /home/airflow/.local/lib/python3.8/site-packages/airflow/example_dags/example_dag_decorator.py
[2024-02-16T16:32:58.412+0000] {processor.py:830} INFO - Processing file /home/airflow/.local/lib/python3.8/site-packages/airflow/example_dags/example_dag_decorator.py for tasks to queue
[2024-02-16T16:32:58.413+0000] {logging_mixin.py:188} INFO - [2024-02-16T16:32:58.413+0000] {dagbag.py:538} INFO - Filling up the DagBag from /home/airflow/.local/lib/python3.8/site-packages/airflow/example_dags/example_dag_decorator.py
[2024-02-16T16:32:58.484+0000] {processor.py:840} INFO - DAG(s) 'example_dag_decorator' retrieved from /home/airflow/.local/lib/python3.8/site-packages/airflow/example_dags/example_dag_decorator.py
[2024-02-16T16:32:58.570+0000] {logging_mixin.py:188} INFO - [2024-02-16T16:32:58.570+0000] {dag.py:3036} INFO - Sync 1 DAGs
[2024-02-16T16:32:58.578+0000] {logging_mixin.py:188} INFO - [2024-02-16T16:32:58.578+0000] {dag.py:3823} INFO - Setting next_dagrun for example_dag_decorator to None, run_after=None
[2024-02-16T16:32:58.592+0000] {processor.py:183} INFO - Processing /home/airflow/.local/lib/python3.8/site-packages/airflow/example_dags/example_dag_decorator.py took 0.183 seconds
[2024-02-16T16:33:28.637+0000] {processor.py:161} INFO - Started process (PID=268) to work on /home/airflow/.local/lib/python3.8/site-packages/airflow/example_dags/example_dag_decorator.py
[2024-02-16T16:33:28.637+0000] {processor.py:830} INFO - Processing file /home/airflow/.local/lib/python3.8/site-packages/airflow/example_dags/example_dag_decorator.py for tasks to queue
[2024-02-16T16:33:28.638+0000] {logging_mixin.py:188} INFO - [2024-02-16T16:33:28.638+0000] {dagbag.py:538} INFO - Filling up the DagBag from /home/airflow/.local/lib/python3.8/site-packages/airflow/example_dags/example_dag_decorator.py
[2024-02-16T16:33:28.708+0000] {processor.py:840} INFO - DAG(s) 'example_dag_decorator' retrieved from /home/airflow/.local/lib/python3.8/site-packages/airflow/example_dags/example_dag_decorator.py
[2024-02-16T16:33:28.782+0000] {logging_mixin.py:188} INFO - [2024-02-16T16:33:28.781+0000] {dag.py:3036} INFO - Sync 1 DAGs
[2024-02-16T16:33:28.789+0000] {logging_mixin.py:188} INFO - [2024-02-16T16:33:28.789+0000] {dag.py:3823} INFO - Setting next_dagrun for example_dag_decorator to None, run_after=None
[2024-02-16T16:33:28.802+0000] {processor.py:183} INFO - Processing /home/airflow/.local/lib/python3.8/site-packages/airflow/example_dags/example_dag_decorator.py took 0.167 seconds
[2024-02-16T16:33:58.880+0000] {processor.py:161} INFO - Started process (PID=326) to work on /home/airflow/.local/lib/python3.8/site-packages/airflow/example_dags/example_dag_decorator.py
[2024-02-16T16:33:58.881+0000] {processor.py:830} INFO - Processing file /home/airflow/.local/lib/python3.8/site-packages/airflow/example_dags/example_dag_decorator.py for tasks to queue
[2024-02-16T16:33:58.882+0000] {logging_mixin.py:188} INFO - [2024-02-16T16:33:58.882+0000] {dagbag.py:538} INFO - Filling up the DagBag from /home/airflow/.local/lib/python3.8/site-packages/airflow/example_dags/example_dag_decorator.py
[2024-02-16T16:33:58.955+0000] {processor.py:840} INFO - DAG(s) 'example_dag_decorator' retrieved from /home/airflow/.local/lib/python3.8/site-packages/airflow/example_dags/example_dag_decorator.py
[2024-02-16T16:33:59.036+0000] {logging_mixin.py:188} INFO - [2024-02-16T16:33:59.036+0000] {dag.py:3036} INFO - Sync 1 DAGs
[2024-02-16T16:33:59.044+0000] {logging_mixin.py:188} INFO - [2024-02-16T16:33:59.044+0000] {dag.py:3823} INFO - Setting next_dagrun for example_dag_decorator to None, run_after=None
[2024-02-16T16:33:59.058+0000] {processor.py:183} INFO - Processing /home/airflow/.local/lib/python3.8/site-packages/airflow/example_dags/example_dag_decorator.py took 0.180 seconds
[2024-02-16T16:34:29.085+0000] {processor.py:161} INFO - Started process (PID=380) to work on /home/airflow/.local/lib/python3.8/site-packages/airflow/example_dags/example_dag_decorator.py
[2024-02-16T16:34:29.086+0000] {processor.py:830} INFO - Processing file /home/airflow/.local/lib/python3.8/site-packages/airflow/example_dags/example_dag_decorator.py for tasks to queue
[2024-02-16T16:34:29.087+0000] {logging_mixin.py:188} INFO - [2024-02-16T16:34:29.086+0000] {dagbag.py:538} INFO - Filling up the DagBag from /home/airflow/.local/lib/python3.8/site-packages/airflow/example_dags/example_dag_decorator.py
[2024-02-16T16:34:29.158+0000] {processor.py:840} INFO - DAG(s) 'example_dag_decorator' retrieved from /home/airflow/.local/lib/python3.8/site-packages/airflow/example_dags/example_dag_decorator.py
[2024-02-16T16:34:29.233+0000] {logging_mixin.py:188} INFO - [2024-02-16T16:34:29.233+0000] {dag.py:3036} INFO - Sync 1 DAGs
[2024-02-16T16:34:29.242+0000] {logging_mixin.py:188} INFO - [2024-02-16T16:34:29.242+0000] {dag.py:3823} INFO - Setting next_dagrun for example_dag_decorator to None, run_after=None
[2024-02-16T16:34:29.256+0000] {processor.py:183} INFO - Processing /home/airflow/.local/lib/python3.8/site-packages/airflow/example_dags/example_dag_decorator.py took 0.173 seconds
[2024-02-16T16:34:59.316+0000] {processor.py:161} INFO - Started process (PID=436) to work on /home/airflow/.local/lib/python3.8/site-packages/airflow/example_dags/example_dag_decorator.py
[2024-02-16T16:34:59.317+0000] {processor.py:830} INFO - Processing file /home/airflow/.local/lib/python3.8/site-packages/airflow/example_dags/example_dag_decorator.py for tasks to queue
[2024-02-16T16:34:59.318+0000] {logging_mixin.py:188} INFO - [2024-02-16T16:34:59.318+0000] {dagbag.py:538} INFO - Filling up the DagBag from /home/airflow/.local/lib/python3.8/site-packages/airflow/example_dags/example_dag_decorator.py
[2024-02-16T16:34:59.386+0000] {processor.py:840} INFO - DAG(s) 'example_dag_decorator' retrieved from /home/airflow/.local/lib/python3.8/site-packages/airflow/example_dags/example_dag_decorator.py
[2024-02-16T16:34:59.458+0000] {logging_mixin.py:188} INFO - [2024-02-16T16:34:59.458+0000] {dag.py:3036} INFO - Sync 1 DAGs
[2024-02-16T16:34:59.466+0000] {logging_mixin.py:188} INFO - [2024-02-16T16:34:59.466+0000] {dag.py:3823} INFO - Setting next_dagrun for example_dag_decorator to None, run_after=None
[2024-02-16T16:34:59.484+0000] {processor.py:183} INFO - Processing /home/airflow/.local/lib/python3.8/site-packages/airflow/example_dags/example_dag_decorator.py took 0.170 seconds
[2024-02-16T16:35:29.508+0000] {processor.py:161} INFO - Started process (PID=492) to work on /home/airflow/.local/lib/python3.8/site-packages/airflow/example_dags/example_dag_decorator.py
[2024-02-16T16:35:29.509+0000] {processor.py:830} INFO - Processing file /home/airflow/.local/lib/python3.8/site-packages/airflow/example_dags/example_dag_decorator.py for tasks to queue
[2024-02-16T16:35:29.510+0000] {logging_mixin.py:188} INFO - [2024-02-16T16:35:29.510+0000] {dagbag.py:538} INFO - Filling up the DagBag from /home/airflow/.local/lib/python3.8/site-packages/airflow/example_dags/example_dag_decorator.py
[2024-02-16T16:35:29.581+0000] {processor.py:840} INFO - DAG(s) 'example_dag_decorator' retrieved from /home/airflow/.local/lib/python3.8/site-packages/airflow/example_dags/example_dag_decorator.py
[2024-02-16T16:35:29.658+0000] {logging_mixin.py:188} INFO - [2024-02-16T16:35:29.658+0000] {dag.py:3036} INFO - Sync 1 DAGs
[2024-02-16T16:35:29.667+0000] {logging_mixin.py:188} INFO - [2024-02-16T16:35:29.667+0000] {dag.py:3823} INFO - Setting next_dagrun for example_dag_decorator to None, run_after=None
[2024-02-16T16:35:29.682+0000] {processor.py:183} INFO - Processing /home/airflow/.local/lib/python3.8/site-packages/airflow/example_dags/example_dag_decorator.py took 0.176 seconds
[2024-02-16T16:35:59.712+0000] {processor.py:161} INFO - Started process (PID=548) to work on /home/airflow/.local/lib/python3.8/site-packages/airflow/example_dags/example_dag_decorator.py
[2024-02-16T16:35:59.713+0000] {processor.py:830} INFO - Processing file /home/airflow/.local/lib/python3.8/site-packages/airflow/example_dags/example_dag_decorator.py for tasks to queue
[2024-02-16T16:35:59.714+0000] {logging_mixin.py:188} INFO - [2024-02-16T16:35:59.714+0000] {dagbag.py:538} INFO - Filling up the DagBag from /home/airflow/.local/lib/python3.8/site-packages/airflow/example_dags/example_dag_decorator.py
[2024-02-16T16:35:59.784+0000] {processor.py:840} INFO - DAG(s) 'example_dag_decorator' retrieved from /home/airflow/.local/lib/python3.8/site-packages/airflow/example_dags/example_dag_decorator.py
[2024-02-16T16:35:59.861+0000] {logging_mixin.py:188} INFO - [2024-02-16T16:35:59.861+0000] {dag.py:3036} INFO - Sync 1 DAGs
[2024-02-16T16:35:59.870+0000] {logging_mixin.py:188} INFO - [2024-02-16T16:35:59.870+0000] {dag.py:3823} INFO - Setting next_dagrun for example_dag_decorator to None, run_after=None
[2024-02-16T16:35:59.885+0000] {processor.py:183} INFO - Processing /home/airflow/.local/lib/python3.8/site-packages/airflow/example_dags/example_dag_decorator.py took 0.174 seconds
[2024-02-16T16:36:30.888+0000] {processor.py:161} INFO - Started process (PID=606) to work on /home/airflow/.local/lib/python3.8/site-packages/airflow/example_dags/example_dag_decorator.py
[2024-02-16T16:36:30.888+0000] {processor.py:830} INFO - Processing file /home/airflow/.local/lib/python3.8/site-packages/airflow/example_dags/example_dag_decorator.py for tasks to queue
[2024-02-16T16:36:30.889+0000] {logging_mixin.py:188} INFO - [2024-02-16T16:36:30.889+0000] {dagbag.py:538} INFO - Filling up the DagBag from /home/airflow/.local/lib/python3.8/site-packages/airflow/example_dags/example_dag_decorator.py
[2024-02-16T16:36:30.961+0000] {processor.py:840} INFO - DAG(s) 'example_dag_decorator' retrieved from /home/airflow/.local/lib/python3.8/site-packages/airflow/example_dags/example_dag_decorator.py
[2024-02-16T16:36:31.038+0000] {logging_mixin.py:188} INFO - [2024-02-16T16:36:31.038+0000] {dag.py:3036} INFO - Sync 1 DAGs
[2024-02-16T16:36:31.046+0000] {logging_mixin.py:188} INFO - [2024-02-16T16:36:31.046+0000] {dag.py:3823} INFO - Setting next_dagrun for example_dag_decorator to None, run_after=None
[2024-02-16T16:36:31.061+0000] {processor.py:183} INFO - Processing /home/airflow/.local/lib/python3.8/site-packages/airflow/example_dags/example_dag_decorator.py took 0.175 seconds
[2024-02-16T16:37:01.298+0000] {processor.py:161} INFO - Started process (PID=663) to work on /home/airflow/.local/lib/python3.8/site-packages/airflow/example_dags/example_dag_decorator.py
[2024-02-16T16:37:01.299+0000] {processor.py:830} INFO - Processing file /home/airflow/.local/lib/python3.8/site-packages/airflow/example_dags/example_dag_decorator.py for tasks to queue
[2024-02-16T16:37:01.301+0000] {logging_mixin.py:188} INFO - [2024-02-16T16:37:01.300+0000] {dagbag.py:538} INFO - Filling up the DagBag from /home/airflow/.local/lib/python3.8/site-packages/airflow/example_dags/example_dag_decorator.py
[2024-02-16T16:37:01.373+0000] {processor.py:840} INFO - DAG(s) 'example_dag_decorator' retrieved from /home/airflow/.local/lib/python3.8/site-packages/airflow/example_dags/example_dag_decorator.py
[2024-02-16T16:37:01.451+0000] {logging_mixin.py:188} INFO - [2024-02-16T16:37:01.450+0000] {dag.py:3036} INFO - Sync 1 DAGs
[2024-02-16T16:37:01.460+0000] {logging_mixin.py:188} INFO - [2024-02-16T16:37:01.460+0000] {dag.py:3823} INFO - Setting next_dagrun for example_dag_decorator to None, run_after=None
[2024-02-16T16:37:01.475+0000] {processor.py:183} INFO - Processing /home/airflow/.local/lib/python3.8/site-packages/airflow/example_dags/example_dag_decorator.py took 0.179 seconds
[2024-02-16T16:37:31.611+0000] {processor.py:161} INFO - Started process (PID=720) to work on /home/airflow/.local/lib/python3.8/site-packages/airflow/example_dags/example_dag_decorator.py
[2024-02-16T16:37:31.612+0000] {processor.py:830} INFO - Processing file /home/airflow/.local/lib/python3.8/site-packages/airflow/example_dags/example_dag_decorator.py for tasks to queue
[2024-02-16T16:37:31.613+0000] {logging_mixin.py:188} INFO - [2024-02-16T16:37:31.613+0000] {dagbag.py:538} INFO - Filling up the DagBag from /home/airflow/.local/lib/python3.8/site-packages/airflow/example_dags/example_dag_decorator.py
[2024-02-16T16:37:31.686+0000] {processor.py:840} INFO - DAG(s) 'example_dag_decorator' retrieved from /home/airflow/.local/lib/python3.8/site-packages/airflow/example_dags/example_dag_decorator.py
[2024-02-16T16:37:31.767+0000] {logging_mixin.py:188} INFO - [2024-02-16T16:37:31.767+0000] {dag.py:3036} INFO - Sync 1 DAGs
[2024-02-16T16:37:31.778+0000] {logging_mixin.py:188} INFO - [2024-02-16T16:37:31.778+0000] {dag.py:3823} INFO - Setting next_dagrun for example_dag_decorator to None, run_after=None
[2024-02-16T16:37:31.792+0000] {processor.py:183} INFO - Processing /home/airflow/.local/lib/python3.8/site-packages/airflow/example_dags/example_dag_decorator.py took 0.183 seconds
[2024-02-16T16:39:15.376+0000] {processor.py:161} INFO - Started process (PID=44) to work on /home/airflow/.local/lib/python3.8/site-packages/airflow/example_dags/example_dag_decorator.py
[2024-02-16T16:39:15.377+0000] {processor.py:830} INFO - Processing file /home/airflow/.local/lib/python3.8/site-packages/airflow/example_dags/example_dag_decorator.py for tasks to queue
[2024-02-16T16:39:15.378+0000] {logging_mixin.py:188} INFO - [2024-02-16T16:39:15.378+0000] {dagbag.py:538} INFO - Filling up the DagBag from /home/airflow/.local/lib/python3.8/site-packages/airflow/example_dags/example_dag_decorator.py
[2024-02-16T16:39:15.552+0000] {processor.py:840} INFO - DAG(s) 'example_dag_decorator' retrieved from /home/airflow/.local/lib/python3.8/site-packages/airflow/example_dags/example_dag_decorator.py
[2024-02-16T16:39:15.570+0000] {logging_mixin.py:188} INFO - [2024-02-16T16:39:15.570+0000] {dag.py:3036} INFO - Sync 1 DAGs
[2024-02-16T16:39:15.580+0000] {logging_mixin.py:188} INFO - [2024-02-16T16:39:15.580+0000] {dag.py:3823} INFO - Setting next_dagrun for example_dag_decorator to None, run_after=None
[2024-02-16T16:39:15.595+0000] {processor.py:183} INFO - Processing /home/airflow/.local/lib/python3.8/site-packages/airflow/example_dags/example_dag_decorator.py took 0.221 seconds
[2024-02-16T16:39:45.939+0000] {processor.py:161} INFO - Started process (PID=100) to work on /home/airflow/.local/lib/python3.8/site-packages/airflow/example_dags/example_dag_decorator.py
[2024-02-16T16:39:45.940+0000] {processor.py:830} INFO - Processing file /home/airflow/.local/lib/python3.8/site-packages/airflow/example_dags/example_dag_decorator.py for tasks to queue
[2024-02-16T16:39:45.941+0000] {logging_mixin.py:188} INFO - [2024-02-16T16:39:45.940+0000] {dagbag.py:538} INFO - Filling up the DagBag from /home/airflow/.local/lib/python3.8/site-packages/airflow/example_dags/example_dag_decorator.py
[2024-02-16T16:39:46.012+0000] {processor.py:840} INFO - DAG(s) 'example_dag_decorator' retrieved from /home/airflow/.local/lib/python3.8/site-packages/airflow/example_dags/example_dag_decorator.py
[2024-02-16T16:39:46.090+0000] {logging_mixin.py:188} INFO - [2024-02-16T16:39:46.090+0000] {dag.py:3036} INFO - Sync 1 DAGs
[2024-02-16T16:39:46.098+0000] {logging_mixin.py:188} INFO - [2024-02-16T16:39:46.097+0000] {dag.py:3823} INFO - Setting next_dagrun for example_dag_decorator to None, run_after=None
[2024-02-16T16:39:46.111+0000] {processor.py:183} INFO - Processing /home/airflow/.local/lib/python3.8/site-packages/airflow/example_dags/example_dag_decorator.py took 0.174 seconds
[2024-02-16T16:40:16.448+0000] {processor.py:161} INFO - Started process (PID=157) to work on /home/airflow/.local/lib/python3.8/site-packages/airflow/example_dags/example_dag_decorator.py
[2024-02-16T16:40:16.449+0000] {processor.py:830} INFO - Processing file /home/airflow/.local/lib/python3.8/site-packages/airflow/example_dags/example_dag_decorator.py for tasks to queue
[2024-02-16T16:40:16.450+0000] {logging_mixin.py:188} INFO - [2024-02-16T16:40:16.450+0000] {dagbag.py:538} INFO - Filling up the DagBag from /home/airflow/.local/lib/python3.8/site-packages/airflow/example_dags/example_dag_decorator.py
[2024-02-16T16:40:16.522+0000] {processor.py:840} INFO - DAG(s) 'example_dag_decorator' retrieved from /home/airflow/.local/lib/python3.8/site-packages/airflow/example_dags/example_dag_decorator.py
[2024-02-16T16:40:16.596+0000] {logging_mixin.py:188} INFO - [2024-02-16T16:40:16.596+0000] {dag.py:3036} INFO - Sync 1 DAGs
[2024-02-16T16:40:16.604+0000] {logging_mixin.py:188} INFO - [2024-02-16T16:40:16.604+0000] {dag.py:3823} INFO - Setting next_dagrun for example_dag_decorator to None, run_after=None
[2024-02-16T16:40:16.617+0000] {processor.py:183} INFO - Processing /home/airflow/.local/lib/python3.8/site-packages/airflow/example_dags/example_dag_decorator.py took 0.171 seconds
[2024-02-16T16:40:46.663+0000] {processor.py:161} INFO - Started process (PID=216) to work on /home/airflow/.local/lib/python3.8/site-packages/airflow/example_dags/example_dag_decorator.py
[2024-02-16T16:40:46.664+0000] {processor.py:830} INFO - Processing file /home/airflow/.local/lib/python3.8/site-packages/airflow/example_dags/example_dag_decorator.py for tasks to queue
[2024-02-16T16:40:46.665+0000] {logging_mixin.py:188} INFO - [2024-02-16T16:40:46.664+0000] {dagbag.py:538} INFO - Filling up the DagBag from /home/airflow/.local/lib/python3.8/site-packages/airflow/example_dags/example_dag_decorator.py
[2024-02-16T16:40:46.738+0000] {processor.py:840} INFO - DAG(s) 'example_dag_decorator' retrieved from /home/airflow/.local/lib/python3.8/site-packages/airflow/example_dags/example_dag_decorator.py
[2024-02-16T16:40:46.813+0000] {logging_mixin.py:188} INFO - [2024-02-16T16:40:46.813+0000] {dag.py:3036} INFO - Sync 1 DAGs
[2024-02-16T16:40:46.821+0000] {logging_mixin.py:188} INFO - [2024-02-16T16:40:46.821+0000] {dag.py:3823} INFO - Setting next_dagrun for example_dag_decorator to None, run_after=None
[2024-02-16T16:40:46.835+0000] {processor.py:183} INFO - Processing /home/airflow/.local/lib/python3.8/site-packages/airflow/example_dags/example_dag_decorator.py took 0.174 seconds
[2024-02-16T16:41:16.970+0000] {processor.py:161} INFO - Started process (PID=271) to work on /home/airflow/.local/lib/python3.8/site-packages/airflow/example_dags/example_dag_decorator.py
[2024-02-16T16:41:16.971+0000] {processor.py:830} INFO - Processing file /home/airflow/.local/lib/python3.8/site-packages/airflow/example_dags/example_dag_decorator.py for tasks to queue
[2024-02-16T16:41:16.972+0000] {logging_mixin.py:188} INFO - [2024-02-16T16:41:16.972+0000] {dagbag.py:538} INFO - Filling up the DagBag from /home/airflow/.local/lib/python3.8/site-packages/airflow/example_dags/example_dag_decorator.py
[2024-02-16T16:41:17.051+0000] {processor.py:840} INFO - DAG(s) 'example_dag_decorator' retrieved from /home/airflow/.local/lib/python3.8/site-packages/airflow/example_dags/example_dag_decorator.py
[2024-02-16T16:41:17.136+0000] {logging_mixin.py:188} INFO - [2024-02-16T16:41:17.136+0000] {dag.py:3036} INFO - Sync 1 DAGs
[2024-02-16T16:41:17.145+0000] {logging_mixin.py:188} INFO - [2024-02-16T16:41:17.144+0000] {dag.py:3823} INFO - Setting next_dagrun for example_dag_decorator to None, run_after=None
[2024-02-16T16:41:17.161+0000] {processor.py:183} INFO - Processing /home/airflow/.local/lib/python3.8/site-packages/airflow/example_dags/example_dag_decorator.py took 0.193 seconds
[2024-02-16T16:41:47.447+0000] {processor.py:161} INFO - Started process (PID=329) to work on /home/airflow/.local/lib/python3.8/site-packages/airflow/example_dags/example_dag_decorator.py
[2024-02-16T16:41:47.448+0000] {processor.py:830} INFO - Processing file /home/airflow/.local/lib/python3.8/site-packages/airflow/example_dags/example_dag_decorator.py for tasks to queue
[2024-02-16T16:41:47.449+0000] {logging_mixin.py:188} INFO - [2024-02-16T16:41:47.449+0000] {dagbag.py:538} INFO - Filling up the DagBag from /home/airflow/.local/lib/python3.8/site-packages/airflow/example_dags/example_dag_decorator.py
[2024-02-16T16:41:47.529+0000] {processor.py:840} INFO - DAG(s) 'example_dag_decorator' retrieved from /home/airflow/.local/lib/python3.8/site-packages/airflow/example_dags/example_dag_decorator.py
[2024-02-16T16:41:47.611+0000] {logging_mixin.py:188} INFO - [2024-02-16T16:41:47.610+0000] {dag.py:3036} INFO - Sync 1 DAGs
[2024-02-16T16:41:47.619+0000] {logging_mixin.py:188} INFO - [2024-02-16T16:41:47.618+0000] {dag.py:3823} INFO - Setting next_dagrun for example_dag_decorator to None, run_after=None
[2024-02-16T16:41:47.634+0000] {processor.py:183} INFO - Processing /home/airflow/.local/lib/python3.8/site-packages/airflow/example_dags/example_dag_decorator.py took 0.188 seconds
[2024-02-16T16:42:17.693+0000] {processor.py:161} INFO - Started process (PID=386) to work on /home/airflow/.local/lib/python3.8/site-packages/airflow/example_dags/example_dag_decorator.py
[2024-02-16T16:42:17.694+0000] {processor.py:830} INFO - Processing file /home/airflow/.local/lib/python3.8/site-packages/airflow/example_dags/example_dag_decorator.py for tasks to queue
[2024-02-16T16:42:17.695+0000] {logging_mixin.py:188} INFO - [2024-02-16T16:42:17.695+0000] {dagbag.py:538} INFO - Filling up the DagBag from /home/airflow/.local/lib/python3.8/site-packages/airflow/example_dags/example_dag_decorator.py
[2024-02-16T16:42:17.772+0000] {processor.py:840} INFO - DAG(s) 'example_dag_decorator' retrieved from /home/airflow/.local/lib/python3.8/site-packages/airflow/example_dags/example_dag_decorator.py
[2024-02-16T16:42:17.854+0000] {logging_mixin.py:188} INFO - [2024-02-16T16:42:17.854+0000] {dag.py:3036} INFO - Sync 1 DAGs
[2024-02-16T16:42:17.864+0000] {logging_mixin.py:188} INFO - [2024-02-16T16:42:17.863+0000] {dag.py:3823} INFO - Setting next_dagrun for example_dag_decorator to None, run_after=None
[2024-02-16T16:42:17.878+0000] {processor.py:183} INFO - Processing /home/airflow/.local/lib/python3.8/site-packages/airflow/example_dags/example_dag_decorator.py took 0.187 seconds
[2024-02-16T16:42:48.097+0000] {processor.py:161} INFO - Started process (PID=443) to work on /home/airflow/.local/lib/python3.8/site-packages/airflow/example_dags/example_dag_decorator.py
[2024-02-16T16:42:48.097+0000] {processor.py:830} INFO - Processing file /home/airflow/.local/lib/python3.8/site-packages/airflow/example_dags/example_dag_decorator.py for tasks to queue
[2024-02-16T16:42:48.098+0000] {logging_mixin.py:188} INFO - [2024-02-16T16:42:48.098+0000] {dagbag.py:538} INFO - Filling up the DagBag from /home/airflow/.local/lib/python3.8/site-packages/airflow/example_dags/example_dag_decorator.py
[2024-02-16T16:42:48.173+0000] {processor.py:840} INFO - DAG(s) 'example_dag_decorator' retrieved from /home/airflow/.local/lib/python3.8/site-packages/airflow/example_dags/example_dag_decorator.py
[2024-02-16T16:42:48.250+0000] {logging_mixin.py:188} INFO - [2024-02-16T16:42:48.250+0000] {dag.py:3036} INFO - Sync 1 DAGs
[2024-02-16T16:42:48.258+0000] {logging_mixin.py:188} INFO - [2024-02-16T16:42:48.258+0000] {dag.py:3823} INFO - Setting next_dagrun for example_dag_decorator to None, run_after=None
[2024-02-16T16:42:48.273+0000] {processor.py:183} INFO - Processing /home/airflow/.local/lib/python3.8/site-packages/airflow/example_dags/example_dag_decorator.py took 0.178 seconds
[2024-02-16T16:43:18.516+0000] {processor.py:161} INFO - Started process (PID=500) to work on /home/airflow/.local/lib/python3.8/site-packages/airflow/example_dags/example_dag_decorator.py
[2024-02-16T16:43:18.517+0000] {processor.py:830} INFO - Processing file /home/airflow/.local/lib/python3.8/site-packages/airflow/example_dags/example_dag_decorator.py for tasks to queue
[2024-02-16T16:43:18.518+0000] {logging_mixin.py:188} INFO - [2024-02-16T16:43:18.518+0000] {dagbag.py:538} INFO - Filling up the DagBag from /home/airflow/.local/lib/python3.8/site-packages/airflow/example_dags/example_dag_decorator.py
[2024-02-16T16:43:18.609+0000] {processor.py:840} INFO - DAG(s) 'example_dag_decorator' retrieved from /home/airflow/.local/lib/python3.8/site-packages/airflow/example_dags/example_dag_decorator.py
[2024-02-16T16:43:18.696+0000] {logging_mixin.py:188} INFO - [2024-02-16T16:43:18.696+0000] {dag.py:3036} INFO - Sync 1 DAGs
[2024-02-16T16:43:18.705+0000] {logging_mixin.py:188} INFO - [2024-02-16T16:43:18.704+0000] {dag.py:3823} INFO - Setting next_dagrun for example_dag_decorator to None, run_after=None
[2024-02-16T16:43:18.721+0000] {processor.py:183} INFO - Processing /home/airflow/.local/lib/python3.8/site-packages/airflow/example_dags/example_dag_decorator.py took 0.207 seconds
[2024-02-16T16:43:48.927+0000] {processor.py:161} INFO - Started process (PID=557) to work on /home/airflow/.local/lib/python3.8/site-packages/airflow/example_dags/example_dag_decorator.py
[2024-02-16T16:43:48.928+0000] {processor.py:830} INFO - Processing file /home/airflow/.local/lib/python3.8/site-packages/airflow/example_dags/example_dag_decorator.py for tasks to queue
[2024-02-16T16:43:48.929+0000] {logging_mixin.py:188} INFO - [2024-02-16T16:43:48.929+0000] {dagbag.py:538} INFO - Filling up the DagBag from /home/airflow/.local/lib/python3.8/site-packages/airflow/example_dags/example_dag_decorator.py
[2024-02-16T16:43:49.006+0000] {processor.py:840} INFO - DAG(s) 'example_dag_decorator' retrieved from /home/airflow/.local/lib/python3.8/site-packages/airflow/example_dags/example_dag_decorator.py
[2024-02-16T16:43:49.088+0000] {logging_mixin.py:188} INFO - [2024-02-16T16:43:49.088+0000] {dag.py:3036} INFO - Sync 1 DAGs
[2024-02-16T16:43:49.098+0000] {logging_mixin.py:188} INFO - [2024-02-16T16:43:49.098+0000] {dag.py:3823} INFO - Setting next_dagrun for example_dag_decorator to None, run_after=None
[2024-02-16T16:43:49.113+0000] {processor.py:183} INFO - Processing /home/airflow/.local/lib/python3.8/site-packages/airflow/example_dags/example_dag_decorator.py took 0.188 seconds
