[2024-02-16T16:20:17.447+0000] {processor.py:161} INFO - Started process (PID=51) to work on /home/airflow/.local/lib/python3.8/site-packages/airflow/example_dags/example_external_task_marker_dag.py
[2024-02-16T16:20:17.447+0000] {processor.py:830} INFO - Processing file /home/airflow/.local/lib/python3.8/site-packages/airflow/example_dags/example_external_task_marker_dag.py for tasks to queue
[2024-02-16T16:20:17.449+0000] {logging_mixin.py:188} INFO - [2024-02-16T16:20:17.449+0000] {dagbag.py:538} INFO - Filling up the DagBag from /home/airflow/.local/lib/python3.8/site-packages/airflow/example_dags/example_external_task_marker_dag.py
[2024-02-16T16:20:17.456+0000] {processor.py:840} INFO - DAG(s) 'example_external_task_marker_child', 'example_external_task_marker_parent' retrieved from /home/airflow/.local/lib/python3.8/site-packages/airflow/example_dags/example_external_task_marker_dag.py
[2024-02-16T16:20:17.466+0000] {logging_mixin.py:188} INFO - [2024-02-16T16:20:17.466+0000] {dag.py:3036} INFO - Sync 2 DAGs
[2024-02-16T16:20:17.478+0000] {logging_mixin.py:188} INFO - [2024-02-16T16:20:17.478+0000] {dag.py:3823} INFO - Setting next_dagrun for example_external_task_marker_child to None, run_after=None
[2024-02-16T16:20:17.482+0000] {logging_mixin.py:188} INFO - [2024-02-16T16:20:17.482+0000] {dag.py:3823} INFO - Setting next_dagrun for example_external_task_marker_parent to None, run_after=None
[2024-02-16T16:20:17.499+0000] {processor.py:183} INFO - Processing /home/airflow/.local/lib/python3.8/site-packages/airflow/example_dags/example_external_task_marker_dag.py took 0.054 seconds
[2024-02-16T16:20:47.836+0000] {processor.py:161} INFO - Started process (PID=106) to work on /home/airflow/.local/lib/python3.8/site-packages/airflow/example_dags/example_external_task_marker_dag.py
[2024-02-16T16:20:47.837+0000] {processor.py:830} INFO - Processing file /home/airflow/.local/lib/python3.8/site-packages/airflow/example_dags/example_external_task_marker_dag.py for tasks to queue
[2024-02-16T16:20:47.838+0000] {logging_mixin.py:188} INFO - [2024-02-16T16:20:47.838+0000] {dagbag.py:538} INFO - Filling up the DagBag from /home/airflow/.local/lib/python3.8/site-packages/airflow/example_dags/example_external_task_marker_dag.py
[2024-02-16T16:20:47.842+0000] {processor.py:840} INFO - DAG(s) 'example_external_task_marker_child', 'example_external_task_marker_parent' retrieved from /home/airflow/.local/lib/python3.8/site-packages/airflow/example_dags/example_external_task_marker_dag.py
[2024-02-16T16:20:47.926+0000] {logging_mixin.py:188} INFO - [2024-02-16T16:20:47.926+0000] {dag.py:3036} INFO - Sync 2 DAGs
[2024-02-16T16:20:47.935+0000] {logging_mixin.py:188} INFO - [2024-02-16T16:20:47.934+0000] {dag.py:3823} INFO - Setting next_dagrun for example_external_task_marker_child to None, run_after=None
[2024-02-16T16:20:47.938+0000] {logging_mixin.py:188} INFO - [2024-02-16T16:20:47.938+0000] {dag.py:3823} INFO - Setting next_dagrun for example_external_task_marker_parent to None, run_after=None
[2024-02-16T16:20:47.953+0000] {processor.py:183} INFO - Processing /home/airflow/.local/lib/python3.8/site-packages/airflow/example_dags/example_external_task_marker_dag.py took 0.119 seconds
[2024-02-16T16:21:17.998+0000] {processor.py:161} INFO - Started process (PID=161) to work on /home/airflow/.local/lib/python3.8/site-packages/airflow/example_dags/example_external_task_marker_dag.py
[2024-02-16T16:21:17.999+0000] {processor.py:830} INFO - Processing file /home/airflow/.local/lib/python3.8/site-packages/airflow/example_dags/example_external_task_marker_dag.py for tasks to queue
[2024-02-16T16:21:18.000+0000] {logging_mixin.py:188} INFO - [2024-02-16T16:21:18.000+0000] {dagbag.py:538} INFO - Filling up the DagBag from /home/airflow/.local/lib/python3.8/site-packages/airflow/example_dags/example_external_task_marker_dag.py
[2024-02-16T16:21:18.004+0000] {processor.py:840} INFO - DAG(s) 'example_external_task_marker_child', 'example_external_task_marker_parent' retrieved from /home/airflow/.local/lib/python3.8/site-packages/airflow/example_dags/example_external_task_marker_dag.py
[2024-02-16T16:21:18.020+0000] {logging_mixin.py:188} INFO - [2024-02-16T16:21:18.020+0000] {dag.py:3036} INFO - Sync 2 DAGs
[2024-02-16T16:21:18.028+0000] {logging_mixin.py:188} INFO - [2024-02-16T16:21:18.028+0000] {dag.py:3823} INFO - Setting next_dagrun for example_external_task_marker_child to None, run_after=None
[2024-02-16T16:21:18.031+0000] {logging_mixin.py:188} INFO - [2024-02-16T16:21:18.031+0000] {dag.py:3823} INFO - Setting next_dagrun for example_external_task_marker_parent to None, run_after=None
[2024-02-16T16:21:18.042+0000] {processor.py:183} INFO - Processing /home/airflow/.local/lib/python3.8/site-packages/airflow/example_dags/example_external_task_marker_dag.py took 0.046 seconds
[2024-02-16T16:21:48.396+0000] {processor.py:161} INFO - Started process (PID=216) to work on /home/airflow/.local/lib/python3.8/site-packages/airflow/example_dags/example_external_task_marker_dag.py
[2024-02-16T16:21:48.397+0000] {processor.py:830} INFO - Processing file /home/airflow/.local/lib/python3.8/site-packages/airflow/example_dags/example_external_task_marker_dag.py for tasks to queue
[2024-02-16T16:21:48.398+0000] {logging_mixin.py:188} INFO - [2024-02-16T16:21:48.398+0000] {dagbag.py:538} INFO - Filling up the DagBag from /home/airflow/.local/lib/python3.8/site-packages/airflow/example_dags/example_external_task_marker_dag.py
[2024-02-16T16:21:48.402+0000] {processor.py:840} INFO - DAG(s) 'example_external_task_marker_child', 'example_external_task_marker_parent' retrieved from /home/airflow/.local/lib/python3.8/site-packages/airflow/example_dags/example_external_task_marker_dag.py
[2024-02-16T16:21:48.417+0000] {logging_mixin.py:188} INFO - [2024-02-16T16:21:48.417+0000] {dag.py:3036} INFO - Sync 2 DAGs
[2024-02-16T16:21:48.426+0000] {logging_mixin.py:188} INFO - [2024-02-16T16:21:48.426+0000] {dag.py:3823} INFO - Setting next_dagrun for example_external_task_marker_child to None, run_after=None
[2024-02-16T16:21:48.429+0000] {logging_mixin.py:188} INFO - [2024-02-16T16:21:48.429+0000] {dag.py:3823} INFO - Setting next_dagrun for example_external_task_marker_parent to None, run_after=None
[2024-02-16T16:21:48.441+0000] {processor.py:183} INFO - Processing /home/airflow/.local/lib/python3.8/site-packages/airflow/example_dags/example_external_task_marker_dag.py took 0.046 seconds
[2024-02-16T16:22:18.596+0000] {processor.py:161} INFO - Started process (PID=271) to work on /home/airflow/.local/lib/python3.8/site-packages/airflow/example_dags/example_external_task_marker_dag.py
[2024-02-16T16:22:18.597+0000] {processor.py:830} INFO - Processing file /home/airflow/.local/lib/python3.8/site-packages/airflow/example_dags/example_external_task_marker_dag.py for tasks to queue
[2024-02-16T16:22:18.598+0000] {logging_mixin.py:188} INFO - [2024-02-16T16:22:18.598+0000] {dagbag.py:538} INFO - Filling up the DagBag from /home/airflow/.local/lib/python3.8/site-packages/airflow/example_dags/example_external_task_marker_dag.py
[2024-02-16T16:22:18.602+0000] {processor.py:840} INFO - DAG(s) 'example_external_task_marker_child', 'example_external_task_marker_parent' retrieved from /home/airflow/.local/lib/python3.8/site-packages/airflow/example_dags/example_external_task_marker_dag.py
[2024-02-16T16:22:18.618+0000] {logging_mixin.py:188} INFO - [2024-02-16T16:22:18.617+0000] {dag.py:3036} INFO - Sync 2 DAGs
[2024-02-16T16:22:18.626+0000] {logging_mixin.py:188} INFO - [2024-02-16T16:22:18.626+0000] {dag.py:3823} INFO - Setting next_dagrun for example_external_task_marker_child to None, run_after=None
[2024-02-16T16:22:18.630+0000] {logging_mixin.py:188} INFO - [2024-02-16T16:22:18.630+0000] {dag.py:3823} INFO - Setting next_dagrun for example_external_task_marker_parent to None, run_after=None
[2024-02-16T16:22:18.643+0000] {processor.py:183} INFO - Processing /home/airflow/.local/lib/python3.8/site-packages/airflow/example_dags/example_external_task_marker_dag.py took 0.048 seconds
[2024-02-16T16:22:48.752+0000] {processor.py:161} INFO - Started process (PID=326) to work on /home/airflow/.local/lib/python3.8/site-packages/airflow/example_dags/example_external_task_marker_dag.py
[2024-02-16T16:22:48.753+0000] {processor.py:830} INFO - Processing file /home/airflow/.local/lib/python3.8/site-packages/airflow/example_dags/example_external_task_marker_dag.py for tasks to queue
[2024-02-16T16:22:48.754+0000] {logging_mixin.py:188} INFO - [2024-02-16T16:22:48.754+0000] {dagbag.py:538} INFO - Filling up the DagBag from /home/airflow/.local/lib/python3.8/site-packages/airflow/example_dags/example_external_task_marker_dag.py
[2024-02-16T16:22:48.758+0000] {processor.py:840} INFO - DAG(s) 'example_external_task_marker_parent', 'example_external_task_marker_child' retrieved from /home/airflow/.local/lib/python3.8/site-packages/airflow/example_dags/example_external_task_marker_dag.py
[2024-02-16T16:22:48.776+0000] {logging_mixin.py:188} INFO - [2024-02-16T16:22:48.776+0000] {dag.py:3036} INFO - Sync 2 DAGs
[2024-02-16T16:22:48.787+0000] {logging_mixin.py:188} INFO - [2024-02-16T16:22:48.786+0000] {dag.py:3823} INFO - Setting next_dagrun for example_external_task_marker_child to None, run_after=None
[2024-02-16T16:22:48.790+0000] {logging_mixin.py:188} INFO - [2024-02-16T16:22:48.789+0000] {dag.py:3823} INFO - Setting next_dagrun for example_external_task_marker_parent to None, run_after=None
[2024-02-16T16:22:48.802+0000] {processor.py:183} INFO - Processing /home/airflow/.local/lib/python3.8/site-packages/airflow/example_dags/example_external_task_marker_dag.py took 0.052 seconds
[2024-02-16T16:23:18.989+0000] {processor.py:161} INFO - Started process (PID=381) to work on /home/airflow/.local/lib/python3.8/site-packages/airflow/example_dags/example_external_task_marker_dag.py
[2024-02-16T16:23:18.989+0000] {processor.py:830} INFO - Processing file /home/airflow/.local/lib/python3.8/site-packages/airflow/example_dags/example_external_task_marker_dag.py for tasks to queue
[2024-02-16T16:23:18.990+0000] {logging_mixin.py:188} INFO - [2024-02-16T16:23:18.990+0000] {dagbag.py:538} INFO - Filling up the DagBag from /home/airflow/.local/lib/python3.8/site-packages/airflow/example_dags/example_external_task_marker_dag.py
[2024-02-16T16:23:18.994+0000] {processor.py:840} INFO - DAG(s) 'example_external_task_marker_child', 'example_external_task_marker_parent' retrieved from /home/airflow/.local/lib/python3.8/site-packages/airflow/example_dags/example_external_task_marker_dag.py
[2024-02-16T16:23:19.012+0000] {logging_mixin.py:188} INFO - [2024-02-16T16:23:19.012+0000] {dag.py:3036} INFO - Sync 2 DAGs
[2024-02-16T16:23:19.023+0000] {logging_mixin.py:188} INFO - [2024-02-16T16:23:19.023+0000] {dag.py:3823} INFO - Setting next_dagrun for example_external_task_marker_child to None, run_after=None
[2024-02-16T16:23:19.026+0000] {logging_mixin.py:188} INFO - [2024-02-16T16:23:19.026+0000] {dag.py:3823} INFO - Setting next_dagrun for example_external_task_marker_parent to None, run_after=None
[2024-02-16T16:23:19.040+0000] {processor.py:183} INFO - Processing /home/airflow/.local/lib/python3.8/site-packages/airflow/example_dags/example_external_task_marker_dag.py took 0.053 seconds
[2024-02-16T16:23:49.288+0000] {processor.py:161} INFO - Started process (PID=436) to work on /home/airflow/.local/lib/python3.8/site-packages/airflow/example_dags/example_external_task_marker_dag.py
[2024-02-16T16:23:49.289+0000] {processor.py:830} INFO - Processing file /home/airflow/.local/lib/python3.8/site-packages/airflow/example_dags/example_external_task_marker_dag.py for tasks to queue
[2024-02-16T16:23:49.290+0000] {logging_mixin.py:188} INFO - [2024-02-16T16:23:49.290+0000] {dagbag.py:538} INFO - Filling up the DagBag from /home/airflow/.local/lib/python3.8/site-packages/airflow/example_dags/example_external_task_marker_dag.py
[2024-02-16T16:23:49.294+0000] {processor.py:840} INFO - DAG(s) 'example_external_task_marker_parent', 'example_external_task_marker_child' retrieved from /home/airflow/.local/lib/python3.8/site-packages/airflow/example_dags/example_external_task_marker_dag.py
[2024-02-16T16:23:49.311+0000] {logging_mixin.py:188} INFO - [2024-02-16T16:23:49.311+0000] {dag.py:3036} INFO - Sync 2 DAGs
[2024-02-16T16:23:49.321+0000] {logging_mixin.py:188} INFO - [2024-02-16T16:23:49.321+0000] {dag.py:3823} INFO - Setting next_dagrun for example_external_task_marker_child to None, run_after=None
[2024-02-16T16:23:49.324+0000] {logging_mixin.py:188} INFO - [2024-02-16T16:23:49.324+0000] {dag.py:3823} INFO - Setting next_dagrun for example_external_task_marker_parent to None, run_after=None
[2024-02-16T16:23:49.337+0000] {processor.py:183} INFO - Processing /home/airflow/.local/lib/python3.8/site-packages/airflow/example_dags/example_external_task_marker_dag.py took 0.050 seconds
[2024-02-16T16:24:19.538+0000] {processor.py:161} INFO - Started process (PID=491) to work on /home/airflow/.local/lib/python3.8/site-packages/airflow/example_dags/example_external_task_marker_dag.py
[2024-02-16T16:24:19.539+0000] {processor.py:830} INFO - Processing file /home/airflow/.local/lib/python3.8/site-packages/airflow/example_dags/example_external_task_marker_dag.py for tasks to queue
[2024-02-16T16:24:19.540+0000] {logging_mixin.py:188} INFO - [2024-02-16T16:24:19.539+0000] {dagbag.py:538} INFO - Filling up the DagBag from /home/airflow/.local/lib/python3.8/site-packages/airflow/example_dags/example_external_task_marker_dag.py
[2024-02-16T16:24:19.543+0000] {processor.py:840} INFO - DAG(s) 'example_external_task_marker_child', 'example_external_task_marker_parent' retrieved from /home/airflow/.local/lib/python3.8/site-packages/airflow/example_dags/example_external_task_marker_dag.py
[2024-02-16T16:24:19.560+0000] {logging_mixin.py:188} INFO - [2024-02-16T16:24:19.560+0000] {dag.py:3036} INFO - Sync 2 DAGs
[2024-02-16T16:24:19.569+0000] {logging_mixin.py:188} INFO - [2024-02-16T16:24:19.569+0000] {dag.py:3823} INFO - Setting next_dagrun for example_external_task_marker_child to None, run_after=None
[2024-02-16T16:24:19.572+0000] {logging_mixin.py:188} INFO - [2024-02-16T16:24:19.572+0000] {dag.py:3823} INFO - Setting next_dagrun for example_external_task_marker_parent to None, run_after=None
[2024-02-16T16:24:19.584+0000] {processor.py:183} INFO - Processing /home/airflow/.local/lib/python3.8/site-packages/airflow/example_dags/example_external_task_marker_dag.py took 0.048 seconds
[2024-02-16T16:24:49.757+0000] {processor.py:161} INFO - Started process (PID=546) to work on /home/airflow/.local/lib/python3.8/site-packages/airflow/example_dags/example_external_task_marker_dag.py
[2024-02-16T16:24:49.758+0000] {processor.py:830} INFO - Processing file /home/airflow/.local/lib/python3.8/site-packages/airflow/example_dags/example_external_task_marker_dag.py for tasks to queue
[2024-02-16T16:24:49.759+0000] {logging_mixin.py:188} INFO - [2024-02-16T16:24:49.759+0000] {dagbag.py:538} INFO - Filling up the DagBag from /home/airflow/.local/lib/python3.8/site-packages/airflow/example_dags/example_external_task_marker_dag.py
[2024-02-16T16:24:49.763+0000] {processor.py:840} INFO - DAG(s) 'example_external_task_marker_parent', 'example_external_task_marker_child' retrieved from /home/airflow/.local/lib/python3.8/site-packages/airflow/example_dags/example_external_task_marker_dag.py
[2024-02-16T16:24:49.782+0000] {logging_mixin.py:188} INFO - [2024-02-16T16:24:49.782+0000] {dag.py:3036} INFO - Sync 2 DAGs
[2024-02-16T16:24:49.792+0000] {logging_mixin.py:188} INFO - [2024-02-16T16:24:49.792+0000] {dag.py:3823} INFO - Setting next_dagrun for example_external_task_marker_child to None, run_after=None
[2024-02-16T16:24:49.796+0000] {logging_mixin.py:188} INFO - [2024-02-16T16:24:49.795+0000] {dag.py:3823} INFO - Setting next_dagrun for example_external_task_marker_parent to None, run_after=None
[2024-02-16T16:24:49.809+0000] {processor.py:183} INFO - Processing /home/airflow/.local/lib/python3.8/site-packages/airflow/example_dags/example_external_task_marker_dag.py took 0.054 seconds
[2024-02-16T16:25:19.867+0000] {processor.py:161} INFO - Started process (PID=600) to work on /home/airflow/.local/lib/python3.8/site-packages/airflow/example_dags/example_external_task_marker_dag.py
[2024-02-16T16:25:19.868+0000] {processor.py:830} INFO - Processing file /home/airflow/.local/lib/python3.8/site-packages/airflow/example_dags/example_external_task_marker_dag.py for tasks to queue
[2024-02-16T16:25:19.869+0000] {logging_mixin.py:188} INFO - [2024-02-16T16:25:19.869+0000] {dagbag.py:538} INFO - Filling up the DagBag from /home/airflow/.local/lib/python3.8/site-packages/airflow/example_dags/example_external_task_marker_dag.py
[2024-02-16T16:25:19.873+0000] {processor.py:840} INFO - DAG(s) 'example_external_task_marker_parent', 'example_external_task_marker_child' retrieved from /home/airflow/.local/lib/python3.8/site-packages/airflow/example_dags/example_external_task_marker_dag.py
[2024-02-16T16:25:19.891+0000] {logging_mixin.py:188} INFO - [2024-02-16T16:25:19.890+0000] {dag.py:3036} INFO - Sync 2 DAGs
[2024-02-16T16:25:19.900+0000] {logging_mixin.py:188} INFO - [2024-02-16T16:25:19.900+0000] {dag.py:3823} INFO - Setting next_dagrun for example_external_task_marker_child to None, run_after=None
[2024-02-16T16:25:19.904+0000] {logging_mixin.py:188} INFO - [2024-02-16T16:25:19.903+0000] {dag.py:3823} INFO - Setting next_dagrun for example_external_task_marker_parent to None, run_after=None
[2024-02-16T16:25:19.918+0000] {processor.py:183} INFO - Processing /home/airflow/.local/lib/python3.8/site-packages/airflow/example_dags/example_external_task_marker_dag.py took 0.053 seconds
[2024-02-16T16:25:50.184+0000] {processor.py:161} INFO - Started process (PID=655) to work on /home/airflow/.local/lib/python3.8/site-packages/airflow/example_dags/example_external_task_marker_dag.py
[2024-02-16T16:25:50.184+0000] {processor.py:830} INFO - Processing file /home/airflow/.local/lib/python3.8/site-packages/airflow/example_dags/example_external_task_marker_dag.py for tasks to queue
[2024-02-16T16:25:50.185+0000] {logging_mixin.py:188} INFO - [2024-02-16T16:25:50.185+0000] {dagbag.py:538} INFO - Filling up the DagBag from /home/airflow/.local/lib/python3.8/site-packages/airflow/example_dags/example_external_task_marker_dag.py
[2024-02-16T16:25:50.189+0000] {processor.py:840} INFO - DAG(s) 'example_external_task_marker_child', 'example_external_task_marker_parent' retrieved from /home/airflow/.local/lib/python3.8/site-packages/airflow/example_dags/example_external_task_marker_dag.py
[2024-02-16T16:25:50.205+0000] {logging_mixin.py:188} INFO - [2024-02-16T16:25:50.204+0000] {dag.py:3036} INFO - Sync 2 DAGs
[2024-02-16T16:25:50.213+0000] {logging_mixin.py:188} INFO - [2024-02-16T16:25:50.213+0000] {dag.py:3823} INFO - Setting next_dagrun for example_external_task_marker_child to None, run_after=None
[2024-02-16T16:25:50.216+0000] {logging_mixin.py:188} INFO - [2024-02-16T16:25:50.216+0000] {dag.py:3823} INFO - Setting next_dagrun for example_external_task_marker_parent to None, run_after=None
[2024-02-16T16:25:50.229+0000] {processor.py:183} INFO - Processing /home/airflow/.local/lib/python3.8/site-packages/airflow/example_dags/example_external_task_marker_dag.py took 0.047 seconds
[2024-02-16T16:26:20.296+0000] {processor.py:161} INFO - Started process (PID=710) to work on /home/airflow/.local/lib/python3.8/site-packages/airflow/example_dags/example_external_task_marker_dag.py
[2024-02-16T16:26:20.297+0000] {processor.py:830} INFO - Processing file /home/airflow/.local/lib/python3.8/site-packages/airflow/example_dags/example_external_task_marker_dag.py for tasks to queue
[2024-02-16T16:26:20.298+0000] {logging_mixin.py:188} INFO - [2024-02-16T16:26:20.298+0000] {dagbag.py:538} INFO - Filling up the DagBag from /home/airflow/.local/lib/python3.8/site-packages/airflow/example_dags/example_external_task_marker_dag.py
[2024-02-16T16:26:20.302+0000] {processor.py:840} INFO - DAG(s) 'example_external_task_marker_child', 'example_external_task_marker_parent' retrieved from /home/airflow/.local/lib/python3.8/site-packages/airflow/example_dags/example_external_task_marker_dag.py
[2024-02-16T16:26:20.319+0000] {logging_mixin.py:188} INFO - [2024-02-16T16:26:20.318+0000] {dag.py:3036} INFO - Sync 2 DAGs
[2024-02-16T16:26:20.328+0000] {logging_mixin.py:188} INFO - [2024-02-16T16:26:20.328+0000] {dag.py:3823} INFO - Setting next_dagrun for example_external_task_marker_child to None, run_after=None
[2024-02-16T16:26:20.331+0000] {logging_mixin.py:188} INFO - [2024-02-16T16:26:20.331+0000] {dag.py:3823} INFO - Setting next_dagrun for example_external_task_marker_parent to None, run_after=None
[2024-02-16T16:26:20.345+0000] {processor.py:183} INFO - Processing /home/airflow/.local/lib/python3.8/site-packages/airflow/example_dags/example_external_task_marker_dag.py took 0.051 seconds
[2024-02-16T16:26:50.626+0000] {processor.py:161} INFO - Started process (PID=765) to work on /home/airflow/.local/lib/python3.8/site-packages/airflow/example_dags/example_external_task_marker_dag.py
[2024-02-16T16:26:50.627+0000] {processor.py:830} INFO - Processing file /home/airflow/.local/lib/python3.8/site-packages/airflow/example_dags/example_external_task_marker_dag.py for tasks to queue
[2024-02-16T16:26:50.629+0000] {logging_mixin.py:188} INFO - [2024-02-16T16:26:50.628+0000] {dagbag.py:538} INFO - Filling up the DagBag from /home/airflow/.local/lib/python3.8/site-packages/airflow/example_dags/example_external_task_marker_dag.py
[2024-02-16T16:26:50.632+0000] {processor.py:840} INFO - DAG(s) 'example_external_task_marker_child', 'example_external_task_marker_parent' retrieved from /home/airflow/.local/lib/python3.8/site-packages/airflow/example_dags/example_external_task_marker_dag.py
[2024-02-16T16:26:50.650+0000] {logging_mixin.py:188} INFO - [2024-02-16T16:26:50.650+0000] {dag.py:3036} INFO - Sync 2 DAGs
[2024-02-16T16:26:50.661+0000] {logging_mixin.py:188} INFO - [2024-02-16T16:26:50.661+0000] {dag.py:3823} INFO - Setting next_dagrun for example_external_task_marker_child to None, run_after=None
[2024-02-16T16:26:50.664+0000] {logging_mixin.py:188} INFO - [2024-02-16T16:26:50.663+0000] {dag.py:3823} INFO - Setting next_dagrun for example_external_task_marker_parent to None, run_after=None
[2024-02-16T16:26:50.677+0000] {processor.py:183} INFO - Processing /home/airflow/.local/lib/python3.8/site-packages/airflow/example_dags/example_external_task_marker_dag.py took 0.053 seconds
[2024-02-16T16:27:20.783+0000] {processor.py:161} INFO - Started process (PID=820) to work on /home/airflow/.local/lib/python3.8/site-packages/airflow/example_dags/example_external_task_marker_dag.py
[2024-02-16T16:27:20.784+0000] {processor.py:830} INFO - Processing file /home/airflow/.local/lib/python3.8/site-packages/airflow/example_dags/example_external_task_marker_dag.py for tasks to queue
[2024-02-16T16:27:20.785+0000] {logging_mixin.py:188} INFO - [2024-02-16T16:27:20.785+0000] {dagbag.py:538} INFO - Filling up the DagBag from /home/airflow/.local/lib/python3.8/site-packages/airflow/example_dags/example_external_task_marker_dag.py
[2024-02-16T16:27:20.789+0000] {processor.py:840} INFO - DAG(s) 'example_external_task_marker_parent', 'example_external_task_marker_child' retrieved from /home/airflow/.local/lib/python3.8/site-packages/airflow/example_dags/example_external_task_marker_dag.py
[2024-02-16T16:27:20.807+0000] {logging_mixin.py:188} INFO - [2024-02-16T16:27:20.806+0000] {dag.py:3036} INFO - Sync 2 DAGs
[2024-02-16T16:27:20.820+0000] {logging_mixin.py:188} INFO - [2024-02-16T16:27:20.819+0000] {dag.py:3823} INFO - Setting next_dagrun for example_external_task_marker_child to None, run_after=None
[2024-02-16T16:27:20.822+0000] {logging_mixin.py:188} INFO - [2024-02-16T16:27:20.822+0000] {dag.py:3823} INFO - Setting next_dagrun for example_external_task_marker_parent to None, run_after=None
[2024-02-16T16:27:20.836+0000] {processor.py:183} INFO - Processing /home/airflow/.local/lib/python3.8/site-packages/airflow/example_dags/example_external_task_marker_dag.py took 0.055 seconds
[2024-02-16T16:27:50.892+0000] {processor.py:161} INFO - Started process (PID=875) to work on /home/airflow/.local/lib/python3.8/site-packages/airflow/example_dags/example_external_task_marker_dag.py
[2024-02-16T16:27:50.892+0000] {processor.py:830} INFO - Processing file /home/airflow/.local/lib/python3.8/site-packages/airflow/example_dags/example_external_task_marker_dag.py for tasks to queue
[2024-02-16T16:27:50.894+0000] {logging_mixin.py:188} INFO - [2024-02-16T16:27:50.893+0000] {dagbag.py:538} INFO - Filling up the DagBag from /home/airflow/.local/lib/python3.8/site-packages/airflow/example_dags/example_external_task_marker_dag.py
[2024-02-16T16:27:50.897+0000] {processor.py:840} INFO - DAG(s) 'example_external_task_marker_parent', 'example_external_task_marker_child' retrieved from /home/airflow/.local/lib/python3.8/site-packages/airflow/example_dags/example_external_task_marker_dag.py
[2024-02-16T16:27:50.914+0000] {logging_mixin.py:188} INFO - [2024-02-16T16:27:50.914+0000] {dag.py:3036} INFO - Sync 2 DAGs
[2024-02-16T16:27:50.923+0000] {logging_mixin.py:188} INFO - [2024-02-16T16:27:50.923+0000] {dag.py:3823} INFO - Setting next_dagrun for example_external_task_marker_child to None, run_after=None
[2024-02-16T16:27:50.926+0000] {logging_mixin.py:188} INFO - [2024-02-16T16:27:50.926+0000] {dag.py:3823} INFO - Setting next_dagrun for example_external_task_marker_parent to None, run_after=None
[2024-02-16T16:27:50.939+0000] {processor.py:183} INFO - Processing /home/airflow/.local/lib/python3.8/site-packages/airflow/example_dags/example_external_task_marker_dag.py took 0.050 seconds
[2024-02-16T16:28:21.190+0000] {processor.py:161} INFO - Started process (PID=930) to work on /home/airflow/.local/lib/python3.8/site-packages/airflow/example_dags/example_external_task_marker_dag.py
[2024-02-16T16:28:21.191+0000] {processor.py:830} INFO - Processing file /home/airflow/.local/lib/python3.8/site-packages/airflow/example_dags/example_external_task_marker_dag.py for tasks to queue
[2024-02-16T16:28:21.192+0000] {logging_mixin.py:188} INFO - [2024-02-16T16:28:21.192+0000] {dagbag.py:538} INFO - Filling up the DagBag from /home/airflow/.local/lib/python3.8/site-packages/airflow/example_dags/example_external_task_marker_dag.py
[2024-02-16T16:28:21.196+0000] {processor.py:840} INFO - DAG(s) 'example_external_task_marker_child', 'example_external_task_marker_parent' retrieved from /home/airflow/.local/lib/python3.8/site-packages/airflow/example_dags/example_external_task_marker_dag.py
[2024-02-16T16:28:21.215+0000] {logging_mixin.py:188} INFO - [2024-02-16T16:28:21.215+0000] {dag.py:3036} INFO - Sync 2 DAGs
[2024-02-16T16:28:21.226+0000] {logging_mixin.py:188} INFO - [2024-02-16T16:28:21.226+0000] {dag.py:3823} INFO - Setting next_dagrun for example_external_task_marker_child to None, run_after=None
[2024-02-16T16:28:21.229+0000] {logging_mixin.py:188} INFO - [2024-02-16T16:28:21.229+0000] {dag.py:3823} INFO - Setting next_dagrun for example_external_task_marker_parent to None, run_after=None
[2024-02-16T16:28:21.244+0000] {processor.py:183} INFO - Processing /home/airflow/.local/lib/python3.8/site-packages/airflow/example_dags/example_external_task_marker_dag.py took 0.056 seconds
[2024-02-16T16:28:51.485+0000] {processor.py:161} INFO - Started process (PID=985) to work on /home/airflow/.local/lib/python3.8/site-packages/airflow/example_dags/example_external_task_marker_dag.py
[2024-02-16T16:28:51.486+0000] {processor.py:830} INFO - Processing file /home/airflow/.local/lib/python3.8/site-packages/airflow/example_dags/example_external_task_marker_dag.py for tasks to queue
[2024-02-16T16:28:51.487+0000] {logging_mixin.py:188} INFO - [2024-02-16T16:28:51.487+0000] {dagbag.py:538} INFO - Filling up the DagBag from /home/airflow/.local/lib/python3.8/site-packages/airflow/example_dags/example_external_task_marker_dag.py
[2024-02-16T16:28:51.490+0000] {processor.py:840} INFO - DAG(s) 'example_external_task_marker_child', 'example_external_task_marker_parent' retrieved from /home/airflow/.local/lib/python3.8/site-packages/airflow/example_dags/example_external_task_marker_dag.py
[2024-02-16T16:28:51.506+0000] {logging_mixin.py:188} INFO - [2024-02-16T16:28:51.505+0000] {dag.py:3036} INFO - Sync 2 DAGs
[2024-02-16T16:28:51.514+0000] {logging_mixin.py:188} INFO - [2024-02-16T16:28:51.514+0000] {dag.py:3823} INFO - Setting next_dagrun for example_external_task_marker_child to None, run_after=None
[2024-02-16T16:28:51.517+0000] {logging_mixin.py:188} INFO - [2024-02-16T16:28:51.517+0000] {dag.py:3823} INFO - Setting next_dagrun for example_external_task_marker_parent to None, run_after=None
[2024-02-16T16:28:51.529+0000] {processor.py:183} INFO - Processing /home/airflow/.local/lib/python3.8/site-packages/airflow/example_dags/example_external_task_marker_dag.py took 0.045 seconds
[2024-02-16T16:29:21.599+0000] {processor.py:161} INFO - Started process (PID=1040) to work on /home/airflow/.local/lib/python3.8/site-packages/airflow/example_dags/example_external_task_marker_dag.py
[2024-02-16T16:29:21.599+0000] {processor.py:830} INFO - Processing file /home/airflow/.local/lib/python3.8/site-packages/airflow/example_dags/example_external_task_marker_dag.py for tasks to queue
[2024-02-16T16:29:21.601+0000] {logging_mixin.py:188} INFO - [2024-02-16T16:29:21.600+0000] {dagbag.py:538} INFO - Filling up the DagBag from /home/airflow/.local/lib/python3.8/site-packages/airflow/example_dags/example_external_task_marker_dag.py
[2024-02-16T16:29:21.604+0000] {processor.py:840} INFO - DAG(s) 'example_external_task_marker_parent', 'example_external_task_marker_child' retrieved from /home/airflow/.local/lib/python3.8/site-packages/airflow/example_dags/example_external_task_marker_dag.py
[2024-02-16T16:29:21.620+0000] {logging_mixin.py:188} INFO - [2024-02-16T16:29:21.619+0000] {dag.py:3036} INFO - Sync 2 DAGs
[2024-02-16T16:29:21.628+0000] {logging_mixin.py:188} INFO - [2024-02-16T16:29:21.628+0000] {dag.py:3823} INFO - Setting next_dagrun for example_external_task_marker_child to None, run_after=None
[2024-02-16T16:29:21.631+0000] {logging_mixin.py:188} INFO - [2024-02-16T16:29:21.631+0000] {dag.py:3823} INFO - Setting next_dagrun for example_external_task_marker_parent to None, run_after=None
[2024-02-16T16:29:21.644+0000] {processor.py:183} INFO - Processing /home/airflow/.local/lib/python3.8/site-packages/airflow/example_dags/example_external_task_marker_dag.py took 0.047 seconds
[2024-02-16T16:29:51.756+0000] {processor.py:161} INFO - Started process (PID=1095) to work on /home/airflow/.local/lib/python3.8/site-packages/airflow/example_dags/example_external_task_marker_dag.py
[2024-02-16T16:29:51.757+0000] {processor.py:830} INFO - Processing file /home/airflow/.local/lib/python3.8/site-packages/airflow/example_dags/example_external_task_marker_dag.py for tasks to queue
[2024-02-16T16:29:51.758+0000] {logging_mixin.py:188} INFO - [2024-02-16T16:29:51.758+0000] {dagbag.py:538} INFO - Filling up the DagBag from /home/airflow/.local/lib/python3.8/site-packages/airflow/example_dags/example_external_task_marker_dag.py
[2024-02-16T16:29:51.765+0000] {processor.py:840} INFO - DAG(s) 'example_external_task_marker_parent', 'example_external_task_marker_child' retrieved from /home/airflow/.local/lib/python3.8/site-packages/airflow/example_dags/example_external_task_marker_dag.py
[2024-02-16T16:29:51.794+0000] {logging_mixin.py:188} INFO - [2024-02-16T16:29:51.794+0000] {dag.py:3036} INFO - Sync 2 DAGs
[2024-02-16T16:29:51.809+0000] {logging_mixin.py:188} INFO - [2024-02-16T16:29:51.809+0000] {dag.py:3823} INFO - Setting next_dagrun for example_external_task_marker_child to None, run_after=None
[2024-02-16T16:29:51.813+0000] {logging_mixin.py:188} INFO - [2024-02-16T16:29:51.813+0000] {dag.py:3823} INFO - Setting next_dagrun for example_external_task_marker_parent to None, run_after=None
[2024-02-16T16:29:51.838+0000] {processor.py:183} INFO - Processing /home/airflow/.local/lib/python3.8/site-packages/airflow/example_dags/example_external_task_marker_dag.py took 0.084 seconds
[2024-02-16T16:30:21.875+0000] {processor.py:161} INFO - Started process (PID=1151) to work on /home/airflow/.local/lib/python3.8/site-packages/airflow/example_dags/example_external_task_marker_dag.py
[2024-02-16T16:30:21.875+0000] {processor.py:830} INFO - Processing file /home/airflow/.local/lib/python3.8/site-packages/airflow/example_dags/example_external_task_marker_dag.py for tasks to queue
[2024-02-16T16:30:21.876+0000] {logging_mixin.py:188} INFO - [2024-02-16T16:30:21.876+0000] {dagbag.py:538} INFO - Filling up the DagBag from /home/airflow/.local/lib/python3.8/site-packages/airflow/example_dags/example_external_task_marker_dag.py
[2024-02-16T16:30:21.880+0000] {processor.py:840} INFO - DAG(s) 'example_external_task_marker_child', 'example_external_task_marker_parent' retrieved from /home/airflow/.local/lib/python3.8/site-packages/airflow/example_dags/example_external_task_marker_dag.py
[2024-02-16T16:30:21.895+0000] {logging_mixin.py:188} INFO - [2024-02-16T16:30:21.895+0000] {dag.py:3036} INFO - Sync 2 DAGs
[2024-02-16T16:30:21.903+0000] {logging_mixin.py:188} INFO - [2024-02-16T16:30:21.903+0000] {dag.py:3823} INFO - Setting next_dagrun for example_external_task_marker_child to None, run_after=None
[2024-02-16T16:30:21.906+0000] {logging_mixin.py:188} INFO - [2024-02-16T16:30:21.906+0000] {dag.py:3823} INFO - Setting next_dagrun for example_external_task_marker_parent to None, run_after=None
[2024-02-16T16:30:21.917+0000] {processor.py:183} INFO - Processing /home/airflow/.local/lib/python3.8/site-packages/airflow/example_dags/example_external_task_marker_dag.py took 0.044 seconds
[2024-02-16T16:31:26.567+0000] {processor.py:161} INFO - Started process (PID=52) to work on /home/airflow/.local/lib/python3.8/site-packages/airflow/example_dags/example_external_task_marker_dag.py
[2024-02-16T16:31:26.568+0000] {processor.py:830} INFO - Processing file /home/airflow/.local/lib/python3.8/site-packages/airflow/example_dags/example_external_task_marker_dag.py for tasks to queue
[2024-02-16T16:31:26.569+0000] {logging_mixin.py:188} INFO - [2024-02-16T16:31:26.568+0000] {dagbag.py:538} INFO - Filling up the DagBag from /home/airflow/.local/lib/python3.8/site-packages/airflow/example_dags/example_external_task_marker_dag.py
[2024-02-16T16:31:26.574+0000] {processor.py:840} INFO - DAG(s) 'example_external_task_marker_parent', 'example_external_task_marker_child' retrieved from /home/airflow/.local/lib/python3.8/site-packages/airflow/example_dags/example_external_task_marker_dag.py
[2024-02-16T16:31:26.583+0000] {logging_mixin.py:188} INFO - [2024-02-16T16:31:26.583+0000] {dag.py:3036} INFO - Sync 2 DAGs
[2024-02-16T16:31:26.593+0000] {logging_mixin.py:188} INFO - [2024-02-16T16:31:26.593+0000] {dag.py:3823} INFO - Setting next_dagrun for example_external_task_marker_child to None, run_after=None
[2024-02-16T16:31:26.596+0000] {logging_mixin.py:188} INFO - [2024-02-16T16:31:26.596+0000] {dag.py:3823} INFO - Setting next_dagrun for example_external_task_marker_parent to None, run_after=None
[2024-02-16T16:31:26.608+0000] {processor.py:183} INFO - Processing /home/airflow/.local/lib/python3.8/site-packages/airflow/example_dags/example_external_task_marker_dag.py took 0.044 seconds
[2024-02-16T16:31:57.641+0000] {processor.py:161} INFO - Started process (PID=108) to work on /home/airflow/.local/lib/python3.8/site-packages/airflow/example_dags/example_external_task_marker_dag.py
[2024-02-16T16:31:57.642+0000] {processor.py:830} INFO - Processing file /home/airflow/.local/lib/python3.8/site-packages/airflow/example_dags/example_external_task_marker_dag.py for tasks to queue
[2024-02-16T16:31:57.643+0000] {logging_mixin.py:188} INFO - [2024-02-16T16:31:57.643+0000] {dagbag.py:538} INFO - Filling up the DagBag from /home/airflow/.local/lib/python3.8/site-packages/airflow/example_dags/example_external_task_marker_dag.py
[2024-02-16T16:31:57.647+0000] {processor.py:840} INFO - DAG(s) 'example_external_task_marker_child', 'example_external_task_marker_parent' retrieved from /home/airflow/.local/lib/python3.8/site-packages/airflow/example_dags/example_external_task_marker_dag.py
[2024-02-16T16:31:57.727+0000] {logging_mixin.py:188} INFO - [2024-02-16T16:31:57.727+0000] {dag.py:3036} INFO - Sync 2 DAGs
[2024-02-16T16:31:57.735+0000] {logging_mixin.py:188} INFO - [2024-02-16T16:31:57.735+0000] {dag.py:3823} INFO - Setting next_dagrun for example_external_task_marker_child to None, run_after=None
[2024-02-16T16:31:57.737+0000] {logging_mixin.py:188} INFO - [2024-02-16T16:31:57.737+0000] {dag.py:3823} INFO - Setting next_dagrun for example_external_task_marker_parent to None, run_after=None
[2024-02-16T16:31:57.750+0000] {processor.py:183} INFO - Processing /home/airflow/.local/lib/python3.8/site-packages/airflow/example_dags/example_external_task_marker_dag.py took 0.110 seconds
[2024-02-16T16:32:28.513+0000] {processor.py:161} INFO - Started process (PID=164) to work on /home/airflow/.local/lib/python3.8/site-packages/airflow/example_dags/example_external_task_marker_dag.py
[2024-02-16T16:32:28.514+0000] {processor.py:830} INFO - Processing file /home/airflow/.local/lib/python3.8/site-packages/airflow/example_dags/example_external_task_marker_dag.py for tasks to queue
[2024-02-16T16:32:28.515+0000] {logging_mixin.py:188} INFO - [2024-02-16T16:32:28.515+0000] {dagbag.py:538} INFO - Filling up the DagBag from /home/airflow/.local/lib/python3.8/site-packages/airflow/example_dags/example_external_task_marker_dag.py
[2024-02-16T16:32:28.518+0000] {processor.py:840} INFO - DAG(s) 'example_external_task_marker_parent', 'example_external_task_marker_child' retrieved from /home/airflow/.local/lib/python3.8/site-packages/airflow/example_dags/example_external_task_marker_dag.py
[2024-02-16T16:32:28.533+0000] {logging_mixin.py:188} INFO - [2024-02-16T16:32:28.533+0000] {dag.py:3036} INFO - Sync 2 DAGs
[2024-02-16T16:32:28.542+0000] {logging_mixin.py:188} INFO - [2024-02-16T16:32:28.542+0000] {dag.py:3823} INFO - Setting next_dagrun for example_external_task_marker_child to None, run_after=None
[2024-02-16T16:32:28.545+0000] {logging_mixin.py:188} INFO - [2024-02-16T16:32:28.545+0000] {dag.py:3823} INFO - Setting next_dagrun for example_external_task_marker_parent to None, run_after=None
[2024-02-16T16:32:28.556+0000] {processor.py:183} INFO - Processing /home/airflow/.local/lib/python3.8/site-packages/airflow/example_dags/example_external_task_marker_dag.py took 0.045 seconds
[2024-02-16T16:32:58.675+0000] {processor.py:161} INFO - Started process (PID=220) to work on /home/airflow/.local/lib/python3.8/site-packages/airflow/example_dags/example_external_task_marker_dag.py
[2024-02-16T16:32:58.676+0000] {processor.py:830} INFO - Processing file /home/airflow/.local/lib/python3.8/site-packages/airflow/example_dags/example_external_task_marker_dag.py for tasks to queue
[2024-02-16T16:32:58.677+0000] {logging_mixin.py:188} INFO - [2024-02-16T16:32:58.677+0000] {dagbag.py:538} INFO - Filling up the DagBag from /home/airflow/.local/lib/python3.8/site-packages/airflow/example_dags/example_external_task_marker_dag.py
[2024-02-16T16:32:58.681+0000] {processor.py:840} INFO - DAG(s) 'example_external_task_marker_parent', 'example_external_task_marker_child' retrieved from /home/airflow/.local/lib/python3.8/site-packages/airflow/example_dags/example_external_task_marker_dag.py
[2024-02-16T16:32:58.697+0000] {logging_mixin.py:188} INFO - [2024-02-16T16:32:58.697+0000] {dag.py:3036} INFO - Sync 2 DAGs
[2024-02-16T16:32:58.706+0000] {logging_mixin.py:188} INFO - [2024-02-16T16:32:58.706+0000] {dag.py:3823} INFO - Setting next_dagrun for example_external_task_marker_child to None, run_after=None
[2024-02-16T16:32:58.709+0000] {logging_mixin.py:188} INFO - [2024-02-16T16:32:58.709+0000] {dag.py:3823} INFO - Setting next_dagrun for example_external_task_marker_parent to None, run_after=None
[2024-02-16T16:32:58.720+0000] {processor.py:183} INFO - Processing /home/airflow/.local/lib/python3.8/site-packages/airflow/example_dags/example_external_task_marker_dag.py took 0.047 seconds
[2024-02-16T16:33:28.968+0000] {processor.py:161} INFO - Started process (PID=276) to work on /home/airflow/.local/lib/python3.8/site-packages/airflow/example_dags/example_external_task_marker_dag.py
[2024-02-16T16:33:28.968+0000] {processor.py:830} INFO - Processing file /home/airflow/.local/lib/python3.8/site-packages/airflow/example_dags/example_external_task_marker_dag.py for tasks to queue
[2024-02-16T16:33:28.970+0000] {logging_mixin.py:188} INFO - [2024-02-16T16:33:28.969+0000] {dagbag.py:538} INFO - Filling up the DagBag from /home/airflow/.local/lib/python3.8/site-packages/airflow/example_dags/example_external_task_marker_dag.py
[2024-02-16T16:33:28.974+0000] {processor.py:840} INFO - DAG(s) 'example_external_task_marker_child', 'example_external_task_marker_parent' retrieved from /home/airflow/.local/lib/python3.8/site-packages/airflow/example_dags/example_external_task_marker_dag.py
[2024-02-16T16:33:28.990+0000] {logging_mixin.py:188} INFO - [2024-02-16T16:33:28.989+0000] {dag.py:3036} INFO - Sync 2 DAGs
[2024-02-16T16:33:28.999+0000] {logging_mixin.py:188} INFO - [2024-02-16T16:33:28.999+0000] {dag.py:3823} INFO - Setting next_dagrun for example_external_task_marker_child to None, run_after=None
[2024-02-16T16:33:29.002+0000] {logging_mixin.py:188} INFO - [2024-02-16T16:33:29.001+0000] {dag.py:3823} INFO - Setting next_dagrun for example_external_task_marker_parent to None, run_after=None
[2024-02-16T16:33:29.013+0000] {processor.py:183} INFO - Processing /home/airflow/.local/lib/python3.8/site-packages/airflow/example_dags/example_external_task_marker_dag.py took 0.047 seconds
[2024-02-16T16:33:59.150+0000] {processor.py:161} INFO - Started process (PID=332) to work on /home/airflow/.local/lib/python3.8/site-packages/airflow/example_dags/example_external_task_marker_dag.py
[2024-02-16T16:33:59.151+0000] {processor.py:830} INFO - Processing file /home/airflow/.local/lib/python3.8/site-packages/airflow/example_dags/example_external_task_marker_dag.py for tasks to queue
[2024-02-16T16:33:59.152+0000] {logging_mixin.py:188} INFO - [2024-02-16T16:33:59.151+0000] {dagbag.py:538} INFO - Filling up the DagBag from /home/airflow/.local/lib/python3.8/site-packages/airflow/example_dags/example_external_task_marker_dag.py
[2024-02-16T16:33:59.156+0000] {processor.py:840} INFO - DAG(s) 'example_external_task_marker_child', 'example_external_task_marker_parent' retrieved from /home/airflow/.local/lib/python3.8/site-packages/airflow/example_dags/example_external_task_marker_dag.py
[2024-02-16T16:33:59.174+0000] {logging_mixin.py:188} INFO - [2024-02-16T16:33:59.174+0000] {dag.py:3036} INFO - Sync 2 DAGs
[2024-02-16T16:33:59.183+0000] {logging_mixin.py:188} INFO - [2024-02-16T16:33:59.183+0000] {dag.py:3823} INFO - Setting next_dagrun for example_external_task_marker_child to None, run_after=None
[2024-02-16T16:33:59.186+0000] {logging_mixin.py:188} INFO - [2024-02-16T16:33:59.186+0000] {dag.py:3823} INFO - Setting next_dagrun for example_external_task_marker_parent to None, run_after=None
[2024-02-16T16:33:59.198+0000] {processor.py:183} INFO - Processing /home/airflow/.local/lib/python3.8/site-packages/airflow/example_dags/example_external_task_marker_dag.py took 0.050 seconds
[2024-02-16T16:34:29.436+0000] {processor.py:161} INFO - Started process (PID=388) to work on /home/airflow/.local/lib/python3.8/site-packages/airflow/example_dags/example_external_task_marker_dag.py
[2024-02-16T16:34:29.437+0000] {processor.py:830} INFO - Processing file /home/airflow/.local/lib/python3.8/site-packages/airflow/example_dags/example_external_task_marker_dag.py for tasks to queue
[2024-02-16T16:34:29.438+0000] {logging_mixin.py:188} INFO - [2024-02-16T16:34:29.438+0000] {dagbag.py:538} INFO - Filling up the DagBag from /home/airflow/.local/lib/python3.8/site-packages/airflow/example_dags/example_external_task_marker_dag.py
[2024-02-16T16:34:29.442+0000] {processor.py:840} INFO - DAG(s) 'example_external_task_marker_parent', 'example_external_task_marker_child' retrieved from /home/airflow/.local/lib/python3.8/site-packages/airflow/example_dags/example_external_task_marker_dag.py
[2024-02-16T16:34:29.459+0000] {logging_mixin.py:188} INFO - [2024-02-16T16:34:29.459+0000] {dag.py:3036} INFO - Sync 2 DAGs
[2024-02-16T16:34:29.470+0000] {logging_mixin.py:188} INFO - [2024-02-16T16:34:29.470+0000] {dag.py:3823} INFO - Setting next_dagrun for example_external_task_marker_child to None, run_after=None
[2024-02-16T16:34:29.473+0000] {logging_mixin.py:188} INFO - [2024-02-16T16:34:29.473+0000] {dag.py:3823} INFO - Setting next_dagrun for example_external_task_marker_parent to None, run_after=None
[2024-02-16T16:34:29.486+0000] {processor.py:183} INFO - Processing /home/airflow/.local/lib/python3.8/site-packages/airflow/example_dags/example_external_task_marker_dag.py took 0.052 seconds
[2024-02-16T16:34:59.650+0000] {processor.py:161} INFO - Started process (PID=444) to work on /home/airflow/.local/lib/python3.8/site-packages/airflow/example_dags/example_external_task_marker_dag.py
[2024-02-16T16:34:59.651+0000] {processor.py:830} INFO - Processing file /home/airflow/.local/lib/python3.8/site-packages/airflow/example_dags/example_external_task_marker_dag.py for tasks to queue
[2024-02-16T16:34:59.652+0000] {logging_mixin.py:188} INFO - [2024-02-16T16:34:59.652+0000] {dagbag.py:538} INFO - Filling up the DagBag from /home/airflow/.local/lib/python3.8/site-packages/airflow/example_dags/example_external_task_marker_dag.py
[2024-02-16T16:34:59.655+0000] {processor.py:840} INFO - DAG(s) 'example_external_task_marker_parent', 'example_external_task_marker_child' retrieved from /home/airflow/.local/lib/python3.8/site-packages/airflow/example_dags/example_external_task_marker_dag.py
[2024-02-16T16:34:59.670+0000] {logging_mixin.py:188} INFO - [2024-02-16T16:34:59.670+0000] {dag.py:3036} INFO - Sync 2 DAGs
[2024-02-16T16:34:59.679+0000] {logging_mixin.py:188} INFO - [2024-02-16T16:34:59.679+0000] {dag.py:3823} INFO - Setting next_dagrun for example_external_task_marker_child to None, run_after=None
[2024-02-16T16:34:59.681+0000] {logging_mixin.py:188} INFO - [2024-02-16T16:34:59.681+0000] {dag.py:3823} INFO - Setting next_dagrun for example_external_task_marker_parent to None, run_after=None
[2024-02-16T16:34:59.694+0000] {processor.py:183} INFO - Processing /home/airflow/.local/lib/python3.8/site-packages/airflow/example_dags/example_external_task_marker_dag.py took 0.045 seconds
[2024-02-16T16:35:29.854+0000] {processor.py:161} INFO - Started process (PID=500) to work on /home/airflow/.local/lib/python3.8/site-packages/airflow/example_dags/example_external_task_marker_dag.py
[2024-02-16T16:35:29.854+0000] {processor.py:830} INFO - Processing file /home/airflow/.local/lib/python3.8/site-packages/airflow/example_dags/example_external_task_marker_dag.py for tasks to queue
[2024-02-16T16:35:29.855+0000] {logging_mixin.py:188} INFO - [2024-02-16T16:35:29.855+0000] {dagbag.py:538} INFO - Filling up the DagBag from /home/airflow/.local/lib/python3.8/site-packages/airflow/example_dags/example_external_task_marker_dag.py
[2024-02-16T16:35:29.859+0000] {processor.py:840} INFO - DAG(s) 'example_external_task_marker_parent', 'example_external_task_marker_child' retrieved from /home/airflow/.local/lib/python3.8/site-packages/airflow/example_dags/example_external_task_marker_dag.py
[2024-02-16T16:35:29.874+0000] {logging_mixin.py:188} INFO - [2024-02-16T16:35:29.874+0000] {dag.py:3036} INFO - Sync 2 DAGs
[2024-02-16T16:35:29.883+0000] {logging_mixin.py:188} INFO - [2024-02-16T16:35:29.883+0000] {dag.py:3823} INFO - Setting next_dagrun for example_external_task_marker_child to None, run_after=None
[2024-02-16T16:35:29.886+0000] {logging_mixin.py:188} INFO - [2024-02-16T16:35:29.886+0000] {dag.py:3823} INFO - Setting next_dagrun for example_external_task_marker_parent to None, run_after=None
[2024-02-16T16:35:29.898+0000] {processor.py:183} INFO - Processing /home/airflow/.local/lib/python3.8/site-packages/airflow/example_dags/example_external_task_marker_dag.py took 0.047 seconds
[2024-02-16T16:36:00.073+0000] {processor.py:161} INFO - Started process (PID=556) to work on /home/airflow/.local/lib/python3.8/site-packages/airflow/example_dags/example_external_task_marker_dag.py
[2024-02-16T16:36:00.073+0000] {processor.py:830} INFO - Processing file /home/airflow/.local/lib/python3.8/site-packages/airflow/example_dags/example_external_task_marker_dag.py for tasks to queue
[2024-02-16T16:36:00.074+0000] {logging_mixin.py:188} INFO - [2024-02-16T16:36:00.074+0000] {dagbag.py:538} INFO - Filling up the DagBag from /home/airflow/.local/lib/python3.8/site-packages/airflow/example_dags/example_external_task_marker_dag.py
[2024-02-16T16:36:00.078+0000] {processor.py:840} INFO - DAG(s) 'example_external_task_marker_parent', 'example_external_task_marker_child' retrieved from /home/airflow/.local/lib/python3.8/site-packages/airflow/example_dags/example_external_task_marker_dag.py
[2024-02-16T16:36:00.095+0000] {logging_mixin.py:188} INFO - [2024-02-16T16:36:00.095+0000] {dag.py:3036} INFO - Sync 2 DAGs
[2024-02-16T16:36:00.105+0000] {logging_mixin.py:188} INFO - [2024-02-16T16:36:00.104+0000] {dag.py:3823} INFO - Setting next_dagrun for example_external_task_marker_child to None, run_after=None
[2024-02-16T16:36:00.108+0000] {logging_mixin.py:188} INFO - [2024-02-16T16:36:00.107+0000] {dag.py:3823} INFO - Setting next_dagrun for example_external_task_marker_parent to None, run_after=None
[2024-02-16T16:36:00.120+0000] {processor.py:183} INFO - Processing /home/airflow/.local/lib/python3.8/site-packages/airflow/example_dags/example_external_task_marker_dag.py took 0.049 seconds
[2024-02-16T16:36:31.175+0000] {processor.py:161} INFO - Started process (PID=612) to work on /home/airflow/.local/lib/python3.8/site-packages/airflow/example_dags/example_external_task_marker_dag.py
[2024-02-16T16:36:31.176+0000] {processor.py:830} INFO - Processing file /home/airflow/.local/lib/python3.8/site-packages/airflow/example_dags/example_external_task_marker_dag.py for tasks to queue
[2024-02-16T16:36:31.178+0000] {logging_mixin.py:188} INFO - [2024-02-16T16:36:31.177+0000] {dagbag.py:538} INFO - Filling up the DagBag from /home/airflow/.local/lib/python3.8/site-packages/airflow/example_dags/example_external_task_marker_dag.py
[2024-02-16T16:36:31.184+0000] {processor.py:840} INFO - DAG(s) 'example_external_task_marker_child', 'example_external_task_marker_parent' retrieved from /home/airflow/.local/lib/python3.8/site-packages/airflow/example_dags/example_external_task_marker_dag.py
[2024-02-16T16:36:31.206+0000] {logging_mixin.py:188} INFO - [2024-02-16T16:36:31.206+0000] {dag.py:3036} INFO - Sync 2 DAGs
[2024-02-16T16:36:31.216+0000] {logging_mixin.py:188} INFO - [2024-02-16T16:36:31.215+0000] {dag.py:3823} INFO - Setting next_dagrun for example_external_task_marker_child to None, run_after=None
[2024-02-16T16:36:31.219+0000] {logging_mixin.py:188} INFO - [2024-02-16T16:36:31.218+0000] {dag.py:3823} INFO - Setting next_dagrun for example_external_task_marker_parent to None, run_after=None
[2024-02-16T16:36:31.233+0000] {processor.py:183} INFO - Processing /home/airflow/.local/lib/python3.8/site-packages/airflow/example_dags/example_external_task_marker_dag.py took 0.061 seconds
[2024-02-16T16:37:01.566+0000] {processor.py:161} INFO - Started process (PID=669) to work on /home/airflow/.local/lib/python3.8/site-packages/airflow/example_dags/example_external_task_marker_dag.py
[2024-02-16T16:37:01.567+0000] {processor.py:830} INFO - Processing file /home/airflow/.local/lib/python3.8/site-packages/airflow/example_dags/example_external_task_marker_dag.py for tasks to queue
[2024-02-16T16:37:01.568+0000] {logging_mixin.py:188} INFO - [2024-02-16T16:37:01.568+0000] {dagbag.py:538} INFO - Filling up the DagBag from /home/airflow/.local/lib/python3.8/site-packages/airflow/example_dags/example_external_task_marker_dag.py
[2024-02-16T16:37:01.572+0000] {processor.py:840} INFO - DAG(s) 'example_external_task_marker_parent', 'example_external_task_marker_child' retrieved from /home/airflow/.local/lib/python3.8/site-packages/airflow/example_dags/example_external_task_marker_dag.py
[2024-02-16T16:37:01.591+0000] {logging_mixin.py:188} INFO - [2024-02-16T16:37:01.591+0000] {dag.py:3036} INFO - Sync 2 DAGs
[2024-02-16T16:37:01.601+0000] {logging_mixin.py:188} INFO - [2024-02-16T16:37:01.601+0000] {dag.py:3823} INFO - Setting next_dagrun for example_external_task_marker_child to None, run_after=None
[2024-02-16T16:37:01.604+0000] {logging_mixin.py:188} INFO - [2024-02-16T16:37:01.604+0000] {dag.py:3823} INFO - Setting next_dagrun for example_external_task_marker_parent to None, run_after=None
[2024-02-16T16:37:01.618+0000] {processor.py:183} INFO - Processing /home/airflow/.local/lib/python3.8/site-packages/airflow/example_dags/example_external_task_marker_dag.py took 0.054 seconds
[2024-02-16T16:37:31.877+0000] {processor.py:161} INFO - Started process (PID=726) to work on /home/airflow/.local/lib/python3.8/site-packages/airflow/example_dags/example_external_task_marker_dag.py
[2024-02-16T16:37:31.878+0000] {processor.py:830} INFO - Processing file /home/airflow/.local/lib/python3.8/site-packages/airflow/example_dags/example_external_task_marker_dag.py for tasks to queue
[2024-02-16T16:37:31.879+0000] {logging_mixin.py:188} INFO - [2024-02-16T16:37:31.879+0000] {dagbag.py:538} INFO - Filling up the DagBag from /home/airflow/.local/lib/python3.8/site-packages/airflow/example_dags/example_external_task_marker_dag.py
[2024-02-16T16:37:31.882+0000] {processor.py:840} INFO - DAG(s) 'example_external_task_marker_parent', 'example_external_task_marker_child' retrieved from /home/airflow/.local/lib/python3.8/site-packages/airflow/example_dags/example_external_task_marker_dag.py
[2024-02-16T16:37:31.899+0000] {logging_mixin.py:188} INFO - [2024-02-16T16:37:31.899+0000] {dag.py:3036} INFO - Sync 2 DAGs
[2024-02-16T16:37:31.908+0000] {logging_mixin.py:188} INFO - [2024-02-16T16:37:31.908+0000] {dag.py:3823} INFO - Setting next_dagrun for example_external_task_marker_child to None, run_after=None
[2024-02-16T16:37:31.911+0000] {logging_mixin.py:188} INFO - [2024-02-16T16:37:31.911+0000] {dag.py:3823} INFO - Setting next_dagrun for example_external_task_marker_parent to None, run_after=None
[2024-02-16T16:37:31.924+0000] {processor.py:183} INFO - Processing /home/airflow/.local/lib/python3.8/site-packages/airflow/example_dags/example_external_task_marker_dag.py took 0.049 seconds
[2024-02-16T16:39:16.120+0000] {processor.py:161} INFO - Started process (PID=53) to work on /home/airflow/.local/lib/python3.8/site-packages/airflow/example_dags/example_external_task_marker_dag.py
[2024-02-16T16:39:16.120+0000] {processor.py:830} INFO - Processing file /home/airflow/.local/lib/python3.8/site-packages/airflow/example_dags/example_external_task_marker_dag.py for tasks to queue
[2024-02-16T16:39:16.122+0000] {logging_mixin.py:188} INFO - [2024-02-16T16:39:16.121+0000] {dagbag.py:538} INFO - Filling up the DagBag from /home/airflow/.local/lib/python3.8/site-packages/airflow/example_dags/example_external_task_marker_dag.py
[2024-02-16T16:39:16.127+0000] {processor.py:840} INFO - DAG(s) 'example_external_task_marker_parent', 'example_external_task_marker_child' retrieved from /home/airflow/.local/lib/python3.8/site-packages/airflow/example_dags/example_external_task_marker_dag.py
[2024-02-16T16:39:16.136+0000] {logging_mixin.py:188} INFO - [2024-02-16T16:39:16.136+0000] {dag.py:3036} INFO - Sync 2 DAGs
[2024-02-16T16:39:16.146+0000] {logging_mixin.py:188} INFO - [2024-02-16T16:39:16.146+0000] {dag.py:3823} INFO - Setting next_dagrun for example_external_task_marker_child to None, run_after=None
[2024-02-16T16:39:16.149+0000] {logging_mixin.py:188} INFO - [2024-02-16T16:39:16.149+0000] {dag.py:3823} INFO - Setting next_dagrun for example_external_task_marker_parent to None, run_after=None
[2024-02-16T16:39:16.161+0000] {processor.py:183} INFO - Processing /home/airflow/.local/lib/python3.8/site-packages/airflow/example_dags/example_external_task_marker_dag.py took 0.044 seconds
[2024-02-16T16:39:46.636+0000] {processor.py:161} INFO - Started process (PID=110) to work on /home/airflow/.local/lib/python3.8/site-packages/airflow/example_dags/example_external_task_marker_dag.py
[2024-02-16T16:39:46.637+0000] {processor.py:830} INFO - Processing file /home/airflow/.local/lib/python3.8/site-packages/airflow/example_dags/example_external_task_marker_dag.py for tasks to queue
[2024-02-16T16:39:46.638+0000] {logging_mixin.py:188} INFO - [2024-02-16T16:39:46.638+0000] {dagbag.py:538} INFO - Filling up the DagBag from /home/airflow/.local/lib/python3.8/site-packages/airflow/example_dags/example_external_task_marker_dag.py
[2024-02-16T16:39:46.642+0000] {processor.py:840} INFO - DAG(s) 'example_external_task_marker_parent', 'example_external_task_marker_child' retrieved from /home/airflow/.local/lib/python3.8/site-packages/airflow/example_dags/example_external_task_marker_dag.py
[2024-02-16T16:39:46.723+0000] {logging_mixin.py:188} INFO - [2024-02-16T16:39:46.723+0000] {dag.py:3036} INFO - Sync 2 DAGs
[2024-02-16T16:39:46.731+0000] {logging_mixin.py:188} INFO - [2024-02-16T16:39:46.731+0000] {dag.py:3823} INFO - Setting next_dagrun for example_external_task_marker_child to None, run_after=None
[2024-02-16T16:39:46.733+0000] {logging_mixin.py:188} INFO - [2024-02-16T16:39:46.733+0000] {dag.py:3823} INFO - Setting next_dagrun for example_external_task_marker_parent to None, run_after=None
[2024-02-16T16:39:46.746+0000] {processor.py:183} INFO - Processing /home/airflow/.local/lib/python3.8/site-packages/airflow/example_dags/example_external_task_marker_dag.py took 0.111 seconds
[2024-02-16T16:40:16.915+0000] {processor.py:161} INFO - Started process (PID=167) to work on /home/airflow/.local/lib/python3.8/site-packages/airflow/example_dags/example_external_task_marker_dag.py
[2024-02-16T16:40:16.916+0000] {processor.py:830} INFO - Processing file /home/airflow/.local/lib/python3.8/site-packages/airflow/example_dags/example_external_task_marker_dag.py for tasks to queue
[2024-02-16T16:40:16.917+0000] {logging_mixin.py:188} INFO - [2024-02-16T16:40:16.917+0000] {dagbag.py:538} INFO - Filling up the DagBag from /home/airflow/.local/lib/python3.8/site-packages/airflow/example_dags/example_external_task_marker_dag.py
[2024-02-16T16:40:16.921+0000] {processor.py:840} INFO - DAG(s) 'example_external_task_marker_parent', 'example_external_task_marker_child' retrieved from /home/airflow/.local/lib/python3.8/site-packages/airflow/example_dags/example_external_task_marker_dag.py
[2024-02-16T16:40:16.938+0000] {logging_mixin.py:188} INFO - [2024-02-16T16:40:16.938+0000] {dag.py:3036} INFO - Sync 2 DAGs
[2024-02-16T16:40:16.948+0000] {logging_mixin.py:188} INFO - [2024-02-16T16:40:16.947+0000] {dag.py:3823} INFO - Setting next_dagrun for example_external_task_marker_child to None, run_after=None
[2024-02-16T16:40:16.951+0000] {logging_mixin.py:188} INFO - [2024-02-16T16:40:16.951+0000] {dag.py:3823} INFO - Setting next_dagrun for example_external_task_marker_parent to None, run_after=None
[2024-02-16T16:40:16.964+0000] {processor.py:183} INFO - Processing /home/airflow/.local/lib/python3.8/site-packages/airflow/example_dags/example_external_task_marker_dag.py took 0.051 seconds
[2024-02-16T16:40:46.993+0000] {processor.py:161} INFO - Started process (PID=222) to work on /home/airflow/.local/lib/python3.8/site-packages/airflow/example_dags/example_external_task_marker_dag.py
[2024-02-16T16:40:46.993+0000] {processor.py:830} INFO - Processing file /home/airflow/.local/lib/python3.8/site-packages/airflow/example_dags/example_external_task_marker_dag.py for tasks to queue
[2024-02-16T16:40:46.994+0000] {logging_mixin.py:188} INFO - [2024-02-16T16:40:46.994+0000] {dagbag.py:538} INFO - Filling up the DagBag from /home/airflow/.local/lib/python3.8/site-packages/airflow/example_dags/example_external_task_marker_dag.py
[2024-02-16T16:40:46.998+0000] {processor.py:840} INFO - DAG(s) 'example_external_task_marker_child', 'example_external_task_marker_parent' retrieved from /home/airflow/.local/lib/python3.8/site-packages/airflow/example_dags/example_external_task_marker_dag.py
[2024-02-16T16:40:47.014+0000] {logging_mixin.py:188} INFO - [2024-02-16T16:40:47.013+0000] {dag.py:3036} INFO - Sync 2 DAGs
[2024-02-16T16:40:47.023+0000] {logging_mixin.py:188} INFO - [2024-02-16T16:40:47.023+0000] {dag.py:3823} INFO - Setting next_dagrun for example_external_task_marker_child to None, run_after=None
[2024-02-16T16:40:47.026+0000] {logging_mixin.py:188} INFO - [2024-02-16T16:40:47.026+0000] {dag.py:3823} INFO - Setting next_dagrun for example_external_task_marker_parent to None, run_after=None
[2024-02-16T16:40:47.037+0000] {processor.py:183} INFO - Processing /home/airflow/.local/lib/python3.8/site-packages/airflow/example_dags/example_external_task_marker_dag.py took 0.046 seconds
[2024-02-16T16:41:17.320+0000] {processor.py:161} INFO - Started process (PID=279) to work on /home/airflow/.local/lib/python3.8/site-packages/airflow/example_dags/example_external_task_marker_dag.py
[2024-02-16T16:41:17.321+0000] {processor.py:830} INFO - Processing file /home/airflow/.local/lib/python3.8/site-packages/airflow/example_dags/example_external_task_marker_dag.py for tasks to queue
[2024-02-16T16:41:17.322+0000] {logging_mixin.py:188} INFO - [2024-02-16T16:41:17.322+0000] {dagbag.py:538} INFO - Filling up the DagBag from /home/airflow/.local/lib/python3.8/site-packages/airflow/example_dags/example_external_task_marker_dag.py
[2024-02-16T16:41:17.326+0000] {processor.py:840} INFO - DAG(s) 'example_external_task_marker_child', 'example_external_task_marker_parent' retrieved from /home/airflow/.local/lib/python3.8/site-packages/airflow/example_dags/example_external_task_marker_dag.py
[2024-02-16T16:41:17.344+0000] {logging_mixin.py:188} INFO - [2024-02-16T16:41:17.344+0000] {dag.py:3036} INFO - Sync 2 DAGs
[2024-02-16T16:41:17.353+0000] {logging_mixin.py:188} INFO - [2024-02-16T16:41:17.353+0000] {dag.py:3823} INFO - Setting next_dagrun for example_external_task_marker_child to None, run_after=None
[2024-02-16T16:41:17.356+0000] {logging_mixin.py:188} INFO - [2024-02-16T16:41:17.356+0000] {dag.py:3823} INFO - Setting next_dagrun for example_external_task_marker_parent to None, run_after=None
[2024-02-16T16:41:17.368+0000] {processor.py:183} INFO - Processing /home/airflow/.local/lib/python3.8/site-packages/airflow/example_dags/example_external_task_marker_dag.py took 0.050 seconds
[2024-02-16T16:41:47.817+0000] {processor.py:161} INFO - Started process (PID=337) to work on /home/airflow/.local/lib/python3.8/site-packages/airflow/example_dags/example_external_task_marker_dag.py
[2024-02-16T16:41:47.818+0000] {processor.py:830} INFO - Processing file /home/airflow/.local/lib/python3.8/site-packages/airflow/example_dags/example_external_task_marker_dag.py for tasks to queue
[2024-02-16T16:41:47.819+0000] {logging_mixin.py:188} INFO - [2024-02-16T16:41:47.819+0000] {dagbag.py:538} INFO - Filling up the DagBag from /home/airflow/.local/lib/python3.8/site-packages/airflow/example_dags/example_external_task_marker_dag.py
[2024-02-16T16:41:47.823+0000] {processor.py:840} INFO - DAG(s) 'example_external_task_marker_parent', 'example_external_task_marker_child' retrieved from /home/airflow/.local/lib/python3.8/site-packages/airflow/example_dags/example_external_task_marker_dag.py
[2024-02-16T16:41:47.839+0000] {logging_mixin.py:188} INFO - [2024-02-16T16:41:47.839+0000] {dag.py:3036} INFO - Sync 2 DAGs
[2024-02-16T16:41:47.849+0000] {logging_mixin.py:188} INFO - [2024-02-16T16:41:47.849+0000] {dag.py:3823} INFO - Setting next_dagrun for example_external_task_marker_child to None, run_after=None
[2024-02-16T16:41:47.852+0000] {logging_mixin.py:188} INFO - [2024-02-16T16:41:47.852+0000] {dag.py:3823} INFO - Setting next_dagrun for example_external_task_marker_parent to None, run_after=None
[2024-02-16T16:41:47.865+0000] {processor.py:183} INFO - Processing /home/airflow/.local/lib/python3.8/site-packages/airflow/example_dags/example_external_task_marker_dag.py took 0.050 seconds
[2024-02-16T16:42:18.068+0000] {processor.py:161} INFO - Started process (PID=394) to work on /home/airflow/.local/lib/python3.8/site-packages/airflow/example_dags/example_external_task_marker_dag.py
[2024-02-16T16:42:18.068+0000] {processor.py:830} INFO - Processing file /home/airflow/.local/lib/python3.8/site-packages/airflow/example_dags/example_external_task_marker_dag.py for tasks to queue
[2024-02-16T16:42:18.070+0000] {logging_mixin.py:188} INFO - [2024-02-16T16:42:18.069+0000] {dagbag.py:538} INFO - Filling up the DagBag from /home/airflow/.local/lib/python3.8/site-packages/airflow/example_dags/example_external_task_marker_dag.py
[2024-02-16T16:42:18.074+0000] {processor.py:840} INFO - DAG(s) 'example_external_task_marker_parent', 'example_external_task_marker_child' retrieved from /home/airflow/.local/lib/python3.8/site-packages/airflow/example_dags/example_external_task_marker_dag.py
[2024-02-16T16:42:18.093+0000] {logging_mixin.py:188} INFO - [2024-02-16T16:42:18.092+0000] {dag.py:3036} INFO - Sync 2 DAGs
[2024-02-16T16:42:18.103+0000] {logging_mixin.py:188} INFO - [2024-02-16T16:42:18.103+0000] {dag.py:3823} INFO - Setting next_dagrun for example_external_task_marker_child to None, run_after=None
[2024-02-16T16:42:18.106+0000] {logging_mixin.py:188} INFO - [2024-02-16T16:42:18.106+0000] {dag.py:3823} INFO - Setting next_dagrun for example_external_task_marker_parent to None, run_after=None
[2024-02-16T16:42:18.121+0000] {processor.py:183} INFO - Processing /home/airflow/.local/lib/python3.8/site-packages/airflow/example_dags/example_external_task_marker_dag.py took 0.056 seconds
[2024-02-16T16:42:48.501+0000] {processor.py:161} INFO - Started process (PID=451) to work on /home/airflow/.local/lib/python3.8/site-packages/airflow/example_dags/example_external_task_marker_dag.py
[2024-02-16T16:42:48.502+0000] {processor.py:830} INFO - Processing file /home/airflow/.local/lib/python3.8/site-packages/airflow/example_dags/example_external_task_marker_dag.py for tasks to queue
[2024-02-16T16:42:48.504+0000] {logging_mixin.py:188} INFO - [2024-02-16T16:42:48.503+0000] {dagbag.py:538} INFO - Filling up the DagBag from /home/airflow/.local/lib/python3.8/site-packages/airflow/example_dags/example_external_task_marker_dag.py
[2024-02-16T16:42:48.509+0000] {processor.py:840} INFO - DAG(s) 'example_external_task_marker_child', 'example_external_task_marker_parent' retrieved from /home/airflow/.local/lib/python3.8/site-packages/airflow/example_dags/example_external_task_marker_dag.py
[2024-02-16T16:42:48.526+0000] {logging_mixin.py:188} INFO - [2024-02-16T16:42:48.526+0000] {dag.py:3036} INFO - Sync 2 DAGs
[2024-02-16T16:42:48.536+0000] {logging_mixin.py:188} INFO - [2024-02-16T16:42:48.535+0000] {dag.py:3823} INFO - Setting next_dagrun for example_external_task_marker_child to None, run_after=None
[2024-02-16T16:42:48.539+0000] {logging_mixin.py:188} INFO - [2024-02-16T16:42:48.539+0000] {dag.py:3823} INFO - Setting next_dagrun for example_external_task_marker_parent to None, run_after=None
[2024-02-16T16:42:48.552+0000] {processor.py:183} INFO - Processing /home/airflow/.local/lib/python3.8/site-packages/airflow/example_dags/example_external_task_marker_dag.py took 0.054 seconds
[2024-02-16T16:43:18.907+0000] {processor.py:161} INFO - Started process (PID=508) to work on /home/airflow/.local/lib/python3.8/site-packages/airflow/example_dags/example_external_task_marker_dag.py
[2024-02-16T16:43:18.910+0000] {processor.py:830} INFO - Processing file /home/airflow/.local/lib/python3.8/site-packages/airflow/example_dags/example_external_task_marker_dag.py for tasks to queue
[2024-02-16T16:43:18.912+0000] {logging_mixin.py:188} INFO - [2024-02-16T16:43:18.912+0000] {dagbag.py:538} INFO - Filling up the DagBag from /home/airflow/.local/lib/python3.8/site-packages/airflow/example_dags/example_external_task_marker_dag.py
[2024-02-16T16:43:18.918+0000] {processor.py:840} INFO - DAG(s) 'example_external_task_marker_parent', 'example_external_task_marker_child' retrieved from /home/airflow/.local/lib/python3.8/site-packages/airflow/example_dags/example_external_task_marker_dag.py
[2024-02-16T16:43:18.942+0000] {logging_mixin.py:188} INFO - [2024-02-16T16:43:18.942+0000] {dag.py:3036} INFO - Sync 2 DAGs
[2024-02-16T16:43:18.952+0000] {logging_mixin.py:188} INFO - [2024-02-16T16:43:18.952+0000] {dag.py:3823} INFO - Setting next_dagrun for example_external_task_marker_child to None, run_after=None
[2024-02-16T16:43:18.955+0000] {logging_mixin.py:188} INFO - [2024-02-16T16:43:18.955+0000] {dag.py:3823} INFO - Setting next_dagrun for example_external_task_marker_parent to None, run_after=None
[2024-02-16T16:43:18.970+0000] {processor.py:183} INFO - Processing /home/airflow/.local/lib/python3.8/site-packages/airflow/example_dags/example_external_task_marker_dag.py took 0.066 seconds
[2024-02-16T16:43:49.371+0000] {processor.py:161} INFO - Started process (PID=565) to work on /home/airflow/.local/lib/python3.8/site-packages/airflow/example_dags/example_external_task_marker_dag.py
[2024-02-16T16:43:49.372+0000] {processor.py:830} INFO - Processing file /home/airflow/.local/lib/python3.8/site-packages/airflow/example_dags/example_external_task_marker_dag.py for tasks to queue
[2024-02-16T16:43:49.374+0000] {logging_mixin.py:188} INFO - [2024-02-16T16:43:49.374+0000] {dagbag.py:538} INFO - Filling up the DagBag from /home/airflow/.local/lib/python3.8/site-packages/airflow/example_dags/example_external_task_marker_dag.py
[2024-02-16T16:43:49.380+0000] {processor.py:840} INFO - DAG(s) 'example_external_task_marker_parent', 'example_external_task_marker_child' retrieved from /home/airflow/.local/lib/python3.8/site-packages/airflow/example_dags/example_external_task_marker_dag.py
[2024-02-16T16:43:49.399+0000] {logging_mixin.py:188} INFO - [2024-02-16T16:43:49.399+0000] {dag.py:3036} INFO - Sync 2 DAGs
[2024-02-16T16:43:49.410+0000] {logging_mixin.py:188} INFO - [2024-02-16T16:43:49.409+0000] {dag.py:3823} INFO - Setting next_dagrun for example_external_task_marker_child to None, run_after=None
[2024-02-16T16:43:49.413+0000] {logging_mixin.py:188} INFO - [2024-02-16T16:43:49.413+0000] {dag.py:3823} INFO - Setting next_dagrun for example_external_task_marker_parent to None, run_after=None
[2024-02-16T16:43:49.426+0000] {processor.py:183} INFO - Processing /home/airflow/.local/lib/python3.8/site-packages/airflow/example_dags/example_external_task_marker_dag.py took 0.058 seconds
