[2024-02-16T16:20:17.106+0000] {processor.py:161} INFO - Started process (PID=45) to work on /home/airflow/.local/lib/python3.8/site-packages/airflow/example_dags/example_sensor_decorator.py
[2024-02-16T16:20:17.107+0000] {processor.py:830} INFO - Processing file /home/airflow/.local/lib/python3.8/site-packages/airflow/example_dags/example_sensor_decorator.py for tasks to queue
[2024-02-16T16:20:17.109+0000] {logging_mixin.py:188} INFO - [2024-02-16T16:20:17.108+0000] {dagbag.py:538} INFO - Filling up the DagBag from /home/airflow/.local/lib/python3.8/site-packages/airflow/example_dags/example_sensor_decorator.py
[2024-02-16T16:20:17.119+0000] {processor.py:840} INFO - DAG(s) 'example_sensor_decorator' retrieved from /home/airflow/.local/lib/python3.8/site-packages/airflow/example_dags/example_sensor_decorator.py
[2024-02-16T16:20:17.130+0000] {logging_mixin.py:188} INFO - [2024-02-16T16:20:17.130+0000] {dag.py:3036} INFO - Sync 1 DAGs
[2024-02-16T16:20:17.141+0000] {logging_mixin.py:188} INFO - [2024-02-16T16:20:17.141+0000] {dag.py:3823} INFO - Setting next_dagrun for example_sensor_decorator to None, run_after=None
[2024-02-16T16:20:17.161+0000] {processor.py:183} INFO - Processing /home/airflow/.local/lib/python3.8/site-packages/airflow/example_dags/example_sensor_decorator.py took 0.058 seconds
[2024-02-16T16:20:47.235+0000] {processor.py:161} INFO - Started process (PID=99) to work on /home/airflow/.local/lib/python3.8/site-packages/airflow/example_dags/example_sensor_decorator.py
[2024-02-16T16:20:47.236+0000] {processor.py:830} INFO - Processing file /home/airflow/.local/lib/python3.8/site-packages/airflow/example_dags/example_sensor_decorator.py for tasks to queue
[2024-02-16T16:20:47.237+0000] {logging_mixin.py:188} INFO - [2024-02-16T16:20:47.237+0000] {dagbag.py:538} INFO - Filling up the DagBag from /home/airflow/.local/lib/python3.8/site-packages/airflow/example_dags/example_sensor_decorator.py
[2024-02-16T16:20:47.241+0000] {processor.py:840} INFO - DAG(s) 'example_sensor_decorator' retrieved from /home/airflow/.local/lib/python3.8/site-packages/airflow/example_dags/example_sensor_decorator.py
[2024-02-16T16:20:47.378+0000] {logging_mixin.py:188} INFO - [2024-02-16T16:20:47.378+0000] {dag.py:3036} INFO - Sync 1 DAGs
[2024-02-16T16:20:47.387+0000] {logging_mixin.py:188} INFO - [2024-02-16T16:20:47.387+0000] {dag.py:3823} INFO - Setting next_dagrun for example_sensor_decorator to None, run_after=None
[2024-02-16T16:20:47.402+0000] {processor.py:183} INFO - Processing /home/airflow/.local/lib/python3.8/site-packages/airflow/example_dags/example_sensor_decorator.py took 0.168 seconds
[2024-02-16T16:21:17.728+0000] {processor.py:161} INFO - Started process (PID=155) to work on /home/airflow/.local/lib/python3.8/site-packages/airflow/example_dags/example_sensor_decorator.py
[2024-02-16T16:21:17.728+0000] {processor.py:830} INFO - Processing file /home/airflow/.local/lib/python3.8/site-packages/airflow/example_dags/example_sensor_decorator.py for tasks to queue
[2024-02-16T16:21:17.729+0000] {logging_mixin.py:188} INFO - [2024-02-16T16:21:17.729+0000] {dagbag.py:538} INFO - Filling up the DagBag from /home/airflow/.local/lib/python3.8/site-packages/airflow/example_dags/example_sensor_decorator.py
[2024-02-16T16:21:17.733+0000] {processor.py:840} INFO - DAG(s) 'example_sensor_decorator' retrieved from /home/airflow/.local/lib/python3.8/site-packages/airflow/example_dags/example_sensor_decorator.py
[2024-02-16T16:21:17.746+0000] {logging_mixin.py:188} INFO - [2024-02-16T16:21:17.745+0000] {dag.py:3036} INFO - Sync 1 DAGs
[2024-02-16T16:21:17.754+0000] {logging_mixin.py:188} INFO - [2024-02-16T16:21:17.754+0000] {dag.py:3823} INFO - Setting next_dagrun for example_sensor_decorator to None, run_after=None
[2024-02-16T16:21:17.766+0000] {processor.py:183} INFO - Processing /home/airflow/.local/lib/python3.8/site-packages/airflow/example_dags/example_sensor_decorator.py took 0.040 seconds
[2024-02-16T16:21:48.120+0000] {processor.py:161} INFO - Started process (PID=210) to work on /home/airflow/.local/lib/python3.8/site-packages/airflow/example_dags/example_sensor_decorator.py
[2024-02-16T16:21:48.121+0000] {processor.py:830} INFO - Processing file /home/airflow/.local/lib/python3.8/site-packages/airflow/example_dags/example_sensor_decorator.py for tasks to queue
[2024-02-16T16:21:48.122+0000] {logging_mixin.py:188} INFO - [2024-02-16T16:21:48.122+0000] {dagbag.py:538} INFO - Filling up the DagBag from /home/airflow/.local/lib/python3.8/site-packages/airflow/example_dags/example_sensor_decorator.py
[2024-02-16T16:21:48.126+0000] {processor.py:840} INFO - DAG(s) 'example_sensor_decorator' retrieved from /home/airflow/.local/lib/python3.8/site-packages/airflow/example_dags/example_sensor_decorator.py
[2024-02-16T16:21:48.139+0000] {logging_mixin.py:188} INFO - [2024-02-16T16:21:48.139+0000] {dag.py:3036} INFO - Sync 1 DAGs
[2024-02-16T16:21:48.148+0000] {logging_mixin.py:188} INFO - [2024-02-16T16:21:48.148+0000] {dag.py:3823} INFO - Setting next_dagrun for example_sensor_decorator to None, run_after=None
[2024-02-16T16:21:48.161+0000] {processor.py:183} INFO - Processing /home/airflow/.local/lib/python3.8/site-packages/airflow/example_dags/example_sensor_decorator.py took 0.043 seconds
[2024-02-16T16:22:18.246+0000] {processor.py:161} INFO - Started process (PID=265) to work on /home/airflow/.local/lib/python3.8/site-packages/airflow/example_dags/example_sensor_decorator.py
[2024-02-16T16:22:18.247+0000] {processor.py:830} INFO - Processing file /home/airflow/.local/lib/python3.8/site-packages/airflow/example_dags/example_sensor_decorator.py for tasks to queue
[2024-02-16T16:22:18.248+0000] {logging_mixin.py:188} INFO - [2024-02-16T16:22:18.248+0000] {dagbag.py:538} INFO - Filling up the DagBag from /home/airflow/.local/lib/python3.8/site-packages/airflow/example_dags/example_sensor_decorator.py
[2024-02-16T16:22:18.251+0000] {processor.py:840} INFO - DAG(s) 'example_sensor_decorator' retrieved from /home/airflow/.local/lib/python3.8/site-packages/airflow/example_dags/example_sensor_decorator.py
[2024-02-16T16:22:18.265+0000] {logging_mixin.py:188} INFO - [2024-02-16T16:22:18.265+0000] {dag.py:3036} INFO - Sync 1 DAGs
[2024-02-16T16:22:18.274+0000] {logging_mixin.py:188} INFO - [2024-02-16T16:22:18.274+0000] {dag.py:3823} INFO - Setting next_dagrun for example_sensor_decorator to None, run_after=None
[2024-02-16T16:22:18.287+0000] {processor.py:183} INFO - Processing /home/airflow/.local/lib/python3.8/site-packages/airflow/example_dags/example_sensor_decorator.py took 0.043 seconds
[2024-02-16T16:22:48.417+0000] {processor.py:161} INFO - Started process (PID=319) to work on /home/airflow/.local/lib/python3.8/site-packages/airflow/example_dags/example_sensor_decorator.py
[2024-02-16T16:22:48.418+0000] {processor.py:830} INFO - Processing file /home/airflow/.local/lib/python3.8/site-packages/airflow/example_dags/example_sensor_decorator.py for tasks to queue
[2024-02-16T16:22:48.420+0000] {logging_mixin.py:188} INFO - [2024-02-16T16:22:48.419+0000] {dagbag.py:538} INFO - Filling up the DagBag from /home/airflow/.local/lib/python3.8/site-packages/airflow/example_dags/example_sensor_decorator.py
[2024-02-16T16:22:48.423+0000] {processor.py:840} INFO - DAG(s) 'example_sensor_decorator' retrieved from /home/airflow/.local/lib/python3.8/site-packages/airflow/example_dags/example_sensor_decorator.py
[2024-02-16T16:22:48.437+0000] {logging_mixin.py:188} INFO - [2024-02-16T16:22:48.437+0000] {dag.py:3036} INFO - Sync 1 DAGs
[2024-02-16T16:22:48.447+0000] {logging_mixin.py:188} INFO - [2024-02-16T16:22:48.446+0000] {dag.py:3823} INFO - Setting next_dagrun for example_sensor_decorator to None, run_after=None
[2024-02-16T16:22:48.460+0000] {processor.py:183} INFO - Processing /home/airflow/.local/lib/python3.8/site-packages/airflow/example_dags/example_sensor_decorator.py took 0.045 seconds
[2024-02-16T16:23:18.659+0000] {processor.py:161} INFO - Started process (PID=374) to work on /home/airflow/.local/lib/python3.8/site-packages/airflow/example_dags/example_sensor_decorator.py
[2024-02-16T16:23:18.659+0000] {processor.py:830} INFO - Processing file /home/airflow/.local/lib/python3.8/site-packages/airflow/example_dags/example_sensor_decorator.py for tasks to queue
[2024-02-16T16:23:18.661+0000] {logging_mixin.py:188} INFO - [2024-02-16T16:23:18.661+0000] {dagbag.py:538} INFO - Filling up the DagBag from /home/airflow/.local/lib/python3.8/site-packages/airflow/example_dags/example_sensor_decorator.py
[2024-02-16T16:23:18.664+0000] {processor.py:840} INFO - DAG(s) 'example_sensor_decorator' retrieved from /home/airflow/.local/lib/python3.8/site-packages/airflow/example_dags/example_sensor_decorator.py
[2024-02-16T16:23:18.679+0000] {logging_mixin.py:188} INFO - [2024-02-16T16:23:18.678+0000] {dag.py:3036} INFO - Sync 1 DAGs
[2024-02-16T16:23:18.689+0000] {logging_mixin.py:188} INFO - [2024-02-16T16:23:18.688+0000] {dag.py:3823} INFO - Setting next_dagrun for example_sensor_decorator to None, run_after=None
[2024-02-16T16:23:18.703+0000] {processor.py:183} INFO - Processing /home/airflow/.local/lib/python3.8/site-packages/airflow/example_dags/example_sensor_decorator.py took 0.046 seconds
[2024-02-16T16:23:48.925+0000] {processor.py:161} INFO - Started process (PID=429) to work on /home/airflow/.local/lib/python3.8/site-packages/airflow/example_dags/example_sensor_decorator.py
[2024-02-16T16:23:48.926+0000] {processor.py:830} INFO - Processing file /home/airflow/.local/lib/python3.8/site-packages/airflow/example_dags/example_sensor_decorator.py for tasks to queue
[2024-02-16T16:23:48.927+0000] {logging_mixin.py:188} INFO - [2024-02-16T16:23:48.927+0000] {dagbag.py:538} INFO - Filling up the DagBag from /home/airflow/.local/lib/python3.8/site-packages/airflow/example_dags/example_sensor_decorator.py
[2024-02-16T16:23:48.932+0000] {processor.py:840} INFO - DAG(s) 'example_sensor_decorator' retrieved from /home/airflow/.local/lib/python3.8/site-packages/airflow/example_dags/example_sensor_decorator.py
[2024-02-16T16:23:48.948+0000] {logging_mixin.py:188} INFO - [2024-02-16T16:23:48.948+0000] {dag.py:3036} INFO - Sync 1 DAGs
[2024-02-16T16:23:48.958+0000] {logging_mixin.py:188} INFO - [2024-02-16T16:23:48.958+0000] {dag.py:3823} INFO - Setting next_dagrun for example_sensor_decorator to None, run_after=None
[2024-02-16T16:23:48.973+0000] {processor.py:183} INFO - Processing /home/airflow/.local/lib/python3.8/site-packages/airflow/example_dags/example_sensor_decorator.py took 0.050 seconds
[2024-02-16T16:24:19.182+0000] {processor.py:161} INFO - Started process (PID=484) to work on /home/airflow/.local/lib/python3.8/site-packages/airflow/example_dags/example_sensor_decorator.py
[2024-02-16T16:24:19.182+0000] {processor.py:830} INFO - Processing file /home/airflow/.local/lib/python3.8/site-packages/airflow/example_dags/example_sensor_decorator.py for tasks to queue
[2024-02-16T16:24:19.184+0000] {logging_mixin.py:188} INFO - [2024-02-16T16:24:19.184+0000] {dagbag.py:538} INFO - Filling up the DagBag from /home/airflow/.local/lib/python3.8/site-packages/airflow/example_dags/example_sensor_decorator.py
[2024-02-16T16:24:19.187+0000] {processor.py:840} INFO - DAG(s) 'example_sensor_decorator' retrieved from /home/airflow/.local/lib/python3.8/site-packages/airflow/example_dags/example_sensor_decorator.py
[2024-02-16T16:24:19.202+0000] {logging_mixin.py:188} INFO - [2024-02-16T16:24:19.202+0000] {dag.py:3036} INFO - Sync 1 DAGs
[2024-02-16T16:24:19.211+0000] {logging_mixin.py:188} INFO - [2024-02-16T16:24:19.211+0000] {dag.py:3823} INFO - Setting next_dagrun for example_sensor_decorator to None, run_after=None
[2024-02-16T16:24:19.226+0000] {processor.py:183} INFO - Processing /home/airflow/.local/lib/python3.8/site-packages/airflow/example_dags/example_sensor_decorator.py took 0.047 seconds
[2024-02-16T16:24:49.473+0000] {processor.py:161} INFO - Started process (PID=539) to work on /home/airflow/.local/lib/python3.8/site-packages/airflow/example_dags/example_sensor_decorator.py
[2024-02-16T16:24:49.474+0000] {processor.py:830} INFO - Processing file /home/airflow/.local/lib/python3.8/site-packages/airflow/example_dags/example_sensor_decorator.py for tasks to queue
[2024-02-16T16:24:49.476+0000] {logging_mixin.py:188} INFO - [2024-02-16T16:24:49.475+0000] {dagbag.py:538} INFO - Filling up the DagBag from /home/airflow/.local/lib/python3.8/site-packages/airflow/example_dags/example_sensor_decorator.py
[2024-02-16T16:24:49.480+0000] {processor.py:840} INFO - DAG(s) 'example_sensor_decorator' retrieved from /home/airflow/.local/lib/python3.8/site-packages/airflow/example_dags/example_sensor_decorator.py
[2024-02-16T16:24:49.495+0000] {logging_mixin.py:188} INFO - [2024-02-16T16:24:49.495+0000] {dag.py:3036} INFO - Sync 1 DAGs
[2024-02-16T16:24:49.505+0000] {logging_mixin.py:188} INFO - [2024-02-16T16:24:49.505+0000] {dag.py:3823} INFO - Setting next_dagrun for example_sensor_decorator to None, run_after=None
[2024-02-16T16:24:49.519+0000] {processor.py:183} INFO - Processing /home/airflow/.local/lib/python3.8/site-packages/airflow/example_dags/example_sensor_decorator.py took 0.049 seconds
[2024-02-16T16:25:19.638+0000] {processor.py:161} INFO - Started process (PID=594) to work on /home/airflow/.local/lib/python3.8/site-packages/airflow/example_dags/example_sensor_decorator.py
[2024-02-16T16:25:19.639+0000] {processor.py:830} INFO - Processing file /home/airflow/.local/lib/python3.8/site-packages/airflow/example_dags/example_sensor_decorator.py for tasks to queue
[2024-02-16T16:25:19.640+0000] {logging_mixin.py:188} INFO - [2024-02-16T16:25:19.640+0000] {dagbag.py:538} INFO - Filling up the DagBag from /home/airflow/.local/lib/python3.8/site-packages/airflow/example_dags/example_sensor_decorator.py
[2024-02-16T16:25:19.643+0000] {processor.py:840} INFO - DAG(s) 'example_sensor_decorator' retrieved from /home/airflow/.local/lib/python3.8/site-packages/airflow/example_dags/example_sensor_decorator.py
[2024-02-16T16:25:19.658+0000] {logging_mixin.py:188} INFO - [2024-02-16T16:25:19.658+0000] {dag.py:3036} INFO - Sync 1 DAGs
[2024-02-16T16:25:19.667+0000] {logging_mixin.py:188} INFO - [2024-02-16T16:25:19.667+0000] {dag.py:3823} INFO - Setting next_dagrun for example_sensor_decorator to None, run_after=None
[2024-02-16T16:25:19.682+0000] {processor.py:183} INFO - Processing /home/airflow/.local/lib/python3.8/site-packages/airflow/example_dags/example_sensor_decorator.py took 0.046 seconds
[2024-02-16T16:25:49.984+0000] {processor.py:161} INFO - Started process (PID=649) to work on /home/airflow/.local/lib/python3.8/site-packages/airflow/example_dags/example_sensor_decorator.py
[2024-02-16T16:25:49.985+0000] {processor.py:830} INFO - Processing file /home/airflow/.local/lib/python3.8/site-packages/airflow/example_dags/example_sensor_decorator.py for tasks to queue
[2024-02-16T16:25:49.986+0000] {logging_mixin.py:188} INFO - [2024-02-16T16:25:49.986+0000] {dagbag.py:538} INFO - Filling up the DagBag from /home/airflow/.local/lib/python3.8/site-packages/airflow/example_dags/example_sensor_decorator.py
[2024-02-16T16:25:49.989+0000] {processor.py:840} INFO - DAG(s) 'example_sensor_decorator' retrieved from /home/airflow/.local/lib/python3.8/site-packages/airflow/example_dags/example_sensor_decorator.py
[2024-02-16T16:25:50.002+0000] {logging_mixin.py:188} INFO - [2024-02-16T16:25:50.002+0000] {dag.py:3036} INFO - Sync 1 DAGs
[2024-02-16T16:25:50.011+0000] {logging_mixin.py:188} INFO - [2024-02-16T16:25:50.011+0000] {dag.py:3823} INFO - Setting next_dagrun for example_sensor_decorator to None, run_after=None
[2024-02-16T16:25:50.023+0000] {processor.py:183} INFO - Processing /home/airflow/.local/lib/python3.8/site-packages/airflow/example_dags/example_sensor_decorator.py took 0.041 seconds
[2024-02-16T16:26:20.075+0000] {processor.py:161} INFO - Started process (PID=704) to work on /home/airflow/.local/lib/python3.8/site-packages/airflow/example_dags/example_sensor_decorator.py
[2024-02-16T16:26:20.076+0000] {processor.py:830} INFO - Processing file /home/airflow/.local/lib/python3.8/site-packages/airflow/example_dags/example_sensor_decorator.py for tasks to queue
[2024-02-16T16:26:20.077+0000] {logging_mixin.py:188} INFO - [2024-02-16T16:26:20.077+0000] {dagbag.py:538} INFO - Filling up the DagBag from /home/airflow/.local/lib/python3.8/site-packages/airflow/example_dags/example_sensor_decorator.py
[2024-02-16T16:26:20.081+0000] {processor.py:840} INFO - DAG(s) 'example_sensor_decorator' retrieved from /home/airflow/.local/lib/python3.8/site-packages/airflow/example_dags/example_sensor_decorator.py
[2024-02-16T16:26:20.095+0000] {logging_mixin.py:188} INFO - [2024-02-16T16:26:20.095+0000] {dag.py:3036} INFO - Sync 1 DAGs
[2024-02-16T16:26:20.104+0000] {logging_mixin.py:188} INFO - [2024-02-16T16:26:20.104+0000] {dag.py:3823} INFO - Setting next_dagrun for example_sensor_decorator to None, run_after=None
[2024-02-16T16:26:20.117+0000] {processor.py:183} INFO - Processing /home/airflow/.local/lib/python3.8/site-packages/airflow/example_dags/example_sensor_decorator.py took 0.043 seconds
[2024-02-16T16:26:50.392+0000] {processor.py:161} INFO - Started process (PID=759) to work on /home/airflow/.local/lib/python3.8/site-packages/airflow/example_dags/example_sensor_decorator.py
[2024-02-16T16:26:50.393+0000] {processor.py:830} INFO - Processing file /home/airflow/.local/lib/python3.8/site-packages/airflow/example_dags/example_sensor_decorator.py for tasks to queue
[2024-02-16T16:26:50.394+0000] {logging_mixin.py:188} INFO - [2024-02-16T16:26:50.394+0000] {dagbag.py:538} INFO - Filling up the DagBag from /home/airflow/.local/lib/python3.8/site-packages/airflow/example_dags/example_sensor_decorator.py
[2024-02-16T16:26:50.400+0000] {processor.py:840} INFO - DAG(s) 'example_sensor_decorator' retrieved from /home/airflow/.local/lib/python3.8/site-packages/airflow/example_dags/example_sensor_decorator.py
[2024-02-16T16:26:50.417+0000] {logging_mixin.py:188} INFO - [2024-02-16T16:26:50.417+0000] {dag.py:3036} INFO - Sync 1 DAGs
[2024-02-16T16:26:50.430+0000] {logging_mixin.py:188} INFO - [2024-02-16T16:26:50.429+0000] {dag.py:3823} INFO - Setting next_dagrun for example_sensor_decorator to None, run_after=None
[2024-02-16T16:26:50.445+0000] {processor.py:183} INFO - Processing /home/airflow/.local/lib/python3.8/site-packages/airflow/example_dags/example_sensor_decorator.py took 0.055 seconds
[2024-02-16T16:27:20.475+0000] {processor.py:161} INFO - Started process (PID=814) to work on /home/airflow/.local/lib/python3.8/site-packages/airflow/example_dags/example_sensor_decorator.py
[2024-02-16T16:27:20.476+0000] {processor.py:830} INFO - Processing file /home/airflow/.local/lib/python3.8/site-packages/airflow/example_dags/example_sensor_decorator.py for tasks to queue
[2024-02-16T16:27:20.477+0000] {logging_mixin.py:188} INFO - [2024-02-16T16:27:20.477+0000] {dagbag.py:538} INFO - Filling up the DagBag from /home/airflow/.local/lib/python3.8/site-packages/airflow/example_dags/example_sensor_decorator.py
[2024-02-16T16:27:20.481+0000] {processor.py:840} INFO - DAG(s) 'example_sensor_decorator' retrieved from /home/airflow/.local/lib/python3.8/site-packages/airflow/example_dags/example_sensor_decorator.py
[2024-02-16T16:27:20.496+0000] {logging_mixin.py:188} INFO - [2024-02-16T16:27:20.496+0000] {dag.py:3036} INFO - Sync 1 DAGs
[2024-02-16T16:27:20.505+0000] {logging_mixin.py:188} INFO - [2024-02-16T16:27:20.505+0000] {dag.py:3823} INFO - Setting next_dagrun for example_sensor_decorator to None, run_after=None
[2024-02-16T16:27:20.519+0000] {processor.py:183} INFO - Processing /home/airflow/.local/lib/python3.8/site-packages/airflow/example_dags/example_sensor_decorator.py took 0.046 seconds
[2024-02-16T16:27:50.600+0000] {processor.py:161} INFO - Started process (PID=869) to work on /home/airflow/.local/lib/python3.8/site-packages/airflow/example_dags/example_sensor_decorator.py
[2024-02-16T16:27:50.601+0000] {processor.py:830} INFO - Processing file /home/airflow/.local/lib/python3.8/site-packages/airflow/example_dags/example_sensor_decorator.py for tasks to queue
[2024-02-16T16:27:50.602+0000] {logging_mixin.py:188} INFO - [2024-02-16T16:27:50.602+0000] {dagbag.py:538} INFO - Filling up the DagBag from /home/airflow/.local/lib/python3.8/site-packages/airflow/example_dags/example_sensor_decorator.py
[2024-02-16T16:27:50.606+0000] {processor.py:840} INFO - DAG(s) 'example_sensor_decorator' retrieved from /home/airflow/.local/lib/python3.8/site-packages/airflow/example_dags/example_sensor_decorator.py
[2024-02-16T16:27:50.620+0000] {logging_mixin.py:188} INFO - [2024-02-16T16:27:50.620+0000] {dag.py:3036} INFO - Sync 1 DAGs
[2024-02-16T16:27:50.630+0000] {logging_mixin.py:188} INFO - [2024-02-16T16:27:50.629+0000] {dag.py:3823} INFO - Setting next_dagrun for example_sensor_decorator to None, run_after=None
[2024-02-16T16:27:50.644+0000] {processor.py:183} INFO - Processing /home/airflow/.local/lib/python3.8/site-packages/airflow/example_dags/example_sensor_decorator.py took 0.046 seconds
[2024-02-16T16:28:20.954+0000] {processor.py:161} INFO - Started process (PID=924) to work on /home/airflow/.local/lib/python3.8/site-packages/airflow/example_dags/example_sensor_decorator.py
[2024-02-16T16:28:20.954+0000] {processor.py:830} INFO - Processing file /home/airflow/.local/lib/python3.8/site-packages/airflow/example_dags/example_sensor_decorator.py for tasks to queue
[2024-02-16T16:28:20.956+0000] {logging_mixin.py:188} INFO - [2024-02-16T16:28:20.955+0000] {dagbag.py:538} INFO - Filling up the DagBag from /home/airflow/.local/lib/python3.8/site-packages/airflow/example_dags/example_sensor_decorator.py
[2024-02-16T16:28:20.960+0000] {processor.py:840} INFO - DAG(s) 'example_sensor_decorator' retrieved from /home/airflow/.local/lib/python3.8/site-packages/airflow/example_dags/example_sensor_decorator.py
[2024-02-16T16:28:20.978+0000] {logging_mixin.py:188} INFO - [2024-02-16T16:28:20.977+0000] {dag.py:3036} INFO - Sync 1 DAGs
[2024-02-16T16:28:20.988+0000] {logging_mixin.py:188} INFO - [2024-02-16T16:28:20.988+0000] {dag.py:3823} INFO - Setting next_dagrun for example_sensor_decorator to None, run_after=None
[2024-02-16T16:28:21.004+0000] {processor.py:183} INFO - Processing /home/airflow/.local/lib/python3.8/site-packages/airflow/example_dags/example_sensor_decorator.py took 0.053 seconds
[2024-02-16T16:28:51.275+0000] {processor.py:161} INFO - Started process (PID=979) to work on /home/airflow/.local/lib/python3.8/site-packages/airflow/example_dags/example_sensor_decorator.py
[2024-02-16T16:28:51.276+0000] {processor.py:830} INFO - Processing file /home/airflow/.local/lib/python3.8/site-packages/airflow/example_dags/example_sensor_decorator.py for tasks to queue
[2024-02-16T16:28:51.277+0000] {logging_mixin.py:188} INFO - [2024-02-16T16:28:51.277+0000] {dagbag.py:538} INFO - Filling up the DagBag from /home/airflow/.local/lib/python3.8/site-packages/airflow/example_dags/example_sensor_decorator.py
[2024-02-16T16:28:51.280+0000] {processor.py:840} INFO - DAG(s) 'example_sensor_decorator' retrieved from /home/airflow/.local/lib/python3.8/site-packages/airflow/example_dags/example_sensor_decorator.py
[2024-02-16T16:28:51.293+0000] {logging_mixin.py:188} INFO - [2024-02-16T16:28:51.293+0000] {dag.py:3036} INFO - Sync 1 DAGs
[2024-02-16T16:28:51.301+0000] {logging_mixin.py:188} INFO - [2024-02-16T16:28:51.301+0000] {dag.py:3823} INFO - Setting next_dagrun for example_sensor_decorator to None, run_after=None
[2024-02-16T16:28:51.314+0000] {processor.py:183} INFO - Processing /home/airflow/.local/lib/python3.8/site-packages/airflow/example_dags/example_sensor_decorator.py took 0.041 seconds
[2024-02-16T16:29:21.399+0000] {processor.py:161} INFO - Started process (PID=1034) to work on /home/airflow/.local/lib/python3.8/site-packages/airflow/example_dags/example_sensor_decorator.py
[2024-02-16T16:29:21.400+0000] {processor.py:830} INFO - Processing file /home/airflow/.local/lib/python3.8/site-packages/airflow/example_dags/example_sensor_decorator.py for tasks to queue
[2024-02-16T16:29:21.401+0000] {logging_mixin.py:188} INFO - [2024-02-16T16:29:21.401+0000] {dagbag.py:538} INFO - Filling up the DagBag from /home/airflow/.local/lib/python3.8/site-packages/airflow/example_dags/example_sensor_decorator.py
[2024-02-16T16:29:21.404+0000] {processor.py:840} INFO - DAG(s) 'example_sensor_decorator' retrieved from /home/airflow/.local/lib/python3.8/site-packages/airflow/example_dags/example_sensor_decorator.py
[2024-02-16T16:29:21.417+0000] {logging_mixin.py:188} INFO - [2024-02-16T16:29:21.416+0000] {dag.py:3036} INFO - Sync 1 DAGs
[2024-02-16T16:29:21.425+0000] {logging_mixin.py:188} INFO - [2024-02-16T16:29:21.425+0000] {dag.py:3823} INFO - Setting next_dagrun for example_sensor_decorator to None, run_after=None
[2024-02-16T16:29:21.438+0000] {processor.py:183} INFO - Processing /home/airflow/.local/lib/python3.8/site-packages/airflow/example_dags/example_sensor_decorator.py took 0.041 seconds
[2024-02-16T16:29:51.496+0000] {processor.py:161} INFO - Started process (PID=1089) to work on /home/airflow/.local/lib/python3.8/site-packages/airflow/example_dags/example_sensor_decorator.py
[2024-02-16T16:29:51.496+0000] {processor.py:830} INFO - Processing file /home/airflow/.local/lib/python3.8/site-packages/airflow/example_dags/example_sensor_decorator.py for tasks to queue
[2024-02-16T16:29:51.498+0000] {logging_mixin.py:188} INFO - [2024-02-16T16:29:51.497+0000] {dagbag.py:538} INFO - Filling up the DagBag from /home/airflow/.local/lib/python3.8/site-packages/airflow/example_dags/example_sensor_decorator.py
[2024-02-16T16:29:51.502+0000] {processor.py:840} INFO - DAG(s) 'example_sensor_decorator' retrieved from /home/airflow/.local/lib/python3.8/site-packages/airflow/example_dags/example_sensor_decorator.py
[2024-02-16T16:29:51.525+0000] {logging_mixin.py:188} INFO - [2024-02-16T16:29:51.525+0000] {dag.py:3036} INFO - Sync 1 DAGs
[2024-02-16T16:29:51.536+0000] {logging_mixin.py:188} INFO - [2024-02-16T16:29:51.536+0000] {dag.py:3823} INFO - Setting next_dagrun for example_sensor_decorator to None, run_after=None
[2024-02-16T16:29:51.552+0000] {processor.py:183} INFO - Processing /home/airflow/.local/lib/python3.8/site-packages/airflow/example_dags/example_sensor_decorator.py took 0.058 seconds
[2024-02-16T16:30:21.604+0000] {processor.py:161} INFO - Started process (PID=1145) to work on /home/airflow/.local/lib/python3.8/site-packages/airflow/example_dags/example_sensor_decorator.py
[2024-02-16T16:30:21.605+0000] {processor.py:830} INFO - Processing file /home/airflow/.local/lib/python3.8/site-packages/airflow/example_dags/example_sensor_decorator.py for tasks to queue
[2024-02-16T16:30:21.606+0000] {logging_mixin.py:188} INFO - [2024-02-16T16:30:21.606+0000] {dagbag.py:538} INFO - Filling up the DagBag from /home/airflow/.local/lib/python3.8/site-packages/airflow/example_dags/example_sensor_decorator.py
[2024-02-16T16:30:21.609+0000] {processor.py:840} INFO - DAG(s) 'example_sensor_decorator' retrieved from /home/airflow/.local/lib/python3.8/site-packages/airflow/example_dags/example_sensor_decorator.py
[2024-02-16T16:30:21.622+0000] {logging_mixin.py:188} INFO - [2024-02-16T16:30:21.622+0000] {dag.py:3036} INFO - Sync 1 DAGs
[2024-02-16T16:30:21.630+0000] {logging_mixin.py:188} INFO - [2024-02-16T16:30:21.630+0000] {dag.py:3823} INFO - Setting next_dagrun for example_sensor_decorator to None, run_after=None
[2024-02-16T16:30:21.643+0000] {processor.py:183} INFO - Processing /home/airflow/.local/lib/python3.8/site-packages/airflow/example_dags/example_sensor_decorator.py took 0.040 seconds
[2024-02-16T16:31:26.269+0000] {processor.py:161} INFO - Started process (PID=46) to work on /home/airflow/.local/lib/python3.8/site-packages/airflow/example_dags/example_sensor_decorator.py
[2024-02-16T16:31:26.270+0000] {processor.py:830} INFO - Processing file /home/airflow/.local/lib/python3.8/site-packages/airflow/example_dags/example_sensor_decorator.py for tasks to queue
[2024-02-16T16:31:26.271+0000] {logging_mixin.py:188} INFO - [2024-02-16T16:31:26.271+0000] {dagbag.py:538} INFO - Filling up the DagBag from /home/airflow/.local/lib/python3.8/site-packages/airflow/example_dags/example_sensor_decorator.py
[2024-02-16T16:31:26.276+0000] {processor.py:840} INFO - DAG(s) 'example_sensor_decorator' retrieved from /home/airflow/.local/lib/python3.8/site-packages/airflow/example_dags/example_sensor_decorator.py
[2024-02-16T16:31:26.285+0000] {logging_mixin.py:188} INFO - [2024-02-16T16:31:26.285+0000] {dag.py:3036} INFO - Sync 1 DAGs
[2024-02-16T16:31:26.295+0000] {logging_mixin.py:188} INFO - [2024-02-16T16:31:26.295+0000] {dag.py:3823} INFO - Setting next_dagrun for example_sensor_decorator to None, run_after=None
[2024-02-16T16:31:26.309+0000] {processor.py:183} INFO - Processing /home/airflow/.local/lib/python3.8/site-packages/airflow/example_dags/example_sensor_decorator.py took 0.042 seconds
[2024-02-16T16:31:57.275+0000] {processor.py:161} INFO - Started process (PID=102) to work on /home/airflow/.local/lib/python3.8/site-packages/airflow/example_dags/example_sensor_decorator.py
[2024-02-16T16:31:57.276+0000] {processor.py:830} INFO - Processing file /home/airflow/.local/lib/python3.8/site-packages/airflow/example_dags/example_sensor_decorator.py for tasks to queue
[2024-02-16T16:31:57.277+0000] {logging_mixin.py:188} INFO - [2024-02-16T16:31:57.277+0000] {dagbag.py:538} INFO - Filling up the DagBag from /home/airflow/.local/lib/python3.8/site-packages/airflow/example_dags/example_sensor_decorator.py
[2024-02-16T16:31:57.280+0000] {processor.py:840} INFO - DAG(s) 'example_sensor_decorator' retrieved from /home/airflow/.local/lib/python3.8/site-packages/airflow/example_dags/example_sensor_decorator.py
[2024-02-16T16:31:57.350+0000] {logging_mixin.py:188} INFO - [2024-02-16T16:31:57.349+0000] {dag.py:3036} INFO - Sync 1 DAGs
[2024-02-16T16:31:57.357+0000] {logging_mixin.py:188} INFO - [2024-02-16T16:31:57.357+0000] {dag.py:3823} INFO - Setting next_dagrun for example_sensor_decorator to None, run_after=None
[2024-02-16T16:31:57.370+0000] {processor.py:183} INFO - Processing /home/airflow/.local/lib/python3.8/site-packages/airflow/example_dags/example_sensor_decorator.py took 0.097 seconds
[2024-02-16T16:32:28.244+0000] {processor.py:161} INFO - Started process (PID=158) to work on /home/airflow/.local/lib/python3.8/site-packages/airflow/example_dags/example_sensor_decorator.py
[2024-02-16T16:32:28.244+0000] {processor.py:830} INFO - Processing file /home/airflow/.local/lib/python3.8/site-packages/airflow/example_dags/example_sensor_decorator.py for tasks to queue
[2024-02-16T16:32:28.245+0000] {logging_mixin.py:188} INFO - [2024-02-16T16:32:28.245+0000] {dagbag.py:538} INFO - Filling up the DagBag from /home/airflow/.local/lib/python3.8/site-packages/airflow/example_dags/example_sensor_decorator.py
[2024-02-16T16:32:28.249+0000] {processor.py:840} INFO - DAG(s) 'example_sensor_decorator' retrieved from /home/airflow/.local/lib/python3.8/site-packages/airflow/example_dags/example_sensor_decorator.py
[2024-02-16T16:32:28.262+0000] {logging_mixin.py:188} INFO - [2024-02-16T16:32:28.262+0000] {dag.py:3036} INFO - Sync 1 DAGs
[2024-02-16T16:32:28.271+0000] {logging_mixin.py:188} INFO - [2024-02-16T16:32:28.271+0000] {dag.py:3823} INFO - Setting next_dagrun for example_sensor_decorator to None, run_after=None
[2024-02-16T16:32:28.284+0000] {processor.py:183} INFO - Processing /home/airflow/.local/lib/python3.8/site-packages/airflow/example_dags/example_sensor_decorator.py took 0.042 seconds
[2024-02-16T16:32:58.354+0000] {processor.py:161} INFO - Started process (PID=213) to work on /home/airflow/.local/lib/python3.8/site-packages/airflow/example_dags/example_sensor_decorator.py
[2024-02-16T16:32:58.355+0000] {processor.py:830} INFO - Processing file /home/airflow/.local/lib/python3.8/site-packages/airflow/example_dags/example_sensor_decorator.py for tasks to queue
[2024-02-16T16:32:58.356+0000] {logging_mixin.py:188} INFO - [2024-02-16T16:32:58.356+0000] {dagbag.py:538} INFO - Filling up the DagBag from /home/airflow/.local/lib/python3.8/site-packages/airflow/example_dags/example_sensor_decorator.py
[2024-02-16T16:32:58.360+0000] {processor.py:840} INFO - DAG(s) 'example_sensor_decorator' retrieved from /home/airflow/.local/lib/python3.8/site-packages/airflow/example_dags/example_sensor_decorator.py
[2024-02-16T16:32:58.372+0000] {logging_mixin.py:188} INFO - [2024-02-16T16:32:58.372+0000] {dag.py:3036} INFO - Sync 1 DAGs
[2024-02-16T16:32:58.381+0000] {logging_mixin.py:188} INFO - [2024-02-16T16:32:58.381+0000] {dag.py:3823} INFO - Setting next_dagrun for example_sensor_decorator to None, run_after=None
[2024-02-16T16:32:58.394+0000] {processor.py:183} INFO - Processing /home/airflow/.local/lib/python3.8/site-packages/airflow/example_dags/example_sensor_decorator.py took 0.041 seconds
[2024-02-16T16:33:28.699+0000] {processor.py:161} INFO - Started process (PID=270) to work on /home/airflow/.local/lib/python3.8/site-packages/airflow/example_dags/example_sensor_decorator.py
[2024-02-16T16:33:28.699+0000] {processor.py:830} INFO - Processing file /home/airflow/.local/lib/python3.8/site-packages/airflow/example_dags/example_sensor_decorator.py for tasks to queue
[2024-02-16T16:33:28.700+0000] {logging_mixin.py:188} INFO - [2024-02-16T16:33:28.700+0000] {dagbag.py:538} INFO - Filling up the DagBag from /home/airflow/.local/lib/python3.8/site-packages/airflow/example_dags/example_sensor_decorator.py
[2024-02-16T16:33:28.704+0000] {processor.py:840} INFO - DAG(s) 'example_sensor_decorator' retrieved from /home/airflow/.local/lib/python3.8/site-packages/airflow/example_dags/example_sensor_decorator.py
[2024-02-16T16:33:28.717+0000] {logging_mixin.py:188} INFO - [2024-02-16T16:33:28.717+0000] {dag.py:3036} INFO - Sync 1 DAGs
[2024-02-16T16:33:28.726+0000] {logging_mixin.py:188} INFO - [2024-02-16T16:33:28.726+0000] {dag.py:3823} INFO - Setting next_dagrun for example_sensor_decorator to None, run_after=None
[2024-02-16T16:33:28.738+0000] {processor.py:183} INFO - Processing /home/airflow/.local/lib/python3.8/site-packages/airflow/example_dags/example_sensor_decorator.py took 0.041 seconds
[2024-02-16T16:33:58.817+0000] {processor.py:161} INFO - Started process (PID=325) to work on /home/airflow/.local/lib/python3.8/site-packages/airflow/example_dags/example_sensor_decorator.py
[2024-02-16T16:33:58.818+0000] {processor.py:830} INFO - Processing file /home/airflow/.local/lib/python3.8/site-packages/airflow/example_dags/example_sensor_decorator.py for tasks to queue
[2024-02-16T16:33:58.819+0000] {logging_mixin.py:188} INFO - [2024-02-16T16:33:58.818+0000] {dagbag.py:538} INFO - Filling up the DagBag from /home/airflow/.local/lib/python3.8/site-packages/airflow/example_dags/example_sensor_decorator.py
[2024-02-16T16:33:58.822+0000] {processor.py:840} INFO - DAG(s) 'example_sensor_decorator' retrieved from /home/airflow/.local/lib/python3.8/site-packages/airflow/example_dags/example_sensor_decorator.py
[2024-02-16T16:33:58.836+0000] {logging_mixin.py:188} INFO - [2024-02-16T16:33:58.835+0000] {dag.py:3036} INFO - Sync 1 DAGs
[2024-02-16T16:33:58.845+0000] {logging_mixin.py:188} INFO - [2024-02-16T16:33:58.845+0000] {dag.py:3823} INFO - Setting next_dagrun for example_sensor_decorator to None, run_after=None
[2024-02-16T16:33:58.858+0000] {processor.py:183} INFO - Processing /home/airflow/.local/lib/python3.8/site-packages/airflow/example_dags/example_sensor_decorator.py took 0.043 seconds
[2024-02-16T16:34:29.153+0000] {processor.py:161} INFO - Started process (PID=382) to work on /home/airflow/.local/lib/python3.8/site-packages/airflow/example_dags/example_sensor_decorator.py
[2024-02-16T16:34:29.154+0000] {processor.py:830} INFO - Processing file /home/airflow/.local/lib/python3.8/site-packages/airflow/example_dags/example_sensor_decorator.py for tasks to queue
[2024-02-16T16:34:29.155+0000] {logging_mixin.py:188} INFO - [2024-02-16T16:34:29.155+0000] {dagbag.py:538} INFO - Filling up the DagBag from /home/airflow/.local/lib/python3.8/site-packages/airflow/example_dags/example_sensor_decorator.py
[2024-02-16T16:34:29.159+0000] {processor.py:840} INFO - DAG(s) 'example_sensor_decorator' retrieved from /home/airflow/.local/lib/python3.8/site-packages/airflow/example_dags/example_sensor_decorator.py
[2024-02-16T16:34:29.172+0000] {logging_mixin.py:188} INFO - [2024-02-16T16:34:29.171+0000] {dag.py:3036} INFO - Sync 1 DAGs
[2024-02-16T16:34:29.180+0000] {logging_mixin.py:188} INFO - [2024-02-16T16:34:29.180+0000] {dag.py:3823} INFO - Setting next_dagrun for example_sensor_decorator to None, run_after=None
[2024-02-16T16:34:29.194+0000] {processor.py:183} INFO - Processing /home/airflow/.local/lib/python3.8/site-packages/airflow/example_dags/example_sensor_decorator.py took 0.043 seconds
[2024-02-16T16:34:59.379+0000] {processor.py:161} INFO - Started process (PID=438) to work on /home/airflow/.local/lib/python3.8/site-packages/airflow/example_dags/example_sensor_decorator.py
[2024-02-16T16:34:59.380+0000] {processor.py:830} INFO - Processing file /home/airflow/.local/lib/python3.8/site-packages/airflow/example_dags/example_sensor_decorator.py for tasks to queue
[2024-02-16T16:34:59.381+0000] {logging_mixin.py:188} INFO - [2024-02-16T16:34:59.381+0000] {dagbag.py:538} INFO - Filling up the DagBag from /home/airflow/.local/lib/python3.8/site-packages/airflow/example_dags/example_sensor_decorator.py
[2024-02-16T16:34:59.385+0000] {processor.py:840} INFO - DAG(s) 'example_sensor_decorator' retrieved from /home/airflow/.local/lib/python3.8/site-packages/airflow/example_dags/example_sensor_decorator.py
[2024-02-16T16:34:59.398+0000] {logging_mixin.py:188} INFO - [2024-02-16T16:34:59.397+0000] {dag.py:3036} INFO - Sync 1 DAGs
[2024-02-16T16:34:59.406+0000] {logging_mixin.py:188} INFO - [2024-02-16T16:34:59.406+0000] {dag.py:3823} INFO - Setting next_dagrun for example_sensor_decorator to None, run_after=None
[2024-02-16T16:34:59.418+0000] {processor.py:183} INFO - Processing /home/airflow/.local/lib/python3.8/site-packages/airflow/example_dags/example_sensor_decorator.py took 0.041 seconds
[2024-02-16T16:35:29.572+0000] {processor.py:161} INFO - Started process (PID=494) to work on /home/airflow/.local/lib/python3.8/site-packages/airflow/example_dags/example_sensor_decorator.py
[2024-02-16T16:35:29.572+0000] {processor.py:830} INFO - Processing file /home/airflow/.local/lib/python3.8/site-packages/airflow/example_dags/example_sensor_decorator.py for tasks to queue
[2024-02-16T16:35:29.573+0000] {logging_mixin.py:188} INFO - [2024-02-16T16:35:29.573+0000] {dagbag.py:538} INFO - Filling up the DagBag from /home/airflow/.local/lib/python3.8/site-packages/airflow/example_dags/example_sensor_decorator.py
[2024-02-16T16:35:29.577+0000] {processor.py:840} INFO - DAG(s) 'example_sensor_decorator' retrieved from /home/airflow/.local/lib/python3.8/site-packages/airflow/example_dags/example_sensor_decorator.py
[2024-02-16T16:35:29.590+0000] {logging_mixin.py:188} INFO - [2024-02-16T16:35:29.590+0000] {dag.py:3036} INFO - Sync 1 DAGs
[2024-02-16T16:35:29.599+0000] {logging_mixin.py:188} INFO - [2024-02-16T16:35:29.599+0000] {dag.py:3823} INFO - Setting next_dagrun for example_sensor_decorator to None, run_after=None
[2024-02-16T16:35:29.613+0000] {processor.py:183} INFO - Processing /home/airflow/.local/lib/python3.8/site-packages/airflow/example_dags/example_sensor_decorator.py took 0.044 seconds
[2024-02-16T16:35:59.777+0000] {processor.py:161} INFO - Started process (PID=550) to work on /home/airflow/.local/lib/python3.8/site-packages/airflow/example_dags/example_sensor_decorator.py
[2024-02-16T16:35:59.778+0000] {processor.py:830} INFO - Processing file /home/airflow/.local/lib/python3.8/site-packages/airflow/example_dags/example_sensor_decorator.py for tasks to queue
[2024-02-16T16:35:59.779+0000] {logging_mixin.py:188} INFO - [2024-02-16T16:35:59.779+0000] {dagbag.py:538} INFO - Filling up the DagBag from /home/airflow/.local/lib/python3.8/site-packages/airflow/example_dags/example_sensor_decorator.py
[2024-02-16T16:35:59.782+0000] {processor.py:840} INFO - DAG(s) 'example_sensor_decorator' retrieved from /home/airflow/.local/lib/python3.8/site-packages/airflow/example_dags/example_sensor_decorator.py
[2024-02-16T16:35:59.796+0000] {logging_mixin.py:188} INFO - [2024-02-16T16:35:59.796+0000] {dag.py:3036} INFO - Sync 1 DAGs
[2024-02-16T16:35:59.805+0000] {logging_mixin.py:188} INFO - [2024-02-16T16:35:59.805+0000] {dag.py:3823} INFO - Setting next_dagrun for example_sensor_decorator to None, run_after=None
[2024-02-16T16:35:59.818+0000] {processor.py:183} INFO - Processing /home/airflow/.local/lib/python3.8/site-packages/airflow/example_dags/example_sensor_decorator.py took 0.042 seconds
[2024-02-16T16:36:29.837+0000] {processor.py:161} INFO - Started process (PID=605) to work on /home/airflow/.local/lib/python3.8/site-packages/airflow/example_dags/example_sensor_decorator.py
[2024-02-16T16:36:29.837+0000] {processor.py:830} INFO - Processing file /home/airflow/.local/lib/python3.8/site-packages/airflow/example_dags/example_sensor_decorator.py for tasks to queue
[2024-02-16T16:36:29.838+0000] {logging_mixin.py:188} INFO - [2024-02-16T16:36:29.838+0000] {dagbag.py:538} INFO - Filling up the DagBag from /home/airflow/.local/lib/python3.8/site-packages/airflow/example_dags/example_sensor_decorator.py
[2024-02-16T16:36:29.842+0000] {processor.py:840} INFO - DAG(s) 'example_sensor_decorator' retrieved from /home/airflow/.local/lib/python3.8/site-packages/airflow/example_dags/example_sensor_decorator.py
[2024-02-16T16:36:29.855+0000] {logging_mixin.py:188} INFO - [2024-02-16T16:36:29.855+0000] {dag.py:3036} INFO - Sync 1 DAGs
[2024-02-16T16:36:29.863+0000] {logging_mixin.py:188} INFO - [2024-02-16T16:36:29.863+0000] {dag.py:3823} INFO - Setting next_dagrun for example_sensor_decorator to None, run_after=None
[2024-02-16T16:36:29.877+0000] {processor.py:183} INFO - Processing /home/airflow/.local/lib/python3.8/site-packages/airflow/example_dags/example_sensor_decorator.py took 0.042 seconds
[2024-02-16T16:37:00.230+0000] {processor.py:161} INFO - Started process (PID=662) to work on /home/airflow/.local/lib/python3.8/site-packages/airflow/example_dags/example_sensor_decorator.py
[2024-02-16T16:37:00.231+0000] {processor.py:830} INFO - Processing file /home/airflow/.local/lib/python3.8/site-packages/airflow/example_dags/example_sensor_decorator.py for tasks to queue
[2024-02-16T16:37:00.232+0000] {logging_mixin.py:188} INFO - [2024-02-16T16:37:00.232+0000] {dagbag.py:538} INFO - Filling up the DagBag from /home/airflow/.local/lib/python3.8/site-packages/airflow/example_dags/example_sensor_decorator.py
[2024-02-16T16:37:00.235+0000] {processor.py:840} INFO - DAG(s) 'example_sensor_decorator' retrieved from /home/airflow/.local/lib/python3.8/site-packages/airflow/example_dags/example_sensor_decorator.py
[2024-02-16T16:37:00.250+0000] {logging_mixin.py:188} INFO - [2024-02-16T16:37:00.250+0000] {dag.py:3036} INFO - Sync 1 DAGs
[2024-02-16T16:37:00.259+0000] {logging_mixin.py:188} INFO - [2024-02-16T16:37:00.259+0000] {dag.py:3823} INFO - Setting next_dagrun for example_sensor_decorator to None, run_after=None
[2024-02-16T16:37:00.272+0000] {processor.py:183} INFO - Processing /home/airflow/.local/lib/python3.8/site-packages/airflow/example_dags/example_sensor_decorator.py took 0.044 seconds
[2024-02-16T16:37:30.546+0000] {processor.py:161} INFO - Started process (PID=719) to work on /home/airflow/.local/lib/python3.8/site-packages/airflow/example_dags/example_sensor_decorator.py
[2024-02-16T16:37:30.547+0000] {processor.py:830} INFO - Processing file /home/airflow/.local/lib/python3.8/site-packages/airflow/example_dags/example_sensor_decorator.py for tasks to queue
[2024-02-16T16:37:30.548+0000] {logging_mixin.py:188} INFO - [2024-02-16T16:37:30.548+0000] {dagbag.py:538} INFO - Filling up the DagBag from /home/airflow/.local/lib/python3.8/site-packages/airflow/example_dags/example_sensor_decorator.py
[2024-02-16T16:37:30.552+0000] {processor.py:840} INFO - DAG(s) 'example_sensor_decorator' retrieved from /home/airflow/.local/lib/python3.8/site-packages/airflow/example_dags/example_sensor_decorator.py
[2024-02-16T16:37:30.564+0000] {logging_mixin.py:188} INFO - [2024-02-16T16:37:30.564+0000] {dag.py:3036} INFO - Sync 1 DAGs
[2024-02-16T16:37:30.573+0000] {logging_mixin.py:188} INFO - [2024-02-16T16:37:30.573+0000] {dag.py:3823} INFO - Setting next_dagrun for example_sensor_decorator to None, run_after=None
[2024-02-16T16:37:30.586+0000] {processor.py:183} INFO - Processing /home/airflow/.local/lib/python3.8/site-packages/airflow/example_dags/example_sensor_decorator.py took 0.041 seconds
[2024-02-16T16:39:15.691+0000] {processor.py:161} INFO - Started process (PID=47) to work on /home/airflow/.local/lib/python3.8/site-packages/airflow/example_dags/example_sensor_decorator.py
[2024-02-16T16:39:15.692+0000] {processor.py:830} INFO - Processing file /home/airflow/.local/lib/python3.8/site-packages/airflow/example_dags/example_sensor_decorator.py for tasks to queue
[2024-02-16T16:39:15.693+0000] {logging_mixin.py:188} INFO - [2024-02-16T16:39:15.693+0000] {dagbag.py:538} INFO - Filling up the DagBag from /home/airflow/.local/lib/python3.8/site-packages/airflow/example_dags/example_sensor_decorator.py
[2024-02-16T16:39:15.699+0000] {processor.py:840} INFO - DAG(s) 'example_sensor_decorator' retrieved from /home/airflow/.local/lib/python3.8/site-packages/airflow/example_dags/example_sensor_decorator.py
[2024-02-16T16:39:15.707+0000] {logging_mixin.py:188} INFO - [2024-02-16T16:39:15.707+0000] {dag.py:3036} INFO - Sync 1 DAGs
[2024-02-16T16:39:15.717+0000] {logging_mixin.py:188} INFO - [2024-02-16T16:39:15.717+0000] {dag.py:3823} INFO - Setting next_dagrun for example_sensor_decorator to None, run_after=None
[2024-02-16T16:39:15.733+0000] {processor.py:183} INFO - Processing /home/airflow/.local/lib/python3.8/site-packages/airflow/example_dags/example_sensor_decorator.py took 0.044 seconds
[2024-02-16T16:39:46.128+0000] {processor.py:161} INFO - Started process (PID=102) to work on /home/airflow/.local/lib/python3.8/site-packages/airflow/example_dags/example_sensor_decorator.py
[2024-02-16T16:39:46.128+0000] {processor.py:830} INFO - Processing file /home/airflow/.local/lib/python3.8/site-packages/airflow/example_dags/example_sensor_decorator.py for tasks to queue
[2024-02-16T16:39:46.129+0000] {logging_mixin.py:188} INFO - [2024-02-16T16:39:46.129+0000] {dagbag.py:538} INFO - Filling up the DagBag from /home/airflow/.local/lib/python3.8/site-packages/airflow/example_dags/example_sensor_decorator.py
[2024-02-16T16:39:46.133+0000] {processor.py:840} INFO - DAG(s) 'example_sensor_decorator' retrieved from /home/airflow/.local/lib/python3.8/site-packages/airflow/example_dags/example_sensor_decorator.py
[2024-02-16T16:39:46.202+0000] {logging_mixin.py:188} INFO - [2024-02-16T16:39:46.202+0000] {dag.py:3036} INFO - Sync 1 DAGs
[2024-02-16T16:39:46.210+0000] {logging_mixin.py:188} INFO - [2024-02-16T16:39:46.210+0000] {dag.py:3823} INFO - Setting next_dagrun for example_sensor_decorator to None, run_after=None
[2024-02-16T16:39:46.223+0000] {processor.py:183} INFO - Processing /home/airflow/.local/lib/python3.8/site-packages/airflow/example_dags/example_sensor_decorator.py took 0.098 seconds
[2024-02-16T16:40:16.512+0000] {processor.py:161} INFO - Started process (PID=159) to work on /home/airflow/.local/lib/python3.8/site-packages/airflow/example_dags/example_sensor_decorator.py
[2024-02-16T16:40:16.512+0000] {processor.py:830} INFO - Processing file /home/airflow/.local/lib/python3.8/site-packages/airflow/example_dags/example_sensor_decorator.py for tasks to queue
[2024-02-16T16:40:16.513+0000] {logging_mixin.py:188} INFO - [2024-02-16T16:40:16.513+0000] {dagbag.py:538} INFO - Filling up the DagBag from /home/airflow/.local/lib/python3.8/site-packages/airflow/example_dags/example_sensor_decorator.py
[2024-02-16T16:40:16.517+0000] {processor.py:840} INFO - DAG(s) 'example_sensor_decorator' retrieved from /home/airflow/.local/lib/python3.8/site-packages/airflow/example_dags/example_sensor_decorator.py
[2024-02-16T16:40:16.530+0000] {logging_mixin.py:188} INFO - [2024-02-16T16:40:16.530+0000] {dag.py:3036} INFO - Sync 1 DAGs
[2024-02-16T16:40:16.538+0000] {logging_mixin.py:188} INFO - [2024-02-16T16:40:16.538+0000] {dag.py:3823} INFO - Setting next_dagrun for example_sensor_decorator to None, run_after=None
[2024-02-16T16:40:16.551+0000] {processor.py:183} INFO - Processing /home/airflow/.local/lib/python3.8/site-packages/airflow/example_dags/example_sensor_decorator.py took 0.041 seconds
[2024-02-16T16:40:46.604+0000] {processor.py:161} INFO - Started process (PID=215) to work on /home/airflow/.local/lib/python3.8/site-packages/airflow/example_dags/example_sensor_decorator.py
[2024-02-16T16:40:46.605+0000] {processor.py:830} INFO - Processing file /home/airflow/.local/lib/python3.8/site-packages/airflow/example_dags/example_sensor_decorator.py for tasks to queue
[2024-02-16T16:40:46.606+0000] {logging_mixin.py:188} INFO - [2024-02-16T16:40:46.606+0000] {dagbag.py:538} INFO - Filling up the DagBag from /home/airflow/.local/lib/python3.8/site-packages/airflow/example_dags/example_sensor_decorator.py
[2024-02-16T16:40:46.610+0000] {processor.py:840} INFO - DAG(s) 'example_sensor_decorator' retrieved from /home/airflow/.local/lib/python3.8/site-packages/airflow/example_dags/example_sensor_decorator.py
[2024-02-16T16:40:46.622+0000] {logging_mixin.py:188} INFO - [2024-02-16T16:40:46.622+0000] {dag.py:3036} INFO - Sync 1 DAGs
[2024-02-16T16:40:46.630+0000] {logging_mixin.py:188} INFO - [2024-02-16T16:40:46.630+0000] {dag.py:3823} INFO - Setting next_dagrun for example_sensor_decorator to None, run_after=None
[2024-02-16T16:40:46.642+0000] {processor.py:183} INFO - Processing /home/airflow/.local/lib/python3.8/site-packages/airflow/example_dags/example_sensor_decorator.py took 0.040 seconds
[2024-02-16T16:41:17.040+0000] {processor.py:161} INFO - Started process (PID=273) to work on /home/airflow/.local/lib/python3.8/site-packages/airflow/example_dags/example_sensor_decorator.py
[2024-02-16T16:41:17.040+0000] {processor.py:830} INFO - Processing file /home/airflow/.local/lib/python3.8/site-packages/airflow/example_dags/example_sensor_decorator.py for tasks to queue
[2024-02-16T16:41:17.041+0000] {logging_mixin.py:188} INFO - [2024-02-16T16:41:17.041+0000] {dagbag.py:538} INFO - Filling up the DagBag from /home/airflow/.local/lib/python3.8/site-packages/airflow/example_dags/example_sensor_decorator.py
[2024-02-16T16:41:17.046+0000] {processor.py:840} INFO - DAG(s) 'example_sensor_decorator' retrieved from /home/airflow/.local/lib/python3.8/site-packages/airflow/example_dags/example_sensor_decorator.py
[2024-02-16T16:41:17.060+0000] {logging_mixin.py:188} INFO - [2024-02-16T16:41:17.060+0000] {dag.py:3036} INFO - Sync 1 DAGs
[2024-02-16T16:41:17.069+0000] {logging_mixin.py:188} INFO - [2024-02-16T16:41:17.069+0000] {dag.py:3823} INFO - Setting next_dagrun for example_sensor_decorator to None, run_after=None
[2024-02-16T16:41:17.083+0000] {processor.py:183} INFO - Processing /home/airflow/.local/lib/python3.8/site-packages/airflow/example_dags/example_sensor_decorator.py took 0.045 seconds
[2024-02-16T16:41:47.517+0000] {processor.py:161} INFO - Started process (PID=331) to work on /home/airflow/.local/lib/python3.8/site-packages/airflow/example_dags/example_sensor_decorator.py
[2024-02-16T16:41:47.518+0000] {processor.py:830} INFO - Processing file /home/airflow/.local/lib/python3.8/site-packages/airflow/example_dags/example_sensor_decorator.py for tasks to queue
[2024-02-16T16:41:47.519+0000] {logging_mixin.py:188} INFO - [2024-02-16T16:41:47.519+0000] {dagbag.py:538} INFO - Filling up the DagBag from /home/airflow/.local/lib/python3.8/site-packages/airflow/example_dags/example_sensor_decorator.py
[2024-02-16T16:41:47.523+0000] {processor.py:840} INFO - DAG(s) 'example_sensor_decorator' retrieved from /home/airflow/.local/lib/python3.8/site-packages/airflow/example_dags/example_sensor_decorator.py
[2024-02-16T16:41:47.538+0000] {logging_mixin.py:188} INFO - [2024-02-16T16:41:47.538+0000] {dag.py:3036} INFO - Sync 1 DAGs
[2024-02-16T16:41:47.548+0000] {logging_mixin.py:188} INFO - [2024-02-16T16:41:47.548+0000] {dag.py:3823} INFO - Setting next_dagrun for example_sensor_decorator to None, run_after=None
[2024-02-16T16:41:47.564+0000] {processor.py:183} INFO - Processing /home/airflow/.local/lib/python3.8/site-packages/airflow/example_dags/example_sensor_decorator.py took 0.048 seconds
[2024-02-16T16:42:17.765+0000] {processor.py:161} INFO - Started process (PID=388) to work on /home/airflow/.local/lib/python3.8/site-packages/airflow/example_dags/example_sensor_decorator.py
[2024-02-16T16:42:17.765+0000] {processor.py:830} INFO - Processing file /home/airflow/.local/lib/python3.8/site-packages/airflow/example_dags/example_sensor_decorator.py for tasks to queue
[2024-02-16T16:42:17.766+0000] {logging_mixin.py:188} INFO - [2024-02-16T16:42:17.766+0000] {dagbag.py:538} INFO - Filling up the DagBag from /home/airflow/.local/lib/python3.8/site-packages/airflow/example_dags/example_sensor_decorator.py
[2024-02-16T16:42:17.771+0000] {processor.py:840} INFO - DAG(s) 'example_sensor_decorator' retrieved from /home/airflow/.local/lib/python3.8/site-packages/airflow/example_dags/example_sensor_decorator.py
[2024-02-16T16:42:17.786+0000] {logging_mixin.py:188} INFO - [2024-02-16T16:42:17.786+0000] {dag.py:3036} INFO - Sync 1 DAGs
[2024-02-16T16:42:17.795+0000] {logging_mixin.py:188} INFO - [2024-02-16T16:42:17.795+0000] {dag.py:3823} INFO - Setting next_dagrun for example_sensor_decorator to None, run_after=None
[2024-02-16T16:42:17.809+0000] {processor.py:183} INFO - Processing /home/airflow/.local/lib/python3.8/site-packages/airflow/example_dags/example_sensor_decorator.py took 0.046 seconds
[2024-02-16T16:42:48.167+0000] {processor.py:161} INFO - Started process (PID=445) to work on /home/airflow/.local/lib/python3.8/site-packages/airflow/example_dags/example_sensor_decorator.py
[2024-02-16T16:42:48.168+0000] {processor.py:830} INFO - Processing file /home/airflow/.local/lib/python3.8/site-packages/airflow/example_dags/example_sensor_decorator.py for tasks to queue
[2024-02-16T16:42:48.170+0000] {logging_mixin.py:188} INFO - [2024-02-16T16:42:48.169+0000] {dagbag.py:538} INFO - Filling up the DagBag from /home/airflow/.local/lib/python3.8/site-packages/airflow/example_dags/example_sensor_decorator.py
[2024-02-16T16:42:48.173+0000] {processor.py:840} INFO - DAG(s) 'example_sensor_decorator' retrieved from /home/airflow/.local/lib/python3.8/site-packages/airflow/example_dags/example_sensor_decorator.py
[2024-02-16T16:42:48.186+0000] {logging_mixin.py:188} INFO - [2024-02-16T16:42:48.186+0000] {dag.py:3036} INFO - Sync 1 DAGs
[2024-02-16T16:42:48.195+0000] {logging_mixin.py:188} INFO - [2024-02-16T16:42:48.195+0000] {dag.py:3823} INFO - Setting next_dagrun for example_sensor_decorator to None, run_after=None
[2024-02-16T16:42:48.210+0000] {processor.py:183} INFO - Processing /home/airflow/.local/lib/python3.8/site-packages/airflow/example_dags/example_sensor_decorator.py took 0.045 seconds
[2024-02-16T16:43:18.590+0000] {processor.py:161} INFO - Started process (PID=502) to work on /home/airflow/.local/lib/python3.8/site-packages/airflow/example_dags/example_sensor_decorator.py
[2024-02-16T16:43:18.591+0000] {processor.py:830} INFO - Processing file /home/airflow/.local/lib/python3.8/site-packages/airflow/example_dags/example_sensor_decorator.py for tasks to queue
[2024-02-16T16:43:18.592+0000] {logging_mixin.py:188} INFO - [2024-02-16T16:43:18.592+0000] {dagbag.py:538} INFO - Filling up the DagBag from /home/airflow/.local/lib/python3.8/site-packages/airflow/example_dags/example_sensor_decorator.py
[2024-02-16T16:43:18.596+0000] {processor.py:840} INFO - DAG(s) 'example_sensor_decorator' retrieved from /home/airflow/.local/lib/python3.8/site-packages/airflow/example_dags/example_sensor_decorator.py
[2024-02-16T16:43:18.611+0000] {logging_mixin.py:188} INFO - [2024-02-16T16:43:18.611+0000] {dag.py:3036} INFO - Sync 1 DAGs
[2024-02-16T16:43:18.621+0000] {logging_mixin.py:188} INFO - [2024-02-16T16:43:18.620+0000] {dag.py:3823} INFO - Setting next_dagrun for example_sensor_decorator to None, run_after=None
[2024-02-16T16:43:18.637+0000] {processor.py:183} INFO - Processing /home/airflow/.local/lib/python3.8/site-packages/airflow/example_dags/example_sensor_decorator.py took 0.049 seconds
[2024-02-16T16:43:49.005+0000] {processor.py:161} INFO - Started process (PID=559) to work on /home/airflow/.local/lib/python3.8/site-packages/airflow/example_dags/example_sensor_decorator.py
[2024-02-16T16:43:49.006+0000] {processor.py:830} INFO - Processing file /home/airflow/.local/lib/python3.8/site-packages/airflow/example_dags/example_sensor_decorator.py for tasks to queue
[2024-02-16T16:43:49.007+0000] {logging_mixin.py:188} INFO - [2024-02-16T16:43:49.007+0000] {dagbag.py:538} INFO - Filling up the DagBag from /home/airflow/.local/lib/python3.8/site-packages/airflow/example_dags/example_sensor_decorator.py
[2024-02-16T16:43:49.011+0000] {processor.py:840} INFO - DAG(s) 'example_sensor_decorator' retrieved from /home/airflow/.local/lib/python3.8/site-packages/airflow/example_dags/example_sensor_decorator.py
[2024-02-16T16:43:49.028+0000] {logging_mixin.py:188} INFO - [2024-02-16T16:43:49.028+0000] {dag.py:3036} INFO - Sync 1 DAGs
[2024-02-16T16:43:49.040+0000] {logging_mixin.py:188} INFO - [2024-02-16T16:43:49.040+0000] {dag.py:3823} INFO - Setting next_dagrun for example_sensor_decorator to None, run_after=None
[2024-02-16T16:43:49.056+0000] {processor.py:183} INFO - Processing /home/airflow/.local/lib/python3.8/site-packages/airflow/example_dags/example_sensor_decorator.py took 0.053 seconds
