[2024-02-16T16:20:16.993+0000] {processor.py:161} INFO - Started process (PID=44) to work on /home/airflow/.local/lib/python3.8/site-packages/airflow/example_dags/example_setup_teardown.py
[2024-02-16T16:20:16.995+0000] {processor.py:830} INFO - Processing file /home/airflow/.local/lib/python3.8/site-packages/airflow/example_dags/example_setup_teardown.py for tasks to queue
[2024-02-16T16:20:16.997+0000] {logging_mixin.py:188} INFO - [2024-02-16T16:20:16.996+0000] {dagbag.py:538} INFO - Filling up the DagBag from /home/airflow/.local/lib/python3.8/site-packages/airflow/example_dags/example_setup_teardown.py
[2024-02-16T16:20:17.012+0000] {processor.py:840} INFO - DAG(s) 'example_setup_teardown' retrieved from /home/airflow/.local/lib/python3.8/site-packages/airflow/example_dags/example_setup_teardown.py
[2024-02-16T16:20:17.039+0000] {logging_mixin.py:188} INFO - [2024-02-16T16:20:17.039+0000] {dag.py:3036} INFO - Sync 1 DAGs
[2024-02-16T16:20:17.065+0000] {logging_mixin.py:188} INFO - [2024-02-16T16:20:17.065+0000] {dag.py:3823} INFO - Setting next_dagrun for example_setup_teardown to 2024-02-15 00:00:00+00:00, run_after=2024-02-16 00:00:00+00:00
[2024-02-16T16:20:17.083+0000] {processor.py:183} INFO - Processing /home/airflow/.local/lib/python3.8/site-packages/airflow/example_dags/example_setup_teardown.py took 0.094 seconds
[2024-02-16T16:20:47.235+0000] {processor.py:161} INFO - Started process (PID=98) to work on /home/airflow/.local/lib/python3.8/site-packages/airflow/example_dags/example_setup_teardown.py
[2024-02-16T16:20:47.236+0000] {processor.py:830} INFO - Processing file /home/airflow/.local/lib/python3.8/site-packages/airflow/example_dags/example_setup_teardown.py for tasks to queue
[2024-02-16T16:20:47.237+0000] {logging_mixin.py:188} INFO - [2024-02-16T16:20:47.237+0000] {dagbag.py:538} INFO - Filling up the DagBag from /home/airflow/.local/lib/python3.8/site-packages/airflow/example_dags/example_setup_teardown.py
[2024-02-16T16:20:47.241+0000] {processor.py:840} INFO - DAG(s) 'example_setup_teardown' retrieved from /home/airflow/.local/lib/python3.8/site-packages/airflow/example_dags/example_setup_teardown.py
[2024-02-16T16:20:47.378+0000] {logging_mixin.py:188} INFO - [2024-02-16T16:20:47.378+0000] {dag.py:3036} INFO - Sync 1 DAGs
[2024-02-16T16:20:47.394+0000] {logging_mixin.py:188} INFO - [2024-02-16T16:20:47.394+0000] {dag.py:3823} INFO - Setting next_dagrun for example_setup_teardown to 2024-02-15 00:00:00+00:00, run_after=2024-02-16 00:00:00+00:00
[2024-02-16T16:20:47.409+0000] {processor.py:183} INFO - Processing /home/airflow/.local/lib/python3.8/site-packages/airflow/example_dags/example_setup_teardown.py took 0.175 seconds
[2024-02-16T16:21:17.666+0000] {processor.py:161} INFO - Started process (PID=154) to work on /home/airflow/.local/lib/python3.8/site-packages/airflow/example_dags/example_setup_teardown.py
[2024-02-16T16:21:17.667+0000] {processor.py:830} INFO - Processing file /home/airflow/.local/lib/python3.8/site-packages/airflow/example_dags/example_setup_teardown.py for tasks to queue
[2024-02-16T16:21:17.668+0000] {logging_mixin.py:188} INFO - [2024-02-16T16:21:17.668+0000] {dagbag.py:538} INFO - Filling up the DagBag from /home/airflow/.local/lib/python3.8/site-packages/airflow/example_dags/example_setup_teardown.py
[2024-02-16T16:21:17.672+0000] {processor.py:840} INFO - DAG(s) 'example_setup_teardown' retrieved from /home/airflow/.local/lib/python3.8/site-packages/airflow/example_dags/example_setup_teardown.py
[2024-02-16T16:21:17.685+0000] {logging_mixin.py:188} INFO - [2024-02-16T16:21:17.685+0000] {dag.py:3036} INFO - Sync 1 DAGs
[2024-02-16T16:21:17.700+0000] {logging_mixin.py:188} INFO - [2024-02-16T16:21:17.700+0000] {dag.py:3823} INFO - Setting next_dagrun for example_setup_teardown to 2024-02-15 00:00:00+00:00, run_after=2024-02-16 00:00:00+00:00
[2024-02-16T16:21:17.713+0000] {processor.py:183} INFO - Processing /home/airflow/.local/lib/python3.8/site-packages/airflow/example_dags/example_setup_teardown.py took 0.048 seconds
[2024-02-16T16:21:48.055+0000] {processor.py:161} INFO - Started process (PID=209) to work on /home/airflow/.local/lib/python3.8/site-packages/airflow/example_dags/example_setup_teardown.py
[2024-02-16T16:21:48.056+0000] {processor.py:830} INFO - Processing file /home/airflow/.local/lib/python3.8/site-packages/airflow/example_dags/example_setup_teardown.py for tasks to queue
[2024-02-16T16:21:48.057+0000] {logging_mixin.py:188} INFO - [2024-02-16T16:21:48.057+0000] {dagbag.py:538} INFO - Filling up the DagBag from /home/airflow/.local/lib/python3.8/site-packages/airflow/example_dags/example_setup_teardown.py
[2024-02-16T16:21:48.062+0000] {processor.py:840} INFO - DAG(s) 'example_setup_teardown' retrieved from /home/airflow/.local/lib/python3.8/site-packages/airflow/example_dags/example_setup_teardown.py
[2024-02-16T16:21:48.076+0000] {logging_mixin.py:188} INFO - [2024-02-16T16:21:48.076+0000] {dag.py:3036} INFO - Sync 1 DAGs
[2024-02-16T16:21:48.091+0000] {logging_mixin.py:188} INFO - [2024-02-16T16:21:48.091+0000] {dag.py:3823} INFO - Setting next_dagrun for example_setup_teardown to 2024-02-15 00:00:00+00:00, run_after=2024-02-16 00:00:00+00:00
[2024-02-16T16:21:48.104+0000] {processor.py:183} INFO - Processing /home/airflow/.local/lib/python3.8/site-packages/airflow/example_dags/example_setup_teardown.py took 0.051 seconds
[2024-02-16T16:22:18.176+0000] {processor.py:161} INFO - Started process (PID=263) to work on /home/airflow/.local/lib/python3.8/site-packages/airflow/example_dags/example_setup_teardown.py
[2024-02-16T16:22:18.176+0000] {processor.py:830} INFO - Processing file /home/airflow/.local/lib/python3.8/site-packages/airflow/example_dags/example_setup_teardown.py for tasks to queue
[2024-02-16T16:22:18.177+0000] {logging_mixin.py:188} INFO - [2024-02-16T16:22:18.177+0000] {dagbag.py:538} INFO - Filling up the DagBag from /home/airflow/.local/lib/python3.8/site-packages/airflow/example_dags/example_setup_teardown.py
[2024-02-16T16:22:18.181+0000] {processor.py:840} INFO - DAG(s) 'example_setup_teardown' retrieved from /home/airflow/.local/lib/python3.8/site-packages/airflow/example_dags/example_setup_teardown.py
[2024-02-16T16:22:18.195+0000] {logging_mixin.py:188} INFO - [2024-02-16T16:22:18.195+0000] {dag.py:3036} INFO - Sync 1 DAGs
[2024-02-16T16:22:18.211+0000] {logging_mixin.py:188} INFO - [2024-02-16T16:22:18.211+0000] {dag.py:3823} INFO - Setting next_dagrun for example_setup_teardown to 2024-02-15 00:00:00+00:00, run_after=2024-02-16 00:00:00+00:00
[2024-02-16T16:22:18.224+0000] {processor.py:183} INFO - Processing /home/airflow/.local/lib/python3.8/site-packages/airflow/example_dags/example_setup_teardown.py took 0.050 seconds
[2024-02-16T16:22:48.417+0000] {processor.py:161} INFO - Started process (PID=318) to work on /home/airflow/.local/lib/python3.8/site-packages/airflow/example_dags/example_setup_teardown.py
[2024-02-16T16:22:48.418+0000] {processor.py:830} INFO - Processing file /home/airflow/.local/lib/python3.8/site-packages/airflow/example_dags/example_setup_teardown.py for tasks to queue
[2024-02-16T16:22:48.420+0000] {logging_mixin.py:188} INFO - [2024-02-16T16:22:48.419+0000] {dagbag.py:538} INFO - Filling up the DagBag from /home/airflow/.local/lib/python3.8/site-packages/airflow/example_dags/example_setup_teardown.py
[2024-02-16T16:22:48.424+0000] {processor.py:840} INFO - DAG(s) 'example_setup_teardown' retrieved from /home/airflow/.local/lib/python3.8/site-packages/airflow/example_dags/example_setup_teardown.py
[2024-02-16T16:22:48.437+0000] {logging_mixin.py:188} INFO - [2024-02-16T16:22:48.437+0000] {dag.py:3036} INFO - Sync 1 DAGs
[2024-02-16T16:22:48.453+0000] {logging_mixin.py:188} INFO - [2024-02-16T16:22:48.453+0000] {dag.py:3823} INFO - Setting next_dagrun for example_setup_teardown to 2024-02-15 00:00:00+00:00, run_after=2024-02-16 00:00:00+00:00
[2024-02-16T16:22:48.468+0000] {processor.py:183} INFO - Processing /home/airflow/.local/lib/python3.8/site-packages/airflow/example_dags/example_setup_teardown.py took 0.052 seconds
[2024-02-16T16:23:18.659+0000] {processor.py:161} INFO - Started process (PID=373) to work on /home/airflow/.local/lib/python3.8/site-packages/airflow/example_dags/example_setup_teardown.py
[2024-02-16T16:23:18.659+0000] {processor.py:830} INFO - Processing file /home/airflow/.local/lib/python3.8/site-packages/airflow/example_dags/example_setup_teardown.py for tasks to queue
[2024-02-16T16:23:18.661+0000] {logging_mixin.py:188} INFO - [2024-02-16T16:23:18.661+0000] {dagbag.py:538} INFO - Filling up the DagBag from /home/airflow/.local/lib/python3.8/site-packages/airflow/example_dags/example_setup_teardown.py
[2024-02-16T16:23:18.665+0000] {processor.py:840} INFO - DAG(s) 'example_setup_teardown' retrieved from /home/airflow/.local/lib/python3.8/site-packages/airflow/example_dags/example_setup_teardown.py
[2024-02-16T16:23:18.679+0000] {logging_mixin.py:188} INFO - [2024-02-16T16:23:18.678+0000] {dag.py:3036} INFO - Sync 1 DAGs
[2024-02-16T16:23:18.696+0000] {logging_mixin.py:188} INFO - [2024-02-16T16:23:18.695+0000] {dag.py:3823} INFO - Setting next_dagrun for example_setup_teardown to 2024-02-15 00:00:00+00:00, run_after=2024-02-16 00:00:00+00:00
[2024-02-16T16:23:18.710+0000] {processor.py:183} INFO - Processing /home/airflow/.local/lib/python3.8/site-packages/airflow/example_dags/example_setup_teardown.py took 0.054 seconds
[2024-02-16T16:23:48.925+0000] {processor.py:161} INFO - Started process (PID=428) to work on /home/airflow/.local/lib/python3.8/site-packages/airflow/example_dags/example_setup_teardown.py
[2024-02-16T16:23:48.925+0000] {processor.py:830} INFO - Processing file /home/airflow/.local/lib/python3.8/site-packages/airflow/example_dags/example_setup_teardown.py for tasks to queue
[2024-02-16T16:23:48.927+0000] {logging_mixin.py:188} INFO - [2024-02-16T16:23:48.927+0000] {dagbag.py:538} INFO - Filling up the DagBag from /home/airflow/.local/lib/python3.8/site-packages/airflow/example_dags/example_setup_teardown.py
[2024-02-16T16:23:48.933+0000] {processor.py:840} INFO - DAG(s) 'example_setup_teardown' retrieved from /home/airflow/.local/lib/python3.8/site-packages/airflow/example_dags/example_setup_teardown.py
[2024-02-16T16:23:48.948+0000] {logging_mixin.py:188} INFO - [2024-02-16T16:23:48.948+0000] {dag.py:3036} INFO - Sync 1 DAGs
[2024-02-16T16:23:48.966+0000] {logging_mixin.py:188} INFO - [2024-02-16T16:23:48.966+0000] {dag.py:3823} INFO - Setting next_dagrun for example_setup_teardown to 2024-02-15 00:00:00+00:00, run_after=2024-02-16 00:00:00+00:00
[2024-02-16T16:23:48.981+0000] {processor.py:183} INFO - Processing /home/airflow/.local/lib/python3.8/site-packages/airflow/example_dags/example_setup_teardown.py took 0.058 seconds
[2024-02-16T16:24:19.182+0000] {processor.py:161} INFO - Started process (PID=483) to work on /home/airflow/.local/lib/python3.8/site-packages/airflow/example_dags/example_setup_teardown.py
[2024-02-16T16:24:19.182+0000] {processor.py:830} INFO - Processing file /home/airflow/.local/lib/python3.8/site-packages/airflow/example_dags/example_setup_teardown.py for tasks to queue
[2024-02-16T16:24:19.184+0000] {logging_mixin.py:188} INFO - [2024-02-16T16:24:19.184+0000] {dagbag.py:538} INFO - Filling up the DagBag from /home/airflow/.local/lib/python3.8/site-packages/airflow/example_dags/example_setup_teardown.py
[2024-02-16T16:24:19.188+0000] {processor.py:840} INFO - DAG(s) 'example_setup_teardown' retrieved from /home/airflow/.local/lib/python3.8/site-packages/airflow/example_dags/example_setup_teardown.py
[2024-02-16T16:24:19.202+0000] {logging_mixin.py:188} INFO - [2024-02-16T16:24:19.202+0000] {dag.py:3036} INFO - Sync 1 DAGs
[2024-02-16T16:24:19.218+0000] {logging_mixin.py:188} INFO - [2024-02-16T16:24:19.218+0000] {dag.py:3823} INFO - Setting next_dagrun for example_setup_teardown to 2024-02-15 00:00:00+00:00, run_after=2024-02-16 00:00:00+00:00
[2024-02-16T16:24:19.234+0000] {processor.py:183} INFO - Processing /home/airflow/.local/lib/python3.8/site-packages/airflow/example_dags/example_setup_teardown.py took 0.054 seconds
[2024-02-16T16:24:49.472+0000] {processor.py:161} INFO - Started process (PID=538) to work on /home/airflow/.local/lib/python3.8/site-packages/airflow/example_dags/example_setup_teardown.py
[2024-02-16T16:24:49.473+0000] {processor.py:830} INFO - Processing file /home/airflow/.local/lib/python3.8/site-packages/airflow/example_dags/example_setup_teardown.py for tasks to queue
[2024-02-16T16:24:49.474+0000] {logging_mixin.py:188} INFO - [2024-02-16T16:24:49.474+0000] {dagbag.py:538} INFO - Filling up the DagBag from /home/airflow/.local/lib/python3.8/site-packages/airflow/example_dags/example_setup_teardown.py
[2024-02-16T16:24:49.479+0000] {processor.py:840} INFO - DAG(s) 'example_setup_teardown' retrieved from /home/airflow/.local/lib/python3.8/site-packages/airflow/example_dags/example_setup_teardown.py
[2024-02-16T16:24:49.494+0000] {logging_mixin.py:188} INFO - [2024-02-16T16:24:49.493+0000] {dag.py:3036} INFO - Sync 1 DAGs
[2024-02-16T16:24:49.510+0000] {logging_mixin.py:188} INFO - [2024-02-16T16:24:49.510+0000] {dag.py:3823} INFO - Setting next_dagrun for example_setup_teardown to 2024-02-15 00:00:00+00:00, run_after=2024-02-16 00:00:00+00:00
[2024-02-16T16:24:49.524+0000] {processor.py:183} INFO - Processing /home/airflow/.local/lib/python3.8/site-packages/airflow/example_dags/example_setup_teardown.py took 0.054 seconds
[2024-02-16T16:25:19.638+0000] {processor.py:161} INFO - Started process (PID=593) to work on /home/airflow/.local/lib/python3.8/site-packages/airflow/example_dags/example_setup_teardown.py
[2024-02-16T16:25:19.639+0000] {processor.py:830} INFO - Processing file /home/airflow/.local/lib/python3.8/site-packages/airflow/example_dags/example_setup_teardown.py for tasks to queue
[2024-02-16T16:25:19.640+0000] {logging_mixin.py:188} INFO - [2024-02-16T16:25:19.640+0000] {dagbag.py:538} INFO - Filling up the DagBag from /home/airflow/.local/lib/python3.8/site-packages/airflow/example_dags/example_setup_teardown.py
[2024-02-16T16:25:19.644+0000] {processor.py:840} INFO - DAG(s) 'example_setup_teardown' retrieved from /home/airflow/.local/lib/python3.8/site-packages/airflow/example_dags/example_setup_teardown.py
[2024-02-16T16:25:19.659+0000] {logging_mixin.py:188} INFO - [2024-02-16T16:25:19.658+0000] {dag.py:3036} INFO - Sync 1 DAGs
[2024-02-16T16:25:19.675+0000] {logging_mixin.py:188} INFO - [2024-02-16T16:25:19.674+0000] {dag.py:3823} INFO - Setting next_dagrun for example_setup_teardown to 2024-02-15 00:00:00+00:00, run_after=2024-02-16 00:00:00+00:00
[2024-02-16T16:25:19.690+0000] {processor.py:183} INFO - Processing /home/airflow/.local/lib/python3.8/site-packages/airflow/example_dags/example_setup_teardown.py took 0.054 seconds
[2024-02-16T16:25:49.984+0000] {processor.py:161} INFO - Started process (PID=648) to work on /home/airflow/.local/lib/python3.8/site-packages/airflow/example_dags/example_setup_teardown.py
[2024-02-16T16:25:49.985+0000] {processor.py:830} INFO - Processing file /home/airflow/.local/lib/python3.8/site-packages/airflow/example_dags/example_setup_teardown.py for tasks to queue
[2024-02-16T16:25:49.986+0000] {logging_mixin.py:188} INFO - [2024-02-16T16:25:49.986+0000] {dagbag.py:538} INFO - Filling up the DagBag from /home/airflow/.local/lib/python3.8/site-packages/airflow/example_dags/example_setup_teardown.py
[2024-02-16T16:25:49.990+0000] {processor.py:840} INFO - DAG(s) 'example_setup_teardown' retrieved from /home/airflow/.local/lib/python3.8/site-packages/airflow/example_dags/example_setup_teardown.py
[2024-02-16T16:25:50.003+0000] {logging_mixin.py:188} INFO - [2024-02-16T16:25:50.003+0000] {dag.py:3036} INFO - Sync 1 DAGs
[2024-02-16T16:25:50.018+0000] {logging_mixin.py:188} INFO - [2024-02-16T16:25:50.018+0000] {dag.py:3823} INFO - Setting next_dagrun for example_setup_teardown to 2024-02-15 00:00:00+00:00, run_after=2024-02-16 00:00:00+00:00
[2024-02-16T16:25:50.030+0000] {processor.py:183} INFO - Processing /home/airflow/.local/lib/python3.8/site-packages/airflow/example_dags/example_setup_teardown.py took 0.048 seconds
[2024-02-16T16:26:20.075+0000] {processor.py:161} INFO - Started process (PID=703) to work on /home/airflow/.local/lib/python3.8/site-packages/airflow/example_dags/example_setup_teardown.py
[2024-02-16T16:26:20.076+0000] {processor.py:830} INFO - Processing file /home/airflow/.local/lib/python3.8/site-packages/airflow/example_dags/example_setup_teardown.py for tasks to queue
[2024-02-16T16:26:20.077+0000] {logging_mixin.py:188} INFO - [2024-02-16T16:26:20.077+0000] {dagbag.py:538} INFO - Filling up the DagBag from /home/airflow/.local/lib/python3.8/site-packages/airflow/example_dags/example_setup_teardown.py
[2024-02-16T16:26:20.082+0000] {processor.py:840} INFO - DAG(s) 'example_setup_teardown' retrieved from /home/airflow/.local/lib/python3.8/site-packages/airflow/example_dags/example_setup_teardown.py
[2024-02-16T16:26:20.095+0000] {logging_mixin.py:188} INFO - [2024-02-16T16:26:20.095+0000] {dag.py:3036} INFO - Sync 1 DAGs
[2024-02-16T16:26:20.111+0000] {logging_mixin.py:188} INFO - [2024-02-16T16:26:20.111+0000] {dag.py:3823} INFO - Setting next_dagrun for example_setup_teardown to 2024-02-15 00:00:00+00:00, run_after=2024-02-16 00:00:00+00:00
[2024-02-16T16:26:20.124+0000] {processor.py:183} INFO - Processing /home/airflow/.local/lib/python3.8/site-packages/airflow/example_dags/example_setup_teardown.py took 0.051 seconds
[2024-02-16T16:26:50.392+0000] {processor.py:161} INFO - Started process (PID=758) to work on /home/airflow/.local/lib/python3.8/site-packages/airflow/example_dags/example_setup_teardown.py
[2024-02-16T16:26:50.393+0000] {processor.py:830} INFO - Processing file /home/airflow/.local/lib/python3.8/site-packages/airflow/example_dags/example_setup_teardown.py for tasks to queue
[2024-02-16T16:26:50.394+0000] {logging_mixin.py:188} INFO - [2024-02-16T16:26:50.394+0000] {dagbag.py:538} INFO - Filling up the DagBag from /home/airflow/.local/lib/python3.8/site-packages/airflow/example_dags/example_setup_teardown.py
[2024-02-16T16:26:50.400+0000] {processor.py:840} INFO - DAG(s) 'example_setup_teardown' retrieved from /home/airflow/.local/lib/python3.8/site-packages/airflow/example_dags/example_setup_teardown.py
[2024-02-16T16:26:50.417+0000] {logging_mixin.py:188} INFO - [2024-02-16T16:26:50.417+0000] {dag.py:3036} INFO - Sync 1 DAGs
[2024-02-16T16:26:50.437+0000] {logging_mixin.py:188} INFO - [2024-02-16T16:26:50.437+0000] {dag.py:3823} INFO - Setting next_dagrun for example_setup_teardown to 2024-02-15 00:00:00+00:00, run_after=2024-02-16 00:00:00+00:00
[2024-02-16T16:26:50.452+0000] {processor.py:183} INFO - Processing /home/airflow/.local/lib/python3.8/site-packages/airflow/example_dags/example_setup_teardown.py took 0.062 seconds
[2024-02-16T16:27:20.475+0000] {processor.py:161} INFO - Started process (PID=813) to work on /home/airflow/.local/lib/python3.8/site-packages/airflow/example_dags/example_setup_teardown.py
[2024-02-16T16:27:20.476+0000] {processor.py:830} INFO - Processing file /home/airflow/.local/lib/python3.8/site-packages/airflow/example_dags/example_setup_teardown.py for tasks to queue
[2024-02-16T16:27:20.477+0000] {logging_mixin.py:188} INFO - [2024-02-16T16:27:20.477+0000] {dagbag.py:538} INFO - Filling up the DagBag from /home/airflow/.local/lib/python3.8/site-packages/airflow/example_dags/example_setup_teardown.py
[2024-02-16T16:27:20.482+0000] {processor.py:840} INFO - DAG(s) 'example_setup_teardown' retrieved from /home/airflow/.local/lib/python3.8/site-packages/airflow/example_dags/example_setup_teardown.py
[2024-02-16T16:27:20.497+0000] {logging_mixin.py:188} INFO - [2024-02-16T16:27:20.497+0000] {dag.py:3036} INFO - Sync 1 DAGs
[2024-02-16T16:27:20.513+0000] {logging_mixin.py:188} INFO - [2024-02-16T16:27:20.513+0000] {dag.py:3823} INFO - Setting next_dagrun for example_setup_teardown to 2024-02-15 00:00:00+00:00, run_after=2024-02-16 00:00:00+00:00
[2024-02-16T16:27:20.528+0000] {processor.py:183} INFO - Processing /home/airflow/.local/lib/python3.8/site-packages/airflow/example_dags/example_setup_teardown.py took 0.055 seconds
[2024-02-16T16:27:50.600+0000] {processor.py:161} INFO - Started process (PID=868) to work on /home/airflow/.local/lib/python3.8/site-packages/airflow/example_dags/example_setup_teardown.py
[2024-02-16T16:27:50.601+0000] {processor.py:830} INFO - Processing file /home/airflow/.local/lib/python3.8/site-packages/airflow/example_dags/example_setup_teardown.py for tasks to queue
[2024-02-16T16:27:50.602+0000] {logging_mixin.py:188} INFO - [2024-02-16T16:27:50.602+0000] {dagbag.py:538} INFO - Filling up the DagBag from /home/airflow/.local/lib/python3.8/site-packages/airflow/example_dags/example_setup_teardown.py
[2024-02-16T16:27:50.606+0000] {processor.py:840} INFO - DAG(s) 'example_setup_teardown' retrieved from /home/airflow/.local/lib/python3.8/site-packages/airflow/example_dags/example_setup_teardown.py
[2024-02-16T16:27:50.620+0000] {logging_mixin.py:188} INFO - [2024-02-16T16:27:50.620+0000] {dag.py:3036} INFO - Sync 1 DAGs
[2024-02-16T16:27:50.637+0000] {logging_mixin.py:188} INFO - [2024-02-16T16:27:50.637+0000] {dag.py:3823} INFO - Setting next_dagrun for example_setup_teardown to 2024-02-15 00:00:00+00:00, run_after=2024-02-16 00:00:00+00:00
[2024-02-16T16:27:50.651+0000] {processor.py:183} INFO - Processing /home/airflow/.local/lib/python3.8/site-packages/airflow/example_dags/example_setup_teardown.py took 0.053 seconds
[2024-02-16T16:28:20.954+0000] {processor.py:161} INFO - Started process (PID=923) to work on /home/airflow/.local/lib/python3.8/site-packages/airflow/example_dags/example_setup_teardown.py
[2024-02-16T16:28:20.954+0000] {processor.py:830} INFO - Processing file /home/airflow/.local/lib/python3.8/site-packages/airflow/example_dags/example_setup_teardown.py for tasks to queue
[2024-02-16T16:28:20.956+0000] {logging_mixin.py:188} INFO - [2024-02-16T16:28:20.955+0000] {dagbag.py:538} INFO - Filling up the DagBag from /home/airflow/.local/lib/python3.8/site-packages/airflow/example_dags/example_setup_teardown.py
[2024-02-16T16:28:20.960+0000] {processor.py:840} INFO - DAG(s) 'example_setup_teardown' retrieved from /home/airflow/.local/lib/python3.8/site-packages/airflow/example_dags/example_setup_teardown.py
[2024-02-16T16:28:20.978+0000] {logging_mixin.py:188} INFO - [2024-02-16T16:28:20.977+0000] {dag.py:3036} INFO - Sync 1 DAGs
[2024-02-16T16:28:20.996+0000] {logging_mixin.py:188} INFO - [2024-02-16T16:28:20.996+0000] {dag.py:3823} INFO - Setting next_dagrun for example_setup_teardown to 2024-02-15 00:00:00+00:00, run_after=2024-02-16 00:00:00+00:00
[2024-02-16T16:28:21.012+0000] {processor.py:183} INFO - Processing /home/airflow/.local/lib/python3.8/site-packages/airflow/example_dags/example_setup_teardown.py took 0.061 seconds
[2024-02-16T16:28:51.275+0000] {processor.py:161} INFO - Started process (PID=978) to work on /home/airflow/.local/lib/python3.8/site-packages/airflow/example_dags/example_setup_teardown.py
[2024-02-16T16:28:51.276+0000] {processor.py:830} INFO - Processing file /home/airflow/.local/lib/python3.8/site-packages/airflow/example_dags/example_setup_teardown.py for tasks to queue
[2024-02-16T16:28:51.277+0000] {logging_mixin.py:188} INFO - [2024-02-16T16:28:51.277+0000] {dagbag.py:538} INFO - Filling up the DagBag from /home/airflow/.local/lib/python3.8/site-packages/airflow/example_dags/example_setup_teardown.py
[2024-02-16T16:28:51.281+0000] {processor.py:840} INFO - DAG(s) 'example_setup_teardown' retrieved from /home/airflow/.local/lib/python3.8/site-packages/airflow/example_dags/example_setup_teardown.py
[2024-02-16T16:28:51.294+0000] {logging_mixin.py:188} INFO - [2024-02-16T16:28:51.293+0000] {dag.py:3036} INFO - Sync 1 DAGs
[2024-02-16T16:28:51.308+0000] {logging_mixin.py:188} INFO - [2024-02-16T16:28:51.308+0000] {dag.py:3823} INFO - Setting next_dagrun for example_setup_teardown to 2024-02-15 00:00:00+00:00, run_after=2024-02-16 00:00:00+00:00
[2024-02-16T16:28:51.322+0000] {processor.py:183} INFO - Processing /home/airflow/.local/lib/python3.8/site-packages/airflow/example_dags/example_setup_teardown.py took 0.048 seconds
[2024-02-16T16:29:21.399+0000] {processor.py:161} INFO - Started process (PID=1033) to work on /home/airflow/.local/lib/python3.8/site-packages/airflow/example_dags/example_setup_teardown.py
[2024-02-16T16:29:21.400+0000] {processor.py:830} INFO - Processing file /home/airflow/.local/lib/python3.8/site-packages/airflow/example_dags/example_setup_teardown.py for tasks to queue
[2024-02-16T16:29:21.401+0000] {logging_mixin.py:188} INFO - [2024-02-16T16:29:21.400+0000] {dagbag.py:538} INFO - Filling up the DagBag from /home/airflow/.local/lib/python3.8/site-packages/airflow/example_dags/example_setup_teardown.py
[2024-02-16T16:29:21.404+0000] {processor.py:840} INFO - DAG(s) 'example_setup_teardown' retrieved from /home/airflow/.local/lib/python3.8/site-packages/airflow/example_dags/example_setup_teardown.py
[2024-02-16T16:29:21.418+0000] {logging_mixin.py:188} INFO - [2024-02-16T16:29:21.417+0000] {dag.py:3036} INFO - Sync 1 DAGs
[2024-02-16T16:29:21.432+0000] {logging_mixin.py:188} INFO - [2024-02-16T16:29:21.432+0000] {dag.py:3823} INFO - Setting next_dagrun for example_setup_teardown to 2024-02-15 00:00:00+00:00, run_after=2024-02-16 00:00:00+00:00
[2024-02-16T16:29:21.446+0000] {processor.py:183} INFO - Processing /home/airflow/.local/lib/python3.8/site-packages/airflow/example_dags/example_setup_teardown.py took 0.049 seconds
[2024-02-16T16:29:51.496+0000] {processor.py:161} INFO - Started process (PID=1088) to work on /home/airflow/.local/lib/python3.8/site-packages/airflow/example_dags/example_setup_teardown.py
[2024-02-16T16:29:51.497+0000] {processor.py:830} INFO - Processing file /home/airflow/.local/lib/python3.8/site-packages/airflow/example_dags/example_setup_teardown.py for tasks to queue
[2024-02-16T16:29:51.499+0000] {logging_mixin.py:188} INFO - [2024-02-16T16:29:51.498+0000] {dagbag.py:538} INFO - Filling up the DagBag from /home/airflow/.local/lib/python3.8/site-packages/airflow/example_dags/example_setup_teardown.py
[2024-02-16T16:29:51.503+0000] {processor.py:840} INFO - DAG(s) 'example_setup_teardown' retrieved from /home/airflow/.local/lib/python3.8/site-packages/airflow/example_dags/example_setup_teardown.py
[2024-02-16T16:29:51.529+0000] {logging_mixin.py:188} INFO - [2024-02-16T16:29:51.529+0000] {dag.py:3036} INFO - Sync 1 DAGs
[2024-02-16T16:29:51.548+0000] {logging_mixin.py:188} INFO - [2024-02-16T16:29:51.548+0000] {dag.py:3823} INFO - Setting next_dagrun for example_setup_teardown to 2024-02-15 00:00:00+00:00, run_after=2024-02-16 00:00:00+00:00
[2024-02-16T16:29:51.563+0000] {processor.py:183} INFO - Processing /home/airflow/.local/lib/python3.8/site-packages/airflow/example_dags/example_setup_teardown.py took 0.070 seconds
[2024-02-16T16:30:21.604+0000] {processor.py:161} INFO - Started process (PID=1144) to work on /home/airflow/.local/lib/python3.8/site-packages/airflow/example_dags/example_setup_teardown.py
[2024-02-16T16:30:21.605+0000] {processor.py:830} INFO - Processing file /home/airflow/.local/lib/python3.8/site-packages/airflow/example_dags/example_setup_teardown.py for tasks to queue
[2024-02-16T16:30:21.606+0000] {logging_mixin.py:188} INFO - [2024-02-16T16:30:21.606+0000] {dagbag.py:538} INFO - Filling up the DagBag from /home/airflow/.local/lib/python3.8/site-packages/airflow/example_dags/example_setup_teardown.py
[2024-02-16T16:30:21.610+0000] {processor.py:840} INFO - DAG(s) 'example_setup_teardown' retrieved from /home/airflow/.local/lib/python3.8/site-packages/airflow/example_dags/example_setup_teardown.py
[2024-02-16T16:30:21.622+0000] {logging_mixin.py:188} INFO - [2024-02-16T16:30:21.622+0000] {dag.py:3036} INFO - Sync 1 DAGs
[2024-02-16T16:30:21.636+0000] {logging_mixin.py:188} INFO - [2024-02-16T16:30:21.636+0000] {dag.py:3823} INFO - Setting next_dagrun for example_setup_teardown to 2024-02-15 00:00:00+00:00, run_after=2024-02-16 00:00:00+00:00
[2024-02-16T16:30:21.649+0000] {processor.py:183} INFO - Processing /home/airflow/.local/lib/python3.8/site-packages/airflow/example_dags/example_setup_teardown.py took 0.047 seconds
[2024-02-16T16:31:26.269+0000] {processor.py:161} INFO - Started process (PID=45) to work on /home/airflow/.local/lib/python3.8/site-packages/airflow/example_dags/example_setup_teardown.py
[2024-02-16T16:31:26.270+0000] {processor.py:830} INFO - Processing file /home/airflow/.local/lib/python3.8/site-packages/airflow/example_dags/example_setup_teardown.py for tasks to queue
[2024-02-16T16:31:26.271+0000] {logging_mixin.py:188} INFO - [2024-02-16T16:31:26.271+0000] {dagbag.py:538} INFO - Filling up the DagBag from /home/airflow/.local/lib/python3.8/site-packages/airflow/example_dags/example_setup_teardown.py
[2024-02-16T16:31:26.277+0000] {processor.py:840} INFO - DAG(s) 'example_setup_teardown' retrieved from /home/airflow/.local/lib/python3.8/site-packages/airflow/example_dags/example_setup_teardown.py
[2024-02-16T16:31:26.285+0000] {logging_mixin.py:188} INFO - [2024-02-16T16:31:26.285+0000] {dag.py:3036} INFO - Sync 1 DAGs
[2024-02-16T16:31:26.305+0000] {logging_mixin.py:188} INFO - [2024-02-16T16:31:26.305+0000] {dag.py:3823} INFO - Setting next_dagrun for example_setup_teardown to 2024-02-15 00:00:00+00:00, run_after=2024-02-16 00:00:00+00:00
[2024-02-16T16:31:26.321+0000] {processor.py:183} INFO - Processing /home/airflow/.local/lib/python3.8/site-packages/airflow/example_dags/example_setup_teardown.py took 0.054 seconds
[2024-02-16T16:31:57.099+0000] {processor.py:161} INFO - Started process (PID=101) to work on /home/airflow/.local/lib/python3.8/site-packages/airflow/example_dags/example_setup_teardown.py
[2024-02-16T16:31:57.099+0000] {processor.py:830} INFO - Processing file /home/airflow/.local/lib/python3.8/site-packages/airflow/example_dags/example_setup_teardown.py for tasks to queue
[2024-02-16T16:31:57.100+0000] {logging_mixin.py:188} INFO - [2024-02-16T16:31:57.100+0000] {dagbag.py:538} INFO - Filling up the DagBag from /home/airflow/.local/lib/python3.8/site-packages/airflow/example_dags/example_setup_teardown.py
[2024-02-16T16:31:57.104+0000] {processor.py:840} INFO - DAG(s) 'example_setup_teardown' retrieved from /home/airflow/.local/lib/python3.8/site-packages/airflow/example_dags/example_setup_teardown.py
[2024-02-16T16:31:57.231+0000] {logging_mixin.py:188} INFO - [2024-02-16T16:31:57.231+0000] {dag.py:3036} INFO - Sync 1 DAGs
[2024-02-16T16:31:57.246+0000] {logging_mixin.py:188} INFO - [2024-02-16T16:31:57.245+0000] {dag.py:3823} INFO - Setting next_dagrun for example_setup_teardown to 2024-02-15 00:00:00+00:00, run_after=2024-02-16 00:00:00+00:00
[2024-02-16T16:31:57.259+0000] {processor.py:183} INFO - Processing /home/airflow/.local/lib/python3.8/site-packages/airflow/example_dags/example_setup_teardown.py took 0.162 seconds
[2024-02-16T16:32:28.183+0000] {processor.py:161} INFO - Started process (PID=157) to work on /home/airflow/.local/lib/python3.8/site-packages/airflow/example_dags/example_setup_teardown.py
[2024-02-16T16:32:28.183+0000] {processor.py:830} INFO - Processing file /home/airflow/.local/lib/python3.8/site-packages/airflow/example_dags/example_setup_teardown.py for tasks to queue
[2024-02-16T16:32:28.184+0000] {logging_mixin.py:188} INFO - [2024-02-16T16:32:28.184+0000] {dagbag.py:538} INFO - Filling up the DagBag from /home/airflow/.local/lib/python3.8/site-packages/airflow/example_dags/example_setup_teardown.py
[2024-02-16T16:32:28.188+0000] {processor.py:840} INFO - DAG(s) 'example_setup_teardown' retrieved from /home/airflow/.local/lib/python3.8/site-packages/airflow/example_dags/example_setup_teardown.py
[2024-02-16T16:32:28.202+0000] {logging_mixin.py:188} INFO - [2024-02-16T16:32:28.201+0000] {dag.py:3036} INFO - Sync 1 DAGs
[2024-02-16T16:32:28.216+0000] {logging_mixin.py:188} INFO - [2024-02-16T16:32:28.216+0000] {dag.py:3823} INFO - Setting next_dagrun for example_setup_teardown to 2024-02-15 00:00:00+00:00, run_after=2024-02-16 00:00:00+00:00
[2024-02-16T16:32:28.228+0000] {processor.py:183} INFO - Processing /home/airflow/.local/lib/python3.8/site-packages/airflow/example_dags/example_setup_teardown.py took 0.048 seconds
[2024-02-16T16:32:58.354+0000] {processor.py:161} INFO - Started process (PID=212) to work on /home/airflow/.local/lib/python3.8/site-packages/airflow/example_dags/example_setup_teardown.py
[2024-02-16T16:32:58.355+0000] {processor.py:830} INFO - Processing file /home/airflow/.local/lib/python3.8/site-packages/airflow/example_dags/example_setup_teardown.py for tasks to queue
[2024-02-16T16:32:58.356+0000] {logging_mixin.py:188} INFO - [2024-02-16T16:32:58.356+0000] {dagbag.py:538} INFO - Filling up the DagBag from /home/airflow/.local/lib/python3.8/site-packages/airflow/example_dags/example_setup_teardown.py
[2024-02-16T16:32:58.360+0000] {processor.py:840} INFO - DAG(s) 'example_setup_teardown' retrieved from /home/airflow/.local/lib/python3.8/site-packages/airflow/example_dags/example_setup_teardown.py
[2024-02-16T16:32:58.373+0000] {logging_mixin.py:188} INFO - [2024-02-16T16:32:58.373+0000] {dag.py:3036} INFO - Sync 1 DAGs
[2024-02-16T16:32:58.388+0000] {logging_mixin.py:188} INFO - [2024-02-16T16:32:58.388+0000] {dag.py:3823} INFO - Setting next_dagrun for example_setup_teardown to 2024-02-15 00:00:00+00:00, run_after=2024-02-16 00:00:00+00:00
[2024-02-16T16:32:58.401+0000] {processor.py:183} INFO - Processing /home/airflow/.local/lib/python3.8/site-packages/airflow/example_dags/example_setup_teardown.py took 0.048 seconds
[2024-02-16T16:33:28.637+0000] {processor.py:161} INFO - Started process (PID=269) to work on /home/airflow/.local/lib/python3.8/site-packages/airflow/example_dags/example_setup_teardown.py
[2024-02-16T16:33:28.637+0000] {processor.py:830} INFO - Processing file /home/airflow/.local/lib/python3.8/site-packages/airflow/example_dags/example_setup_teardown.py for tasks to queue
[2024-02-16T16:33:28.638+0000] {logging_mixin.py:188} INFO - [2024-02-16T16:33:28.638+0000] {dagbag.py:538} INFO - Filling up the DagBag from /home/airflow/.local/lib/python3.8/site-packages/airflow/example_dags/example_setup_teardown.py
[2024-02-16T16:33:28.642+0000] {processor.py:840} INFO - DAG(s) 'example_setup_teardown' retrieved from /home/airflow/.local/lib/python3.8/site-packages/airflow/example_dags/example_setup_teardown.py
[2024-02-16T16:33:28.656+0000] {logging_mixin.py:188} INFO - [2024-02-16T16:33:28.656+0000] {dag.py:3036} INFO - Sync 1 DAGs
[2024-02-16T16:33:28.670+0000] {logging_mixin.py:188} INFO - [2024-02-16T16:33:28.670+0000] {dag.py:3823} INFO - Setting next_dagrun for example_setup_teardown to 2024-02-15 00:00:00+00:00, run_after=2024-02-16 00:00:00+00:00
[2024-02-16T16:33:28.683+0000] {processor.py:183} INFO - Processing /home/airflow/.local/lib/python3.8/site-packages/airflow/example_dags/example_setup_teardown.py took 0.048 seconds
[2024-02-16T16:33:58.817+0000] {processor.py:161} INFO - Started process (PID=324) to work on /home/airflow/.local/lib/python3.8/site-packages/airflow/example_dags/example_setup_teardown.py
[2024-02-16T16:33:58.818+0000] {processor.py:830} INFO - Processing file /home/airflow/.local/lib/python3.8/site-packages/airflow/example_dags/example_setup_teardown.py for tasks to queue
[2024-02-16T16:33:58.819+0000] {logging_mixin.py:188} INFO - [2024-02-16T16:33:58.819+0000] {dagbag.py:538} INFO - Filling up the DagBag from /home/airflow/.local/lib/python3.8/site-packages/airflow/example_dags/example_setup_teardown.py
[2024-02-16T16:33:58.823+0000] {processor.py:840} INFO - DAG(s) 'example_setup_teardown' retrieved from /home/airflow/.local/lib/python3.8/site-packages/airflow/example_dags/example_setup_teardown.py
[2024-02-16T16:33:58.836+0000] {logging_mixin.py:188} INFO - [2024-02-16T16:33:58.836+0000] {dag.py:3036} INFO - Sync 1 DAGs
[2024-02-16T16:33:58.852+0000] {logging_mixin.py:188} INFO - [2024-02-16T16:33:58.851+0000] {dag.py:3823} INFO - Setting next_dagrun for example_setup_teardown to 2024-02-15 00:00:00+00:00, run_after=2024-02-16 00:00:00+00:00
[2024-02-16T16:33:58.865+0000] {processor.py:183} INFO - Processing /home/airflow/.local/lib/python3.8/site-packages/airflow/example_dags/example_setup_teardown.py took 0.050 seconds
[2024-02-16T16:34:29.086+0000] {processor.py:161} INFO - Started process (PID=381) to work on /home/airflow/.local/lib/python3.8/site-packages/airflow/example_dags/example_setup_teardown.py
[2024-02-16T16:34:29.087+0000] {processor.py:830} INFO - Processing file /home/airflow/.local/lib/python3.8/site-packages/airflow/example_dags/example_setup_teardown.py for tasks to queue
[2024-02-16T16:34:29.088+0000] {logging_mixin.py:188} INFO - [2024-02-16T16:34:29.087+0000] {dagbag.py:538} INFO - Filling up the DagBag from /home/airflow/.local/lib/python3.8/site-packages/airflow/example_dags/example_setup_teardown.py
[2024-02-16T16:34:29.092+0000] {processor.py:840} INFO - DAG(s) 'example_setup_teardown' retrieved from /home/airflow/.local/lib/python3.8/site-packages/airflow/example_dags/example_setup_teardown.py
[2024-02-16T16:34:29.106+0000] {logging_mixin.py:188} INFO - [2024-02-16T16:34:29.106+0000] {dag.py:3036} INFO - Sync 1 DAGs
[2024-02-16T16:34:29.122+0000] {logging_mixin.py:188} INFO - [2024-02-16T16:34:29.122+0000] {dag.py:3823} INFO - Setting next_dagrun for example_setup_teardown to 2024-02-15 00:00:00+00:00, run_after=2024-02-16 00:00:00+00:00
[2024-02-16T16:34:29.135+0000] {processor.py:183} INFO - Processing /home/airflow/.local/lib/python3.8/site-packages/airflow/example_dags/example_setup_teardown.py took 0.051 seconds
[2024-02-16T16:34:59.316+0000] {processor.py:161} INFO - Started process (PID=437) to work on /home/airflow/.local/lib/python3.8/site-packages/airflow/example_dags/example_setup_teardown.py
[2024-02-16T16:34:59.317+0000] {processor.py:830} INFO - Processing file /home/airflow/.local/lib/python3.8/site-packages/airflow/example_dags/example_setup_teardown.py for tasks to queue
[2024-02-16T16:34:59.318+0000] {logging_mixin.py:188} INFO - [2024-02-16T16:34:59.318+0000] {dagbag.py:538} INFO - Filling up the DagBag from /home/airflow/.local/lib/python3.8/site-packages/airflow/example_dags/example_setup_teardown.py
[2024-02-16T16:34:59.322+0000] {processor.py:840} INFO - DAG(s) 'example_setup_teardown' retrieved from /home/airflow/.local/lib/python3.8/site-packages/airflow/example_dags/example_setup_teardown.py
[2024-02-16T16:34:59.336+0000] {logging_mixin.py:188} INFO - [2024-02-16T16:34:59.335+0000] {dag.py:3036} INFO - Sync 1 DAGs
[2024-02-16T16:34:59.351+0000] {logging_mixin.py:188} INFO - [2024-02-16T16:34:59.351+0000] {dag.py:3823} INFO - Setting next_dagrun for example_setup_teardown to 2024-02-15 00:00:00+00:00, run_after=2024-02-16 00:00:00+00:00
[2024-02-16T16:34:59.364+0000] {processor.py:183} INFO - Processing /home/airflow/.local/lib/python3.8/site-packages/airflow/example_dags/example_setup_teardown.py took 0.049 seconds
[2024-02-16T16:35:29.508+0000] {processor.py:161} INFO - Started process (PID=493) to work on /home/airflow/.local/lib/python3.8/site-packages/airflow/example_dags/example_setup_teardown.py
[2024-02-16T16:35:29.509+0000] {processor.py:830} INFO - Processing file /home/airflow/.local/lib/python3.8/site-packages/airflow/example_dags/example_setup_teardown.py for tasks to queue
[2024-02-16T16:35:29.510+0000] {logging_mixin.py:188} INFO - [2024-02-16T16:35:29.510+0000] {dagbag.py:538} INFO - Filling up the DagBag from /home/airflow/.local/lib/python3.8/site-packages/airflow/example_dags/example_setup_teardown.py
[2024-02-16T16:35:29.514+0000] {processor.py:840} INFO - DAG(s) 'example_setup_teardown' retrieved from /home/airflow/.local/lib/python3.8/site-packages/airflow/example_dags/example_setup_teardown.py
[2024-02-16T16:35:29.528+0000] {logging_mixin.py:188} INFO - [2024-02-16T16:35:29.528+0000] {dag.py:3036} INFO - Sync 1 DAGs
[2024-02-16T16:35:29.543+0000] {logging_mixin.py:188} INFO - [2024-02-16T16:35:29.543+0000] {dag.py:3823} INFO - Setting next_dagrun for example_setup_teardown to 2024-02-15 00:00:00+00:00, run_after=2024-02-16 00:00:00+00:00
[2024-02-16T16:35:29.556+0000] {processor.py:183} INFO - Processing /home/airflow/.local/lib/python3.8/site-packages/airflow/example_dags/example_setup_teardown.py took 0.049 seconds
[2024-02-16T16:35:59.712+0000] {processor.py:161} INFO - Started process (PID=549) to work on /home/airflow/.local/lib/python3.8/site-packages/airflow/example_dags/example_setup_teardown.py
[2024-02-16T16:35:59.713+0000] {processor.py:830} INFO - Processing file /home/airflow/.local/lib/python3.8/site-packages/airflow/example_dags/example_setup_teardown.py for tasks to queue
[2024-02-16T16:35:59.714+0000] {logging_mixin.py:188} INFO - [2024-02-16T16:35:59.714+0000] {dagbag.py:538} INFO - Filling up the DagBag from /home/airflow/.local/lib/python3.8/site-packages/airflow/example_dags/example_setup_teardown.py
[2024-02-16T16:35:59.719+0000] {processor.py:840} INFO - DAG(s) 'example_setup_teardown' retrieved from /home/airflow/.local/lib/python3.8/site-packages/airflow/example_dags/example_setup_teardown.py
[2024-02-16T16:35:59.733+0000] {logging_mixin.py:188} INFO - [2024-02-16T16:35:59.732+0000] {dag.py:3036} INFO - Sync 1 DAGs
[2024-02-16T16:35:59.748+0000] {logging_mixin.py:188} INFO - [2024-02-16T16:35:59.748+0000] {dag.py:3823} INFO - Setting next_dagrun for example_setup_teardown to 2024-02-15 00:00:00+00:00, run_after=2024-02-16 00:00:00+00:00
[2024-02-16T16:35:59.761+0000] {processor.py:183} INFO - Processing /home/airflow/.local/lib/python3.8/site-packages/airflow/example_dags/example_setup_teardown.py took 0.050 seconds
[2024-02-16T16:36:29.813+0000] {processor.py:161} INFO - Started process (PID=604) to work on /home/airflow/.local/lib/python3.8/site-packages/airflow/example_dags/example_setup_teardown.py
[2024-02-16T16:36:29.814+0000] {processor.py:830} INFO - Processing file /home/airflow/.local/lib/python3.8/site-packages/airflow/example_dags/example_setup_teardown.py for tasks to queue
[2024-02-16T16:36:29.815+0000] {logging_mixin.py:188} INFO - [2024-02-16T16:36:29.815+0000] {dagbag.py:538} INFO - Filling up the DagBag from /home/airflow/.local/lib/python3.8/site-packages/airflow/example_dags/example_setup_teardown.py
[2024-02-16T16:36:29.819+0000] {processor.py:840} INFO - DAG(s) 'example_setup_teardown' retrieved from /home/airflow/.local/lib/python3.8/site-packages/airflow/example_dags/example_setup_teardown.py
[2024-02-16T16:36:29.833+0000] {logging_mixin.py:188} INFO - [2024-02-16T16:36:29.832+0000] {dag.py:3036} INFO - Sync 1 DAGs
[2024-02-16T16:36:29.848+0000] {logging_mixin.py:188} INFO - [2024-02-16T16:36:29.848+0000] {dag.py:3823} INFO - Setting next_dagrun for example_setup_teardown to 2024-02-15 00:00:00+00:00, run_after=2024-02-16 00:00:00+00:00
[2024-02-16T16:36:29.861+0000] {processor.py:183} INFO - Processing /home/airflow/.local/lib/python3.8/site-packages/airflow/example_dags/example_setup_teardown.py took 0.049 seconds
[2024-02-16T16:37:00.230+0000] {processor.py:161} INFO - Started process (PID=661) to work on /home/airflow/.local/lib/python3.8/site-packages/airflow/example_dags/example_setup_teardown.py
[2024-02-16T16:37:00.231+0000] {processor.py:830} INFO - Processing file /home/airflow/.local/lib/python3.8/site-packages/airflow/example_dags/example_setup_teardown.py for tasks to queue
[2024-02-16T16:37:00.232+0000] {logging_mixin.py:188} INFO - [2024-02-16T16:37:00.232+0000] {dagbag.py:538} INFO - Filling up the DagBag from /home/airflow/.local/lib/python3.8/site-packages/airflow/example_dags/example_setup_teardown.py
[2024-02-16T16:37:00.236+0000] {processor.py:840} INFO - DAG(s) 'example_setup_teardown' retrieved from /home/airflow/.local/lib/python3.8/site-packages/airflow/example_dags/example_setup_teardown.py
[2024-02-16T16:37:00.251+0000] {logging_mixin.py:188} INFO - [2024-02-16T16:37:00.251+0000] {dag.py:3036} INFO - Sync 1 DAGs
[2024-02-16T16:37:00.269+0000] {logging_mixin.py:188} INFO - [2024-02-16T16:37:00.268+0000] {dag.py:3823} INFO - Setting next_dagrun for example_setup_teardown to 2024-02-15 00:00:00+00:00, run_after=2024-02-16 00:00:00+00:00
[2024-02-16T16:37:00.282+0000] {processor.py:183} INFO - Processing /home/airflow/.local/lib/python3.8/site-packages/airflow/example_dags/example_setup_teardown.py took 0.054 seconds
[2024-02-16T16:37:30.546+0000] {processor.py:161} INFO - Started process (PID=718) to work on /home/airflow/.local/lib/python3.8/site-packages/airflow/example_dags/example_setup_teardown.py
[2024-02-16T16:37:30.547+0000] {processor.py:830} INFO - Processing file /home/airflow/.local/lib/python3.8/site-packages/airflow/example_dags/example_setup_teardown.py for tasks to queue
[2024-02-16T16:37:30.548+0000] {logging_mixin.py:188} INFO - [2024-02-16T16:37:30.548+0000] {dagbag.py:538} INFO - Filling up the DagBag from /home/airflow/.local/lib/python3.8/site-packages/airflow/example_dags/example_setup_teardown.py
[2024-02-16T16:37:30.552+0000] {processor.py:840} INFO - DAG(s) 'example_setup_teardown' retrieved from /home/airflow/.local/lib/python3.8/site-packages/airflow/example_dags/example_setup_teardown.py
[2024-02-16T16:37:30.565+0000] {logging_mixin.py:188} INFO - [2024-02-16T16:37:30.565+0000] {dag.py:3036} INFO - Sync 1 DAGs
[2024-02-16T16:37:30.580+0000] {logging_mixin.py:188} INFO - [2024-02-16T16:37:30.580+0000] {dag.py:3823} INFO - Setting next_dagrun for example_setup_teardown to 2024-02-15 00:00:00+00:00, run_after=2024-02-16 00:00:00+00:00
[2024-02-16T16:37:30.592+0000] {processor.py:183} INFO - Processing /home/airflow/.local/lib/python3.8/site-packages/airflow/example_dags/example_setup_teardown.py took 0.048 seconds
[2024-02-16T16:39:15.617+0000] {processor.py:161} INFO - Started process (PID=46) to work on /home/airflow/.local/lib/python3.8/site-packages/airflow/example_dags/example_setup_teardown.py
[2024-02-16T16:39:15.618+0000] {processor.py:830} INFO - Processing file /home/airflow/.local/lib/python3.8/site-packages/airflow/example_dags/example_setup_teardown.py for tasks to queue
[2024-02-16T16:39:15.620+0000] {logging_mixin.py:188} INFO - [2024-02-16T16:39:15.619+0000] {dagbag.py:538} INFO - Filling up the DagBag from /home/airflow/.local/lib/python3.8/site-packages/airflow/example_dags/example_setup_teardown.py
[2024-02-16T16:39:15.628+0000] {processor.py:840} INFO - DAG(s) 'example_setup_teardown' retrieved from /home/airflow/.local/lib/python3.8/site-packages/airflow/example_dags/example_setup_teardown.py
[2024-02-16T16:39:15.637+0000] {logging_mixin.py:188} INFO - [2024-02-16T16:39:15.637+0000] {dag.py:3036} INFO - Sync 1 DAGs
[2024-02-16T16:39:15.654+0000] {logging_mixin.py:188} INFO - [2024-02-16T16:39:15.654+0000] {dag.py:3823} INFO - Setting next_dagrun for example_setup_teardown to 2024-02-15 00:00:00+00:00, run_after=2024-02-16 00:00:00+00:00
[2024-02-16T16:39:15.670+0000] {processor.py:183} INFO - Processing /home/airflow/.local/lib/python3.8/site-packages/airflow/example_dags/example_setup_teardown.py took 0.055 seconds
[2024-02-16T16:39:45.939+0000] {processor.py:161} INFO - Started process (PID=101) to work on /home/airflow/.local/lib/python3.8/site-packages/airflow/example_dags/example_setup_teardown.py
[2024-02-16T16:39:45.940+0000] {processor.py:830} INFO - Processing file /home/airflow/.local/lib/python3.8/site-packages/airflow/example_dags/example_setup_teardown.py for tasks to queue
[2024-02-16T16:39:45.941+0000] {logging_mixin.py:188} INFO - [2024-02-16T16:39:45.940+0000] {dagbag.py:538} INFO - Filling up the DagBag from /home/airflow/.local/lib/python3.8/site-packages/airflow/example_dags/example_setup_teardown.py
[2024-02-16T16:39:45.945+0000] {processor.py:840} INFO - DAG(s) 'example_setup_teardown' retrieved from /home/airflow/.local/lib/python3.8/site-packages/airflow/example_dags/example_setup_teardown.py
[2024-02-16T16:39:46.079+0000] {logging_mixin.py:188} INFO - [2024-02-16T16:39:46.079+0000] {dag.py:3036} INFO - Sync 1 DAGs
[2024-02-16T16:39:46.093+0000] {logging_mixin.py:188} INFO - [2024-02-16T16:39:46.093+0000] {dag.py:3823} INFO - Setting next_dagrun for example_setup_teardown to 2024-02-15 00:00:00+00:00, run_after=2024-02-16 00:00:00+00:00
[2024-02-16T16:39:46.107+0000] {processor.py:183} INFO - Processing /home/airflow/.local/lib/python3.8/site-packages/airflow/example_dags/example_setup_teardown.py took 0.170 seconds
[2024-02-16T16:40:16.448+0000] {processor.py:161} INFO - Started process (PID=158) to work on /home/airflow/.local/lib/python3.8/site-packages/airflow/example_dags/example_setup_teardown.py
[2024-02-16T16:40:16.449+0000] {processor.py:830} INFO - Processing file /home/airflow/.local/lib/python3.8/site-packages/airflow/example_dags/example_setup_teardown.py for tasks to queue
[2024-02-16T16:40:16.450+0000] {logging_mixin.py:188} INFO - [2024-02-16T16:40:16.450+0000] {dagbag.py:538} INFO - Filling up the DagBag from /home/airflow/.local/lib/python3.8/site-packages/airflow/example_dags/example_setup_teardown.py
[2024-02-16T16:40:16.454+0000] {processor.py:840} INFO - DAG(s) 'example_setup_teardown' retrieved from /home/airflow/.local/lib/python3.8/site-packages/airflow/example_dags/example_setup_teardown.py
[2024-02-16T16:40:16.467+0000] {logging_mixin.py:188} INFO - [2024-02-16T16:40:16.467+0000] {dag.py:3036} INFO - Sync 1 DAGs
[2024-02-16T16:40:16.482+0000] {logging_mixin.py:188} INFO - [2024-02-16T16:40:16.482+0000] {dag.py:3823} INFO - Setting next_dagrun for example_setup_teardown to 2024-02-15 00:00:00+00:00, run_after=2024-02-16 00:00:00+00:00
[2024-02-16T16:40:16.496+0000] {processor.py:183} INFO - Processing /home/airflow/.local/lib/python3.8/site-packages/airflow/example_dags/example_setup_teardown.py took 0.049 seconds
[2024-02-16T16:40:46.536+0000] {processor.py:161} INFO - Started process (PID=214) to work on /home/airflow/.local/lib/python3.8/site-packages/airflow/example_dags/example_setup_teardown.py
[2024-02-16T16:40:46.537+0000] {processor.py:830} INFO - Processing file /home/airflow/.local/lib/python3.8/site-packages/airflow/example_dags/example_setup_teardown.py for tasks to queue
[2024-02-16T16:40:46.538+0000] {logging_mixin.py:188} INFO - [2024-02-16T16:40:46.538+0000] {dagbag.py:538} INFO - Filling up the DagBag from /home/airflow/.local/lib/python3.8/site-packages/airflow/example_dags/example_setup_teardown.py
[2024-02-16T16:40:46.542+0000] {processor.py:840} INFO - DAG(s) 'example_setup_teardown' retrieved from /home/airflow/.local/lib/python3.8/site-packages/airflow/example_dags/example_setup_teardown.py
[2024-02-16T16:40:46.555+0000] {logging_mixin.py:188} INFO - [2024-02-16T16:40:46.555+0000] {dag.py:3036} INFO - Sync 1 DAGs
[2024-02-16T16:40:46.570+0000] {logging_mixin.py:188} INFO - [2024-02-16T16:40:46.569+0000] {dag.py:3823} INFO - Setting next_dagrun for example_setup_teardown to 2024-02-15 00:00:00+00:00, run_after=2024-02-16 00:00:00+00:00
[2024-02-16T16:40:46.582+0000] {processor.py:183} INFO - Processing /home/airflow/.local/lib/python3.8/site-packages/airflow/example_dags/example_setup_teardown.py took 0.047 seconds
[2024-02-16T16:41:16.970+0000] {processor.py:161} INFO - Started process (PID=272) to work on /home/airflow/.local/lib/python3.8/site-packages/airflow/example_dags/example_setup_teardown.py
[2024-02-16T16:41:16.971+0000] {processor.py:830} INFO - Processing file /home/airflow/.local/lib/python3.8/site-packages/airflow/example_dags/example_setup_teardown.py for tasks to queue
[2024-02-16T16:41:16.972+0000] {logging_mixin.py:188} INFO - [2024-02-16T16:41:16.972+0000] {dagbag.py:538} INFO - Filling up the DagBag from /home/airflow/.local/lib/python3.8/site-packages/airflow/example_dags/example_setup_teardown.py
[2024-02-16T16:41:16.977+0000] {processor.py:840} INFO - DAG(s) 'example_setup_teardown' retrieved from /home/airflow/.local/lib/python3.8/site-packages/airflow/example_dags/example_setup_teardown.py
[2024-02-16T16:41:16.992+0000] {logging_mixin.py:188} INFO - [2024-02-16T16:41:16.992+0000] {dag.py:3036} INFO - Sync 1 DAGs
[2024-02-16T16:41:17.007+0000] {logging_mixin.py:188} INFO - [2024-02-16T16:41:17.007+0000] {dag.py:3823} INFO - Setting next_dagrun for example_setup_teardown to 2024-02-15 00:00:00+00:00, run_after=2024-02-16 00:00:00+00:00
[2024-02-16T16:41:17.022+0000] {processor.py:183} INFO - Processing /home/airflow/.local/lib/python3.8/site-packages/airflow/example_dags/example_setup_teardown.py took 0.053 seconds
[2024-02-16T16:41:47.447+0000] {processor.py:161} INFO - Started process (PID=330) to work on /home/airflow/.local/lib/python3.8/site-packages/airflow/example_dags/example_setup_teardown.py
[2024-02-16T16:41:47.448+0000] {processor.py:830} INFO - Processing file /home/airflow/.local/lib/python3.8/site-packages/airflow/example_dags/example_setup_teardown.py for tasks to queue
[2024-02-16T16:41:47.449+0000] {logging_mixin.py:188} INFO - [2024-02-16T16:41:47.449+0000] {dagbag.py:538} INFO - Filling up the DagBag from /home/airflow/.local/lib/python3.8/site-packages/airflow/example_dags/example_setup_teardown.py
[2024-02-16T16:41:47.454+0000] {processor.py:840} INFO - DAG(s) 'example_setup_teardown' retrieved from /home/airflow/.local/lib/python3.8/site-packages/airflow/example_dags/example_setup_teardown.py
[2024-02-16T16:41:47.469+0000] {logging_mixin.py:188} INFO - [2024-02-16T16:41:47.468+0000] {dag.py:3036} INFO - Sync 1 DAGs
[2024-02-16T16:41:47.484+0000] {logging_mixin.py:188} INFO - [2024-02-16T16:41:47.484+0000] {dag.py:3823} INFO - Setting next_dagrun for example_setup_teardown to 2024-02-15 00:00:00+00:00, run_after=2024-02-16 00:00:00+00:00
[2024-02-16T16:41:47.499+0000] {processor.py:183} INFO - Processing /home/airflow/.local/lib/python3.8/site-packages/airflow/example_dags/example_setup_teardown.py took 0.054 seconds
[2024-02-16T16:42:17.693+0000] {processor.py:161} INFO - Started process (PID=387) to work on /home/airflow/.local/lib/python3.8/site-packages/airflow/example_dags/example_setup_teardown.py
[2024-02-16T16:42:17.694+0000] {processor.py:830} INFO - Processing file /home/airflow/.local/lib/python3.8/site-packages/airflow/example_dags/example_setup_teardown.py for tasks to queue
[2024-02-16T16:42:17.695+0000] {logging_mixin.py:188} INFO - [2024-02-16T16:42:17.695+0000] {dagbag.py:538} INFO - Filling up the DagBag from /home/airflow/.local/lib/python3.8/site-packages/airflow/example_dags/example_setup_teardown.py
[2024-02-16T16:42:17.700+0000] {processor.py:840} INFO - DAG(s) 'example_setup_teardown' retrieved from /home/airflow/.local/lib/python3.8/site-packages/airflow/example_dags/example_setup_teardown.py
[2024-02-16T16:42:17.716+0000] {logging_mixin.py:188} INFO - [2024-02-16T16:42:17.716+0000] {dag.py:3036} INFO - Sync 1 DAGs
[2024-02-16T16:42:17.731+0000] {logging_mixin.py:188} INFO - [2024-02-16T16:42:17.731+0000] {dag.py:3823} INFO - Setting next_dagrun for example_setup_teardown to 2024-02-15 00:00:00+00:00, run_after=2024-02-16 00:00:00+00:00
[2024-02-16T16:42:17.745+0000] {processor.py:183} INFO - Processing /home/airflow/.local/lib/python3.8/site-packages/airflow/example_dags/example_setup_teardown.py took 0.054 seconds
[2024-02-16T16:42:48.097+0000] {processor.py:161} INFO - Started process (PID=444) to work on /home/airflow/.local/lib/python3.8/site-packages/airflow/example_dags/example_setup_teardown.py
[2024-02-16T16:42:48.097+0000] {processor.py:830} INFO - Processing file /home/airflow/.local/lib/python3.8/site-packages/airflow/example_dags/example_setup_teardown.py for tasks to queue
[2024-02-16T16:42:48.098+0000] {logging_mixin.py:188} INFO - [2024-02-16T16:42:48.098+0000] {dagbag.py:538} INFO - Filling up the DagBag from /home/airflow/.local/lib/python3.8/site-packages/airflow/example_dags/example_setup_teardown.py
[2024-02-16T16:42:48.103+0000] {processor.py:840} INFO - DAG(s) 'example_setup_teardown' retrieved from /home/airflow/.local/lib/python3.8/site-packages/airflow/example_dags/example_setup_teardown.py
[2024-02-16T16:42:48.118+0000] {logging_mixin.py:188} INFO - [2024-02-16T16:42:48.117+0000] {dag.py:3036} INFO - Sync 1 DAGs
[2024-02-16T16:42:48.135+0000] {logging_mixin.py:188} INFO - [2024-02-16T16:42:48.134+0000] {dag.py:3823} INFO - Setting next_dagrun for example_setup_teardown to 2024-02-15 00:00:00+00:00, run_after=2024-02-16 00:00:00+00:00
[2024-02-16T16:42:48.148+0000] {processor.py:183} INFO - Processing /home/airflow/.local/lib/python3.8/site-packages/airflow/example_dags/example_setup_teardown.py took 0.054 seconds
[2024-02-16T16:43:18.517+0000] {processor.py:161} INFO - Started process (PID=501) to work on /home/airflow/.local/lib/python3.8/site-packages/airflow/example_dags/example_setup_teardown.py
[2024-02-16T16:43:18.518+0000] {processor.py:830} INFO - Processing file /home/airflow/.local/lib/python3.8/site-packages/airflow/example_dags/example_setup_teardown.py for tasks to queue
[2024-02-16T16:43:18.519+0000] {logging_mixin.py:188} INFO - [2024-02-16T16:43:18.519+0000] {dagbag.py:538} INFO - Filling up the DagBag from /home/airflow/.local/lib/python3.8/site-packages/airflow/example_dags/example_setup_teardown.py
[2024-02-16T16:43:18.524+0000] {processor.py:840} INFO - DAG(s) 'example_setup_teardown' retrieved from /home/airflow/.local/lib/python3.8/site-packages/airflow/example_dags/example_setup_teardown.py
[2024-02-16T16:43:18.539+0000] {logging_mixin.py:188} INFO - [2024-02-16T16:43:18.539+0000] {dag.py:3036} INFO - Sync 1 DAGs
[2024-02-16T16:43:18.556+0000] {logging_mixin.py:188} INFO - [2024-02-16T16:43:18.556+0000] {dag.py:3823} INFO - Setting next_dagrun for example_setup_teardown to 2024-02-15 00:00:00+00:00, run_after=2024-02-16 00:00:00+00:00
[2024-02-16T16:43:18.571+0000] {processor.py:183} INFO - Processing /home/airflow/.local/lib/python3.8/site-packages/airflow/example_dags/example_setup_teardown.py took 0.057 seconds
[2024-02-16T16:43:48.927+0000] {processor.py:161} INFO - Started process (PID=558) to work on /home/airflow/.local/lib/python3.8/site-packages/airflow/example_dags/example_setup_teardown.py
[2024-02-16T16:43:48.928+0000] {processor.py:830} INFO - Processing file /home/airflow/.local/lib/python3.8/site-packages/airflow/example_dags/example_setup_teardown.py for tasks to queue
[2024-02-16T16:43:48.929+0000] {logging_mixin.py:188} INFO - [2024-02-16T16:43:48.929+0000] {dagbag.py:538} INFO - Filling up the DagBag from /home/airflow/.local/lib/python3.8/site-packages/airflow/example_dags/example_setup_teardown.py
[2024-02-16T16:43:48.935+0000] {processor.py:840} INFO - DAG(s) 'example_setup_teardown' retrieved from /home/airflow/.local/lib/python3.8/site-packages/airflow/example_dags/example_setup_teardown.py
[2024-02-16T16:43:48.951+0000] {logging_mixin.py:188} INFO - [2024-02-16T16:43:48.951+0000] {dag.py:3036} INFO - Sync 1 DAGs
[2024-02-16T16:43:48.968+0000] {logging_mixin.py:188} INFO - [2024-02-16T16:43:48.968+0000] {dag.py:3823} INFO - Setting next_dagrun for example_setup_teardown to 2024-02-15 00:00:00+00:00, run_after=2024-02-16 00:00:00+00:00
[2024-02-16T16:43:48.984+0000] {processor.py:183} INFO - Processing /home/airflow/.local/lib/python3.8/site-packages/airflow/example_dags/example_setup_teardown.py took 0.059 seconds
