[2024-02-16T16:20:17.621+0000] {processor.py:161} INFO - Started process (PID=55) to work on /home/airflow/.local/lib/python3.8/site-packages/airflow/example_dags/example_time_delta_sensor_async.py
[2024-02-16T16:20:17.622+0000] {processor.py:830} INFO - Processing file /home/airflow/.local/lib/python3.8/site-packages/airflow/example_dags/example_time_delta_sensor_async.py for tasks to queue
[2024-02-16T16:20:17.624+0000] {logging_mixin.py:188} INFO - [2024-02-16T16:20:17.624+0000] {dagbag.py:538} INFO - Filling up the DagBag from /home/airflow/.local/lib/python3.8/site-packages/airflow/example_dags/example_time_delta_sensor_async.py
[2024-02-16T16:20:17.631+0000] {processor.py:840} INFO - DAG(s) 'example_time_delta_sensor_async' retrieved from /home/airflow/.local/lib/python3.8/site-packages/airflow/example_dags/example_time_delta_sensor_async.py
[2024-02-16T16:20:17.642+0000] {logging_mixin.py:188} INFO - [2024-02-16T16:20:17.641+0000] {dag.py:3036} INFO - Sync 1 DAGs
[2024-02-16T16:20:17.655+0000] {logging_mixin.py:188} INFO - [2024-02-16T16:20:17.654+0000] {dag.py:3823} INFO - Setting next_dagrun for example_time_delta_sensor_async to None, run_after=None
[2024-02-16T16:20:17.675+0000] {processor.py:183} INFO - Processing /home/airflow/.local/lib/python3.8/site-packages/airflow/example_dags/example_time_delta_sensor_async.py took 0.057 seconds
[2024-02-16T16:20:48.114+0000] {processor.py:161} INFO - Started process (PID=110) to work on /home/airflow/.local/lib/python3.8/site-packages/airflow/example_dags/example_time_delta_sensor_async.py
[2024-02-16T16:20:48.115+0000] {processor.py:830} INFO - Processing file /home/airflow/.local/lib/python3.8/site-packages/airflow/example_dags/example_time_delta_sensor_async.py for tasks to queue
[2024-02-16T16:20:48.116+0000] {logging_mixin.py:188} INFO - [2024-02-16T16:20:48.116+0000] {dagbag.py:538} INFO - Filling up the DagBag from /home/airflow/.local/lib/python3.8/site-packages/airflow/example_dags/example_time_delta_sensor_async.py
[2024-02-16T16:20:48.118+0000] {processor.py:840} INFO - DAG(s) 'example_time_delta_sensor_async' retrieved from /home/airflow/.local/lib/python3.8/site-packages/airflow/example_dags/example_time_delta_sensor_async.py
[2024-02-16T16:20:48.198+0000] {logging_mixin.py:188} INFO - [2024-02-16T16:20:48.198+0000] {dag.py:3036} INFO - Sync 1 DAGs
[2024-02-16T16:20:48.207+0000] {logging_mixin.py:188} INFO - [2024-02-16T16:20:48.207+0000] {dag.py:3823} INFO - Setting next_dagrun for example_time_delta_sensor_async to None, run_after=None
[2024-02-16T16:20:48.222+0000] {processor.py:183} INFO - Processing /home/airflow/.local/lib/python3.8/site-packages/airflow/example_dags/example_time_delta_sensor_async.py took 0.110 seconds
[2024-02-16T16:21:18.295+0000] {processor.py:161} INFO - Started process (PID=165) to work on /home/airflow/.local/lib/python3.8/site-packages/airflow/example_dags/example_time_delta_sensor_async.py
[2024-02-16T16:21:18.296+0000] {processor.py:830} INFO - Processing file /home/airflow/.local/lib/python3.8/site-packages/airflow/example_dags/example_time_delta_sensor_async.py for tasks to queue
[2024-02-16T16:21:18.297+0000] {logging_mixin.py:188} INFO - [2024-02-16T16:21:18.297+0000] {dagbag.py:538} INFO - Filling up the DagBag from /home/airflow/.local/lib/python3.8/site-packages/airflow/example_dags/example_time_delta_sensor_async.py
[2024-02-16T16:21:18.300+0000] {processor.py:840} INFO - DAG(s) 'example_time_delta_sensor_async' retrieved from /home/airflow/.local/lib/python3.8/site-packages/airflow/example_dags/example_time_delta_sensor_async.py
[2024-02-16T16:21:18.313+0000] {logging_mixin.py:188} INFO - [2024-02-16T16:21:18.313+0000] {dag.py:3036} INFO - Sync 1 DAGs
[2024-02-16T16:21:18.322+0000] {logging_mixin.py:188} INFO - [2024-02-16T16:21:18.322+0000] {dag.py:3823} INFO - Setting next_dagrun for example_time_delta_sensor_async to None, run_after=None
[2024-02-16T16:21:18.335+0000] {processor.py:183} INFO - Processing /home/airflow/.local/lib/python3.8/site-packages/airflow/example_dags/example_time_delta_sensor_async.py took 0.042 seconds
[2024-02-16T16:21:48.606+0000] {processor.py:161} INFO - Started process (PID=220) to work on /home/airflow/.local/lib/python3.8/site-packages/airflow/example_dags/example_time_delta_sensor_async.py
[2024-02-16T16:21:48.607+0000] {processor.py:830} INFO - Processing file /home/airflow/.local/lib/python3.8/site-packages/airflow/example_dags/example_time_delta_sensor_async.py for tasks to queue
[2024-02-16T16:21:48.608+0000] {logging_mixin.py:188} INFO - [2024-02-16T16:21:48.608+0000] {dagbag.py:538} INFO - Filling up the DagBag from /home/airflow/.local/lib/python3.8/site-packages/airflow/example_dags/example_time_delta_sensor_async.py
[2024-02-16T16:21:48.611+0000] {processor.py:840} INFO - DAG(s) 'example_time_delta_sensor_async' retrieved from /home/airflow/.local/lib/python3.8/site-packages/airflow/example_dags/example_time_delta_sensor_async.py
[2024-02-16T16:21:48.625+0000] {logging_mixin.py:188} INFO - [2024-02-16T16:21:48.625+0000] {dag.py:3036} INFO - Sync 1 DAGs
[2024-02-16T16:21:48.634+0000] {logging_mixin.py:188} INFO - [2024-02-16T16:21:48.634+0000] {dag.py:3823} INFO - Setting next_dagrun for example_time_delta_sensor_async to None, run_after=None
[2024-02-16T16:21:48.647+0000] {processor.py:183} INFO - Processing /home/airflow/.local/lib/python3.8/site-packages/airflow/example_dags/example_time_delta_sensor_async.py took 0.042 seconds
[2024-02-16T16:22:18.744+0000] {processor.py:161} INFO - Started process (PID=275) to work on /home/airflow/.local/lib/python3.8/site-packages/airflow/example_dags/example_time_delta_sensor_async.py
[2024-02-16T16:22:18.745+0000] {processor.py:830} INFO - Processing file /home/airflow/.local/lib/python3.8/site-packages/airflow/example_dags/example_time_delta_sensor_async.py for tasks to queue
[2024-02-16T16:22:18.746+0000] {logging_mixin.py:188} INFO - [2024-02-16T16:22:18.746+0000] {dagbag.py:538} INFO - Filling up the DagBag from /home/airflow/.local/lib/python3.8/site-packages/airflow/example_dags/example_time_delta_sensor_async.py
[2024-02-16T16:22:18.750+0000] {processor.py:840} INFO - DAG(s) 'example_time_delta_sensor_async' retrieved from /home/airflow/.local/lib/python3.8/site-packages/airflow/example_dags/example_time_delta_sensor_async.py
[2024-02-16T16:22:18.764+0000] {logging_mixin.py:188} INFO - [2024-02-16T16:22:18.764+0000] {dag.py:3036} INFO - Sync 1 DAGs
[2024-02-16T16:22:18.773+0000] {logging_mixin.py:188} INFO - [2024-02-16T16:22:18.772+0000] {dag.py:3823} INFO - Setting next_dagrun for example_time_delta_sensor_async to None, run_after=None
[2024-02-16T16:22:18.787+0000] {processor.py:183} INFO - Processing /home/airflow/.local/lib/python3.8/site-packages/airflow/example_dags/example_time_delta_sensor_async.py took 0.044 seconds
[2024-02-16T16:22:48.892+0000] {processor.py:161} INFO - Started process (PID=330) to work on /home/airflow/.local/lib/python3.8/site-packages/airflow/example_dags/example_time_delta_sensor_async.py
[2024-02-16T16:22:48.893+0000] {processor.py:830} INFO - Processing file /home/airflow/.local/lib/python3.8/site-packages/airflow/example_dags/example_time_delta_sensor_async.py for tasks to queue
[2024-02-16T16:22:48.894+0000] {logging_mixin.py:188} INFO - [2024-02-16T16:22:48.894+0000] {dagbag.py:538} INFO - Filling up the DagBag from /home/airflow/.local/lib/python3.8/site-packages/airflow/example_dags/example_time_delta_sensor_async.py
[2024-02-16T16:22:48.897+0000] {processor.py:840} INFO - DAG(s) 'example_time_delta_sensor_async' retrieved from /home/airflow/.local/lib/python3.8/site-packages/airflow/example_dags/example_time_delta_sensor_async.py
[2024-02-16T16:22:48.911+0000] {logging_mixin.py:188} INFO - [2024-02-16T16:22:48.911+0000] {dag.py:3036} INFO - Sync 1 DAGs
[2024-02-16T16:22:48.920+0000] {logging_mixin.py:188} INFO - [2024-02-16T16:22:48.920+0000] {dag.py:3823} INFO - Setting next_dagrun for example_time_delta_sensor_async to None, run_after=None
[2024-02-16T16:22:48.935+0000] {processor.py:183} INFO - Processing /home/airflow/.local/lib/python3.8/site-packages/airflow/example_dags/example_time_delta_sensor_async.py took 0.045 seconds
[2024-02-16T16:23:19.132+0000] {processor.py:161} INFO - Started process (PID=385) to work on /home/airflow/.local/lib/python3.8/site-packages/airflow/example_dags/example_time_delta_sensor_async.py
[2024-02-16T16:23:19.132+0000] {processor.py:830} INFO - Processing file /home/airflow/.local/lib/python3.8/site-packages/airflow/example_dags/example_time_delta_sensor_async.py for tasks to queue
[2024-02-16T16:23:19.133+0000] {logging_mixin.py:188} INFO - [2024-02-16T16:23:19.133+0000] {dagbag.py:538} INFO - Filling up the DagBag from /home/airflow/.local/lib/python3.8/site-packages/airflow/example_dags/example_time_delta_sensor_async.py
[2024-02-16T16:23:19.136+0000] {processor.py:840} INFO - DAG(s) 'example_time_delta_sensor_async' retrieved from /home/airflow/.local/lib/python3.8/site-packages/airflow/example_dags/example_time_delta_sensor_async.py
[2024-02-16T16:23:19.152+0000] {logging_mixin.py:188} INFO - [2024-02-16T16:23:19.152+0000] {dag.py:3036} INFO - Sync 1 DAGs
[2024-02-16T16:23:19.163+0000] {logging_mixin.py:188} INFO - [2024-02-16T16:23:19.163+0000] {dag.py:3823} INFO - Setting next_dagrun for example_time_delta_sensor_async to None, run_after=None
[2024-02-16T16:23:19.178+0000] {processor.py:183} INFO - Processing /home/airflow/.local/lib/python3.8/site-packages/airflow/example_dags/example_time_delta_sensor_async.py took 0.049 seconds
[2024-02-16T16:23:49.445+0000] {processor.py:161} INFO - Started process (PID=440) to work on /home/airflow/.local/lib/python3.8/site-packages/airflow/example_dags/example_time_delta_sensor_async.py
[2024-02-16T16:23:49.446+0000] {processor.py:830} INFO - Processing file /home/airflow/.local/lib/python3.8/site-packages/airflow/example_dags/example_time_delta_sensor_async.py for tasks to queue
[2024-02-16T16:23:49.447+0000] {logging_mixin.py:188} INFO - [2024-02-16T16:23:49.447+0000] {dagbag.py:538} INFO - Filling up the DagBag from /home/airflow/.local/lib/python3.8/site-packages/airflow/example_dags/example_time_delta_sensor_async.py
[2024-02-16T16:23:49.450+0000] {processor.py:840} INFO - DAG(s) 'example_time_delta_sensor_async' retrieved from /home/airflow/.local/lib/python3.8/site-packages/airflow/example_dags/example_time_delta_sensor_async.py
[2024-02-16T16:23:49.464+0000] {logging_mixin.py:188} INFO - [2024-02-16T16:23:49.464+0000] {dag.py:3036} INFO - Sync 1 DAGs
[2024-02-16T16:23:49.474+0000] {logging_mixin.py:188} INFO - [2024-02-16T16:23:49.474+0000] {dag.py:3823} INFO - Setting next_dagrun for example_time_delta_sensor_async to None, run_after=None
[2024-02-16T16:23:49.489+0000] {processor.py:183} INFO - Processing /home/airflow/.local/lib/python3.8/site-packages/airflow/example_dags/example_time_delta_sensor_async.py took 0.046 seconds
[2024-02-16T16:24:19.690+0000] {processor.py:161} INFO - Started process (PID=495) to work on /home/airflow/.local/lib/python3.8/site-packages/airflow/example_dags/example_time_delta_sensor_async.py
[2024-02-16T16:24:19.691+0000] {processor.py:830} INFO - Processing file /home/airflow/.local/lib/python3.8/site-packages/airflow/example_dags/example_time_delta_sensor_async.py for tasks to queue
[2024-02-16T16:24:19.692+0000] {logging_mixin.py:188} INFO - [2024-02-16T16:24:19.692+0000] {dagbag.py:538} INFO - Filling up the DagBag from /home/airflow/.local/lib/python3.8/site-packages/airflow/example_dags/example_time_delta_sensor_async.py
[2024-02-16T16:24:19.695+0000] {processor.py:840} INFO - DAG(s) 'example_time_delta_sensor_async' retrieved from /home/airflow/.local/lib/python3.8/site-packages/airflow/example_dags/example_time_delta_sensor_async.py
[2024-02-16T16:24:19.709+0000] {logging_mixin.py:188} INFO - [2024-02-16T16:24:19.709+0000] {dag.py:3036} INFO - Sync 1 DAGs
[2024-02-16T16:24:19.719+0000] {logging_mixin.py:188} INFO - [2024-02-16T16:24:19.719+0000] {dag.py:3823} INFO - Setting next_dagrun for example_time_delta_sensor_async to None, run_after=None
[2024-02-16T16:24:19.734+0000] {processor.py:183} INFO - Processing /home/airflow/.local/lib/python3.8/site-packages/airflow/example_dags/example_time_delta_sensor_async.py took 0.045 seconds
[2024-02-16T16:24:49.974+0000] {processor.py:161} INFO - Started process (PID=550) to work on /home/airflow/.local/lib/python3.8/site-packages/airflow/example_dags/example_time_delta_sensor_async.py
[2024-02-16T16:24:49.974+0000] {processor.py:830} INFO - Processing file /home/airflow/.local/lib/python3.8/site-packages/airflow/example_dags/example_time_delta_sensor_async.py for tasks to queue
[2024-02-16T16:24:49.976+0000] {logging_mixin.py:188} INFO - [2024-02-16T16:24:49.975+0000] {dagbag.py:538} INFO - Filling up the DagBag from /home/airflow/.local/lib/python3.8/site-packages/airflow/example_dags/example_time_delta_sensor_async.py
[2024-02-16T16:24:49.979+0000] {processor.py:840} INFO - DAG(s) 'example_time_delta_sensor_async' retrieved from /home/airflow/.local/lib/python3.8/site-packages/airflow/example_dags/example_time_delta_sensor_async.py
[2024-02-16T16:24:49.993+0000] {logging_mixin.py:188} INFO - [2024-02-16T16:24:49.993+0000] {dag.py:3036} INFO - Sync 1 DAGs
[2024-02-16T16:24:50.003+0000] {logging_mixin.py:188} INFO - [2024-02-16T16:24:50.002+0000] {dag.py:3823} INFO - Setting next_dagrun for example_time_delta_sensor_async to None, run_after=None
[2024-02-16T16:24:50.018+0000] {processor.py:183} INFO - Processing /home/airflow/.local/lib/python3.8/site-packages/airflow/example_dags/example_time_delta_sensor_async.py took 0.047 seconds
[2024-02-16T16:25:20.144+0000] {processor.py:161} INFO - Started process (PID=605) to work on /home/airflow/.local/lib/python3.8/site-packages/airflow/example_dags/example_time_delta_sensor_async.py
[2024-02-16T16:25:20.144+0000] {processor.py:830} INFO - Processing file /home/airflow/.local/lib/python3.8/site-packages/airflow/example_dags/example_time_delta_sensor_async.py for tasks to queue
[2024-02-16T16:25:20.146+0000] {logging_mixin.py:188} INFO - [2024-02-16T16:25:20.145+0000] {dagbag.py:538} INFO - Filling up the DagBag from /home/airflow/.local/lib/python3.8/site-packages/airflow/example_dags/example_time_delta_sensor_async.py
[2024-02-16T16:25:20.148+0000] {processor.py:840} INFO - DAG(s) 'example_time_delta_sensor_async' retrieved from /home/airflow/.local/lib/python3.8/site-packages/airflow/example_dags/example_time_delta_sensor_async.py
[2024-02-16T16:25:20.164+0000] {logging_mixin.py:188} INFO - [2024-02-16T16:25:20.164+0000] {dag.py:3036} INFO - Sync 1 DAGs
[2024-02-16T16:25:20.174+0000] {logging_mixin.py:188} INFO - [2024-02-16T16:25:20.174+0000] {dag.py:3823} INFO - Setting next_dagrun for example_time_delta_sensor_async to None, run_after=None
[2024-02-16T16:25:20.189+0000] {processor.py:183} INFO - Processing /home/airflow/.local/lib/python3.8/site-packages/airflow/example_dags/example_time_delta_sensor_async.py took 0.047 seconds
[2024-02-16T16:25:50.414+0000] {processor.py:161} INFO - Started process (PID=660) to work on /home/airflow/.local/lib/python3.8/site-packages/airflow/example_dags/example_time_delta_sensor_async.py
[2024-02-16T16:25:50.415+0000] {processor.py:830} INFO - Processing file /home/airflow/.local/lib/python3.8/site-packages/airflow/example_dags/example_time_delta_sensor_async.py for tasks to queue
[2024-02-16T16:25:50.416+0000] {logging_mixin.py:188} INFO - [2024-02-16T16:25:50.416+0000] {dagbag.py:538} INFO - Filling up the DagBag from /home/airflow/.local/lib/python3.8/site-packages/airflow/example_dags/example_time_delta_sensor_async.py
[2024-02-16T16:25:50.419+0000] {processor.py:840} INFO - DAG(s) 'example_time_delta_sensor_async' retrieved from /home/airflow/.local/lib/python3.8/site-packages/airflow/example_dags/example_time_delta_sensor_async.py
[2024-02-16T16:25:50.431+0000] {logging_mixin.py:188} INFO - [2024-02-16T16:25:50.431+0000] {dag.py:3036} INFO - Sync 1 DAGs
[2024-02-16T16:25:50.440+0000] {logging_mixin.py:188} INFO - [2024-02-16T16:25:50.439+0000] {dag.py:3823} INFO - Setting next_dagrun for example_time_delta_sensor_async to None, run_after=None
[2024-02-16T16:25:50.451+0000] {processor.py:183} INFO - Processing /home/airflow/.local/lib/python3.8/site-packages/airflow/example_dags/example_time_delta_sensor_async.py took 0.038 seconds
[2024-02-16T16:26:20.602+0000] {processor.py:161} INFO - Started process (PID=715) to work on /home/airflow/.local/lib/python3.8/site-packages/airflow/example_dags/example_time_delta_sensor_async.py
[2024-02-16T16:26:20.603+0000] {processor.py:830} INFO - Processing file /home/airflow/.local/lib/python3.8/site-packages/airflow/example_dags/example_time_delta_sensor_async.py for tasks to queue
[2024-02-16T16:26:20.604+0000] {logging_mixin.py:188} INFO - [2024-02-16T16:26:20.604+0000] {dagbag.py:538} INFO - Filling up the DagBag from /home/airflow/.local/lib/python3.8/site-packages/airflow/example_dags/example_time_delta_sensor_async.py
[2024-02-16T16:26:20.607+0000] {processor.py:840} INFO - DAG(s) 'example_time_delta_sensor_async' retrieved from /home/airflow/.local/lib/python3.8/site-packages/airflow/example_dags/example_time_delta_sensor_async.py
[2024-02-16T16:26:20.622+0000] {logging_mixin.py:188} INFO - [2024-02-16T16:26:20.622+0000] {dag.py:3036} INFO - Sync 1 DAGs
[2024-02-16T16:26:20.631+0000] {logging_mixin.py:188} INFO - [2024-02-16T16:26:20.631+0000] {dag.py:3823} INFO - Setting next_dagrun for example_time_delta_sensor_async to None, run_after=None
[2024-02-16T16:26:20.647+0000] {processor.py:183} INFO - Processing /home/airflow/.local/lib/python3.8/site-packages/airflow/example_dags/example_time_delta_sensor_async.py took 0.047 seconds
[2024-02-16T16:26:50.888+0000] {processor.py:161} INFO - Started process (PID=770) to work on /home/airflow/.local/lib/python3.8/site-packages/airflow/example_dags/example_time_delta_sensor_async.py
[2024-02-16T16:26:50.889+0000] {processor.py:830} INFO - Processing file /home/airflow/.local/lib/python3.8/site-packages/airflow/example_dags/example_time_delta_sensor_async.py for tasks to queue
[2024-02-16T16:26:50.890+0000] {logging_mixin.py:188} INFO - [2024-02-16T16:26:50.890+0000] {dagbag.py:538} INFO - Filling up the DagBag from /home/airflow/.local/lib/python3.8/site-packages/airflow/example_dags/example_time_delta_sensor_async.py
[2024-02-16T16:26:50.893+0000] {processor.py:840} INFO - DAG(s) 'example_time_delta_sensor_async' retrieved from /home/airflow/.local/lib/python3.8/site-packages/airflow/example_dags/example_time_delta_sensor_async.py
[2024-02-16T16:26:50.907+0000] {logging_mixin.py:188} INFO - [2024-02-16T16:26:50.906+0000] {dag.py:3036} INFO - Sync 1 DAGs
[2024-02-16T16:26:50.916+0000] {logging_mixin.py:188} INFO - [2024-02-16T16:26:50.916+0000] {dag.py:3823} INFO - Setting next_dagrun for example_time_delta_sensor_async to None, run_after=None
[2024-02-16T16:26:50.931+0000] {processor.py:183} INFO - Processing /home/airflow/.local/lib/python3.8/site-packages/airflow/example_dags/example_time_delta_sensor_async.py took 0.045 seconds
[2024-02-16T16:27:21.052+0000] {processor.py:161} INFO - Started process (PID=825) to work on /home/airflow/.local/lib/python3.8/site-packages/airflow/example_dags/example_time_delta_sensor_async.py
[2024-02-16T16:27:21.052+0000] {processor.py:830} INFO - Processing file /home/airflow/.local/lib/python3.8/site-packages/airflow/example_dags/example_time_delta_sensor_async.py for tasks to queue
[2024-02-16T16:27:21.054+0000] {logging_mixin.py:188} INFO - [2024-02-16T16:27:21.054+0000] {dagbag.py:538} INFO - Filling up the DagBag from /home/airflow/.local/lib/python3.8/site-packages/airflow/example_dags/example_time_delta_sensor_async.py
[2024-02-16T16:27:21.056+0000] {processor.py:840} INFO - DAG(s) 'example_time_delta_sensor_async' retrieved from /home/airflow/.local/lib/python3.8/site-packages/airflow/example_dags/example_time_delta_sensor_async.py
[2024-02-16T16:27:21.072+0000] {logging_mixin.py:188} INFO - [2024-02-16T16:27:21.072+0000] {dag.py:3036} INFO - Sync 1 DAGs
[2024-02-16T16:27:21.083+0000] {logging_mixin.py:188} INFO - [2024-02-16T16:27:21.083+0000] {dag.py:3823} INFO - Setting next_dagrun for example_time_delta_sensor_async to None, run_after=None
[2024-02-16T16:27:21.098+0000] {processor.py:183} INFO - Processing /home/airflow/.local/lib/python3.8/site-packages/airflow/example_dags/example_time_delta_sensor_async.py took 0.048 seconds
[2024-02-16T16:27:52.117+0000] {processor.py:161} INFO - Started process (PID=880) to work on /home/airflow/.local/lib/python3.8/site-packages/airflow/example_dags/example_time_delta_sensor_async.py
[2024-02-16T16:27:52.117+0000] {processor.py:830} INFO - Processing file /home/airflow/.local/lib/python3.8/site-packages/airflow/example_dags/example_time_delta_sensor_async.py for tasks to queue
[2024-02-16T16:27:52.118+0000] {logging_mixin.py:188} INFO - [2024-02-16T16:27:52.118+0000] {dagbag.py:538} INFO - Filling up the DagBag from /home/airflow/.local/lib/python3.8/site-packages/airflow/example_dags/example_time_delta_sensor_async.py
[2024-02-16T16:27:52.121+0000] {processor.py:840} INFO - DAG(s) 'example_time_delta_sensor_async' retrieved from /home/airflow/.local/lib/python3.8/site-packages/airflow/example_dags/example_time_delta_sensor_async.py
[2024-02-16T16:27:52.135+0000] {logging_mixin.py:188} INFO - [2024-02-16T16:27:52.135+0000] {dag.py:3036} INFO - Sync 1 DAGs
[2024-02-16T16:27:52.144+0000] {logging_mixin.py:188} INFO - [2024-02-16T16:27:52.144+0000] {dag.py:3823} INFO - Setting next_dagrun for example_time_delta_sensor_async to None, run_after=None
[2024-02-16T16:27:52.158+0000] {processor.py:183} INFO - Processing /home/airflow/.local/lib/python3.8/site-packages/airflow/example_dags/example_time_delta_sensor_async.py took 0.043 seconds
[2024-02-16T16:28:22.367+0000] {processor.py:161} INFO - Started process (PID=935) to work on /home/airflow/.local/lib/python3.8/site-packages/airflow/example_dags/example_time_delta_sensor_async.py
[2024-02-16T16:28:22.368+0000] {processor.py:830} INFO - Processing file /home/airflow/.local/lib/python3.8/site-packages/airflow/example_dags/example_time_delta_sensor_async.py for tasks to queue
[2024-02-16T16:28:22.369+0000] {logging_mixin.py:188} INFO - [2024-02-16T16:28:22.369+0000] {dagbag.py:538} INFO - Filling up the DagBag from /home/airflow/.local/lib/python3.8/site-packages/airflow/example_dags/example_time_delta_sensor_async.py
[2024-02-16T16:28:22.372+0000] {processor.py:840} INFO - DAG(s) 'example_time_delta_sensor_async' retrieved from /home/airflow/.local/lib/python3.8/site-packages/airflow/example_dags/example_time_delta_sensor_async.py
[2024-02-16T16:28:22.387+0000] {logging_mixin.py:188} INFO - [2024-02-16T16:28:22.386+0000] {dag.py:3036} INFO - Sync 1 DAGs
[2024-02-16T16:28:22.399+0000] {logging_mixin.py:188} INFO - [2024-02-16T16:28:22.398+0000] {dag.py:3823} INFO - Setting next_dagrun for example_time_delta_sensor_async to None, run_after=None
[2024-02-16T16:28:22.413+0000] {processor.py:183} INFO - Processing /home/airflow/.local/lib/python3.8/site-packages/airflow/example_dags/example_time_delta_sensor_async.py took 0.048 seconds
[2024-02-16T16:28:52.635+0000] {processor.py:161} INFO - Started process (PID=990) to work on /home/airflow/.local/lib/python3.8/site-packages/airflow/example_dags/example_time_delta_sensor_async.py
[2024-02-16T16:28:52.635+0000] {processor.py:830} INFO - Processing file /home/airflow/.local/lib/python3.8/site-packages/airflow/example_dags/example_time_delta_sensor_async.py for tasks to queue
[2024-02-16T16:28:52.636+0000] {logging_mixin.py:188} INFO - [2024-02-16T16:28:52.636+0000] {dagbag.py:538} INFO - Filling up the DagBag from /home/airflow/.local/lib/python3.8/site-packages/airflow/example_dags/example_time_delta_sensor_async.py
[2024-02-16T16:28:52.639+0000] {processor.py:840} INFO - DAG(s) 'example_time_delta_sensor_async' retrieved from /home/airflow/.local/lib/python3.8/site-packages/airflow/example_dags/example_time_delta_sensor_async.py
[2024-02-16T16:28:52.652+0000] {logging_mixin.py:188} INFO - [2024-02-16T16:28:52.651+0000] {dag.py:3036} INFO - Sync 1 DAGs
[2024-02-16T16:28:52.660+0000] {logging_mixin.py:188} INFO - [2024-02-16T16:28:52.660+0000] {dag.py:3823} INFO - Setting next_dagrun for example_time_delta_sensor_async to None, run_after=None
[2024-02-16T16:28:52.671+0000] {processor.py:183} INFO - Processing /home/airflow/.local/lib/python3.8/site-packages/airflow/example_dags/example_time_delta_sensor_async.py took 0.039 seconds
[2024-02-16T16:29:22.732+0000] {processor.py:161} INFO - Started process (PID=1044) to work on /home/airflow/.local/lib/python3.8/site-packages/airflow/example_dags/example_time_delta_sensor_async.py
[2024-02-16T16:29:22.732+0000] {processor.py:830} INFO - Processing file /home/airflow/.local/lib/python3.8/site-packages/airflow/example_dags/example_time_delta_sensor_async.py for tasks to queue
[2024-02-16T16:29:22.733+0000] {logging_mixin.py:188} INFO - [2024-02-16T16:29:22.733+0000] {dagbag.py:538} INFO - Filling up the DagBag from /home/airflow/.local/lib/python3.8/site-packages/airflow/example_dags/example_time_delta_sensor_async.py
[2024-02-16T16:29:22.736+0000] {processor.py:840} INFO - DAG(s) 'example_time_delta_sensor_async' retrieved from /home/airflow/.local/lib/python3.8/site-packages/airflow/example_dags/example_time_delta_sensor_async.py
[2024-02-16T16:29:22.750+0000] {logging_mixin.py:188} INFO - [2024-02-16T16:29:22.749+0000] {dag.py:3036} INFO - Sync 1 DAGs
[2024-02-16T16:29:22.758+0000] {logging_mixin.py:188} INFO - [2024-02-16T16:29:22.758+0000] {dag.py:3823} INFO - Setting next_dagrun for example_time_delta_sensor_async to None, run_after=None
[2024-02-16T16:29:22.772+0000] {processor.py:183} INFO - Processing /home/airflow/.local/lib/python3.8/site-packages/airflow/example_dags/example_time_delta_sensor_async.py took 0.042 seconds
[2024-02-16T16:29:53.046+0000] {processor.py:161} INFO - Started process (PID=1100) to work on /home/airflow/.local/lib/python3.8/site-packages/airflow/example_dags/example_time_delta_sensor_async.py
[2024-02-16T16:29:53.047+0000] {processor.py:830} INFO - Processing file /home/airflow/.local/lib/python3.8/site-packages/airflow/example_dags/example_time_delta_sensor_async.py for tasks to queue
[2024-02-16T16:29:53.048+0000] {logging_mixin.py:188} INFO - [2024-02-16T16:29:53.048+0000] {dagbag.py:538} INFO - Filling up the DagBag from /home/airflow/.local/lib/python3.8/site-packages/airflow/example_dags/example_time_delta_sensor_async.py
[2024-02-16T16:29:53.051+0000] {processor.py:840} INFO - DAG(s) 'example_time_delta_sensor_async' retrieved from /home/airflow/.local/lib/python3.8/site-packages/airflow/example_dags/example_time_delta_sensor_async.py
[2024-02-16T16:29:53.065+0000] {logging_mixin.py:188} INFO - [2024-02-16T16:29:53.065+0000] {dag.py:3036} INFO - Sync 1 DAGs
[2024-02-16T16:29:53.074+0000] {logging_mixin.py:188} INFO - [2024-02-16T16:29:53.074+0000] {dag.py:3823} INFO - Setting next_dagrun for example_time_delta_sensor_async to None, run_after=None
[2024-02-16T16:29:53.089+0000] {processor.py:183} INFO - Processing /home/airflow/.local/lib/python3.8/site-packages/airflow/example_dags/example_time_delta_sensor_async.py took 0.045 seconds
[2024-02-16T16:30:24.040+0000] {processor.py:161} INFO - Started process (PID=1156) to work on /home/airflow/.local/lib/python3.8/site-packages/airflow/example_dags/example_time_delta_sensor_async.py
[2024-02-16T16:30:24.041+0000] {processor.py:830} INFO - Processing file /home/airflow/.local/lib/python3.8/site-packages/airflow/example_dags/example_time_delta_sensor_async.py for tasks to queue
[2024-02-16T16:30:24.042+0000] {logging_mixin.py:188} INFO - [2024-02-16T16:30:24.042+0000] {dagbag.py:538} INFO - Filling up the DagBag from /home/airflow/.local/lib/python3.8/site-packages/airflow/example_dags/example_time_delta_sensor_async.py
[2024-02-16T16:30:24.045+0000] {processor.py:840} INFO - DAG(s) 'example_time_delta_sensor_async' retrieved from /home/airflow/.local/lib/python3.8/site-packages/airflow/example_dags/example_time_delta_sensor_async.py
[2024-02-16T16:30:24.057+0000] {logging_mixin.py:188} INFO - [2024-02-16T16:30:24.057+0000] {dag.py:3036} INFO - Sync 1 DAGs
[2024-02-16T16:30:24.065+0000] {logging_mixin.py:188} INFO - [2024-02-16T16:30:24.065+0000] {dag.py:3823} INFO - Setting next_dagrun for example_time_delta_sensor_async to None, run_after=None
[2024-02-16T16:30:24.077+0000] {processor.py:183} INFO - Processing /home/airflow/.local/lib/python3.8/site-packages/airflow/example_dags/example_time_delta_sensor_async.py took 0.039 seconds
[2024-02-16T16:31:26.705+0000] {processor.py:161} INFO - Started process (PID=56) to work on /home/airflow/.local/lib/python3.8/site-packages/airflow/example_dags/example_time_delta_sensor_async.py
[2024-02-16T16:31:26.705+0000] {processor.py:830} INFO - Processing file /home/airflow/.local/lib/python3.8/site-packages/airflow/example_dags/example_time_delta_sensor_async.py for tasks to queue
[2024-02-16T16:31:26.706+0000] {logging_mixin.py:188} INFO - [2024-02-16T16:31:26.706+0000] {dagbag.py:538} INFO - Filling up the DagBag from /home/airflow/.local/lib/python3.8/site-packages/airflow/example_dags/example_time_delta_sensor_async.py
[2024-02-16T16:31:26.711+0000] {processor.py:840} INFO - DAG(s) 'example_time_delta_sensor_async' retrieved from /home/airflow/.local/lib/python3.8/site-packages/airflow/example_dags/example_time_delta_sensor_async.py
[2024-02-16T16:31:26.720+0000] {logging_mixin.py:188} INFO - [2024-02-16T16:31:26.720+0000] {dag.py:3036} INFO - Sync 1 DAGs
[2024-02-16T16:31:26.729+0000] {logging_mixin.py:188} INFO - [2024-02-16T16:31:26.729+0000] {dag.py:3823} INFO - Setting next_dagrun for example_time_delta_sensor_async to None, run_after=None
[2024-02-16T16:31:26.744+0000] {processor.py:183} INFO - Processing /home/airflow/.local/lib/python3.8/site-packages/airflow/example_dags/example_time_delta_sensor_async.py took 0.041 seconds
[2024-02-16T16:31:57.892+0000] {processor.py:161} INFO - Started process (PID=112) to work on /home/airflow/.local/lib/python3.8/site-packages/airflow/example_dags/example_time_delta_sensor_async.py
[2024-02-16T16:31:57.893+0000] {processor.py:830} INFO - Processing file /home/airflow/.local/lib/python3.8/site-packages/airflow/example_dags/example_time_delta_sensor_async.py for tasks to queue
[2024-02-16T16:31:57.894+0000] {logging_mixin.py:188} INFO - [2024-02-16T16:31:57.894+0000] {dagbag.py:538} INFO - Filling up the DagBag from /home/airflow/.local/lib/python3.8/site-packages/airflow/example_dags/example_time_delta_sensor_async.py
[2024-02-16T16:31:57.897+0000] {processor.py:840} INFO - DAG(s) 'example_time_delta_sensor_async' retrieved from /home/airflow/.local/lib/python3.8/site-packages/airflow/example_dags/example_time_delta_sensor_async.py
[2024-02-16T16:31:57.967+0000] {logging_mixin.py:188} INFO - [2024-02-16T16:31:57.967+0000] {dag.py:3036} INFO - Sync 1 DAGs
[2024-02-16T16:31:57.975+0000] {logging_mixin.py:188} INFO - [2024-02-16T16:31:57.975+0000] {dag.py:3823} INFO - Setting next_dagrun for example_time_delta_sensor_async to None, run_after=None
[2024-02-16T16:31:57.988+0000] {processor.py:183} INFO - Processing /home/airflow/.local/lib/python3.8/site-packages/airflow/example_dags/example_time_delta_sensor_async.py took 0.098 seconds
[2024-02-16T16:32:28.654+0000] {processor.py:161} INFO - Started process (PID=168) to work on /home/airflow/.local/lib/python3.8/site-packages/airflow/example_dags/example_time_delta_sensor_async.py
[2024-02-16T16:32:28.655+0000] {processor.py:830} INFO - Processing file /home/airflow/.local/lib/python3.8/site-packages/airflow/example_dags/example_time_delta_sensor_async.py for tasks to queue
[2024-02-16T16:32:28.656+0000] {logging_mixin.py:188} INFO - [2024-02-16T16:32:28.656+0000] {dagbag.py:538} INFO - Filling up the DagBag from /home/airflow/.local/lib/python3.8/site-packages/airflow/example_dags/example_time_delta_sensor_async.py
[2024-02-16T16:32:28.658+0000] {processor.py:840} INFO - DAG(s) 'example_time_delta_sensor_async' retrieved from /home/airflow/.local/lib/python3.8/site-packages/airflow/example_dags/example_time_delta_sensor_async.py
[2024-02-16T16:32:28.671+0000] {logging_mixin.py:188} INFO - [2024-02-16T16:32:28.671+0000] {dag.py:3036} INFO - Sync 1 DAGs
[2024-02-16T16:32:28.680+0000] {logging_mixin.py:188} INFO - [2024-02-16T16:32:28.680+0000] {dag.py:3823} INFO - Setting next_dagrun for example_time_delta_sensor_async to None, run_after=None
[2024-02-16T16:32:28.693+0000] {processor.py:183} INFO - Processing /home/airflow/.local/lib/python3.8/site-packages/airflow/example_dags/example_time_delta_sensor_async.py took 0.040 seconds
[2024-02-16T16:32:58.805+0000] {processor.py:161} INFO - Started process (PID=224) to work on /home/airflow/.local/lib/python3.8/site-packages/airflow/example_dags/example_time_delta_sensor_async.py
[2024-02-16T16:32:58.806+0000] {processor.py:830} INFO - Processing file /home/airflow/.local/lib/python3.8/site-packages/airflow/example_dags/example_time_delta_sensor_async.py for tasks to queue
[2024-02-16T16:32:58.807+0000] {logging_mixin.py:188} INFO - [2024-02-16T16:32:58.807+0000] {dagbag.py:538} INFO - Filling up the DagBag from /home/airflow/.local/lib/python3.8/site-packages/airflow/example_dags/example_time_delta_sensor_async.py
[2024-02-16T16:32:58.810+0000] {processor.py:840} INFO - DAG(s) 'example_time_delta_sensor_async' retrieved from /home/airflow/.local/lib/python3.8/site-packages/airflow/example_dags/example_time_delta_sensor_async.py
[2024-02-16T16:32:58.823+0000] {logging_mixin.py:188} INFO - [2024-02-16T16:32:58.823+0000] {dag.py:3036} INFO - Sync 1 DAGs
[2024-02-16T16:32:58.831+0000] {logging_mixin.py:188} INFO - [2024-02-16T16:32:58.831+0000] {dag.py:3823} INFO - Setting next_dagrun for example_time_delta_sensor_async to None, run_after=None
[2024-02-16T16:32:58.844+0000] {processor.py:183} INFO - Processing /home/airflow/.local/lib/python3.8/site-packages/airflow/example_dags/example_time_delta_sensor_async.py took 0.040 seconds
[2024-02-16T16:33:29.176+0000] {processor.py:161} INFO - Started process (PID=280) to work on /home/airflow/.local/lib/python3.8/site-packages/airflow/example_dags/example_time_delta_sensor_async.py
[2024-02-16T16:33:29.177+0000] {processor.py:830} INFO - Processing file /home/airflow/.local/lib/python3.8/site-packages/airflow/example_dags/example_time_delta_sensor_async.py for tasks to queue
[2024-02-16T16:33:29.178+0000] {logging_mixin.py:188} INFO - [2024-02-16T16:33:29.178+0000] {dagbag.py:538} INFO - Filling up the DagBag from /home/airflow/.local/lib/python3.8/site-packages/airflow/example_dags/example_time_delta_sensor_async.py
[2024-02-16T16:33:29.181+0000] {processor.py:840} INFO - DAG(s) 'example_time_delta_sensor_async' retrieved from /home/airflow/.local/lib/python3.8/site-packages/airflow/example_dags/example_time_delta_sensor_async.py
[2024-02-16T16:33:29.195+0000] {logging_mixin.py:188} INFO - [2024-02-16T16:33:29.195+0000] {dag.py:3036} INFO - Sync 1 DAGs
[2024-02-16T16:33:29.204+0000] {logging_mixin.py:188} INFO - [2024-02-16T16:33:29.204+0000] {dag.py:3823} INFO - Setting next_dagrun for example_time_delta_sensor_async to None, run_after=None
[2024-02-16T16:33:29.217+0000] {processor.py:183} INFO - Processing /home/airflow/.local/lib/python3.8/site-packages/airflow/example_dags/example_time_delta_sensor_async.py took 0.042 seconds
[2024-02-16T16:33:59.291+0000] {processor.py:161} INFO - Started process (PID=336) to work on /home/airflow/.local/lib/python3.8/site-packages/airflow/example_dags/example_time_delta_sensor_async.py
[2024-02-16T16:33:59.292+0000] {processor.py:830} INFO - Processing file /home/airflow/.local/lib/python3.8/site-packages/airflow/example_dags/example_time_delta_sensor_async.py for tasks to queue
[2024-02-16T16:33:59.293+0000] {logging_mixin.py:188} INFO - [2024-02-16T16:33:59.293+0000] {dagbag.py:538} INFO - Filling up the DagBag from /home/airflow/.local/lib/python3.8/site-packages/airflow/example_dags/example_time_delta_sensor_async.py
[2024-02-16T16:33:59.296+0000] {processor.py:840} INFO - DAG(s) 'example_time_delta_sensor_async' retrieved from /home/airflow/.local/lib/python3.8/site-packages/airflow/example_dags/example_time_delta_sensor_async.py
[2024-02-16T16:33:59.310+0000] {logging_mixin.py:188} INFO - [2024-02-16T16:33:59.310+0000] {dag.py:3036} INFO - Sync 1 DAGs
[2024-02-16T16:33:59.319+0000] {logging_mixin.py:188} INFO - [2024-02-16T16:33:59.319+0000] {dag.py:3823} INFO - Setting next_dagrun for example_time_delta_sensor_async to None, run_after=None
[2024-02-16T16:33:59.333+0000] {processor.py:183} INFO - Processing /home/airflow/.local/lib/python3.8/site-packages/airflow/example_dags/example_time_delta_sensor_async.py took 0.044 seconds
[2024-02-16T16:34:29.573+0000] {processor.py:161} INFO - Started process (PID=392) to work on /home/airflow/.local/lib/python3.8/site-packages/airflow/example_dags/example_time_delta_sensor_async.py
[2024-02-16T16:34:29.574+0000] {processor.py:830} INFO - Processing file /home/airflow/.local/lib/python3.8/site-packages/airflow/example_dags/example_time_delta_sensor_async.py for tasks to queue
[2024-02-16T16:34:29.575+0000] {logging_mixin.py:188} INFO - [2024-02-16T16:34:29.574+0000] {dagbag.py:538} INFO - Filling up the DagBag from /home/airflow/.local/lib/python3.8/site-packages/airflow/example_dags/example_time_delta_sensor_async.py
[2024-02-16T16:34:29.577+0000] {processor.py:840} INFO - DAG(s) 'example_time_delta_sensor_async' retrieved from /home/airflow/.local/lib/python3.8/site-packages/airflow/example_dags/example_time_delta_sensor_async.py
[2024-02-16T16:34:29.592+0000] {logging_mixin.py:188} INFO - [2024-02-16T16:34:29.591+0000] {dag.py:3036} INFO - Sync 1 DAGs
[2024-02-16T16:34:29.601+0000] {logging_mixin.py:188} INFO - [2024-02-16T16:34:29.601+0000] {dag.py:3823} INFO - Setting next_dagrun for example_time_delta_sensor_async to None, run_after=None
[2024-02-16T16:34:29.614+0000] {processor.py:183} INFO - Processing /home/airflow/.local/lib/python3.8/site-packages/airflow/example_dags/example_time_delta_sensor_async.py took 0.043 seconds
[2024-02-16T16:34:59.861+0000] {processor.py:161} INFO - Started process (PID=448) to work on /home/airflow/.local/lib/python3.8/site-packages/airflow/example_dags/example_time_delta_sensor_async.py
[2024-02-16T16:34:59.862+0000] {processor.py:830} INFO - Processing file /home/airflow/.local/lib/python3.8/site-packages/airflow/example_dags/example_time_delta_sensor_async.py for tasks to queue
[2024-02-16T16:34:59.863+0000] {logging_mixin.py:188} INFO - [2024-02-16T16:34:59.863+0000] {dagbag.py:538} INFO - Filling up the DagBag from /home/airflow/.local/lib/python3.8/site-packages/airflow/example_dags/example_time_delta_sensor_async.py
[2024-02-16T16:34:59.866+0000] {processor.py:840} INFO - DAG(s) 'example_time_delta_sensor_async' retrieved from /home/airflow/.local/lib/python3.8/site-packages/airflow/example_dags/example_time_delta_sensor_async.py
[2024-02-16T16:34:59.879+0000] {logging_mixin.py:188} INFO - [2024-02-16T16:34:59.879+0000] {dag.py:3036} INFO - Sync 1 DAGs
[2024-02-16T16:34:59.888+0000] {logging_mixin.py:188} INFO - [2024-02-16T16:34:59.888+0000] {dag.py:3823} INFO - Setting next_dagrun for example_time_delta_sensor_async to None, run_after=None
[2024-02-16T16:34:59.900+0000] {processor.py:183} INFO - Processing /home/airflow/.local/lib/python3.8/site-packages/airflow/example_dags/example_time_delta_sensor_async.py took 0.041 seconds
[2024-02-16T16:35:30.010+0000] {processor.py:161} INFO - Started process (PID=504) to work on /home/airflow/.local/lib/python3.8/site-packages/airflow/example_dags/example_time_delta_sensor_async.py
[2024-02-16T16:35:30.010+0000] {processor.py:830} INFO - Processing file /home/airflow/.local/lib/python3.8/site-packages/airflow/example_dags/example_time_delta_sensor_async.py for tasks to queue
[2024-02-16T16:35:30.012+0000] {logging_mixin.py:188} INFO - [2024-02-16T16:35:30.011+0000] {dagbag.py:538} INFO - Filling up the DagBag from /home/airflow/.local/lib/python3.8/site-packages/airflow/example_dags/example_time_delta_sensor_async.py
[2024-02-16T16:35:30.014+0000] {processor.py:840} INFO - DAG(s) 'example_time_delta_sensor_async' retrieved from /home/airflow/.local/lib/python3.8/site-packages/airflow/example_dags/example_time_delta_sensor_async.py
[2024-02-16T16:35:30.029+0000] {logging_mixin.py:188} INFO - [2024-02-16T16:35:30.029+0000] {dag.py:3036} INFO - Sync 1 DAGs
[2024-02-16T16:35:30.038+0000] {logging_mixin.py:188} INFO - [2024-02-16T16:35:30.038+0000] {dag.py:3823} INFO - Setting next_dagrun for example_time_delta_sensor_async to None, run_after=None
[2024-02-16T16:35:30.053+0000] {processor.py:183} INFO - Processing /home/airflow/.local/lib/python3.8/site-packages/airflow/example_dags/example_time_delta_sensor_async.py took 0.045 seconds
[2024-02-16T16:36:00.318+0000] {processor.py:161} INFO - Started process (PID=560) to work on /home/airflow/.local/lib/python3.8/site-packages/airflow/example_dags/example_time_delta_sensor_async.py
[2024-02-16T16:36:00.319+0000] {processor.py:830} INFO - Processing file /home/airflow/.local/lib/python3.8/site-packages/airflow/example_dags/example_time_delta_sensor_async.py for tasks to queue
[2024-02-16T16:36:00.321+0000] {logging_mixin.py:188} INFO - [2024-02-16T16:36:00.320+0000] {dagbag.py:538} INFO - Filling up the DagBag from /home/airflow/.local/lib/python3.8/site-packages/airflow/example_dags/example_time_delta_sensor_async.py
[2024-02-16T16:36:00.324+0000] {processor.py:840} INFO - DAG(s) 'example_time_delta_sensor_async' retrieved from /home/airflow/.local/lib/python3.8/site-packages/airflow/example_dags/example_time_delta_sensor_async.py
[2024-02-16T16:36:00.339+0000] {logging_mixin.py:188} INFO - [2024-02-16T16:36:00.338+0000] {dag.py:3036} INFO - Sync 1 DAGs
[2024-02-16T16:36:00.348+0000] {logging_mixin.py:188} INFO - [2024-02-16T16:36:00.348+0000] {dag.py:3823} INFO - Setting next_dagrun for example_time_delta_sensor_async to None, run_after=None
[2024-02-16T16:36:00.364+0000] {processor.py:183} INFO - Processing /home/airflow/.local/lib/python3.8/site-packages/airflow/example_dags/example_time_delta_sensor_async.py took 0.049 seconds
[2024-02-16T16:36:31.332+0000] {processor.py:161} INFO - Started process (PID=616) to work on /home/airflow/.local/lib/python3.8/site-packages/airflow/example_dags/example_time_delta_sensor_async.py
[2024-02-16T16:36:31.332+0000] {processor.py:830} INFO - Processing file /home/airflow/.local/lib/python3.8/site-packages/airflow/example_dags/example_time_delta_sensor_async.py for tasks to queue
[2024-02-16T16:36:31.334+0000] {logging_mixin.py:188} INFO - [2024-02-16T16:36:31.333+0000] {dagbag.py:538} INFO - Filling up the DagBag from /home/airflow/.local/lib/python3.8/site-packages/airflow/example_dags/example_time_delta_sensor_async.py
[2024-02-16T16:36:31.336+0000] {processor.py:840} INFO - DAG(s) 'example_time_delta_sensor_async' retrieved from /home/airflow/.local/lib/python3.8/site-packages/airflow/example_dags/example_time_delta_sensor_async.py
[2024-02-16T16:36:31.350+0000] {logging_mixin.py:188} INFO - [2024-02-16T16:36:31.350+0000] {dag.py:3036} INFO - Sync 1 DAGs
[2024-02-16T16:36:31.359+0000] {logging_mixin.py:188} INFO - [2024-02-16T16:36:31.359+0000] {dag.py:3823} INFO - Setting next_dagrun for example_time_delta_sensor_async to None, run_after=None
[2024-02-16T16:36:31.372+0000] {processor.py:183} INFO - Processing /home/airflow/.local/lib/python3.8/site-packages/airflow/example_dags/example_time_delta_sensor_async.py took 0.042 seconds
[2024-02-16T16:37:01.721+0000] {processor.py:161} INFO - Started process (PID=673) to work on /home/airflow/.local/lib/python3.8/site-packages/airflow/example_dags/example_time_delta_sensor_async.py
[2024-02-16T16:37:01.722+0000] {processor.py:830} INFO - Processing file /home/airflow/.local/lib/python3.8/site-packages/airflow/example_dags/example_time_delta_sensor_async.py for tasks to queue
[2024-02-16T16:37:01.723+0000] {logging_mixin.py:188} INFO - [2024-02-16T16:37:01.723+0000] {dagbag.py:538} INFO - Filling up the DagBag from /home/airflow/.local/lib/python3.8/site-packages/airflow/example_dags/example_time_delta_sensor_async.py
[2024-02-16T16:37:01.726+0000] {processor.py:840} INFO - DAG(s) 'example_time_delta_sensor_async' retrieved from /home/airflow/.local/lib/python3.8/site-packages/airflow/example_dags/example_time_delta_sensor_async.py
[2024-02-16T16:37:01.740+0000] {logging_mixin.py:188} INFO - [2024-02-16T16:37:01.740+0000] {dag.py:3036} INFO - Sync 1 DAGs
[2024-02-16T16:37:01.749+0000] {logging_mixin.py:188} INFO - [2024-02-16T16:37:01.749+0000] {dag.py:3823} INFO - Setting next_dagrun for example_time_delta_sensor_async to None, run_after=None
[2024-02-16T16:37:01.764+0000] {processor.py:183} INFO - Processing /home/airflow/.local/lib/python3.8/site-packages/airflow/example_dags/example_time_delta_sensor_async.py took 0.045 seconds
[2024-02-16T16:37:32.019+0000] {processor.py:161} INFO - Started process (PID=730) to work on /home/airflow/.local/lib/python3.8/site-packages/airflow/example_dags/example_time_delta_sensor_async.py
[2024-02-16T16:37:32.019+0000] {processor.py:830} INFO - Processing file /home/airflow/.local/lib/python3.8/site-packages/airflow/example_dags/example_time_delta_sensor_async.py for tasks to queue
[2024-02-16T16:37:32.020+0000] {logging_mixin.py:188} INFO - [2024-02-16T16:37:32.020+0000] {dagbag.py:538} INFO - Filling up the DagBag from /home/airflow/.local/lib/python3.8/site-packages/airflow/example_dags/example_time_delta_sensor_async.py
[2024-02-16T16:37:32.023+0000] {processor.py:840} INFO - DAG(s) 'example_time_delta_sensor_async' retrieved from /home/airflow/.local/lib/python3.8/site-packages/airflow/example_dags/example_time_delta_sensor_async.py
[2024-02-16T16:37:32.038+0000] {logging_mixin.py:188} INFO - [2024-02-16T16:37:32.038+0000] {dag.py:3036} INFO - Sync 1 DAGs
[2024-02-16T16:37:32.047+0000] {logging_mixin.py:188} INFO - [2024-02-16T16:37:32.047+0000] {dag.py:3823} INFO - Setting next_dagrun for example_time_delta_sensor_async to None, run_after=None
[2024-02-16T16:37:32.060+0000] {processor.py:183} INFO - Processing /home/airflow/.local/lib/python3.8/site-packages/airflow/example_dags/example_time_delta_sensor_async.py took 0.043 seconds
[2024-02-16T16:39:16.339+0000] {processor.py:161} INFO - Started process (PID=57) to work on /home/airflow/.local/lib/python3.8/site-packages/airflow/example_dags/example_time_delta_sensor_async.py
[2024-02-16T16:39:16.340+0000] {processor.py:830} INFO - Processing file /home/airflow/.local/lib/python3.8/site-packages/airflow/example_dags/example_time_delta_sensor_async.py for tasks to queue
[2024-02-16T16:39:16.341+0000] {logging_mixin.py:188} INFO - [2024-02-16T16:39:16.341+0000] {dagbag.py:538} INFO - Filling up the DagBag from /home/airflow/.local/lib/python3.8/site-packages/airflow/example_dags/example_time_delta_sensor_async.py
[2024-02-16T16:39:16.347+0000] {processor.py:840} INFO - DAG(s) 'example_time_delta_sensor_async' retrieved from /home/airflow/.local/lib/python3.8/site-packages/airflow/example_dags/example_time_delta_sensor_async.py
[2024-02-16T16:39:16.357+0000] {logging_mixin.py:188} INFO - [2024-02-16T16:39:16.357+0000] {dag.py:3036} INFO - Sync 1 DAGs
[2024-02-16T16:39:16.369+0000] {logging_mixin.py:188} INFO - [2024-02-16T16:39:16.369+0000] {dag.py:3823} INFO - Setting next_dagrun for example_time_delta_sensor_async to None, run_after=None
[2024-02-16T16:39:16.385+0000] {processor.py:183} INFO - Processing /home/airflow/.local/lib/python3.8/site-packages/airflow/example_dags/example_time_delta_sensor_async.py took 0.049 seconds
[2024-02-16T16:39:46.886+0000] {processor.py:161} INFO - Started process (PID=114) to work on /home/airflow/.local/lib/python3.8/site-packages/airflow/example_dags/example_time_delta_sensor_async.py
[2024-02-16T16:39:46.887+0000] {processor.py:830} INFO - Processing file /home/airflow/.local/lib/python3.8/site-packages/airflow/example_dags/example_time_delta_sensor_async.py for tasks to queue
[2024-02-16T16:39:46.888+0000] {logging_mixin.py:188} INFO - [2024-02-16T16:39:46.888+0000] {dagbag.py:538} INFO - Filling up the DagBag from /home/airflow/.local/lib/python3.8/site-packages/airflow/example_dags/example_time_delta_sensor_async.py
[2024-02-16T16:39:46.890+0000] {processor.py:840} INFO - DAG(s) 'example_time_delta_sensor_async' retrieved from /home/airflow/.local/lib/python3.8/site-packages/airflow/example_dags/example_time_delta_sensor_async.py
[2024-02-16T16:39:46.966+0000] {logging_mixin.py:188} INFO - [2024-02-16T16:39:46.966+0000] {dag.py:3036} INFO - Sync 1 DAGs
[2024-02-16T16:39:46.975+0000] {logging_mixin.py:188} INFO - [2024-02-16T16:39:46.975+0000] {dag.py:3823} INFO - Setting next_dagrun for example_time_delta_sensor_async to None, run_after=None
[2024-02-16T16:39:46.991+0000] {processor.py:183} INFO - Processing /home/airflow/.local/lib/python3.8/site-packages/airflow/example_dags/example_time_delta_sensor_async.py took 0.107 seconds
[2024-02-16T16:40:17.108+0000] {processor.py:161} INFO - Started process (PID=171) to work on /home/airflow/.local/lib/python3.8/site-packages/airflow/example_dags/example_time_delta_sensor_async.py
[2024-02-16T16:40:17.109+0000] {processor.py:830} INFO - Processing file /home/airflow/.local/lib/python3.8/site-packages/airflow/example_dags/example_time_delta_sensor_async.py for tasks to queue
[2024-02-16T16:40:17.110+0000] {logging_mixin.py:188} INFO - [2024-02-16T16:40:17.110+0000] {dagbag.py:538} INFO - Filling up the DagBag from /home/airflow/.local/lib/python3.8/site-packages/airflow/example_dags/example_time_delta_sensor_async.py
[2024-02-16T16:40:17.112+0000] {processor.py:840} INFO - DAG(s) 'example_time_delta_sensor_async' retrieved from /home/airflow/.local/lib/python3.8/site-packages/airflow/example_dags/example_time_delta_sensor_async.py
[2024-02-16T16:40:17.126+0000] {logging_mixin.py:188} INFO - [2024-02-16T16:40:17.125+0000] {dag.py:3036} INFO - Sync 1 DAGs
[2024-02-16T16:40:17.134+0000] {logging_mixin.py:188} INFO - [2024-02-16T16:40:17.134+0000] {dag.py:3823} INFO - Setting next_dagrun for example_time_delta_sensor_async to None, run_after=None
[2024-02-16T16:40:17.147+0000] {processor.py:183} INFO - Processing /home/airflow/.local/lib/python3.8/site-packages/airflow/example_dags/example_time_delta_sensor_async.py took 0.041 seconds
[2024-02-16T16:40:47.491+0000] {processor.py:161} INFO - Started process (PID=228) to work on /home/airflow/.local/lib/python3.8/site-packages/airflow/example_dags/example_time_delta_sensor_async.py
[2024-02-16T16:40:47.492+0000] {processor.py:830} INFO - Processing file /home/airflow/.local/lib/python3.8/site-packages/airflow/example_dags/example_time_delta_sensor_async.py for tasks to queue
[2024-02-16T16:40:47.493+0000] {logging_mixin.py:188} INFO - [2024-02-16T16:40:47.493+0000] {dagbag.py:538} INFO - Filling up the DagBag from /home/airflow/.local/lib/python3.8/site-packages/airflow/example_dags/example_time_delta_sensor_async.py
[2024-02-16T16:40:47.496+0000] {processor.py:840} INFO - DAG(s) 'example_time_delta_sensor_async' retrieved from /home/airflow/.local/lib/python3.8/site-packages/airflow/example_dags/example_time_delta_sensor_async.py
[2024-02-16T16:40:47.510+0000] {logging_mixin.py:188} INFO - [2024-02-16T16:40:47.509+0000] {dag.py:3036} INFO - Sync 1 DAGs
[2024-02-16T16:40:47.518+0000] {logging_mixin.py:188} INFO - [2024-02-16T16:40:47.518+0000] {dag.py:3823} INFO - Setting next_dagrun for example_time_delta_sensor_async to None, run_after=None
[2024-02-16T16:40:47.532+0000] {processor.py:183} INFO - Processing /home/airflow/.local/lib/python3.8/site-packages/airflow/example_dags/example_time_delta_sensor_async.py took 0.042 seconds
[2024-02-16T16:41:18.638+0000] {processor.py:161} INFO - Started process (PID=285) to work on /home/airflow/.local/lib/python3.8/site-packages/airflow/example_dags/example_time_delta_sensor_async.py
[2024-02-16T16:41:18.639+0000] {processor.py:830} INFO - Processing file /home/airflow/.local/lib/python3.8/site-packages/airflow/example_dags/example_time_delta_sensor_async.py for tasks to queue
[2024-02-16T16:41:18.640+0000] {logging_mixin.py:188} INFO - [2024-02-16T16:41:18.640+0000] {dagbag.py:538} INFO - Filling up the DagBag from /home/airflow/.local/lib/python3.8/site-packages/airflow/example_dags/example_time_delta_sensor_async.py
[2024-02-16T16:41:18.643+0000] {processor.py:840} INFO - DAG(s) 'example_time_delta_sensor_async' retrieved from /home/airflow/.local/lib/python3.8/site-packages/airflow/example_dags/example_time_delta_sensor_async.py
[2024-02-16T16:41:18.658+0000] {logging_mixin.py:188} INFO - [2024-02-16T16:41:18.658+0000] {dag.py:3036} INFO - Sync 1 DAGs
[2024-02-16T16:41:18.668+0000] {logging_mixin.py:188} INFO - [2024-02-16T16:41:18.667+0000] {dag.py:3823} INFO - Setting next_dagrun for example_time_delta_sensor_async to None, run_after=None
[2024-02-16T16:41:18.682+0000] {processor.py:183} INFO - Processing /home/airflow/.local/lib/python3.8/site-packages/airflow/example_dags/example_time_delta_sensor_async.py took 0.046 seconds
[2024-02-16T16:41:49.112+0000] {processor.py:161} INFO - Started process (PID=343) to work on /home/airflow/.local/lib/python3.8/site-packages/airflow/example_dags/example_time_delta_sensor_async.py
[2024-02-16T16:41:49.113+0000] {processor.py:830} INFO - Processing file /home/airflow/.local/lib/python3.8/site-packages/airflow/example_dags/example_time_delta_sensor_async.py for tasks to queue
[2024-02-16T16:41:49.114+0000] {logging_mixin.py:188} INFO - [2024-02-16T16:41:49.114+0000] {dagbag.py:538} INFO - Filling up the DagBag from /home/airflow/.local/lib/python3.8/site-packages/airflow/example_dags/example_time_delta_sensor_async.py
[2024-02-16T16:41:49.118+0000] {processor.py:840} INFO - DAG(s) 'example_time_delta_sensor_async' retrieved from /home/airflow/.local/lib/python3.8/site-packages/airflow/example_dags/example_time_delta_sensor_async.py
[2024-02-16T16:41:49.137+0000] {logging_mixin.py:188} INFO - [2024-02-16T16:41:49.137+0000] {dag.py:3036} INFO - Sync 1 DAGs
[2024-02-16T16:41:49.149+0000] {logging_mixin.py:188} INFO - [2024-02-16T16:41:49.149+0000] {dag.py:3823} INFO - Setting next_dagrun for example_time_delta_sensor_async to None, run_after=None
[2024-02-16T16:41:49.172+0000] {processor.py:183} INFO - Processing /home/airflow/.local/lib/python3.8/site-packages/airflow/example_dags/example_time_delta_sensor_async.py took 0.063 seconds
[2024-02-16T16:42:19.353+0000] {processor.py:161} INFO - Started process (PID=399) to work on /home/airflow/.local/lib/python3.8/site-packages/airflow/example_dags/example_time_delta_sensor_async.py
[2024-02-16T16:42:19.354+0000] {processor.py:830} INFO - Processing file /home/airflow/.local/lib/python3.8/site-packages/airflow/example_dags/example_time_delta_sensor_async.py for tasks to queue
[2024-02-16T16:42:19.355+0000] {logging_mixin.py:188} INFO - [2024-02-16T16:42:19.355+0000] {dagbag.py:538} INFO - Filling up the DagBag from /home/airflow/.local/lib/python3.8/site-packages/airflow/example_dags/example_time_delta_sensor_async.py
[2024-02-16T16:42:19.358+0000] {processor.py:840} INFO - DAG(s) 'example_time_delta_sensor_async' retrieved from /home/airflow/.local/lib/python3.8/site-packages/airflow/example_dags/example_time_delta_sensor_async.py
[2024-02-16T16:42:19.374+0000] {logging_mixin.py:188} INFO - [2024-02-16T16:42:19.373+0000] {dag.py:3036} INFO - Sync 1 DAGs
[2024-02-16T16:42:19.383+0000] {logging_mixin.py:188} INFO - [2024-02-16T16:42:19.383+0000] {dag.py:3823} INFO - Setting next_dagrun for example_time_delta_sensor_async to None, run_after=None
[2024-02-16T16:42:19.398+0000] {processor.py:183} INFO - Processing /home/airflow/.local/lib/python3.8/site-packages/airflow/example_dags/example_time_delta_sensor_async.py took 0.046 seconds
[2024-02-16T16:42:49.668+0000] {processor.py:161} INFO - Started process (PID=455) to work on /home/airflow/.local/lib/python3.8/site-packages/airflow/example_dags/example_time_delta_sensor_async.py
[2024-02-16T16:42:49.669+0000] {processor.py:830} INFO - Processing file /home/airflow/.local/lib/python3.8/site-packages/airflow/example_dags/example_time_delta_sensor_async.py for tasks to queue
[2024-02-16T16:42:49.670+0000] {logging_mixin.py:188} INFO - [2024-02-16T16:42:49.670+0000] {dagbag.py:538} INFO - Filling up the DagBag from /home/airflow/.local/lib/python3.8/site-packages/airflow/example_dags/example_time_delta_sensor_async.py
[2024-02-16T16:42:49.673+0000] {processor.py:840} INFO - DAG(s) 'example_time_delta_sensor_async' retrieved from /home/airflow/.local/lib/python3.8/site-packages/airflow/example_dags/example_time_delta_sensor_async.py
[2024-02-16T16:42:49.687+0000] {logging_mixin.py:188} INFO - [2024-02-16T16:42:49.686+0000] {dag.py:3036} INFO - Sync 1 DAGs
[2024-02-16T16:42:49.696+0000] {logging_mixin.py:188} INFO - [2024-02-16T16:42:49.696+0000] {dag.py:3823} INFO - Setting next_dagrun for example_time_delta_sensor_async to None, run_after=None
[2024-02-16T16:42:49.712+0000] {processor.py:183} INFO - Processing /home/airflow/.local/lib/python3.8/site-packages/airflow/example_dags/example_time_delta_sensor_async.py took 0.046 seconds
[2024-02-16T16:43:20.145+0000] {processor.py:161} INFO - Started process (PID=512) to work on /home/airflow/.local/lib/python3.8/site-packages/airflow/example_dags/example_time_delta_sensor_async.py
[2024-02-16T16:43:20.146+0000] {processor.py:830} INFO - Processing file /home/airflow/.local/lib/python3.8/site-packages/airflow/example_dags/example_time_delta_sensor_async.py for tasks to queue
[2024-02-16T16:43:20.147+0000] {logging_mixin.py:188} INFO - [2024-02-16T16:43:20.147+0000] {dagbag.py:538} INFO - Filling up the DagBag from /home/airflow/.local/lib/python3.8/site-packages/airflow/example_dags/example_time_delta_sensor_async.py
[2024-02-16T16:43:20.150+0000] {processor.py:840} INFO - DAG(s) 'example_time_delta_sensor_async' retrieved from /home/airflow/.local/lib/python3.8/site-packages/airflow/example_dags/example_time_delta_sensor_async.py
[2024-02-16T16:43:20.165+0000] {logging_mixin.py:188} INFO - [2024-02-16T16:43:20.165+0000] {dag.py:3036} INFO - Sync 1 DAGs
[2024-02-16T16:43:20.176+0000] {logging_mixin.py:188} INFO - [2024-02-16T16:43:20.176+0000] {dag.py:3823} INFO - Setting next_dagrun for example_time_delta_sensor_async to None, run_after=None
[2024-02-16T16:43:20.191+0000] {processor.py:183} INFO - Processing /home/airflow/.local/lib/python3.8/site-packages/airflow/example_dags/example_time_delta_sensor_async.py took 0.047 seconds
[2024-02-16T16:43:50.485+0000] {processor.py:161} INFO - Started process (PID=569) to work on /home/airflow/.local/lib/python3.8/site-packages/airflow/example_dags/example_time_delta_sensor_async.py
[2024-02-16T16:43:50.486+0000] {processor.py:830} INFO - Processing file /home/airflow/.local/lib/python3.8/site-packages/airflow/example_dags/example_time_delta_sensor_async.py for tasks to queue
[2024-02-16T16:43:50.487+0000] {logging_mixin.py:188} INFO - [2024-02-16T16:43:50.487+0000] {dagbag.py:538} INFO - Filling up the DagBag from /home/airflow/.local/lib/python3.8/site-packages/airflow/example_dags/example_time_delta_sensor_async.py
[2024-02-16T16:43:50.490+0000] {processor.py:840} INFO - DAG(s) 'example_time_delta_sensor_async' retrieved from /home/airflow/.local/lib/python3.8/site-packages/airflow/example_dags/example_time_delta_sensor_async.py
[2024-02-16T16:43:50.505+0000] {logging_mixin.py:188} INFO - [2024-02-16T16:43:50.505+0000] {dag.py:3036} INFO - Sync 1 DAGs
[2024-02-16T16:43:50.514+0000] {logging_mixin.py:188} INFO - [2024-02-16T16:43:50.514+0000] {dag.py:3823} INFO - Setting next_dagrun for example_time_delta_sensor_async to None, run_after=None
[2024-02-16T16:43:50.530+0000] {processor.py:183} INFO - Processing /home/airflow/.local/lib/python3.8/site-packages/airflow/example_dags/example_time_delta_sensor_async.py took 0.047 seconds
