[2024-02-16T16:20:17.263+0000] {processor.py:161} INFO - Started process (PID=47) to work on /home/airflow/.local/lib/python3.8/site-packages/airflow/example_dags/example_complex.py
[2024-02-16T16:20:17.264+0000] {processor.py:830} INFO - Processing file /home/airflow/.local/lib/python3.8/site-packages/airflow/example_dags/example_complex.py for tasks to queue
[2024-02-16T16:20:17.266+0000] {logging_mixin.py:188} INFO - [2024-02-16T16:20:17.266+0000] {dagbag.py:538} INFO - Filling up the DagBag from /home/airflow/.local/lib/python3.8/site-packages/airflow/example_dags/example_complex.py
[2024-02-16T16:20:17.282+0000] {processor.py:840} INFO - DAG(s) 'example_complex' retrieved from /home/airflow/.local/lib/python3.8/site-packages/airflow/example_dags/example_complex.py
[2024-02-16T16:20:17.291+0000] {logging_mixin.py:188} INFO - [2024-02-16T16:20:17.291+0000] {dag.py:3036} INFO - Sync 1 DAGs
[2024-02-16T16:20:17.302+0000] {logging_mixin.py:188} INFO - [2024-02-16T16:20:17.302+0000] {dag.py:3823} INFO - Setting next_dagrun for example_complex to None, run_after=None
[2024-02-16T16:20:17.320+0000] {processor.py:183} INFO - Processing /home/airflow/.local/lib/python3.8/site-packages/airflow/example_dags/example_complex.py took 0.059 seconds
[2024-02-16T16:20:47.570+0000] {processor.py:161} INFO - Started process (PID=102) to work on /home/airflow/.local/lib/python3.8/site-packages/airflow/example_dags/example_complex.py
[2024-02-16T16:20:47.570+0000] {processor.py:830} INFO - Processing file /home/airflow/.local/lib/python3.8/site-packages/airflow/example_dags/example_complex.py for tasks to queue
[2024-02-16T16:20:47.572+0000] {logging_mixin.py:188} INFO - [2024-02-16T16:20:47.571+0000] {dagbag.py:538} INFO - Filling up the DagBag from /home/airflow/.local/lib/python3.8/site-packages/airflow/example_dags/example_complex.py
[2024-02-16T16:20:47.580+0000] {processor.py:840} INFO - DAG(s) 'example_complex' retrieved from /home/airflow/.local/lib/python3.8/site-packages/airflow/example_dags/example_complex.py
[2024-02-16T16:20:47.663+0000] {logging_mixin.py:188} INFO - [2024-02-16T16:20:47.663+0000] {dag.py:3036} INFO - Sync 1 DAGs
[2024-02-16T16:20:47.672+0000] {logging_mixin.py:188} INFO - [2024-02-16T16:20:47.671+0000] {dag.py:3823} INFO - Setting next_dagrun for example_complex to None, run_after=None
[2024-02-16T16:20:47.686+0000] {processor.py:183} INFO - Processing /home/airflow/.local/lib/python3.8/site-packages/airflow/example_dags/example_complex.py took 0.118 seconds
[2024-02-16T16:21:17.849+0000] {processor.py:161} INFO - Started process (PID=157) to work on /home/airflow/.local/lib/python3.8/site-packages/airflow/example_dags/example_complex.py
[2024-02-16T16:21:17.850+0000] {processor.py:830} INFO - Processing file /home/airflow/.local/lib/python3.8/site-packages/airflow/example_dags/example_complex.py for tasks to queue
[2024-02-16T16:21:17.851+0000] {logging_mixin.py:188} INFO - [2024-02-16T16:21:17.851+0000] {dagbag.py:538} INFO - Filling up the DagBag from /home/airflow/.local/lib/python3.8/site-packages/airflow/example_dags/example_complex.py
[2024-02-16T16:21:17.859+0000] {processor.py:840} INFO - DAG(s) 'example_complex' retrieved from /home/airflow/.local/lib/python3.8/site-packages/airflow/example_dags/example_complex.py
[2024-02-16T16:21:17.881+0000] {logging_mixin.py:188} INFO - [2024-02-16T16:21:17.880+0000] {dag.py:3036} INFO - Sync 1 DAGs
[2024-02-16T16:21:17.889+0000] {logging_mixin.py:188} INFO - [2024-02-16T16:21:17.889+0000] {dag.py:3823} INFO - Setting next_dagrun for example_complex to None, run_after=None
[2024-02-16T16:21:17.901+0000] {processor.py:183} INFO - Processing /home/airflow/.local/lib/python3.8/site-packages/airflow/example_dags/example_complex.py took 0.054 seconds
[2024-02-16T16:21:48.244+0000] {processor.py:161} INFO - Started process (PID=212) to work on /home/airflow/.local/lib/python3.8/site-packages/airflow/example_dags/example_complex.py
[2024-02-16T16:21:48.245+0000] {processor.py:830} INFO - Processing file /home/airflow/.local/lib/python3.8/site-packages/airflow/example_dags/example_complex.py for tasks to queue
[2024-02-16T16:21:48.246+0000] {logging_mixin.py:188} INFO - [2024-02-16T16:21:48.246+0000] {dagbag.py:538} INFO - Filling up the DagBag from /home/airflow/.local/lib/python3.8/site-packages/airflow/example_dags/example_complex.py
[2024-02-16T16:21:48.254+0000] {processor.py:840} INFO - DAG(s) 'example_complex' retrieved from /home/airflow/.local/lib/python3.8/site-packages/airflow/example_dags/example_complex.py
[2024-02-16T16:21:48.278+0000] {logging_mixin.py:188} INFO - [2024-02-16T16:21:48.278+0000] {dag.py:3036} INFO - Sync 1 DAGs
[2024-02-16T16:21:48.286+0000] {logging_mixin.py:188} INFO - [2024-02-16T16:21:48.286+0000] {dag.py:3823} INFO - Setting next_dagrun for example_complex to None, run_after=None
[2024-02-16T16:21:48.299+0000] {processor.py:183} INFO - Processing /home/airflow/.local/lib/python3.8/site-packages/airflow/example_dags/example_complex.py took 0.057 seconds
[2024-02-16T16:22:18.379+0000] {processor.py:161} INFO - Started process (PID=267) to work on /home/airflow/.local/lib/python3.8/site-packages/airflow/example_dags/example_complex.py
[2024-02-16T16:22:18.380+0000] {processor.py:830} INFO - Processing file /home/airflow/.local/lib/python3.8/site-packages/airflow/example_dags/example_complex.py for tasks to queue
[2024-02-16T16:22:18.381+0000] {logging_mixin.py:188} INFO - [2024-02-16T16:22:18.381+0000] {dagbag.py:538} INFO - Filling up the DagBag from /home/airflow/.local/lib/python3.8/site-packages/airflow/example_dags/example_complex.py
[2024-02-16T16:22:18.389+0000] {processor.py:840} INFO - DAG(s) 'example_complex' retrieved from /home/airflow/.local/lib/python3.8/site-packages/airflow/example_dags/example_complex.py
[2024-02-16T16:22:18.412+0000] {logging_mixin.py:188} INFO - [2024-02-16T16:22:18.412+0000] {dag.py:3036} INFO - Sync 1 DAGs
[2024-02-16T16:22:18.421+0000] {logging_mixin.py:188} INFO - [2024-02-16T16:22:18.421+0000] {dag.py:3823} INFO - Setting next_dagrun for example_complex to None, run_after=None
[2024-02-16T16:22:18.437+0000] {processor.py:183} INFO - Processing /home/airflow/.local/lib/python3.8/site-packages/airflow/example_dags/example_complex.py took 0.060 seconds
[2024-02-16T16:22:48.548+0000] {processor.py:161} INFO - Started process (PID=322) to work on /home/airflow/.local/lib/python3.8/site-packages/airflow/example_dags/example_complex.py
[2024-02-16T16:22:48.549+0000] {processor.py:830} INFO - Processing file /home/airflow/.local/lib/python3.8/site-packages/airflow/example_dags/example_complex.py for tasks to queue
[2024-02-16T16:22:48.550+0000] {logging_mixin.py:188} INFO - [2024-02-16T16:22:48.550+0000] {dagbag.py:538} INFO - Filling up the DagBag from /home/airflow/.local/lib/python3.8/site-packages/airflow/example_dags/example_complex.py
[2024-02-16T16:22:48.559+0000] {processor.py:840} INFO - DAG(s) 'example_complex' retrieved from /home/airflow/.local/lib/python3.8/site-packages/airflow/example_dags/example_complex.py
[2024-02-16T16:22:48.582+0000] {logging_mixin.py:188} INFO - [2024-02-16T16:22:48.582+0000] {dag.py:3036} INFO - Sync 1 DAGs
[2024-02-16T16:22:48.591+0000] {logging_mixin.py:188} INFO - [2024-02-16T16:22:48.591+0000] {dag.py:3823} INFO - Setting next_dagrun for example_complex to None, run_after=None
[2024-02-16T16:22:48.606+0000] {processor.py:183} INFO - Processing /home/airflow/.local/lib/python3.8/site-packages/airflow/example_dags/example_complex.py took 0.059 seconds
[2024-02-16T16:23:18.729+0000] {processor.py:161} INFO - Started process (PID=376) to work on /home/airflow/.local/lib/python3.8/site-packages/airflow/example_dags/example_complex.py
[2024-02-16T16:23:18.730+0000] {processor.py:830} INFO - Processing file /home/airflow/.local/lib/python3.8/site-packages/airflow/example_dags/example_complex.py for tasks to queue
[2024-02-16T16:23:18.731+0000] {logging_mixin.py:188} INFO - [2024-02-16T16:23:18.731+0000] {dagbag.py:538} INFO - Filling up the DagBag from /home/airflow/.local/lib/python3.8/site-packages/airflow/example_dags/example_complex.py
[2024-02-16T16:23:18.740+0000] {processor.py:840} INFO - DAG(s) 'example_complex' retrieved from /home/airflow/.local/lib/python3.8/site-packages/airflow/example_dags/example_complex.py
[2024-02-16T16:23:18.764+0000] {logging_mixin.py:188} INFO - [2024-02-16T16:23:18.764+0000] {dag.py:3036} INFO - Sync 1 DAGs
[2024-02-16T16:23:18.773+0000] {logging_mixin.py:188} INFO - [2024-02-16T16:23:18.773+0000] {dag.py:3823} INFO - Setting next_dagrun for example_complex to None, run_after=None
[2024-02-16T16:23:18.788+0000] {processor.py:183} INFO - Processing /home/airflow/.local/lib/python3.8/site-packages/airflow/example_dags/example_complex.py took 0.061 seconds
[2024-02-16T16:23:49.002+0000] {processor.py:161} INFO - Started process (PID=431) to work on /home/airflow/.local/lib/python3.8/site-packages/airflow/example_dags/example_complex.py
[2024-02-16T16:23:49.003+0000] {processor.py:830} INFO - Processing file /home/airflow/.local/lib/python3.8/site-packages/airflow/example_dags/example_complex.py for tasks to queue
[2024-02-16T16:23:49.004+0000] {logging_mixin.py:188} INFO - [2024-02-16T16:23:49.004+0000] {dagbag.py:538} INFO - Filling up the DagBag from /home/airflow/.local/lib/python3.8/site-packages/airflow/example_dags/example_complex.py
[2024-02-16T16:23:49.013+0000] {processor.py:840} INFO - DAG(s) 'example_complex' retrieved from /home/airflow/.local/lib/python3.8/site-packages/airflow/example_dags/example_complex.py
[2024-02-16T16:23:49.039+0000] {logging_mixin.py:188} INFO - [2024-02-16T16:23:49.039+0000] {dag.py:3036} INFO - Sync 1 DAGs
[2024-02-16T16:23:49.049+0000] {logging_mixin.py:188} INFO - [2024-02-16T16:23:49.048+0000] {dag.py:3823} INFO - Setting next_dagrun for example_complex to None, run_after=None
[2024-02-16T16:23:49.065+0000] {processor.py:183} INFO - Processing /home/airflow/.local/lib/python3.8/site-packages/airflow/example_dags/example_complex.py took 0.065 seconds
[2024-02-16T16:24:19.253+0000] {processor.py:161} INFO - Started process (PID=486) to work on /home/airflow/.local/lib/python3.8/site-packages/airflow/example_dags/example_complex.py
[2024-02-16T16:24:19.253+0000] {processor.py:830} INFO - Processing file /home/airflow/.local/lib/python3.8/site-packages/airflow/example_dags/example_complex.py for tasks to queue
[2024-02-16T16:24:19.255+0000] {logging_mixin.py:188} INFO - [2024-02-16T16:24:19.254+0000] {dagbag.py:538} INFO - Filling up the DagBag from /home/airflow/.local/lib/python3.8/site-packages/airflow/example_dags/example_complex.py
[2024-02-16T16:24:19.264+0000] {processor.py:840} INFO - DAG(s) 'example_complex' retrieved from /home/airflow/.local/lib/python3.8/site-packages/airflow/example_dags/example_complex.py
[2024-02-16T16:24:19.288+0000] {logging_mixin.py:188} INFO - [2024-02-16T16:24:19.288+0000] {dag.py:3036} INFO - Sync 1 DAGs
[2024-02-16T16:24:19.298+0000] {logging_mixin.py:188} INFO - [2024-02-16T16:24:19.297+0000] {dag.py:3823} INFO - Setting next_dagrun for example_complex to None, run_after=None
[2024-02-16T16:24:19.316+0000] {processor.py:183} INFO - Processing /home/airflow/.local/lib/python3.8/site-packages/airflow/example_dags/example_complex.py took 0.065 seconds
[2024-02-16T16:24:49.544+0000] {processor.py:161} INFO - Started process (PID=541) to work on /home/airflow/.local/lib/python3.8/site-packages/airflow/example_dags/example_complex.py
[2024-02-16T16:24:49.544+0000] {processor.py:830} INFO - Processing file /home/airflow/.local/lib/python3.8/site-packages/airflow/example_dags/example_complex.py for tasks to queue
[2024-02-16T16:24:49.545+0000] {logging_mixin.py:188} INFO - [2024-02-16T16:24:49.545+0000] {dagbag.py:538} INFO - Filling up the DagBag from /home/airflow/.local/lib/python3.8/site-packages/airflow/example_dags/example_complex.py
[2024-02-16T16:24:49.554+0000] {processor.py:840} INFO - DAG(s) 'example_complex' retrieved from /home/airflow/.local/lib/python3.8/site-packages/airflow/example_dags/example_complex.py
[2024-02-16T16:24:49.579+0000] {logging_mixin.py:188} INFO - [2024-02-16T16:24:49.579+0000] {dag.py:3036} INFO - Sync 1 DAGs
[2024-02-16T16:24:49.588+0000] {logging_mixin.py:188} INFO - [2024-02-16T16:24:49.588+0000] {dag.py:3823} INFO - Setting next_dagrun for example_complex to None, run_after=None
[2024-02-16T16:24:49.603+0000] {processor.py:183} INFO - Processing /home/airflow/.local/lib/python3.8/site-packages/airflow/example_dags/example_complex.py took 0.061 seconds
[2024-02-16T16:25:19.710+0000] {processor.py:161} INFO - Started process (PID=596) to work on /home/airflow/.local/lib/python3.8/site-packages/airflow/example_dags/example_complex.py
[2024-02-16T16:25:19.711+0000] {processor.py:830} INFO - Processing file /home/airflow/.local/lib/python3.8/site-packages/airflow/example_dags/example_complex.py for tasks to queue
[2024-02-16T16:25:19.712+0000] {logging_mixin.py:188} INFO - [2024-02-16T16:25:19.712+0000] {dagbag.py:538} INFO - Filling up the DagBag from /home/airflow/.local/lib/python3.8/site-packages/airflow/example_dags/example_complex.py
[2024-02-16T16:25:19.724+0000] {processor.py:840} INFO - DAG(s) 'example_complex' retrieved from /home/airflow/.local/lib/python3.8/site-packages/airflow/example_dags/example_complex.py
[2024-02-16T16:25:19.748+0000] {logging_mixin.py:188} INFO - [2024-02-16T16:25:19.748+0000] {dag.py:3036} INFO - Sync 1 DAGs
[2024-02-16T16:25:19.758+0000] {logging_mixin.py:188} INFO - [2024-02-16T16:25:19.758+0000] {dag.py:3823} INFO - Setting next_dagrun for example_complex to None, run_after=None
[2024-02-16T16:25:19.774+0000] {processor.py:183} INFO - Processing /home/airflow/.local/lib/python3.8/site-packages/airflow/example_dags/example_complex.py took 0.066 seconds
[2024-02-16T16:25:50.048+0000] {processor.py:161} INFO - Started process (PID=651) to work on /home/airflow/.local/lib/python3.8/site-packages/airflow/example_dags/example_complex.py
[2024-02-16T16:25:50.049+0000] {processor.py:830} INFO - Processing file /home/airflow/.local/lib/python3.8/site-packages/airflow/example_dags/example_complex.py for tasks to queue
[2024-02-16T16:25:50.050+0000] {logging_mixin.py:188} INFO - [2024-02-16T16:25:50.050+0000] {dagbag.py:538} INFO - Filling up the DagBag from /home/airflow/.local/lib/python3.8/site-packages/airflow/example_dags/example_complex.py
[2024-02-16T16:25:50.058+0000] {processor.py:840} INFO - DAG(s) 'example_complex' retrieved from /home/airflow/.local/lib/python3.8/site-packages/airflow/example_dags/example_complex.py
[2024-02-16T16:25:50.080+0000] {logging_mixin.py:188} INFO - [2024-02-16T16:25:50.080+0000] {dag.py:3036} INFO - Sync 1 DAGs
[2024-02-16T16:25:50.089+0000] {logging_mixin.py:188} INFO - [2024-02-16T16:25:50.089+0000] {dag.py:3823} INFO - Setting next_dagrun for example_complex to None, run_after=None
[2024-02-16T16:25:50.102+0000] {processor.py:183} INFO - Processing /home/airflow/.local/lib/python3.8/site-packages/airflow/example_dags/example_complex.py took 0.055 seconds
[2024-02-16T16:26:20.142+0000] {processor.py:161} INFO - Started process (PID=706) to work on /home/airflow/.local/lib/python3.8/site-packages/airflow/example_dags/example_complex.py
[2024-02-16T16:26:20.143+0000] {processor.py:830} INFO - Processing file /home/airflow/.local/lib/python3.8/site-packages/airflow/example_dags/example_complex.py for tasks to queue
[2024-02-16T16:26:20.144+0000] {logging_mixin.py:188} INFO - [2024-02-16T16:26:20.144+0000] {dagbag.py:538} INFO - Filling up the DagBag from /home/airflow/.local/lib/python3.8/site-packages/airflow/example_dags/example_complex.py
[2024-02-16T16:26:20.152+0000] {processor.py:840} INFO - DAG(s) 'example_complex' retrieved from /home/airflow/.local/lib/python3.8/site-packages/airflow/example_dags/example_complex.py
[2024-02-16T16:26:20.176+0000] {logging_mixin.py:188} INFO - [2024-02-16T16:26:20.176+0000] {dag.py:3036} INFO - Sync 1 DAGs
[2024-02-16T16:26:20.187+0000] {logging_mixin.py:188} INFO - [2024-02-16T16:26:20.186+0000] {dag.py:3823} INFO - Setting next_dagrun for example_complex to None, run_after=None
[2024-02-16T16:26:20.202+0000] {processor.py:183} INFO - Processing /home/airflow/.local/lib/python3.8/site-packages/airflow/example_dags/example_complex.py took 0.061 seconds
[2024-02-16T16:26:50.471+0000] {processor.py:161} INFO - Started process (PID=761) to work on /home/airflow/.local/lib/python3.8/site-packages/airflow/example_dags/example_complex.py
[2024-02-16T16:26:50.472+0000] {processor.py:830} INFO - Processing file /home/airflow/.local/lib/python3.8/site-packages/airflow/example_dags/example_complex.py for tasks to queue
[2024-02-16T16:26:50.473+0000] {logging_mixin.py:188} INFO - [2024-02-16T16:26:50.473+0000] {dagbag.py:538} INFO - Filling up the DagBag from /home/airflow/.local/lib/python3.8/site-packages/airflow/example_dags/example_complex.py
[2024-02-16T16:26:50.482+0000] {processor.py:840} INFO - DAG(s) 'example_complex' retrieved from /home/airflow/.local/lib/python3.8/site-packages/airflow/example_dags/example_complex.py
[2024-02-16T16:26:50.509+0000] {logging_mixin.py:188} INFO - [2024-02-16T16:26:50.508+0000] {dag.py:3036} INFO - Sync 1 DAGs
[2024-02-16T16:26:50.518+0000] {logging_mixin.py:188} INFO - [2024-02-16T16:26:50.518+0000] {dag.py:3823} INFO - Setting next_dagrun for example_complex to None, run_after=None
[2024-02-16T16:26:50.533+0000] {processor.py:183} INFO - Processing /home/airflow/.local/lib/python3.8/site-packages/airflow/example_dags/example_complex.py took 0.064 seconds
[2024-02-16T16:27:20.617+0000] {processor.py:161} INFO - Started process (PID=816) to work on /home/airflow/.local/lib/python3.8/site-packages/airflow/example_dags/example_complex.py
[2024-02-16T16:27:20.618+0000] {processor.py:830} INFO - Processing file /home/airflow/.local/lib/python3.8/site-packages/airflow/example_dags/example_complex.py for tasks to queue
[2024-02-16T16:27:20.619+0000] {logging_mixin.py:188} INFO - [2024-02-16T16:27:20.619+0000] {dagbag.py:538} INFO - Filling up the DagBag from /home/airflow/.local/lib/python3.8/site-packages/airflow/example_dags/example_complex.py
[2024-02-16T16:27:20.628+0000] {processor.py:840} INFO - DAG(s) 'example_complex' retrieved from /home/airflow/.local/lib/python3.8/site-packages/airflow/example_dags/example_complex.py
[2024-02-16T16:27:20.652+0000] {logging_mixin.py:188} INFO - [2024-02-16T16:27:20.652+0000] {dag.py:3036} INFO - Sync 1 DAGs
[2024-02-16T16:27:20.661+0000] {logging_mixin.py:188} INFO - [2024-02-16T16:27:20.661+0000] {dag.py:3823} INFO - Setting next_dagrun for example_complex to None, run_after=None
[2024-02-16T16:27:20.677+0000] {processor.py:183} INFO - Processing /home/airflow/.local/lib/python3.8/site-packages/airflow/example_dags/example_complex.py took 0.062 seconds
[2024-02-16T16:27:50.737+0000] {processor.py:161} INFO - Started process (PID=871) to work on /home/airflow/.local/lib/python3.8/site-packages/airflow/example_dags/example_complex.py
[2024-02-16T16:27:50.738+0000] {processor.py:830} INFO - Processing file /home/airflow/.local/lib/python3.8/site-packages/airflow/example_dags/example_complex.py for tasks to queue
[2024-02-16T16:27:50.739+0000] {logging_mixin.py:188} INFO - [2024-02-16T16:27:50.739+0000] {dagbag.py:538} INFO - Filling up the DagBag from /home/airflow/.local/lib/python3.8/site-packages/airflow/example_dags/example_complex.py
[2024-02-16T16:27:50.748+0000] {processor.py:840} INFO - DAG(s) 'example_complex' retrieved from /home/airflow/.local/lib/python3.8/site-packages/airflow/example_dags/example_complex.py
[2024-02-16T16:27:50.772+0000] {logging_mixin.py:188} INFO - [2024-02-16T16:27:50.771+0000] {dag.py:3036} INFO - Sync 1 DAGs
[2024-02-16T16:27:50.781+0000] {logging_mixin.py:188} INFO - [2024-02-16T16:27:50.781+0000] {dag.py:3823} INFO - Setting next_dagrun for example_complex to None, run_after=None
[2024-02-16T16:27:50.795+0000] {processor.py:183} INFO - Processing /home/airflow/.local/lib/python3.8/site-packages/airflow/example_dags/example_complex.py took 0.060 seconds
[2024-02-16T16:28:21.033+0000] {processor.py:161} INFO - Started process (PID=926) to work on /home/airflow/.local/lib/python3.8/site-packages/airflow/example_dags/example_complex.py
[2024-02-16T16:28:21.034+0000] {processor.py:830} INFO - Processing file /home/airflow/.local/lib/python3.8/site-packages/airflow/example_dags/example_complex.py for tasks to queue
[2024-02-16T16:28:21.035+0000] {logging_mixin.py:188} INFO - [2024-02-16T16:28:21.035+0000] {dagbag.py:538} INFO - Filling up the DagBag from /home/airflow/.local/lib/python3.8/site-packages/airflow/example_dags/example_complex.py
[2024-02-16T16:28:21.044+0000] {processor.py:840} INFO - DAG(s) 'example_complex' retrieved from /home/airflow/.local/lib/python3.8/site-packages/airflow/example_dags/example_complex.py
[2024-02-16T16:28:21.068+0000] {logging_mixin.py:188} INFO - [2024-02-16T16:28:21.068+0000] {dag.py:3036} INFO - Sync 1 DAGs
[2024-02-16T16:28:21.078+0000] {logging_mixin.py:188} INFO - [2024-02-16T16:28:21.078+0000] {dag.py:3823} INFO - Setting next_dagrun for example_complex to None, run_after=None
[2024-02-16T16:28:21.096+0000] {processor.py:183} INFO - Processing /home/airflow/.local/lib/python3.8/site-packages/airflow/example_dags/example_complex.py took 0.065 seconds
[2024-02-16T16:28:51.342+0000] {processor.py:161} INFO - Started process (PID=981) to work on /home/airflow/.local/lib/python3.8/site-packages/airflow/example_dags/example_complex.py
[2024-02-16T16:28:51.343+0000] {processor.py:830} INFO - Processing file /home/airflow/.local/lib/python3.8/site-packages/airflow/example_dags/example_complex.py for tasks to queue
[2024-02-16T16:28:51.344+0000] {logging_mixin.py:188} INFO - [2024-02-16T16:28:51.344+0000] {dagbag.py:538} INFO - Filling up the DagBag from /home/airflow/.local/lib/python3.8/site-packages/airflow/example_dags/example_complex.py
[2024-02-16T16:28:51.353+0000] {processor.py:840} INFO - DAG(s) 'example_complex' retrieved from /home/airflow/.local/lib/python3.8/site-packages/airflow/example_dags/example_complex.py
[2024-02-16T16:28:51.377+0000] {logging_mixin.py:188} INFO - [2024-02-16T16:28:51.377+0000] {dag.py:3036} INFO - Sync 1 DAGs
[2024-02-16T16:28:51.387+0000] {logging_mixin.py:188} INFO - [2024-02-16T16:28:51.387+0000] {dag.py:3823} INFO - Setting next_dagrun for example_complex to None, run_after=None
[2024-02-16T16:28:51.403+0000] {processor.py:183} INFO - Processing /home/airflow/.local/lib/python3.8/site-packages/airflow/example_dags/example_complex.py took 0.063 seconds
[2024-02-16T16:29:21.463+0000] {processor.py:161} INFO - Started process (PID=1036) to work on /home/airflow/.local/lib/python3.8/site-packages/airflow/example_dags/example_complex.py
[2024-02-16T16:29:21.464+0000] {processor.py:830} INFO - Processing file /home/airflow/.local/lib/python3.8/site-packages/airflow/example_dags/example_complex.py for tasks to queue
[2024-02-16T16:29:21.465+0000] {logging_mixin.py:188} INFO - [2024-02-16T16:29:21.465+0000] {dagbag.py:538} INFO - Filling up the DagBag from /home/airflow/.local/lib/python3.8/site-packages/airflow/example_dags/example_complex.py
[2024-02-16T16:29:21.473+0000] {processor.py:840} INFO - DAG(s) 'example_complex' retrieved from /home/airflow/.local/lib/python3.8/site-packages/airflow/example_dags/example_complex.py
[2024-02-16T16:29:21.495+0000] {logging_mixin.py:188} INFO - [2024-02-16T16:29:21.495+0000] {dag.py:3036} INFO - Sync 1 DAGs
[2024-02-16T16:29:21.504+0000] {logging_mixin.py:188} INFO - [2024-02-16T16:29:21.504+0000] {dag.py:3823} INFO - Setting next_dagrun for example_complex to None, run_after=None
[2024-02-16T16:29:21.517+0000] {processor.py:183} INFO - Processing /home/airflow/.local/lib/python3.8/site-packages/airflow/example_dags/example_complex.py took 0.056 seconds
[2024-02-16T16:29:51.584+0000] {processor.py:161} INFO - Started process (PID=1091) to work on /home/airflow/.local/lib/python3.8/site-packages/airflow/example_dags/example_complex.py
[2024-02-16T16:29:51.584+0000] {processor.py:830} INFO - Processing file /home/airflow/.local/lib/python3.8/site-packages/airflow/example_dags/example_complex.py for tasks to queue
[2024-02-16T16:29:51.586+0000] {logging_mixin.py:188} INFO - [2024-02-16T16:29:51.585+0000] {dagbag.py:538} INFO - Filling up the DagBag from /home/airflow/.local/lib/python3.8/site-packages/airflow/example_dags/example_complex.py
[2024-02-16T16:29:51.594+0000] {processor.py:840} INFO - DAG(s) 'example_complex' retrieved from /home/airflow/.local/lib/python3.8/site-packages/airflow/example_dags/example_complex.py
[2024-02-16T16:29:51.619+0000] {logging_mixin.py:188} INFO - [2024-02-16T16:29:51.618+0000] {dag.py:3036} INFO - Sync 1 DAGs
[2024-02-16T16:29:51.629+0000] {logging_mixin.py:188} INFO - [2024-02-16T16:29:51.629+0000] {dag.py:3823} INFO - Setting next_dagrun for example_complex to None, run_after=None
[2024-02-16T16:29:51.649+0000] {processor.py:183} INFO - Processing /home/airflow/.local/lib/python3.8/site-packages/airflow/example_dags/example_complex.py took 0.068 seconds
[2024-02-16T16:30:21.667+0000] {processor.py:161} INFO - Started process (PID=1147) to work on /home/airflow/.local/lib/python3.8/site-packages/airflow/example_dags/example_complex.py
[2024-02-16T16:30:21.668+0000] {processor.py:830} INFO - Processing file /home/airflow/.local/lib/python3.8/site-packages/airflow/example_dags/example_complex.py for tasks to queue
[2024-02-16T16:30:21.669+0000] {logging_mixin.py:188} INFO - [2024-02-16T16:30:21.669+0000] {dagbag.py:538} INFO - Filling up the DagBag from /home/airflow/.local/lib/python3.8/site-packages/airflow/example_dags/example_complex.py
[2024-02-16T16:30:21.677+0000] {processor.py:840} INFO - DAG(s) 'example_complex' retrieved from /home/airflow/.local/lib/python3.8/site-packages/airflow/example_dags/example_complex.py
[2024-02-16T16:30:21.699+0000] {logging_mixin.py:188} INFO - [2024-02-16T16:30:21.699+0000] {dag.py:3036} INFO - Sync 1 DAGs
[2024-02-16T16:30:21.708+0000] {logging_mixin.py:188} INFO - [2024-02-16T16:30:21.708+0000] {dag.py:3823} INFO - Setting next_dagrun for example_complex to None, run_after=None
[2024-02-16T16:30:21.720+0000] {processor.py:183} INFO - Processing /home/airflow/.local/lib/python3.8/site-packages/airflow/example_dags/example_complex.py took 0.055 seconds
[2024-02-16T16:31:26.341+0000] {processor.py:161} INFO - Started process (PID=48) to work on /home/airflow/.local/lib/python3.8/site-packages/airflow/example_dags/example_complex.py
[2024-02-16T16:31:26.342+0000] {processor.py:830} INFO - Processing file /home/airflow/.local/lib/python3.8/site-packages/airflow/example_dags/example_complex.py for tasks to queue
[2024-02-16T16:31:26.343+0000] {logging_mixin.py:188} INFO - [2024-02-16T16:31:26.343+0000] {dagbag.py:538} INFO - Filling up the DagBag from /home/airflow/.local/lib/python3.8/site-packages/airflow/example_dags/example_complex.py
[2024-02-16T16:31:26.355+0000] {processor.py:840} INFO - DAG(s) 'example_complex' retrieved from /home/airflow/.local/lib/python3.8/site-packages/airflow/example_dags/example_complex.py
[2024-02-16T16:31:26.364+0000] {logging_mixin.py:188} INFO - [2024-02-16T16:31:26.363+0000] {dag.py:3036} INFO - Sync 1 DAGs
[2024-02-16T16:31:26.373+0000] {logging_mixin.py:188} INFO - [2024-02-16T16:31:26.373+0000] {dag.py:3823} INFO - Setting next_dagrun for example_complex to None, run_after=None
[2024-02-16T16:31:26.390+0000] {processor.py:183} INFO - Processing /home/airflow/.local/lib/python3.8/site-packages/airflow/example_dags/example_complex.py took 0.051 seconds
[2024-02-16T16:31:57.389+0000] {processor.py:161} INFO - Started process (PID=104) to work on /home/airflow/.local/lib/python3.8/site-packages/airflow/example_dags/example_complex.py
[2024-02-16T16:31:57.389+0000] {processor.py:830} INFO - Processing file /home/airflow/.local/lib/python3.8/site-packages/airflow/example_dags/example_complex.py for tasks to queue
[2024-02-16T16:31:57.390+0000] {logging_mixin.py:188} INFO - [2024-02-16T16:31:57.390+0000] {dagbag.py:538} INFO - Filling up the DagBag from /home/airflow/.local/lib/python3.8/site-packages/airflow/example_dags/example_complex.py
[2024-02-16T16:31:57.399+0000] {processor.py:840} INFO - DAG(s) 'example_complex' retrieved from /home/airflow/.local/lib/python3.8/site-packages/airflow/example_dags/example_complex.py
[2024-02-16T16:31:57.479+0000] {logging_mixin.py:188} INFO - [2024-02-16T16:31:57.479+0000] {dag.py:3036} INFO - Sync 1 DAGs
[2024-02-16T16:31:57.487+0000] {logging_mixin.py:188} INFO - [2024-02-16T16:31:57.487+0000] {dag.py:3823} INFO - Setting next_dagrun for example_complex to None, run_after=None
[2024-02-16T16:31:57.501+0000] {processor.py:183} INFO - Processing /home/airflow/.local/lib/python3.8/site-packages/airflow/example_dags/example_complex.py took 0.114 seconds
[2024-02-16T16:32:28.372+0000] {processor.py:161} INFO - Started process (PID=160) to work on /home/airflow/.local/lib/python3.8/site-packages/airflow/example_dags/example_complex.py
[2024-02-16T16:32:28.372+0000] {processor.py:830} INFO - Processing file /home/airflow/.local/lib/python3.8/site-packages/airflow/example_dags/example_complex.py for tasks to queue
[2024-02-16T16:32:28.373+0000] {logging_mixin.py:188} INFO - [2024-02-16T16:32:28.373+0000] {dagbag.py:538} INFO - Filling up the DagBag from /home/airflow/.local/lib/python3.8/site-packages/airflow/example_dags/example_complex.py
[2024-02-16T16:32:28.381+0000] {processor.py:840} INFO - DAG(s) 'example_complex' retrieved from /home/airflow/.local/lib/python3.8/site-packages/airflow/example_dags/example_complex.py
[2024-02-16T16:32:28.403+0000] {logging_mixin.py:188} INFO - [2024-02-16T16:32:28.403+0000] {dag.py:3036} INFO - Sync 1 DAGs
[2024-02-16T16:32:28.412+0000] {logging_mixin.py:188} INFO - [2024-02-16T16:32:28.411+0000] {dag.py:3823} INFO - Setting next_dagrun for example_complex to None, run_after=None
[2024-02-16T16:32:28.423+0000] {processor.py:183} INFO - Processing /home/airflow/.local/lib/python3.8/site-packages/airflow/example_dags/example_complex.py took 0.054 seconds
[2024-02-16T16:32:58.483+0000] {processor.py:161} INFO - Started process (PID=216) to work on /home/airflow/.local/lib/python3.8/site-packages/airflow/example_dags/example_complex.py
[2024-02-16T16:32:58.484+0000] {processor.py:830} INFO - Processing file /home/airflow/.local/lib/python3.8/site-packages/airflow/example_dags/example_complex.py for tasks to queue
[2024-02-16T16:32:58.485+0000] {logging_mixin.py:188} INFO - [2024-02-16T16:32:58.485+0000] {dagbag.py:538} INFO - Filling up the DagBag from /home/airflow/.local/lib/python3.8/site-packages/airflow/example_dags/example_complex.py
[2024-02-16T16:32:58.493+0000] {processor.py:840} INFO - DAG(s) 'example_complex' retrieved from /home/airflow/.local/lib/python3.8/site-packages/airflow/example_dags/example_complex.py
[2024-02-16T16:32:58.527+0000] {logging_mixin.py:188} INFO - [2024-02-16T16:32:58.527+0000] {dag.py:3036} INFO - Sync 1 DAGs
[2024-02-16T16:32:58.537+0000] {logging_mixin.py:188} INFO - [2024-02-16T16:32:58.537+0000] {dag.py:3823} INFO - Setting next_dagrun for example_complex to None, run_after=None
[2024-02-16T16:32:58.550+0000] {processor.py:183} INFO - Processing /home/airflow/.local/lib/python3.8/site-packages/airflow/example_dags/example_complex.py took 0.069 seconds
[2024-02-16T16:33:28.824+0000] {processor.py:161} INFO - Started process (PID=272) to work on /home/airflow/.local/lib/python3.8/site-packages/airflow/example_dags/example_complex.py
[2024-02-16T16:33:28.825+0000] {processor.py:830} INFO - Processing file /home/airflow/.local/lib/python3.8/site-packages/airflow/example_dags/example_complex.py for tasks to queue
[2024-02-16T16:33:28.826+0000] {logging_mixin.py:188} INFO - [2024-02-16T16:33:28.826+0000] {dagbag.py:538} INFO - Filling up the DagBag from /home/airflow/.local/lib/python3.8/site-packages/airflow/example_dags/example_complex.py
[2024-02-16T16:33:28.834+0000] {processor.py:840} INFO - DAG(s) 'example_complex' retrieved from /home/airflow/.local/lib/python3.8/site-packages/airflow/example_dags/example_complex.py
[2024-02-16T16:33:28.856+0000] {logging_mixin.py:188} INFO - [2024-02-16T16:33:28.856+0000] {dag.py:3036} INFO - Sync 1 DAGs
[2024-02-16T16:33:28.866+0000] {logging_mixin.py:188} INFO - [2024-02-16T16:33:28.866+0000] {dag.py:3823} INFO - Setting next_dagrun for example_complex to None, run_after=None
[2024-02-16T16:33:28.879+0000] {processor.py:183} INFO - Processing /home/airflow/.local/lib/python3.8/site-packages/airflow/example_dags/example_complex.py took 0.056 seconds
[2024-02-16T16:33:58.954+0000] {processor.py:161} INFO - Started process (PID=328) to work on /home/airflow/.local/lib/python3.8/site-packages/airflow/example_dags/example_complex.py
[2024-02-16T16:33:58.955+0000] {processor.py:830} INFO - Processing file /home/airflow/.local/lib/python3.8/site-packages/airflow/example_dags/example_complex.py for tasks to queue
[2024-02-16T16:33:58.956+0000] {logging_mixin.py:188} INFO - [2024-02-16T16:33:58.955+0000] {dagbag.py:538} INFO - Filling up the DagBag from /home/airflow/.local/lib/python3.8/site-packages/airflow/example_dags/example_complex.py
[2024-02-16T16:33:58.965+0000] {processor.py:840} INFO - DAG(s) 'example_complex' retrieved from /home/airflow/.local/lib/python3.8/site-packages/airflow/example_dags/example_complex.py
[2024-02-16T16:33:58.989+0000] {logging_mixin.py:188} INFO - [2024-02-16T16:33:58.989+0000] {dag.py:3036} INFO - Sync 1 DAGs
[2024-02-16T16:33:58.998+0000] {logging_mixin.py:188} INFO - [2024-02-16T16:33:58.997+0000] {dag.py:3823} INFO - Setting next_dagrun for example_complex to None, run_after=None
[2024-02-16T16:33:59.011+0000] {processor.py:183} INFO - Processing /home/airflow/.local/lib/python3.8/site-packages/airflow/example_dags/example_complex.py took 0.059 seconds
[2024-02-16T16:34:29.280+0000] {processor.py:161} INFO - Started process (PID=384) to work on /home/airflow/.local/lib/python3.8/site-packages/airflow/example_dags/example_complex.py
[2024-02-16T16:34:29.281+0000] {processor.py:830} INFO - Processing file /home/airflow/.local/lib/python3.8/site-packages/airflow/example_dags/example_complex.py for tasks to queue
[2024-02-16T16:34:29.282+0000] {logging_mixin.py:188} INFO - [2024-02-16T16:34:29.281+0000] {dagbag.py:538} INFO - Filling up the DagBag from /home/airflow/.local/lib/python3.8/site-packages/airflow/example_dags/example_complex.py
[2024-02-16T16:34:29.291+0000] {processor.py:840} INFO - DAG(s) 'example_complex' retrieved from /home/airflow/.local/lib/python3.8/site-packages/airflow/example_dags/example_complex.py
[2024-02-16T16:34:29.315+0000] {logging_mixin.py:188} INFO - [2024-02-16T16:34:29.314+0000] {dag.py:3036} INFO - Sync 1 DAGs
[2024-02-16T16:34:29.324+0000] {logging_mixin.py:188} INFO - [2024-02-16T16:34:29.324+0000] {dag.py:3823} INFO - Setting next_dagrun for example_complex to None, run_after=None
[2024-02-16T16:34:29.338+0000] {processor.py:183} INFO - Processing /home/airflow/.local/lib/python3.8/site-packages/airflow/example_dags/example_complex.py took 0.060 seconds
[2024-02-16T16:34:59.508+0000] {processor.py:161} INFO - Started process (PID=440) to work on /home/airflow/.local/lib/python3.8/site-packages/airflow/example_dags/example_complex.py
[2024-02-16T16:34:59.508+0000] {processor.py:830} INFO - Processing file /home/airflow/.local/lib/python3.8/site-packages/airflow/example_dags/example_complex.py for tasks to queue
[2024-02-16T16:34:59.509+0000] {logging_mixin.py:188} INFO - [2024-02-16T16:34:59.509+0000] {dagbag.py:538} INFO - Filling up the DagBag from /home/airflow/.local/lib/python3.8/site-packages/airflow/example_dags/example_complex.py
[2024-02-16T16:34:59.518+0000] {processor.py:840} INFO - DAG(s) 'example_complex' retrieved from /home/airflow/.local/lib/python3.8/site-packages/airflow/example_dags/example_complex.py
[2024-02-16T16:34:59.540+0000] {logging_mixin.py:188} INFO - [2024-02-16T16:34:59.539+0000] {dag.py:3036} INFO - Sync 1 DAGs
[2024-02-16T16:34:59.548+0000] {logging_mixin.py:188} INFO - [2024-02-16T16:34:59.548+0000] {dag.py:3823} INFO - Setting next_dagrun for example_complex to None, run_after=None
[2024-02-16T16:34:59.560+0000] {processor.py:183} INFO - Processing /home/airflow/.local/lib/python3.8/site-packages/airflow/example_dags/example_complex.py took 0.054 seconds
[2024-02-16T16:35:29.705+0000] {processor.py:161} INFO - Started process (PID=496) to work on /home/airflow/.local/lib/python3.8/site-packages/airflow/example_dags/example_complex.py
[2024-02-16T16:35:29.705+0000] {processor.py:830} INFO - Processing file /home/airflow/.local/lib/python3.8/site-packages/airflow/example_dags/example_complex.py for tasks to queue
[2024-02-16T16:35:29.706+0000] {logging_mixin.py:188} INFO - [2024-02-16T16:35:29.706+0000] {dagbag.py:538} INFO - Filling up the DagBag from /home/airflow/.local/lib/python3.8/site-packages/airflow/example_dags/example_complex.py
[2024-02-16T16:35:29.715+0000] {processor.py:840} INFO - DAG(s) 'example_complex' retrieved from /home/airflow/.local/lib/python3.8/site-packages/airflow/example_dags/example_complex.py
[2024-02-16T16:35:29.737+0000] {logging_mixin.py:188} INFO - [2024-02-16T16:35:29.736+0000] {dag.py:3036} INFO - Sync 1 DAGs
[2024-02-16T16:35:29.745+0000] {logging_mixin.py:188} INFO - [2024-02-16T16:35:29.745+0000] {dag.py:3823} INFO - Setting next_dagrun for example_complex to None, run_after=None
[2024-02-16T16:35:29.758+0000] {processor.py:183} INFO - Processing /home/airflow/.local/lib/python3.8/site-packages/airflow/example_dags/example_complex.py took 0.055 seconds
[2024-02-16T16:35:59.910+0000] {processor.py:161} INFO - Started process (PID=552) to work on /home/airflow/.local/lib/python3.8/site-packages/airflow/example_dags/example_complex.py
[2024-02-16T16:35:59.911+0000] {processor.py:830} INFO - Processing file /home/airflow/.local/lib/python3.8/site-packages/airflow/example_dags/example_complex.py for tasks to queue
[2024-02-16T16:35:59.912+0000] {logging_mixin.py:188} INFO - [2024-02-16T16:35:59.912+0000] {dagbag.py:538} INFO - Filling up the DagBag from /home/airflow/.local/lib/python3.8/site-packages/airflow/example_dags/example_complex.py
[2024-02-16T16:35:59.923+0000] {processor.py:840} INFO - DAG(s) 'example_complex' retrieved from /home/airflow/.local/lib/python3.8/site-packages/airflow/example_dags/example_complex.py
[2024-02-16T16:35:59.948+0000] {logging_mixin.py:188} INFO - [2024-02-16T16:35:59.948+0000] {dag.py:3036} INFO - Sync 1 DAGs
[2024-02-16T16:35:59.958+0000] {logging_mixin.py:188} INFO - [2024-02-16T16:35:59.958+0000] {dag.py:3823} INFO - Setting next_dagrun for example_complex to None, run_after=None
[2024-02-16T16:35:59.972+0000] {processor.py:183} INFO - Processing /home/airflow/.local/lib/python3.8/site-packages/airflow/example_dags/example_complex.py took 0.064 seconds
[2024-02-16T16:36:30.954+0000] {processor.py:161} INFO - Started process (PID=608) to work on /home/airflow/.local/lib/python3.8/site-packages/airflow/example_dags/example_complex.py
[2024-02-16T16:36:30.955+0000] {processor.py:830} INFO - Processing file /home/airflow/.local/lib/python3.8/site-packages/airflow/example_dags/example_complex.py for tasks to queue
[2024-02-16T16:36:30.956+0000] {logging_mixin.py:188} INFO - [2024-02-16T16:36:30.956+0000] {dagbag.py:538} INFO - Filling up the DagBag from /home/airflow/.local/lib/python3.8/site-packages/airflow/example_dags/example_complex.py
[2024-02-16T16:36:30.965+0000] {processor.py:840} INFO - DAG(s) 'example_complex' retrieved from /home/airflow/.local/lib/python3.8/site-packages/airflow/example_dags/example_complex.py
[2024-02-16T16:36:30.988+0000] {logging_mixin.py:188} INFO - [2024-02-16T16:36:30.987+0000] {dag.py:3036} INFO - Sync 1 DAGs
[2024-02-16T16:36:30.996+0000] {logging_mixin.py:188} INFO - [2024-02-16T16:36:30.996+0000] {dag.py:3823} INFO - Setting next_dagrun for example_complex to None, run_after=None
[2024-02-16T16:36:31.009+0000] {processor.py:183} INFO - Processing /home/airflow/.local/lib/python3.8/site-packages/airflow/example_dags/example_complex.py took 0.056 seconds
[2024-02-16T16:37:01.368+0000] {processor.py:161} INFO - Started process (PID=665) to work on /home/airflow/.local/lib/python3.8/site-packages/airflow/example_dags/example_complex.py
[2024-02-16T16:37:01.368+0000] {processor.py:830} INFO - Processing file /home/airflow/.local/lib/python3.8/site-packages/airflow/example_dags/example_complex.py for tasks to queue
[2024-02-16T16:37:01.370+0000] {logging_mixin.py:188} INFO - [2024-02-16T16:37:01.369+0000] {dagbag.py:538} INFO - Filling up the DagBag from /home/airflow/.local/lib/python3.8/site-packages/airflow/example_dags/example_complex.py
[2024-02-16T16:37:01.378+0000] {processor.py:840} INFO - DAG(s) 'example_complex' retrieved from /home/airflow/.local/lib/python3.8/site-packages/airflow/example_dags/example_complex.py
[2024-02-16T16:37:01.401+0000] {logging_mixin.py:188} INFO - [2024-02-16T16:37:01.401+0000] {dag.py:3036} INFO - Sync 1 DAGs
[2024-02-16T16:37:01.410+0000] {logging_mixin.py:188} INFO - [2024-02-16T16:37:01.410+0000] {dag.py:3823} INFO - Setting next_dagrun for example_complex to None, run_after=None
[2024-02-16T16:37:01.423+0000] {processor.py:183} INFO - Processing /home/airflow/.local/lib/python3.8/site-packages/airflow/example_dags/example_complex.py took 0.057 seconds
[2024-02-16T16:37:31.680+0000] {processor.py:161} INFO - Started process (PID=722) to work on /home/airflow/.local/lib/python3.8/site-packages/airflow/example_dags/example_complex.py
[2024-02-16T16:37:31.681+0000] {processor.py:830} INFO - Processing file /home/airflow/.local/lib/python3.8/site-packages/airflow/example_dags/example_complex.py for tasks to queue
[2024-02-16T16:37:31.682+0000] {logging_mixin.py:188} INFO - [2024-02-16T16:37:31.682+0000] {dagbag.py:538} INFO - Filling up the DagBag from /home/airflow/.local/lib/python3.8/site-packages/airflow/example_dags/example_complex.py
[2024-02-16T16:37:31.690+0000] {processor.py:840} INFO - DAG(s) 'example_complex' retrieved from /home/airflow/.local/lib/python3.8/site-packages/airflow/example_dags/example_complex.py
[2024-02-16T16:37:31.714+0000] {logging_mixin.py:188} INFO - [2024-02-16T16:37:31.714+0000] {dag.py:3036} INFO - Sync 1 DAGs
[2024-02-16T16:37:31.723+0000] {logging_mixin.py:188} INFO - [2024-02-16T16:37:31.722+0000] {dag.py:3823} INFO - Setting next_dagrun for example_complex to None, run_after=None
[2024-02-16T16:37:31.736+0000] {processor.py:183} INFO - Processing /home/airflow/.local/lib/python3.8/site-packages/airflow/example_dags/example_complex.py took 0.058 seconds
[2024-02-16T16:39:15.826+0000] {processor.py:161} INFO - Started process (PID=49) to work on /home/airflow/.local/lib/python3.8/site-packages/airflow/example_dags/example_complex.py
[2024-02-16T16:39:15.826+0000] {processor.py:830} INFO - Processing file /home/airflow/.local/lib/python3.8/site-packages/airflow/example_dags/example_complex.py for tasks to queue
[2024-02-16T16:39:15.828+0000] {logging_mixin.py:188} INFO - [2024-02-16T16:39:15.827+0000] {dagbag.py:538} INFO - Filling up the DagBag from /home/airflow/.local/lib/python3.8/site-packages/airflow/example_dags/example_complex.py
[2024-02-16T16:39:15.839+0000] {processor.py:840} INFO - DAG(s) 'example_complex' retrieved from /home/airflow/.local/lib/python3.8/site-packages/airflow/example_dags/example_complex.py
[2024-02-16T16:39:15.849+0000] {logging_mixin.py:188} INFO - [2024-02-16T16:39:15.849+0000] {dag.py:3036} INFO - Sync 1 DAGs
[2024-02-16T16:39:15.858+0000] {logging_mixin.py:188} INFO - [2024-02-16T16:39:15.858+0000] {dag.py:3823} INFO - Setting next_dagrun for example_complex to None, run_after=None
[2024-02-16T16:39:15.873+0000] {processor.py:183} INFO - Processing /home/airflow/.local/lib/python3.8/site-packages/airflow/example_dags/example_complex.py took 0.049 seconds
[2024-02-16T16:39:46.240+0000] {processor.py:161} INFO - Started process (PID=104) to work on /home/airflow/.local/lib/python3.8/site-packages/airflow/example_dags/example_complex.py
[2024-02-16T16:39:46.241+0000] {processor.py:830} INFO - Processing file /home/airflow/.local/lib/python3.8/site-packages/airflow/example_dags/example_complex.py for tasks to queue
[2024-02-16T16:39:46.242+0000] {logging_mixin.py:188} INFO - [2024-02-16T16:39:46.242+0000] {dagbag.py:538} INFO - Filling up the DagBag from /home/airflow/.local/lib/python3.8/site-packages/airflow/example_dags/example_complex.py
[2024-02-16T16:39:46.251+0000] {processor.py:840} INFO - DAG(s) 'example_complex' retrieved from /home/airflow/.local/lib/python3.8/site-packages/airflow/example_dags/example_complex.py
[2024-02-16T16:39:46.330+0000] {logging_mixin.py:188} INFO - [2024-02-16T16:39:46.330+0000] {dag.py:3036} INFO - Sync 1 DAGs
[2024-02-16T16:39:46.338+0000] {logging_mixin.py:188} INFO - [2024-02-16T16:39:46.338+0000] {dag.py:3823} INFO - Setting next_dagrun for example_complex to None, run_after=None
[2024-02-16T16:39:46.351+0000] {processor.py:183} INFO - Processing /home/airflow/.local/lib/python3.8/site-packages/airflow/example_dags/example_complex.py took 0.112 seconds
[2024-02-16T16:40:16.636+0000] {processor.py:161} INFO - Started process (PID=161) to work on /home/airflow/.local/lib/python3.8/site-packages/airflow/example_dags/example_complex.py
[2024-02-16T16:40:16.637+0000] {processor.py:830} INFO - Processing file /home/airflow/.local/lib/python3.8/site-packages/airflow/example_dags/example_complex.py for tasks to queue
[2024-02-16T16:40:16.638+0000] {logging_mixin.py:188} INFO - [2024-02-16T16:40:16.637+0000] {dagbag.py:538} INFO - Filling up the DagBag from /home/airflow/.local/lib/python3.8/site-packages/airflow/example_dags/example_complex.py
[2024-02-16T16:40:16.646+0000] {processor.py:840} INFO - DAG(s) 'example_complex' retrieved from /home/airflow/.local/lib/python3.8/site-packages/airflow/example_dags/example_complex.py
[2024-02-16T16:40:16.667+0000] {logging_mixin.py:188} INFO - [2024-02-16T16:40:16.667+0000] {dag.py:3036} INFO - Sync 1 DAGs
[2024-02-16T16:40:16.676+0000] {logging_mixin.py:188} INFO - [2024-02-16T16:40:16.676+0000] {dag.py:3823} INFO - Setting next_dagrun for example_complex to None, run_after=None
[2024-02-16T16:40:16.688+0000] {processor.py:183} INFO - Processing /home/airflow/.local/lib/python3.8/site-packages/airflow/example_dags/example_complex.py took 0.054 seconds
[2024-02-16T16:40:46.731+0000] {processor.py:161} INFO - Started process (PID=218) to work on /home/airflow/.local/lib/python3.8/site-packages/airflow/example_dags/example_complex.py
[2024-02-16T16:40:46.732+0000] {processor.py:830} INFO - Processing file /home/airflow/.local/lib/python3.8/site-packages/airflow/example_dags/example_complex.py for tasks to queue
[2024-02-16T16:40:46.733+0000] {logging_mixin.py:188} INFO - [2024-02-16T16:40:46.733+0000] {dagbag.py:538} INFO - Filling up the DagBag from /home/airflow/.local/lib/python3.8/site-packages/airflow/example_dags/example_complex.py
[2024-02-16T16:40:46.742+0000] {processor.py:840} INFO - DAG(s) 'example_complex' retrieved from /home/airflow/.local/lib/python3.8/site-packages/airflow/example_dags/example_complex.py
[2024-02-16T16:40:46.764+0000] {logging_mixin.py:188} INFO - [2024-02-16T16:40:46.764+0000] {dag.py:3036} INFO - Sync 1 DAGs
[2024-02-16T16:40:46.773+0000] {logging_mixin.py:188} INFO - [2024-02-16T16:40:46.772+0000] {dag.py:3823} INFO - Setting next_dagrun for example_complex to None, run_after=None
[2024-02-16T16:40:46.787+0000] {processor.py:183} INFO - Processing /home/airflow/.local/lib/python3.8/site-packages/airflow/example_dags/example_complex.py took 0.058 seconds
[2024-02-16T16:41:17.171+0000] {processor.py:161} INFO - Started process (PID=275) to work on /home/airflow/.local/lib/python3.8/site-packages/airflow/example_dags/example_complex.py
[2024-02-16T16:41:17.172+0000] {processor.py:830} INFO - Processing file /home/airflow/.local/lib/python3.8/site-packages/airflow/example_dags/example_complex.py for tasks to queue
[2024-02-16T16:41:17.173+0000] {logging_mixin.py:188} INFO - [2024-02-16T16:41:17.173+0000] {dagbag.py:538} INFO - Filling up the DagBag from /home/airflow/.local/lib/python3.8/site-packages/airflow/example_dags/example_complex.py
[2024-02-16T16:41:17.184+0000] {processor.py:840} INFO - DAG(s) 'example_complex' retrieved from /home/airflow/.local/lib/python3.8/site-packages/airflow/example_dags/example_complex.py
[2024-02-16T16:41:17.208+0000] {logging_mixin.py:188} INFO - [2024-02-16T16:41:17.207+0000] {dag.py:3036} INFO - Sync 1 DAGs
[2024-02-16T16:41:17.217+0000] {logging_mixin.py:188} INFO - [2024-02-16T16:41:17.216+0000] {dag.py:3823} INFO - Setting next_dagrun for example_complex to None, run_after=None
[2024-02-16T16:41:17.232+0000] {processor.py:183} INFO - Processing /home/airflow/.local/lib/python3.8/site-packages/airflow/example_dags/example_complex.py took 0.062 seconds
[2024-02-16T16:41:47.659+0000] {processor.py:161} INFO - Started process (PID=333) to work on /home/airflow/.local/lib/python3.8/site-packages/airflow/example_dags/example_complex.py
[2024-02-16T16:41:47.660+0000] {processor.py:830} INFO - Processing file /home/airflow/.local/lib/python3.8/site-packages/airflow/example_dags/example_complex.py for tasks to queue
[2024-02-16T16:41:47.662+0000] {logging_mixin.py:188} INFO - [2024-02-16T16:41:47.661+0000] {dagbag.py:538} INFO - Filling up the DagBag from /home/airflow/.local/lib/python3.8/site-packages/airflow/example_dags/example_complex.py
[2024-02-16T16:41:47.670+0000] {processor.py:840} INFO - DAG(s) 'example_complex' retrieved from /home/airflow/.local/lib/python3.8/site-packages/airflow/example_dags/example_complex.py
[2024-02-16T16:41:47.695+0000] {logging_mixin.py:188} INFO - [2024-02-16T16:41:47.695+0000] {dag.py:3036} INFO - Sync 1 DAGs
[2024-02-16T16:41:47.704+0000] {logging_mixin.py:188} INFO - [2024-02-16T16:41:47.704+0000] {dag.py:3823} INFO - Setting next_dagrun for example_complex to None, run_after=None
[2024-02-16T16:41:47.719+0000] {processor.py:183} INFO - Processing /home/airflow/.local/lib/python3.8/site-packages/airflow/example_dags/example_complex.py took 0.062 seconds
[2024-02-16T16:42:17.905+0000] {processor.py:161} INFO - Started process (PID=390) to work on /home/airflow/.local/lib/python3.8/site-packages/airflow/example_dags/example_complex.py
[2024-02-16T16:42:17.905+0000] {processor.py:830} INFO - Processing file /home/airflow/.local/lib/python3.8/site-packages/airflow/example_dags/example_complex.py for tasks to queue
[2024-02-16T16:42:17.907+0000] {logging_mixin.py:188} INFO - [2024-02-16T16:42:17.906+0000] {dagbag.py:538} INFO - Filling up the DagBag from /home/airflow/.local/lib/python3.8/site-packages/airflow/example_dags/example_complex.py
[2024-02-16T16:42:17.915+0000] {processor.py:840} INFO - DAG(s) 'example_complex' retrieved from /home/airflow/.local/lib/python3.8/site-packages/airflow/example_dags/example_complex.py
[2024-02-16T16:42:17.939+0000] {logging_mixin.py:188} INFO - [2024-02-16T16:42:17.938+0000] {dag.py:3036} INFO - Sync 1 DAGs
[2024-02-16T16:42:17.948+0000] {logging_mixin.py:188} INFO - [2024-02-16T16:42:17.948+0000] {dag.py:3823} INFO - Setting next_dagrun for example_complex to None, run_after=None
[2024-02-16T16:42:17.962+0000] {processor.py:183} INFO - Processing /home/airflow/.local/lib/python3.8/site-packages/airflow/example_dags/example_complex.py took 0.059 seconds
[2024-02-16T16:42:48.299+0000] {processor.py:161} INFO - Started process (PID=447) to work on /home/airflow/.local/lib/python3.8/site-packages/airflow/example_dags/example_complex.py
[2024-02-16T16:42:48.300+0000] {processor.py:830} INFO - Processing file /home/airflow/.local/lib/python3.8/site-packages/airflow/example_dags/example_complex.py for tasks to queue
[2024-02-16T16:42:48.301+0000] {logging_mixin.py:188} INFO - [2024-02-16T16:42:48.301+0000] {dagbag.py:538} INFO - Filling up the DagBag from /home/airflow/.local/lib/python3.8/site-packages/airflow/example_dags/example_complex.py
[2024-02-16T16:42:48.310+0000] {processor.py:840} INFO - DAG(s) 'example_complex' retrieved from /home/airflow/.local/lib/python3.8/site-packages/airflow/example_dags/example_complex.py
[2024-02-16T16:42:48.347+0000] {logging_mixin.py:188} INFO - [2024-02-16T16:42:48.347+0000] {dag.py:3036} INFO - Sync 1 DAGs
[2024-02-16T16:42:48.360+0000] {logging_mixin.py:188} INFO - [2024-02-16T16:42:48.360+0000] {dag.py:3823} INFO - Setting next_dagrun for example_complex to None, run_after=None
[2024-02-16T16:42:48.379+0000] {processor.py:183} INFO - Processing /home/airflow/.local/lib/python3.8/site-packages/airflow/example_dags/example_complex.py took 0.082 seconds
[2024-02-16T16:43:18.730+0000] {processor.py:161} INFO - Started process (PID=504) to work on /home/airflow/.local/lib/python3.8/site-packages/airflow/example_dags/example_complex.py
[2024-02-16T16:43:18.731+0000] {processor.py:830} INFO - Processing file /home/airflow/.local/lib/python3.8/site-packages/airflow/example_dags/example_complex.py for tasks to queue
[2024-02-16T16:43:18.732+0000] {logging_mixin.py:188} INFO - [2024-02-16T16:43:18.732+0000] {dagbag.py:538} INFO - Filling up the DagBag from /home/airflow/.local/lib/python3.8/site-packages/airflow/example_dags/example_complex.py
[2024-02-16T16:43:18.741+0000] {processor.py:840} INFO - DAG(s) 'example_complex' retrieved from /home/airflow/.local/lib/python3.8/site-packages/airflow/example_dags/example_complex.py
[2024-02-16T16:43:18.766+0000] {logging_mixin.py:188} INFO - [2024-02-16T16:43:18.766+0000] {dag.py:3036} INFO - Sync 1 DAGs
[2024-02-16T16:43:18.775+0000] {logging_mixin.py:188} INFO - [2024-02-16T16:43:18.775+0000] {dag.py:3823} INFO - Setting next_dagrun for example_complex to None, run_after=None
[2024-02-16T16:43:18.790+0000] {processor.py:183} INFO - Processing /home/airflow/.local/lib/python3.8/site-packages/airflow/example_dags/example_complex.py took 0.062 seconds
[2024-02-16T16:43:49.136+0000] {processor.py:161} INFO - Started process (PID=561) to work on /home/airflow/.local/lib/python3.8/site-packages/airflow/example_dags/example_complex.py
[2024-02-16T16:43:49.137+0000] {processor.py:830} INFO - Processing file /home/airflow/.local/lib/python3.8/site-packages/airflow/example_dags/example_complex.py for tasks to queue
[2024-02-16T16:43:49.139+0000] {logging_mixin.py:188} INFO - [2024-02-16T16:43:49.138+0000] {dagbag.py:538} INFO - Filling up the DagBag from /home/airflow/.local/lib/python3.8/site-packages/airflow/example_dags/example_complex.py
[2024-02-16T16:43:49.150+0000] {processor.py:840} INFO - DAG(s) 'example_complex' retrieved from /home/airflow/.local/lib/python3.8/site-packages/airflow/example_dags/example_complex.py
[2024-02-16T16:43:49.183+0000] {logging_mixin.py:188} INFO - [2024-02-16T16:43:49.183+0000] {dag.py:3036} INFO - Sync 1 DAGs
[2024-02-16T16:43:49.200+0000] {logging_mixin.py:188} INFO - [2024-02-16T16:43:49.200+0000] {dag.py:3823} INFO - Setting next_dagrun for example_complex to None, run_after=None
[2024-02-16T16:43:49.239+0000] {processor.py:183} INFO - Processing /home/airflow/.local/lib/python3.8/site-packages/airflow/example_dags/example_complex.py took 0.106 seconds
