[2024-02-16T16:20:17.370+0000] {processor.py:161} INFO - Started process (PID=50) to work on /home/airflow/.local/lib/python3.8/site-packages/airflow/example_dags/example_xcomargs.py
[2024-02-16T16:20:17.371+0000] {processor.py:830} INFO - Processing file /home/airflow/.local/lib/python3.8/site-packages/airflow/example_dags/example_xcomargs.py for tasks to queue
[2024-02-16T16:20:17.373+0000] {logging_mixin.py:188} INFO - [2024-02-16T16:20:17.372+0000] {dagbag.py:538} INFO - Filling up the DagBag from /home/airflow/.local/lib/python3.8/site-packages/airflow/example_dags/example_xcomargs.py
[2024-02-16T16:20:17.383+0000] {processor.py:840} INFO - DAG(s) 'example_xcom_args_with_operators', 'example_xcom_args' retrieved from /home/airflow/.local/lib/python3.8/site-packages/airflow/example_dags/example_xcomargs.py
[2024-02-16T16:20:17.394+0000] {logging_mixin.py:188} INFO - [2024-02-16T16:20:17.394+0000] {dag.py:3036} INFO - Sync 2 DAGs
[2024-02-16T16:20:17.408+0000] {logging_mixin.py:188} INFO - [2024-02-16T16:20:17.407+0000] {dag.py:3823} INFO - Setting next_dagrun for example_xcom_args to None, run_after=None
[2024-02-16T16:20:17.417+0000] {logging_mixin.py:188} INFO - [2024-02-16T16:20:17.416+0000] {dag.py:3823} INFO - Setting next_dagrun for example_xcom_args_with_operators to None, run_after=None
[2024-02-16T16:20:17.436+0000] {processor.py:183} INFO - Processing /home/airflow/.local/lib/python3.8/site-packages/airflow/example_dags/example_xcomargs.py took 0.069 seconds
[2024-02-16T16:20:47.763+0000] {processor.py:161} INFO - Started process (PID=105) to work on /home/airflow/.local/lib/python3.8/site-packages/airflow/example_dags/example_xcomargs.py
[2024-02-16T16:20:47.764+0000] {processor.py:830} INFO - Processing file /home/airflow/.local/lib/python3.8/site-packages/airflow/example_dags/example_xcomargs.py for tasks to queue
[2024-02-16T16:20:47.765+0000] {logging_mixin.py:188} INFO - [2024-02-16T16:20:47.765+0000] {dagbag.py:538} INFO - Filling up the DagBag from /home/airflow/.local/lib/python3.8/site-packages/airflow/example_dags/example_xcomargs.py
[2024-02-16T16:20:47.770+0000] {processor.py:840} INFO - DAG(s) 'example_xcom_args_with_operators', 'example_xcom_args' retrieved from /home/airflow/.local/lib/python3.8/site-packages/airflow/example_dags/example_xcomargs.py
[2024-02-16T16:20:47.855+0000] {logging_mixin.py:188} INFO - [2024-02-16T16:20:47.854+0000] {dag.py:3036} INFO - Sync 2 DAGs
[2024-02-16T16:20:47.864+0000] {logging_mixin.py:188} INFO - [2024-02-16T16:20:47.864+0000] {dag.py:3823} INFO - Setting next_dagrun for example_xcom_args to None, run_after=None
[2024-02-16T16:20:47.867+0000] {logging_mixin.py:188} INFO - [2024-02-16T16:20:47.867+0000] {dag.py:3823} INFO - Setting next_dagrun for example_xcom_args_with_operators to None, run_after=None
[2024-02-16T16:20:47.879+0000] {processor.py:183} INFO - Processing /home/airflow/.local/lib/python3.8/site-packages/airflow/example_dags/example_xcomargs.py took 0.119 seconds
[2024-02-16T16:21:17.994+0000] {processor.py:161} INFO - Started process (PID=160) to work on /home/airflow/.local/lib/python3.8/site-packages/airflow/example_dags/example_xcomargs.py
[2024-02-16T16:21:17.995+0000] {processor.py:830} INFO - Processing file /home/airflow/.local/lib/python3.8/site-packages/airflow/example_dags/example_xcomargs.py for tasks to queue
[2024-02-16T16:21:17.996+0000] {logging_mixin.py:188} INFO - [2024-02-16T16:21:17.995+0000] {dagbag.py:538} INFO - Filling up the DagBag from /home/airflow/.local/lib/python3.8/site-packages/airflow/example_dags/example_xcomargs.py
[2024-02-16T16:21:18.001+0000] {processor.py:840} INFO - DAG(s) 'example_xcom_args_with_operators', 'example_xcom_args' retrieved from /home/airflow/.local/lib/python3.8/site-packages/airflow/example_dags/example_xcomargs.py
[2024-02-16T16:21:18.018+0000] {logging_mixin.py:188} INFO - [2024-02-16T16:21:18.017+0000] {dag.py:3036} INFO - Sync 2 DAGs
[2024-02-16T16:21:18.027+0000] {logging_mixin.py:188} INFO - [2024-02-16T16:21:18.027+0000] {dag.py:3823} INFO - Setting next_dagrun for example_xcom_args to None, run_after=None
[2024-02-16T16:21:18.030+0000] {logging_mixin.py:188} INFO - [2024-02-16T16:21:18.029+0000] {dag.py:3823} INFO - Setting next_dagrun for example_xcom_args_with_operators to None, run_after=None
[2024-02-16T16:21:18.041+0000] {processor.py:183} INFO - Processing /home/airflow/.local/lib/python3.8/site-packages/airflow/example_dags/example_xcomargs.py took 0.049 seconds
[2024-02-16T16:21:48.388+0000] {processor.py:161} INFO - Started process (PID=215) to work on /home/airflow/.local/lib/python3.8/site-packages/airflow/example_dags/example_xcomargs.py
[2024-02-16T16:21:48.389+0000] {processor.py:830} INFO - Processing file /home/airflow/.local/lib/python3.8/site-packages/airflow/example_dags/example_xcomargs.py for tasks to queue
[2024-02-16T16:21:48.390+0000] {logging_mixin.py:188} INFO - [2024-02-16T16:21:48.390+0000] {dagbag.py:538} INFO - Filling up the DagBag from /home/airflow/.local/lib/python3.8/site-packages/airflow/example_dags/example_xcomargs.py
[2024-02-16T16:21:48.395+0000] {processor.py:840} INFO - DAG(s) 'example_xcom_args', 'example_xcom_args_with_operators' retrieved from /home/airflow/.local/lib/python3.8/site-packages/airflow/example_dags/example_xcomargs.py
[2024-02-16T16:21:48.411+0000] {logging_mixin.py:188} INFO - [2024-02-16T16:21:48.411+0000] {dag.py:3036} INFO - Sync 2 DAGs
[2024-02-16T16:21:48.420+0000] {logging_mixin.py:188} INFO - [2024-02-16T16:21:48.420+0000] {dag.py:3823} INFO - Setting next_dagrun for example_xcom_args to None, run_after=None
[2024-02-16T16:21:48.424+0000] {logging_mixin.py:188} INFO - [2024-02-16T16:21:48.423+0000] {dag.py:3823} INFO - Setting next_dagrun for example_xcom_args_with_operators to None, run_after=None
[2024-02-16T16:21:48.435+0000] {processor.py:183} INFO - Processing /home/airflow/.local/lib/python3.8/site-packages/airflow/example_dags/example_xcomargs.py took 0.049 seconds
[2024-02-16T16:22:18.525+0000] {processor.py:161} INFO - Started process (PID=270) to work on /home/airflow/.local/lib/python3.8/site-packages/airflow/example_dags/example_xcomargs.py
[2024-02-16T16:22:18.525+0000] {processor.py:830} INFO - Processing file /home/airflow/.local/lib/python3.8/site-packages/airflow/example_dags/example_xcomargs.py for tasks to queue
[2024-02-16T16:22:18.526+0000] {logging_mixin.py:188} INFO - [2024-02-16T16:22:18.526+0000] {dagbag.py:538} INFO - Filling up the DagBag from /home/airflow/.local/lib/python3.8/site-packages/airflow/example_dags/example_xcomargs.py
[2024-02-16T16:22:18.532+0000] {processor.py:840} INFO - DAG(s) 'example_xcom_args_with_operators', 'example_xcom_args' retrieved from /home/airflow/.local/lib/python3.8/site-packages/airflow/example_dags/example_xcomargs.py
[2024-02-16T16:22:18.550+0000] {logging_mixin.py:188} INFO - [2024-02-16T16:22:18.549+0000] {dag.py:3036} INFO - Sync 2 DAGs
[2024-02-16T16:22:18.559+0000] {logging_mixin.py:188} INFO - [2024-02-16T16:22:18.559+0000] {dag.py:3823} INFO - Setting next_dagrun for example_xcom_args to None, run_after=None
[2024-02-16T16:22:18.562+0000] {logging_mixin.py:188} INFO - [2024-02-16T16:22:18.562+0000] {dag.py:3823} INFO - Setting next_dagrun for example_xcom_args_with_operators to None, run_after=None
[2024-02-16T16:22:18.574+0000] {processor.py:183} INFO - Processing /home/airflow/.local/lib/python3.8/site-packages/airflow/example_dags/example_xcomargs.py took 0.051 seconds
[2024-02-16T16:22:48.698+0000] {processor.py:161} INFO - Started process (PID=325) to work on /home/airflow/.local/lib/python3.8/site-packages/airflow/example_dags/example_xcomargs.py
[2024-02-16T16:22:48.699+0000] {processor.py:830} INFO - Processing file /home/airflow/.local/lib/python3.8/site-packages/airflow/example_dags/example_xcomargs.py for tasks to queue
[2024-02-16T16:22:48.700+0000] {logging_mixin.py:188} INFO - [2024-02-16T16:22:48.700+0000] {dagbag.py:538} INFO - Filling up the DagBag from /home/airflow/.local/lib/python3.8/site-packages/airflow/example_dags/example_xcomargs.py
[2024-02-16T16:22:48.706+0000] {processor.py:840} INFO - DAG(s) 'example_xcom_args', 'example_xcom_args_with_operators' retrieved from /home/airflow/.local/lib/python3.8/site-packages/airflow/example_dags/example_xcomargs.py
[2024-02-16T16:22:48.724+0000] {logging_mixin.py:188} INFO - [2024-02-16T16:22:48.724+0000] {dag.py:3036} INFO - Sync 2 DAGs
[2024-02-16T16:22:48.735+0000] {logging_mixin.py:188} INFO - [2024-02-16T16:22:48.734+0000] {dag.py:3823} INFO - Setting next_dagrun for example_xcom_args to None, run_after=None
[2024-02-16T16:22:48.738+0000] {logging_mixin.py:188} INFO - [2024-02-16T16:22:48.738+0000] {dag.py:3823} INFO - Setting next_dagrun for example_xcom_args_with_operators to None, run_after=None
[2024-02-16T16:22:48.752+0000] {processor.py:183} INFO - Processing /home/airflow/.local/lib/python3.8/site-packages/airflow/example_dags/example_xcomargs.py took 0.056 seconds
[2024-02-16T16:23:18.947+0000] {processor.py:161} INFO - Started process (PID=380) to work on /home/airflow/.local/lib/python3.8/site-packages/airflow/example_dags/example_xcomargs.py
[2024-02-16T16:23:18.947+0000] {processor.py:830} INFO - Processing file /home/airflow/.local/lib/python3.8/site-packages/airflow/example_dags/example_xcomargs.py for tasks to queue
[2024-02-16T16:23:18.949+0000] {logging_mixin.py:188} INFO - [2024-02-16T16:23:18.948+0000] {dagbag.py:538} INFO - Filling up the DagBag from /home/airflow/.local/lib/python3.8/site-packages/airflow/example_dags/example_xcomargs.py
[2024-02-16T16:23:18.955+0000] {processor.py:840} INFO - DAG(s) 'example_xcom_args_with_operators', 'example_xcom_args' retrieved from /home/airflow/.local/lib/python3.8/site-packages/airflow/example_dags/example_xcomargs.py
[2024-02-16T16:23:18.973+0000] {logging_mixin.py:188} INFO - [2024-02-16T16:23:18.973+0000] {dag.py:3036} INFO - Sync 2 DAGs
[2024-02-16T16:23:18.983+0000] {logging_mixin.py:188} INFO - [2024-02-16T16:23:18.983+0000] {dag.py:3823} INFO - Setting next_dagrun for example_xcom_args to None, run_after=None
[2024-02-16T16:23:18.987+0000] {logging_mixin.py:188} INFO - [2024-02-16T16:23:18.986+0000] {dag.py:3823} INFO - Setting next_dagrun for example_xcom_args_with_operators to None, run_after=None
[2024-02-16T16:23:19.000+0000] {processor.py:183} INFO - Processing /home/airflow/.local/lib/python3.8/site-packages/airflow/example_dags/example_xcomargs.py took 0.055 seconds
[2024-02-16T16:23:49.213+0000] {processor.py:161} INFO - Started process (PID=435) to work on /home/airflow/.local/lib/python3.8/site-packages/airflow/example_dags/example_xcomargs.py
[2024-02-16T16:23:49.214+0000] {processor.py:830} INFO - Processing file /home/airflow/.local/lib/python3.8/site-packages/airflow/example_dags/example_xcomargs.py for tasks to queue
[2024-02-16T16:23:49.215+0000] {logging_mixin.py:188} INFO - [2024-02-16T16:23:49.214+0000] {dagbag.py:538} INFO - Filling up the DagBag from /home/airflow/.local/lib/python3.8/site-packages/airflow/example_dags/example_xcomargs.py
[2024-02-16T16:23:49.220+0000] {processor.py:840} INFO - DAG(s) 'example_xcom_args_with_operators', 'example_xcom_args' retrieved from /home/airflow/.local/lib/python3.8/site-packages/airflow/example_dags/example_xcomargs.py
[2024-02-16T16:23:49.238+0000] {logging_mixin.py:188} INFO - [2024-02-16T16:23:49.238+0000] {dag.py:3036} INFO - Sync 2 DAGs
[2024-02-16T16:23:49.249+0000] {logging_mixin.py:188} INFO - [2024-02-16T16:23:49.249+0000] {dag.py:3823} INFO - Setting next_dagrun for example_xcom_args to None, run_after=None
[2024-02-16T16:23:49.252+0000] {logging_mixin.py:188} INFO - [2024-02-16T16:23:49.251+0000] {dag.py:3823} INFO - Setting next_dagrun for example_xcom_args_with_operators to None, run_after=None
[2024-02-16T16:23:49.265+0000] {processor.py:183} INFO - Processing /home/airflow/.local/lib/python3.8/site-packages/airflow/example_dags/example_xcomargs.py took 0.054 seconds
[2024-02-16T16:24:19.464+0000] {processor.py:161} INFO - Started process (PID=490) to work on /home/airflow/.local/lib/python3.8/site-packages/airflow/example_dags/example_xcomargs.py
[2024-02-16T16:24:19.464+0000] {processor.py:830} INFO - Processing file /home/airflow/.local/lib/python3.8/site-packages/airflow/example_dags/example_xcomargs.py for tasks to queue
[2024-02-16T16:24:19.465+0000] {logging_mixin.py:188} INFO - [2024-02-16T16:24:19.465+0000] {dagbag.py:538} INFO - Filling up the DagBag from /home/airflow/.local/lib/python3.8/site-packages/airflow/example_dags/example_xcomargs.py
[2024-02-16T16:24:19.471+0000] {processor.py:840} INFO - DAG(s) 'example_xcom_args', 'example_xcom_args_with_operators' retrieved from /home/airflow/.local/lib/python3.8/site-packages/airflow/example_dags/example_xcomargs.py
[2024-02-16T16:24:19.488+0000] {logging_mixin.py:188} INFO - [2024-02-16T16:24:19.487+0000] {dag.py:3036} INFO - Sync 2 DAGs
[2024-02-16T16:24:19.497+0000] {logging_mixin.py:188} INFO - [2024-02-16T16:24:19.497+0000] {dag.py:3823} INFO - Setting next_dagrun for example_xcom_args to None, run_after=None
[2024-02-16T16:24:19.500+0000] {logging_mixin.py:188} INFO - [2024-02-16T16:24:19.500+0000] {dag.py:3823} INFO - Setting next_dagrun for example_xcom_args_with_operators to None, run_after=None
[2024-02-16T16:24:19.515+0000] {processor.py:183} INFO - Processing /home/airflow/.local/lib/python3.8/site-packages/airflow/example_dags/example_xcomargs.py took 0.053 seconds
[2024-02-16T16:24:49.691+0000] {processor.py:161} INFO - Started process (PID=545) to work on /home/airflow/.local/lib/python3.8/site-packages/airflow/example_dags/example_xcomargs.py
[2024-02-16T16:24:49.691+0000] {processor.py:830} INFO - Processing file /home/airflow/.local/lib/python3.8/site-packages/airflow/example_dags/example_xcomargs.py for tasks to queue
[2024-02-16T16:24:49.692+0000] {logging_mixin.py:188} INFO - [2024-02-16T16:24:49.692+0000] {dagbag.py:538} INFO - Filling up the DagBag from /home/airflow/.local/lib/python3.8/site-packages/airflow/example_dags/example_xcomargs.py
[2024-02-16T16:24:49.698+0000] {processor.py:840} INFO - DAG(s) 'example_xcom_args', 'example_xcom_args_with_operators' retrieved from /home/airflow/.local/lib/python3.8/site-packages/airflow/example_dags/example_xcomargs.py
[2024-02-16T16:24:49.715+0000] {logging_mixin.py:188} INFO - [2024-02-16T16:24:49.714+0000] {dag.py:3036} INFO - Sync 2 DAGs
[2024-02-16T16:24:49.724+0000] {logging_mixin.py:188} INFO - [2024-02-16T16:24:49.724+0000] {dag.py:3823} INFO - Setting next_dagrun for example_xcom_args to None, run_after=None
[2024-02-16T16:24:49.727+0000] {logging_mixin.py:188} INFO - [2024-02-16T16:24:49.727+0000] {dag.py:3823} INFO - Setting next_dagrun for example_xcom_args_with_operators to None, run_after=None
[2024-02-16T16:24:49.740+0000] {processor.py:183} INFO - Processing /home/airflow/.local/lib/python3.8/site-packages/airflow/example_dags/example_xcomargs.py took 0.051 seconds
[2024-02-16T16:25:19.855+0000] {processor.py:161} INFO - Started process (PID=599) to work on /home/airflow/.local/lib/python3.8/site-packages/airflow/example_dags/example_xcomargs.py
[2024-02-16T16:25:19.856+0000] {processor.py:830} INFO - Processing file /home/airflow/.local/lib/python3.8/site-packages/airflow/example_dags/example_xcomargs.py for tasks to queue
[2024-02-16T16:25:19.857+0000] {logging_mixin.py:188} INFO - [2024-02-16T16:25:19.857+0000] {dagbag.py:538} INFO - Filling up the DagBag from /home/airflow/.local/lib/python3.8/site-packages/airflow/example_dags/example_xcomargs.py
[2024-02-16T16:25:19.864+0000] {processor.py:840} INFO - DAG(s) 'example_xcom_args_with_operators', 'example_xcom_args' retrieved from /home/airflow/.local/lib/python3.8/site-packages/airflow/example_dags/example_xcomargs.py
[2024-02-16T16:25:19.883+0000] {logging_mixin.py:188} INFO - [2024-02-16T16:25:19.883+0000] {dag.py:3036} INFO - Sync 2 DAGs
[2024-02-16T16:25:19.892+0000] {logging_mixin.py:188} INFO - [2024-02-16T16:25:19.892+0000] {dag.py:3823} INFO - Setting next_dagrun for example_xcom_args to None, run_after=None
[2024-02-16T16:25:19.896+0000] {logging_mixin.py:188} INFO - [2024-02-16T16:25:19.896+0000] {dag.py:3823} INFO - Setting next_dagrun for example_xcom_args_with_operators to None, run_after=None
[2024-02-16T16:25:19.910+0000] {processor.py:183} INFO - Processing /home/airflow/.local/lib/python3.8/site-packages/airflow/example_dags/example_xcomargs.py took 0.057 seconds
[2024-02-16T16:25:50.171+0000] {processor.py:161} INFO - Started process (PID=654) to work on /home/airflow/.local/lib/python3.8/site-packages/airflow/example_dags/example_xcomargs.py
[2024-02-16T16:25:50.172+0000] {processor.py:830} INFO - Processing file /home/airflow/.local/lib/python3.8/site-packages/airflow/example_dags/example_xcomargs.py for tasks to queue
[2024-02-16T16:25:50.173+0000] {logging_mixin.py:188} INFO - [2024-02-16T16:25:50.173+0000] {dagbag.py:538} INFO - Filling up the DagBag from /home/airflow/.local/lib/python3.8/site-packages/airflow/example_dags/example_xcomargs.py
[2024-02-16T16:25:50.178+0000] {processor.py:840} INFO - DAG(s) 'example_xcom_args_with_operators', 'example_xcom_args' retrieved from /home/airflow/.local/lib/python3.8/site-packages/airflow/example_dags/example_xcomargs.py
[2024-02-16T16:25:50.194+0000] {logging_mixin.py:188} INFO - [2024-02-16T16:25:50.194+0000] {dag.py:3036} INFO - Sync 2 DAGs
[2024-02-16T16:25:50.203+0000] {logging_mixin.py:188} INFO - [2024-02-16T16:25:50.202+0000] {dag.py:3823} INFO - Setting next_dagrun for example_xcom_args to None, run_after=None
[2024-02-16T16:25:50.205+0000] {logging_mixin.py:188} INFO - [2024-02-16T16:25:50.205+0000] {dag.py:3823} INFO - Setting next_dagrun for example_xcom_args_with_operators to None, run_after=None
[2024-02-16T16:25:50.217+0000] {processor.py:183} INFO - Processing /home/airflow/.local/lib/python3.8/site-packages/airflow/example_dags/example_xcomargs.py took 0.047 seconds
[2024-02-16T16:26:20.284+0000] {processor.py:161} INFO - Started process (PID=709) to work on /home/airflow/.local/lib/python3.8/site-packages/airflow/example_dags/example_xcomargs.py
[2024-02-16T16:26:20.285+0000] {processor.py:830} INFO - Processing file /home/airflow/.local/lib/python3.8/site-packages/airflow/example_dags/example_xcomargs.py for tasks to queue
[2024-02-16T16:26:20.287+0000] {logging_mixin.py:188} INFO - [2024-02-16T16:26:20.286+0000] {dagbag.py:538} INFO - Filling up the DagBag from /home/airflow/.local/lib/python3.8/site-packages/airflow/example_dags/example_xcomargs.py
[2024-02-16T16:26:20.292+0000] {processor.py:840} INFO - DAG(s) 'example_xcom_args_with_operators', 'example_xcom_args' retrieved from /home/airflow/.local/lib/python3.8/site-packages/airflow/example_dags/example_xcomargs.py
[2024-02-16T16:26:20.309+0000] {logging_mixin.py:188} INFO - [2024-02-16T16:26:20.309+0000] {dag.py:3036} INFO - Sync 2 DAGs
[2024-02-16T16:26:20.319+0000] {logging_mixin.py:188} INFO - [2024-02-16T16:26:20.319+0000] {dag.py:3823} INFO - Setting next_dagrun for example_xcom_args to None, run_after=None
[2024-02-16T16:26:20.322+0000] {logging_mixin.py:188} INFO - [2024-02-16T16:26:20.322+0000] {dag.py:3823} INFO - Setting next_dagrun for example_xcom_args_with_operators to None, run_after=None
[2024-02-16T16:26:20.335+0000] {processor.py:183} INFO - Processing /home/airflow/.local/lib/python3.8/site-packages/airflow/example_dags/example_xcomargs.py took 0.052 seconds
[2024-02-16T16:26:50.616+0000] {processor.py:161} INFO - Started process (PID=764) to work on /home/airflow/.local/lib/python3.8/site-packages/airflow/example_dags/example_xcomargs.py
[2024-02-16T16:26:50.616+0000] {processor.py:830} INFO - Processing file /home/airflow/.local/lib/python3.8/site-packages/airflow/example_dags/example_xcomargs.py for tasks to queue
[2024-02-16T16:26:50.618+0000] {logging_mixin.py:188} INFO - [2024-02-16T16:26:50.617+0000] {dagbag.py:538} INFO - Filling up the DagBag from /home/airflow/.local/lib/python3.8/site-packages/airflow/example_dags/example_xcomargs.py
[2024-02-16T16:26:50.623+0000] {processor.py:840} INFO - DAG(s) 'example_xcom_args', 'example_xcom_args_with_operators' retrieved from /home/airflow/.local/lib/python3.8/site-packages/airflow/example_dags/example_xcomargs.py
[2024-02-16T16:26:50.641+0000] {logging_mixin.py:188} INFO - [2024-02-16T16:26:50.641+0000] {dag.py:3036} INFO - Sync 2 DAGs
[2024-02-16T16:26:50.651+0000] {logging_mixin.py:188} INFO - [2024-02-16T16:26:50.651+0000] {dag.py:3823} INFO - Setting next_dagrun for example_xcom_args to None, run_after=None
[2024-02-16T16:26:50.655+0000] {logging_mixin.py:188} INFO - [2024-02-16T16:26:50.655+0000] {dag.py:3823} INFO - Setting next_dagrun for example_xcom_args_with_operators to None, run_after=None
[2024-02-16T16:26:50.667+0000] {processor.py:183} INFO - Processing /home/airflow/.local/lib/python3.8/site-packages/airflow/example_dags/example_xcomargs.py took 0.054 seconds
[2024-02-16T16:27:20.780+0000] {processor.py:161} INFO - Started process (PID=819) to work on /home/airflow/.local/lib/python3.8/site-packages/airflow/example_dags/example_xcomargs.py
[2024-02-16T16:27:20.781+0000] {processor.py:830} INFO - Processing file /home/airflow/.local/lib/python3.8/site-packages/airflow/example_dags/example_xcomargs.py for tasks to queue
[2024-02-16T16:27:20.782+0000] {logging_mixin.py:188} INFO - [2024-02-16T16:27:20.782+0000] {dagbag.py:538} INFO - Filling up the DagBag from /home/airflow/.local/lib/python3.8/site-packages/airflow/example_dags/example_xcomargs.py
[2024-02-16T16:27:20.788+0000] {processor.py:840} INFO - DAG(s) 'example_xcom_args', 'example_xcom_args_with_operators' retrieved from /home/airflow/.local/lib/python3.8/site-packages/airflow/example_dags/example_xcomargs.py
[2024-02-16T16:27:20.807+0000] {logging_mixin.py:188} INFO - [2024-02-16T16:27:20.806+0000] {dag.py:3036} INFO - Sync 2 DAGs
[2024-02-16T16:27:20.819+0000] {logging_mixin.py:188} INFO - [2024-02-16T16:27:20.819+0000] {dag.py:3823} INFO - Setting next_dagrun for example_xcom_args to None, run_after=None
[2024-02-16T16:27:20.822+0000] {logging_mixin.py:188} INFO - [2024-02-16T16:27:20.822+0000] {dag.py:3823} INFO - Setting next_dagrun for example_xcom_args_with_operators to None, run_after=None
[2024-02-16T16:27:20.837+0000] {processor.py:183} INFO - Processing /home/airflow/.local/lib/python3.8/site-packages/airflow/example_dags/example_xcomargs.py took 0.058 seconds
[2024-02-16T16:27:50.882+0000] {processor.py:161} INFO - Started process (PID=874) to work on /home/airflow/.local/lib/python3.8/site-packages/airflow/example_dags/example_xcomargs.py
[2024-02-16T16:27:50.883+0000] {processor.py:830} INFO - Processing file /home/airflow/.local/lib/python3.8/site-packages/airflow/example_dags/example_xcomargs.py for tasks to queue
[2024-02-16T16:27:50.884+0000] {logging_mixin.py:188} INFO - [2024-02-16T16:27:50.883+0000] {dagbag.py:538} INFO - Filling up the DagBag from /home/airflow/.local/lib/python3.8/site-packages/airflow/example_dags/example_xcomargs.py
[2024-02-16T16:27:50.889+0000] {processor.py:840} INFO - DAG(s) 'example_xcom_args_with_operators', 'example_xcom_args' retrieved from /home/airflow/.local/lib/python3.8/site-packages/airflow/example_dags/example_xcomargs.py
[2024-02-16T16:27:50.906+0000] {logging_mixin.py:188} INFO - [2024-02-16T16:27:50.906+0000] {dag.py:3036} INFO - Sync 2 DAGs
[2024-02-16T16:27:50.916+0000] {logging_mixin.py:188} INFO - [2024-02-16T16:27:50.916+0000] {dag.py:3823} INFO - Setting next_dagrun for example_xcom_args to None, run_after=None
[2024-02-16T16:27:50.919+0000] {logging_mixin.py:188} INFO - [2024-02-16T16:27:50.918+0000] {dag.py:3823} INFO - Setting next_dagrun for example_xcom_args_with_operators to None, run_after=None
[2024-02-16T16:27:50.931+0000] {processor.py:183} INFO - Processing /home/airflow/.local/lib/python3.8/site-packages/airflow/example_dags/example_xcomargs.py took 0.050 seconds
[2024-02-16T16:28:21.177+0000] {processor.py:161} INFO - Started process (PID=929) to work on /home/airflow/.local/lib/python3.8/site-packages/airflow/example_dags/example_xcomargs.py
[2024-02-16T16:28:21.178+0000] {processor.py:830} INFO - Processing file /home/airflow/.local/lib/python3.8/site-packages/airflow/example_dags/example_xcomargs.py for tasks to queue
[2024-02-16T16:28:21.179+0000] {logging_mixin.py:188} INFO - [2024-02-16T16:28:21.179+0000] {dagbag.py:538} INFO - Filling up the DagBag from /home/airflow/.local/lib/python3.8/site-packages/airflow/example_dags/example_xcomargs.py
[2024-02-16T16:28:21.186+0000] {processor.py:840} INFO - DAG(s) 'example_xcom_args', 'example_xcom_args_with_operators' retrieved from /home/airflow/.local/lib/python3.8/site-packages/airflow/example_dags/example_xcomargs.py
[2024-02-16T16:28:21.204+0000] {logging_mixin.py:188} INFO - [2024-02-16T16:28:21.204+0000] {dag.py:3036} INFO - Sync 2 DAGs
[2024-02-16T16:28:21.215+0000] {logging_mixin.py:188} INFO - [2024-02-16T16:28:21.215+0000] {dag.py:3823} INFO - Setting next_dagrun for example_xcom_args to None, run_after=None
[2024-02-16T16:28:21.219+0000] {logging_mixin.py:188} INFO - [2024-02-16T16:28:21.219+0000] {dag.py:3823} INFO - Setting next_dagrun for example_xcom_args_with_operators to None, run_after=None
[2024-02-16T16:28:21.232+0000] {processor.py:183} INFO - Processing /home/airflow/.local/lib/python3.8/site-packages/airflow/example_dags/example_xcomargs.py took 0.057 seconds
[2024-02-16T16:28:51.472+0000] {processor.py:161} INFO - Started process (PID=984) to work on /home/airflow/.local/lib/python3.8/site-packages/airflow/example_dags/example_xcomargs.py
[2024-02-16T16:28:51.473+0000] {processor.py:830} INFO - Processing file /home/airflow/.local/lib/python3.8/site-packages/airflow/example_dags/example_xcomargs.py for tasks to queue
[2024-02-16T16:28:51.474+0000] {logging_mixin.py:188} INFO - [2024-02-16T16:28:51.473+0000] {dagbag.py:538} INFO - Filling up the DagBag from /home/airflow/.local/lib/python3.8/site-packages/airflow/example_dags/example_xcomargs.py
[2024-02-16T16:28:51.479+0000] {processor.py:840} INFO - DAG(s) 'example_xcom_args_with_operators', 'example_xcom_args' retrieved from /home/airflow/.local/lib/python3.8/site-packages/airflow/example_dags/example_xcomargs.py
[2024-02-16T16:28:51.495+0000] {logging_mixin.py:188} INFO - [2024-02-16T16:28:51.495+0000] {dag.py:3036} INFO - Sync 2 DAGs
[2024-02-16T16:28:51.504+0000] {logging_mixin.py:188} INFO - [2024-02-16T16:28:51.504+0000] {dag.py:3823} INFO - Setting next_dagrun for example_xcom_args to None, run_after=None
[2024-02-16T16:28:51.507+0000] {logging_mixin.py:188} INFO - [2024-02-16T16:28:51.507+0000] {dag.py:3823} INFO - Setting next_dagrun for example_xcom_args_with_operators to None, run_after=None
[2024-02-16T16:28:51.518+0000] {processor.py:183} INFO - Processing /home/airflow/.local/lib/python3.8/site-packages/airflow/example_dags/example_xcomargs.py took 0.048 seconds
[2024-02-16T16:29:21.584+0000] {processor.py:161} INFO - Started process (PID=1039) to work on /home/airflow/.local/lib/python3.8/site-packages/airflow/example_dags/example_xcomargs.py
[2024-02-16T16:29:21.585+0000] {processor.py:830} INFO - Processing file /home/airflow/.local/lib/python3.8/site-packages/airflow/example_dags/example_xcomargs.py for tasks to queue
[2024-02-16T16:29:21.586+0000] {logging_mixin.py:188} INFO - [2024-02-16T16:29:21.586+0000] {dagbag.py:538} INFO - Filling up the DagBag from /home/airflow/.local/lib/python3.8/site-packages/airflow/example_dags/example_xcomargs.py
[2024-02-16T16:29:21.592+0000] {processor.py:840} INFO - DAG(s) 'example_xcom_args', 'example_xcom_args_with_operators' retrieved from /home/airflow/.local/lib/python3.8/site-packages/airflow/example_dags/example_xcomargs.py
[2024-02-16T16:29:21.608+0000] {logging_mixin.py:188} INFO - [2024-02-16T16:29:21.608+0000] {dag.py:3036} INFO - Sync 2 DAGs
[2024-02-16T16:29:21.617+0000] {logging_mixin.py:188} INFO - [2024-02-16T16:29:21.617+0000] {dag.py:3823} INFO - Setting next_dagrun for example_xcom_args to None, run_after=None
[2024-02-16T16:29:21.620+0000] {logging_mixin.py:188} INFO - [2024-02-16T16:29:21.620+0000] {dag.py:3823} INFO - Setting next_dagrun for example_xcom_args_with_operators to None, run_after=None
[2024-02-16T16:29:21.631+0000] {processor.py:183} INFO - Processing /home/airflow/.local/lib/python3.8/site-packages/airflow/example_dags/example_xcomargs.py took 0.049 seconds
[2024-02-16T16:29:51.738+0000] {processor.py:161} INFO - Started process (PID=1094) to work on /home/airflow/.local/lib/python3.8/site-packages/airflow/example_dags/example_xcomargs.py
[2024-02-16T16:29:51.739+0000] {processor.py:830} INFO - Processing file /home/airflow/.local/lib/python3.8/site-packages/airflow/example_dags/example_xcomargs.py for tasks to queue
[2024-02-16T16:29:51.740+0000] {logging_mixin.py:188} INFO - [2024-02-16T16:29:51.740+0000] {dagbag.py:538} INFO - Filling up the DagBag from /home/airflow/.local/lib/python3.8/site-packages/airflow/example_dags/example_xcomargs.py
[2024-02-16T16:29:51.746+0000] {processor.py:840} INFO - DAG(s) 'example_xcom_args_with_operators', 'example_xcom_args' retrieved from /home/airflow/.local/lib/python3.8/site-packages/airflow/example_dags/example_xcomargs.py
[2024-02-16T16:29:51.769+0000] {logging_mixin.py:188} INFO - [2024-02-16T16:29:51.768+0000] {dag.py:3036} INFO - Sync 2 DAGs
[2024-02-16T16:29:51.782+0000] {logging_mixin.py:188} INFO - [2024-02-16T16:29:51.782+0000] {dag.py:3823} INFO - Setting next_dagrun for example_xcom_args to None, run_after=None
[2024-02-16T16:29:51.788+0000] {logging_mixin.py:188} INFO - [2024-02-16T16:29:51.788+0000] {dag.py:3823} INFO - Setting next_dagrun for example_xcom_args_with_operators to None, run_after=None
[2024-02-16T16:29:51.811+0000] {processor.py:183} INFO - Processing /home/airflow/.local/lib/python3.8/site-packages/airflow/example_dags/example_xcomargs.py took 0.075 seconds
[2024-02-16T16:30:21.874+0000] {processor.py:161} INFO - Started process (PID=1150) to work on /home/airflow/.local/lib/python3.8/site-packages/airflow/example_dags/example_xcomargs.py
[2024-02-16T16:30:21.875+0000] {processor.py:830} INFO - Processing file /home/airflow/.local/lib/python3.8/site-packages/airflow/example_dags/example_xcomargs.py for tasks to queue
[2024-02-16T16:30:21.876+0000] {logging_mixin.py:188} INFO - [2024-02-16T16:30:21.876+0000] {dagbag.py:538} INFO - Filling up the DagBag from /home/airflow/.local/lib/python3.8/site-packages/airflow/example_dags/example_xcomargs.py
[2024-02-16T16:30:21.881+0000] {processor.py:840} INFO - DAG(s) 'example_xcom_args', 'example_xcom_args_with_operators' retrieved from /home/airflow/.local/lib/python3.8/site-packages/airflow/example_dags/example_xcomargs.py
[2024-02-16T16:30:21.896+0000] {logging_mixin.py:188} INFO - [2024-02-16T16:30:21.895+0000] {dag.py:3036} INFO - Sync 2 DAGs
[2024-02-16T16:30:21.904+0000] {logging_mixin.py:188} INFO - [2024-02-16T16:30:21.904+0000] {dag.py:3823} INFO - Setting next_dagrun for example_xcom_args to None, run_after=None
[2024-02-16T16:30:21.906+0000] {logging_mixin.py:188} INFO - [2024-02-16T16:30:21.906+0000] {dag.py:3823} INFO - Setting next_dagrun for example_xcom_args_with_operators to None, run_after=None
[2024-02-16T16:30:21.917+0000] {processor.py:183} INFO - Processing /home/airflow/.local/lib/python3.8/site-packages/airflow/example_dags/example_xcomargs.py took 0.045 seconds
[2024-02-16T16:31:26.475+0000] {processor.py:161} INFO - Started process (PID=51) to work on /home/airflow/.local/lib/python3.8/site-packages/airflow/example_dags/example_xcomargs.py
[2024-02-16T16:31:26.475+0000] {processor.py:830} INFO - Processing file /home/airflow/.local/lib/python3.8/site-packages/airflow/example_dags/example_xcomargs.py for tasks to queue
[2024-02-16T16:31:26.477+0000] {logging_mixin.py:188} INFO - [2024-02-16T16:31:26.476+0000] {dagbag.py:538} INFO - Filling up the DagBag from /home/airflow/.local/lib/python3.8/site-packages/airflow/example_dags/example_xcomargs.py
[2024-02-16T16:31:26.484+0000] {processor.py:840} INFO - DAG(s) 'example_xcom_args_with_operators', 'example_xcom_args' retrieved from /home/airflow/.local/lib/python3.8/site-packages/airflow/example_dags/example_xcomargs.py
[2024-02-16T16:31:26.493+0000] {logging_mixin.py:188} INFO - [2024-02-16T16:31:26.493+0000] {dag.py:3036} INFO - Sync 2 DAGs
[2024-02-16T16:31:26.505+0000] {logging_mixin.py:188} INFO - [2024-02-16T16:31:26.505+0000] {dag.py:3823} INFO - Setting next_dagrun for example_xcom_args to None, run_after=None
[2024-02-16T16:31:26.511+0000] {logging_mixin.py:188} INFO - [2024-02-16T16:31:26.510+0000] {dag.py:3823} INFO - Setting next_dagrun for example_xcom_args_with_operators to None, run_after=None
[2024-02-16T16:31:26.527+0000] {processor.py:183} INFO - Processing /home/airflow/.local/lib/python3.8/site-packages/airflow/example_dags/example_xcomargs.py took 0.055 seconds
[2024-02-16T16:31:57.540+0000] {processor.py:161} INFO - Started process (PID=107) to work on /home/airflow/.local/lib/python3.8/site-packages/airflow/example_dags/example_xcomargs.py
[2024-02-16T16:31:57.540+0000] {processor.py:830} INFO - Processing file /home/airflow/.local/lib/python3.8/site-packages/airflow/example_dags/example_xcomargs.py for tasks to queue
[2024-02-16T16:31:57.541+0000] {logging_mixin.py:188} INFO - [2024-02-16T16:31:57.541+0000] {dagbag.py:538} INFO - Filling up the DagBag from /home/airflow/.local/lib/python3.8/site-packages/airflow/example_dags/example_xcomargs.py
[2024-02-16T16:31:57.547+0000] {processor.py:840} INFO - DAG(s) 'example_xcom_args', 'example_xcom_args_with_operators' retrieved from /home/airflow/.local/lib/python3.8/site-packages/airflow/example_dags/example_xcomargs.py
[2024-02-16T16:31:57.627+0000] {logging_mixin.py:188} INFO - [2024-02-16T16:31:57.627+0000] {dag.py:3036} INFO - Sync 2 DAGs
[2024-02-16T16:31:57.636+0000] {logging_mixin.py:188} INFO - [2024-02-16T16:31:57.636+0000] {dag.py:3823} INFO - Setting next_dagrun for example_xcom_args to None, run_after=None
[2024-02-16T16:31:57.638+0000] {logging_mixin.py:188} INFO - [2024-02-16T16:31:57.638+0000] {dag.py:3823} INFO - Setting next_dagrun for example_xcom_args_with_operators to None, run_after=None
[2024-02-16T16:31:57.651+0000] {processor.py:183} INFO - Processing /home/airflow/.local/lib/python3.8/site-packages/airflow/example_dags/example_xcomargs.py took 0.114 seconds
[2024-02-16T16:32:28.511+0000] {processor.py:161} INFO - Started process (PID=163) to work on /home/airflow/.local/lib/python3.8/site-packages/airflow/example_dags/example_xcomargs.py
[2024-02-16T16:32:28.511+0000] {processor.py:830} INFO - Processing file /home/airflow/.local/lib/python3.8/site-packages/airflow/example_dags/example_xcomargs.py for tasks to queue
[2024-02-16T16:32:28.512+0000] {logging_mixin.py:188} INFO - [2024-02-16T16:32:28.512+0000] {dagbag.py:538} INFO - Filling up the DagBag from /home/airflow/.local/lib/python3.8/site-packages/airflow/example_dags/example_xcomargs.py
[2024-02-16T16:32:28.518+0000] {processor.py:840} INFO - DAG(s) 'example_xcom_args', 'example_xcom_args_with_operators' retrieved from /home/airflow/.local/lib/python3.8/site-packages/airflow/example_dags/example_xcomargs.py
[2024-02-16T16:32:28.533+0000] {logging_mixin.py:188} INFO - [2024-02-16T16:32:28.533+0000] {dag.py:3036} INFO - Sync 2 DAGs
[2024-02-16T16:32:28.542+0000] {logging_mixin.py:188} INFO - [2024-02-16T16:32:28.542+0000] {dag.py:3823} INFO - Setting next_dagrun for example_xcom_args to None, run_after=None
[2024-02-16T16:32:28.545+0000] {logging_mixin.py:188} INFO - [2024-02-16T16:32:28.545+0000] {dag.py:3823} INFO - Setting next_dagrun for example_xcom_args_with_operators to None, run_after=None
[2024-02-16T16:32:28.557+0000] {processor.py:183} INFO - Processing /home/airflow/.local/lib/python3.8/site-packages/airflow/example_dags/example_xcomargs.py took 0.047 seconds
[2024-02-16T16:32:58.638+0000] {processor.py:161} INFO - Started process (PID=219) to work on /home/airflow/.local/lib/python3.8/site-packages/airflow/example_dags/example_xcomargs.py
[2024-02-16T16:32:58.639+0000] {processor.py:830} INFO - Processing file /home/airflow/.local/lib/python3.8/site-packages/airflow/example_dags/example_xcomargs.py for tasks to queue
[2024-02-16T16:32:58.640+0000] {logging_mixin.py:188} INFO - [2024-02-16T16:32:58.640+0000] {dagbag.py:538} INFO - Filling up the DagBag from /home/airflow/.local/lib/python3.8/site-packages/airflow/example_dags/example_xcomargs.py
[2024-02-16T16:32:58.645+0000] {processor.py:840} INFO - DAG(s) 'example_xcom_args_with_operators', 'example_xcom_args' retrieved from /home/airflow/.local/lib/python3.8/site-packages/airflow/example_dags/example_xcomargs.py
[2024-02-16T16:32:58.661+0000] {logging_mixin.py:188} INFO - [2024-02-16T16:32:58.661+0000] {dag.py:3036} INFO - Sync 2 DAGs
[2024-02-16T16:32:58.671+0000] {logging_mixin.py:188} INFO - [2024-02-16T16:32:58.671+0000] {dag.py:3823} INFO - Setting next_dagrun for example_xcom_args to None, run_after=None
[2024-02-16T16:32:58.674+0000] {logging_mixin.py:188} INFO - [2024-02-16T16:32:58.673+0000] {dag.py:3823} INFO - Setting next_dagrun for example_xcom_args_with_operators to None, run_after=None
[2024-02-16T16:32:58.685+0000] {processor.py:183} INFO - Processing /home/airflow/.local/lib/python3.8/site-packages/airflow/example_dags/example_xcomargs.py took 0.048 seconds
[2024-02-16T16:33:28.966+0000] {processor.py:161} INFO - Started process (PID=275) to work on /home/airflow/.local/lib/python3.8/site-packages/airflow/example_dags/example_xcomargs.py
[2024-02-16T16:33:28.967+0000] {processor.py:830} INFO - Processing file /home/airflow/.local/lib/python3.8/site-packages/airflow/example_dags/example_xcomargs.py for tasks to queue
[2024-02-16T16:33:28.968+0000] {logging_mixin.py:188} INFO - [2024-02-16T16:33:28.967+0000] {dagbag.py:538} INFO - Filling up the DagBag from /home/airflow/.local/lib/python3.8/site-packages/airflow/example_dags/example_xcomargs.py
[2024-02-16T16:33:28.973+0000] {processor.py:840} INFO - DAG(s) 'example_xcom_args_with_operators', 'example_xcom_args' retrieved from /home/airflow/.local/lib/python3.8/site-packages/airflow/example_dags/example_xcomargs.py
[2024-02-16T16:33:28.988+0000] {logging_mixin.py:188} INFO - [2024-02-16T16:33:28.988+0000] {dag.py:3036} INFO - Sync 2 DAGs
[2024-02-16T16:33:28.997+0000] {logging_mixin.py:188} INFO - [2024-02-16T16:33:28.997+0000] {dag.py:3823} INFO - Setting next_dagrun for example_xcom_args to None, run_after=None
[2024-02-16T16:33:29.000+0000] {logging_mixin.py:188} INFO - [2024-02-16T16:33:29.000+0000] {dag.py:3823} INFO - Setting next_dagrun for example_xcom_args_with_operators to None, run_after=None
[2024-02-16T16:33:29.011+0000] {processor.py:183} INFO - Processing /home/airflow/.local/lib/python3.8/site-packages/airflow/example_dags/example_xcomargs.py took 0.047 seconds
[2024-02-16T16:33:59.106+0000] {processor.py:161} INFO - Started process (PID=331) to work on /home/airflow/.local/lib/python3.8/site-packages/airflow/example_dags/example_xcomargs.py
[2024-02-16T16:33:59.106+0000] {processor.py:830} INFO - Processing file /home/airflow/.local/lib/python3.8/site-packages/airflow/example_dags/example_xcomargs.py for tasks to queue
[2024-02-16T16:33:59.108+0000] {logging_mixin.py:188} INFO - [2024-02-16T16:33:59.108+0000] {dagbag.py:538} INFO - Filling up the DagBag from /home/airflow/.local/lib/python3.8/site-packages/airflow/example_dags/example_xcomargs.py
[2024-02-16T16:33:59.113+0000] {processor.py:840} INFO - DAG(s) 'example_xcom_args_with_operators', 'example_xcom_args' retrieved from /home/airflow/.local/lib/python3.8/site-packages/airflow/example_dags/example_xcomargs.py
[2024-02-16T16:33:59.130+0000] {logging_mixin.py:188} INFO - [2024-02-16T16:33:59.129+0000] {dag.py:3036} INFO - Sync 2 DAGs
[2024-02-16T16:33:59.140+0000] {logging_mixin.py:188} INFO - [2024-02-16T16:33:59.139+0000] {dag.py:3823} INFO - Setting next_dagrun for example_xcom_args to None, run_after=None
[2024-02-16T16:33:59.143+0000] {logging_mixin.py:188} INFO - [2024-02-16T16:33:59.143+0000] {dag.py:3823} INFO - Setting next_dagrun for example_xcom_args_with_operators to None, run_after=None
[2024-02-16T16:33:59.155+0000] {processor.py:183} INFO - Processing /home/airflow/.local/lib/python3.8/site-packages/airflow/example_dags/example_xcomargs.py took 0.051 seconds
[2024-02-16T16:34:29.361+0000] {processor.py:161} INFO - Started process (PID=387) to work on /home/airflow/.local/lib/python3.8/site-packages/airflow/example_dags/example_xcomargs.py
[2024-02-16T16:34:29.362+0000] {processor.py:830} INFO - Processing file /home/airflow/.local/lib/python3.8/site-packages/airflow/example_dags/example_xcomargs.py for tasks to queue
[2024-02-16T16:34:29.363+0000] {logging_mixin.py:188} INFO - [2024-02-16T16:34:29.363+0000] {dagbag.py:538} INFO - Filling up the DagBag from /home/airflow/.local/lib/python3.8/site-packages/airflow/example_dags/example_xcomargs.py
[2024-02-16T16:34:29.368+0000] {processor.py:840} INFO - DAG(s) 'example_xcom_args', 'example_xcom_args_with_operators' retrieved from /home/airflow/.local/lib/python3.8/site-packages/airflow/example_dags/example_xcomargs.py
[2024-02-16T16:34:29.386+0000] {logging_mixin.py:188} INFO - [2024-02-16T16:34:29.385+0000] {dag.py:3036} INFO - Sync 2 DAGs
[2024-02-16T16:34:29.396+0000] {logging_mixin.py:188} INFO - [2024-02-16T16:34:29.396+0000] {dag.py:3823} INFO - Setting next_dagrun for example_xcom_args to None, run_after=None
[2024-02-16T16:34:29.399+0000] {logging_mixin.py:188} INFO - [2024-02-16T16:34:29.399+0000] {dag.py:3823} INFO - Setting next_dagrun for example_xcom_args_with_operators to None, run_after=None
[2024-02-16T16:34:29.412+0000] {processor.py:183} INFO - Processing /home/airflow/.local/lib/python3.8/site-packages/airflow/example_dags/example_xcomargs.py took 0.052 seconds
[2024-02-16T16:34:59.647+0000] {processor.py:161} INFO - Started process (PID=443) to work on /home/airflow/.local/lib/python3.8/site-packages/airflow/example_dags/example_xcomargs.py
[2024-02-16T16:34:59.648+0000] {processor.py:830} INFO - Processing file /home/airflow/.local/lib/python3.8/site-packages/airflow/example_dags/example_xcomargs.py for tasks to queue
[2024-02-16T16:34:59.649+0000] {logging_mixin.py:188} INFO - [2024-02-16T16:34:59.648+0000] {dagbag.py:538} INFO - Filling up the DagBag from /home/airflow/.local/lib/python3.8/site-packages/airflow/example_dags/example_xcomargs.py
[2024-02-16T16:34:59.654+0000] {processor.py:840} INFO - DAG(s) 'example_xcom_args', 'example_xcom_args_with_operators' retrieved from /home/airflow/.local/lib/python3.8/site-packages/airflow/example_dags/example_xcomargs.py
[2024-02-16T16:34:59.670+0000] {logging_mixin.py:188} INFO - [2024-02-16T16:34:59.670+0000] {dag.py:3036} INFO - Sync 2 DAGs
[2024-02-16T16:34:59.679+0000] {logging_mixin.py:188} INFO - [2024-02-16T16:34:59.679+0000] {dag.py:3823} INFO - Setting next_dagrun for example_xcom_args to None, run_after=None
[2024-02-16T16:34:59.681+0000] {logging_mixin.py:188} INFO - [2024-02-16T16:34:59.681+0000] {dag.py:3823} INFO - Setting next_dagrun for example_xcom_args_with_operators to None, run_after=None
[2024-02-16T16:34:59.695+0000] {processor.py:183} INFO - Processing /home/airflow/.local/lib/python3.8/site-packages/airflow/example_dags/example_xcomargs.py took 0.050 seconds
[2024-02-16T16:35:29.851+0000] {processor.py:161} INFO - Started process (PID=499) to work on /home/airflow/.local/lib/python3.8/site-packages/airflow/example_dags/example_xcomargs.py
[2024-02-16T16:35:29.851+0000] {processor.py:830} INFO - Processing file /home/airflow/.local/lib/python3.8/site-packages/airflow/example_dags/example_xcomargs.py for tasks to queue
[2024-02-16T16:35:29.852+0000] {logging_mixin.py:188} INFO - [2024-02-16T16:35:29.852+0000] {dagbag.py:538} INFO - Filling up the DagBag from /home/airflow/.local/lib/python3.8/site-packages/airflow/example_dags/example_xcomargs.py
[2024-02-16T16:35:29.857+0000] {processor.py:840} INFO - DAG(s) 'example_xcom_args', 'example_xcom_args_with_operators' retrieved from /home/airflow/.local/lib/python3.8/site-packages/airflow/example_dags/example_xcomargs.py
[2024-02-16T16:35:29.874+0000] {logging_mixin.py:188} INFO - [2024-02-16T16:35:29.874+0000] {dag.py:3036} INFO - Sync 2 DAGs
[2024-02-16T16:35:29.883+0000] {logging_mixin.py:188} INFO - [2024-02-16T16:35:29.883+0000] {dag.py:3823} INFO - Setting next_dagrun for example_xcom_args to None, run_after=None
[2024-02-16T16:35:29.886+0000] {logging_mixin.py:188} INFO - [2024-02-16T16:35:29.886+0000] {dag.py:3823} INFO - Setting next_dagrun for example_xcom_args_with_operators to None, run_after=None
[2024-02-16T16:35:29.898+0000] {processor.py:183} INFO - Processing /home/airflow/.local/lib/python3.8/site-packages/airflow/example_dags/example_xcomargs.py took 0.049 seconds
[2024-02-16T16:36:00.071+0000] {processor.py:161} INFO - Started process (PID=555) to work on /home/airflow/.local/lib/python3.8/site-packages/airflow/example_dags/example_xcomargs.py
[2024-02-16T16:36:00.071+0000] {processor.py:830} INFO - Processing file /home/airflow/.local/lib/python3.8/site-packages/airflow/example_dags/example_xcomargs.py for tasks to queue
[2024-02-16T16:36:00.072+0000] {logging_mixin.py:188} INFO - [2024-02-16T16:36:00.072+0000] {dagbag.py:538} INFO - Filling up the DagBag from /home/airflow/.local/lib/python3.8/site-packages/airflow/example_dags/example_xcomargs.py
[2024-02-16T16:36:00.077+0000] {processor.py:840} INFO - DAG(s) 'example_xcom_args_with_operators', 'example_xcom_args' retrieved from /home/airflow/.local/lib/python3.8/site-packages/airflow/example_dags/example_xcomargs.py
[2024-02-16T16:36:00.094+0000] {logging_mixin.py:188} INFO - [2024-02-16T16:36:00.094+0000] {dag.py:3036} INFO - Sync 2 DAGs
[2024-02-16T16:36:00.104+0000] {logging_mixin.py:188} INFO - [2024-02-16T16:36:00.104+0000] {dag.py:3823} INFO - Setting next_dagrun for example_xcom_args to None, run_after=None
[2024-02-16T16:36:00.107+0000] {logging_mixin.py:188} INFO - [2024-02-16T16:36:00.107+0000] {dag.py:3823} INFO - Setting next_dagrun for example_xcom_args_with_operators to None, run_after=None
[2024-02-16T16:36:00.120+0000] {processor.py:183} INFO - Processing /home/airflow/.local/lib/python3.8/site-packages/airflow/example_dags/example_xcomargs.py took 0.052 seconds
[2024-02-16T16:36:31.106+0000] {processor.py:161} INFO - Started process (PID=611) to work on /home/airflow/.local/lib/python3.8/site-packages/airflow/example_dags/example_xcomargs.py
[2024-02-16T16:36:31.107+0000] {processor.py:830} INFO - Processing file /home/airflow/.local/lib/python3.8/site-packages/airflow/example_dags/example_xcomargs.py for tasks to queue
[2024-02-16T16:36:31.108+0000] {logging_mixin.py:188} INFO - [2024-02-16T16:36:31.108+0000] {dagbag.py:538} INFO - Filling up the DagBag from /home/airflow/.local/lib/python3.8/site-packages/airflow/example_dags/example_xcomargs.py
[2024-02-16T16:36:31.116+0000] {processor.py:840} INFO - DAG(s) 'example_xcom_args', 'example_xcom_args_with_operators' retrieved from /home/airflow/.local/lib/python3.8/site-packages/airflow/example_dags/example_xcomargs.py
[2024-02-16T16:36:31.139+0000] {logging_mixin.py:188} INFO - [2024-02-16T16:36:31.139+0000] {dag.py:3036} INFO - Sync 2 DAGs
[2024-02-16T16:36:31.150+0000] {logging_mixin.py:188} INFO - [2024-02-16T16:36:31.150+0000] {dag.py:3823} INFO - Setting next_dagrun for example_xcom_args to None, run_after=None
[2024-02-16T16:36:31.154+0000] {logging_mixin.py:188} INFO - [2024-02-16T16:36:31.154+0000] {dag.py:3823} INFO - Setting next_dagrun for example_xcom_args_with_operators to None, run_after=None
[2024-02-16T16:36:31.172+0000] {processor.py:183} INFO - Processing /home/airflow/.local/lib/python3.8/site-packages/airflow/example_dags/example_xcomargs.py took 0.068 seconds
[2024-02-16T16:37:01.521+0000] {processor.py:161} INFO - Started process (PID=668) to work on /home/airflow/.local/lib/python3.8/site-packages/airflow/example_dags/example_xcomargs.py
[2024-02-16T16:37:01.522+0000] {processor.py:830} INFO - Processing file /home/airflow/.local/lib/python3.8/site-packages/airflow/example_dags/example_xcomargs.py for tasks to queue
[2024-02-16T16:37:01.523+0000] {logging_mixin.py:188} INFO - [2024-02-16T16:37:01.523+0000] {dagbag.py:538} INFO - Filling up the DagBag from /home/airflow/.local/lib/python3.8/site-packages/airflow/example_dags/example_xcomargs.py
[2024-02-16T16:37:01.528+0000] {processor.py:840} INFO - DAG(s) 'example_xcom_args_with_operators', 'example_xcom_args' retrieved from /home/airflow/.local/lib/python3.8/site-packages/airflow/example_dags/example_xcomargs.py
[2024-02-16T16:37:01.546+0000] {logging_mixin.py:188} INFO - [2024-02-16T16:37:01.546+0000] {dag.py:3036} INFO - Sync 2 DAGs
[2024-02-16T16:37:01.557+0000] {logging_mixin.py:188} INFO - [2024-02-16T16:37:01.556+0000] {dag.py:3823} INFO - Setting next_dagrun for example_xcom_args to None, run_after=None
[2024-02-16T16:37:01.560+0000] {logging_mixin.py:188} INFO - [2024-02-16T16:37:01.560+0000] {dag.py:3823} INFO - Setting next_dagrun for example_xcom_args_with_operators to None, run_after=None
[2024-02-16T16:37:01.573+0000] {processor.py:183} INFO - Processing /home/airflow/.local/lib/python3.8/site-packages/airflow/example_dags/example_xcomargs.py took 0.054 seconds
[2024-02-16T16:37:31.835+0000] {processor.py:161} INFO - Started process (PID=725) to work on /home/airflow/.local/lib/python3.8/site-packages/airflow/example_dags/example_xcomargs.py
[2024-02-16T16:37:31.835+0000] {processor.py:830} INFO - Processing file /home/airflow/.local/lib/python3.8/site-packages/airflow/example_dags/example_xcomargs.py for tasks to queue
[2024-02-16T16:37:31.836+0000] {logging_mixin.py:188} INFO - [2024-02-16T16:37:31.836+0000] {dagbag.py:538} INFO - Filling up the DagBag from /home/airflow/.local/lib/python3.8/site-packages/airflow/example_dags/example_xcomargs.py
[2024-02-16T16:37:31.842+0000] {processor.py:840} INFO - DAG(s) 'example_xcom_args_with_operators', 'example_xcom_args' retrieved from /home/airflow/.local/lib/python3.8/site-packages/airflow/example_dags/example_xcomargs.py
[2024-02-16T16:37:31.858+0000] {logging_mixin.py:188} INFO - [2024-02-16T16:37:31.858+0000] {dag.py:3036} INFO - Sync 2 DAGs
[2024-02-16T16:37:31.867+0000] {logging_mixin.py:188} INFO - [2024-02-16T16:37:31.867+0000] {dag.py:3823} INFO - Setting next_dagrun for example_xcom_args to None, run_after=None
[2024-02-16T16:37:31.870+0000] {logging_mixin.py:188} INFO - [2024-02-16T16:37:31.870+0000] {dag.py:3823} INFO - Setting next_dagrun for example_xcom_args_with_operators to None, run_after=None
[2024-02-16T16:37:31.882+0000] {processor.py:183} INFO - Processing /home/airflow/.local/lib/python3.8/site-packages/airflow/example_dags/example_xcomargs.py took 0.049 seconds
[2024-02-16T16:39:16.037+0000] {processor.py:161} INFO - Started process (PID=52) to work on /home/airflow/.local/lib/python3.8/site-packages/airflow/example_dags/example_xcomargs.py
[2024-02-16T16:39:16.038+0000] {processor.py:830} INFO - Processing file /home/airflow/.local/lib/python3.8/site-packages/airflow/example_dags/example_xcomargs.py for tasks to queue
[2024-02-16T16:39:16.039+0000] {logging_mixin.py:188} INFO - [2024-02-16T16:39:16.039+0000] {dagbag.py:538} INFO - Filling up the DagBag from /home/airflow/.local/lib/python3.8/site-packages/airflow/example_dags/example_xcomargs.py
[2024-02-16T16:39:16.047+0000] {processor.py:840} INFO - DAG(s) 'example_xcom_args_with_operators', 'example_xcom_args' retrieved from /home/airflow/.local/lib/python3.8/site-packages/airflow/example_dags/example_xcomargs.py
[2024-02-16T16:39:16.057+0000] {logging_mixin.py:188} INFO - [2024-02-16T16:39:16.057+0000] {dag.py:3036} INFO - Sync 2 DAGs
[2024-02-16T16:39:16.068+0000] {logging_mixin.py:188} INFO - [2024-02-16T16:39:16.067+0000] {dag.py:3823} INFO - Setting next_dagrun for example_xcom_args to None, run_after=None
[2024-02-16T16:39:16.071+0000] {logging_mixin.py:188} INFO - [2024-02-16T16:39:16.071+0000] {dag.py:3823} INFO - Setting next_dagrun for example_xcom_args_with_operators to None, run_after=None
[2024-02-16T16:39:16.085+0000] {processor.py:183} INFO - Processing /home/airflow/.local/lib/python3.8/site-packages/airflow/example_dags/example_xcomargs.py took 0.049 seconds
[2024-02-16T16:39:46.591+0000] {processor.py:161} INFO - Started process (PID=109) to work on /home/airflow/.local/lib/python3.8/site-packages/airflow/example_dags/example_xcomargs.py
[2024-02-16T16:39:46.592+0000] {processor.py:830} INFO - Processing file /home/airflow/.local/lib/python3.8/site-packages/airflow/example_dags/example_xcomargs.py for tasks to queue
[2024-02-16T16:39:46.593+0000] {logging_mixin.py:188} INFO - [2024-02-16T16:39:46.592+0000] {dagbag.py:538} INFO - Filling up the DagBag from /home/airflow/.local/lib/python3.8/site-packages/airflow/example_dags/example_xcomargs.py
[2024-02-16T16:39:46.598+0000] {processor.py:840} INFO - DAG(s) 'example_xcom_args_with_operators', 'example_xcom_args' retrieved from /home/airflow/.local/lib/python3.8/site-packages/airflow/example_dags/example_xcomargs.py
[2024-02-16T16:39:46.680+0000] {logging_mixin.py:188} INFO - [2024-02-16T16:39:46.680+0000] {dag.py:3036} INFO - Sync 2 DAGs
[2024-02-16T16:39:46.688+0000] {logging_mixin.py:188} INFO - [2024-02-16T16:39:46.688+0000] {dag.py:3823} INFO - Setting next_dagrun for example_xcom_args to None, run_after=None
[2024-02-16T16:39:46.691+0000] {logging_mixin.py:188} INFO - [2024-02-16T16:39:46.690+0000] {dag.py:3823} INFO - Setting next_dagrun for example_xcom_args_with_operators to None, run_after=None
[2024-02-16T16:39:46.703+0000] {processor.py:183} INFO - Processing /home/airflow/.local/lib/python3.8/site-packages/airflow/example_dags/example_xcomargs.py took 0.114 seconds
[2024-02-16T16:40:16.850+0000] {processor.py:161} INFO - Started process (PID=166) to work on /home/airflow/.local/lib/python3.8/site-packages/airflow/example_dags/example_xcomargs.py
[2024-02-16T16:40:16.851+0000] {processor.py:830} INFO - Processing file /home/airflow/.local/lib/python3.8/site-packages/airflow/example_dags/example_xcomargs.py for tasks to queue
[2024-02-16T16:40:16.852+0000] {logging_mixin.py:188} INFO - [2024-02-16T16:40:16.852+0000] {dagbag.py:538} INFO - Filling up the DagBag from /home/airflow/.local/lib/python3.8/site-packages/airflow/example_dags/example_xcomargs.py
[2024-02-16T16:40:16.857+0000] {processor.py:840} INFO - DAG(s) 'example_xcom_args', 'example_xcom_args_with_operators' retrieved from /home/airflow/.local/lib/python3.8/site-packages/airflow/example_dags/example_xcomargs.py
[2024-02-16T16:40:16.873+0000] {logging_mixin.py:188} INFO - [2024-02-16T16:40:16.873+0000] {dag.py:3036} INFO - Sync 2 DAGs
[2024-02-16T16:40:16.882+0000] {logging_mixin.py:188} INFO - [2024-02-16T16:40:16.882+0000] {dag.py:3823} INFO - Setting next_dagrun for example_xcom_args to None, run_after=None
[2024-02-16T16:40:16.885+0000] {logging_mixin.py:188} INFO - [2024-02-16T16:40:16.885+0000] {dag.py:3823} INFO - Setting next_dagrun for example_xcom_args_with_operators to None, run_after=None
[2024-02-16T16:40:16.896+0000] {processor.py:183} INFO - Processing /home/airflow/.local/lib/python3.8/site-packages/airflow/example_dags/example_xcomargs.py took 0.047 seconds
[2024-02-16T16:40:46.924+0000] {processor.py:161} INFO - Started process (PID=221) to work on /home/airflow/.local/lib/python3.8/site-packages/airflow/example_dags/example_xcomargs.py
[2024-02-16T16:40:46.925+0000] {processor.py:830} INFO - Processing file /home/airflow/.local/lib/python3.8/site-packages/airflow/example_dags/example_xcomargs.py for tasks to queue
[2024-02-16T16:40:46.926+0000] {logging_mixin.py:188} INFO - [2024-02-16T16:40:46.926+0000] {dagbag.py:538} INFO - Filling up the DagBag from /home/airflow/.local/lib/python3.8/site-packages/airflow/example_dags/example_xcomargs.py
[2024-02-16T16:40:46.931+0000] {processor.py:840} INFO - DAG(s) 'example_xcom_args', 'example_xcom_args_with_operators' retrieved from /home/airflow/.local/lib/python3.8/site-packages/airflow/example_dags/example_xcomargs.py
[2024-02-16T16:40:46.947+0000] {logging_mixin.py:188} INFO - [2024-02-16T16:40:46.947+0000] {dag.py:3036} INFO - Sync 2 DAGs
[2024-02-16T16:40:46.956+0000] {logging_mixin.py:188} INFO - [2024-02-16T16:40:46.956+0000] {dag.py:3823} INFO - Setting next_dagrun for example_xcom_args to None, run_after=None
[2024-02-16T16:40:46.959+0000] {logging_mixin.py:188} INFO - [2024-02-16T16:40:46.959+0000] {dag.py:3823} INFO - Setting next_dagrun for example_xcom_args_with_operators to None, run_after=None
[2024-02-16T16:40:46.970+0000] {processor.py:183} INFO - Processing /home/airflow/.local/lib/python3.8/site-packages/airflow/example_dags/example_xcomargs.py took 0.047 seconds
[2024-02-16T16:41:17.264+0000] {processor.py:161} INFO - Started process (PID=278) to work on /home/airflow/.local/lib/python3.8/site-packages/airflow/example_dags/example_xcomargs.py
[2024-02-16T16:41:17.265+0000] {processor.py:830} INFO - Processing file /home/airflow/.local/lib/python3.8/site-packages/airflow/example_dags/example_xcomargs.py for tasks to queue
[2024-02-16T16:41:17.267+0000] {logging_mixin.py:188} INFO - [2024-02-16T16:41:17.266+0000] {dagbag.py:538} INFO - Filling up the DagBag from /home/airflow/.local/lib/python3.8/site-packages/airflow/example_dags/example_xcomargs.py
[2024-02-16T16:41:17.272+0000] {processor.py:840} INFO - DAG(s) 'example_xcom_args', 'example_xcom_args_with_operators' retrieved from /home/airflow/.local/lib/python3.8/site-packages/airflow/example_dags/example_xcomargs.py
[2024-02-16T16:41:17.291+0000] {logging_mixin.py:188} INFO - [2024-02-16T16:41:17.291+0000] {dag.py:3036} INFO - Sync 2 DAGs
[2024-02-16T16:41:17.301+0000] {logging_mixin.py:188} INFO - [2024-02-16T16:41:17.300+0000] {dag.py:3823} INFO - Setting next_dagrun for example_xcom_args to None, run_after=None
[2024-02-16T16:41:17.304+0000] {logging_mixin.py:188} INFO - [2024-02-16T16:41:17.303+0000] {dag.py:3823} INFO - Setting next_dagrun for example_xcom_args_with_operators to None, run_after=None
[2024-02-16T16:41:17.318+0000] {processor.py:183} INFO - Processing /home/airflow/.local/lib/python3.8/site-packages/airflow/example_dags/example_xcomargs.py took 0.055 seconds
[2024-02-16T16:41:47.815+0000] {processor.py:161} INFO - Started process (PID=336) to work on /home/airflow/.local/lib/python3.8/site-packages/airflow/example_dags/example_xcomargs.py
[2024-02-16T16:41:47.815+0000] {processor.py:830} INFO - Processing file /home/airflow/.local/lib/python3.8/site-packages/airflow/example_dags/example_xcomargs.py for tasks to queue
[2024-02-16T16:41:47.816+0000] {logging_mixin.py:188} INFO - [2024-02-16T16:41:47.816+0000] {dagbag.py:538} INFO - Filling up the DagBag from /home/airflow/.local/lib/python3.8/site-packages/airflow/example_dags/example_xcomargs.py
[2024-02-16T16:41:47.822+0000] {processor.py:840} INFO - DAG(s) 'example_xcom_args', 'example_xcom_args_with_operators' retrieved from /home/airflow/.local/lib/python3.8/site-packages/airflow/example_dags/example_xcomargs.py
[2024-02-16T16:41:47.840+0000] {logging_mixin.py:188} INFO - [2024-02-16T16:41:47.840+0000] {dag.py:3036} INFO - Sync 2 DAGs
[2024-02-16T16:41:47.849+0000] {logging_mixin.py:188} INFO - [2024-02-16T16:41:47.849+0000] {dag.py:3823} INFO - Setting next_dagrun for example_xcom_args to None, run_after=None
[2024-02-16T16:41:47.852+0000] {logging_mixin.py:188} INFO - [2024-02-16T16:41:47.852+0000] {dag.py:3823} INFO - Setting next_dagrun for example_xcom_args_with_operators to None, run_after=None
[2024-02-16T16:41:47.865+0000] {processor.py:183} INFO - Processing /home/airflow/.local/lib/python3.8/site-packages/airflow/example_dags/example_xcomargs.py took 0.052 seconds
[2024-02-16T16:42:18.060+0000] {processor.py:161} INFO - Started process (PID=393) to work on /home/airflow/.local/lib/python3.8/site-packages/airflow/example_dags/example_xcomargs.py
[2024-02-16T16:42:18.061+0000] {processor.py:830} INFO - Processing file /home/airflow/.local/lib/python3.8/site-packages/airflow/example_dags/example_xcomargs.py for tasks to queue
[2024-02-16T16:42:18.062+0000] {logging_mixin.py:188} INFO - [2024-02-16T16:42:18.062+0000] {dagbag.py:538} INFO - Filling up the DagBag from /home/airflow/.local/lib/python3.8/site-packages/airflow/example_dags/example_xcomargs.py
[2024-02-16T16:42:18.068+0000] {processor.py:840} INFO - DAG(s) 'example_xcom_args', 'example_xcom_args_with_operators' retrieved from /home/airflow/.local/lib/python3.8/site-packages/airflow/example_dags/example_xcomargs.py
[2024-02-16T16:42:18.086+0000] {logging_mixin.py:188} INFO - [2024-02-16T16:42:18.086+0000] {dag.py:3036} INFO - Sync 2 DAGs
[2024-02-16T16:42:18.098+0000] {logging_mixin.py:188} INFO - [2024-02-16T16:42:18.097+0000] {dag.py:3823} INFO - Setting next_dagrun for example_xcom_args to None, run_after=None
[2024-02-16T16:42:18.101+0000] {logging_mixin.py:188} INFO - [2024-02-16T16:42:18.101+0000] {dag.py:3823} INFO - Setting next_dagrun for example_xcom_args_with_operators to None, run_after=None
[2024-02-16T16:42:18.115+0000] {processor.py:183} INFO - Processing /home/airflow/.local/lib/python3.8/site-packages/airflow/example_dags/example_xcomargs.py took 0.057 seconds
[2024-02-16T16:42:48.501+0000] {processor.py:161} INFO - Started process (PID=450) to work on /home/airflow/.local/lib/python3.8/site-packages/airflow/example_dags/example_xcomargs.py
[2024-02-16T16:42:48.503+0000] {processor.py:830} INFO - Processing file /home/airflow/.local/lib/python3.8/site-packages/airflow/example_dags/example_xcomargs.py for tasks to queue
[2024-02-16T16:42:48.504+0000] {logging_mixin.py:188} INFO - [2024-02-16T16:42:48.504+0000] {dagbag.py:538} INFO - Filling up the DagBag from /home/airflow/.local/lib/python3.8/site-packages/airflow/example_dags/example_xcomargs.py
[2024-02-16T16:42:48.512+0000] {processor.py:840} INFO - DAG(s) 'example_xcom_args_with_operators', 'example_xcom_args' retrieved from /home/airflow/.local/lib/python3.8/site-packages/airflow/example_dags/example_xcomargs.py
[2024-02-16T16:42:48.529+0000] {logging_mixin.py:188} INFO - [2024-02-16T16:42:48.529+0000] {dag.py:3036} INFO - Sync 2 DAGs
[2024-02-16T16:42:48.539+0000] {logging_mixin.py:188} INFO - [2024-02-16T16:42:48.539+0000] {dag.py:3823} INFO - Setting next_dagrun for example_xcom_args to None, run_after=None
[2024-02-16T16:42:48.542+0000] {logging_mixin.py:188} INFO - [2024-02-16T16:42:48.541+0000] {dag.py:3823} INFO - Setting next_dagrun for example_xcom_args_with_operators to None, run_after=None
[2024-02-16T16:42:48.555+0000] {processor.py:183} INFO - Processing /home/airflow/.local/lib/python3.8/site-packages/airflow/example_dags/example_xcomargs.py took 0.057 seconds
[2024-02-16T16:43:18.824+0000] {processor.py:161} INFO - Started process (PID=507) to work on /home/airflow/.local/lib/python3.8/site-packages/airflow/example_dags/example_xcomargs.py
[2024-02-16T16:43:18.825+0000] {processor.py:830} INFO - Processing file /home/airflow/.local/lib/python3.8/site-packages/airflow/example_dags/example_xcomargs.py for tasks to queue
[2024-02-16T16:43:18.826+0000] {logging_mixin.py:188} INFO - [2024-02-16T16:43:18.826+0000] {dagbag.py:538} INFO - Filling up the DagBag from /home/airflow/.local/lib/python3.8/site-packages/airflow/example_dags/example_xcomargs.py
[2024-02-16T16:43:18.832+0000] {processor.py:840} INFO - DAG(s) 'example_xcom_args_with_operators', 'example_xcom_args' retrieved from /home/airflow/.local/lib/python3.8/site-packages/airflow/example_dags/example_xcomargs.py
[2024-02-16T16:43:18.851+0000] {logging_mixin.py:188} INFO - [2024-02-16T16:43:18.851+0000] {dag.py:3036} INFO - Sync 2 DAGs
[2024-02-16T16:43:18.865+0000] {logging_mixin.py:188} INFO - [2024-02-16T16:43:18.865+0000] {dag.py:3823} INFO - Setting next_dagrun for example_xcom_args to None, run_after=None
[2024-02-16T16:43:18.870+0000] {logging_mixin.py:188} INFO - [2024-02-16T16:43:18.869+0000] {dag.py:3823} INFO - Setting next_dagrun for example_xcom_args_with_operators to None, run_after=None
[2024-02-16T16:43:18.895+0000] {processor.py:183} INFO - Processing /home/airflow/.local/lib/python3.8/site-packages/airflow/example_dags/example_xcomargs.py took 0.073 seconds
[2024-02-16T16:43:49.291+0000] {processor.py:161} INFO - Started process (PID=564) to work on /home/airflow/.local/lib/python3.8/site-packages/airflow/example_dags/example_xcomargs.py
[2024-02-16T16:43:49.292+0000] {processor.py:830} INFO - Processing file /home/airflow/.local/lib/python3.8/site-packages/airflow/example_dags/example_xcomargs.py for tasks to queue
[2024-02-16T16:43:49.293+0000] {logging_mixin.py:188} INFO - [2024-02-16T16:43:49.293+0000] {dagbag.py:538} INFO - Filling up the DagBag from /home/airflow/.local/lib/python3.8/site-packages/airflow/example_dags/example_xcomargs.py
[2024-02-16T16:43:49.299+0000] {processor.py:840} INFO - DAG(s) 'example_xcom_args_with_operators', 'example_xcom_args' retrieved from /home/airflow/.local/lib/python3.8/site-packages/airflow/example_dags/example_xcomargs.py
[2024-02-16T16:43:49.326+0000] {logging_mixin.py:188} INFO - [2024-02-16T16:43:49.326+0000] {dag.py:3036} INFO - Sync 2 DAGs
[2024-02-16T16:43:49.338+0000] {logging_mixin.py:188} INFO - [2024-02-16T16:43:49.338+0000] {dag.py:3823} INFO - Setting next_dagrun for example_xcom_args to None, run_after=None
[2024-02-16T16:43:49.342+0000] {logging_mixin.py:188} INFO - [2024-02-16T16:43:49.342+0000] {dag.py:3823} INFO - Setting next_dagrun for example_xcom_args_with_operators to None, run_after=None
[2024-02-16T16:43:49.361+0000] {processor.py:183} INFO - Processing /home/airflow/.local/lib/python3.8/site-packages/airflow/example_dags/example_xcomargs.py took 0.073 seconds
