[2024-02-16T16:20:18.704+0000] {processor.py:161} INFO - Started process (PID=76) to work on /home/airflow/.local/lib/python3.8/site-packages/airflow/example_dags/example_short_circuit_decorator.py
[2024-02-16T16:20:18.705+0000] {processor.py:830} INFO - Processing file /home/airflow/.local/lib/python3.8/site-packages/airflow/example_dags/example_short_circuit_decorator.py for tasks to queue
[2024-02-16T16:20:18.707+0000] {logging_mixin.py:188} INFO - [2024-02-16T16:20:18.706+0000] {dagbag.py:538} INFO - Filling up the DagBag from /home/airflow/.local/lib/python3.8/site-packages/airflow/example_dags/example_short_circuit_decorator.py
[2024-02-16T16:20:18.718+0000] {processor.py:840} INFO - DAG(s) 'example_short_circuit_decorator' retrieved from /home/airflow/.local/lib/python3.8/site-packages/airflow/example_dags/example_short_circuit_decorator.py
[2024-02-16T16:20:18.728+0000] {logging_mixin.py:188} INFO - [2024-02-16T16:20:18.728+0000] {dag.py:3036} INFO - Sync 1 DAGs
[2024-02-16T16:20:18.747+0000] {logging_mixin.py:188} INFO - [2024-02-16T16:20:18.747+0000] {dag.py:3823} INFO - Setting next_dagrun for example_short_circuit_decorator to 2024-02-15 00:00:00+00:00, run_after=2024-02-16 00:00:00+00:00
[2024-02-16T16:20:18.766+0000] {processor.py:183} INFO - Processing /home/airflow/.local/lib/python3.8/site-packages/airflow/example_dags/example_short_circuit_decorator.py took 0.065 seconds
[2024-02-16T16:20:49.526+0000] {processor.py:161} INFO - Started process (PID=131) to work on /home/airflow/.local/lib/python3.8/site-packages/airflow/example_dags/example_short_circuit_decorator.py
[2024-02-16T16:20:49.526+0000] {processor.py:830} INFO - Processing file /home/airflow/.local/lib/python3.8/site-packages/airflow/example_dags/example_short_circuit_decorator.py for tasks to queue
[2024-02-16T16:20:49.527+0000] {logging_mixin.py:188} INFO - [2024-02-16T16:20:49.527+0000] {dagbag.py:538} INFO - Filling up the DagBag from /home/airflow/.local/lib/python3.8/site-packages/airflow/example_dags/example_short_circuit_decorator.py
[2024-02-16T16:20:49.533+0000] {processor.py:840} INFO - DAG(s) 'example_short_circuit_decorator' retrieved from /home/airflow/.local/lib/python3.8/site-packages/airflow/example_dags/example_short_circuit_decorator.py
[2024-02-16T16:20:49.608+0000] {logging_mixin.py:188} INFO - [2024-02-16T16:20:49.608+0000] {dag.py:3036} INFO - Sync 1 DAGs
[2024-02-16T16:20:49.623+0000] {logging_mixin.py:188} INFO - [2024-02-16T16:20:49.623+0000] {dag.py:3823} INFO - Setting next_dagrun for example_short_circuit_decorator to 2024-02-15 00:00:00+00:00, run_after=2024-02-16 00:00:00+00:00
[2024-02-16T16:20:49.638+0000] {processor.py:183} INFO - Processing /home/airflow/.local/lib/python3.8/site-packages/airflow/example_dags/example_short_circuit_decorator.py took 0.114 seconds
[2024-02-16T16:21:20.400+0000] {processor.py:161} INFO - Started process (PID=186) to work on /home/airflow/.local/lib/python3.8/site-packages/airflow/example_dags/example_short_circuit_decorator.py
[2024-02-16T16:21:20.400+0000] {processor.py:830} INFO - Processing file /home/airflow/.local/lib/python3.8/site-packages/airflow/example_dags/example_short_circuit_decorator.py for tasks to queue
[2024-02-16T16:21:20.402+0000] {logging_mixin.py:188} INFO - [2024-02-16T16:21:20.401+0000] {dagbag.py:538} INFO - Filling up the DagBag from /home/airflow/.local/lib/python3.8/site-packages/airflow/example_dags/example_short_circuit_decorator.py
[2024-02-16T16:21:20.408+0000] {processor.py:840} INFO - DAG(s) 'example_short_circuit_decorator' retrieved from /home/airflow/.local/lib/python3.8/site-packages/airflow/example_dags/example_short_circuit_decorator.py
[2024-02-16T16:21:20.425+0000] {logging_mixin.py:188} INFO - [2024-02-16T16:21:20.425+0000] {dag.py:3036} INFO - Sync 1 DAGs
[2024-02-16T16:21:20.442+0000] {logging_mixin.py:188} INFO - [2024-02-16T16:21:20.442+0000] {dag.py:3823} INFO - Setting next_dagrun for example_short_circuit_decorator to 2024-02-15 00:00:00+00:00, run_after=2024-02-16 00:00:00+00:00
[2024-02-16T16:21:20.456+0000] {processor.py:183} INFO - Processing /home/airflow/.local/lib/python3.8/site-packages/airflow/example_dags/example_short_circuit_decorator.py took 0.058 seconds
[2024-02-16T16:21:51.321+0000] {processor.py:161} INFO - Started process (PID=241) to work on /home/airflow/.local/lib/python3.8/site-packages/airflow/example_dags/example_short_circuit_decorator.py
[2024-02-16T16:21:51.322+0000] {processor.py:830} INFO - Processing file /home/airflow/.local/lib/python3.8/site-packages/airflow/example_dags/example_short_circuit_decorator.py for tasks to queue
[2024-02-16T16:21:51.323+0000] {logging_mixin.py:188} INFO - [2024-02-16T16:21:51.323+0000] {dagbag.py:538} INFO - Filling up the DagBag from /home/airflow/.local/lib/python3.8/site-packages/airflow/example_dags/example_short_circuit_decorator.py
[2024-02-16T16:21:51.329+0000] {processor.py:840} INFO - DAG(s) 'example_short_circuit_decorator' retrieved from /home/airflow/.local/lib/python3.8/site-packages/airflow/example_dags/example_short_circuit_decorator.py
[2024-02-16T16:21:51.345+0000] {logging_mixin.py:188} INFO - [2024-02-16T16:21:51.345+0000] {dag.py:3036} INFO - Sync 1 DAGs
[2024-02-16T16:21:51.360+0000] {logging_mixin.py:188} INFO - [2024-02-16T16:21:51.360+0000] {dag.py:3823} INFO - Setting next_dagrun for example_short_circuit_decorator to 2024-02-15 00:00:00+00:00, run_after=2024-02-16 00:00:00+00:00
[2024-02-16T16:21:51.372+0000] {processor.py:183} INFO - Processing /home/airflow/.local/lib/python3.8/site-packages/airflow/example_dags/example_short_circuit_decorator.py took 0.053 seconds
[2024-02-16T16:22:21.529+0000] {processor.py:161} INFO - Started process (PID=296) to work on /home/airflow/.local/lib/python3.8/site-packages/airflow/example_dags/example_short_circuit_decorator.py
[2024-02-16T16:22:21.529+0000] {processor.py:830} INFO - Processing file /home/airflow/.local/lib/python3.8/site-packages/airflow/example_dags/example_short_circuit_decorator.py for tasks to queue
[2024-02-16T16:22:21.530+0000] {logging_mixin.py:188} INFO - [2024-02-16T16:22:21.530+0000] {dagbag.py:538} INFO - Filling up the DagBag from /home/airflow/.local/lib/python3.8/site-packages/airflow/example_dags/example_short_circuit_decorator.py
[2024-02-16T16:22:21.537+0000] {processor.py:840} INFO - DAG(s) 'example_short_circuit_decorator' retrieved from /home/airflow/.local/lib/python3.8/site-packages/airflow/example_dags/example_short_circuit_decorator.py
[2024-02-16T16:22:21.554+0000] {logging_mixin.py:188} INFO - [2024-02-16T16:22:21.554+0000] {dag.py:3036} INFO - Sync 1 DAGs
[2024-02-16T16:22:21.570+0000] {logging_mixin.py:188} INFO - [2024-02-16T16:22:21.570+0000] {dag.py:3823} INFO - Setting next_dagrun for example_short_circuit_decorator to 2024-02-15 00:00:00+00:00, run_after=2024-02-16 00:00:00+00:00
[2024-02-16T16:22:21.585+0000] {processor.py:183} INFO - Processing /home/airflow/.local/lib/python3.8/site-packages/airflow/example_dags/example_short_circuit_decorator.py took 0.059 seconds
[2024-02-16T16:22:51.701+0000] {processor.py:161} INFO - Started process (PID=351) to work on /home/airflow/.local/lib/python3.8/site-packages/airflow/example_dags/example_short_circuit_decorator.py
[2024-02-16T16:22:51.702+0000] {processor.py:830} INFO - Processing file /home/airflow/.local/lib/python3.8/site-packages/airflow/example_dags/example_short_circuit_decorator.py for tasks to queue
[2024-02-16T16:22:51.703+0000] {logging_mixin.py:188} INFO - [2024-02-16T16:22:51.703+0000] {dagbag.py:538} INFO - Filling up the DagBag from /home/airflow/.local/lib/python3.8/site-packages/airflow/example_dags/example_short_circuit_decorator.py
[2024-02-16T16:22:51.710+0000] {processor.py:840} INFO - DAG(s) 'example_short_circuit_decorator' retrieved from /home/airflow/.local/lib/python3.8/site-packages/airflow/example_dags/example_short_circuit_decorator.py
[2024-02-16T16:22:51.726+0000] {logging_mixin.py:188} INFO - [2024-02-16T16:22:51.726+0000] {dag.py:3036} INFO - Sync 1 DAGs
[2024-02-16T16:22:51.742+0000] {logging_mixin.py:188} INFO - [2024-02-16T16:22:51.742+0000] {dag.py:3823} INFO - Setting next_dagrun for example_short_circuit_decorator to 2024-02-15 00:00:00+00:00, run_after=2024-02-16 00:00:00+00:00
[2024-02-16T16:22:51.756+0000] {processor.py:183} INFO - Processing /home/airflow/.local/lib/python3.8/site-packages/airflow/example_dags/example_short_circuit_decorator.py took 0.057 seconds
[2024-02-16T16:23:21.985+0000] {processor.py:161} INFO - Started process (PID=406) to work on /home/airflow/.local/lib/python3.8/site-packages/airflow/example_dags/example_short_circuit_decorator.py
[2024-02-16T16:23:21.986+0000] {processor.py:830} INFO - Processing file /home/airflow/.local/lib/python3.8/site-packages/airflow/example_dags/example_short_circuit_decorator.py for tasks to queue
[2024-02-16T16:23:21.987+0000] {logging_mixin.py:188} INFO - [2024-02-16T16:23:21.987+0000] {dagbag.py:538} INFO - Filling up the DagBag from /home/airflow/.local/lib/python3.8/site-packages/airflow/example_dags/example_short_circuit_decorator.py
[2024-02-16T16:23:21.993+0000] {processor.py:840} INFO - DAG(s) 'example_short_circuit_decorator' retrieved from /home/airflow/.local/lib/python3.8/site-packages/airflow/example_dags/example_short_circuit_decorator.py
[2024-02-16T16:23:22.011+0000] {logging_mixin.py:188} INFO - [2024-02-16T16:23:22.011+0000] {dag.py:3036} INFO - Sync 1 DAGs
[2024-02-16T16:23:22.026+0000] {logging_mixin.py:188} INFO - [2024-02-16T16:23:22.026+0000] {dag.py:3823} INFO - Setting next_dagrun for example_short_circuit_decorator to 2024-02-15 00:00:00+00:00, run_after=2024-02-16 00:00:00+00:00
[2024-02-16T16:23:22.042+0000] {processor.py:183} INFO - Processing /home/airflow/.local/lib/python3.8/site-packages/airflow/example_dags/example_short_circuit_decorator.py took 0.059 seconds
[2024-02-16T16:23:52.234+0000] {processor.py:161} INFO - Started process (PID=461) to work on /home/airflow/.local/lib/python3.8/site-packages/airflow/example_dags/example_short_circuit_decorator.py
[2024-02-16T16:23:52.234+0000] {processor.py:830} INFO - Processing file /home/airflow/.local/lib/python3.8/site-packages/airflow/example_dags/example_short_circuit_decorator.py for tasks to queue
[2024-02-16T16:23:52.236+0000] {logging_mixin.py:188} INFO - [2024-02-16T16:23:52.235+0000] {dagbag.py:538} INFO - Filling up the DagBag from /home/airflow/.local/lib/python3.8/site-packages/airflow/example_dags/example_short_circuit_decorator.py
[2024-02-16T16:23:52.242+0000] {processor.py:840} INFO - DAG(s) 'example_short_circuit_decorator' retrieved from /home/airflow/.local/lib/python3.8/site-packages/airflow/example_dags/example_short_circuit_decorator.py
[2024-02-16T16:23:52.258+0000] {logging_mixin.py:188} INFO - [2024-02-16T16:23:52.258+0000] {dag.py:3036} INFO - Sync 1 DAGs
[2024-02-16T16:23:52.274+0000] {logging_mixin.py:188} INFO - [2024-02-16T16:23:52.274+0000] {dag.py:3823} INFO - Setting next_dagrun for example_short_circuit_decorator to 2024-02-15 00:00:00+00:00, run_after=2024-02-16 00:00:00+00:00
[2024-02-16T16:23:52.289+0000] {processor.py:183} INFO - Processing /home/airflow/.local/lib/python3.8/site-packages/airflow/example_dags/example_short_circuit_decorator.py took 0.058 seconds
[2024-02-16T16:24:22.541+0000] {processor.py:161} INFO - Started process (PID=516) to work on /home/airflow/.local/lib/python3.8/site-packages/airflow/example_dags/example_short_circuit_decorator.py
[2024-02-16T16:24:22.541+0000] {processor.py:830} INFO - Processing file /home/airflow/.local/lib/python3.8/site-packages/airflow/example_dags/example_short_circuit_decorator.py for tasks to queue
[2024-02-16T16:24:22.542+0000] {logging_mixin.py:188} INFO - [2024-02-16T16:24:22.542+0000] {dagbag.py:538} INFO - Filling up the DagBag from /home/airflow/.local/lib/python3.8/site-packages/airflow/example_dags/example_short_circuit_decorator.py
[2024-02-16T16:24:22.548+0000] {processor.py:840} INFO - DAG(s) 'example_short_circuit_decorator' retrieved from /home/airflow/.local/lib/python3.8/site-packages/airflow/example_dags/example_short_circuit_decorator.py
[2024-02-16T16:24:22.565+0000] {logging_mixin.py:188} INFO - [2024-02-16T16:24:22.565+0000] {dag.py:3036} INFO - Sync 1 DAGs
[2024-02-16T16:24:22.582+0000] {logging_mixin.py:188} INFO - [2024-02-16T16:24:22.582+0000] {dag.py:3823} INFO - Setting next_dagrun for example_short_circuit_decorator to 2024-02-15 00:00:00+00:00, run_after=2024-02-16 00:00:00+00:00
[2024-02-16T16:24:22.597+0000] {processor.py:183} INFO - Processing /home/airflow/.local/lib/python3.8/site-packages/airflow/example_dags/example_short_circuit_decorator.py took 0.058 seconds
[2024-02-16T16:24:52.780+0000] {processor.py:161} INFO - Started process (PID=571) to work on /home/airflow/.local/lib/python3.8/site-packages/airflow/example_dags/example_short_circuit_decorator.py
[2024-02-16T16:24:52.780+0000] {processor.py:830} INFO - Processing file /home/airflow/.local/lib/python3.8/site-packages/airflow/example_dags/example_short_circuit_decorator.py for tasks to queue
[2024-02-16T16:24:52.781+0000] {logging_mixin.py:188} INFO - [2024-02-16T16:24:52.781+0000] {dagbag.py:538} INFO - Filling up the DagBag from /home/airflow/.local/lib/python3.8/site-packages/airflow/example_dags/example_short_circuit_decorator.py
[2024-02-16T16:24:52.787+0000] {processor.py:840} INFO - DAG(s) 'example_short_circuit_decorator' retrieved from /home/airflow/.local/lib/python3.8/site-packages/airflow/example_dags/example_short_circuit_decorator.py
[2024-02-16T16:24:52.803+0000] {logging_mixin.py:188} INFO - [2024-02-16T16:24:52.803+0000] {dag.py:3036} INFO - Sync 1 DAGs
[2024-02-16T16:24:52.819+0000] {logging_mixin.py:188} INFO - [2024-02-16T16:24:52.819+0000] {dag.py:3823} INFO - Setting next_dagrun for example_short_circuit_decorator to 2024-02-15 00:00:00+00:00, run_after=2024-02-16 00:00:00+00:00
[2024-02-16T16:24:52.833+0000] {processor.py:183} INFO - Processing /home/airflow/.local/lib/python3.8/site-packages/airflow/example_dags/example_short_circuit_decorator.py took 0.055 seconds
[2024-02-16T16:25:23.034+0000] {processor.py:161} INFO - Started process (PID=626) to work on /home/airflow/.local/lib/python3.8/site-packages/airflow/example_dags/example_short_circuit_decorator.py
[2024-02-16T16:25:23.034+0000] {processor.py:830} INFO - Processing file /home/airflow/.local/lib/python3.8/site-packages/airflow/example_dags/example_short_circuit_decorator.py for tasks to queue
[2024-02-16T16:25:23.036+0000] {logging_mixin.py:188} INFO - [2024-02-16T16:25:23.035+0000] {dagbag.py:538} INFO - Filling up the DagBag from /home/airflow/.local/lib/python3.8/site-packages/airflow/example_dags/example_short_circuit_decorator.py
[2024-02-16T16:25:23.044+0000] {processor.py:840} INFO - DAG(s) 'example_short_circuit_decorator' retrieved from /home/airflow/.local/lib/python3.8/site-packages/airflow/example_dags/example_short_circuit_decorator.py
[2024-02-16T16:25:23.062+0000] {logging_mixin.py:188} INFO - [2024-02-16T16:25:23.062+0000] {dag.py:3036} INFO - Sync 1 DAGs
[2024-02-16T16:25:23.079+0000] {logging_mixin.py:188} INFO - [2024-02-16T16:25:23.079+0000] {dag.py:3823} INFO - Setting next_dagrun for example_short_circuit_decorator to 2024-02-15 00:00:00+00:00, run_after=2024-02-16 00:00:00+00:00
[2024-02-16T16:25:23.096+0000] {processor.py:183} INFO - Processing /home/airflow/.local/lib/python3.8/site-packages/airflow/example_dags/example_short_circuit_decorator.py took 0.064 seconds
[2024-02-16T16:25:53.168+0000] {processor.py:161} INFO - Started process (PID=681) to work on /home/airflow/.local/lib/python3.8/site-packages/airflow/example_dags/example_short_circuit_decorator.py
[2024-02-16T16:25:53.169+0000] {processor.py:830} INFO - Processing file /home/airflow/.local/lib/python3.8/site-packages/airflow/example_dags/example_short_circuit_decorator.py for tasks to queue
[2024-02-16T16:25:53.170+0000] {logging_mixin.py:188} INFO - [2024-02-16T16:25:53.170+0000] {dagbag.py:538} INFO - Filling up the DagBag from /home/airflow/.local/lib/python3.8/site-packages/airflow/example_dags/example_short_circuit_decorator.py
[2024-02-16T16:25:53.176+0000] {processor.py:840} INFO - DAG(s) 'example_short_circuit_decorator' retrieved from /home/airflow/.local/lib/python3.8/site-packages/airflow/example_dags/example_short_circuit_decorator.py
[2024-02-16T16:25:53.193+0000] {logging_mixin.py:188} INFO - [2024-02-16T16:25:53.193+0000] {dag.py:3036} INFO - Sync 1 DAGs
[2024-02-16T16:25:53.210+0000] {logging_mixin.py:188} INFO - [2024-02-16T16:25:53.210+0000] {dag.py:3823} INFO - Setting next_dagrun for example_short_circuit_decorator to 2024-02-15 00:00:00+00:00, run_after=2024-02-16 00:00:00+00:00
[2024-02-16T16:25:53.224+0000] {processor.py:183} INFO - Processing /home/airflow/.local/lib/python3.8/site-packages/airflow/example_dags/example_short_circuit_decorator.py took 0.058 seconds
[2024-02-16T16:26:23.445+0000] {processor.py:161} INFO - Started process (PID=736) to work on /home/airflow/.local/lib/python3.8/site-packages/airflow/example_dags/example_short_circuit_decorator.py
[2024-02-16T16:26:23.446+0000] {processor.py:830} INFO - Processing file /home/airflow/.local/lib/python3.8/site-packages/airflow/example_dags/example_short_circuit_decorator.py for tasks to queue
[2024-02-16T16:26:23.448+0000] {logging_mixin.py:188} INFO - [2024-02-16T16:26:23.447+0000] {dagbag.py:538} INFO - Filling up the DagBag from /home/airflow/.local/lib/python3.8/site-packages/airflow/example_dags/example_short_circuit_decorator.py
[2024-02-16T16:26:23.454+0000] {processor.py:840} INFO - DAG(s) 'example_short_circuit_decorator' retrieved from /home/airflow/.local/lib/python3.8/site-packages/airflow/example_dags/example_short_circuit_decorator.py
[2024-02-16T16:26:23.472+0000] {logging_mixin.py:188} INFO - [2024-02-16T16:26:23.472+0000] {dag.py:3036} INFO - Sync 1 DAGs
[2024-02-16T16:26:23.490+0000] {logging_mixin.py:188} INFO - [2024-02-16T16:26:23.490+0000] {dag.py:3823} INFO - Setting next_dagrun for example_short_circuit_decorator to 2024-02-15 00:00:00+00:00, run_after=2024-02-16 00:00:00+00:00
[2024-02-16T16:26:23.506+0000] {processor.py:183} INFO - Processing /home/airflow/.local/lib/python3.8/site-packages/airflow/example_dags/example_short_circuit_decorator.py took 0.062 seconds
[2024-02-16T16:26:53.853+0000] {processor.py:161} INFO - Started process (PID=791) to work on /home/airflow/.local/lib/python3.8/site-packages/airflow/example_dags/example_short_circuit_decorator.py
[2024-02-16T16:26:53.853+0000] {processor.py:830} INFO - Processing file /home/airflow/.local/lib/python3.8/site-packages/airflow/example_dags/example_short_circuit_decorator.py for tasks to queue
[2024-02-16T16:26:53.855+0000] {logging_mixin.py:188} INFO - [2024-02-16T16:26:53.855+0000] {dagbag.py:538} INFO - Filling up the DagBag from /home/airflow/.local/lib/python3.8/site-packages/airflow/example_dags/example_short_circuit_decorator.py
[2024-02-16T16:26:53.863+0000] {processor.py:840} INFO - DAG(s) 'example_short_circuit_decorator' retrieved from /home/airflow/.local/lib/python3.8/site-packages/airflow/example_dags/example_short_circuit_decorator.py
[2024-02-16T16:26:53.881+0000] {logging_mixin.py:188} INFO - [2024-02-16T16:26:53.881+0000] {dag.py:3036} INFO - Sync 1 DAGs
[2024-02-16T16:26:53.901+0000] {logging_mixin.py:188} INFO - [2024-02-16T16:26:53.901+0000] {dag.py:3823} INFO - Setting next_dagrun for example_short_circuit_decorator to 2024-02-15 00:00:00+00:00, run_after=2024-02-16 00:00:00+00:00
[2024-02-16T16:26:53.916+0000] {processor.py:183} INFO - Processing /home/airflow/.local/lib/python3.8/site-packages/airflow/example_dags/example_short_circuit_decorator.py took 0.065 seconds
[2024-02-16T16:27:23.962+0000] {processor.py:161} INFO - Started process (PID=846) to work on /home/airflow/.local/lib/python3.8/site-packages/airflow/example_dags/example_short_circuit_decorator.py
[2024-02-16T16:27:23.963+0000] {processor.py:830} INFO - Processing file /home/airflow/.local/lib/python3.8/site-packages/airflow/example_dags/example_short_circuit_decorator.py for tasks to queue
[2024-02-16T16:27:23.964+0000] {logging_mixin.py:188} INFO - [2024-02-16T16:27:23.964+0000] {dagbag.py:538} INFO - Filling up the DagBag from /home/airflow/.local/lib/python3.8/site-packages/airflow/example_dags/example_short_circuit_decorator.py
[2024-02-16T16:27:23.971+0000] {processor.py:840} INFO - DAG(s) 'example_short_circuit_decorator' retrieved from /home/airflow/.local/lib/python3.8/site-packages/airflow/example_dags/example_short_circuit_decorator.py
[2024-02-16T16:27:23.988+0000] {logging_mixin.py:188} INFO - [2024-02-16T16:27:23.988+0000] {dag.py:3036} INFO - Sync 1 DAGs
[2024-02-16T16:27:24.005+0000] {logging_mixin.py:188} INFO - [2024-02-16T16:27:24.005+0000] {dag.py:3823} INFO - Setting next_dagrun for example_short_circuit_decorator to 2024-02-15 00:00:00+00:00, run_after=2024-02-16 00:00:00+00:00
[2024-02-16T16:27:24.021+0000] {processor.py:183} INFO - Processing /home/airflow/.local/lib/python3.8/site-packages/airflow/example_dags/example_short_circuit_decorator.py took 0.060 seconds
[2024-02-16T16:27:54.973+0000] {processor.py:161} INFO - Started process (PID=901) to work on /home/airflow/.local/lib/python3.8/site-packages/airflow/example_dags/example_short_circuit_decorator.py
[2024-02-16T16:27:54.974+0000] {processor.py:830} INFO - Processing file /home/airflow/.local/lib/python3.8/site-packages/airflow/example_dags/example_short_circuit_decorator.py for tasks to queue
[2024-02-16T16:27:54.975+0000] {logging_mixin.py:188} INFO - [2024-02-16T16:27:54.975+0000] {dagbag.py:538} INFO - Filling up the DagBag from /home/airflow/.local/lib/python3.8/site-packages/airflow/example_dags/example_short_circuit_decorator.py
[2024-02-16T16:27:54.981+0000] {processor.py:840} INFO - DAG(s) 'example_short_circuit_decorator' retrieved from /home/airflow/.local/lib/python3.8/site-packages/airflow/example_dags/example_short_circuit_decorator.py
[2024-02-16T16:27:54.999+0000] {logging_mixin.py:188} INFO - [2024-02-16T16:27:54.999+0000] {dag.py:3036} INFO - Sync 1 DAGs
[2024-02-16T16:27:55.017+0000] {logging_mixin.py:188} INFO - [2024-02-16T16:27:55.017+0000] {dag.py:3823} INFO - Setting next_dagrun for example_short_circuit_decorator to 2024-02-15 00:00:00+00:00, run_after=2024-02-16 00:00:00+00:00
[2024-02-16T16:27:55.032+0000] {processor.py:183} INFO - Processing /home/airflow/.local/lib/python3.8/site-packages/airflow/example_dags/example_short_circuit_decorator.py took 0.061 seconds
[2024-02-16T16:28:25.220+0000] {processor.py:161} INFO - Started process (PID=956) to work on /home/airflow/.local/lib/python3.8/site-packages/airflow/example_dags/example_short_circuit_decorator.py
[2024-02-16T16:28:25.220+0000] {processor.py:830} INFO - Processing file /home/airflow/.local/lib/python3.8/site-packages/airflow/example_dags/example_short_circuit_decorator.py for tasks to queue
[2024-02-16T16:28:25.221+0000] {logging_mixin.py:188} INFO - [2024-02-16T16:28:25.221+0000] {dagbag.py:538} INFO - Filling up the DagBag from /home/airflow/.local/lib/python3.8/site-packages/airflow/example_dags/example_short_circuit_decorator.py
[2024-02-16T16:28:25.228+0000] {processor.py:840} INFO - DAG(s) 'example_short_circuit_decorator' retrieved from /home/airflow/.local/lib/python3.8/site-packages/airflow/example_dags/example_short_circuit_decorator.py
[2024-02-16T16:28:25.246+0000] {logging_mixin.py:188} INFO - [2024-02-16T16:28:25.245+0000] {dag.py:3036} INFO - Sync 1 DAGs
[2024-02-16T16:28:25.262+0000] {logging_mixin.py:188} INFO - [2024-02-16T16:28:25.262+0000] {dag.py:3823} INFO - Setting next_dagrun for example_short_circuit_decorator to 2024-02-15 00:00:00+00:00, run_after=2024-02-16 00:00:00+00:00
[2024-02-16T16:28:25.278+0000] {processor.py:183} INFO - Processing /home/airflow/.local/lib/python3.8/site-packages/airflow/example_dags/example_short_circuit_decorator.py took 0.060 seconds
[2024-02-16T16:28:55.360+0000] {processor.py:161} INFO - Started process (PID=1011) to work on /home/airflow/.local/lib/python3.8/site-packages/airflow/example_dags/example_short_circuit_decorator.py
[2024-02-16T16:28:55.360+0000] {processor.py:830} INFO - Processing file /home/airflow/.local/lib/python3.8/site-packages/airflow/example_dags/example_short_circuit_decorator.py for tasks to queue
[2024-02-16T16:28:55.361+0000] {logging_mixin.py:188} INFO - [2024-02-16T16:28:55.361+0000] {dagbag.py:538} INFO - Filling up the DagBag from /home/airflow/.local/lib/python3.8/site-packages/airflow/example_dags/example_short_circuit_decorator.py
[2024-02-16T16:28:55.367+0000] {processor.py:840} INFO - DAG(s) 'example_short_circuit_decorator' retrieved from /home/airflow/.local/lib/python3.8/site-packages/airflow/example_dags/example_short_circuit_decorator.py
[2024-02-16T16:28:55.383+0000] {logging_mixin.py:188} INFO - [2024-02-16T16:28:55.383+0000] {dag.py:3036} INFO - Sync 1 DAGs
[2024-02-16T16:28:55.398+0000] {logging_mixin.py:188} INFO - [2024-02-16T16:28:55.398+0000] {dag.py:3823} INFO - Setting next_dagrun for example_short_circuit_decorator to 2024-02-15 00:00:00+00:00, run_after=2024-02-16 00:00:00+00:00
[2024-02-16T16:28:55.410+0000] {processor.py:183} INFO - Processing /home/airflow/.local/lib/python3.8/site-packages/airflow/example_dags/example_short_circuit_decorator.py took 0.052 seconds
[2024-02-16T16:29:25.572+0000] {processor.py:161} INFO - Started process (PID=1066) to work on /home/airflow/.local/lib/python3.8/site-packages/airflow/example_dags/example_short_circuit_decorator.py
[2024-02-16T16:29:25.573+0000] {processor.py:830} INFO - Processing file /home/airflow/.local/lib/python3.8/site-packages/airflow/example_dags/example_short_circuit_decorator.py for tasks to queue
[2024-02-16T16:29:25.574+0000] {logging_mixin.py:188} INFO - [2024-02-16T16:29:25.573+0000] {dagbag.py:538} INFO - Filling up the DagBag from /home/airflow/.local/lib/python3.8/site-packages/airflow/example_dags/example_short_circuit_decorator.py
[2024-02-16T16:29:25.580+0000] {processor.py:840} INFO - DAG(s) 'example_short_circuit_decorator' retrieved from /home/airflow/.local/lib/python3.8/site-packages/airflow/example_dags/example_short_circuit_decorator.py
[2024-02-16T16:29:25.596+0000] {logging_mixin.py:188} INFO - [2024-02-16T16:29:25.596+0000] {dag.py:3036} INFO - Sync 1 DAGs
[2024-02-16T16:29:25.611+0000] {logging_mixin.py:188} INFO - [2024-02-16T16:29:25.611+0000] {dag.py:3823} INFO - Setting next_dagrun for example_short_circuit_decorator to 2024-02-15 00:00:00+00:00, run_after=2024-02-16 00:00:00+00:00
[2024-02-16T16:29:25.624+0000] {processor.py:183} INFO - Processing /home/airflow/.local/lib/python3.8/site-packages/airflow/example_dags/example_short_circuit_decorator.py took 0.054 seconds
[2024-02-16T16:29:55.867+0000] {processor.py:161} INFO - Started process (PID=1121) to work on /home/airflow/.local/lib/python3.8/site-packages/airflow/example_dags/example_short_circuit_decorator.py
[2024-02-16T16:29:55.868+0000] {processor.py:830} INFO - Processing file /home/airflow/.local/lib/python3.8/site-packages/airflow/example_dags/example_short_circuit_decorator.py for tasks to queue
[2024-02-16T16:29:55.878+0000] {logging_mixin.py:188} INFO - [2024-02-16T16:29:55.878+0000] {dagbag.py:538} INFO - Filling up the DagBag from /home/airflow/.local/lib/python3.8/site-packages/airflow/example_dags/example_short_circuit_decorator.py
[2024-02-16T16:29:55.892+0000] {processor.py:840} INFO - DAG(s) 'example_short_circuit_decorator' retrieved from /home/airflow/.local/lib/python3.8/site-packages/airflow/example_dags/example_short_circuit_decorator.py
[2024-02-16T16:29:55.924+0000] {logging_mixin.py:188} INFO - [2024-02-16T16:29:55.924+0000] {dag.py:3036} INFO - Sync 1 DAGs
[2024-02-16T16:29:55.943+0000] {logging_mixin.py:188} INFO - [2024-02-16T16:29:55.943+0000] {dag.py:3823} INFO - Setting next_dagrun for example_short_circuit_decorator to 2024-02-15 00:00:00+00:00, run_after=2024-02-16 00:00:00+00:00
[2024-02-16T16:29:55.960+0000] {processor.py:183} INFO - Processing /home/airflow/.local/lib/python3.8/site-packages/airflow/example_dags/example_short_circuit_decorator.py took 0.097 seconds
[2024-02-16T16:30:26.710+0000] {processor.py:161} INFO - Started process (PID=1177) to work on /home/airflow/.local/lib/python3.8/site-packages/airflow/example_dags/example_short_circuit_decorator.py
[2024-02-16T16:30:26.711+0000] {processor.py:830} INFO - Processing file /home/airflow/.local/lib/python3.8/site-packages/airflow/example_dags/example_short_circuit_decorator.py for tasks to queue
[2024-02-16T16:30:26.712+0000] {logging_mixin.py:188} INFO - [2024-02-16T16:30:26.712+0000] {dagbag.py:538} INFO - Filling up the DagBag from /home/airflow/.local/lib/python3.8/site-packages/airflow/example_dags/example_short_circuit_decorator.py
[2024-02-16T16:30:26.718+0000] {processor.py:840} INFO - DAG(s) 'example_short_circuit_decorator' retrieved from /home/airflow/.local/lib/python3.8/site-packages/airflow/example_dags/example_short_circuit_decorator.py
[2024-02-16T16:30:26.733+0000] {logging_mixin.py:188} INFO - [2024-02-16T16:30:26.733+0000] {dag.py:3036} INFO - Sync 1 DAGs
[2024-02-16T16:30:26.748+0000] {logging_mixin.py:188} INFO - [2024-02-16T16:30:26.748+0000] {dag.py:3823} INFO - Setting next_dagrun for example_short_circuit_decorator to 2024-02-15 00:00:00+00:00, run_after=2024-02-16 00:00:00+00:00
[2024-02-16T16:30:26.760+0000] {processor.py:183} INFO - Processing /home/airflow/.local/lib/python3.8/site-packages/airflow/example_dags/example_short_circuit_decorator.py took 0.052 seconds
[2024-02-16T16:31:27.556+0000] {processor.py:161} INFO - Started process (PID=77) to work on /home/airflow/.local/lib/python3.8/site-packages/airflow/example_dags/example_short_circuit_decorator.py
[2024-02-16T16:31:27.556+0000] {processor.py:830} INFO - Processing file /home/airflow/.local/lib/python3.8/site-packages/airflow/example_dags/example_short_circuit_decorator.py for tasks to queue
[2024-02-16T16:31:27.558+0000] {logging_mixin.py:188} INFO - [2024-02-16T16:31:27.558+0000] {dagbag.py:538} INFO - Filling up the DagBag from /home/airflow/.local/lib/python3.8/site-packages/airflow/example_dags/example_short_circuit_decorator.py
[2024-02-16T16:31:27.566+0000] {processor.py:840} INFO - DAG(s) 'example_short_circuit_decorator' retrieved from /home/airflow/.local/lib/python3.8/site-packages/airflow/example_dags/example_short_circuit_decorator.py
[2024-02-16T16:31:27.575+0000] {logging_mixin.py:188} INFO - [2024-02-16T16:31:27.575+0000] {dag.py:3036} INFO - Sync 1 DAGs
[2024-02-16T16:31:27.591+0000] {logging_mixin.py:188} INFO - [2024-02-16T16:31:27.591+0000] {dag.py:3823} INFO - Setting next_dagrun for example_short_circuit_decorator to 2024-02-15 00:00:00+00:00, run_after=2024-02-16 00:00:00+00:00
[2024-02-16T16:31:27.607+0000] {processor.py:183} INFO - Processing /home/airflow/.local/lib/python3.8/site-packages/airflow/example_dags/example_short_circuit_decorator.py took 0.054 seconds
[2024-02-16T16:31:59.238+0000] {processor.py:161} INFO - Started process (PID=133) to work on /home/airflow/.local/lib/python3.8/site-packages/airflow/example_dags/example_short_circuit_decorator.py
[2024-02-16T16:31:59.239+0000] {processor.py:830} INFO - Processing file /home/airflow/.local/lib/python3.8/site-packages/airflow/example_dags/example_short_circuit_decorator.py for tasks to queue
[2024-02-16T16:31:59.240+0000] {logging_mixin.py:188} INFO - [2024-02-16T16:31:59.240+0000] {dagbag.py:538} INFO - Filling up the DagBag from /home/airflow/.local/lib/python3.8/site-packages/airflow/example_dags/example_short_circuit_decorator.py
[2024-02-16T16:31:59.246+0000] {processor.py:840} INFO - DAG(s) 'example_short_circuit_decorator' retrieved from /home/airflow/.local/lib/python3.8/site-packages/airflow/example_dags/example_short_circuit_decorator.py
[2024-02-16T16:31:59.318+0000] {logging_mixin.py:188} INFO - [2024-02-16T16:31:59.318+0000] {dag.py:3036} INFO - Sync 1 DAGs
[2024-02-16T16:31:59.333+0000] {logging_mixin.py:188} INFO - [2024-02-16T16:31:59.332+0000] {dag.py:3823} INFO - Setting next_dagrun for example_short_circuit_decorator to 2024-02-15 00:00:00+00:00, run_after=2024-02-16 00:00:00+00:00
[2024-02-16T16:31:59.346+0000] {processor.py:183} INFO - Processing /home/airflow/.local/lib/python3.8/site-packages/airflow/example_dags/example_short_circuit_decorator.py took 0.110 seconds
[2024-02-16T16:32:29.507+0000] {processor.py:161} INFO - Started process (PID=189) to work on /home/airflow/.local/lib/python3.8/site-packages/airflow/example_dags/example_short_circuit_decorator.py
[2024-02-16T16:32:29.507+0000] {processor.py:830} INFO - Processing file /home/airflow/.local/lib/python3.8/site-packages/airflow/example_dags/example_short_circuit_decorator.py for tasks to queue
[2024-02-16T16:32:29.508+0000] {logging_mixin.py:188} INFO - [2024-02-16T16:32:29.508+0000] {dagbag.py:538} INFO - Filling up the DagBag from /home/airflow/.local/lib/python3.8/site-packages/airflow/example_dags/example_short_circuit_decorator.py
[2024-02-16T16:32:29.514+0000] {processor.py:840} INFO - DAG(s) 'example_short_circuit_decorator' retrieved from /home/airflow/.local/lib/python3.8/site-packages/airflow/example_dags/example_short_circuit_decorator.py
[2024-02-16T16:32:29.530+0000] {logging_mixin.py:188} INFO - [2024-02-16T16:32:29.530+0000] {dag.py:3036} INFO - Sync 1 DAGs
[2024-02-16T16:32:29.546+0000] {logging_mixin.py:188} INFO - [2024-02-16T16:32:29.546+0000] {dag.py:3823} INFO - Setting next_dagrun for example_short_circuit_decorator to 2024-02-15 00:00:00+00:00, run_after=2024-02-16 00:00:00+00:00
[2024-02-16T16:32:29.559+0000] {processor.py:183} INFO - Processing /home/airflow/.local/lib/python3.8/site-packages/airflow/example_dags/example_short_circuit_decorator.py took 0.054 seconds
[2024-02-16T16:32:59.706+0000] {processor.py:161} INFO - Started process (PID=245) to work on /home/airflow/.local/lib/python3.8/site-packages/airflow/example_dags/example_short_circuit_decorator.py
[2024-02-16T16:32:59.707+0000] {processor.py:830} INFO - Processing file /home/airflow/.local/lib/python3.8/site-packages/airflow/example_dags/example_short_circuit_decorator.py for tasks to queue
[2024-02-16T16:32:59.708+0000] {logging_mixin.py:188} INFO - [2024-02-16T16:32:59.708+0000] {dagbag.py:538} INFO - Filling up the DagBag from /home/airflow/.local/lib/python3.8/site-packages/airflow/example_dags/example_short_circuit_decorator.py
[2024-02-16T16:32:59.714+0000] {processor.py:840} INFO - DAG(s) 'example_short_circuit_decorator' retrieved from /home/airflow/.local/lib/python3.8/site-packages/airflow/example_dags/example_short_circuit_decorator.py
[2024-02-16T16:32:59.730+0000] {logging_mixin.py:188} INFO - [2024-02-16T16:32:59.729+0000] {dag.py:3036} INFO - Sync 1 DAGs
[2024-02-16T16:32:59.746+0000] {logging_mixin.py:188} INFO - [2024-02-16T16:32:59.746+0000] {dag.py:3823} INFO - Setting next_dagrun for example_short_circuit_decorator to 2024-02-15 00:00:00+00:00, run_after=2024-02-16 00:00:00+00:00
[2024-02-16T16:32:59.759+0000] {processor.py:183} INFO - Processing /home/airflow/.local/lib/python3.8/site-packages/airflow/example_dags/example_short_circuit_decorator.py took 0.055 seconds
[2024-02-16T16:33:29.892+0000] {processor.py:161} INFO - Started process (PID=301) to work on /home/airflow/.local/lib/python3.8/site-packages/airflow/example_dags/example_short_circuit_decorator.py
[2024-02-16T16:33:29.893+0000] {processor.py:830} INFO - Processing file /home/airflow/.local/lib/python3.8/site-packages/airflow/example_dags/example_short_circuit_decorator.py for tasks to queue
[2024-02-16T16:33:29.894+0000] {logging_mixin.py:188} INFO - [2024-02-16T16:33:29.893+0000] {dagbag.py:538} INFO - Filling up the DagBag from /home/airflow/.local/lib/python3.8/site-packages/airflow/example_dags/example_short_circuit_decorator.py
[2024-02-16T16:33:29.900+0000] {processor.py:840} INFO - DAG(s) 'example_short_circuit_decorator' retrieved from /home/airflow/.local/lib/python3.8/site-packages/airflow/example_dags/example_short_circuit_decorator.py
[2024-02-16T16:33:29.917+0000] {logging_mixin.py:188} INFO - [2024-02-16T16:33:29.917+0000] {dag.py:3036} INFO - Sync 1 DAGs
[2024-02-16T16:33:29.932+0000] {logging_mixin.py:188} INFO - [2024-02-16T16:33:29.932+0000] {dag.py:3823} INFO - Setting next_dagrun for example_short_circuit_decorator to 2024-02-15 00:00:00+00:00, run_after=2024-02-16 00:00:00+00:00
[2024-02-16T16:33:29.946+0000] {processor.py:183} INFO - Processing /home/airflow/.local/lib/python3.8/site-packages/airflow/example_dags/example_short_circuit_decorator.py took 0.056 seconds
[2024-02-16T16:34:00.080+0000] {processor.py:161} INFO - Started process (PID=357) to work on /home/airflow/.local/lib/python3.8/site-packages/airflow/example_dags/example_short_circuit_decorator.py
[2024-02-16T16:34:00.081+0000] {processor.py:830} INFO - Processing file /home/airflow/.local/lib/python3.8/site-packages/airflow/example_dags/example_short_circuit_decorator.py for tasks to queue
[2024-02-16T16:34:00.082+0000] {logging_mixin.py:188} INFO - [2024-02-16T16:34:00.082+0000] {dagbag.py:538} INFO - Filling up the DagBag from /home/airflow/.local/lib/python3.8/site-packages/airflow/example_dags/example_short_circuit_decorator.py
[2024-02-16T16:34:00.089+0000] {processor.py:840} INFO - DAG(s) 'example_short_circuit_decorator' retrieved from /home/airflow/.local/lib/python3.8/site-packages/airflow/example_dags/example_short_circuit_decorator.py
[2024-02-16T16:34:00.106+0000] {logging_mixin.py:188} INFO - [2024-02-16T16:34:00.106+0000] {dag.py:3036} INFO - Sync 1 DAGs
[2024-02-16T16:34:00.123+0000] {logging_mixin.py:188} INFO - [2024-02-16T16:34:00.122+0000] {dag.py:3823} INFO - Setting next_dagrun for example_short_circuit_decorator to 2024-02-15 00:00:00+00:00, run_after=2024-02-16 00:00:00+00:00
[2024-02-16T16:34:00.138+0000] {processor.py:183} INFO - Processing /home/airflow/.local/lib/python3.8/site-packages/airflow/example_dags/example_short_circuit_decorator.py took 0.059 seconds
[2024-02-16T16:34:30.323+0000] {processor.py:161} INFO - Started process (PID=413) to work on /home/airflow/.local/lib/python3.8/site-packages/airflow/example_dags/example_short_circuit_decorator.py
[2024-02-16T16:34:30.324+0000] {processor.py:830} INFO - Processing file /home/airflow/.local/lib/python3.8/site-packages/airflow/example_dags/example_short_circuit_decorator.py for tasks to queue
[2024-02-16T16:34:30.325+0000] {logging_mixin.py:188} INFO - [2024-02-16T16:34:30.324+0000] {dagbag.py:538} INFO - Filling up the DagBag from /home/airflow/.local/lib/python3.8/site-packages/airflow/example_dags/example_short_circuit_decorator.py
[2024-02-16T16:34:30.331+0000] {processor.py:840} INFO - DAG(s) 'example_short_circuit_decorator' retrieved from /home/airflow/.local/lib/python3.8/site-packages/airflow/example_dags/example_short_circuit_decorator.py
[2024-02-16T16:34:30.347+0000] {logging_mixin.py:188} INFO - [2024-02-16T16:34:30.347+0000] {dag.py:3036} INFO - Sync 1 DAGs
[2024-02-16T16:34:30.362+0000] {logging_mixin.py:188} INFO - [2024-02-16T16:34:30.362+0000] {dag.py:3823} INFO - Setting next_dagrun for example_short_circuit_decorator to 2024-02-15 00:00:00+00:00, run_after=2024-02-16 00:00:00+00:00
[2024-02-16T16:34:30.376+0000] {processor.py:183} INFO - Processing /home/airflow/.local/lib/python3.8/site-packages/airflow/example_dags/example_short_circuit_decorator.py took 0.055 seconds
[2024-02-16T16:35:00.593+0000] {processor.py:161} INFO - Started process (PID=469) to work on /home/airflow/.local/lib/python3.8/site-packages/airflow/example_dags/example_short_circuit_decorator.py
[2024-02-16T16:35:00.594+0000] {processor.py:830} INFO - Processing file /home/airflow/.local/lib/python3.8/site-packages/airflow/example_dags/example_short_circuit_decorator.py for tasks to queue
[2024-02-16T16:35:00.595+0000] {logging_mixin.py:188} INFO - [2024-02-16T16:35:00.595+0000] {dagbag.py:538} INFO - Filling up the DagBag from /home/airflow/.local/lib/python3.8/site-packages/airflow/example_dags/example_short_circuit_decorator.py
[2024-02-16T16:35:00.601+0000] {processor.py:840} INFO - DAG(s) 'example_short_circuit_decorator' retrieved from /home/airflow/.local/lib/python3.8/site-packages/airflow/example_dags/example_short_circuit_decorator.py
[2024-02-16T16:35:00.617+0000] {logging_mixin.py:188} INFO - [2024-02-16T16:35:00.617+0000] {dag.py:3036} INFO - Sync 1 DAGs
[2024-02-16T16:35:00.633+0000] {logging_mixin.py:188} INFO - [2024-02-16T16:35:00.633+0000] {dag.py:3823} INFO - Setting next_dagrun for example_short_circuit_decorator to 2024-02-15 00:00:00+00:00, run_after=2024-02-16 00:00:00+00:00
[2024-02-16T16:35:00.646+0000] {processor.py:183} INFO - Processing /home/airflow/.local/lib/python3.8/site-packages/airflow/example_dags/example_short_circuit_decorator.py took 0.055 seconds
[2024-02-16T16:35:30.792+0000] {processor.py:161} INFO - Started process (PID=525) to work on /home/airflow/.local/lib/python3.8/site-packages/airflow/example_dags/example_short_circuit_decorator.py
[2024-02-16T16:35:30.792+0000] {processor.py:830} INFO - Processing file /home/airflow/.local/lib/python3.8/site-packages/airflow/example_dags/example_short_circuit_decorator.py for tasks to queue
[2024-02-16T16:35:30.794+0000] {logging_mixin.py:188} INFO - [2024-02-16T16:35:30.793+0000] {dagbag.py:538} INFO - Filling up the DagBag from /home/airflow/.local/lib/python3.8/site-packages/airflow/example_dags/example_short_circuit_decorator.py
[2024-02-16T16:35:30.800+0000] {processor.py:840} INFO - DAG(s) 'example_short_circuit_decorator' retrieved from /home/airflow/.local/lib/python3.8/site-packages/airflow/example_dags/example_short_circuit_decorator.py
[2024-02-16T16:35:30.816+0000] {logging_mixin.py:188} INFO - [2024-02-16T16:35:30.816+0000] {dag.py:3036} INFO - Sync 1 DAGs
[2024-02-16T16:35:30.833+0000] {logging_mixin.py:188} INFO - [2024-02-16T16:35:30.833+0000] {dag.py:3823} INFO - Setting next_dagrun for example_short_circuit_decorator to 2024-02-15 00:00:00+00:00, run_after=2024-02-16 00:00:00+00:00
[2024-02-16T16:35:30.847+0000] {processor.py:183} INFO - Processing /home/airflow/.local/lib/python3.8/site-packages/airflow/example_dags/example_short_circuit_decorator.py took 0.057 seconds
[2024-02-16T16:36:01.139+0000] {processor.py:161} INFO - Started process (PID=581) to work on /home/airflow/.local/lib/python3.8/site-packages/airflow/example_dags/example_short_circuit_decorator.py
[2024-02-16T16:36:01.139+0000] {processor.py:830} INFO - Processing file /home/airflow/.local/lib/python3.8/site-packages/airflow/example_dags/example_short_circuit_decorator.py for tasks to queue
[2024-02-16T16:36:01.141+0000] {logging_mixin.py:188} INFO - [2024-02-16T16:36:01.140+0000] {dagbag.py:538} INFO - Filling up the DagBag from /home/airflow/.local/lib/python3.8/site-packages/airflow/example_dags/example_short_circuit_decorator.py
[2024-02-16T16:36:01.150+0000] {processor.py:840} INFO - DAG(s) 'example_short_circuit_decorator' retrieved from /home/airflow/.local/lib/python3.8/site-packages/airflow/example_dags/example_short_circuit_decorator.py
[2024-02-16T16:36:01.170+0000] {logging_mixin.py:188} INFO - [2024-02-16T16:36:01.170+0000] {dag.py:3036} INFO - Sync 1 DAGs
[2024-02-16T16:36:01.187+0000] {logging_mixin.py:188} INFO - [2024-02-16T16:36:01.187+0000] {dag.py:3823} INFO - Setting next_dagrun for example_short_circuit_decorator to 2024-02-15 00:00:00+00:00, run_after=2024-02-16 00:00:00+00:00
[2024-02-16T16:36:01.203+0000] {processor.py:183} INFO - Processing /home/airflow/.local/lib/python3.8/site-packages/airflow/example_dags/example_short_circuit_decorator.py took 0.067 seconds
[2024-02-16T16:36:32.224+0000] {processor.py:161} INFO - Started process (PID=637) to work on /home/airflow/.local/lib/python3.8/site-packages/airflow/example_dags/example_short_circuit_decorator.py
[2024-02-16T16:36:32.224+0000] {processor.py:830} INFO - Processing file /home/airflow/.local/lib/python3.8/site-packages/airflow/example_dags/example_short_circuit_decorator.py for tasks to queue
[2024-02-16T16:36:32.226+0000] {logging_mixin.py:188} INFO - [2024-02-16T16:36:32.226+0000] {dagbag.py:538} INFO - Filling up the DagBag from /home/airflow/.local/lib/python3.8/site-packages/airflow/example_dags/example_short_circuit_decorator.py
[2024-02-16T16:36:32.233+0000] {processor.py:840} INFO - DAG(s) 'example_short_circuit_decorator' retrieved from /home/airflow/.local/lib/python3.8/site-packages/airflow/example_dags/example_short_circuit_decorator.py
[2024-02-16T16:36:32.258+0000] {logging_mixin.py:188} INFO - [2024-02-16T16:36:32.257+0000] {dag.py:3036} INFO - Sync 1 DAGs
[2024-02-16T16:36:32.278+0000] {logging_mixin.py:188} INFO - [2024-02-16T16:36:32.277+0000] {dag.py:3823} INFO - Setting next_dagrun for example_short_circuit_decorator to 2024-02-15 00:00:00+00:00, run_after=2024-02-16 00:00:00+00:00
[2024-02-16T16:36:32.294+0000] {processor.py:183} INFO - Processing /home/airflow/.local/lib/python3.8/site-packages/airflow/example_dags/example_short_circuit_decorator.py took 0.072 seconds
[2024-02-16T16:37:02.645+0000] {processor.py:161} INFO - Started process (PID=694) to work on /home/airflow/.local/lib/python3.8/site-packages/airflow/example_dags/example_short_circuit_decorator.py
[2024-02-16T16:37:02.645+0000] {processor.py:830} INFO - Processing file /home/airflow/.local/lib/python3.8/site-packages/airflow/example_dags/example_short_circuit_decorator.py for tasks to queue
[2024-02-16T16:37:02.646+0000] {logging_mixin.py:188} INFO - [2024-02-16T16:37:02.646+0000] {dagbag.py:538} INFO - Filling up the DagBag from /home/airflow/.local/lib/python3.8/site-packages/airflow/example_dags/example_short_circuit_decorator.py
[2024-02-16T16:37:02.653+0000] {processor.py:840} INFO - DAG(s) 'example_short_circuit_decorator' retrieved from /home/airflow/.local/lib/python3.8/site-packages/airflow/example_dags/example_short_circuit_decorator.py
[2024-02-16T16:37:02.670+0000] {logging_mixin.py:188} INFO - [2024-02-16T16:37:02.669+0000] {dag.py:3036} INFO - Sync 1 DAGs
[2024-02-16T16:37:02.687+0000] {logging_mixin.py:188} INFO - [2024-02-16T16:37:02.687+0000] {dag.py:3823} INFO - Setting next_dagrun for example_short_circuit_decorator to 2024-02-15 00:00:00+00:00, run_after=2024-02-16 00:00:00+00:00
[2024-02-16T16:37:02.702+0000] {processor.py:183} INFO - Processing /home/airflow/.local/lib/python3.8/site-packages/airflow/example_dags/example_short_circuit_decorator.py took 0.059 seconds
[2024-02-16T16:37:32.930+0000] {processor.py:161} INFO - Started process (PID=751) to work on /home/airflow/.local/lib/python3.8/site-packages/airflow/example_dags/example_short_circuit_decorator.py
[2024-02-16T16:37:32.930+0000] {processor.py:830} INFO - Processing file /home/airflow/.local/lib/python3.8/site-packages/airflow/example_dags/example_short_circuit_decorator.py for tasks to queue
[2024-02-16T16:37:32.932+0000] {logging_mixin.py:188} INFO - [2024-02-16T16:37:32.931+0000] {dagbag.py:538} INFO - Filling up the DagBag from /home/airflow/.local/lib/python3.8/site-packages/airflow/example_dags/example_short_circuit_decorator.py
[2024-02-16T16:37:32.938+0000] {processor.py:840} INFO - DAG(s) 'example_short_circuit_decorator' retrieved from /home/airflow/.local/lib/python3.8/site-packages/airflow/example_dags/example_short_circuit_decorator.py
[2024-02-16T16:37:32.954+0000] {logging_mixin.py:188} INFO - [2024-02-16T16:37:32.953+0000] {dag.py:3036} INFO - Sync 1 DAGs
[2024-02-16T16:37:32.969+0000] {logging_mixin.py:188} INFO - [2024-02-16T16:37:32.968+0000] {dag.py:3823} INFO - Setting next_dagrun for example_short_circuit_decorator to 2024-02-15 00:00:00+00:00, run_after=2024-02-16 00:00:00+00:00
[2024-02-16T16:37:32.981+0000] {processor.py:183} INFO - Processing /home/airflow/.local/lib/python3.8/site-packages/airflow/example_dags/example_short_circuit_decorator.py took 0.053 seconds
[2024-02-16T16:39:17.225+0000] {processor.py:161} INFO - Started process (PID=78) to work on /home/airflow/.local/lib/python3.8/site-packages/airflow/example_dags/example_short_circuit_decorator.py
[2024-02-16T16:39:17.225+0000] {processor.py:830} INFO - Processing file /home/airflow/.local/lib/python3.8/site-packages/airflow/example_dags/example_short_circuit_decorator.py for tasks to queue
[2024-02-16T16:39:17.227+0000] {logging_mixin.py:188} INFO - [2024-02-16T16:39:17.226+0000] {dagbag.py:538} INFO - Filling up the DagBag from /home/airflow/.local/lib/python3.8/site-packages/airflow/example_dags/example_short_circuit_decorator.py
[2024-02-16T16:39:17.234+0000] {processor.py:840} INFO - DAG(s) 'example_short_circuit_decorator' retrieved from /home/airflow/.local/lib/python3.8/site-packages/airflow/example_dags/example_short_circuit_decorator.py
[2024-02-16T16:39:17.242+0000] {logging_mixin.py:188} INFO - [2024-02-16T16:39:17.242+0000] {dag.py:3036} INFO - Sync 1 DAGs
[2024-02-16T16:39:17.259+0000] {logging_mixin.py:188} INFO - [2024-02-16T16:39:17.259+0000] {dag.py:3823} INFO - Setting next_dagrun for example_short_circuit_decorator to 2024-02-15 00:00:00+00:00, run_after=2024-02-16 00:00:00+00:00
[2024-02-16T16:39:17.273+0000] {processor.py:183} INFO - Processing /home/airflow/.local/lib/python3.8/site-packages/airflow/example_dags/example_short_circuit_decorator.py took 0.049 seconds
[2024-02-16T16:39:48.287+0000] {processor.py:161} INFO - Started process (PID=135) to work on /home/airflow/.local/lib/python3.8/site-packages/airflow/example_dags/example_short_circuit_decorator.py
[2024-02-16T16:39:48.288+0000] {processor.py:830} INFO - Processing file /home/airflow/.local/lib/python3.8/site-packages/airflow/example_dags/example_short_circuit_decorator.py for tasks to queue
[2024-02-16T16:39:48.289+0000] {logging_mixin.py:188} INFO - [2024-02-16T16:39:48.289+0000] {dagbag.py:538} INFO - Filling up the DagBag from /home/airflow/.local/lib/python3.8/site-packages/airflow/example_dags/example_short_circuit_decorator.py
[2024-02-16T16:39:48.295+0000] {processor.py:840} INFO - DAG(s) 'example_short_circuit_decorator' retrieved from /home/airflow/.local/lib/python3.8/site-packages/airflow/example_dags/example_short_circuit_decorator.py
[2024-02-16T16:39:48.369+0000] {logging_mixin.py:188} INFO - [2024-02-16T16:39:48.369+0000] {dag.py:3036} INFO - Sync 1 DAGs
[2024-02-16T16:39:48.384+0000] {logging_mixin.py:188} INFO - [2024-02-16T16:39:48.383+0000] {dag.py:3823} INFO - Setting next_dagrun for example_short_circuit_decorator to 2024-02-15 00:00:00+00:00, run_after=2024-02-16 00:00:00+00:00
[2024-02-16T16:39:48.397+0000] {processor.py:183} INFO - Processing /home/airflow/.local/lib/python3.8/site-packages/airflow/example_dags/example_short_circuit_decorator.py took 0.112 seconds
[2024-02-16T16:40:18.875+0000] {processor.py:161} INFO - Started process (PID=192) to work on /home/airflow/.local/lib/python3.8/site-packages/airflow/example_dags/example_short_circuit_decorator.py
[2024-02-16T16:40:18.876+0000] {processor.py:830} INFO - Processing file /home/airflow/.local/lib/python3.8/site-packages/airflow/example_dags/example_short_circuit_decorator.py for tasks to queue
[2024-02-16T16:40:18.877+0000] {logging_mixin.py:188} INFO - [2024-02-16T16:40:18.876+0000] {dagbag.py:538} INFO - Filling up the DagBag from /home/airflow/.local/lib/python3.8/site-packages/airflow/example_dags/example_short_circuit_decorator.py
[2024-02-16T16:40:18.883+0000] {processor.py:840} INFO - DAG(s) 'example_short_circuit_decorator' retrieved from /home/airflow/.local/lib/python3.8/site-packages/airflow/example_dags/example_short_circuit_decorator.py
[2024-02-16T16:40:18.900+0000] {logging_mixin.py:188} INFO - [2024-02-16T16:40:18.900+0000] {dag.py:3036} INFO - Sync 1 DAGs
[2024-02-16T16:40:18.917+0000] {logging_mixin.py:188} INFO - [2024-02-16T16:40:18.917+0000] {dag.py:3823} INFO - Setting next_dagrun for example_short_circuit_decorator to 2024-02-15 00:00:00+00:00, run_after=2024-02-16 00:00:00+00:00
[2024-02-16T16:40:18.932+0000] {processor.py:183} INFO - Processing /home/airflow/.local/lib/python3.8/site-packages/airflow/example_dags/example_short_circuit_decorator.py took 0.058 seconds
[2024-02-16T16:40:49.339+0000] {processor.py:161} INFO - Started process (PID=249) to work on /home/airflow/.local/lib/python3.8/site-packages/airflow/example_dags/example_short_circuit_decorator.py
[2024-02-16T16:40:49.340+0000] {processor.py:830} INFO - Processing file /home/airflow/.local/lib/python3.8/site-packages/airflow/example_dags/example_short_circuit_decorator.py for tasks to queue
[2024-02-16T16:40:49.341+0000] {logging_mixin.py:188} INFO - [2024-02-16T16:40:49.341+0000] {dagbag.py:538} INFO - Filling up the DagBag from /home/airflow/.local/lib/python3.8/site-packages/airflow/example_dags/example_short_circuit_decorator.py
[2024-02-16T16:40:49.348+0000] {processor.py:840} INFO - DAG(s) 'example_short_circuit_decorator' retrieved from /home/airflow/.local/lib/python3.8/site-packages/airflow/example_dags/example_short_circuit_decorator.py
[2024-02-16T16:40:49.369+0000] {logging_mixin.py:188} INFO - [2024-02-16T16:40:49.369+0000] {dag.py:3036} INFO - Sync 1 DAGs
[2024-02-16T16:40:49.388+0000] {logging_mixin.py:188} INFO - [2024-02-16T16:40:49.388+0000] {dag.py:3823} INFO - Setting next_dagrun for example_short_circuit_decorator to 2024-02-15 00:00:00+00:00, run_after=2024-02-16 00:00:00+00:00
[2024-02-16T16:40:49.406+0000] {processor.py:183} INFO - Processing /home/airflow/.local/lib/python3.8/site-packages/airflow/example_dags/example_short_circuit_decorator.py took 0.068 seconds
[2024-02-16T16:41:19.749+0000] {processor.py:161} INFO - Started process (PID=306) to work on /home/airflow/.local/lib/python3.8/site-packages/airflow/example_dags/example_short_circuit_decorator.py
[2024-02-16T16:41:19.750+0000] {processor.py:830} INFO - Processing file /home/airflow/.local/lib/python3.8/site-packages/airflow/example_dags/example_short_circuit_decorator.py for tasks to queue
[2024-02-16T16:41:19.751+0000] {logging_mixin.py:188} INFO - [2024-02-16T16:41:19.751+0000] {dagbag.py:538} INFO - Filling up the DagBag from /home/airflow/.local/lib/python3.8/site-packages/airflow/example_dags/example_short_circuit_decorator.py
[2024-02-16T16:41:19.757+0000] {processor.py:840} INFO - DAG(s) 'example_short_circuit_decorator' retrieved from /home/airflow/.local/lib/python3.8/site-packages/airflow/example_dags/example_short_circuit_decorator.py
[2024-02-16T16:41:19.776+0000] {logging_mixin.py:188} INFO - [2024-02-16T16:41:19.775+0000] {dag.py:3036} INFO - Sync 1 DAGs
[2024-02-16T16:41:19.793+0000] {logging_mixin.py:188} INFO - [2024-02-16T16:41:19.793+0000] {dag.py:3823} INFO - Setting next_dagrun for example_short_circuit_decorator to 2024-02-15 00:00:00+00:00, run_after=2024-02-16 00:00:00+00:00
[2024-02-16T16:41:19.808+0000] {processor.py:183} INFO - Processing /home/airflow/.local/lib/python3.8/site-packages/airflow/example_dags/example_short_circuit_decorator.py took 0.061 seconds
[2024-02-16T16:41:50.027+0000] {processor.py:161} INFO - Started process (PID=364) to work on /home/airflow/.local/lib/python3.8/site-packages/airflow/example_dags/example_short_circuit_decorator.py
[2024-02-16T16:41:50.028+0000] {processor.py:830} INFO - Processing file /home/airflow/.local/lib/python3.8/site-packages/airflow/example_dags/example_short_circuit_decorator.py for tasks to queue
[2024-02-16T16:41:50.029+0000] {logging_mixin.py:188} INFO - [2024-02-16T16:41:50.029+0000] {dagbag.py:538} INFO - Filling up the DagBag from /home/airflow/.local/lib/python3.8/site-packages/airflow/example_dags/example_short_circuit_decorator.py
[2024-02-16T16:41:50.036+0000] {processor.py:840} INFO - DAG(s) 'example_short_circuit_decorator' retrieved from /home/airflow/.local/lib/python3.8/site-packages/airflow/example_dags/example_short_circuit_decorator.py
[2024-02-16T16:41:50.054+0000] {logging_mixin.py:188} INFO - [2024-02-16T16:41:50.053+0000] {dag.py:3036} INFO - Sync 1 DAGs
[2024-02-16T16:41:50.072+0000] {logging_mixin.py:188} INFO - [2024-02-16T16:41:50.072+0000] {dag.py:3823} INFO - Setting next_dagrun for example_short_circuit_decorator to 2024-02-15 00:00:00+00:00, run_after=2024-02-16 00:00:00+00:00
[2024-02-16T16:41:50.088+0000] {processor.py:183} INFO - Processing /home/airflow/.local/lib/python3.8/site-packages/airflow/example_dags/example_short_circuit_decorator.py took 0.063 seconds
[2024-02-16T16:42:20.440+0000] {processor.py:161} INFO - Started process (PID=421) to work on /home/airflow/.local/lib/python3.8/site-packages/airflow/example_dags/example_short_circuit_decorator.py
[2024-02-16T16:42:20.441+0000] {processor.py:830} INFO - Processing file /home/airflow/.local/lib/python3.8/site-packages/airflow/example_dags/example_short_circuit_decorator.py for tasks to queue
[2024-02-16T16:42:20.442+0000] {logging_mixin.py:188} INFO - [2024-02-16T16:42:20.442+0000] {dagbag.py:538} INFO - Filling up the DagBag from /home/airflow/.local/lib/python3.8/site-packages/airflow/example_dags/example_short_circuit_decorator.py
[2024-02-16T16:42:20.449+0000] {processor.py:840} INFO - DAG(s) 'example_short_circuit_decorator' retrieved from /home/airflow/.local/lib/python3.8/site-packages/airflow/example_dags/example_short_circuit_decorator.py
[2024-02-16T16:42:20.470+0000] {logging_mixin.py:188} INFO - [2024-02-16T16:42:20.469+0000] {dag.py:3036} INFO - Sync 1 DAGs
[2024-02-16T16:42:20.502+0000] {logging_mixin.py:188} INFO - [2024-02-16T16:42:20.502+0000] {dag.py:3823} INFO - Setting next_dagrun for example_short_circuit_decorator to 2024-02-15 00:00:00+00:00, run_after=2024-02-16 00:00:00+00:00
[2024-02-16T16:42:20.523+0000] {processor.py:183} INFO - Processing /home/airflow/.local/lib/python3.8/site-packages/airflow/example_dags/example_short_circuit_decorator.py took 0.085 seconds
[2024-02-16T16:42:50.800+0000] {processor.py:161} INFO - Started process (PID=478) to work on /home/airflow/.local/lib/python3.8/site-packages/airflow/example_dags/example_short_circuit_decorator.py
[2024-02-16T16:42:50.801+0000] {processor.py:830} INFO - Processing file /home/airflow/.local/lib/python3.8/site-packages/airflow/example_dags/example_short_circuit_decorator.py for tasks to queue
[2024-02-16T16:42:50.802+0000] {logging_mixin.py:188} INFO - [2024-02-16T16:42:50.802+0000] {dagbag.py:538} INFO - Filling up the DagBag from /home/airflow/.local/lib/python3.8/site-packages/airflow/example_dags/example_short_circuit_decorator.py
[2024-02-16T16:42:50.808+0000] {processor.py:840} INFO - DAG(s) 'example_short_circuit_decorator' retrieved from /home/airflow/.local/lib/python3.8/site-packages/airflow/example_dags/example_short_circuit_decorator.py
[2024-02-16T16:42:50.825+0000] {logging_mixin.py:188} INFO - [2024-02-16T16:42:50.825+0000] {dag.py:3036} INFO - Sync 1 DAGs
[2024-02-16T16:42:50.841+0000] {logging_mixin.py:188} INFO - [2024-02-16T16:42:50.841+0000] {dag.py:3823} INFO - Setting next_dagrun for example_short_circuit_decorator to 2024-02-15 00:00:00+00:00, run_after=2024-02-16 00:00:00+00:00
[2024-02-16T16:42:50.855+0000] {processor.py:183} INFO - Processing /home/airflow/.local/lib/python3.8/site-packages/airflow/example_dags/example_short_circuit_decorator.py took 0.057 seconds
[2024-02-16T16:43:21.269+0000] {processor.py:161} INFO - Started process (PID=535) to work on /home/airflow/.local/lib/python3.8/site-packages/airflow/example_dags/example_short_circuit_decorator.py
[2024-02-16T16:43:21.270+0000] {processor.py:830} INFO - Processing file /home/airflow/.local/lib/python3.8/site-packages/airflow/example_dags/example_short_circuit_decorator.py for tasks to queue
[2024-02-16T16:43:21.272+0000] {logging_mixin.py:188} INFO - [2024-02-16T16:43:21.271+0000] {dagbag.py:538} INFO - Filling up the DagBag from /home/airflow/.local/lib/python3.8/site-packages/airflow/example_dags/example_short_circuit_decorator.py
[2024-02-16T16:43:21.278+0000] {processor.py:840} INFO - DAG(s) 'example_short_circuit_decorator' retrieved from /home/airflow/.local/lib/python3.8/site-packages/airflow/example_dags/example_short_circuit_decorator.py
[2024-02-16T16:43:21.297+0000] {logging_mixin.py:188} INFO - [2024-02-16T16:43:21.297+0000] {dag.py:3036} INFO - Sync 1 DAGs
[2024-02-16T16:43:21.316+0000] {logging_mixin.py:188} INFO - [2024-02-16T16:43:21.315+0000] {dag.py:3823} INFO - Setting next_dagrun for example_short_circuit_decorator to 2024-02-15 00:00:00+00:00, run_after=2024-02-16 00:00:00+00:00
[2024-02-16T16:43:21.331+0000] {processor.py:183} INFO - Processing /home/airflow/.local/lib/python3.8/site-packages/airflow/example_dags/example_short_circuit_decorator.py took 0.064 seconds
[2024-02-16T16:43:51.688+0000] {processor.py:161} INFO - Started process (PID=592) to work on /home/airflow/.local/lib/python3.8/site-packages/airflow/example_dags/example_short_circuit_decorator.py
[2024-02-16T16:43:51.688+0000] {processor.py:830} INFO - Processing file /home/airflow/.local/lib/python3.8/site-packages/airflow/example_dags/example_short_circuit_decorator.py for tasks to queue
[2024-02-16T16:43:51.690+0000] {logging_mixin.py:188} INFO - [2024-02-16T16:43:51.689+0000] {dagbag.py:538} INFO - Filling up the DagBag from /home/airflow/.local/lib/python3.8/site-packages/airflow/example_dags/example_short_circuit_decorator.py
[2024-02-16T16:43:51.697+0000] {processor.py:840} INFO - DAG(s) 'example_short_circuit_decorator' retrieved from /home/airflow/.local/lib/python3.8/site-packages/airflow/example_dags/example_short_circuit_decorator.py
[2024-02-16T16:43:51.715+0000] {logging_mixin.py:188} INFO - [2024-02-16T16:43:51.715+0000] {dag.py:3036} INFO - Sync 1 DAGs
[2024-02-16T16:43:51.731+0000] {logging_mixin.py:188} INFO - [2024-02-16T16:43:51.731+0000] {dag.py:3823} INFO - Setting next_dagrun for example_short_circuit_decorator to 2024-02-15 00:00:00+00:00, run_after=2024-02-16 00:00:00+00:00
[2024-02-16T16:43:51.747+0000] {processor.py:183} INFO - Processing /home/airflow/.local/lib/python3.8/site-packages/airflow/example_dags/example_short_circuit_decorator.py took 0.062 seconds
