[2024-02-16T16:20:17.182+0000] {processor.py:161} INFO - Started process (PID=46) to work on /home/airflow/.local/lib/python3.8/site-packages/airflow/example_dags/example_skip_dag.py
[2024-02-16T16:20:17.183+0000] {processor.py:830} INFO - Processing file /home/airflow/.local/lib/python3.8/site-packages/airflow/example_dags/example_skip_dag.py for tasks to queue
[2024-02-16T16:20:17.184+0000] {logging_mixin.py:188} INFO - [2024-02-16T16:20:17.184+0000] {dagbag.py:538} INFO - Filling up the DagBag from /home/airflow/.local/lib/python3.8/site-packages/airflow/example_dags/example_skip_dag.py
[2024-02-16T16:20:17.191+0000] {processor.py:840} INFO - DAG(s) 'example_skip_dag' retrieved from /home/airflow/.local/lib/python3.8/site-packages/airflow/example_dags/example_skip_dag.py
[2024-02-16T16:20:17.201+0000] {logging_mixin.py:188} INFO - [2024-02-16T16:20:17.200+0000] {dag.py:3036} INFO - Sync 1 DAGs
[2024-02-16T16:20:17.220+0000] {logging_mixin.py:188} INFO - [2024-02-16T16:20:17.220+0000] {dag.py:3823} INFO - Setting next_dagrun for example_skip_dag to 2024-02-15 00:00:00+00:00, run_after=2024-02-16 00:00:00+00:00
[2024-02-16T16:20:17.240+0000] {processor.py:183} INFO - Processing /home/airflow/.local/lib/python3.8/site-packages/airflow/example_dags/example_skip_dag.py took 0.060 seconds
[2024-02-16T16:20:47.433+0000] {processor.py:161} INFO - Started process (PID=101) to work on /home/airflow/.local/lib/python3.8/site-packages/airflow/example_dags/example_skip_dag.py
[2024-02-16T16:20:47.434+0000] {processor.py:830} INFO - Processing file /home/airflow/.local/lib/python3.8/site-packages/airflow/example_dags/example_skip_dag.py for tasks to queue
[2024-02-16T16:20:47.435+0000] {logging_mixin.py:188} INFO - [2024-02-16T16:20:47.435+0000] {dagbag.py:538} INFO - Filling up the DagBag from /home/airflow/.local/lib/python3.8/site-packages/airflow/example_dags/example_skip_dag.py
[2024-02-16T16:20:47.440+0000] {processor.py:840} INFO - DAG(s) 'example_skip_dag' retrieved from /home/airflow/.local/lib/python3.8/site-packages/airflow/example_dags/example_skip_dag.py
[2024-02-16T16:20:47.521+0000] {logging_mixin.py:188} INFO - [2024-02-16T16:20:47.521+0000] {dag.py:3036} INFO - Sync 1 DAGs
[2024-02-16T16:20:47.538+0000] {logging_mixin.py:188} INFO - [2024-02-16T16:20:47.538+0000] {dag.py:3823} INFO - Setting next_dagrun for example_skip_dag to 2024-02-15 00:00:00+00:00, run_after=2024-02-16 00:00:00+00:00
[2024-02-16T16:20:47.552+0000] {processor.py:183} INFO - Processing /home/airflow/.local/lib/python3.8/site-packages/airflow/example_dags/example_skip_dag.py took 0.121 seconds
[2024-02-16T16:21:17.781+0000] {processor.py:161} INFO - Started process (PID=156) to work on /home/airflow/.local/lib/python3.8/site-packages/airflow/example_dags/example_skip_dag.py
[2024-02-16T16:21:17.782+0000] {processor.py:830} INFO - Processing file /home/airflow/.local/lib/python3.8/site-packages/airflow/example_dags/example_skip_dag.py for tasks to queue
[2024-02-16T16:21:17.783+0000] {logging_mixin.py:188} INFO - [2024-02-16T16:21:17.783+0000] {dagbag.py:538} INFO - Filling up the DagBag from /home/airflow/.local/lib/python3.8/site-packages/airflow/example_dags/example_skip_dag.py
[2024-02-16T16:21:17.787+0000] {processor.py:840} INFO - DAG(s) 'example_skip_dag' retrieved from /home/airflow/.local/lib/python3.8/site-packages/airflow/example_dags/example_skip_dag.py
[2024-02-16T16:21:17.801+0000] {logging_mixin.py:188} INFO - [2024-02-16T16:21:17.801+0000] {dag.py:3036} INFO - Sync 1 DAGs
[2024-02-16T16:21:17.815+0000] {logging_mixin.py:188} INFO - [2024-02-16T16:21:17.815+0000] {dag.py:3823} INFO - Setting next_dagrun for example_skip_dag to 2024-02-15 00:00:00+00:00, run_after=2024-02-16 00:00:00+00:00
[2024-02-16T16:21:17.828+0000] {processor.py:183} INFO - Processing /home/airflow/.local/lib/python3.8/site-packages/airflow/example_dags/example_skip_dag.py took 0.048 seconds
[2024-02-16T16:21:48.177+0000] {processor.py:161} INFO - Started process (PID=211) to work on /home/airflow/.local/lib/python3.8/site-packages/airflow/example_dags/example_skip_dag.py
[2024-02-16T16:21:48.178+0000] {processor.py:830} INFO - Processing file /home/airflow/.local/lib/python3.8/site-packages/airflow/example_dags/example_skip_dag.py for tasks to queue
[2024-02-16T16:21:48.179+0000] {logging_mixin.py:188} INFO - [2024-02-16T16:21:48.179+0000] {dagbag.py:538} INFO - Filling up the DagBag from /home/airflow/.local/lib/python3.8/site-packages/airflow/example_dags/example_skip_dag.py
[2024-02-16T16:21:48.183+0000] {processor.py:840} INFO - DAG(s) 'example_skip_dag' retrieved from /home/airflow/.local/lib/python3.8/site-packages/airflow/example_dags/example_skip_dag.py
[2024-02-16T16:21:48.197+0000] {logging_mixin.py:188} INFO - [2024-02-16T16:21:48.197+0000] {dag.py:3036} INFO - Sync 1 DAGs
[2024-02-16T16:21:48.212+0000] {logging_mixin.py:188} INFO - [2024-02-16T16:21:48.212+0000] {dag.py:3823} INFO - Setting next_dagrun for example_skip_dag to 2024-02-15 00:00:00+00:00, run_after=2024-02-16 00:00:00+00:00
[2024-02-16T16:21:48.224+0000] {processor.py:183} INFO - Processing /home/airflow/.local/lib/python3.8/site-packages/airflow/example_dags/example_skip_dag.py took 0.049 seconds
[2024-02-16T16:22:18.306+0000] {processor.py:161} INFO - Started process (PID=266) to work on /home/airflow/.local/lib/python3.8/site-packages/airflow/example_dags/example_skip_dag.py
[2024-02-16T16:22:18.307+0000] {processor.py:830} INFO - Processing file /home/airflow/.local/lib/python3.8/site-packages/airflow/example_dags/example_skip_dag.py for tasks to queue
[2024-02-16T16:22:18.308+0000] {logging_mixin.py:188} INFO - [2024-02-16T16:22:18.307+0000] {dagbag.py:538} INFO - Filling up the DagBag from /home/airflow/.local/lib/python3.8/site-packages/airflow/example_dags/example_skip_dag.py
[2024-02-16T16:22:18.313+0000] {processor.py:840} INFO - DAG(s) 'example_skip_dag' retrieved from /home/airflow/.local/lib/python3.8/site-packages/airflow/example_dags/example_skip_dag.py
[2024-02-16T16:22:18.329+0000] {logging_mixin.py:188} INFO - [2024-02-16T16:22:18.329+0000] {dag.py:3036} INFO - Sync 1 DAGs
[2024-02-16T16:22:18.346+0000] {logging_mixin.py:188} INFO - [2024-02-16T16:22:18.346+0000] {dag.py:3823} INFO - Setting next_dagrun for example_skip_dag to 2024-02-15 00:00:00+00:00, run_after=2024-02-16 00:00:00+00:00
[2024-02-16T16:22:18.360+0000] {processor.py:183} INFO - Processing /home/airflow/.local/lib/python3.8/site-packages/airflow/example_dags/example_skip_dag.py took 0.056 seconds
[2024-02-16T16:22:48.479+0000] {processor.py:161} INFO - Started process (PID=320) to work on /home/airflow/.local/lib/python3.8/site-packages/airflow/example_dags/example_skip_dag.py
[2024-02-16T16:22:48.480+0000] {processor.py:830} INFO - Processing file /home/airflow/.local/lib/python3.8/site-packages/airflow/example_dags/example_skip_dag.py for tasks to queue
[2024-02-16T16:22:48.481+0000] {logging_mixin.py:188} INFO - [2024-02-16T16:22:48.481+0000] {dagbag.py:538} INFO - Filling up the DagBag from /home/airflow/.local/lib/python3.8/site-packages/airflow/example_dags/example_skip_dag.py
[2024-02-16T16:22:48.485+0000] {processor.py:840} INFO - DAG(s) 'example_skip_dag' retrieved from /home/airflow/.local/lib/python3.8/site-packages/airflow/example_dags/example_skip_dag.py
[2024-02-16T16:22:48.500+0000] {logging_mixin.py:188} INFO - [2024-02-16T16:22:48.500+0000] {dag.py:3036} INFO - Sync 1 DAGs
[2024-02-16T16:22:48.517+0000] {logging_mixin.py:188} INFO - [2024-02-16T16:22:48.517+0000] {dag.py:3823} INFO - Setting next_dagrun for example_skip_dag to 2024-02-15 00:00:00+00:00, run_after=2024-02-16 00:00:00+00:00
[2024-02-16T16:22:48.530+0000] {processor.py:183} INFO - Processing /home/airflow/.local/lib/python3.8/site-packages/airflow/example_dags/example_skip_dag.py took 0.053 seconds
[2024-02-16T16:23:18.720+0000] {processor.py:161} INFO - Started process (PID=375) to work on /home/airflow/.local/lib/python3.8/site-packages/airflow/example_dags/example_skip_dag.py
[2024-02-16T16:23:18.721+0000] {processor.py:830} INFO - Processing file /home/airflow/.local/lib/python3.8/site-packages/airflow/example_dags/example_skip_dag.py for tasks to queue
[2024-02-16T16:23:18.722+0000] {logging_mixin.py:188} INFO - [2024-02-16T16:23:18.722+0000] {dagbag.py:538} INFO - Filling up the DagBag from /home/airflow/.local/lib/python3.8/site-packages/airflow/example_dags/example_skip_dag.py
[2024-02-16T16:23:18.726+0000] {processor.py:840} INFO - DAG(s) 'example_skip_dag' retrieved from /home/airflow/.local/lib/python3.8/site-packages/airflow/example_dags/example_skip_dag.py
[2024-02-16T16:23:18.742+0000] {logging_mixin.py:188} INFO - [2024-02-16T16:23:18.741+0000] {dag.py:3036} INFO - Sync 1 DAGs
[2024-02-16T16:23:18.758+0000] {logging_mixin.py:188} INFO - [2024-02-16T16:23:18.758+0000] {dag.py:3823} INFO - Setting next_dagrun for example_skip_dag to 2024-02-15 00:00:00+00:00, run_after=2024-02-16 00:00:00+00:00
[2024-02-16T16:23:18.773+0000] {processor.py:183} INFO - Processing /home/airflow/.local/lib/python3.8/site-packages/airflow/example_dags/example_skip_dag.py took 0.055 seconds
[2024-02-16T16:23:48.991+0000] {processor.py:161} INFO - Started process (PID=430) to work on /home/airflow/.local/lib/python3.8/site-packages/airflow/example_dags/example_skip_dag.py
[2024-02-16T16:23:48.992+0000] {processor.py:830} INFO - Processing file /home/airflow/.local/lib/python3.8/site-packages/airflow/example_dags/example_skip_dag.py for tasks to queue
[2024-02-16T16:23:48.993+0000] {logging_mixin.py:188} INFO - [2024-02-16T16:23:48.993+0000] {dagbag.py:538} INFO - Filling up the DagBag from /home/airflow/.local/lib/python3.8/site-packages/airflow/example_dags/example_skip_dag.py
[2024-02-16T16:23:48.998+0000] {processor.py:840} INFO - DAG(s) 'example_skip_dag' retrieved from /home/airflow/.local/lib/python3.8/site-packages/airflow/example_dags/example_skip_dag.py
[2024-02-16T16:23:49.014+0000] {logging_mixin.py:188} INFO - [2024-02-16T16:23:49.014+0000] {dag.py:3036} INFO - Sync 1 DAGs
[2024-02-16T16:23:49.032+0000] {logging_mixin.py:188} INFO - [2024-02-16T16:23:49.032+0000] {dag.py:3823} INFO - Setting next_dagrun for example_skip_dag to 2024-02-15 00:00:00+00:00, run_after=2024-02-16 00:00:00+00:00
[2024-02-16T16:23:49.046+0000] {processor.py:183} INFO - Processing /home/airflow/.local/lib/python3.8/site-packages/airflow/example_dags/example_skip_dag.py took 0.057 seconds
[2024-02-16T16:24:19.245+0000] {processor.py:161} INFO - Started process (PID=485) to work on /home/airflow/.local/lib/python3.8/site-packages/airflow/example_dags/example_skip_dag.py
[2024-02-16T16:24:19.246+0000] {processor.py:830} INFO - Processing file /home/airflow/.local/lib/python3.8/site-packages/airflow/example_dags/example_skip_dag.py for tasks to queue
[2024-02-16T16:24:19.247+0000] {logging_mixin.py:188} INFO - [2024-02-16T16:24:19.247+0000] {dagbag.py:538} INFO - Filling up the DagBag from /home/airflow/.local/lib/python3.8/site-packages/airflow/example_dags/example_skip_dag.py
[2024-02-16T16:24:19.252+0000] {processor.py:840} INFO - DAG(s) 'example_skip_dag' retrieved from /home/airflow/.local/lib/python3.8/site-packages/airflow/example_dags/example_skip_dag.py
[2024-02-16T16:24:19.268+0000] {logging_mixin.py:188} INFO - [2024-02-16T16:24:19.267+0000] {dag.py:3036} INFO - Sync 1 DAGs
[2024-02-16T16:24:19.284+0000] {logging_mixin.py:188} INFO - [2024-02-16T16:24:19.284+0000] {dag.py:3823} INFO - Setting next_dagrun for example_skip_dag to 2024-02-15 00:00:00+00:00, run_after=2024-02-16 00:00:00+00:00
[2024-02-16T16:24:19.299+0000] {processor.py:183} INFO - Processing /home/airflow/.local/lib/python3.8/site-packages/airflow/example_dags/example_skip_dag.py took 0.056 seconds
[2024-02-16T16:24:49.539+0000] {processor.py:161} INFO - Started process (PID=540) to work on /home/airflow/.local/lib/python3.8/site-packages/airflow/example_dags/example_skip_dag.py
[2024-02-16T16:24:49.539+0000] {processor.py:830} INFO - Processing file /home/airflow/.local/lib/python3.8/site-packages/airflow/example_dags/example_skip_dag.py for tasks to queue
[2024-02-16T16:24:49.541+0000] {logging_mixin.py:188} INFO - [2024-02-16T16:24:49.541+0000] {dagbag.py:538} INFO - Filling up the DagBag from /home/airflow/.local/lib/python3.8/site-packages/airflow/example_dags/example_skip_dag.py
[2024-02-16T16:24:49.545+0000] {processor.py:840} INFO - DAG(s) 'example_skip_dag' retrieved from /home/airflow/.local/lib/python3.8/site-packages/airflow/example_dags/example_skip_dag.py
[2024-02-16T16:24:49.560+0000] {logging_mixin.py:188} INFO - [2024-02-16T16:24:49.559+0000] {dag.py:3036} INFO - Sync 1 DAGs
[2024-02-16T16:24:49.576+0000] {logging_mixin.py:188} INFO - [2024-02-16T16:24:49.575+0000] {dag.py:3823} INFO - Setting next_dagrun for example_skip_dag to 2024-02-15 00:00:00+00:00, run_after=2024-02-16 00:00:00+00:00
[2024-02-16T16:24:49.589+0000] {processor.py:183} INFO - Processing /home/airflow/.local/lib/python3.8/site-packages/airflow/example_dags/example_skip_dag.py took 0.052 seconds
[2024-02-16T16:25:19.700+0000] {processor.py:161} INFO - Started process (PID=595) to work on /home/airflow/.local/lib/python3.8/site-packages/airflow/example_dags/example_skip_dag.py
[2024-02-16T16:25:19.700+0000] {processor.py:830} INFO - Processing file /home/airflow/.local/lib/python3.8/site-packages/airflow/example_dags/example_skip_dag.py for tasks to queue
[2024-02-16T16:25:19.702+0000] {logging_mixin.py:188} INFO - [2024-02-16T16:25:19.702+0000] {dagbag.py:538} INFO - Filling up the DagBag from /home/airflow/.local/lib/python3.8/site-packages/airflow/example_dags/example_skip_dag.py
[2024-02-16T16:25:19.706+0000] {processor.py:840} INFO - DAG(s) 'example_skip_dag' retrieved from /home/airflow/.local/lib/python3.8/site-packages/airflow/example_dags/example_skip_dag.py
[2024-02-16T16:25:19.725+0000] {logging_mixin.py:188} INFO - [2024-02-16T16:25:19.725+0000] {dag.py:3036} INFO - Sync 1 DAGs
[2024-02-16T16:25:19.742+0000] {logging_mixin.py:188} INFO - [2024-02-16T16:25:19.742+0000] {dag.py:3823} INFO - Setting next_dagrun for example_skip_dag to 2024-02-15 00:00:00+00:00, run_after=2024-02-16 00:00:00+00:00
[2024-02-16T16:25:19.758+0000] {processor.py:183} INFO - Processing /home/airflow/.local/lib/python3.8/site-packages/airflow/example_dags/example_skip_dag.py took 0.060 seconds
[2024-02-16T16:25:50.039+0000] {processor.py:161} INFO - Started process (PID=650) to work on /home/airflow/.local/lib/python3.8/site-packages/airflow/example_dags/example_skip_dag.py
[2024-02-16T16:25:50.040+0000] {processor.py:830} INFO - Processing file /home/airflow/.local/lib/python3.8/site-packages/airflow/example_dags/example_skip_dag.py for tasks to queue
[2024-02-16T16:25:50.041+0000] {logging_mixin.py:188} INFO - [2024-02-16T16:25:50.041+0000] {dagbag.py:538} INFO - Filling up the DagBag from /home/airflow/.local/lib/python3.8/site-packages/airflow/example_dags/example_skip_dag.py
[2024-02-16T16:25:50.045+0000] {processor.py:840} INFO - DAG(s) 'example_skip_dag' retrieved from /home/airflow/.local/lib/python3.8/site-packages/airflow/example_dags/example_skip_dag.py
[2024-02-16T16:25:50.059+0000] {logging_mixin.py:188} INFO - [2024-02-16T16:25:50.059+0000] {dag.py:3036} INFO - Sync 1 DAGs
[2024-02-16T16:25:50.073+0000] {logging_mixin.py:188} INFO - [2024-02-16T16:25:50.073+0000] {dag.py:3823} INFO - Setting next_dagrun for example_skip_dag to 2024-02-15 00:00:00+00:00, run_after=2024-02-16 00:00:00+00:00
[2024-02-16T16:25:50.086+0000] {processor.py:183} INFO - Processing /home/airflow/.local/lib/python3.8/site-packages/airflow/example_dags/example_skip_dag.py took 0.048 seconds
[2024-02-16T16:26:20.135+0000] {processor.py:161} INFO - Started process (PID=705) to work on /home/airflow/.local/lib/python3.8/site-packages/airflow/example_dags/example_skip_dag.py
[2024-02-16T16:26:20.135+0000] {processor.py:830} INFO - Processing file /home/airflow/.local/lib/python3.8/site-packages/airflow/example_dags/example_skip_dag.py for tasks to queue
[2024-02-16T16:26:20.137+0000] {logging_mixin.py:188} INFO - [2024-02-16T16:26:20.136+0000] {dagbag.py:538} INFO - Filling up the DagBag from /home/airflow/.local/lib/python3.8/site-packages/airflow/example_dags/example_skip_dag.py
[2024-02-16T16:26:20.141+0000] {processor.py:840} INFO - DAG(s) 'example_skip_dag' retrieved from /home/airflow/.local/lib/python3.8/site-packages/airflow/example_dags/example_skip_dag.py
[2024-02-16T16:26:20.156+0000] {logging_mixin.py:188} INFO - [2024-02-16T16:26:20.156+0000] {dag.py:3036} INFO - Sync 1 DAGs
[2024-02-16T16:26:20.171+0000] {logging_mixin.py:188} INFO - [2024-02-16T16:26:20.171+0000] {dag.py:3823} INFO - Setting next_dagrun for example_skip_dag to 2024-02-15 00:00:00+00:00, run_after=2024-02-16 00:00:00+00:00
[2024-02-16T16:26:20.186+0000] {processor.py:183} INFO - Processing /home/airflow/.local/lib/python3.8/site-packages/airflow/example_dags/example_skip_dag.py took 0.053 seconds
[2024-02-16T16:26:50.466+0000] {processor.py:161} INFO - Started process (PID=760) to work on /home/airflow/.local/lib/python3.8/site-packages/airflow/example_dags/example_skip_dag.py
[2024-02-16T16:26:50.467+0000] {processor.py:830} INFO - Processing file /home/airflow/.local/lib/python3.8/site-packages/airflow/example_dags/example_skip_dag.py for tasks to queue
[2024-02-16T16:26:50.468+0000] {logging_mixin.py:188} INFO - [2024-02-16T16:26:50.468+0000] {dagbag.py:538} INFO - Filling up the DagBag from /home/airflow/.local/lib/python3.8/site-packages/airflow/example_dags/example_skip_dag.py
[2024-02-16T16:26:50.472+0000] {processor.py:840} INFO - DAG(s) 'example_skip_dag' retrieved from /home/airflow/.local/lib/python3.8/site-packages/airflow/example_dags/example_skip_dag.py
[2024-02-16T16:26:50.488+0000] {logging_mixin.py:188} INFO - [2024-02-16T16:26:50.487+0000] {dag.py:3036} INFO - Sync 1 DAGs
[2024-02-16T16:26:50.505+0000] {logging_mixin.py:188} INFO - [2024-02-16T16:26:50.505+0000] {dag.py:3823} INFO - Setting next_dagrun for example_skip_dag to 2024-02-15 00:00:00+00:00, run_after=2024-02-16 00:00:00+00:00
[2024-02-16T16:26:50.519+0000] {processor.py:183} INFO - Processing /home/airflow/.local/lib/python3.8/site-packages/airflow/example_dags/example_skip_dag.py took 0.055 seconds
[2024-02-16T16:27:20.537+0000] {processor.py:161} INFO - Started process (PID=815) to work on /home/airflow/.local/lib/python3.8/site-packages/airflow/example_dags/example_skip_dag.py
[2024-02-16T16:27:20.538+0000] {processor.py:830} INFO - Processing file /home/airflow/.local/lib/python3.8/site-packages/airflow/example_dags/example_skip_dag.py for tasks to queue
[2024-02-16T16:27:20.539+0000] {logging_mixin.py:188} INFO - [2024-02-16T16:27:20.539+0000] {dagbag.py:538} INFO - Filling up the DagBag from /home/airflow/.local/lib/python3.8/site-packages/airflow/example_dags/example_skip_dag.py
[2024-02-16T16:27:20.544+0000] {processor.py:840} INFO - DAG(s) 'example_skip_dag' retrieved from /home/airflow/.local/lib/python3.8/site-packages/airflow/example_dags/example_skip_dag.py
[2024-02-16T16:27:20.559+0000] {logging_mixin.py:188} INFO - [2024-02-16T16:27:20.559+0000] {dag.py:3036} INFO - Sync 1 DAGs
[2024-02-16T16:27:20.576+0000] {logging_mixin.py:188} INFO - [2024-02-16T16:27:20.576+0000] {dag.py:3823} INFO - Setting next_dagrun for example_skip_dag to 2024-02-15 00:00:00+00:00, run_after=2024-02-16 00:00:00+00:00
[2024-02-16T16:27:20.593+0000] {processor.py:183} INFO - Processing /home/airflow/.local/lib/python3.8/site-packages/airflow/example_dags/example_skip_dag.py took 0.058 seconds
[2024-02-16T16:27:50.664+0000] {processor.py:161} INFO - Started process (PID=870) to work on /home/airflow/.local/lib/python3.8/site-packages/airflow/example_dags/example_skip_dag.py
[2024-02-16T16:27:50.665+0000] {processor.py:830} INFO - Processing file /home/airflow/.local/lib/python3.8/site-packages/airflow/example_dags/example_skip_dag.py for tasks to queue
[2024-02-16T16:27:50.666+0000] {logging_mixin.py:188} INFO - [2024-02-16T16:27:50.666+0000] {dagbag.py:538} INFO - Filling up the DagBag from /home/airflow/.local/lib/python3.8/site-packages/airflow/example_dags/example_skip_dag.py
[2024-02-16T16:27:50.671+0000] {processor.py:840} INFO - DAG(s) 'example_skip_dag' retrieved from /home/airflow/.local/lib/python3.8/site-packages/airflow/example_dags/example_skip_dag.py
[2024-02-16T16:27:50.686+0000] {logging_mixin.py:188} INFO - [2024-02-16T16:27:50.685+0000] {dag.py:3036} INFO - Sync 1 DAGs
[2024-02-16T16:27:50.701+0000] {logging_mixin.py:188} INFO - [2024-02-16T16:27:50.701+0000] {dag.py:3823} INFO - Setting next_dagrun for example_skip_dag to 2024-02-15 00:00:00+00:00, run_after=2024-02-16 00:00:00+00:00
[2024-02-16T16:27:50.714+0000] {processor.py:183} INFO - Processing /home/airflow/.local/lib/python3.8/site-packages/airflow/example_dags/example_skip_dag.py took 0.052 seconds
[2024-02-16T16:28:21.022+0000] {processor.py:161} INFO - Started process (PID=925) to work on /home/airflow/.local/lib/python3.8/site-packages/airflow/example_dags/example_skip_dag.py
[2024-02-16T16:28:21.023+0000] {processor.py:830} INFO - Processing file /home/airflow/.local/lib/python3.8/site-packages/airflow/example_dags/example_skip_dag.py for tasks to queue
[2024-02-16T16:28:21.025+0000] {logging_mixin.py:188} INFO - [2024-02-16T16:28:21.024+0000] {dagbag.py:538} INFO - Filling up the DagBag from /home/airflow/.local/lib/python3.8/site-packages/airflow/example_dags/example_skip_dag.py
[2024-02-16T16:28:21.029+0000] {processor.py:840} INFO - DAG(s) 'example_skip_dag' retrieved from /home/airflow/.local/lib/python3.8/site-packages/airflow/example_dags/example_skip_dag.py
[2024-02-16T16:28:21.045+0000] {logging_mixin.py:188} INFO - [2024-02-16T16:28:21.045+0000] {dag.py:3036} INFO - Sync 1 DAGs
[2024-02-16T16:28:21.062+0000] {logging_mixin.py:188} INFO - [2024-02-16T16:28:21.061+0000] {dag.py:3823} INFO - Setting next_dagrun for example_skip_dag to 2024-02-15 00:00:00+00:00, run_after=2024-02-16 00:00:00+00:00
[2024-02-16T16:28:21.077+0000] {processor.py:183} INFO - Processing /home/airflow/.local/lib/python3.8/site-packages/airflow/example_dags/example_skip_dag.py took 0.057 seconds
[2024-02-16T16:28:51.329+0000] {processor.py:161} INFO - Started process (PID=980) to work on /home/airflow/.local/lib/python3.8/site-packages/airflow/example_dags/example_skip_dag.py
[2024-02-16T16:28:51.330+0000] {processor.py:830} INFO - Processing file /home/airflow/.local/lib/python3.8/site-packages/airflow/example_dags/example_skip_dag.py for tasks to queue
[2024-02-16T16:28:51.331+0000] {logging_mixin.py:188} INFO - [2024-02-16T16:28:51.331+0000] {dagbag.py:538} INFO - Filling up the DagBag from /home/airflow/.local/lib/python3.8/site-packages/airflow/example_dags/example_skip_dag.py
[2024-02-16T16:28:51.335+0000] {processor.py:840} INFO - DAG(s) 'example_skip_dag' retrieved from /home/airflow/.local/lib/python3.8/site-packages/airflow/example_dags/example_skip_dag.py
[2024-02-16T16:28:51.352+0000] {logging_mixin.py:188} INFO - [2024-02-16T16:28:51.352+0000] {dag.py:3036} INFO - Sync 1 DAGs
[2024-02-16T16:28:51.369+0000] {logging_mixin.py:188} INFO - [2024-02-16T16:28:51.369+0000] {dag.py:3823} INFO - Setting next_dagrun for example_skip_dag to 2024-02-15 00:00:00+00:00, run_after=2024-02-16 00:00:00+00:00
[2024-02-16T16:28:51.384+0000] {processor.py:183} INFO - Processing /home/airflow/.local/lib/python3.8/site-packages/airflow/example_dags/example_skip_dag.py took 0.056 seconds
[2024-02-16T16:29:21.454+0000] {processor.py:161} INFO - Started process (PID=1035) to work on /home/airflow/.local/lib/python3.8/site-packages/airflow/example_dags/example_skip_dag.py
[2024-02-16T16:29:21.454+0000] {processor.py:830} INFO - Processing file /home/airflow/.local/lib/python3.8/site-packages/airflow/example_dags/example_skip_dag.py for tasks to queue
[2024-02-16T16:29:21.456+0000] {logging_mixin.py:188} INFO - [2024-02-16T16:29:21.455+0000] {dagbag.py:538} INFO - Filling up the DagBag from /home/airflow/.local/lib/python3.8/site-packages/airflow/example_dags/example_skip_dag.py
[2024-02-16T16:29:21.460+0000] {processor.py:840} INFO - DAG(s) 'example_skip_dag' retrieved from /home/airflow/.local/lib/python3.8/site-packages/airflow/example_dags/example_skip_dag.py
[2024-02-16T16:29:21.474+0000] {logging_mixin.py:188} INFO - [2024-02-16T16:29:21.473+0000] {dag.py:3036} INFO - Sync 1 DAGs
[2024-02-16T16:29:21.488+0000] {logging_mixin.py:188} INFO - [2024-02-16T16:29:21.488+0000] {dag.py:3823} INFO - Setting next_dagrun for example_skip_dag to 2024-02-15 00:00:00+00:00, run_after=2024-02-16 00:00:00+00:00
[2024-02-16T16:29:21.500+0000] {processor.py:183} INFO - Processing /home/airflow/.local/lib/python3.8/site-packages/airflow/example_dags/example_skip_dag.py took 0.049 seconds
[2024-02-16T16:29:51.570+0000] {processor.py:161} INFO - Started process (PID=1090) to work on /home/airflow/.local/lib/python3.8/site-packages/airflow/example_dags/example_skip_dag.py
[2024-02-16T16:29:51.571+0000] {processor.py:830} INFO - Processing file /home/airflow/.local/lib/python3.8/site-packages/airflow/example_dags/example_skip_dag.py for tasks to queue
[2024-02-16T16:29:51.572+0000] {logging_mixin.py:188} INFO - [2024-02-16T16:29:51.572+0000] {dagbag.py:538} INFO - Filling up the DagBag from /home/airflow/.local/lib/python3.8/site-packages/airflow/example_dags/example_skip_dag.py
[2024-02-16T16:29:51.577+0000] {processor.py:840} INFO - DAG(s) 'example_skip_dag' retrieved from /home/airflow/.local/lib/python3.8/site-packages/airflow/example_dags/example_skip_dag.py
[2024-02-16T16:29:51.593+0000] {logging_mixin.py:188} INFO - [2024-02-16T16:29:51.592+0000] {dag.py:3036} INFO - Sync 1 DAGs
[2024-02-16T16:29:51.609+0000] {logging_mixin.py:188} INFO - [2024-02-16T16:29:51.609+0000] {dag.py:3823} INFO - Setting next_dagrun for example_skip_dag to 2024-02-15 00:00:00+00:00, run_after=2024-02-16 00:00:00+00:00
[2024-02-16T16:29:51.624+0000] {processor.py:183} INFO - Processing /home/airflow/.local/lib/python3.8/site-packages/airflow/example_dags/example_skip_dag.py took 0.056 seconds
[2024-02-16T16:30:21.657+0000] {processor.py:161} INFO - Started process (PID=1146) to work on /home/airflow/.local/lib/python3.8/site-packages/airflow/example_dags/example_skip_dag.py
[2024-02-16T16:30:21.658+0000] {processor.py:830} INFO - Processing file /home/airflow/.local/lib/python3.8/site-packages/airflow/example_dags/example_skip_dag.py for tasks to queue
[2024-02-16T16:30:21.659+0000] {logging_mixin.py:188} INFO - [2024-02-16T16:30:21.659+0000] {dagbag.py:538} INFO - Filling up the DagBag from /home/airflow/.local/lib/python3.8/site-packages/airflow/example_dags/example_skip_dag.py
[2024-02-16T16:30:21.663+0000] {processor.py:840} INFO - DAG(s) 'example_skip_dag' retrieved from /home/airflow/.local/lib/python3.8/site-packages/airflow/example_dags/example_skip_dag.py
[2024-02-16T16:30:21.677+0000] {logging_mixin.py:188} INFO - [2024-02-16T16:30:21.677+0000] {dag.py:3036} INFO - Sync 1 DAGs
[2024-02-16T16:30:21.692+0000] {logging_mixin.py:188} INFO - [2024-02-16T16:30:21.692+0000] {dag.py:3823} INFO - Setting next_dagrun for example_skip_dag to 2024-02-15 00:00:00+00:00, run_after=2024-02-16 00:00:00+00:00
[2024-02-16T16:30:21.705+0000] {processor.py:183} INFO - Processing /home/airflow/.local/lib/python3.8/site-packages/airflow/example_dags/example_skip_dag.py took 0.049 seconds
[2024-02-16T16:31:26.328+0000] {processor.py:161} INFO - Started process (PID=47) to work on /home/airflow/.local/lib/python3.8/site-packages/airflow/example_dags/example_skip_dag.py
[2024-02-16T16:31:26.328+0000] {processor.py:830} INFO - Processing file /home/airflow/.local/lib/python3.8/site-packages/airflow/example_dags/example_skip_dag.py for tasks to queue
[2024-02-16T16:31:26.330+0000] {logging_mixin.py:188} INFO - [2024-02-16T16:31:26.329+0000] {dagbag.py:538} INFO - Filling up the DagBag from /home/airflow/.local/lib/python3.8/site-packages/airflow/example_dags/example_skip_dag.py
[2024-02-16T16:31:26.337+0000] {processor.py:840} INFO - DAG(s) 'example_skip_dag' retrieved from /home/airflow/.local/lib/python3.8/site-packages/airflow/example_dags/example_skip_dag.py
[2024-02-16T16:31:26.346+0000] {logging_mixin.py:188} INFO - [2024-02-16T16:31:26.345+0000] {dag.py:3036} INFO - Sync 1 DAGs
[2024-02-16T16:31:26.363+0000] {logging_mixin.py:188} INFO - [2024-02-16T16:31:26.363+0000] {dag.py:3823} INFO - Setting next_dagrun for example_skip_dag to 2024-02-15 00:00:00+00:00, run_after=2024-02-16 00:00:00+00:00
[2024-02-16T16:31:26.377+0000] {processor.py:183} INFO - Processing /home/airflow/.local/lib/python3.8/site-packages/airflow/example_dags/example_skip_dag.py took 0.051 seconds
[2024-02-16T16:31:57.286+0000] {processor.py:161} INFO - Started process (PID=103) to work on /home/airflow/.local/lib/python3.8/site-packages/airflow/example_dags/example_skip_dag.py
[2024-02-16T16:31:57.287+0000] {processor.py:830} INFO - Processing file /home/airflow/.local/lib/python3.8/site-packages/airflow/example_dags/example_skip_dag.py for tasks to queue
[2024-02-16T16:31:57.288+0000] {logging_mixin.py:188} INFO - [2024-02-16T16:31:57.288+0000] {dagbag.py:538} INFO - Filling up the DagBag from /home/airflow/.local/lib/python3.8/site-packages/airflow/example_dags/example_skip_dag.py
[2024-02-16T16:31:57.292+0000] {processor.py:840} INFO - DAG(s) 'example_skip_dag' retrieved from /home/airflow/.local/lib/python3.8/site-packages/airflow/example_dags/example_skip_dag.py
[2024-02-16T16:31:57.363+0000] {logging_mixin.py:188} INFO - [2024-02-16T16:31:57.362+0000] {dag.py:3036} INFO - Sync 1 DAGs
[2024-02-16T16:31:57.377+0000] {logging_mixin.py:188} INFO - [2024-02-16T16:31:57.377+0000] {dag.py:3823} INFO - Setting next_dagrun for example_skip_dag to 2024-02-15 00:00:00+00:00, run_after=2024-02-16 00:00:00+00:00
[2024-02-16T16:31:57.391+0000] {processor.py:183} INFO - Processing /home/airflow/.local/lib/python3.8/site-packages/airflow/example_dags/example_skip_dag.py took 0.107 seconds
[2024-02-16T16:32:28.300+0000] {processor.py:161} INFO - Started process (PID=159) to work on /home/airflow/.local/lib/python3.8/site-packages/airflow/example_dags/example_skip_dag.py
[2024-02-16T16:32:28.300+0000] {processor.py:830} INFO - Processing file /home/airflow/.local/lib/python3.8/site-packages/airflow/example_dags/example_skip_dag.py for tasks to queue
[2024-02-16T16:32:28.301+0000] {logging_mixin.py:188} INFO - [2024-02-16T16:32:28.301+0000] {dagbag.py:538} INFO - Filling up the DagBag from /home/airflow/.local/lib/python3.8/site-packages/airflow/example_dags/example_skip_dag.py
[2024-02-16T16:32:28.306+0000] {processor.py:840} INFO - DAG(s) 'example_skip_dag' retrieved from /home/airflow/.local/lib/python3.8/site-packages/airflow/example_dags/example_skip_dag.py
[2024-02-16T16:32:28.321+0000] {logging_mixin.py:188} INFO - [2024-02-16T16:32:28.320+0000] {dag.py:3036} INFO - Sync 1 DAGs
[2024-02-16T16:32:28.336+0000] {logging_mixin.py:188} INFO - [2024-02-16T16:32:28.335+0000] {dag.py:3823} INFO - Setting next_dagrun for example_skip_dag to 2024-02-15 00:00:00+00:00, run_after=2024-02-16 00:00:00+00:00
[2024-02-16T16:32:28.349+0000] {processor.py:183} INFO - Processing /home/airflow/.local/lib/python3.8/site-packages/airflow/example_dags/example_skip_dag.py took 0.051 seconds
[2024-02-16T16:32:58.419+0000] {processor.py:161} INFO - Started process (PID=215) to work on /home/airflow/.local/lib/python3.8/site-packages/airflow/example_dags/example_skip_dag.py
[2024-02-16T16:32:58.419+0000] {processor.py:830} INFO - Processing file /home/airflow/.local/lib/python3.8/site-packages/airflow/example_dags/example_skip_dag.py for tasks to queue
[2024-02-16T16:32:58.420+0000] {logging_mixin.py:188} INFO - [2024-02-16T16:32:58.420+0000] {dagbag.py:538} INFO - Filling up the DagBag from /home/airflow/.local/lib/python3.8/site-packages/airflow/example_dags/example_skip_dag.py
[2024-02-16T16:32:58.424+0000] {processor.py:840} INFO - DAG(s) 'example_skip_dag' retrieved from /home/airflow/.local/lib/python3.8/site-packages/airflow/example_dags/example_skip_dag.py
[2024-02-16T16:32:58.438+0000] {logging_mixin.py:188} INFO - [2024-02-16T16:32:58.438+0000] {dag.py:3036} INFO - Sync 1 DAGs
[2024-02-16T16:32:58.453+0000] {logging_mixin.py:188} INFO - [2024-02-16T16:32:58.453+0000] {dag.py:3823} INFO - Setting next_dagrun for example_skip_dag to 2024-02-15 00:00:00+00:00, run_after=2024-02-16 00:00:00+00:00
[2024-02-16T16:32:58.465+0000] {processor.py:183} INFO - Processing /home/airflow/.local/lib/python3.8/site-packages/airflow/example_dags/example_skip_dag.py took 0.049 seconds
[2024-02-16T16:33:28.755+0000] {processor.py:161} INFO - Started process (PID=271) to work on /home/airflow/.local/lib/python3.8/site-packages/airflow/example_dags/example_skip_dag.py
[2024-02-16T16:33:28.756+0000] {processor.py:830} INFO - Processing file /home/airflow/.local/lib/python3.8/site-packages/airflow/example_dags/example_skip_dag.py for tasks to queue
[2024-02-16T16:33:28.757+0000] {logging_mixin.py:188} INFO - [2024-02-16T16:33:28.756+0000] {dagbag.py:538} INFO - Filling up the DagBag from /home/airflow/.local/lib/python3.8/site-packages/airflow/example_dags/example_skip_dag.py
[2024-02-16T16:33:28.761+0000] {processor.py:840} INFO - DAG(s) 'example_skip_dag' retrieved from /home/airflow/.local/lib/python3.8/site-packages/airflow/example_dags/example_skip_dag.py
[2024-02-16T16:33:28.775+0000] {logging_mixin.py:188} INFO - [2024-02-16T16:33:28.775+0000] {dag.py:3036} INFO - Sync 1 DAGs
[2024-02-16T16:33:28.790+0000] {logging_mixin.py:188} INFO - [2024-02-16T16:33:28.790+0000] {dag.py:3823} INFO - Setting next_dagrun for example_skip_dag to 2024-02-15 00:00:00+00:00, run_after=2024-02-16 00:00:00+00:00
[2024-02-16T16:33:28.802+0000] {processor.py:183} INFO - Processing /home/airflow/.local/lib/python3.8/site-packages/airflow/example_dags/example_skip_dag.py took 0.049 seconds
[2024-02-16T16:33:58.884+0000] {processor.py:161} INFO - Started process (PID=327) to work on /home/airflow/.local/lib/python3.8/site-packages/airflow/example_dags/example_skip_dag.py
[2024-02-16T16:33:58.884+0000] {processor.py:830} INFO - Processing file /home/airflow/.local/lib/python3.8/site-packages/airflow/example_dags/example_skip_dag.py for tasks to queue
[2024-02-16T16:33:58.886+0000] {logging_mixin.py:188} INFO - [2024-02-16T16:33:58.885+0000] {dagbag.py:538} INFO - Filling up the DagBag from /home/airflow/.local/lib/python3.8/site-packages/airflow/example_dags/example_skip_dag.py
[2024-02-16T16:33:58.890+0000] {processor.py:840} INFO - DAG(s) 'example_skip_dag' retrieved from /home/airflow/.local/lib/python3.8/site-packages/airflow/example_dags/example_skip_dag.py
[2024-02-16T16:33:58.904+0000] {logging_mixin.py:188} INFO - [2024-02-16T16:33:58.904+0000] {dag.py:3036} INFO - Sync 1 DAGs
[2024-02-16T16:33:58.920+0000] {logging_mixin.py:188} INFO - [2024-02-16T16:33:58.920+0000] {dag.py:3823} INFO - Setting next_dagrun for example_skip_dag to 2024-02-15 00:00:00+00:00, run_after=2024-02-16 00:00:00+00:00
[2024-02-16T16:33:58.933+0000] {processor.py:183} INFO - Processing /home/airflow/.local/lib/python3.8/site-packages/airflow/example_dags/example_skip_dag.py took 0.051 seconds
[2024-02-16T16:34:29.212+0000] {processor.py:161} INFO - Started process (PID=383) to work on /home/airflow/.local/lib/python3.8/site-packages/airflow/example_dags/example_skip_dag.py
[2024-02-16T16:34:29.212+0000] {processor.py:830} INFO - Processing file /home/airflow/.local/lib/python3.8/site-packages/airflow/example_dags/example_skip_dag.py for tasks to queue
[2024-02-16T16:34:29.213+0000] {logging_mixin.py:188} INFO - [2024-02-16T16:34:29.213+0000] {dagbag.py:538} INFO - Filling up the DagBag from /home/airflow/.local/lib/python3.8/site-packages/airflow/example_dags/example_skip_dag.py
[2024-02-16T16:34:29.218+0000] {processor.py:840} INFO - DAG(s) 'example_skip_dag' retrieved from /home/airflow/.local/lib/python3.8/site-packages/airflow/example_dags/example_skip_dag.py
[2024-02-16T16:34:29.233+0000] {logging_mixin.py:188} INFO - [2024-02-16T16:34:29.233+0000] {dag.py:3036} INFO - Sync 1 DAGs
[2024-02-16T16:34:29.250+0000] {logging_mixin.py:188} INFO - [2024-02-16T16:34:29.250+0000] {dag.py:3823} INFO - Setting next_dagrun for example_skip_dag to 2024-02-15 00:00:00+00:00, run_after=2024-02-16 00:00:00+00:00
[2024-02-16T16:34:29.264+0000] {processor.py:183} INFO - Processing /home/airflow/.local/lib/python3.8/site-packages/airflow/example_dags/example_skip_dag.py took 0.054 seconds
[2024-02-16T16:34:59.434+0000] {processor.py:161} INFO - Started process (PID=439) to work on /home/airflow/.local/lib/python3.8/site-packages/airflow/example_dags/example_skip_dag.py
[2024-02-16T16:34:59.434+0000] {processor.py:830} INFO - Processing file /home/airflow/.local/lib/python3.8/site-packages/airflow/example_dags/example_skip_dag.py for tasks to queue
[2024-02-16T16:34:59.436+0000] {logging_mixin.py:188} INFO - [2024-02-16T16:34:59.435+0000] {dagbag.py:538} INFO - Filling up the DagBag from /home/airflow/.local/lib/python3.8/site-packages/airflow/example_dags/example_skip_dag.py
[2024-02-16T16:34:59.440+0000] {processor.py:840} INFO - DAG(s) 'example_skip_dag' retrieved from /home/airflow/.local/lib/python3.8/site-packages/airflow/example_dags/example_skip_dag.py
[2024-02-16T16:34:59.455+0000] {logging_mixin.py:188} INFO - [2024-02-16T16:34:59.455+0000] {dag.py:3036} INFO - Sync 1 DAGs
[2024-02-16T16:34:59.473+0000] {logging_mixin.py:188} INFO - [2024-02-16T16:34:59.473+0000] {dag.py:3823} INFO - Setting next_dagrun for example_skip_dag to 2024-02-15 00:00:00+00:00, run_after=2024-02-16 00:00:00+00:00
[2024-02-16T16:34:59.487+0000] {processor.py:183} INFO - Processing /home/airflow/.local/lib/python3.8/site-packages/airflow/example_dags/example_skip_dag.py took 0.055 seconds
[2024-02-16T16:35:29.631+0000] {processor.py:161} INFO - Started process (PID=495) to work on /home/airflow/.local/lib/python3.8/site-packages/airflow/example_dags/example_skip_dag.py
[2024-02-16T16:35:29.631+0000] {processor.py:830} INFO - Processing file /home/airflow/.local/lib/python3.8/site-packages/airflow/example_dags/example_skip_dag.py for tasks to queue
[2024-02-16T16:35:29.633+0000] {logging_mixin.py:188} INFO - [2024-02-16T16:35:29.632+0000] {dagbag.py:538} INFO - Filling up the DagBag from /home/airflow/.local/lib/python3.8/site-packages/airflow/example_dags/example_skip_dag.py
[2024-02-16T16:35:29.637+0000] {processor.py:840} INFO - DAG(s) 'example_skip_dag' retrieved from /home/airflow/.local/lib/python3.8/site-packages/airflow/example_dags/example_skip_dag.py
[2024-02-16T16:35:29.653+0000] {logging_mixin.py:188} INFO - [2024-02-16T16:35:29.653+0000] {dag.py:3036} INFO - Sync 1 DAGs
[2024-02-16T16:35:29.670+0000] {logging_mixin.py:188} INFO - [2024-02-16T16:35:29.669+0000] {dag.py:3823} INFO - Setting next_dagrun for example_skip_dag to 2024-02-15 00:00:00+00:00, run_after=2024-02-16 00:00:00+00:00
[2024-02-16T16:35:29.684+0000] {processor.py:183} INFO - Processing /home/airflow/.local/lib/python3.8/site-packages/airflow/example_dags/example_skip_dag.py took 0.055 seconds
[2024-02-16T16:35:59.835+0000] {processor.py:161} INFO - Started process (PID=551) to work on /home/airflow/.local/lib/python3.8/site-packages/airflow/example_dags/example_skip_dag.py
[2024-02-16T16:35:59.836+0000] {processor.py:830} INFO - Processing file /home/airflow/.local/lib/python3.8/site-packages/airflow/example_dags/example_skip_dag.py for tasks to queue
[2024-02-16T16:35:59.837+0000] {logging_mixin.py:188} INFO - [2024-02-16T16:35:59.837+0000] {dagbag.py:538} INFO - Filling up the DagBag from /home/airflow/.local/lib/python3.8/site-packages/airflow/example_dags/example_skip_dag.py
[2024-02-16T16:35:59.841+0000] {processor.py:840} INFO - DAG(s) 'example_skip_dag' retrieved from /home/airflow/.local/lib/python3.8/site-packages/airflow/example_dags/example_skip_dag.py
[2024-02-16T16:35:59.856+0000] {logging_mixin.py:188} INFO - [2024-02-16T16:35:59.856+0000] {dag.py:3036} INFO - Sync 1 DAGs
[2024-02-16T16:35:59.872+0000] {logging_mixin.py:188} INFO - [2024-02-16T16:35:59.872+0000] {dag.py:3823} INFO - Setting next_dagrun for example_skip_dag to 2024-02-15 00:00:00+00:00, run_after=2024-02-16 00:00:00+00:00
[2024-02-16T16:35:59.886+0000] {processor.py:183} INFO - Processing /home/airflow/.local/lib/python3.8/site-packages/airflow/example_dags/example_skip_dag.py took 0.053 seconds
[2024-02-16T16:36:30.888+0000] {processor.py:161} INFO - Started process (PID=607) to work on /home/airflow/.local/lib/python3.8/site-packages/airflow/example_dags/example_skip_dag.py
[2024-02-16T16:36:30.889+0000] {processor.py:830} INFO - Processing file /home/airflow/.local/lib/python3.8/site-packages/airflow/example_dags/example_skip_dag.py for tasks to queue
[2024-02-16T16:36:30.890+0000] {logging_mixin.py:188} INFO - [2024-02-16T16:36:30.889+0000] {dagbag.py:538} INFO - Filling up the DagBag from /home/airflow/.local/lib/python3.8/site-packages/airflow/example_dags/example_skip_dag.py
[2024-02-16T16:36:30.894+0000] {processor.py:840} INFO - DAG(s) 'example_skip_dag' retrieved from /home/airflow/.local/lib/python3.8/site-packages/airflow/example_dags/example_skip_dag.py
[2024-02-16T16:36:30.909+0000] {logging_mixin.py:188} INFO - [2024-02-16T16:36:30.909+0000] {dag.py:3036} INFO - Sync 1 DAGs
[2024-02-16T16:36:30.925+0000] {logging_mixin.py:188} INFO - [2024-02-16T16:36:30.924+0000] {dag.py:3823} INFO - Setting next_dagrun for example_skip_dag to 2024-02-15 00:00:00+00:00, run_after=2024-02-16 00:00:00+00:00
[2024-02-16T16:36:30.938+0000] {processor.py:183} INFO - Processing /home/airflow/.local/lib/python3.8/site-packages/airflow/example_dags/example_skip_dag.py took 0.051 seconds
[2024-02-16T16:37:01.298+0000] {processor.py:161} INFO - Started process (PID=664) to work on /home/airflow/.local/lib/python3.8/site-packages/airflow/example_dags/example_skip_dag.py
[2024-02-16T16:37:01.299+0000] {processor.py:830} INFO - Processing file /home/airflow/.local/lib/python3.8/site-packages/airflow/example_dags/example_skip_dag.py for tasks to queue
[2024-02-16T16:37:01.301+0000] {logging_mixin.py:188} INFO - [2024-02-16T16:37:01.300+0000] {dagbag.py:538} INFO - Filling up the DagBag from /home/airflow/.local/lib/python3.8/site-packages/airflow/example_dags/example_skip_dag.py
[2024-02-16T16:37:01.305+0000] {processor.py:840} INFO - DAG(s) 'example_skip_dag' retrieved from /home/airflow/.local/lib/python3.8/site-packages/airflow/example_dags/example_skip_dag.py
[2024-02-16T16:37:01.320+0000] {logging_mixin.py:188} INFO - [2024-02-16T16:37:01.320+0000] {dag.py:3036} INFO - Sync 1 DAGs
[2024-02-16T16:37:01.337+0000] {logging_mixin.py:188} INFO - [2024-02-16T16:37:01.337+0000] {dag.py:3823} INFO - Setting next_dagrun for example_skip_dag to 2024-02-15 00:00:00+00:00, run_after=2024-02-16 00:00:00+00:00
[2024-02-16T16:37:01.350+0000] {processor.py:183} INFO - Processing /home/airflow/.local/lib/python3.8/site-packages/airflow/example_dags/example_skip_dag.py took 0.053 seconds
[2024-02-16T16:37:31.611+0000] {processor.py:161} INFO - Started process (PID=721) to work on /home/airflow/.local/lib/python3.8/site-packages/airflow/example_dags/example_skip_dag.py
[2024-02-16T16:37:31.612+0000] {processor.py:830} INFO - Processing file /home/airflow/.local/lib/python3.8/site-packages/airflow/example_dags/example_skip_dag.py for tasks to queue
[2024-02-16T16:37:31.613+0000] {logging_mixin.py:188} INFO - [2024-02-16T16:37:31.613+0000] {dagbag.py:538} INFO - Filling up the DagBag from /home/airflow/.local/lib/python3.8/site-packages/airflow/example_dags/example_skip_dag.py
[2024-02-16T16:37:31.617+0000] {processor.py:840} INFO - DAG(s) 'example_skip_dag' retrieved from /home/airflow/.local/lib/python3.8/site-packages/airflow/example_dags/example_skip_dag.py
[2024-02-16T16:37:31.633+0000] {logging_mixin.py:188} INFO - [2024-02-16T16:37:31.632+0000] {dag.py:3036} INFO - Sync 1 DAGs
[2024-02-16T16:37:31.649+0000] {logging_mixin.py:188} INFO - [2024-02-16T16:37:31.648+0000] {dag.py:3823} INFO - Setting next_dagrun for example_skip_dag to 2024-02-15 00:00:00+00:00, run_after=2024-02-16 00:00:00+00:00
[2024-02-16T16:37:31.663+0000] {processor.py:183} INFO - Processing /home/airflow/.local/lib/python3.8/site-packages/airflow/example_dags/example_skip_dag.py took 0.053 seconds
[2024-02-16T16:39:15.755+0000] {processor.py:161} INFO - Started process (PID=48) to work on /home/airflow/.local/lib/python3.8/site-packages/airflow/example_dags/example_skip_dag.py
[2024-02-16T16:39:15.756+0000] {processor.py:830} INFO - Processing file /home/airflow/.local/lib/python3.8/site-packages/airflow/example_dags/example_skip_dag.py for tasks to queue
[2024-02-16T16:39:15.757+0000] {logging_mixin.py:188} INFO - [2024-02-16T16:39:15.757+0000] {dagbag.py:538} INFO - Filling up the DagBag from /home/airflow/.local/lib/python3.8/site-packages/airflow/example_dags/example_skip_dag.py
[2024-02-16T16:39:15.764+0000] {processor.py:840} INFO - DAG(s) 'example_skip_dag' retrieved from /home/airflow/.local/lib/python3.8/site-packages/airflow/example_dags/example_skip_dag.py
[2024-02-16T16:39:15.772+0000] {logging_mixin.py:188} INFO - [2024-02-16T16:39:15.772+0000] {dag.py:3036} INFO - Sync 1 DAGs
[2024-02-16T16:39:15.790+0000] {logging_mixin.py:188} INFO - [2024-02-16T16:39:15.789+0000] {dag.py:3823} INFO - Setting next_dagrun for example_skip_dag to 2024-02-15 00:00:00+00:00, run_after=2024-02-16 00:00:00+00:00
[2024-02-16T16:39:15.805+0000] {processor.py:183} INFO - Processing /home/airflow/.local/lib/python3.8/site-packages/airflow/example_dags/example_skip_dag.py took 0.052 seconds
[2024-02-16T16:39:46.129+0000] {processor.py:161} INFO - Started process (PID=103) to work on /home/airflow/.local/lib/python3.8/site-packages/airflow/example_dags/example_skip_dag.py
[2024-02-16T16:39:46.130+0000] {processor.py:830} INFO - Processing file /home/airflow/.local/lib/python3.8/site-packages/airflow/example_dags/example_skip_dag.py for tasks to queue
[2024-02-16T16:39:46.131+0000] {logging_mixin.py:188} INFO - [2024-02-16T16:39:46.131+0000] {dagbag.py:538} INFO - Filling up the DagBag from /home/airflow/.local/lib/python3.8/site-packages/airflow/example_dags/example_skip_dag.py
[2024-02-16T16:39:46.135+0000] {processor.py:840} INFO - DAG(s) 'example_skip_dag' retrieved from /home/airflow/.local/lib/python3.8/site-packages/airflow/example_dags/example_skip_dag.py
[2024-02-16T16:39:46.205+0000] {logging_mixin.py:188} INFO - [2024-02-16T16:39:46.205+0000] {dag.py:3036} INFO - Sync 1 DAGs
[2024-02-16T16:39:46.219+0000] {logging_mixin.py:188} INFO - [2024-02-16T16:39:46.219+0000] {dag.py:3823} INFO - Setting next_dagrun for example_skip_dag to 2024-02-15 00:00:00+00:00, run_after=2024-02-16 00:00:00+00:00
[2024-02-16T16:39:46.233+0000] {processor.py:183} INFO - Processing /home/airflow/.local/lib/python3.8/site-packages/airflow/example_dags/example_skip_dag.py took 0.105 seconds
[2024-02-16T16:40:16.566+0000] {processor.py:161} INFO - Started process (PID=160) to work on /home/airflow/.local/lib/python3.8/site-packages/airflow/example_dags/example_skip_dag.py
[2024-02-16T16:40:16.567+0000] {processor.py:830} INFO - Processing file /home/airflow/.local/lib/python3.8/site-packages/airflow/example_dags/example_skip_dag.py for tasks to queue
[2024-02-16T16:40:16.568+0000] {logging_mixin.py:188} INFO - [2024-02-16T16:40:16.568+0000] {dagbag.py:538} INFO - Filling up the DagBag from /home/airflow/.local/lib/python3.8/site-packages/airflow/example_dags/example_skip_dag.py
[2024-02-16T16:40:16.572+0000] {processor.py:840} INFO - DAG(s) 'example_skip_dag' retrieved from /home/airflow/.local/lib/python3.8/site-packages/airflow/example_dags/example_skip_dag.py
[2024-02-16T16:40:16.587+0000] {logging_mixin.py:188} INFO - [2024-02-16T16:40:16.587+0000] {dag.py:3036} INFO - Sync 1 DAGs
[2024-02-16T16:40:16.601+0000] {logging_mixin.py:188} INFO - [2024-02-16T16:40:16.601+0000] {dag.py:3823} INFO - Setting next_dagrun for example_skip_dag to 2024-02-15 00:00:00+00:00, run_after=2024-02-16 00:00:00+00:00
[2024-02-16T16:40:16.614+0000] {processor.py:183} INFO - Processing /home/airflow/.local/lib/python3.8/site-packages/airflow/example_dags/example_skip_dag.py took 0.050 seconds
[2024-02-16T16:40:46.663+0000] {processor.py:161} INFO - Started process (PID=217) to work on /home/airflow/.local/lib/python3.8/site-packages/airflow/example_dags/example_skip_dag.py
[2024-02-16T16:40:46.664+0000] {processor.py:830} INFO - Processing file /home/airflow/.local/lib/python3.8/site-packages/airflow/example_dags/example_skip_dag.py for tasks to queue
[2024-02-16T16:40:46.665+0000] {logging_mixin.py:188} INFO - [2024-02-16T16:40:46.664+0000] {dagbag.py:538} INFO - Filling up the DagBag from /home/airflow/.local/lib/python3.8/site-packages/airflow/example_dags/example_skip_dag.py
[2024-02-16T16:40:46.669+0000] {processor.py:840} INFO - DAG(s) 'example_skip_dag' retrieved from /home/airflow/.local/lib/python3.8/site-packages/airflow/example_dags/example_skip_dag.py
[2024-02-16T16:40:46.684+0000] {logging_mixin.py:188} INFO - [2024-02-16T16:40:46.683+0000] {dag.py:3036} INFO - Sync 1 DAGs
[2024-02-16T16:40:46.698+0000] {logging_mixin.py:188} INFO - [2024-02-16T16:40:46.698+0000] {dag.py:3823} INFO - Setting next_dagrun for example_skip_dag to 2024-02-15 00:00:00+00:00, run_after=2024-02-16 00:00:00+00:00
[2024-02-16T16:40:46.712+0000] {processor.py:183} INFO - Processing /home/airflow/.local/lib/python3.8/site-packages/airflow/example_dags/example_skip_dag.py took 0.051 seconds
[2024-02-16T16:41:17.100+0000] {processor.py:161} INFO - Started process (PID=274) to work on /home/airflow/.local/lib/python3.8/site-packages/airflow/example_dags/example_skip_dag.py
[2024-02-16T16:41:17.101+0000] {processor.py:830} INFO - Processing file /home/airflow/.local/lib/python3.8/site-packages/airflow/example_dags/example_skip_dag.py for tasks to queue
[2024-02-16T16:41:17.102+0000] {logging_mixin.py:188} INFO - [2024-02-16T16:41:17.102+0000] {dagbag.py:538} INFO - Filling up the DagBag from /home/airflow/.local/lib/python3.8/site-packages/airflow/example_dags/example_skip_dag.py
[2024-02-16T16:41:17.107+0000] {processor.py:840} INFO - DAG(s) 'example_skip_dag' retrieved from /home/airflow/.local/lib/python3.8/site-packages/airflow/example_dags/example_skip_dag.py
[2024-02-16T16:41:17.123+0000] {logging_mixin.py:188} INFO - [2024-02-16T16:41:17.122+0000] {dag.py:3036} INFO - Sync 1 DAGs
[2024-02-16T16:41:17.138+0000] {logging_mixin.py:188} INFO - [2024-02-16T16:41:17.138+0000] {dag.py:3823} INFO - Setting next_dagrun for example_skip_dag to 2024-02-15 00:00:00+00:00, run_after=2024-02-16 00:00:00+00:00
[2024-02-16T16:41:17.152+0000] {processor.py:183} INFO - Processing /home/airflow/.local/lib/python3.8/site-packages/airflow/example_dags/example_skip_dag.py took 0.053 seconds
[2024-02-16T16:41:47.583+0000] {processor.py:161} INFO - Started process (PID=332) to work on /home/airflow/.local/lib/python3.8/site-packages/airflow/example_dags/example_skip_dag.py
[2024-02-16T16:41:47.583+0000] {processor.py:830} INFO - Processing file /home/airflow/.local/lib/python3.8/site-packages/airflow/example_dags/example_skip_dag.py for tasks to queue
[2024-02-16T16:41:47.585+0000] {logging_mixin.py:188} INFO - [2024-02-16T16:41:47.584+0000] {dagbag.py:538} INFO - Filling up the DagBag from /home/airflow/.local/lib/python3.8/site-packages/airflow/example_dags/example_skip_dag.py
[2024-02-16T16:41:47.589+0000] {processor.py:840} INFO - DAG(s) 'example_skip_dag' retrieved from /home/airflow/.local/lib/python3.8/site-packages/airflow/example_dags/example_skip_dag.py
[2024-02-16T16:41:47.606+0000] {logging_mixin.py:188} INFO - [2024-02-16T16:41:47.606+0000] {dag.py:3036} INFO - Sync 1 DAGs
[2024-02-16T16:41:47.623+0000] {logging_mixin.py:188} INFO - [2024-02-16T16:41:47.623+0000] {dag.py:3823} INFO - Setting next_dagrun for example_skip_dag to 2024-02-15 00:00:00+00:00, run_after=2024-02-16 00:00:00+00:00
[2024-02-16T16:41:47.637+0000] {processor.py:183} INFO - Processing /home/airflow/.local/lib/python3.8/site-packages/airflow/example_dags/example_skip_dag.py took 0.056 seconds
[2024-02-16T16:42:17.827+0000] {processor.py:161} INFO - Started process (PID=389) to work on /home/airflow/.local/lib/python3.8/site-packages/airflow/example_dags/example_skip_dag.py
[2024-02-16T16:42:17.828+0000] {processor.py:830} INFO - Processing file /home/airflow/.local/lib/python3.8/site-packages/airflow/example_dags/example_skip_dag.py for tasks to queue
[2024-02-16T16:42:17.829+0000] {logging_mixin.py:188} INFO - [2024-02-16T16:42:17.829+0000] {dagbag.py:538} INFO - Filling up the DagBag from /home/airflow/.local/lib/python3.8/site-packages/airflow/example_dags/example_skip_dag.py
[2024-02-16T16:42:17.834+0000] {processor.py:840} INFO - DAG(s) 'example_skip_dag' retrieved from /home/airflow/.local/lib/python3.8/site-packages/airflow/example_dags/example_skip_dag.py
[2024-02-16T16:42:17.849+0000] {logging_mixin.py:188} INFO - [2024-02-16T16:42:17.849+0000] {dag.py:3036} INFO - Sync 1 DAGs
[2024-02-16T16:42:17.865+0000] {logging_mixin.py:188} INFO - [2024-02-16T16:42:17.865+0000] {dag.py:3823} INFO - Setting next_dagrun for example_skip_dag to 2024-02-15 00:00:00+00:00, run_after=2024-02-16 00:00:00+00:00
[2024-02-16T16:42:17.880+0000] {processor.py:183} INFO - Processing /home/airflow/.local/lib/python3.8/site-packages/airflow/example_dags/example_skip_dag.py took 0.055 seconds
[2024-02-16T16:42:48.228+0000] {processor.py:161} INFO - Started process (PID=446) to work on /home/airflow/.local/lib/python3.8/site-packages/airflow/example_dags/example_skip_dag.py
[2024-02-16T16:42:48.229+0000] {processor.py:830} INFO - Processing file /home/airflow/.local/lib/python3.8/site-packages/airflow/example_dags/example_skip_dag.py for tasks to queue
[2024-02-16T16:42:48.230+0000] {logging_mixin.py:188} INFO - [2024-02-16T16:42:48.230+0000] {dagbag.py:538} INFO - Filling up the DagBag from /home/airflow/.local/lib/python3.8/site-packages/airflow/example_dags/example_skip_dag.py
[2024-02-16T16:42:48.235+0000] {processor.py:840} INFO - DAG(s) 'example_skip_dag' retrieved from /home/airflow/.local/lib/python3.8/site-packages/airflow/example_dags/example_skip_dag.py
[2024-02-16T16:42:48.250+0000] {logging_mixin.py:188} INFO - [2024-02-16T16:42:48.250+0000] {dag.py:3036} INFO - Sync 1 DAGs
[2024-02-16T16:42:48.266+0000] {logging_mixin.py:188} INFO - [2024-02-16T16:42:48.266+0000] {dag.py:3823} INFO - Setting next_dagrun for example_skip_dag to 2024-02-15 00:00:00+00:00, run_after=2024-02-16 00:00:00+00:00
[2024-02-16T16:42:48.282+0000] {processor.py:183} INFO - Processing /home/airflow/.local/lib/python3.8/site-packages/airflow/example_dags/example_skip_dag.py took 0.055 seconds
[2024-02-16T16:43:18.655+0000] {processor.py:161} INFO - Started process (PID=503) to work on /home/airflow/.local/lib/python3.8/site-packages/airflow/example_dags/example_skip_dag.py
[2024-02-16T16:43:18.656+0000] {processor.py:830} INFO - Processing file /home/airflow/.local/lib/python3.8/site-packages/airflow/example_dags/example_skip_dag.py for tasks to queue
[2024-02-16T16:43:18.657+0000] {logging_mixin.py:188} INFO - [2024-02-16T16:43:18.657+0000] {dagbag.py:538} INFO - Filling up the DagBag from /home/airflow/.local/lib/python3.8/site-packages/airflow/example_dags/example_skip_dag.py
[2024-02-16T16:43:18.662+0000] {processor.py:840} INFO - DAG(s) 'example_skip_dag' retrieved from /home/airflow/.local/lib/python3.8/site-packages/airflow/example_dags/example_skip_dag.py
[2024-02-16T16:43:18.678+0000] {logging_mixin.py:188} INFO - [2024-02-16T16:43:18.678+0000] {dag.py:3036} INFO - Sync 1 DAGs
[2024-02-16T16:43:18.696+0000] {logging_mixin.py:188} INFO - [2024-02-16T16:43:18.695+0000] {dag.py:3823} INFO - Setting next_dagrun for example_skip_dag to 2024-02-15 00:00:00+00:00, run_after=2024-02-16 00:00:00+00:00
[2024-02-16T16:43:18.711+0000] {processor.py:183} INFO - Processing /home/airflow/.local/lib/python3.8/site-packages/airflow/example_dags/example_skip_dag.py took 0.057 seconds
[2024-02-16T16:43:49.075+0000] {processor.py:161} INFO - Started process (PID=560) to work on /home/airflow/.local/lib/python3.8/site-packages/airflow/example_dags/example_skip_dag.py
[2024-02-16T16:43:49.076+0000] {processor.py:830} INFO - Processing file /home/airflow/.local/lib/python3.8/site-packages/airflow/example_dags/example_skip_dag.py for tasks to queue
[2024-02-16T16:43:49.077+0000] {logging_mixin.py:188} INFO - [2024-02-16T16:43:49.077+0000] {dagbag.py:538} INFO - Filling up the DagBag from /home/airflow/.local/lib/python3.8/site-packages/airflow/example_dags/example_skip_dag.py
[2024-02-16T16:43:49.082+0000] {processor.py:840} INFO - DAG(s) 'example_skip_dag' retrieved from /home/airflow/.local/lib/python3.8/site-packages/airflow/example_dags/example_skip_dag.py
[2024-02-16T16:43:49.100+0000] {logging_mixin.py:188} INFO - [2024-02-16T16:43:49.100+0000] {dag.py:3036} INFO - Sync 1 DAGs
[2024-02-16T16:43:49.117+0000] {logging_mixin.py:188} INFO - [2024-02-16T16:43:49.117+0000] {dag.py:3823} INFO - Setting next_dagrun for example_skip_dag to 2024-02-15 00:00:00+00:00, run_after=2024-02-16 00:00:00+00:00
[2024-02-16T16:43:49.138+0000] {processor.py:183} INFO - Processing /home/airflow/.local/lib/python3.8/site-packages/airflow/example_dags/example_skip_dag.py took 0.066 seconds
