[2024-02-16T16:20:18.949+0000] {processor.py:161} INFO - Started process (PID=82) to work on /home/airflow/.local/lib/python3.8/site-packages/airflow/example_dags/example_latest_only_with_trigger.py
[2024-02-16T16:20:18.950+0000] {processor.py:830} INFO - Processing file /home/airflow/.local/lib/python3.8/site-packages/airflow/example_dags/example_latest_only_with_trigger.py for tasks to queue
[2024-02-16T16:20:18.951+0000] {logging_mixin.py:188} INFO - [2024-02-16T16:20:18.951+0000] {dagbag.py:538} INFO - Filling up the DagBag from /home/airflow/.local/lib/python3.8/site-packages/airflow/example_dags/example_latest_only_with_trigger.py
[2024-02-16T16:20:18.957+0000] {processor.py:840} INFO - DAG(s) 'latest_only_with_trigger' retrieved from /home/airflow/.local/lib/python3.8/site-packages/airflow/example_dags/example_latest_only_with_trigger.py
[2024-02-16T16:20:18.966+0000] {logging_mixin.py:188} INFO - [2024-02-16T16:20:18.965+0000] {dag.py:3036} INFO - Sync 1 DAGs
[2024-02-16T16:20:18.984+0000] {logging_mixin.py:188} INFO - [2024-02-16T16:20:18.984+0000] {dag.py:3823} INFO - Setting next_dagrun for latest_only_with_trigger to 2024-02-16 12:00:00+00:00, run_after=2024-02-16 16:00:00+00:00
[2024-02-16T16:20:19.002+0000] {processor.py:183} INFO - Processing /home/airflow/.local/lib/python3.8/site-packages/airflow/example_dags/example_latest_only_with_trigger.py took 0.055 seconds
[2024-02-16T16:20:50.056+0000] {processor.py:161} INFO - Started process (PID=137) to work on /home/airflow/.local/lib/python3.8/site-packages/airflow/example_dags/example_latest_only_with_trigger.py
[2024-02-16T16:20:50.057+0000] {processor.py:830} INFO - Processing file /home/airflow/.local/lib/python3.8/site-packages/airflow/example_dags/example_latest_only_with_trigger.py for tasks to queue
[2024-02-16T16:20:50.058+0000] {logging_mixin.py:188} INFO - [2024-02-16T16:20:50.058+0000] {dagbag.py:538} INFO - Filling up the DagBag from /home/airflow/.local/lib/python3.8/site-packages/airflow/example_dags/example_latest_only_with_trigger.py
[2024-02-16T16:20:50.061+0000] {processor.py:840} INFO - DAG(s) 'latest_only_with_trigger' retrieved from /home/airflow/.local/lib/python3.8/site-packages/airflow/example_dags/example_latest_only_with_trigger.py
[2024-02-16T16:20:50.136+0000] {logging_mixin.py:188} INFO - [2024-02-16T16:20:50.136+0000] {dag.py:3036} INFO - Sync 1 DAGs
[2024-02-16T16:20:50.151+0000] {logging_mixin.py:188} INFO - [2024-02-16T16:20:50.151+0000] {dag.py:3823} INFO - Setting next_dagrun for latest_only_with_trigger to 2024-02-16 12:00:00+00:00, run_after=2024-02-16 16:00:00+00:00
[2024-02-16T16:20:50.166+0000] {processor.py:183} INFO - Processing /home/airflow/.local/lib/python3.8/site-packages/airflow/example_dags/example_latest_only_with_trigger.py took 0.112 seconds
[2024-02-16T16:21:20.691+0000] {processor.py:161} INFO - Started process (PID=192) to work on /home/airflow/.local/lib/python3.8/site-packages/airflow/example_dags/example_latest_only_with_trigger.py
[2024-02-16T16:21:20.692+0000] {processor.py:830} INFO - Processing file /home/airflow/.local/lib/python3.8/site-packages/airflow/example_dags/example_latest_only_with_trigger.py for tasks to queue
[2024-02-16T16:21:20.693+0000] {logging_mixin.py:188} INFO - [2024-02-16T16:21:20.693+0000] {dagbag.py:538} INFO - Filling up the DagBag from /home/airflow/.local/lib/python3.8/site-packages/airflow/example_dags/example_latest_only_with_trigger.py
[2024-02-16T16:21:20.697+0000] {processor.py:840} INFO - DAG(s) 'latest_only_with_trigger' retrieved from /home/airflow/.local/lib/python3.8/site-packages/airflow/example_dags/example_latest_only_with_trigger.py
[2024-02-16T16:21:20.713+0000] {logging_mixin.py:188} INFO - [2024-02-16T16:21:20.713+0000] {dag.py:3036} INFO - Sync 1 DAGs
[2024-02-16T16:21:20.730+0000] {logging_mixin.py:188} INFO - [2024-02-16T16:21:20.730+0000] {dag.py:3823} INFO - Setting next_dagrun for latest_only_with_trigger to 2024-02-16 12:00:00+00:00, run_after=2024-02-16 16:00:00+00:00
[2024-02-16T16:21:20.745+0000] {processor.py:183} INFO - Processing /home/airflow/.local/lib/python3.8/site-packages/airflow/example_dags/example_latest_only_with_trigger.py took 0.056 seconds
[2024-02-16T16:21:51.519+0000] {processor.py:161} INFO - Started process (PID=247) to work on /home/airflow/.local/lib/python3.8/site-packages/airflow/example_dags/example_latest_only_with_trigger.py
[2024-02-16T16:21:51.520+0000] {processor.py:830} INFO - Processing file /home/airflow/.local/lib/python3.8/site-packages/airflow/example_dags/example_latest_only_with_trigger.py for tasks to queue
[2024-02-16T16:21:51.521+0000] {logging_mixin.py:188} INFO - [2024-02-16T16:21:51.521+0000] {dagbag.py:538} INFO - Filling up the DagBag from /home/airflow/.local/lib/python3.8/site-packages/airflow/example_dags/example_latest_only_with_trigger.py
[2024-02-16T16:21:51.524+0000] {processor.py:840} INFO - DAG(s) 'latest_only_with_trigger' retrieved from /home/airflow/.local/lib/python3.8/site-packages/airflow/example_dags/example_latest_only_with_trigger.py
[2024-02-16T16:21:51.538+0000] {logging_mixin.py:188} INFO - [2024-02-16T16:21:51.538+0000] {dag.py:3036} INFO - Sync 1 DAGs
[2024-02-16T16:21:51.556+0000] {logging_mixin.py:188} INFO - [2024-02-16T16:21:51.555+0000] {dag.py:3823} INFO - Setting next_dagrun for latest_only_with_trigger to 2024-02-16 12:00:00+00:00, run_after=2024-02-16 16:00:00+00:00
[2024-02-16T16:21:51.569+0000] {processor.py:183} INFO - Processing /home/airflow/.local/lib/python3.8/site-packages/airflow/example_dags/example_latest_only_with_trigger.py took 0.052 seconds
[2024-02-16T16:22:21.743+0000] {processor.py:161} INFO - Started process (PID=302) to work on /home/airflow/.local/lib/python3.8/site-packages/airflow/example_dags/example_latest_only_with_trigger.py
[2024-02-16T16:22:21.744+0000] {processor.py:830} INFO - Processing file /home/airflow/.local/lib/python3.8/site-packages/airflow/example_dags/example_latest_only_with_trigger.py for tasks to queue
[2024-02-16T16:22:21.746+0000] {logging_mixin.py:188} INFO - [2024-02-16T16:22:21.745+0000] {dagbag.py:538} INFO - Filling up the DagBag from /home/airflow/.local/lib/python3.8/site-packages/airflow/example_dags/example_latest_only_with_trigger.py
[2024-02-16T16:22:21.751+0000] {processor.py:840} INFO - DAG(s) 'latest_only_with_trigger' retrieved from /home/airflow/.local/lib/python3.8/site-packages/airflow/example_dags/example_latest_only_with_trigger.py
[2024-02-16T16:22:21.767+0000] {logging_mixin.py:188} INFO - [2024-02-16T16:22:21.767+0000] {dag.py:3036} INFO - Sync 1 DAGs
[2024-02-16T16:22:21.785+0000] {logging_mixin.py:188} INFO - [2024-02-16T16:22:21.785+0000] {dag.py:3823} INFO - Setting next_dagrun for latest_only_with_trigger to 2024-02-16 12:00:00+00:00, run_after=2024-02-16 16:00:00+00:00
[2024-02-16T16:22:21.800+0000] {processor.py:183} INFO - Processing /home/airflow/.local/lib/python3.8/site-packages/airflow/example_dags/example_latest_only_with_trigger.py took 0.060 seconds
[2024-02-16T16:22:51.905+0000] {processor.py:161} INFO - Started process (PID=357) to work on /home/airflow/.local/lib/python3.8/site-packages/airflow/example_dags/example_latest_only_with_trigger.py
[2024-02-16T16:22:51.906+0000] {processor.py:830} INFO - Processing file /home/airflow/.local/lib/python3.8/site-packages/airflow/example_dags/example_latest_only_with_trigger.py for tasks to queue
[2024-02-16T16:22:51.907+0000] {logging_mixin.py:188} INFO - [2024-02-16T16:22:51.907+0000] {dagbag.py:538} INFO - Filling up the DagBag from /home/airflow/.local/lib/python3.8/site-packages/airflow/example_dags/example_latest_only_with_trigger.py
[2024-02-16T16:22:51.910+0000] {processor.py:840} INFO - DAG(s) 'latest_only_with_trigger' retrieved from /home/airflow/.local/lib/python3.8/site-packages/airflow/example_dags/example_latest_only_with_trigger.py
[2024-02-16T16:22:51.924+0000] {logging_mixin.py:188} INFO - [2024-02-16T16:22:51.924+0000] {dag.py:3036} INFO - Sync 1 DAGs
[2024-02-16T16:22:51.942+0000] {logging_mixin.py:188} INFO - [2024-02-16T16:22:51.941+0000] {dag.py:3823} INFO - Setting next_dagrun for latest_only_with_trigger to 2024-02-16 12:00:00+00:00, run_after=2024-02-16 16:00:00+00:00
[2024-02-16T16:22:51.956+0000] {processor.py:183} INFO - Processing /home/airflow/.local/lib/python3.8/site-packages/airflow/example_dags/example_latest_only_with_trigger.py took 0.053 seconds
[2024-02-16T16:23:22.216+0000] {processor.py:161} INFO - Started process (PID=412) to work on /home/airflow/.local/lib/python3.8/site-packages/airflow/example_dags/example_latest_only_with_trigger.py
[2024-02-16T16:23:22.217+0000] {processor.py:830} INFO - Processing file /home/airflow/.local/lib/python3.8/site-packages/airflow/example_dags/example_latest_only_with_trigger.py for tasks to queue
[2024-02-16T16:23:22.218+0000] {logging_mixin.py:188} INFO - [2024-02-16T16:23:22.218+0000] {dagbag.py:538} INFO - Filling up the DagBag from /home/airflow/.local/lib/python3.8/site-packages/airflow/example_dags/example_latest_only_with_trigger.py
[2024-02-16T16:23:22.221+0000] {processor.py:840} INFO - DAG(s) 'latest_only_with_trigger' retrieved from /home/airflow/.local/lib/python3.8/site-packages/airflow/example_dags/example_latest_only_with_trigger.py
[2024-02-16T16:23:22.235+0000] {logging_mixin.py:188} INFO - [2024-02-16T16:23:22.235+0000] {dag.py:3036} INFO - Sync 1 DAGs
[2024-02-16T16:23:22.250+0000] {logging_mixin.py:188} INFO - [2024-02-16T16:23:22.250+0000] {dag.py:3823} INFO - Setting next_dagrun for latest_only_with_trigger to 2024-02-16 12:00:00+00:00, run_after=2024-02-16 16:00:00+00:00
[2024-02-16T16:23:22.262+0000] {processor.py:183} INFO - Processing /home/airflow/.local/lib/python3.8/site-packages/airflow/example_dags/example_latest_only_with_trigger.py took 0.047 seconds
[2024-02-16T16:23:52.456+0000] {processor.py:161} INFO - Started process (PID=467) to work on /home/airflow/.local/lib/python3.8/site-packages/airflow/example_dags/example_latest_only_with_trigger.py
[2024-02-16T16:23:52.457+0000] {processor.py:830} INFO - Processing file /home/airflow/.local/lib/python3.8/site-packages/airflow/example_dags/example_latest_only_with_trigger.py for tasks to queue
[2024-02-16T16:23:52.458+0000] {logging_mixin.py:188} INFO - [2024-02-16T16:23:52.458+0000] {dagbag.py:538} INFO - Filling up the DagBag from /home/airflow/.local/lib/python3.8/site-packages/airflow/example_dags/example_latest_only_with_trigger.py
[2024-02-16T16:23:52.462+0000] {processor.py:840} INFO - DAG(s) 'latest_only_with_trigger' retrieved from /home/airflow/.local/lib/python3.8/site-packages/airflow/example_dags/example_latest_only_with_trigger.py
[2024-02-16T16:23:52.477+0000] {logging_mixin.py:188} INFO - [2024-02-16T16:23:52.477+0000] {dag.py:3036} INFO - Sync 1 DAGs
[2024-02-16T16:23:52.493+0000] {logging_mixin.py:188} INFO - [2024-02-16T16:23:52.493+0000] {dag.py:3823} INFO - Setting next_dagrun for latest_only_with_trigger to 2024-02-16 12:00:00+00:00, run_after=2024-02-16 16:00:00+00:00
[2024-02-16T16:23:52.507+0000] {processor.py:183} INFO - Processing /home/airflow/.local/lib/python3.8/site-packages/airflow/example_dags/example_latest_only_with_trigger.py took 0.053 seconds
[2024-02-16T16:24:22.749+0000] {processor.py:161} INFO - Started process (PID=522) to work on /home/airflow/.local/lib/python3.8/site-packages/airflow/example_dags/example_latest_only_with_trigger.py
[2024-02-16T16:24:22.750+0000] {processor.py:830} INFO - Processing file /home/airflow/.local/lib/python3.8/site-packages/airflow/example_dags/example_latest_only_with_trigger.py for tasks to queue
[2024-02-16T16:24:22.751+0000] {logging_mixin.py:188} INFO - [2024-02-16T16:24:22.750+0000] {dagbag.py:538} INFO - Filling up the DagBag from /home/airflow/.local/lib/python3.8/site-packages/airflow/example_dags/example_latest_only_with_trigger.py
[2024-02-16T16:24:22.754+0000] {processor.py:840} INFO - DAG(s) 'latest_only_with_trigger' retrieved from /home/airflow/.local/lib/python3.8/site-packages/airflow/example_dags/example_latest_only_with_trigger.py
[2024-02-16T16:24:22.769+0000] {logging_mixin.py:188} INFO - [2024-02-16T16:24:22.769+0000] {dag.py:3036} INFO - Sync 1 DAGs
[2024-02-16T16:24:22.785+0000] {logging_mixin.py:188} INFO - [2024-02-16T16:24:22.784+0000] {dag.py:3823} INFO - Setting next_dagrun for latest_only_with_trigger to 2024-02-16 12:00:00+00:00, run_after=2024-02-16 16:00:00+00:00
[2024-02-16T16:24:22.800+0000] {processor.py:183} INFO - Processing /home/airflow/.local/lib/python3.8/site-packages/airflow/example_dags/example_latest_only_with_trigger.py took 0.053 seconds
[2024-02-16T16:24:52.969+0000] {processor.py:161} INFO - Started process (PID=577) to work on /home/airflow/.local/lib/python3.8/site-packages/airflow/example_dags/example_latest_only_with_trigger.py
[2024-02-16T16:24:52.970+0000] {processor.py:830} INFO - Processing file /home/airflow/.local/lib/python3.8/site-packages/airflow/example_dags/example_latest_only_with_trigger.py for tasks to queue
[2024-02-16T16:24:52.971+0000] {logging_mixin.py:188} INFO - [2024-02-16T16:24:52.971+0000] {dagbag.py:538} INFO - Filling up the DagBag from /home/airflow/.local/lib/python3.8/site-packages/airflow/example_dags/example_latest_only_with_trigger.py
[2024-02-16T16:24:52.974+0000] {processor.py:840} INFO - DAG(s) 'latest_only_with_trigger' retrieved from /home/airflow/.local/lib/python3.8/site-packages/airflow/example_dags/example_latest_only_with_trigger.py
[2024-02-16T16:24:52.988+0000] {logging_mixin.py:188} INFO - [2024-02-16T16:24:52.988+0000] {dag.py:3036} INFO - Sync 1 DAGs
[2024-02-16T16:24:53.003+0000] {logging_mixin.py:188} INFO - [2024-02-16T16:24:53.003+0000] {dag.py:3823} INFO - Setting next_dagrun for latest_only_with_trigger to 2024-02-16 12:00:00+00:00, run_after=2024-02-16 16:00:00+00:00
[2024-02-16T16:24:53.016+0000] {processor.py:183} INFO - Processing /home/airflow/.local/lib/python3.8/site-packages/airflow/example_dags/example_latest_only_with_trigger.py took 0.048 seconds
[2024-02-16T16:25:23.273+0000] {processor.py:161} INFO - Started process (PID=632) to work on /home/airflow/.local/lib/python3.8/site-packages/airflow/example_dags/example_latest_only_with_trigger.py
[2024-02-16T16:25:23.273+0000] {processor.py:830} INFO - Processing file /home/airflow/.local/lib/python3.8/site-packages/airflow/example_dags/example_latest_only_with_trigger.py for tasks to queue
[2024-02-16T16:25:23.275+0000] {logging_mixin.py:188} INFO - [2024-02-16T16:25:23.275+0000] {dagbag.py:538} INFO - Filling up the DagBag from /home/airflow/.local/lib/python3.8/site-packages/airflow/example_dags/example_latest_only_with_trigger.py
[2024-02-16T16:25:23.279+0000] {processor.py:840} INFO - DAG(s) 'latest_only_with_trigger' retrieved from /home/airflow/.local/lib/python3.8/site-packages/airflow/example_dags/example_latest_only_with_trigger.py
[2024-02-16T16:25:23.295+0000] {logging_mixin.py:188} INFO - [2024-02-16T16:25:23.295+0000] {dag.py:3036} INFO - Sync 1 DAGs
[2024-02-16T16:25:23.314+0000] {logging_mixin.py:188} INFO - [2024-02-16T16:25:23.314+0000] {dag.py:3823} INFO - Setting next_dagrun for latest_only_with_trigger to 2024-02-16 12:00:00+00:00, run_after=2024-02-16 16:00:00+00:00
[2024-02-16T16:25:23.332+0000] {processor.py:183} INFO - Processing /home/airflow/.local/lib/python3.8/site-packages/airflow/example_dags/example_latest_only_with_trigger.py took 0.061 seconds
[2024-02-16T16:25:53.372+0000] {processor.py:161} INFO - Started process (PID=687) to work on /home/airflow/.local/lib/python3.8/site-packages/airflow/example_dags/example_latest_only_with_trigger.py
[2024-02-16T16:25:53.373+0000] {processor.py:830} INFO - Processing file /home/airflow/.local/lib/python3.8/site-packages/airflow/example_dags/example_latest_only_with_trigger.py for tasks to queue
[2024-02-16T16:25:53.374+0000] {logging_mixin.py:188} INFO - [2024-02-16T16:25:53.374+0000] {dagbag.py:538} INFO - Filling up the DagBag from /home/airflow/.local/lib/python3.8/site-packages/airflow/example_dags/example_latest_only_with_trigger.py
[2024-02-16T16:25:53.377+0000] {processor.py:840} INFO - DAG(s) 'latest_only_with_trigger' retrieved from /home/airflow/.local/lib/python3.8/site-packages/airflow/example_dags/example_latest_only_with_trigger.py
[2024-02-16T16:25:53.392+0000] {logging_mixin.py:188} INFO - [2024-02-16T16:25:53.392+0000] {dag.py:3036} INFO - Sync 1 DAGs
[2024-02-16T16:25:53.409+0000] {logging_mixin.py:188} INFO - [2024-02-16T16:25:53.408+0000] {dag.py:3823} INFO - Setting next_dagrun for latest_only_with_trigger to 2024-02-16 12:00:00+00:00, run_after=2024-02-16 16:00:00+00:00
[2024-02-16T16:25:53.423+0000] {processor.py:183} INFO - Processing /home/airflow/.local/lib/python3.8/site-packages/airflow/example_dags/example_latest_only_with_trigger.py took 0.052 seconds
[2024-02-16T16:26:23.663+0000] {processor.py:161} INFO - Started process (PID=742) to work on /home/airflow/.local/lib/python3.8/site-packages/airflow/example_dags/example_latest_only_with_trigger.py
[2024-02-16T16:26:23.663+0000] {processor.py:830} INFO - Processing file /home/airflow/.local/lib/python3.8/site-packages/airflow/example_dags/example_latest_only_with_trigger.py for tasks to queue
[2024-02-16T16:26:23.664+0000] {logging_mixin.py:188} INFO - [2024-02-16T16:26:23.664+0000] {dagbag.py:538} INFO - Filling up the DagBag from /home/airflow/.local/lib/python3.8/site-packages/airflow/example_dags/example_latest_only_with_trigger.py
[2024-02-16T16:26:23.669+0000] {processor.py:840} INFO - DAG(s) 'latest_only_with_trigger' retrieved from /home/airflow/.local/lib/python3.8/site-packages/airflow/example_dags/example_latest_only_with_trigger.py
[2024-02-16T16:26:23.684+0000] {logging_mixin.py:188} INFO - [2024-02-16T16:26:23.683+0000] {dag.py:3036} INFO - Sync 1 DAGs
[2024-02-16T16:26:23.699+0000] {logging_mixin.py:188} INFO - [2024-02-16T16:26:23.699+0000] {dag.py:3823} INFO - Setting next_dagrun for latest_only_with_trigger to 2024-02-16 12:00:00+00:00, run_after=2024-02-16 16:00:00+00:00
[2024-02-16T16:26:23.714+0000] {processor.py:183} INFO - Processing /home/airflow/.local/lib/python3.8/site-packages/airflow/example_dags/example_latest_only_with_trigger.py took 0.053 seconds
[2024-02-16T16:26:54.078+0000] {processor.py:161} INFO - Started process (PID=797) to work on /home/airflow/.local/lib/python3.8/site-packages/airflow/example_dags/example_latest_only_with_trigger.py
[2024-02-16T16:26:54.078+0000] {processor.py:830} INFO - Processing file /home/airflow/.local/lib/python3.8/site-packages/airflow/example_dags/example_latest_only_with_trigger.py for tasks to queue
[2024-02-16T16:26:54.080+0000] {logging_mixin.py:188} INFO - [2024-02-16T16:26:54.080+0000] {dagbag.py:538} INFO - Filling up the DagBag from /home/airflow/.local/lib/python3.8/site-packages/airflow/example_dags/example_latest_only_with_trigger.py
[2024-02-16T16:26:54.084+0000] {processor.py:840} INFO - DAG(s) 'latest_only_with_trigger' retrieved from /home/airflow/.local/lib/python3.8/site-packages/airflow/example_dags/example_latest_only_with_trigger.py
[2024-02-16T16:26:54.100+0000] {logging_mixin.py:188} INFO - [2024-02-16T16:26:54.099+0000] {dag.py:3036} INFO - Sync 1 DAGs
[2024-02-16T16:26:54.116+0000] {logging_mixin.py:188} INFO - [2024-02-16T16:26:54.116+0000] {dag.py:3823} INFO - Setting next_dagrun for latest_only_with_trigger to 2024-02-16 12:00:00+00:00, run_after=2024-02-16 16:00:00+00:00
[2024-02-16T16:26:54.134+0000] {processor.py:183} INFO - Processing /home/airflow/.local/lib/python3.8/site-packages/airflow/example_dags/example_latest_only_with_trigger.py took 0.058 seconds
[2024-02-16T16:27:24.182+0000] {processor.py:161} INFO - Started process (PID=852) to work on /home/airflow/.local/lib/python3.8/site-packages/airflow/example_dags/example_latest_only_with_trigger.py
[2024-02-16T16:27:24.183+0000] {processor.py:830} INFO - Processing file /home/airflow/.local/lib/python3.8/site-packages/airflow/example_dags/example_latest_only_with_trigger.py for tasks to queue
[2024-02-16T16:27:24.184+0000] {logging_mixin.py:188} INFO - [2024-02-16T16:27:24.184+0000] {dagbag.py:538} INFO - Filling up the DagBag from /home/airflow/.local/lib/python3.8/site-packages/airflow/example_dags/example_latest_only_with_trigger.py
[2024-02-16T16:27:24.188+0000] {processor.py:840} INFO - DAG(s) 'latest_only_with_trigger' retrieved from /home/airflow/.local/lib/python3.8/site-packages/airflow/example_dags/example_latest_only_with_trigger.py
[2024-02-16T16:27:24.204+0000] {logging_mixin.py:188} INFO - [2024-02-16T16:27:24.204+0000] {dag.py:3036} INFO - Sync 1 DAGs
[2024-02-16T16:27:24.221+0000] {logging_mixin.py:188} INFO - [2024-02-16T16:27:24.221+0000] {dag.py:3823} INFO - Setting next_dagrun for latest_only_with_trigger to 2024-02-16 12:00:00+00:00, run_after=2024-02-16 16:00:00+00:00
[2024-02-16T16:27:24.238+0000] {processor.py:183} INFO - Processing /home/airflow/.local/lib/python3.8/site-packages/airflow/example_dags/example_latest_only_with_trigger.py took 0.058 seconds
[2024-02-16T16:27:55.185+0000] {processor.py:161} INFO - Started process (PID=907) to work on /home/airflow/.local/lib/python3.8/site-packages/airflow/example_dags/example_latest_only_with_trigger.py
[2024-02-16T16:27:55.186+0000] {processor.py:830} INFO - Processing file /home/airflow/.local/lib/python3.8/site-packages/airflow/example_dags/example_latest_only_with_trigger.py for tasks to queue
[2024-02-16T16:27:55.187+0000] {logging_mixin.py:188} INFO - [2024-02-16T16:27:55.187+0000] {dagbag.py:538} INFO - Filling up the DagBag from /home/airflow/.local/lib/python3.8/site-packages/airflow/example_dags/example_latest_only_with_trigger.py
[2024-02-16T16:27:55.190+0000] {processor.py:840} INFO - DAG(s) 'latest_only_with_trigger' retrieved from /home/airflow/.local/lib/python3.8/site-packages/airflow/example_dags/example_latest_only_with_trigger.py
[2024-02-16T16:27:55.205+0000] {logging_mixin.py:188} INFO - [2024-02-16T16:27:55.205+0000] {dag.py:3036} INFO - Sync 1 DAGs
[2024-02-16T16:27:55.222+0000] {logging_mixin.py:188} INFO - [2024-02-16T16:27:55.222+0000] {dag.py:3823} INFO - Setting next_dagrun for latest_only_with_trigger to 2024-02-16 12:00:00+00:00, run_after=2024-02-16 16:00:00+00:00
[2024-02-16T16:27:55.237+0000] {processor.py:183} INFO - Processing /home/airflow/.local/lib/python3.8/site-packages/airflow/example_dags/example_latest_only_with_trigger.py took 0.054 seconds
[2024-02-16T16:28:25.521+0000] {processor.py:161} INFO - Started process (PID=962) to work on /home/airflow/.local/lib/python3.8/site-packages/airflow/example_dags/example_latest_only_with_trigger.py
[2024-02-16T16:28:25.522+0000] {processor.py:830} INFO - Processing file /home/airflow/.local/lib/python3.8/site-packages/airflow/example_dags/example_latest_only_with_trigger.py for tasks to queue
[2024-02-16T16:28:25.523+0000] {logging_mixin.py:188} INFO - [2024-02-16T16:28:25.523+0000] {dagbag.py:538} INFO - Filling up the DagBag from /home/airflow/.local/lib/python3.8/site-packages/airflow/example_dags/example_latest_only_with_trigger.py
[2024-02-16T16:28:25.527+0000] {processor.py:840} INFO - DAG(s) 'latest_only_with_trigger' retrieved from /home/airflow/.local/lib/python3.8/site-packages/airflow/example_dags/example_latest_only_with_trigger.py
[2024-02-16T16:28:25.542+0000] {logging_mixin.py:188} INFO - [2024-02-16T16:28:25.542+0000] {dag.py:3036} INFO - Sync 1 DAGs
[2024-02-16T16:28:25.558+0000] {logging_mixin.py:188} INFO - [2024-02-16T16:28:25.558+0000] {dag.py:3823} INFO - Setting next_dagrun for latest_only_with_trigger to 2024-02-16 12:00:00+00:00, run_after=2024-02-16 16:00:00+00:00
[2024-02-16T16:28:25.571+0000] {processor.py:183} INFO - Processing /home/airflow/.local/lib/python3.8/site-packages/airflow/example_dags/example_latest_only_with_trigger.py took 0.052 seconds
[2024-02-16T16:28:55.687+0000] {processor.py:161} INFO - Started process (PID=1017) to work on /home/airflow/.local/lib/python3.8/site-packages/airflow/example_dags/example_latest_only_with_trigger.py
[2024-02-16T16:28:55.688+0000] {processor.py:830} INFO - Processing file /home/airflow/.local/lib/python3.8/site-packages/airflow/example_dags/example_latest_only_with_trigger.py for tasks to queue
[2024-02-16T16:28:55.689+0000] {logging_mixin.py:188} INFO - [2024-02-16T16:28:55.689+0000] {dagbag.py:538} INFO - Filling up the DagBag from /home/airflow/.local/lib/python3.8/site-packages/airflow/example_dags/example_latest_only_with_trigger.py
[2024-02-16T16:28:55.692+0000] {processor.py:840} INFO - DAG(s) 'latest_only_with_trigger' retrieved from /home/airflow/.local/lib/python3.8/site-packages/airflow/example_dags/example_latest_only_with_trigger.py
[2024-02-16T16:28:55.706+0000] {logging_mixin.py:188} INFO - [2024-02-16T16:28:55.706+0000] {dag.py:3036} INFO - Sync 1 DAGs
[2024-02-16T16:28:55.720+0000] {logging_mixin.py:188} INFO - [2024-02-16T16:28:55.720+0000] {dag.py:3823} INFO - Setting next_dagrun for latest_only_with_trigger to 2024-02-16 12:00:00+00:00, run_after=2024-02-16 16:00:00+00:00
[2024-02-16T16:28:55.736+0000] {processor.py:183} INFO - Processing /home/airflow/.local/lib/python3.8/site-packages/airflow/example_dags/example_latest_only_with_trigger.py took 0.050 seconds
[2024-02-16T16:29:25.775+0000] {processor.py:161} INFO - Started process (PID=1072) to work on /home/airflow/.local/lib/python3.8/site-packages/airflow/example_dags/example_latest_only_with_trigger.py
[2024-02-16T16:29:25.776+0000] {processor.py:830} INFO - Processing file /home/airflow/.local/lib/python3.8/site-packages/airflow/example_dags/example_latest_only_with_trigger.py for tasks to queue
[2024-02-16T16:29:25.777+0000] {logging_mixin.py:188} INFO - [2024-02-16T16:29:25.777+0000] {dagbag.py:538} INFO - Filling up the DagBag from /home/airflow/.local/lib/python3.8/site-packages/airflow/example_dags/example_latest_only_with_trigger.py
[2024-02-16T16:29:25.781+0000] {processor.py:840} INFO - DAG(s) 'latest_only_with_trigger' retrieved from /home/airflow/.local/lib/python3.8/site-packages/airflow/example_dags/example_latest_only_with_trigger.py
[2024-02-16T16:29:25.799+0000] {logging_mixin.py:188} INFO - [2024-02-16T16:29:25.799+0000] {dag.py:3036} INFO - Sync 1 DAGs
[2024-02-16T16:29:25.819+0000] {logging_mixin.py:188} INFO - [2024-02-16T16:29:25.819+0000] {dag.py:3823} INFO - Setting next_dagrun for latest_only_with_trigger to 2024-02-16 12:00:00+00:00, run_after=2024-02-16 16:00:00+00:00
[2024-02-16T16:29:25.838+0000] {processor.py:183} INFO - Processing /home/airflow/.local/lib/python3.8/site-packages/airflow/example_dags/example_latest_only_with_trigger.py took 0.065 seconds
[2024-02-16T16:29:56.212+0000] {processor.py:161} INFO - Started process (PID=1127) to work on /home/airflow/.local/lib/python3.8/site-packages/airflow/example_dags/example_latest_only_with_trigger.py
[2024-02-16T16:29:56.213+0000] {processor.py:830} INFO - Processing file /home/airflow/.local/lib/python3.8/site-packages/airflow/example_dags/example_latest_only_with_trigger.py for tasks to queue
[2024-02-16T16:29:56.214+0000] {logging_mixin.py:188} INFO - [2024-02-16T16:29:56.214+0000] {dagbag.py:538} INFO - Filling up the DagBag from /home/airflow/.local/lib/python3.8/site-packages/airflow/example_dags/example_latest_only_with_trigger.py
[2024-02-16T16:29:56.219+0000] {processor.py:840} INFO - DAG(s) 'latest_only_with_trigger' retrieved from /home/airflow/.local/lib/python3.8/site-packages/airflow/example_dags/example_latest_only_with_trigger.py
[2024-02-16T16:29:56.234+0000] {logging_mixin.py:188} INFO - [2024-02-16T16:29:56.234+0000] {dag.py:3036} INFO - Sync 1 DAGs
[2024-02-16T16:29:56.253+0000] {logging_mixin.py:188} INFO - [2024-02-16T16:29:56.253+0000] {dag.py:3823} INFO - Setting next_dagrun for latest_only_with_trigger to 2024-02-16 12:00:00+00:00, run_after=2024-02-16 16:00:00+00:00
[2024-02-16T16:29:56.267+0000] {processor.py:183} INFO - Processing /home/airflow/.local/lib/python3.8/site-packages/airflow/example_dags/example_latest_only_with_trigger.py took 0.057 seconds
[2024-02-16T16:30:26.966+0000] {processor.py:161} INFO - Started process (PID=1183) to work on /home/airflow/.local/lib/python3.8/site-packages/airflow/example_dags/example_latest_only_with_trigger.py
[2024-02-16T16:30:26.967+0000] {processor.py:830} INFO - Processing file /home/airflow/.local/lib/python3.8/site-packages/airflow/example_dags/example_latest_only_with_trigger.py for tasks to queue
[2024-02-16T16:30:26.968+0000] {logging_mixin.py:188} INFO - [2024-02-16T16:30:26.968+0000] {dagbag.py:538} INFO - Filling up the DagBag from /home/airflow/.local/lib/python3.8/site-packages/airflow/example_dags/example_latest_only_with_trigger.py
[2024-02-16T16:30:26.971+0000] {processor.py:840} INFO - DAG(s) 'latest_only_with_trigger' retrieved from /home/airflow/.local/lib/python3.8/site-packages/airflow/example_dags/example_latest_only_with_trigger.py
[2024-02-16T16:30:26.985+0000] {logging_mixin.py:188} INFO - [2024-02-16T16:30:26.985+0000] {dag.py:3036} INFO - Sync 1 DAGs
[2024-02-16T16:30:27.000+0000] {logging_mixin.py:188} INFO - [2024-02-16T16:30:27.000+0000] {dag.py:3823} INFO - Setting next_dagrun for latest_only_with_trigger to 2024-02-16 12:00:00+00:00, run_after=2024-02-16 16:00:00+00:00
[2024-02-16T16:30:27.013+0000] {processor.py:183} INFO - Processing /home/airflow/.local/lib/python3.8/site-packages/airflow/example_dags/example_latest_only_with_trigger.py took 0.049 seconds
[2024-02-16T16:31:27.866+0000] {processor.py:161} INFO - Started process (PID=83) to work on /home/airflow/.local/lib/python3.8/site-packages/airflow/example_dags/example_latest_only_with_trigger.py
[2024-02-16T16:31:27.867+0000] {processor.py:830} INFO - Processing file /home/airflow/.local/lib/python3.8/site-packages/airflow/example_dags/example_latest_only_with_trigger.py for tasks to queue
[2024-02-16T16:31:27.868+0000] {logging_mixin.py:188} INFO - [2024-02-16T16:31:27.868+0000] {dagbag.py:538} INFO - Filling up the DagBag from /home/airflow/.local/lib/python3.8/site-packages/airflow/example_dags/example_latest_only_with_trigger.py
[2024-02-16T16:31:27.874+0000] {processor.py:840} INFO - DAG(s) 'latest_only_with_trigger' retrieved from /home/airflow/.local/lib/python3.8/site-packages/airflow/example_dags/example_latest_only_with_trigger.py
[2024-02-16T16:31:27.883+0000] {logging_mixin.py:188} INFO - [2024-02-16T16:31:27.882+0000] {dag.py:3036} INFO - Sync 1 DAGs
[2024-02-16T16:31:27.901+0000] {logging_mixin.py:188} INFO - [2024-02-16T16:31:27.901+0000] {dag.py:3823} INFO - Setting next_dagrun for latest_only_with_trigger to 2024-02-16 12:00:00+00:00, run_after=2024-02-16 16:00:00+00:00
[2024-02-16T16:31:27.918+0000] {processor.py:183} INFO - Processing /home/airflow/.local/lib/python3.8/site-packages/airflow/example_dags/example_latest_only_with_trigger.py took 0.054 seconds
[2024-02-16T16:31:59.603+0000] {processor.py:161} INFO - Started process (PID=139) to work on /home/airflow/.local/lib/python3.8/site-packages/airflow/example_dags/example_latest_only_with_trigger.py
[2024-02-16T16:31:59.604+0000] {processor.py:830} INFO - Processing file /home/airflow/.local/lib/python3.8/site-packages/airflow/example_dags/example_latest_only_with_trigger.py for tasks to queue
[2024-02-16T16:31:59.605+0000] {logging_mixin.py:188} INFO - [2024-02-16T16:31:59.605+0000] {dagbag.py:538} INFO - Filling up the DagBag from /home/airflow/.local/lib/python3.8/site-packages/airflow/example_dags/example_latest_only_with_trigger.py
[2024-02-16T16:31:59.608+0000] {processor.py:840} INFO - DAG(s) 'latest_only_with_trigger' retrieved from /home/airflow/.local/lib/python3.8/site-packages/airflow/example_dags/example_latest_only_with_trigger.py
[2024-02-16T16:31:59.681+0000] {logging_mixin.py:188} INFO - [2024-02-16T16:31:59.681+0000] {dag.py:3036} INFO - Sync 1 DAGs
[2024-02-16T16:31:59.695+0000] {logging_mixin.py:188} INFO - [2024-02-16T16:31:59.694+0000] {dag.py:3823} INFO - Setting next_dagrun for latest_only_with_trigger to 2024-02-16 12:00:00+00:00, run_after=2024-02-16 16:00:00+00:00
[2024-02-16T16:31:59.708+0000] {processor.py:183} INFO - Processing /home/airflow/.local/lib/python3.8/site-packages/airflow/example_dags/example_latest_only_with_trigger.py took 0.107 seconds
[2024-02-16T16:32:30.678+0000] {processor.py:161} INFO - Started process (PID=195) to work on /home/airflow/.local/lib/python3.8/site-packages/airflow/example_dags/example_latest_only_with_trigger.py
[2024-02-16T16:32:30.678+0000] {processor.py:830} INFO - Processing file /home/airflow/.local/lib/python3.8/site-packages/airflow/example_dags/example_latest_only_with_trigger.py for tasks to queue
[2024-02-16T16:32:30.679+0000] {logging_mixin.py:188} INFO - [2024-02-16T16:32:30.679+0000] {dagbag.py:538} INFO - Filling up the DagBag from /home/airflow/.local/lib/python3.8/site-packages/airflow/example_dags/example_latest_only_with_trigger.py
[2024-02-16T16:32:30.683+0000] {processor.py:840} INFO - DAG(s) 'latest_only_with_trigger' retrieved from /home/airflow/.local/lib/python3.8/site-packages/airflow/example_dags/example_latest_only_with_trigger.py
[2024-02-16T16:32:30.697+0000] {logging_mixin.py:188} INFO - [2024-02-16T16:32:30.696+0000] {dag.py:3036} INFO - Sync 1 DAGs
[2024-02-16T16:32:30.711+0000] {logging_mixin.py:188} INFO - [2024-02-16T16:32:30.711+0000] {dag.py:3823} INFO - Setting next_dagrun for latest_only_with_trigger to 2024-02-16 12:00:00+00:00, run_after=2024-02-16 16:00:00+00:00
[2024-02-16T16:32:30.723+0000] {processor.py:183} INFO - Processing /home/airflow/.local/lib/python3.8/site-packages/airflow/example_dags/example_latest_only_with_trigger.py took 0.048 seconds
[2024-02-16T16:33:00.876+0000] {processor.py:161} INFO - Started process (PID=251) to work on /home/airflow/.local/lib/python3.8/site-packages/airflow/example_dags/example_latest_only_with_trigger.py
[2024-02-16T16:33:00.876+0000] {processor.py:830} INFO - Processing file /home/airflow/.local/lib/python3.8/site-packages/airflow/example_dags/example_latest_only_with_trigger.py for tasks to queue
[2024-02-16T16:33:00.878+0000] {logging_mixin.py:188} INFO - [2024-02-16T16:33:00.877+0000] {dagbag.py:538} INFO - Filling up the DagBag from /home/airflow/.local/lib/python3.8/site-packages/airflow/example_dags/example_latest_only_with_trigger.py
[2024-02-16T16:33:00.881+0000] {processor.py:840} INFO - DAG(s) 'latest_only_with_trigger' retrieved from /home/airflow/.local/lib/python3.8/site-packages/airflow/example_dags/example_latest_only_with_trigger.py
[2024-02-16T16:33:00.895+0000] {logging_mixin.py:188} INFO - [2024-02-16T16:33:00.895+0000] {dag.py:3036} INFO - Sync 1 DAGs
[2024-02-16T16:33:00.910+0000] {logging_mixin.py:188} INFO - [2024-02-16T16:33:00.910+0000] {dag.py:3823} INFO - Setting next_dagrun for latest_only_with_trigger to 2024-02-16 12:00:00+00:00, run_after=2024-02-16 16:00:00+00:00
[2024-02-16T16:33:00.923+0000] {processor.py:183} INFO - Processing /home/airflow/.local/lib/python3.8/site-packages/airflow/example_dags/example_latest_only_with_trigger.py took 0.049 seconds
[2024-02-16T16:33:31.104+0000] {processor.py:161} INFO - Started process (PID=307) to work on /home/airflow/.local/lib/python3.8/site-packages/airflow/example_dags/example_latest_only_with_trigger.py
[2024-02-16T16:33:31.104+0000] {processor.py:830} INFO - Processing file /home/airflow/.local/lib/python3.8/site-packages/airflow/example_dags/example_latest_only_with_trigger.py for tasks to queue
[2024-02-16T16:33:31.106+0000] {logging_mixin.py:188} INFO - [2024-02-16T16:33:31.106+0000] {dagbag.py:538} INFO - Filling up the DagBag from /home/airflow/.local/lib/python3.8/site-packages/airflow/example_dags/example_latest_only_with_trigger.py
[2024-02-16T16:33:31.111+0000] {processor.py:840} INFO - DAG(s) 'latest_only_with_trigger' retrieved from /home/airflow/.local/lib/python3.8/site-packages/airflow/example_dags/example_latest_only_with_trigger.py
[2024-02-16T16:33:31.127+0000] {logging_mixin.py:188} INFO - [2024-02-16T16:33:31.127+0000] {dag.py:3036} INFO - Sync 1 DAGs
[2024-02-16T16:33:31.144+0000] {logging_mixin.py:188} INFO - [2024-02-16T16:33:31.144+0000] {dag.py:3823} INFO - Setting next_dagrun for latest_only_with_trigger to 2024-02-16 12:00:00+00:00, run_after=2024-02-16 16:00:00+00:00
[2024-02-16T16:33:31.158+0000] {processor.py:183} INFO - Processing /home/airflow/.local/lib/python3.8/site-packages/airflow/example_dags/example_latest_only_with_trigger.py took 0.056 seconds
[2024-02-16T16:34:01.294+0000] {processor.py:161} INFO - Started process (PID=363) to work on /home/airflow/.local/lib/python3.8/site-packages/airflow/example_dags/example_latest_only_with_trigger.py
[2024-02-16T16:34:01.295+0000] {processor.py:830} INFO - Processing file /home/airflow/.local/lib/python3.8/site-packages/airflow/example_dags/example_latest_only_with_trigger.py for tasks to queue
[2024-02-16T16:34:01.296+0000] {logging_mixin.py:188} INFO - [2024-02-16T16:34:01.296+0000] {dagbag.py:538} INFO - Filling up the DagBag from /home/airflow/.local/lib/python3.8/site-packages/airflow/example_dags/example_latest_only_with_trigger.py
[2024-02-16T16:34:01.300+0000] {processor.py:840} INFO - DAG(s) 'latest_only_with_trigger' retrieved from /home/airflow/.local/lib/python3.8/site-packages/airflow/example_dags/example_latest_only_with_trigger.py
[2024-02-16T16:34:01.316+0000] {logging_mixin.py:188} INFO - [2024-02-16T16:34:01.316+0000] {dag.py:3036} INFO - Sync 1 DAGs
[2024-02-16T16:34:01.339+0000] {logging_mixin.py:188} INFO - [2024-02-16T16:34:01.338+0000] {dag.py:3823} INFO - Setting next_dagrun for latest_only_with_trigger to 2024-02-16 12:00:00+00:00, run_after=2024-02-16 16:00:00+00:00
[2024-02-16T16:34:01.361+0000] {processor.py:183} INFO - Processing /home/airflow/.local/lib/python3.8/site-packages/airflow/example_dags/example_latest_only_with_trigger.py took 0.069 seconds
[2024-02-16T16:34:31.523+0000] {processor.py:161} INFO - Started process (PID=419) to work on /home/airflow/.local/lib/python3.8/site-packages/airflow/example_dags/example_latest_only_with_trigger.py
[2024-02-16T16:34:31.523+0000] {processor.py:830} INFO - Processing file /home/airflow/.local/lib/python3.8/site-packages/airflow/example_dags/example_latest_only_with_trigger.py for tasks to queue
[2024-02-16T16:34:31.524+0000] {logging_mixin.py:188} INFO - [2024-02-16T16:34:31.524+0000] {dagbag.py:538} INFO - Filling up the DagBag from /home/airflow/.local/lib/python3.8/site-packages/airflow/example_dags/example_latest_only_with_trigger.py
[2024-02-16T16:34:31.528+0000] {processor.py:840} INFO - DAG(s) 'latest_only_with_trigger' retrieved from /home/airflow/.local/lib/python3.8/site-packages/airflow/example_dags/example_latest_only_with_trigger.py
[2024-02-16T16:34:31.542+0000] {logging_mixin.py:188} INFO - [2024-02-16T16:34:31.541+0000] {dag.py:3036} INFO - Sync 1 DAGs
[2024-02-16T16:34:31.556+0000] {logging_mixin.py:188} INFO - [2024-02-16T16:34:31.556+0000] {dag.py:3823} INFO - Setting next_dagrun for latest_only_with_trigger to 2024-02-16 12:00:00+00:00, run_after=2024-02-16 16:00:00+00:00
[2024-02-16T16:34:31.569+0000] {processor.py:183} INFO - Processing /home/airflow/.local/lib/python3.8/site-packages/airflow/example_dags/example_latest_only_with_trigger.py took 0.048 seconds
[2024-02-16T16:35:01.775+0000] {processor.py:161} INFO - Started process (PID=475) to work on /home/airflow/.local/lib/python3.8/site-packages/airflow/example_dags/example_latest_only_with_trigger.py
[2024-02-16T16:35:01.776+0000] {processor.py:830} INFO - Processing file /home/airflow/.local/lib/python3.8/site-packages/airflow/example_dags/example_latest_only_with_trigger.py for tasks to queue
[2024-02-16T16:35:01.777+0000] {logging_mixin.py:188} INFO - [2024-02-16T16:35:01.777+0000] {dagbag.py:538} INFO - Filling up the DagBag from /home/airflow/.local/lib/python3.8/site-packages/airflow/example_dags/example_latest_only_with_trigger.py
[2024-02-16T16:35:01.780+0000] {processor.py:840} INFO - DAG(s) 'latest_only_with_trigger' retrieved from /home/airflow/.local/lib/python3.8/site-packages/airflow/example_dags/example_latest_only_with_trigger.py
[2024-02-16T16:35:01.795+0000] {logging_mixin.py:188} INFO - [2024-02-16T16:35:01.795+0000] {dag.py:3036} INFO - Sync 1 DAGs
[2024-02-16T16:35:01.810+0000] {logging_mixin.py:188} INFO - [2024-02-16T16:35:01.810+0000] {dag.py:3823} INFO - Setting next_dagrun for latest_only_with_trigger to 2024-02-16 12:00:00+00:00, run_after=2024-02-16 16:00:00+00:00
[2024-02-16T16:35:01.824+0000] {processor.py:183} INFO - Processing /home/airflow/.local/lib/python3.8/site-packages/airflow/example_dags/example_latest_only_with_trigger.py took 0.051 seconds
[2024-02-16T16:35:31.984+0000] {processor.py:161} INFO - Started process (PID=531) to work on /home/airflow/.local/lib/python3.8/site-packages/airflow/example_dags/example_latest_only_with_trigger.py
[2024-02-16T16:35:31.985+0000] {processor.py:830} INFO - Processing file /home/airflow/.local/lib/python3.8/site-packages/airflow/example_dags/example_latest_only_with_trigger.py for tasks to queue
[2024-02-16T16:35:31.988+0000] {logging_mixin.py:188} INFO - [2024-02-16T16:35:31.987+0000] {dagbag.py:538} INFO - Filling up the DagBag from /home/airflow/.local/lib/python3.8/site-packages/airflow/example_dags/example_latest_only_with_trigger.py
[2024-02-16T16:35:31.992+0000] {processor.py:840} INFO - DAG(s) 'latest_only_with_trigger' retrieved from /home/airflow/.local/lib/python3.8/site-packages/airflow/example_dags/example_latest_only_with_trigger.py
[2024-02-16T16:35:32.007+0000] {logging_mixin.py:188} INFO - [2024-02-16T16:35:32.007+0000] {dag.py:3036} INFO - Sync 1 DAGs
[2024-02-16T16:35:32.023+0000] {logging_mixin.py:188} INFO - [2024-02-16T16:35:32.022+0000] {dag.py:3823} INFO - Setting next_dagrun for latest_only_with_trigger to 2024-02-16 12:00:00+00:00, run_after=2024-02-16 16:00:00+00:00
[2024-02-16T16:35:32.036+0000] {processor.py:183} INFO - Processing /home/airflow/.local/lib/python3.8/site-packages/airflow/example_dags/example_latest_only_with_trigger.py took 0.054 seconds
[2024-02-16T16:36:02.352+0000] {processor.py:161} INFO - Started process (PID=587) to work on /home/airflow/.local/lib/python3.8/site-packages/airflow/example_dags/example_latest_only_with_trigger.py
[2024-02-16T16:36:02.353+0000] {processor.py:830} INFO - Processing file /home/airflow/.local/lib/python3.8/site-packages/airflow/example_dags/example_latest_only_with_trigger.py for tasks to queue
[2024-02-16T16:36:02.354+0000] {logging_mixin.py:188} INFO - [2024-02-16T16:36:02.354+0000] {dagbag.py:538} INFO - Filling up the DagBag from /home/airflow/.local/lib/python3.8/site-packages/airflow/example_dags/example_latest_only_with_trigger.py
[2024-02-16T16:36:02.357+0000] {processor.py:840} INFO - DAG(s) 'latest_only_with_trigger' retrieved from /home/airflow/.local/lib/python3.8/site-packages/airflow/example_dags/example_latest_only_with_trigger.py
[2024-02-16T16:36:02.371+0000] {logging_mixin.py:188} INFO - [2024-02-16T16:36:02.371+0000] {dag.py:3036} INFO - Sync 1 DAGs
[2024-02-16T16:36:02.387+0000] {logging_mixin.py:188} INFO - [2024-02-16T16:36:02.387+0000] {dag.py:3823} INFO - Setting next_dagrun for latest_only_with_trigger to 2024-02-16 12:00:00+00:00, run_after=2024-02-16 16:00:00+00:00
[2024-02-16T16:36:02.400+0000] {processor.py:183} INFO - Processing /home/airflow/.local/lib/python3.8/site-packages/airflow/example_dags/example_latest_only_with_trigger.py took 0.050 seconds
[2024-02-16T16:36:32.417+0000] {processor.py:161} INFO - Started process (PID=642) to work on /home/airflow/.local/lib/python3.8/site-packages/airflow/example_dags/example_latest_only_with_trigger.py
[2024-02-16T16:36:32.418+0000] {processor.py:830} INFO - Processing file /home/airflow/.local/lib/python3.8/site-packages/airflow/example_dags/example_latest_only_with_trigger.py for tasks to queue
[2024-02-16T16:36:32.419+0000] {logging_mixin.py:188} INFO - [2024-02-16T16:36:32.419+0000] {dagbag.py:538} INFO - Filling up the DagBag from /home/airflow/.local/lib/python3.8/site-packages/airflow/example_dags/example_latest_only_with_trigger.py
[2024-02-16T16:36:32.423+0000] {processor.py:840} INFO - DAG(s) 'latest_only_with_trigger' retrieved from /home/airflow/.local/lib/python3.8/site-packages/airflow/example_dags/example_latest_only_with_trigger.py
[2024-02-16T16:36:32.438+0000] {logging_mixin.py:188} INFO - [2024-02-16T16:36:32.437+0000] {dag.py:3036} INFO - Sync 1 DAGs
[2024-02-16T16:36:32.455+0000] {logging_mixin.py:188} INFO - [2024-02-16T16:36:32.454+0000] {dag.py:3823} INFO - Setting next_dagrun for latest_only_with_trigger to 2024-02-16 12:00:00+00:00, run_after=2024-02-16 16:00:00+00:00
[2024-02-16T16:36:32.468+0000] {processor.py:183} INFO - Processing /home/airflow/.local/lib/python3.8/site-packages/airflow/example_dags/example_latest_only_with_trigger.py took 0.053 seconds
[2024-02-16T16:37:02.860+0000] {processor.py:161} INFO - Started process (PID=700) to work on /home/airflow/.local/lib/python3.8/site-packages/airflow/example_dags/example_latest_only_with_trigger.py
[2024-02-16T16:37:02.861+0000] {processor.py:830} INFO - Processing file /home/airflow/.local/lib/python3.8/site-packages/airflow/example_dags/example_latest_only_with_trigger.py for tasks to queue
[2024-02-16T16:37:02.862+0000] {logging_mixin.py:188} INFO - [2024-02-16T16:37:02.861+0000] {dagbag.py:538} INFO - Filling up the DagBag from /home/airflow/.local/lib/python3.8/site-packages/airflow/example_dags/example_latest_only_with_trigger.py
[2024-02-16T16:37:02.865+0000] {processor.py:840} INFO - DAG(s) 'latest_only_with_trigger' retrieved from /home/airflow/.local/lib/python3.8/site-packages/airflow/example_dags/example_latest_only_with_trigger.py
[2024-02-16T16:37:02.880+0000] {logging_mixin.py:188} INFO - [2024-02-16T16:37:02.879+0000] {dag.py:3036} INFO - Sync 1 DAGs
[2024-02-16T16:37:02.899+0000] {logging_mixin.py:188} INFO - [2024-02-16T16:37:02.899+0000] {dag.py:3823} INFO - Setting next_dagrun for latest_only_with_trigger to 2024-02-16 12:00:00+00:00, run_after=2024-02-16 16:00:00+00:00
[2024-02-16T16:37:02.914+0000] {processor.py:183} INFO - Processing /home/airflow/.local/lib/python3.8/site-packages/airflow/example_dags/example_latest_only_with_trigger.py took 0.056 seconds
[2024-02-16T16:37:33.207+0000] {processor.py:161} INFO - Started process (PID=757) to work on /home/airflow/.local/lib/python3.8/site-packages/airflow/example_dags/example_latest_only_with_trigger.py
[2024-02-16T16:37:33.207+0000] {processor.py:830} INFO - Processing file /home/airflow/.local/lib/python3.8/site-packages/airflow/example_dags/example_latest_only_with_trigger.py for tasks to queue
[2024-02-16T16:37:33.209+0000] {logging_mixin.py:188} INFO - [2024-02-16T16:37:33.208+0000] {dagbag.py:538} INFO - Filling up the DagBag from /home/airflow/.local/lib/python3.8/site-packages/airflow/example_dags/example_latest_only_with_trigger.py
[2024-02-16T16:37:33.213+0000] {processor.py:840} INFO - DAG(s) 'latest_only_with_trigger' retrieved from /home/airflow/.local/lib/python3.8/site-packages/airflow/example_dags/example_latest_only_with_trigger.py
[2024-02-16T16:37:33.228+0000] {logging_mixin.py:188} INFO - [2024-02-16T16:37:33.228+0000] {dag.py:3036} INFO - Sync 1 DAGs
[2024-02-16T16:37:33.246+0000] {logging_mixin.py:188} INFO - [2024-02-16T16:37:33.246+0000] {dag.py:3823} INFO - Setting next_dagrun for latest_only_with_trigger to 2024-02-16 12:00:00+00:00, run_after=2024-02-16 16:00:00+00:00
[2024-02-16T16:37:33.264+0000] {processor.py:183} INFO - Processing /home/airflow/.local/lib/python3.8/site-packages/airflow/example_dags/example_latest_only_with_trigger.py took 0.059 seconds
[2024-02-16T16:39:17.439+0000] {processor.py:161} INFO - Started process (PID=84) to work on /home/airflow/.local/lib/python3.8/site-packages/airflow/example_dags/example_latest_only_with_trigger.py
[2024-02-16T16:39:17.440+0000] {processor.py:830} INFO - Processing file /home/airflow/.local/lib/python3.8/site-packages/airflow/example_dags/example_latest_only_with_trigger.py for tasks to queue
[2024-02-16T16:39:17.441+0000] {logging_mixin.py:188} INFO - [2024-02-16T16:39:17.441+0000] {dagbag.py:538} INFO - Filling up the DagBag from /home/airflow/.local/lib/python3.8/site-packages/airflow/example_dags/example_latest_only_with_trigger.py
[2024-02-16T16:39:17.446+0000] {processor.py:840} INFO - DAG(s) 'latest_only_with_trigger' retrieved from /home/airflow/.local/lib/python3.8/site-packages/airflow/example_dags/example_latest_only_with_trigger.py
[2024-02-16T16:39:17.455+0000] {logging_mixin.py:188} INFO - [2024-02-16T16:39:17.454+0000] {dag.py:3036} INFO - Sync 1 DAGs
[2024-02-16T16:39:17.470+0000] {logging_mixin.py:188} INFO - [2024-02-16T16:39:17.470+0000] {dag.py:3823} INFO - Setting next_dagrun for latest_only_with_trigger to 2024-02-16 12:00:00+00:00, run_after=2024-02-16 16:00:00+00:00
[2024-02-16T16:39:17.485+0000] {processor.py:183} INFO - Processing /home/airflow/.local/lib/python3.8/site-packages/airflow/example_dags/example_latest_only_with_trigger.py took 0.048 seconds
[2024-02-16T16:39:48.655+0000] {processor.py:161} INFO - Started process (PID=141) to work on /home/airflow/.local/lib/python3.8/site-packages/airflow/example_dags/example_latest_only_with_trigger.py
[2024-02-16T16:39:48.656+0000] {processor.py:830} INFO - Processing file /home/airflow/.local/lib/python3.8/site-packages/airflow/example_dags/example_latest_only_with_trigger.py for tasks to queue
[2024-02-16T16:39:48.657+0000] {logging_mixin.py:188} INFO - [2024-02-16T16:39:48.656+0000] {dagbag.py:538} INFO - Filling up the DagBag from /home/airflow/.local/lib/python3.8/site-packages/airflow/example_dags/example_latest_only_with_trigger.py
[2024-02-16T16:39:48.661+0000] {processor.py:840} INFO - DAG(s) 'latest_only_with_trigger' retrieved from /home/airflow/.local/lib/python3.8/site-packages/airflow/example_dags/example_latest_only_with_trigger.py
[2024-02-16T16:39:48.733+0000] {logging_mixin.py:188} INFO - [2024-02-16T16:39:48.733+0000] {dag.py:3036} INFO - Sync 1 DAGs
[2024-02-16T16:39:48.750+0000] {logging_mixin.py:188} INFO - [2024-02-16T16:39:48.750+0000] {dag.py:3823} INFO - Setting next_dagrun for latest_only_with_trigger to 2024-02-16 12:00:00+00:00, run_after=2024-02-16 16:00:00+00:00
[2024-02-16T16:39:48.764+0000] {processor.py:183} INFO - Processing /home/airflow/.local/lib/python3.8/site-packages/airflow/example_dags/example_latest_only_with_trigger.py took 0.111 seconds
[2024-02-16T16:40:19.100+0000] {processor.py:161} INFO - Started process (PID=198) to work on /home/airflow/.local/lib/python3.8/site-packages/airflow/example_dags/example_latest_only_with_trigger.py
[2024-02-16T16:40:19.101+0000] {processor.py:830} INFO - Processing file /home/airflow/.local/lib/python3.8/site-packages/airflow/example_dags/example_latest_only_with_trigger.py for tasks to queue
[2024-02-16T16:40:19.102+0000] {logging_mixin.py:188} INFO - [2024-02-16T16:40:19.102+0000] {dagbag.py:538} INFO - Filling up the DagBag from /home/airflow/.local/lib/python3.8/site-packages/airflow/example_dags/example_latest_only_with_trigger.py
[2024-02-16T16:40:19.106+0000] {processor.py:840} INFO - DAG(s) 'latest_only_with_trigger' retrieved from /home/airflow/.local/lib/python3.8/site-packages/airflow/example_dags/example_latest_only_with_trigger.py
[2024-02-16T16:40:19.123+0000] {logging_mixin.py:188} INFO - [2024-02-16T16:40:19.123+0000] {dag.py:3036} INFO - Sync 1 DAGs
[2024-02-16T16:40:19.141+0000] {logging_mixin.py:188} INFO - [2024-02-16T16:40:19.141+0000] {dag.py:3823} INFO - Setting next_dagrun for latest_only_with_trigger to 2024-02-16 12:00:00+00:00, run_after=2024-02-16 16:00:00+00:00
[2024-02-16T16:40:19.159+0000] {processor.py:183} INFO - Processing /home/airflow/.local/lib/python3.8/site-packages/airflow/example_dags/example_latest_only_with_trigger.py took 0.061 seconds
[2024-02-16T16:40:49.550+0000] {processor.py:161} INFO - Started process (PID=255) to work on /home/airflow/.local/lib/python3.8/site-packages/airflow/example_dags/example_latest_only_with_trigger.py
[2024-02-16T16:40:49.550+0000] {processor.py:830} INFO - Processing file /home/airflow/.local/lib/python3.8/site-packages/airflow/example_dags/example_latest_only_with_trigger.py for tasks to queue
[2024-02-16T16:40:49.551+0000] {logging_mixin.py:188} INFO - [2024-02-16T16:40:49.551+0000] {dagbag.py:538} INFO - Filling up the DagBag from /home/airflow/.local/lib/python3.8/site-packages/airflow/example_dags/example_latest_only_with_trigger.py
[2024-02-16T16:40:49.555+0000] {processor.py:840} INFO - DAG(s) 'latest_only_with_trigger' retrieved from /home/airflow/.local/lib/python3.8/site-packages/airflow/example_dags/example_latest_only_with_trigger.py
[2024-02-16T16:40:49.569+0000] {logging_mixin.py:188} INFO - [2024-02-16T16:40:49.569+0000] {dag.py:3036} INFO - Sync 1 DAGs
[2024-02-16T16:40:49.584+0000] {logging_mixin.py:188} INFO - [2024-02-16T16:40:49.584+0000] {dag.py:3823} INFO - Setting next_dagrun for latest_only_with_trigger to 2024-02-16 12:00:00+00:00, run_after=2024-02-16 16:00:00+00:00
[2024-02-16T16:40:49.598+0000] {processor.py:183} INFO - Processing /home/airflow/.local/lib/python3.8/site-packages/airflow/example_dags/example_latest_only_with_trigger.py took 0.050 seconds
[2024-02-16T16:41:20.068+0000] {processor.py:161} INFO - Started process (PID=312) to work on /home/airflow/.local/lib/python3.8/site-packages/airflow/example_dags/example_latest_only_with_trigger.py
[2024-02-16T16:41:20.069+0000] {processor.py:830} INFO - Processing file /home/airflow/.local/lib/python3.8/site-packages/airflow/example_dags/example_latest_only_with_trigger.py for tasks to queue
[2024-02-16T16:41:20.071+0000] {logging_mixin.py:188} INFO - [2024-02-16T16:41:20.070+0000] {dagbag.py:538} INFO - Filling up the DagBag from /home/airflow/.local/lib/python3.8/site-packages/airflow/example_dags/example_latest_only_with_trigger.py
[2024-02-16T16:41:20.075+0000] {processor.py:840} INFO - DAG(s) 'latest_only_with_trigger' retrieved from /home/airflow/.local/lib/python3.8/site-packages/airflow/example_dags/example_latest_only_with_trigger.py
[2024-02-16T16:41:20.092+0000] {logging_mixin.py:188} INFO - [2024-02-16T16:41:20.092+0000] {dag.py:3036} INFO - Sync 1 DAGs
[2024-02-16T16:41:20.110+0000] {logging_mixin.py:188} INFO - [2024-02-16T16:41:20.110+0000] {dag.py:3823} INFO - Setting next_dagrun for latest_only_with_trigger to 2024-02-16 12:00:00+00:00, run_after=2024-02-16 16:00:00+00:00
[2024-02-16T16:41:20.125+0000] {processor.py:183} INFO - Processing /home/airflow/.local/lib/python3.8/site-packages/airflow/example_dags/example_latest_only_with_trigger.py took 0.060 seconds
[2024-02-16T16:41:50.255+0000] {processor.py:161} INFO - Started process (PID=370) to work on /home/airflow/.local/lib/python3.8/site-packages/airflow/example_dags/example_latest_only_with_trigger.py
[2024-02-16T16:41:50.256+0000] {processor.py:830} INFO - Processing file /home/airflow/.local/lib/python3.8/site-packages/airflow/example_dags/example_latest_only_with_trigger.py for tasks to queue
[2024-02-16T16:41:50.257+0000] {logging_mixin.py:188} INFO - [2024-02-16T16:41:50.257+0000] {dagbag.py:538} INFO - Filling up the DagBag from /home/airflow/.local/lib/python3.8/site-packages/airflow/example_dags/example_latest_only_with_trigger.py
[2024-02-16T16:41:50.261+0000] {processor.py:840} INFO - DAG(s) 'latest_only_with_trigger' retrieved from /home/airflow/.local/lib/python3.8/site-packages/airflow/example_dags/example_latest_only_with_trigger.py
[2024-02-16T16:41:50.278+0000] {logging_mixin.py:188} INFO - [2024-02-16T16:41:50.278+0000] {dag.py:3036} INFO - Sync 1 DAGs
[2024-02-16T16:41:50.294+0000] {logging_mixin.py:188} INFO - [2024-02-16T16:41:50.294+0000] {dag.py:3823} INFO - Setting next_dagrun for latest_only_with_trigger to 2024-02-16 12:00:00+00:00, run_after=2024-02-16 16:00:00+00:00
[2024-02-16T16:41:50.310+0000] {processor.py:183} INFO - Processing /home/airflow/.local/lib/python3.8/site-packages/airflow/example_dags/example_latest_only_with_trigger.py took 0.057 seconds
[2024-02-16T16:42:20.695+0000] {processor.py:161} INFO - Started process (PID=427) to work on /home/airflow/.local/lib/python3.8/site-packages/airflow/example_dags/example_latest_only_with_trigger.py
[2024-02-16T16:42:20.696+0000] {processor.py:830} INFO - Processing file /home/airflow/.local/lib/python3.8/site-packages/airflow/example_dags/example_latest_only_with_trigger.py for tasks to queue
[2024-02-16T16:42:20.697+0000] {logging_mixin.py:188} INFO - [2024-02-16T16:42:20.697+0000] {dagbag.py:538} INFO - Filling up the DagBag from /home/airflow/.local/lib/python3.8/site-packages/airflow/example_dags/example_latest_only_with_trigger.py
[2024-02-16T16:42:20.702+0000] {processor.py:840} INFO - DAG(s) 'latest_only_with_trigger' retrieved from /home/airflow/.local/lib/python3.8/site-packages/airflow/example_dags/example_latest_only_with_trigger.py
[2024-02-16T16:42:20.719+0000] {logging_mixin.py:188} INFO - [2024-02-16T16:42:20.719+0000] {dag.py:3036} INFO - Sync 1 DAGs
[2024-02-16T16:42:20.738+0000] {logging_mixin.py:188} INFO - [2024-02-16T16:42:20.738+0000] {dag.py:3823} INFO - Setting next_dagrun for latest_only_with_trigger to 2024-02-16 12:00:00+00:00, run_after=2024-02-16 16:00:00+00:00
[2024-02-16T16:42:20.752+0000] {processor.py:183} INFO - Processing /home/airflow/.local/lib/python3.8/site-packages/airflow/example_dags/example_latest_only_with_trigger.py took 0.058 seconds
[2024-02-16T16:42:51.052+0000] {processor.py:161} INFO - Started process (PID=484) to work on /home/airflow/.local/lib/python3.8/site-packages/airflow/example_dags/example_latest_only_with_trigger.py
[2024-02-16T16:42:51.053+0000] {processor.py:830} INFO - Processing file /home/airflow/.local/lib/python3.8/site-packages/airflow/example_dags/example_latest_only_with_trigger.py for tasks to queue
[2024-02-16T16:42:51.054+0000] {logging_mixin.py:188} INFO - [2024-02-16T16:42:51.054+0000] {dagbag.py:538} INFO - Filling up the DagBag from /home/airflow/.local/lib/python3.8/site-packages/airflow/example_dags/example_latest_only_with_trigger.py
[2024-02-16T16:42:51.058+0000] {processor.py:840} INFO - DAG(s) 'latest_only_with_trigger' retrieved from /home/airflow/.local/lib/python3.8/site-packages/airflow/example_dags/example_latest_only_with_trigger.py
[2024-02-16T16:42:51.073+0000] {logging_mixin.py:188} INFO - [2024-02-16T16:42:51.073+0000] {dag.py:3036} INFO - Sync 1 DAGs
[2024-02-16T16:42:51.091+0000] {logging_mixin.py:188} INFO - [2024-02-16T16:42:51.091+0000] {dag.py:3823} INFO - Setting next_dagrun for latest_only_with_trigger to 2024-02-16 12:00:00+00:00, run_after=2024-02-16 16:00:00+00:00
[2024-02-16T16:42:51.107+0000] {processor.py:183} INFO - Processing /home/airflow/.local/lib/python3.8/site-packages/airflow/example_dags/example_latest_only_with_trigger.py took 0.057 seconds
[2024-02-16T16:43:21.489+0000] {processor.py:161} INFO - Started process (PID=541) to work on /home/airflow/.local/lib/python3.8/site-packages/airflow/example_dags/example_latest_only_with_trigger.py
[2024-02-16T16:43:21.490+0000] {processor.py:830} INFO - Processing file /home/airflow/.local/lib/python3.8/site-packages/airflow/example_dags/example_latest_only_with_trigger.py for tasks to queue
[2024-02-16T16:43:21.491+0000] {logging_mixin.py:188} INFO - [2024-02-16T16:43:21.491+0000] {dagbag.py:538} INFO - Filling up the DagBag from /home/airflow/.local/lib/python3.8/site-packages/airflow/example_dags/example_latest_only_with_trigger.py
[2024-02-16T16:43:21.495+0000] {processor.py:840} INFO - DAG(s) 'latest_only_with_trigger' retrieved from /home/airflow/.local/lib/python3.8/site-packages/airflow/example_dags/example_latest_only_with_trigger.py
[2024-02-16T16:43:21.511+0000] {logging_mixin.py:188} INFO - [2024-02-16T16:43:21.510+0000] {dag.py:3036} INFO - Sync 1 DAGs
[2024-02-16T16:43:21.529+0000] {logging_mixin.py:188} INFO - [2024-02-16T16:43:21.528+0000] {dag.py:3823} INFO - Setting next_dagrun for latest_only_with_trigger to 2024-02-16 12:00:00+00:00, run_after=2024-02-16 16:00:00+00:00
[2024-02-16T16:43:21.544+0000] {processor.py:183} INFO - Processing /home/airflow/.local/lib/python3.8/site-packages/airflow/example_dags/example_latest_only_with_trigger.py took 0.057 seconds
[2024-02-16T16:43:51.957+0000] {processor.py:161} INFO - Started process (PID=598) to work on /home/airflow/.local/lib/python3.8/site-packages/airflow/example_dags/example_latest_only_with_trigger.py
[2024-02-16T16:43:51.958+0000] {processor.py:830} INFO - Processing file /home/airflow/.local/lib/python3.8/site-packages/airflow/example_dags/example_latest_only_with_trigger.py for tasks to queue
[2024-02-16T16:43:51.960+0000] {logging_mixin.py:188} INFO - [2024-02-16T16:43:51.960+0000] {dagbag.py:538} INFO - Filling up the DagBag from /home/airflow/.local/lib/python3.8/site-packages/airflow/example_dags/example_latest_only_with_trigger.py
[2024-02-16T16:43:51.963+0000] {processor.py:840} INFO - DAG(s) 'latest_only_with_trigger' retrieved from /home/airflow/.local/lib/python3.8/site-packages/airflow/example_dags/example_latest_only_with_trigger.py
[2024-02-16T16:43:51.980+0000] {logging_mixin.py:188} INFO - [2024-02-16T16:43:51.979+0000] {dag.py:3036} INFO - Sync 1 DAGs
[2024-02-16T16:43:51.997+0000] {logging_mixin.py:188} INFO - [2024-02-16T16:43:51.997+0000] {dag.py:3823} INFO - Setting next_dagrun for latest_only_with_trigger to 2024-02-16 12:00:00+00:00, run_after=2024-02-16 16:00:00+00:00
[2024-02-16T16:43:52.014+0000] {processor.py:183} INFO - Processing /home/airflow/.local/lib/python3.8/site-packages/airflow/example_dags/example_latest_only_with_trigger.py took 0.060 seconds
