[2024-02-16T16:20:18.790+0000] {processor.py:161} INFO - Started process (PID=78) to work on /home/airflow/.local/lib/python3.8/site-packages/airflow/example_dags/tutorial_taskflow_api.py
[2024-02-16T16:20:18.791+0000] {processor.py:830} INFO - Processing file /home/airflow/.local/lib/python3.8/site-packages/airflow/example_dags/tutorial_taskflow_api.py for tasks to queue
[2024-02-16T16:20:18.793+0000] {logging_mixin.py:188} INFO - [2024-02-16T16:20:18.792+0000] {dagbag.py:538} INFO - Filling up the DagBag from /home/airflow/.local/lib/python3.8/site-packages/airflow/example_dags/tutorial_taskflow_api.py
[2024-02-16T16:20:18.801+0000] {processor.py:840} INFO - DAG(s) 'tutorial_taskflow_api' retrieved from /home/airflow/.local/lib/python3.8/site-packages/airflow/example_dags/tutorial_taskflow_api.py
[2024-02-16T16:20:18.811+0000] {logging_mixin.py:188} INFO - [2024-02-16T16:20:18.811+0000] {dag.py:3036} INFO - Sync 1 DAGs
[2024-02-16T16:20:18.823+0000] {logging_mixin.py:188} INFO - [2024-02-16T16:20:18.822+0000] {dag.py:3823} INFO - Setting next_dagrun for tutorial_taskflow_api to None, run_after=None
[2024-02-16T16:20:18.841+0000] {processor.py:183} INFO - Processing /home/airflow/.local/lib/python3.8/site-packages/airflow/example_dags/tutorial_taskflow_api.py took 0.054 seconds
[2024-02-16T16:20:49.665+0000] {processor.py:161} INFO - Started process (PID=133) to work on /home/airflow/.local/lib/python3.8/site-packages/airflow/example_dags/tutorial_taskflow_api.py
[2024-02-16T16:20:49.665+0000] {processor.py:830} INFO - Processing file /home/airflow/.local/lib/python3.8/site-packages/airflow/example_dags/tutorial_taskflow_api.py for tasks to queue
[2024-02-16T16:20:49.666+0000] {logging_mixin.py:188} INFO - [2024-02-16T16:20:49.666+0000] {dagbag.py:538} INFO - Filling up the DagBag from /home/airflow/.local/lib/python3.8/site-packages/airflow/example_dags/tutorial_taskflow_api.py
[2024-02-16T16:20:49.671+0000] {processor.py:840} INFO - DAG(s) 'tutorial_taskflow_api' retrieved from /home/airflow/.local/lib/python3.8/site-packages/airflow/example_dags/tutorial_taskflow_api.py
[2024-02-16T16:20:49.742+0000] {logging_mixin.py:188} INFO - [2024-02-16T16:20:49.741+0000] {dag.py:3036} INFO - Sync 1 DAGs
[2024-02-16T16:20:49.750+0000] {logging_mixin.py:188} INFO - [2024-02-16T16:20:49.750+0000] {dag.py:3823} INFO - Setting next_dagrun for tutorial_taskflow_api to None, run_after=None
[2024-02-16T16:20:49.764+0000] {processor.py:183} INFO - Processing /home/airflow/.local/lib/python3.8/site-packages/airflow/example_dags/tutorial_taskflow_api.py took 0.101 seconds
[2024-02-16T16:21:20.551+0000] {processor.py:161} INFO - Started process (PID=188) to work on /home/airflow/.local/lib/python3.8/site-packages/airflow/example_dags/tutorial_taskflow_api.py
[2024-02-16T16:21:20.552+0000] {processor.py:830} INFO - Processing file /home/airflow/.local/lib/python3.8/site-packages/airflow/example_dags/tutorial_taskflow_api.py for tasks to queue
[2024-02-16T16:21:20.553+0000] {logging_mixin.py:188} INFO - [2024-02-16T16:21:20.553+0000] {dagbag.py:538} INFO - Filling up the DagBag from /home/airflow/.local/lib/python3.8/site-packages/airflow/example_dags/tutorial_taskflow_api.py
[2024-02-16T16:21:20.558+0000] {processor.py:840} INFO - DAG(s) 'tutorial_taskflow_api' retrieved from /home/airflow/.local/lib/python3.8/site-packages/airflow/example_dags/tutorial_taskflow_api.py
[2024-02-16T16:21:20.573+0000] {logging_mixin.py:188} INFO - [2024-02-16T16:21:20.573+0000] {dag.py:3036} INFO - Sync 1 DAGs
[2024-02-16T16:21:20.582+0000] {logging_mixin.py:188} INFO - [2024-02-16T16:21:20.582+0000] {dag.py:3823} INFO - Setting next_dagrun for tutorial_taskflow_api to None, run_after=None
[2024-02-16T16:21:20.597+0000] {processor.py:183} INFO - Processing /home/airflow/.local/lib/python3.8/site-packages/airflow/example_dags/tutorial_taskflow_api.py took 0.048 seconds
[2024-02-16T16:21:51.392+0000] {processor.py:161} INFO - Started process (PID=243) to work on /home/airflow/.local/lib/python3.8/site-packages/airflow/example_dags/tutorial_taskflow_api.py
[2024-02-16T16:21:51.393+0000] {processor.py:830} INFO - Processing file /home/airflow/.local/lib/python3.8/site-packages/airflow/example_dags/tutorial_taskflow_api.py for tasks to queue
[2024-02-16T16:21:51.394+0000] {logging_mixin.py:188} INFO - [2024-02-16T16:21:51.394+0000] {dagbag.py:538} INFO - Filling up the DagBag from /home/airflow/.local/lib/python3.8/site-packages/airflow/example_dags/tutorial_taskflow_api.py
[2024-02-16T16:21:51.397+0000] {processor.py:840} INFO - DAG(s) 'tutorial_taskflow_api' retrieved from /home/airflow/.local/lib/python3.8/site-packages/airflow/example_dags/tutorial_taskflow_api.py
[2024-02-16T16:21:51.410+0000] {logging_mixin.py:188} INFO - [2024-02-16T16:21:51.409+0000] {dag.py:3036} INFO - Sync 1 DAGs
[2024-02-16T16:21:51.418+0000] {logging_mixin.py:188} INFO - [2024-02-16T16:21:51.418+0000] {dag.py:3823} INFO - Setting next_dagrun for tutorial_taskflow_api to None, run_after=None
[2024-02-16T16:21:51.430+0000] {processor.py:183} INFO - Processing /home/airflow/.local/lib/python3.8/site-packages/airflow/example_dags/tutorial_taskflow_api.py took 0.040 seconds
[2024-02-16T16:22:21.604+0000] {processor.py:161} INFO - Started process (PID=298) to work on /home/airflow/.local/lib/python3.8/site-packages/airflow/example_dags/tutorial_taskflow_api.py
[2024-02-16T16:22:21.604+0000] {processor.py:830} INFO - Processing file /home/airflow/.local/lib/python3.8/site-packages/airflow/example_dags/tutorial_taskflow_api.py for tasks to queue
[2024-02-16T16:22:21.605+0000] {logging_mixin.py:188} INFO - [2024-02-16T16:22:21.605+0000] {dagbag.py:538} INFO - Filling up the DagBag from /home/airflow/.local/lib/python3.8/site-packages/airflow/example_dags/tutorial_taskflow_api.py
[2024-02-16T16:22:21.609+0000] {processor.py:840} INFO - DAG(s) 'tutorial_taskflow_api' retrieved from /home/airflow/.local/lib/python3.8/site-packages/airflow/example_dags/tutorial_taskflow_api.py
[2024-02-16T16:22:21.623+0000] {logging_mixin.py:188} INFO - [2024-02-16T16:22:21.622+0000] {dag.py:3036} INFO - Sync 1 DAGs
[2024-02-16T16:22:21.631+0000] {logging_mixin.py:188} INFO - [2024-02-16T16:22:21.631+0000] {dag.py:3823} INFO - Setting next_dagrun for tutorial_taskflow_api to None, run_after=None
[2024-02-16T16:22:21.644+0000] {processor.py:183} INFO - Processing /home/airflow/.local/lib/python3.8/site-packages/airflow/example_dags/tutorial_taskflow_api.py took 0.042 seconds
[2024-02-16T16:22:51.774+0000] {processor.py:161} INFO - Started process (PID=353) to work on /home/airflow/.local/lib/python3.8/site-packages/airflow/example_dags/tutorial_taskflow_api.py
[2024-02-16T16:22:51.775+0000] {processor.py:830} INFO - Processing file /home/airflow/.local/lib/python3.8/site-packages/airflow/example_dags/tutorial_taskflow_api.py for tasks to queue
[2024-02-16T16:22:51.776+0000] {logging_mixin.py:188} INFO - [2024-02-16T16:22:51.775+0000] {dagbag.py:538} INFO - Filling up the DagBag from /home/airflow/.local/lib/python3.8/site-packages/airflow/example_dags/tutorial_taskflow_api.py
[2024-02-16T16:22:51.780+0000] {processor.py:840} INFO - DAG(s) 'tutorial_taskflow_api' retrieved from /home/airflow/.local/lib/python3.8/site-packages/airflow/example_dags/tutorial_taskflow_api.py
[2024-02-16T16:22:51.794+0000] {logging_mixin.py:188} INFO - [2024-02-16T16:22:51.794+0000] {dag.py:3036} INFO - Sync 1 DAGs
[2024-02-16T16:22:51.803+0000] {logging_mixin.py:188} INFO - [2024-02-16T16:22:51.803+0000] {dag.py:3823} INFO - Setting next_dagrun for tutorial_taskflow_api to None, run_after=None
[2024-02-16T16:22:51.817+0000] {processor.py:183} INFO - Processing /home/airflow/.local/lib/python3.8/site-packages/airflow/example_dags/tutorial_taskflow_api.py took 0.045 seconds
[2024-02-16T16:23:22.061+0000] {processor.py:161} INFO - Started process (PID=408) to work on /home/airflow/.local/lib/python3.8/site-packages/airflow/example_dags/tutorial_taskflow_api.py
[2024-02-16T16:23:22.062+0000] {processor.py:830} INFO - Processing file /home/airflow/.local/lib/python3.8/site-packages/airflow/example_dags/tutorial_taskflow_api.py for tasks to queue
[2024-02-16T16:23:22.063+0000] {logging_mixin.py:188} INFO - [2024-02-16T16:23:22.063+0000] {dagbag.py:538} INFO - Filling up the DagBag from /home/airflow/.local/lib/python3.8/site-packages/airflow/example_dags/tutorial_taskflow_api.py
[2024-02-16T16:23:22.067+0000] {processor.py:840} INFO - DAG(s) 'tutorial_taskflow_api' retrieved from /home/airflow/.local/lib/python3.8/site-packages/airflow/example_dags/tutorial_taskflow_api.py
[2024-02-16T16:23:22.088+0000] {logging_mixin.py:188} INFO - [2024-02-16T16:23:22.088+0000] {dag.py:3036} INFO - Sync 1 DAGs
[2024-02-16T16:23:22.105+0000] {logging_mixin.py:188} INFO - [2024-02-16T16:23:22.104+0000] {dag.py:3823} INFO - Setting next_dagrun for tutorial_taskflow_api to None, run_after=None
[2024-02-16T16:23:22.122+0000] {processor.py:183} INFO - Processing /home/airflow/.local/lib/python3.8/site-packages/airflow/example_dags/tutorial_taskflow_api.py took 0.062 seconds
[2024-02-16T16:23:52.312+0000] {processor.py:161} INFO - Started process (PID=463) to work on /home/airflow/.local/lib/python3.8/site-packages/airflow/example_dags/tutorial_taskflow_api.py
[2024-02-16T16:23:52.312+0000] {processor.py:830} INFO - Processing file /home/airflow/.local/lib/python3.8/site-packages/airflow/example_dags/tutorial_taskflow_api.py for tasks to queue
[2024-02-16T16:23:52.313+0000] {logging_mixin.py:188} INFO - [2024-02-16T16:23:52.313+0000] {dagbag.py:538} INFO - Filling up the DagBag from /home/airflow/.local/lib/python3.8/site-packages/airflow/example_dags/tutorial_taskflow_api.py
[2024-02-16T16:23:52.317+0000] {processor.py:840} INFO - DAG(s) 'tutorial_taskflow_api' retrieved from /home/airflow/.local/lib/python3.8/site-packages/airflow/example_dags/tutorial_taskflow_api.py
[2024-02-16T16:23:52.331+0000] {logging_mixin.py:188} INFO - [2024-02-16T16:23:52.330+0000] {dag.py:3036} INFO - Sync 1 DAGs
[2024-02-16T16:23:52.340+0000] {logging_mixin.py:188} INFO - [2024-02-16T16:23:52.340+0000] {dag.py:3823} INFO - Setting next_dagrun for tutorial_taskflow_api to None, run_after=None
[2024-02-16T16:23:52.355+0000] {processor.py:183} INFO - Processing /home/airflow/.local/lib/python3.8/site-packages/airflow/example_dags/tutorial_taskflow_api.py took 0.045 seconds
[2024-02-16T16:24:22.615+0000] {processor.py:161} INFO - Started process (PID=518) to work on /home/airflow/.local/lib/python3.8/site-packages/airflow/example_dags/tutorial_taskflow_api.py
[2024-02-16T16:24:22.615+0000] {processor.py:830} INFO - Processing file /home/airflow/.local/lib/python3.8/site-packages/airflow/example_dags/tutorial_taskflow_api.py for tasks to queue
[2024-02-16T16:24:22.616+0000] {logging_mixin.py:188} INFO - [2024-02-16T16:24:22.616+0000] {dagbag.py:538} INFO - Filling up the DagBag from /home/airflow/.local/lib/python3.8/site-packages/airflow/example_dags/tutorial_taskflow_api.py
[2024-02-16T16:24:22.621+0000] {processor.py:840} INFO - DAG(s) 'tutorial_taskflow_api' retrieved from /home/airflow/.local/lib/python3.8/site-packages/airflow/example_dags/tutorial_taskflow_api.py
[2024-02-16T16:24:22.634+0000] {logging_mixin.py:188} INFO - [2024-02-16T16:24:22.634+0000] {dag.py:3036} INFO - Sync 1 DAGs
[2024-02-16T16:24:22.644+0000] {logging_mixin.py:188} INFO - [2024-02-16T16:24:22.644+0000] {dag.py:3823} INFO - Setting next_dagrun for tutorial_taskflow_api to None, run_after=None
[2024-02-16T16:24:22.658+0000] {processor.py:183} INFO - Processing /home/airflow/.local/lib/python3.8/site-packages/airflow/example_dags/tutorial_taskflow_api.py took 0.045 seconds
[2024-02-16T16:24:52.849+0000] {processor.py:161} INFO - Started process (PID=573) to work on /home/airflow/.local/lib/python3.8/site-packages/airflow/example_dags/tutorial_taskflow_api.py
[2024-02-16T16:24:52.850+0000] {processor.py:830} INFO - Processing file /home/airflow/.local/lib/python3.8/site-packages/airflow/example_dags/tutorial_taskflow_api.py for tasks to queue
[2024-02-16T16:24:52.851+0000] {logging_mixin.py:188} INFO - [2024-02-16T16:24:52.851+0000] {dagbag.py:538} INFO - Filling up the DagBag from /home/airflow/.local/lib/python3.8/site-packages/airflow/example_dags/tutorial_taskflow_api.py
[2024-02-16T16:24:52.855+0000] {processor.py:840} INFO - DAG(s) 'tutorial_taskflow_api' retrieved from /home/airflow/.local/lib/python3.8/site-packages/airflow/example_dags/tutorial_taskflow_api.py
[2024-02-16T16:24:52.867+0000] {logging_mixin.py:188} INFO - [2024-02-16T16:24:52.867+0000] {dag.py:3036} INFO - Sync 1 DAGs
[2024-02-16T16:24:52.877+0000] {logging_mixin.py:188} INFO - [2024-02-16T16:24:52.876+0000] {dag.py:3823} INFO - Setting next_dagrun for tutorial_taskflow_api to None, run_after=None
[2024-02-16T16:24:52.890+0000] {processor.py:183} INFO - Processing /home/airflow/.local/lib/python3.8/site-packages/airflow/example_dags/tutorial_taskflow_api.py took 0.042 seconds
[2024-02-16T16:25:23.115+0000] {processor.py:161} INFO - Started process (PID=628) to work on /home/airflow/.local/lib/python3.8/site-packages/airflow/example_dags/tutorial_taskflow_api.py
[2024-02-16T16:25:23.115+0000] {processor.py:830} INFO - Processing file /home/airflow/.local/lib/python3.8/site-packages/airflow/example_dags/tutorial_taskflow_api.py for tasks to queue
[2024-02-16T16:25:23.117+0000] {logging_mixin.py:188} INFO - [2024-02-16T16:25:23.116+0000] {dagbag.py:538} INFO - Filling up the DagBag from /home/airflow/.local/lib/python3.8/site-packages/airflow/example_dags/tutorial_taskflow_api.py
[2024-02-16T16:25:23.121+0000] {processor.py:840} INFO - DAG(s) 'tutorial_taskflow_api' retrieved from /home/airflow/.local/lib/python3.8/site-packages/airflow/example_dags/tutorial_taskflow_api.py
[2024-02-16T16:25:23.138+0000] {logging_mixin.py:188} INFO - [2024-02-16T16:25:23.138+0000] {dag.py:3036} INFO - Sync 1 DAGs
[2024-02-16T16:25:23.150+0000] {logging_mixin.py:188} INFO - [2024-02-16T16:25:23.149+0000] {dag.py:3823} INFO - Setting next_dagrun for tutorial_taskflow_api to None, run_after=None
[2024-02-16T16:25:23.169+0000] {processor.py:183} INFO - Processing /home/airflow/.local/lib/python3.8/site-packages/airflow/example_dags/tutorial_taskflow_api.py took 0.056 seconds
[2024-02-16T16:25:53.241+0000] {processor.py:161} INFO - Started process (PID=683) to work on /home/airflow/.local/lib/python3.8/site-packages/airflow/example_dags/tutorial_taskflow_api.py
[2024-02-16T16:25:53.242+0000] {processor.py:830} INFO - Processing file /home/airflow/.local/lib/python3.8/site-packages/airflow/example_dags/tutorial_taskflow_api.py for tasks to queue
[2024-02-16T16:25:53.243+0000] {logging_mixin.py:188} INFO - [2024-02-16T16:25:53.243+0000] {dagbag.py:538} INFO - Filling up the DagBag from /home/airflow/.local/lib/python3.8/site-packages/airflow/example_dags/tutorial_taskflow_api.py
[2024-02-16T16:25:53.247+0000] {processor.py:840} INFO - DAG(s) 'tutorial_taskflow_api' retrieved from /home/airflow/.local/lib/python3.8/site-packages/airflow/example_dags/tutorial_taskflow_api.py
[2024-02-16T16:25:53.261+0000] {logging_mixin.py:188} INFO - [2024-02-16T16:25:53.260+0000] {dag.py:3036} INFO - Sync 1 DAGs
[2024-02-16T16:25:53.270+0000] {logging_mixin.py:188} INFO - [2024-02-16T16:25:53.269+0000] {dag.py:3823} INFO - Setting next_dagrun for tutorial_taskflow_api to None, run_after=None
[2024-02-16T16:25:53.284+0000] {processor.py:183} INFO - Processing /home/airflow/.local/lib/python3.8/site-packages/airflow/example_dags/tutorial_taskflow_api.py took 0.045 seconds
[2024-02-16T16:26:23.524+0000] {processor.py:161} INFO - Started process (PID=738) to work on /home/airflow/.local/lib/python3.8/site-packages/airflow/example_dags/tutorial_taskflow_api.py
[2024-02-16T16:26:23.525+0000] {processor.py:830} INFO - Processing file /home/airflow/.local/lib/python3.8/site-packages/airflow/example_dags/tutorial_taskflow_api.py for tasks to queue
[2024-02-16T16:26:23.526+0000] {logging_mixin.py:188} INFO - [2024-02-16T16:26:23.526+0000] {dagbag.py:538} INFO - Filling up the DagBag from /home/airflow/.local/lib/python3.8/site-packages/airflow/example_dags/tutorial_taskflow_api.py
[2024-02-16T16:26:23.530+0000] {processor.py:840} INFO - DAG(s) 'tutorial_taskflow_api' retrieved from /home/airflow/.local/lib/python3.8/site-packages/airflow/example_dags/tutorial_taskflow_api.py
[2024-02-16T16:26:23.544+0000] {logging_mixin.py:188} INFO - [2024-02-16T16:26:23.544+0000] {dag.py:3036} INFO - Sync 1 DAGs
[2024-02-16T16:26:23.555+0000] {logging_mixin.py:188} INFO - [2024-02-16T16:26:23.554+0000] {dag.py:3823} INFO - Setting next_dagrun for tutorial_taskflow_api to None, run_after=None
[2024-02-16T16:26:23.569+0000] {processor.py:183} INFO - Processing /home/airflow/.local/lib/python3.8/site-packages/airflow/example_dags/tutorial_taskflow_api.py took 0.047 seconds
[2024-02-16T16:26:53.934+0000] {processor.py:161} INFO - Started process (PID=793) to work on /home/airflow/.local/lib/python3.8/site-packages/airflow/example_dags/tutorial_taskflow_api.py
[2024-02-16T16:26:53.935+0000] {processor.py:830} INFO - Processing file /home/airflow/.local/lib/python3.8/site-packages/airflow/example_dags/tutorial_taskflow_api.py for tasks to queue
[2024-02-16T16:26:53.936+0000] {logging_mixin.py:188} INFO - [2024-02-16T16:26:53.936+0000] {dagbag.py:538} INFO - Filling up the DagBag from /home/airflow/.local/lib/python3.8/site-packages/airflow/example_dags/tutorial_taskflow_api.py
[2024-02-16T16:26:53.940+0000] {processor.py:840} INFO - DAG(s) 'tutorial_taskflow_api' retrieved from /home/airflow/.local/lib/python3.8/site-packages/airflow/example_dags/tutorial_taskflow_api.py
[2024-02-16T16:26:53.955+0000] {logging_mixin.py:188} INFO - [2024-02-16T16:26:53.955+0000] {dag.py:3036} INFO - Sync 1 DAGs
[2024-02-16T16:26:53.966+0000] {logging_mixin.py:188} INFO - [2024-02-16T16:26:53.965+0000] {dag.py:3823} INFO - Setting next_dagrun for tutorial_taskflow_api to None, run_after=None
[2024-02-16T16:26:53.982+0000] {processor.py:183} INFO - Processing /home/airflow/.local/lib/python3.8/site-packages/airflow/example_dags/tutorial_taskflow_api.py took 0.050 seconds
[2024-02-16T16:27:24.039+0000] {processor.py:161} INFO - Started process (PID=848) to work on /home/airflow/.local/lib/python3.8/site-packages/airflow/example_dags/tutorial_taskflow_api.py
[2024-02-16T16:27:24.040+0000] {processor.py:830} INFO - Processing file /home/airflow/.local/lib/python3.8/site-packages/airflow/example_dags/tutorial_taskflow_api.py for tasks to queue
[2024-02-16T16:27:24.041+0000] {logging_mixin.py:188} INFO - [2024-02-16T16:27:24.041+0000] {dagbag.py:538} INFO - Filling up the DagBag from /home/airflow/.local/lib/python3.8/site-packages/airflow/example_dags/tutorial_taskflow_api.py
[2024-02-16T16:27:24.046+0000] {processor.py:840} INFO - DAG(s) 'tutorial_taskflow_api' retrieved from /home/airflow/.local/lib/python3.8/site-packages/airflow/example_dags/tutorial_taskflow_api.py
[2024-02-16T16:27:24.061+0000] {logging_mixin.py:188} INFO - [2024-02-16T16:27:24.061+0000] {dag.py:3036} INFO - Sync 1 DAGs
[2024-02-16T16:27:24.071+0000] {logging_mixin.py:188} INFO - [2024-02-16T16:27:24.070+0000] {dag.py:3823} INFO - Setting next_dagrun for tutorial_taskflow_api to None, run_after=None
[2024-02-16T16:27:24.087+0000] {processor.py:183} INFO - Processing /home/airflow/.local/lib/python3.8/site-packages/airflow/example_dags/tutorial_taskflow_api.py took 0.049 seconds
[2024-02-16T16:27:55.050+0000] {processor.py:161} INFO - Started process (PID=903) to work on /home/airflow/.local/lib/python3.8/site-packages/airflow/example_dags/tutorial_taskflow_api.py
[2024-02-16T16:27:55.051+0000] {processor.py:830} INFO - Processing file /home/airflow/.local/lib/python3.8/site-packages/airflow/example_dags/tutorial_taskflow_api.py for tasks to queue
[2024-02-16T16:27:55.052+0000] {logging_mixin.py:188} INFO - [2024-02-16T16:27:55.052+0000] {dagbag.py:538} INFO - Filling up the DagBag from /home/airflow/.local/lib/python3.8/site-packages/airflow/example_dags/tutorial_taskflow_api.py
[2024-02-16T16:27:55.056+0000] {processor.py:840} INFO - DAG(s) 'tutorial_taskflow_api' retrieved from /home/airflow/.local/lib/python3.8/site-packages/airflow/example_dags/tutorial_taskflow_api.py
[2024-02-16T16:27:55.070+0000] {logging_mixin.py:188} INFO - [2024-02-16T16:27:55.070+0000] {dag.py:3036} INFO - Sync 1 DAGs
[2024-02-16T16:27:55.081+0000] {logging_mixin.py:188} INFO - [2024-02-16T16:27:55.080+0000] {dag.py:3823} INFO - Setting next_dagrun for tutorial_taskflow_api to None, run_after=None
[2024-02-16T16:27:55.096+0000] {processor.py:183} INFO - Processing /home/airflow/.local/lib/python3.8/site-packages/airflow/example_dags/tutorial_taskflow_api.py took 0.047 seconds
[2024-02-16T16:28:25.299+0000] {processor.py:161} INFO - Started process (PID=958) to work on /home/airflow/.local/lib/python3.8/site-packages/airflow/example_dags/tutorial_taskflow_api.py
[2024-02-16T16:28:25.299+0000] {processor.py:830} INFO - Processing file /home/airflow/.local/lib/python3.8/site-packages/airflow/example_dags/tutorial_taskflow_api.py for tasks to queue
[2024-02-16T16:28:25.301+0000] {logging_mixin.py:188} INFO - [2024-02-16T16:28:25.301+0000] {dagbag.py:538} INFO - Filling up the DagBag from /home/airflow/.local/lib/python3.8/site-packages/airflow/example_dags/tutorial_taskflow_api.py
[2024-02-16T16:28:25.305+0000] {processor.py:840} INFO - DAG(s) 'tutorial_taskflow_api' retrieved from /home/airflow/.local/lib/python3.8/site-packages/airflow/example_dags/tutorial_taskflow_api.py
[2024-02-16T16:28:25.319+0000] {logging_mixin.py:188} INFO - [2024-02-16T16:28:25.319+0000] {dag.py:3036} INFO - Sync 1 DAGs
[2024-02-16T16:28:25.328+0000] {logging_mixin.py:188} INFO - [2024-02-16T16:28:25.328+0000] {dag.py:3823} INFO - Setting next_dagrun for tutorial_taskflow_api to None, run_after=None
[2024-02-16T16:28:25.342+0000] {processor.py:183} INFO - Processing /home/airflow/.local/lib/python3.8/site-packages/airflow/example_dags/tutorial_taskflow_api.py took 0.046 seconds
[2024-02-16T16:28:55.490+0000] {processor.py:161} INFO - Started process (PID=1013) to work on /home/airflow/.local/lib/python3.8/site-packages/airflow/example_dags/tutorial_taskflow_api.py
[2024-02-16T16:28:55.491+0000] {processor.py:830} INFO - Processing file /home/airflow/.local/lib/python3.8/site-packages/airflow/example_dags/tutorial_taskflow_api.py for tasks to queue
[2024-02-16T16:28:55.492+0000] {logging_mixin.py:188} INFO - [2024-02-16T16:28:55.492+0000] {dagbag.py:538} INFO - Filling up the DagBag from /home/airflow/.local/lib/python3.8/site-packages/airflow/example_dags/tutorial_taskflow_api.py
[2024-02-16T16:28:55.496+0000] {processor.py:840} INFO - DAG(s) 'tutorial_taskflow_api' retrieved from /home/airflow/.local/lib/python3.8/site-packages/airflow/example_dags/tutorial_taskflow_api.py
[2024-02-16T16:28:55.508+0000] {logging_mixin.py:188} INFO - [2024-02-16T16:28:55.508+0000] {dag.py:3036} INFO - Sync 1 DAGs
[2024-02-16T16:28:55.516+0000] {logging_mixin.py:188} INFO - [2024-02-16T16:28:55.516+0000] {dag.py:3823} INFO - Setting next_dagrun for tutorial_taskflow_api to None, run_after=None
[2024-02-16T16:28:55.528+0000] {processor.py:183} INFO - Processing /home/airflow/.local/lib/python3.8/site-packages/airflow/example_dags/tutorial_taskflow_api.py took 0.040 seconds
[2024-02-16T16:29:25.641+0000] {processor.py:161} INFO - Started process (PID=1068) to work on /home/airflow/.local/lib/python3.8/site-packages/airflow/example_dags/tutorial_taskflow_api.py
[2024-02-16T16:29:25.642+0000] {processor.py:830} INFO - Processing file /home/airflow/.local/lib/python3.8/site-packages/airflow/example_dags/tutorial_taskflow_api.py for tasks to queue
[2024-02-16T16:29:25.643+0000] {logging_mixin.py:188} INFO - [2024-02-16T16:29:25.643+0000] {dagbag.py:538} INFO - Filling up the DagBag from /home/airflow/.local/lib/python3.8/site-packages/airflow/example_dags/tutorial_taskflow_api.py
[2024-02-16T16:29:25.647+0000] {processor.py:840} INFO - DAG(s) 'tutorial_taskflow_api' retrieved from /home/airflow/.local/lib/python3.8/site-packages/airflow/example_dags/tutorial_taskflow_api.py
[2024-02-16T16:29:25.661+0000] {logging_mixin.py:188} INFO - [2024-02-16T16:29:25.661+0000] {dag.py:3036} INFO - Sync 1 DAGs
[2024-02-16T16:29:25.670+0000] {logging_mixin.py:188} INFO - [2024-02-16T16:29:25.669+0000] {dag.py:3823} INFO - Setting next_dagrun for tutorial_taskflow_api to None, run_after=None
[2024-02-16T16:29:25.684+0000] {processor.py:183} INFO - Processing /home/airflow/.local/lib/python3.8/site-packages/airflow/example_dags/tutorial_taskflow_api.py took 0.044 seconds
[2024-02-16T16:29:56.069+0000] {processor.py:161} INFO - Started process (PID=1123) to work on /home/airflow/.local/lib/python3.8/site-packages/airflow/example_dags/tutorial_taskflow_api.py
[2024-02-16T16:29:56.070+0000] {processor.py:830} INFO - Processing file /home/airflow/.local/lib/python3.8/site-packages/airflow/example_dags/tutorial_taskflow_api.py for tasks to queue
[2024-02-16T16:29:56.071+0000] {logging_mixin.py:188} INFO - [2024-02-16T16:29:56.071+0000] {dagbag.py:538} INFO - Filling up the DagBag from /home/airflow/.local/lib/python3.8/site-packages/airflow/example_dags/tutorial_taskflow_api.py
[2024-02-16T16:29:56.076+0000] {processor.py:840} INFO - DAG(s) 'tutorial_taskflow_api' retrieved from /home/airflow/.local/lib/python3.8/site-packages/airflow/example_dags/tutorial_taskflow_api.py
[2024-02-16T16:29:56.089+0000] {logging_mixin.py:188} INFO - [2024-02-16T16:29:56.089+0000] {dag.py:3036} INFO - Sync 1 DAGs
[2024-02-16T16:29:56.099+0000] {logging_mixin.py:188} INFO - [2024-02-16T16:29:56.099+0000] {dag.py:3823} INFO - Setting next_dagrun for tutorial_taskflow_api to None, run_after=None
[2024-02-16T16:29:56.115+0000] {processor.py:183} INFO - Processing /home/airflow/.local/lib/python3.8/site-packages/airflow/example_dags/tutorial_taskflow_api.py took 0.049 seconds
[2024-02-16T16:30:26.845+0000] {processor.py:161} INFO - Started process (PID=1179) to work on /home/airflow/.local/lib/python3.8/site-packages/airflow/example_dags/tutorial_taskflow_api.py
[2024-02-16T16:30:26.846+0000] {processor.py:830} INFO - Processing file /home/airflow/.local/lib/python3.8/site-packages/airflow/example_dags/tutorial_taskflow_api.py for tasks to queue
[2024-02-16T16:30:26.847+0000] {logging_mixin.py:188} INFO - [2024-02-16T16:30:26.847+0000] {dagbag.py:538} INFO - Filling up the DagBag from /home/airflow/.local/lib/python3.8/site-packages/airflow/example_dags/tutorial_taskflow_api.py
[2024-02-16T16:30:26.851+0000] {processor.py:840} INFO - DAG(s) 'tutorial_taskflow_api' retrieved from /home/airflow/.local/lib/python3.8/site-packages/airflow/example_dags/tutorial_taskflow_api.py
[2024-02-16T16:30:26.862+0000] {logging_mixin.py:188} INFO - [2024-02-16T16:30:26.862+0000] {dag.py:3036} INFO - Sync 1 DAGs
[2024-02-16T16:30:26.870+0000] {logging_mixin.py:188} INFO - [2024-02-16T16:30:26.870+0000] {dag.py:3823} INFO - Setting next_dagrun for tutorial_taskflow_api to None, run_after=None
[2024-02-16T16:30:26.882+0000] {processor.py:183} INFO - Processing /home/airflow/.local/lib/python3.8/site-packages/airflow/example_dags/tutorial_taskflow_api.py took 0.039 seconds
[2024-02-16T16:31:27.635+0000] {processor.py:161} INFO - Started process (PID=79) to work on /home/airflow/.local/lib/python3.8/site-packages/airflow/example_dags/tutorial_taskflow_api.py
[2024-02-16T16:31:27.636+0000] {processor.py:830} INFO - Processing file /home/airflow/.local/lib/python3.8/site-packages/airflow/example_dags/tutorial_taskflow_api.py for tasks to queue
[2024-02-16T16:31:27.638+0000] {logging_mixin.py:188} INFO - [2024-02-16T16:31:27.637+0000] {dagbag.py:538} INFO - Filling up the DagBag from /home/airflow/.local/lib/python3.8/site-packages/airflow/example_dags/tutorial_taskflow_api.py
[2024-02-16T16:31:27.648+0000] {processor.py:840} INFO - DAG(s) 'tutorial_taskflow_api' retrieved from /home/airflow/.local/lib/python3.8/site-packages/airflow/example_dags/tutorial_taskflow_api.py
[2024-02-16T16:31:27.657+0000] {logging_mixin.py:188} INFO - [2024-02-16T16:31:27.657+0000] {dag.py:3036} INFO - Sync 1 DAGs
[2024-02-16T16:31:27.667+0000] {logging_mixin.py:188} INFO - [2024-02-16T16:31:27.667+0000] {dag.py:3823} INFO - Setting next_dagrun for tutorial_taskflow_api to None, run_after=None
[2024-02-16T16:31:27.682+0000] {processor.py:183} INFO - Processing /home/airflow/.local/lib/python3.8/site-packages/airflow/example_dags/tutorial_taskflow_api.py took 0.049 seconds
[2024-02-16T16:31:59.363+0000] {processor.py:161} INFO - Started process (PID=135) to work on /home/airflow/.local/lib/python3.8/site-packages/airflow/example_dags/tutorial_taskflow_api.py
[2024-02-16T16:31:59.364+0000] {processor.py:830} INFO - Processing file /home/airflow/.local/lib/python3.8/site-packages/airflow/example_dags/tutorial_taskflow_api.py for tasks to queue
[2024-02-16T16:31:59.365+0000] {logging_mixin.py:188} INFO - [2024-02-16T16:31:59.365+0000] {dagbag.py:538} INFO - Filling up the DagBag from /home/airflow/.local/lib/python3.8/site-packages/airflow/example_dags/tutorial_taskflow_api.py
[2024-02-16T16:31:59.369+0000] {processor.py:840} INFO - DAG(s) 'tutorial_taskflow_api' retrieved from /home/airflow/.local/lib/python3.8/site-packages/airflow/example_dags/tutorial_taskflow_api.py
[2024-02-16T16:31:59.438+0000] {logging_mixin.py:188} INFO - [2024-02-16T16:31:59.438+0000] {dag.py:3036} INFO - Sync 1 DAGs
[2024-02-16T16:31:59.446+0000] {logging_mixin.py:188} INFO - [2024-02-16T16:31:59.446+0000] {dag.py:3823} INFO - Setting next_dagrun for tutorial_taskflow_api to None, run_after=None
[2024-02-16T16:31:59.460+0000] {processor.py:183} INFO - Processing /home/airflow/.local/lib/python3.8/site-packages/airflow/example_dags/tutorial_taskflow_api.py took 0.098 seconds
[2024-02-16T16:32:29.575+0000] {processor.py:161} INFO - Started process (PID=191) to work on /home/airflow/.local/lib/python3.8/site-packages/airflow/example_dags/tutorial_taskflow_api.py
[2024-02-16T16:32:29.576+0000] {processor.py:830} INFO - Processing file /home/airflow/.local/lib/python3.8/site-packages/airflow/example_dags/tutorial_taskflow_api.py for tasks to queue
[2024-02-16T16:32:29.577+0000] {logging_mixin.py:188} INFO - [2024-02-16T16:32:29.577+0000] {dagbag.py:538} INFO - Filling up the DagBag from /home/airflow/.local/lib/python3.8/site-packages/airflow/example_dags/tutorial_taskflow_api.py
[2024-02-16T16:32:29.581+0000] {processor.py:840} INFO - DAG(s) 'tutorial_taskflow_api' retrieved from /home/airflow/.local/lib/python3.8/site-packages/airflow/example_dags/tutorial_taskflow_api.py
[2024-02-16T16:32:29.594+0000] {logging_mixin.py:188} INFO - [2024-02-16T16:32:29.594+0000] {dag.py:3036} INFO - Sync 1 DAGs
[2024-02-16T16:32:29.602+0000] {logging_mixin.py:188} INFO - [2024-02-16T16:32:29.602+0000] {dag.py:3823} INFO - Setting next_dagrun for tutorial_taskflow_api to None, run_after=None
[2024-02-16T16:32:29.616+0000] {processor.py:183} INFO - Processing /home/airflow/.local/lib/python3.8/site-packages/airflow/example_dags/tutorial_taskflow_api.py took 0.042 seconds
[2024-02-16T16:32:59.777+0000] {processor.py:161} INFO - Started process (PID=247) to work on /home/airflow/.local/lib/python3.8/site-packages/airflow/example_dags/tutorial_taskflow_api.py
[2024-02-16T16:32:59.778+0000] {processor.py:830} INFO - Processing file /home/airflow/.local/lib/python3.8/site-packages/airflow/example_dags/tutorial_taskflow_api.py for tasks to queue
[2024-02-16T16:32:59.779+0000] {logging_mixin.py:188} INFO - [2024-02-16T16:32:59.779+0000] {dagbag.py:538} INFO - Filling up the DagBag from /home/airflow/.local/lib/python3.8/site-packages/airflow/example_dags/tutorial_taskflow_api.py
[2024-02-16T16:32:59.783+0000] {processor.py:840} INFO - DAG(s) 'tutorial_taskflow_api' retrieved from /home/airflow/.local/lib/python3.8/site-packages/airflow/example_dags/tutorial_taskflow_api.py
[2024-02-16T16:32:59.796+0000] {logging_mixin.py:188} INFO - [2024-02-16T16:32:59.796+0000] {dag.py:3036} INFO - Sync 1 DAGs
[2024-02-16T16:32:59.805+0000] {logging_mixin.py:188} INFO - [2024-02-16T16:32:59.805+0000] {dag.py:3823} INFO - Setting next_dagrun for tutorial_taskflow_api to None, run_after=None
[2024-02-16T16:32:59.819+0000] {processor.py:183} INFO - Processing /home/airflow/.local/lib/python3.8/site-packages/airflow/example_dags/tutorial_taskflow_api.py took 0.043 seconds
[2024-02-16T16:33:29.977+0000] {processor.py:161} INFO - Started process (PID=303) to work on /home/airflow/.local/lib/python3.8/site-packages/airflow/example_dags/tutorial_taskflow_api.py
[2024-02-16T16:33:29.978+0000] {processor.py:830} INFO - Processing file /home/airflow/.local/lib/python3.8/site-packages/airflow/example_dags/tutorial_taskflow_api.py for tasks to queue
[2024-02-16T16:33:29.979+0000] {logging_mixin.py:188} INFO - [2024-02-16T16:33:29.979+0000] {dagbag.py:538} INFO - Filling up the DagBag from /home/airflow/.local/lib/python3.8/site-packages/airflow/example_dags/tutorial_taskflow_api.py
[2024-02-16T16:33:29.983+0000] {processor.py:840} INFO - DAG(s) 'tutorial_taskflow_api' retrieved from /home/airflow/.local/lib/python3.8/site-packages/airflow/example_dags/tutorial_taskflow_api.py
[2024-02-16T16:33:29.996+0000] {logging_mixin.py:188} INFO - [2024-02-16T16:33:29.995+0000] {dag.py:3036} INFO - Sync 1 DAGs
[2024-02-16T16:33:30.004+0000] {logging_mixin.py:188} INFO - [2024-02-16T16:33:30.004+0000] {dag.py:3823} INFO - Setting next_dagrun for tutorial_taskflow_api to None, run_after=None
[2024-02-16T16:33:30.017+0000] {processor.py:183} INFO - Processing /home/airflow/.local/lib/python3.8/site-packages/airflow/example_dags/tutorial_taskflow_api.py took 0.042 seconds
[2024-02-16T16:34:00.157+0000] {processor.py:161} INFO - Started process (PID=359) to work on /home/airflow/.local/lib/python3.8/site-packages/airflow/example_dags/tutorial_taskflow_api.py
[2024-02-16T16:34:00.158+0000] {processor.py:830} INFO - Processing file /home/airflow/.local/lib/python3.8/site-packages/airflow/example_dags/tutorial_taskflow_api.py for tasks to queue
[2024-02-16T16:34:00.159+0000] {logging_mixin.py:188} INFO - [2024-02-16T16:34:00.159+0000] {dagbag.py:538} INFO - Filling up the DagBag from /home/airflow/.local/lib/python3.8/site-packages/airflow/example_dags/tutorial_taskflow_api.py
[2024-02-16T16:34:00.163+0000] {processor.py:840} INFO - DAG(s) 'tutorial_taskflow_api' retrieved from /home/airflow/.local/lib/python3.8/site-packages/airflow/example_dags/tutorial_taskflow_api.py
[2024-02-16T16:34:00.178+0000] {logging_mixin.py:188} INFO - [2024-02-16T16:34:00.177+0000] {dag.py:3036} INFO - Sync 1 DAGs
[2024-02-16T16:34:00.187+0000] {logging_mixin.py:188} INFO - [2024-02-16T16:34:00.186+0000] {dag.py:3823} INFO - Setting next_dagrun for tutorial_taskflow_api to None, run_after=None
[2024-02-16T16:34:00.204+0000] {processor.py:183} INFO - Processing /home/airflow/.local/lib/python3.8/site-packages/airflow/example_dags/tutorial_taskflow_api.py took 0.049 seconds
[2024-02-16T16:34:30.393+0000] {processor.py:161} INFO - Started process (PID=415) to work on /home/airflow/.local/lib/python3.8/site-packages/airflow/example_dags/tutorial_taskflow_api.py
[2024-02-16T16:34:30.394+0000] {processor.py:830} INFO - Processing file /home/airflow/.local/lib/python3.8/site-packages/airflow/example_dags/tutorial_taskflow_api.py for tasks to queue
[2024-02-16T16:34:30.395+0000] {logging_mixin.py:188} INFO - [2024-02-16T16:34:30.395+0000] {dagbag.py:538} INFO - Filling up the DagBag from /home/airflow/.local/lib/python3.8/site-packages/airflow/example_dags/tutorial_taskflow_api.py
[2024-02-16T16:34:30.400+0000] {processor.py:840} INFO - DAG(s) 'tutorial_taskflow_api' retrieved from /home/airflow/.local/lib/python3.8/site-packages/airflow/example_dags/tutorial_taskflow_api.py
[2024-02-16T16:34:30.412+0000] {logging_mixin.py:188} INFO - [2024-02-16T16:34:30.412+0000] {dag.py:3036} INFO - Sync 1 DAGs
[2024-02-16T16:34:30.421+0000] {logging_mixin.py:188} INFO - [2024-02-16T16:34:30.421+0000] {dag.py:3823} INFO - Setting next_dagrun for tutorial_taskflow_api to None, run_after=None
[2024-02-16T16:34:30.435+0000] {processor.py:183} INFO - Processing /home/airflow/.local/lib/python3.8/site-packages/airflow/example_dags/tutorial_taskflow_api.py took 0.044 seconds
[2024-02-16T16:35:00.663+0000] {processor.py:161} INFO - Started process (PID=471) to work on /home/airflow/.local/lib/python3.8/site-packages/airflow/example_dags/tutorial_taskflow_api.py
[2024-02-16T16:35:00.663+0000] {processor.py:830} INFO - Processing file /home/airflow/.local/lib/python3.8/site-packages/airflow/example_dags/tutorial_taskflow_api.py for tasks to queue
[2024-02-16T16:35:00.664+0000] {logging_mixin.py:188} INFO - [2024-02-16T16:35:00.664+0000] {dagbag.py:538} INFO - Filling up the DagBag from /home/airflow/.local/lib/python3.8/site-packages/airflow/example_dags/tutorial_taskflow_api.py
[2024-02-16T16:35:00.668+0000] {processor.py:840} INFO - DAG(s) 'tutorial_taskflow_api' retrieved from /home/airflow/.local/lib/python3.8/site-packages/airflow/example_dags/tutorial_taskflow_api.py
[2024-02-16T16:35:00.681+0000] {logging_mixin.py:188} INFO - [2024-02-16T16:35:00.681+0000] {dag.py:3036} INFO - Sync 1 DAGs
[2024-02-16T16:35:00.690+0000] {logging_mixin.py:188} INFO - [2024-02-16T16:35:00.690+0000] {dag.py:3823} INFO - Setting next_dagrun for tutorial_taskflow_api to None, run_after=None
[2024-02-16T16:35:00.704+0000] {processor.py:183} INFO - Processing /home/airflow/.local/lib/python3.8/site-packages/airflow/example_dags/tutorial_taskflow_api.py took 0.043 seconds
[2024-02-16T16:35:30.866+0000] {processor.py:161} INFO - Started process (PID=527) to work on /home/airflow/.local/lib/python3.8/site-packages/airflow/example_dags/tutorial_taskflow_api.py
[2024-02-16T16:35:30.867+0000] {processor.py:830} INFO - Processing file /home/airflow/.local/lib/python3.8/site-packages/airflow/example_dags/tutorial_taskflow_api.py for tasks to queue
[2024-02-16T16:35:30.868+0000] {logging_mixin.py:188} INFO - [2024-02-16T16:35:30.868+0000] {dagbag.py:538} INFO - Filling up the DagBag from /home/airflow/.local/lib/python3.8/site-packages/airflow/example_dags/tutorial_taskflow_api.py
[2024-02-16T16:35:30.872+0000] {processor.py:840} INFO - DAG(s) 'tutorial_taskflow_api' retrieved from /home/airflow/.local/lib/python3.8/site-packages/airflow/example_dags/tutorial_taskflow_api.py
[2024-02-16T16:35:30.886+0000] {logging_mixin.py:188} INFO - [2024-02-16T16:35:30.885+0000] {dag.py:3036} INFO - Sync 1 DAGs
[2024-02-16T16:35:30.894+0000] {logging_mixin.py:188} INFO - [2024-02-16T16:35:30.894+0000] {dag.py:3823} INFO - Setting next_dagrun for tutorial_taskflow_api to None, run_after=None
[2024-02-16T16:35:30.908+0000] {processor.py:183} INFO - Processing /home/airflow/.local/lib/python3.8/site-packages/airflow/example_dags/tutorial_taskflow_api.py took 0.044 seconds
[2024-02-16T16:36:01.221+0000] {processor.py:161} INFO - Started process (PID=583) to work on /home/airflow/.local/lib/python3.8/site-packages/airflow/example_dags/tutorial_taskflow_api.py
[2024-02-16T16:36:01.222+0000] {processor.py:830} INFO - Processing file /home/airflow/.local/lib/python3.8/site-packages/airflow/example_dags/tutorial_taskflow_api.py for tasks to queue
[2024-02-16T16:36:01.223+0000] {logging_mixin.py:188} INFO - [2024-02-16T16:36:01.223+0000] {dagbag.py:538} INFO - Filling up the DagBag from /home/airflow/.local/lib/python3.8/site-packages/airflow/example_dags/tutorial_taskflow_api.py
[2024-02-16T16:36:01.228+0000] {processor.py:840} INFO - DAG(s) 'tutorial_taskflow_api' retrieved from /home/airflow/.local/lib/python3.8/site-packages/airflow/example_dags/tutorial_taskflow_api.py
[2024-02-16T16:36:01.242+0000] {logging_mixin.py:188} INFO - [2024-02-16T16:36:01.242+0000] {dag.py:3036} INFO - Sync 1 DAGs
[2024-02-16T16:36:01.252+0000] {logging_mixin.py:188} INFO - [2024-02-16T16:36:01.252+0000] {dag.py:3823} INFO - Setting next_dagrun for tutorial_taskflow_api to None, run_after=None
[2024-02-16T16:36:01.271+0000] {processor.py:183} INFO - Processing /home/airflow/.local/lib/python3.8/site-packages/airflow/example_dags/tutorial_taskflow_api.py took 0.052 seconds
[2024-02-16T16:36:32.313+0000] {processor.py:161} INFO - Started process (PID=639) to work on /home/airflow/.local/lib/python3.8/site-packages/airflow/example_dags/tutorial_taskflow_api.py
[2024-02-16T16:36:32.313+0000] {processor.py:830} INFO - Processing file /home/airflow/.local/lib/python3.8/site-packages/airflow/example_dags/tutorial_taskflow_api.py for tasks to queue
[2024-02-16T16:36:32.315+0000] {logging_mixin.py:188} INFO - [2024-02-16T16:36:32.315+0000] {dagbag.py:538} INFO - Filling up the DagBag from /home/airflow/.local/lib/python3.8/site-packages/airflow/example_dags/tutorial_taskflow_api.py
[2024-02-16T16:36:32.319+0000] {processor.py:840} INFO - DAG(s) 'tutorial_taskflow_api' retrieved from /home/airflow/.local/lib/python3.8/site-packages/airflow/example_dags/tutorial_taskflow_api.py
[2024-02-16T16:36:32.334+0000] {logging_mixin.py:188} INFO - [2024-02-16T16:36:32.334+0000] {dag.py:3036} INFO - Sync 1 DAGs
[2024-02-16T16:36:32.345+0000] {logging_mixin.py:188} INFO - [2024-02-16T16:36:32.345+0000] {dag.py:3823} INFO - Setting next_dagrun for tutorial_taskflow_api to None, run_after=None
[2024-02-16T16:36:32.362+0000] {processor.py:183} INFO - Processing /home/airflow/.local/lib/python3.8/site-packages/airflow/example_dags/tutorial_taskflow_api.py took 0.051 seconds
[2024-02-16T16:37:02.721+0000] {processor.py:161} INFO - Started process (PID=696) to work on /home/airflow/.local/lib/python3.8/site-packages/airflow/example_dags/tutorial_taskflow_api.py
[2024-02-16T16:37:02.722+0000] {processor.py:830} INFO - Processing file /home/airflow/.local/lib/python3.8/site-packages/airflow/example_dags/tutorial_taskflow_api.py for tasks to queue
[2024-02-16T16:37:02.723+0000] {logging_mixin.py:188} INFO - [2024-02-16T16:37:02.723+0000] {dagbag.py:538} INFO - Filling up the DagBag from /home/airflow/.local/lib/python3.8/site-packages/airflow/example_dags/tutorial_taskflow_api.py
[2024-02-16T16:37:02.728+0000] {processor.py:840} INFO - DAG(s) 'tutorial_taskflow_api' retrieved from /home/airflow/.local/lib/python3.8/site-packages/airflow/example_dags/tutorial_taskflow_api.py
[2024-02-16T16:37:02.742+0000] {logging_mixin.py:188} INFO - [2024-02-16T16:37:02.742+0000] {dag.py:3036} INFO - Sync 1 DAGs
[2024-02-16T16:37:02.751+0000] {logging_mixin.py:188} INFO - [2024-02-16T16:37:02.751+0000] {dag.py:3823} INFO - Setting next_dagrun for tutorial_taskflow_api to None, run_after=None
[2024-02-16T16:37:02.766+0000] {processor.py:183} INFO - Processing /home/airflow/.local/lib/python3.8/site-packages/airflow/example_dags/tutorial_taskflow_api.py took 0.047 seconds
[2024-02-16T16:37:33.066+0000] {processor.py:161} INFO - Started process (PID=753) to work on /home/airflow/.local/lib/python3.8/site-packages/airflow/example_dags/tutorial_taskflow_api.py
[2024-02-16T16:37:33.067+0000] {processor.py:830} INFO - Processing file /home/airflow/.local/lib/python3.8/site-packages/airflow/example_dags/tutorial_taskflow_api.py for tasks to queue
[2024-02-16T16:37:33.068+0000] {logging_mixin.py:188} INFO - [2024-02-16T16:37:33.067+0000] {dagbag.py:538} INFO - Filling up the DagBag from /home/airflow/.local/lib/python3.8/site-packages/airflow/example_dags/tutorial_taskflow_api.py
[2024-02-16T16:37:33.072+0000] {processor.py:840} INFO - DAG(s) 'tutorial_taskflow_api' retrieved from /home/airflow/.local/lib/python3.8/site-packages/airflow/example_dags/tutorial_taskflow_api.py
[2024-02-16T16:37:33.084+0000] {logging_mixin.py:188} INFO - [2024-02-16T16:37:33.084+0000] {dag.py:3036} INFO - Sync 1 DAGs
[2024-02-16T16:37:33.093+0000] {logging_mixin.py:188} INFO - [2024-02-16T16:37:33.093+0000] {dag.py:3823} INFO - Setting next_dagrun for tutorial_taskflow_api to None, run_after=None
[2024-02-16T16:37:33.105+0000] {processor.py:183} INFO - Processing /home/airflow/.local/lib/python3.8/site-packages/airflow/example_dags/tutorial_taskflow_api.py took 0.041 seconds
[2024-02-16T16:39:17.313+0000] {processor.py:161} INFO - Started process (PID=80) to work on /home/airflow/.local/lib/python3.8/site-packages/airflow/example_dags/tutorial_taskflow_api.py
[2024-02-16T16:39:17.313+0000] {processor.py:830} INFO - Processing file /home/airflow/.local/lib/python3.8/site-packages/airflow/example_dags/tutorial_taskflow_api.py for tasks to queue
[2024-02-16T16:39:17.314+0000] {logging_mixin.py:188} INFO - [2024-02-16T16:39:17.314+0000] {dagbag.py:538} INFO - Filling up the DagBag from /home/airflow/.local/lib/python3.8/site-packages/airflow/example_dags/tutorial_taskflow_api.py
[2024-02-16T16:39:17.320+0000] {processor.py:840} INFO - DAG(s) 'tutorial_taskflow_api' retrieved from /home/airflow/.local/lib/python3.8/site-packages/airflow/example_dags/tutorial_taskflow_api.py
[2024-02-16T16:39:17.328+0000] {logging_mixin.py:188} INFO - [2024-02-16T16:39:17.328+0000] {dag.py:3036} INFO - Sync 1 DAGs
[2024-02-16T16:39:17.338+0000] {logging_mixin.py:188} INFO - [2024-02-16T16:39:17.338+0000] {dag.py:3823} INFO - Setting next_dagrun for tutorial_taskflow_api to None, run_after=None
[2024-02-16T16:39:17.354+0000] {processor.py:183} INFO - Processing /home/airflow/.local/lib/python3.8/site-packages/airflow/example_dags/tutorial_taskflow_api.py took 0.043 seconds
[2024-02-16T16:39:48.413+0000] {processor.py:161} INFO - Started process (PID=137) to work on /home/airflow/.local/lib/python3.8/site-packages/airflow/example_dags/tutorial_taskflow_api.py
[2024-02-16T16:39:48.414+0000] {processor.py:830} INFO - Processing file /home/airflow/.local/lib/python3.8/site-packages/airflow/example_dags/tutorial_taskflow_api.py for tasks to queue
[2024-02-16T16:39:48.415+0000] {logging_mixin.py:188} INFO - [2024-02-16T16:39:48.415+0000] {dagbag.py:538} INFO - Filling up the DagBag from /home/airflow/.local/lib/python3.8/site-packages/airflow/example_dags/tutorial_taskflow_api.py
[2024-02-16T16:39:48.419+0000] {processor.py:840} INFO - DAG(s) 'tutorial_taskflow_api' retrieved from /home/airflow/.local/lib/python3.8/site-packages/airflow/example_dags/tutorial_taskflow_api.py
[2024-02-16T16:39:48.489+0000] {logging_mixin.py:188} INFO - [2024-02-16T16:39:48.489+0000] {dag.py:3036} INFO - Sync 1 DAGs
[2024-02-16T16:39:48.498+0000] {logging_mixin.py:188} INFO - [2024-02-16T16:39:48.498+0000] {dag.py:3823} INFO - Setting next_dagrun for tutorial_taskflow_api to None, run_after=None
[2024-02-16T16:39:48.512+0000] {processor.py:183} INFO - Processing /home/airflow/.local/lib/python3.8/site-packages/airflow/example_dags/tutorial_taskflow_api.py took 0.101 seconds
[2024-02-16T16:40:18.949+0000] {processor.py:161} INFO - Started process (PID=194) to work on /home/airflow/.local/lib/python3.8/site-packages/airflow/example_dags/tutorial_taskflow_api.py
[2024-02-16T16:40:18.950+0000] {processor.py:830} INFO - Processing file /home/airflow/.local/lib/python3.8/site-packages/airflow/example_dags/tutorial_taskflow_api.py for tasks to queue
[2024-02-16T16:40:18.951+0000] {logging_mixin.py:188} INFO - [2024-02-16T16:40:18.951+0000] {dagbag.py:538} INFO - Filling up the DagBag from /home/airflow/.local/lib/python3.8/site-packages/airflow/example_dags/tutorial_taskflow_api.py
[2024-02-16T16:40:18.955+0000] {processor.py:840} INFO - DAG(s) 'tutorial_taskflow_api' retrieved from /home/airflow/.local/lib/python3.8/site-packages/airflow/example_dags/tutorial_taskflow_api.py
[2024-02-16T16:40:18.971+0000] {logging_mixin.py:188} INFO - [2024-02-16T16:40:18.971+0000] {dag.py:3036} INFO - Sync 1 DAGs
[2024-02-16T16:40:18.981+0000] {logging_mixin.py:188} INFO - [2024-02-16T16:40:18.981+0000] {dag.py:3823} INFO - Setting next_dagrun for tutorial_taskflow_api to None, run_after=None
[2024-02-16T16:40:18.997+0000] {processor.py:183} INFO - Processing /home/airflow/.local/lib/python3.8/site-packages/airflow/example_dags/tutorial_taskflow_api.py took 0.050 seconds
[2024-02-16T16:40:49.423+0000] {processor.py:161} INFO - Started process (PID=251) to work on /home/airflow/.local/lib/python3.8/site-packages/airflow/example_dags/tutorial_taskflow_api.py
[2024-02-16T16:40:49.424+0000] {processor.py:830} INFO - Processing file /home/airflow/.local/lib/python3.8/site-packages/airflow/example_dags/tutorial_taskflow_api.py for tasks to queue
[2024-02-16T16:40:49.425+0000] {logging_mixin.py:188} INFO - [2024-02-16T16:40:49.425+0000] {dagbag.py:538} INFO - Filling up the DagBag from /home/airflow/.local/lib/python3.8/site-packages/airflow/example_dags/tutorial_taskflow_api.py
[2024-02-16T16:40:49.429+0000] {processor.py:840} INFO - DAG(s) 'tutorial_taskflow_api' retrieved from /home/airflow/.local/lib/python3.8/site-packages/airflow/example_dags/tutorial_taskflow_api.py
[2024-02-16T16:40:49.443+0000] {logging_mixin.py:188} INFO - [2024-02-16T16:40:49.442+0000] {dag.py:3036} INFO - Sync 1 DAGs
[2024-02-16T16:40:49.452+0000] {logging_mixin.py:188} INFO - [2024-02-16T16:40:49.451+0000] {dag.py:3823} INFO - Setting next_dagrun for tutorial_taskflow_api to None, run_after=None
[2024-02-16T16:40:49.465+0000] {processor.py:183} INFO - Processing /home/airflow/.local/lib/python3.8/site-packages/airflow/example_dags/tutorial_taskflow_api.py took 0.044 seconds
[2024-02-16T16:41:19.829+0000] {processor.py:161} INFO - Started process (PID=308) to work on /home/airflow/.local/lib/python3.8/site-packages/airflow/example_dags/tutorial_taskflow_api.py
[2024-02-16T16:41:19.830+0000] {processor.py:830} INFO - Processing file /home/airflow/.local/lib/python3.8/site-packages/airflow/example_dags/tutorial_taskflow_api.py for tasks to queue
[2024-02-16T16:41:19.832+0000] {logging_mixin.py:188} INFO - [2024-02-16T16:41:19.831+0000] {dagbag.py:538} INFO - Filling up the DagBag from /home/airflow/.local/lib/python3.8/site-packages/airflow/example_dags/tutorial_taskflow_api.py
[2024-02-16T16:41:19.837+0000] {processor.py:840} INFO - DAG(s) 'tutorial_taskflow_api' retrieved from /home/airflow/.local/lib/python3.8/site-packages/airflow/example_dags/tutorial_taskflow_api.py
[2024-02-16T16:41:19.852+0000] {logging_mixin.py:188} INFO - [2024-02-16T16:41:19.852+0000] {dag.py:3036} INFO - Sync 1 DAGs
[2024-02-16T16:41:19.862+0000] {logging_mixin.py:188} INFO - [2024-02-16T16:41:19.862+0000] {dag.py:3823} INFO - Setting next_dagrun for tutorial_taskflow_api to None, run_after=None
[2024-02-16T16:41:19.877+0000] {processor.py:183} INFO - Processing /home/airflow/.local/lib/python3.8/site-packages/airflow/example_dags/tutorial_taskflow_api.py took 0.051 seconds
[2024-02-16T16:41:50.108+0000] {processor.py:161} INFO - Started process (PID=366) to work on /home/airflow/.local/lib/python3.8/site-packages/airflow/example_dags/tutorial_taskflow_api.py
[2024-02-16T16:41:50.109+0000] {processor.py:830} INFO - Processing file /home/airflow/.local/lib/python3.8/site-packages/airflow/example_dags/tutorial_taskflow_api.py for tasks to queue
[2024-02-16T16:41:50.110+0000] {logging_mixin.py:188} INFO - [2024-02-16T16:41:50.110+0000] {dagbag.py:538} INFO - Filling up the DagBag from /home/airflow/.local/lib/python3.8/site-packages/airflow/example_dags/tutorial_taskflow_api.py
[2024-02-16T16:41:50.115+0000] {processor.py:840} INFO - DAG(s) 'tutorial_taskflow_api' retrieved from /home/airflow/.local/lib/python3.8/site-packages/airflow/example_dags/tutorial_taskflow_api.py
[2024-02-16T16:41:50.129+0000] {logging_mixin.py:188} INFO - [2024-02-16T16:41:50.129+0000] {dag.py:3036} INFO - Sync 1 DAGs
[2024-02-16T16:41:50.139+0000] {logging_mixin.py:188} INFO - [2024-02-16T16:41:50.139+0000] {dag.py:3823} INFO - Setting next_dagrun for tutorial_taskflow_api to None, run_after=None
[2024-02-16T16:41:50.155+0000] {processor.py:183} INFO - Processing /home/airflow/.local/lib/python3.8/site-packages/airflow/example_dags/tutorial_taskflow_api.py took 0.049 seconds
[2024-02-16T16:42:20.544+0000] {processor.py:161} INFO - Started process (PID=423) to work on /home/airflow/.local/lib/python3.8/site-packages/airflow/example_dags/tutorial_taskflow_api.py
[2024-02-16T16:42:20.545+0000] {processor.py:830} INFO - Processing file /home/airflow/.local/lib/python3.8/site-packages/airflow/example_dags/tutorial_taskflow_api.py for tasks to queue
[2024-02-16T16:42:20.547+0000] {logging_mixin.py:188} INFO - [2024-02-16T16:42:20.546+0000] {dagbag.py:538} INFO - Filling up the DagBag from /home/airflow/.local/lib/python3.8/site-packages/airflow/example_dags/tutorial_taskflow_api.py
[2024-02-16T16:42:20.553+0000] {processor.py:840} INFO - DAG(s) 'tutorial_taskflow_api' retrieved from /home/airflow/.local/lib/python3.8/site-packages/airflow/example_dags/tutorial_taskflow_api.py
[2024-02-16T16:42:20.572+0000] {logging_mixin.py:188} INFO - [2024-02-16T16:42:20.572+0000] {dag.py:3036} INFO - Sync 1 DAGs
[2024-02-16T16:42:20.584+0000] {logging_mixin.py:188} INFO - [2024-02-16T16:42:20.583+0000] {dag.py:3823} INFO - Setting next_dagrun for tutorial_taskflow_api to None, run_after=None
[2024-02-16T16:42:20.600+0000] {processor.py:183} INFO - Processing /home/airflow/.local/lib/python3.8/site-packages/airflow/example_dags/tutorial_taskflow_api.py took 0.058 seconds
[2024-02-16T16:42:50.908+0000] {processor.py:161} INFO - Started process (PID=480) to work on /home/airflow/.local/lib/python3.8/site-packages/airflow/example_dags/tutorial_taskflow_api.py
[2024-02-16T16:42:50.909+0000] {processor.py:830} INFO - Processing file /home/airflow/.local/lib/python3.8/site-packages/airflow/example_dags/tutorial_taskflow_api.py for tasks to queue
[2024-02-16T16:42:50.910+0000] {logging_mixin.py:188} INFO - [2024-02-16T16:42:50.910+0000] {dagbag.py:538} INFO - Filling up the DagBag from /home/airflow/.local/lib/python3.8/site-packages/airflow/example_dags/tutorial_taskflow_api.py
[2024-02-16T16:42:50.916+0000] {processor.py:840} INFO - DAG(s) 'tutorial_taskflow_api' retrieved from /home/airflow/.local/lib/python3.8/site-packages/airflow/example_dags/tutorial_taskflow_api.py
[2024-02-16T16:42:50.931+0000] {logging_mixin.py:188} INFO - [2024-02-16T16:42:50.931+0000] {dag.py:3036} INFO - Sync 1 DAGs
[2024-02-16T16:42:50.941+0000] {logging_mixin.py:188} INFO - [2024-02-16T16:42:50.941+0000] {dag.py:3823} INFO - Setting next_dagrun for tutorial_taskflow_api to None, run_after=None
[2024-02-16T16:42:50.957+0000] {processor.py:183} INFO - Processing /home/airflow/.local/lib/python3.8/site-packages/airflow/example_dags/tutorial_taskflow_api.py took 0.050 seconds
[2024-02-16T16:43:21.351+0000] {processor.py:161} INFO - Started process (PID=537) to work on /home/airflow/.local/lib/python3.8/site-packages/airflow/example_dags/tutorial_taskflow_api.py
[2024-02-16T16:43:21.352+0000] {processor.py:830} INFO - Processing file /home/airflow/.local/lib/python3.8/site-packages/airflow/example_dags/tutorial_taskflow_api.py for tasks to queue
[2024-02-16T16:43:21.353+0000] {logging_mixin.py:188} INFO - [2024-02-16T16:43:21.353+0000] {dagbag.py:538} INFO - Filling up the DagBag from /home/airflow/.local/lib/python3.8/site-packages/airflow/example_dags/tutorial_taskflow_api.py
[2024-02-16T16:43:21.358+0000] {processor.py:840} INFO - DAG(s) 'tutorial_taskflow_api' retrieved from /home/airflow/.local/lib/python3.8/site-packages/airflow/example_dags/tutorial_taskflow_api.py
[2024-02-16T16:43:21.372+0000] {logging_mixin.py:188} INFO - [2024-02-16T16:43:21.372+0000] {dag.py:3036} INFO - Sync 1 DAGs
[2024-02-16T16:43:21.381+0000] {logging_mixin.py:188} INFO - [2024-02-16T16:43:21.381+0000] {dag.py:3823} INFO - Setting next_dagrun for tutorial_taskflow_api to None, run_after=None
[2024-02-16T16:43:21.396+0000] {processor.py:183} INFO - Processing /home/airflow/.local/lib/python3.8/site-packages/airflow/example_dags/tutorial_taskflow_api.py took 0.047 seconds
[2024-02-16T16:43:51.789+0000] {processor.py:161} INFO - Started process (PID=594) to work on /home/airflow/.local/lib/python3.8/site-packages/airflow/example_dags/tutorial_taskflow_api.py
[2024-02-16T16:43:51.790+0000] {processor.py:830} INFO - Processing file /home/airflow/.local/lib/python3.8/site-packages/airflow/example_dags/tutorial_taskflow_api.py for tasks to queue
[2024-02-16T16:43:51.791+0000] {logging_mixin.py:188} INFO - [2024-02-16T16:43:51.791+0000] {dagbag.py:538} INFO - Filling up the DagBag from /home/airflow/.local/lib/python3.8/site-packages/airflow/example_dags/tutorial_taskflow_api.py
[2024-02-16T16:43:51.796+0000] {processor.py:840} INFO - DAG(s) 'tutorial_taskflow_api' retrieved from /home/airflow/.local/lib/python3.8/site-packages/airflow/example_dags/tutorial_taskflow_api.py
[2024-02-16T16:43:51.810+0000] {logging_mixin.py:188} INFO - [2024-02-16T16:43:51.810+0000] {dag.py:3036} INFO - Sync 1 DAGs
[2024-02-16T16:43:51.823+0000] {logging_mixin.py:188} INFO - [2024-02-16T16:43:51.823+0000] {dag.py:3823} INFO - Setting next_dagrun for tutorial_taskflow_api to None, run_after=None
[2024-02-16T16:43:51.842+0000] {processor.py:183} INFO - Processing /home/airflow/.local/lib/python3.8/site-packages/airflow/example_dags/tutorial_taskflow_api.py took 0.055 seconds
