[2024-02-16T16:20:17.863+0000] {processor.py:161} INFO - Started process (PID=61) to work on /home/airflow/.local/lib/python3.8/site-packages/airflow/example_dags/tutorial.py
[2024-02-16T16:20:17.864+0000] {processor.py:830} INFO - Processing file /home/airflow/.local/lib/python3.8/site-packages/airflow/example_dags/tutorial.py for tasks to queue
[2024-02-16T16:20:17.866+0000] {logging_mixin.py:188} INFO - [2024-02-16T16:20:17.866+0000] {dagbag.py:538} INFO - Filling up the DagBag from /home/airflow/.local/lib/python3.8/site-packages/airflow/example_dags/tutorial.py
[2024-02-16T16:20:17.876+0000] {processor.py:840} INFO - DAG(s) 'tutorial' retrieved from /home/airflow/.local/lib/python3.8/site-packages/airflow/example_dags/tutorial.py
[2024-02-16T16:20:17.887+0000] {logging_mixin.py:188} INFO - [2024-02-16T16:20:17.887+0000] {dag.py:3036} INFO - Sync 1 DAGs
[2024-02-16T16:20:17.909+0000] {logging_mixin.py:188} INFO - [2024-02-16T16:20:17.909+0000] {dag.py:3823} INFO - Setting next_dagrun for tutorial to 2024-02-15 00:00:00+00:00, run_after=2024-02-16 00:00:00+00:00
[2024-02-16T16:20:17.926+0000] {processor.py:183} INFO - Processing /home/airflow/.local/lib/python3.8/site-packages/airflow/example_dags/tutorial.py took 0.066 seconds
[2024-02-16T16:20:48.505+0000] {processor.py:161} INFO - Started process (PID=116) to work on /home/airflow/.local/lib/python3.8/site-packages/airflow/example_dags/tutorial.py
[2024-02-16T16:20:48.506+0000] {processor.py:830} INFO - Processing file /home/airflow/.local/lib/python3.8/site-packages/airflow/example_dags/tutorial.py for tasks to queue
[2024-02-16T16:20:48.507+0000] {logging_mixin.py:188} INFO - [2024-02-16T16:20:48.507+0000] {dagbag.py:538} INFO - Filling up the DagBag from /home/airflow/.local/lib/python3.8/site-packages/airflow/example_dags/tutorial.py
[2024-02-16T16:20:48.511+0000] {processor.py:840} INFO - DAG(s) 'tutorial' retrieved from /home/airflow/.local/lib/python3.8/site-packages/airflow/example_dags/tutorial.py
[2024-02-16T16:20:48.584+0000] {logging_mixin.py:188} INFO - [2024-02-16T16:20:48.584+0000] {dag.py:3036} INFO - Sync 1 DAGs
[2024-02-16T16:20:48.598+0000] {logging_mixin.py:188} INFO - [2024-02-16T16:20:48.598+0000] {dag.py:3823} INFO - Setting next_dagrun for tutorial to 2024-02-15 00:00:00+00:00, run_after=2024-02-16 00:00:00+00:00
[2024-02-16T16:20:48.613+0000] {processor.py:183} INFO - Processing /home/airflow/.local/lib/python3.8/site-packages/airflow/example_dags/tutorial.py took 0.110 seconds
[2024-02-16T16:21:18.686+0000] {processor.py:161} INFO - Started process (PID=171) to work on /home/airflow/.local/lib/python3.8/site-packages/airflow/example_dags/tutorial.py
[2024-02-16T16:21:18.687+0000] {processor.py:830} INFO - Processing file /home/airflow/.local/lib/python3.8/site-packages/airflow/example_dags/tutorial.py for tasks to queue
[2024-02-16T16:21:18.688+0000] {logging_mixin.py:188} INFO - [2024-02-16T16:21:18.688+0000] {dagbag.py:538} INFO - Filling up the DagBag from /home/airflow/.local/lib/python3.8/site-packages/airflow/example_dags/tutorial.py
[2024-02-16T16:21:18.691+0000] {processor.py:840} INFO - DAG(s) 'tutorial' retrieved from /home/airflow/.local/lib/python3.8/site-packages/airflow/example_dags/tutorial.py
[2024-02-16T16:21:18.704+0000] {logging_mixin.py:188} INFO - [2024-02-16T16:21:18.704+0000] {dag.py:3036} INFO - Sync 1 DAGs
[2024-02-16T16:21:18.719+0000] {logging_mixin.py:188} INFO - [2024-02-16T16:21:18.719+0000] {dag.py:3823} INFO - Setting next_dagrun for tutorial to 2024-02-15 00:00:00+00:00, run_after=2024-02-16 00:00:00+00:00
[2024-02-16T16:21:18.731+0000] {processor.py:183} INFO - Processing /home/airflow/.local/lib/python3.8/site-packages/airflow/example_dags/tutorial.py took 0.046 seconds
[2024-02-16T16:21:48.804+0000] {processor.py:161} INFO - Started process (PID=226) to work on /home/airflow/.local/lib/python3.8/site-packages/airflow/example_dags/tutorial.py
[2024-02-16T16:21:48.805+0000] {processor.py:830} INFO - Processing file /home/airflow/.local/lib/python3.8/site-packages/airflow/example_dags/tutorial.py for tasks to queue
[2024-02-16T16:21:48.806+0000] {logging_mixin.py:188} INFO - [2024-02-16T16:21:48.806+0000] {dagbag.py:538} INFO - Filling up the DagBag from /home/airflow/.local/lib/python3.8/site-packages/airflow/example_dags/tutorial.py
[2024-02-16T16:21:48.809+0000] {processor.py:840} INFO - DAG(s) 'tutorial' retrieved from /home/airflow/.local/lib/python3.8/site-packages/airflow/example_dags/tutorial.py
[2024-02-16T16:21:48.824+0000] {logging_mixin.py:188} INFO - [2024-02-16T16:21:48.823+0000] {dag.py:3036} INFO - Sync 1 DAGs
[2024-02-16T16:21:48.840+0000] {logging_mixin.py:188} INFO - [2024-02-16T16:21:48.839+0000] {dag.py:3823} INFO - Setting next_dagrun for tutorial to 2024-02-15 00:00:00+00:00, run_after=2024-02-16 00:00:00+00:00
[2024-02-16T16:21:48.853+0000] {processor.py:183} INFO - Processing /home/airflow/.local/lib/python3.8/site-packages/airflow/example_dags/tutorial.py took 0.051 seconds
[2024-02-16T16:22:18.971+0000] {processor.py:161} INFO - Started process (PID=281) to work on /home/airflow/.local/lib/python3.8/site-packages/airflow/example_dags/tutorial.py
[2024-02-16T16:22:18.972+0000] {processor.py:830} INFO - Processing file /home/airflow/.local/lib/python3.8/site-packages/airflow/example_dags/tutorial.py for tasks to queue
[2024-02-16T16:22:18.973+0000] {logging_mixin.py:188} INFO - [2024-02-16T16:22:18.972+0000] {dagbag.py:538} INFO - Filling up the DagBag from /home/airflow/.local/lib/python3.8/site-packages/airflow/example_dags/tutorial.py
[2024-02-16T16:22:18.976+0000] {processor.py:840} INFO - DAG(s) 'tutorial' retrieved from /home/airflow/.local/lib/python3.8/site-packages/airflow/example_dags/tutorial.py
[2024-02-16T16:22:18.990+0000] {logging_mixin.py:188} INFO - [2024-02-16T16:22:18.990+0000] {dag.py:3036} INFO - Sync 1 DAGs
[2024-02-16T16:22:19.008+0000] {logging_mixin.py:188} INFO - [2024-02-16T16:22:19.008+0000] {dag.py:3823} INFO - Setting next_dagrun for tutorial to 2024-02-15 00:00:00+00:00, run_after=2024-02-16 00:00:00+00:00
[2024-02-16T16:22:19.022+0000] {processor.py:183} INFO - Processing /home/airflow/.local/lib/python3.8/site-packages/airflow/example_dags/tutorial.py took 0.054 seconds
[2024-02-16T16:22:49.101+0000] {processor.py:161} INFO - Started process (PID=336) to work on /home/airflow/.local/lib/python3.8/site-packages/airflow/example_dags/tutorial.py
[2024-02-16T16:22:49.101+0000] {processor.py:830} INFO - Processing file /home/airflow/.local/lib/python3.8/site-packages/airflow/example_dags/tutorial.py for tasks to queue
[2024-02-16T16:22:49.103+0000] {logging_mixin.py:188} INFO - [2024-02-16T16:22:49.102+0000] {dagbag.py:538} INFO - Filling up the DagBag from /home/airflow/.local/lib/python3.8/site-packages/airflow/example_dags/tutorial.py
[2024-02-16T16:22:49.106+0000] {processor.py:840} INFO - DAG(s) 'tutorial' retrieved from /home/airflow/.local/lib/python3.8/site-packages/airflow/example_dags/tutorial.py
[2024-02-16T16:22:49.123+0000] {logging_mixin.py:188} INFO - [2024-02-16T16:22:49.123+0000] {dag.py:3036} INFO - Sync 1 DAGs
[2024-02-16T16:22:49.141+0000] {logging_mixin.py:188} INFO - [2024-02-16T16:22:49.141+0000] {dag.py:3823} INFO - Setting next_dagrun for tutorial to 2024-02-15 00:00:00+00:00, run_after=2024-02-16 00:00:00+00:00
[2024-02-16T16:22:49.155+0000] {processor.py:183} INFO - Processing /home/airflow/.local/lib/python3.8/site-packages/airflow/example_dags/tutorial.py took 0.056 seconds
[2024-02-16T16:23:19.413+0000] {processor.py:161} INFO - Started process (PID=391) to work on /home/airflow/.local/lib/python3.8/site-packages/airflow/example_dags/tutorial.py
[2024-02-16T16:23:19.413+0000] {processor.py:830} INFO - Processing file /home/airflow/.local/lib/python3.8/site-packages/airflow/example_dags/tutorial.py for tasks to queue
[2024-02-16T16:23:19.414+0000] {logging_mixin.py:188} INFO - [2024-02-16T16:23:19.414+0000] {dagbag.py:538} INFO - Filling up the DagBag from /home/airflow/.local/lib/python3.8/site-packages/airflow/example_dags/tutorial.py
[2024-02-16T16:23:19.418+0000] {processor.py:840} INFO - DAG(s) 'tutorial' retrieved from /home/airflow/.local/lib/python3.8/site-packages/airflow/example_dags/tutorial.py
[2024-02-16T16:23:19.433+0000] {logging_mixin.py:188} INFO - [2024-02-16T16:23:19.433+0000] {dag.py:3036} INFO - Sync 1 DAGs
[2024-02-16T16:23:19.450+0000] {logging_mixin.py:188} INFO - [2024-02-16T16:23:19.450+0000] {dag.py:3823} INFO - Setting next_dagrun for tutorial to 2024-02-15 00:00:00+00:00, run_after=2024-02-16 00:00:00+00:00
[2024-02-16T16:23:19.464+0000] {processor.py:183} INFO - Processing /home/airflow/.local/lib/python3.8/site-packages/airflow/example_dags/tutorial.py took 0.053 seconds
[2024-02-16T16:23:49.674+0000] {processor.py:161} INFO - Started process (PID=446) to work on /home/airflow/.local/lib/python3.8/site-packages/airflow/example_dags/tutorial.py
[2024-02-16T16:23:49.675+0000] {processor.py:830} INFO - Processing file /home/airflow/.local/lib/python3.8/site-packages/airflow/example_dags/tutorial.py for tasks to queue
[2024-02-16T16:23:49.676+0000] {logging_mixin.py:188} INFO - [2024-02-16T16:23:49.676+0000] {dagbag.py:538} INFO - Filling up the DagBag from /home/airflow/.local/lib/python3.8/site-packages/airflow/example_dags/tutorial.py
[2024-02-16T16:23:49.680+0000] {processor.py:840} INFO - DAG(s) 'tutorial' retrieved from /home/airflow/.local/lib/python3.8/site-packages/airflow/example_dags/tutorial.py
[2024-02-16T16:23:49.694+0000] {logging_mixin.py:188} INFO - [2024-02-16T16:23:49.694+0000] {dag.py:3036} INFO - Sync 1 DAGs
[2024-02-16T16:23:49.716+0000] {logging_mixin.py:188} INFO - [2024-02-16T16:23:49.715+0000] {dag.py:3823} INFO - Setting next_dagrun for tutorial to 2024-02-15 00:00:00+00:00, run_after=2024-02-16 00:00:00+00:00
[2024-02-16T16:23:49.738+0000] {processor.py:183} INFO - Processing /home/airflow/.local/lib/python3.8/site-packages/airflow/example_dags/tutorial.py took 0.065 seconds
[2024-02-16T16:24:19.928+0000] {processor.py:161} INFO - Started process (PID=501) to work on /home/airflow/.local/lib/python3.8/site-packages/airflow/example_dags/tutorial.py
[2024-02-16T16:24:19.928+0000] {processor.py:830} INFO - Processing file /home/airflow/.local/lib/python3.8/site-packages/airflow/example_dags/tutorial.py for tasks to queue
[2024-02-16T16:24:19.930+0000] {logging_mixin.py:188} INFO - [2024-02-16T16:24:19.929+0000] {dagbag.py:538} INFO - Filling up the DagBag from /home/airflow/.local/lib/python3.8/site-packages/airflow/example_dags/tutorial.py
[2024-02-16T16:24:19.934+0000] {processor.py:840} INFO - DAG(s) 'tutorial' retrieved from /home/airflow/.local/lib/python3.8/site-packages/airflow/example_dags/tutorial.py
[2024-02-16T16:24:19.949+0000] {logging_mixin.py:188} INFO - [2024-02-16T16:24:19.949+0000] {dag.py:3036} INFO - Sync 1 DAGs
[2024-02-16T16:24:19.969+0000] {logging_mixin.py:188} INFO - [2024-02-16T16:24:19.969+0000] {dag.py:3823} INFO - Setting next_dagrun for tutorial to 2024-02-15 00:00:00+00:00, run_after=2024-02-16 00:00:00+00:00
[2024-02-16T16:24:19.990+0000] {processor.py:183} INFO - Processing /home/airflow/.local/lib/python3.8/site-packages/airflow/example_dags/tutorial.py took 0.064 seconds
[2024-02-16T16:24:50.191+0000] {processor.py:161} INFO - Started process (PID=556) to work on /home/airflow/.local/lib/python3.8/site-packages/airflow/example_dags/tutorial.py
[2024-02-16T16:24:50.192+0000] {processor.py:830} INFO - Processing file /home/airflow/.local/lib/python3.8/site-packages/airflow/example_dags/tutorial.py for tasks to queue
[2024-02-16T16:24:50.193+0000] {logging_mixin.py:188} INFO - [2024-02-16T16:24:50.193+0000] {dagbag.py:538} INFO - Filling up the DagBag from /home/airflow/.local/lib/python3.8/site-packages/airflow/example_dags/tutorial.py
[2024-02-16T16:24:50.197+0000] {processor.py:840} INFO - DAG(s) 'tutorial' retrieved from /home/airflow/.local/lib/python3.8/site-packages/airflow/example_dags/tutorial.py
[2024-02-16T16:24:50.212+0000] {logging_mixin.py:188} INFO - [2024-02-16T16:24:50.212+0000] {dag.py:3036} INFO - Sync 1 DAGs
[2024-02-16T16:24:50.230+0000] {logging_mixin.py:188} INFO - [2024-02-16T16:24:50.230+0000] {dag.py:3823} INFO - Setting next_dagrun for tutorial to 2024-02-15 00:00:00+00:00, run_after=2024-02-16 00:00:00+00:00
[2024-02-16T16:24:50.253+0000] {processor.py:183} INFO - Processing /home/airflow/.local/lib/python3.8/site-packages/airflow/example_dags/tutorial.py took 0.063 seconds
[2024-02-16T16:25:20.366+0000] {processor.py:161} INFO - Started process (PID=611) to work on /home/airflow/.local/lib/python3.8/site-packages/airflow/example_dags/tutorial.py
[2024-02-16T16:25:20.367+0000] {processor.py:830} INFO - Processing file /home/airflow/.local/lib/python3.8/site-packages/airflow/example_dags/tutorial.py for tasks to queue
[2024-02-16T16:25:20.368+0000] {logging_mixin.py:188} INFO - [2024-02-16T16:25:20.368+0000] {dagbag.py:538} INFO - Filling up the DagBag from /home/airflow/.local/lib/python3.8/site-packages/airflow/example_dags/tutorial.py
[2024-02-16T16:25:20.372+0000] {processor.py:840} INFO - DAG(s) 'tutorial' retrieved from /home/airflow/.local/lib/python3.8/site-packages/airflow/example_dags/tutorial.py
[2024-02-16T16:25:20.389+0000] {logging_mixin.py:188} INFO - [2024-02-16T16:25:20.388+0000] {dag.py:3036} INFO - Sync 1 DAGs
[2024-02-16T16:25:20.407+0000] {logging_mixin.py:188} INFO - [2024-02-16T16:25:20.407+0000] {dag.py:3823} INFO - Setting next_dagrun for tutorial to 2024-02-15 00:00:00+00:00, run_after=2024-02-16 00:00:00+00:00
[2024-02-16T16:25:20.424+0000] {processor.py:183} INFO - Processing /home/airflow/.local/lib/python3.8/site-packages/airflow/example_dags/tutorial.py took 0.060 seconds
[2024-02-16T16:25:50.605+0000] {processor.py:161} INFO - Started process (PID=666) to work on /home/airflow/.local/lib/python3.8/site-packages/airflow/example_dags/tutorial.py
[2024-02-16T16:25:50.605+0000] {processor.py:830} INFO - Processing file /home/airflow/.local/lib/python3.8/site-packages/airflow/example_dags/tutorial.py for tasks to queue
[2024-02-16T16:25:50.606+0000] {logging_mixin.py:188} INFO - [2024-02-16T16:25:50.606+0000] {dagbag.py:538} INFO - Filling up the DagBag from /home/airflow/.local/lib/python3.8/site-packages/airflow/example_dags/tutorial.py
[2024-02-16T16:25:50.610+0000] {processor.py:840} INFO - DAG(s) 'tutorial' retrieved from /home/airflow/.local/lib/python3.8/site-packages/airflow/example_dags/tutorial.py
[2024-02-16T16:25:50.622+0000] {logging_mixin.py:188} INFO - [2024-02-16T16:25:50.622+0000] {dag.py:3036} INFO - Sync 1 DAGs
[2024-02-16T16:25:50.637+0000] {logging_mixin.py:188} INFO - [2024-02-16T16:25:50.637+0000] {dag.py:3823} INFO - Setting next_dagrun for tutorial to 2024-02-15 00:00:00+00:00, run_after=2024-02-16 00:00:00+00:00
[2024-02-16T16:25:50.650+0000] {processor.py:183} INFO - Processing /home/airflow/.local/lib/python3.8/site-packages/airflow/example_dags/tutorial.py took 0.047 seconds
[2024-02-16T16:26:20.810+0000] {processor.py:161} INFO - Started process (PID=721) to work on /home/airflow/.local/lib/python3.8/site-packages/airflow/example_dags/tutorial.py
[2024-02-16T16:26:20.811+0000] {processor.py:830} INFO - Processing file /home/airflow/.local/lib/python3.8/site-packages/airflow/example_dags/tutorial.py for tasks to queue
[2024-02-16T16:26:20.812+0000] {logging_mixin.py:188} INFO - [2024-02-16T16:26:20.812+0000] {dagbag.py:538} INFO - Filling up the DagBag from /home/airflow/.local/lib/python3.8/site-packages/airflow/example_dags/tutorial.py
[2024-02-16T16:26:20.816+0000] {processor.py:840} INFO - DAG(s) 'tutorial' retrieved from /home/airflow/.local/lib/python3.8/site-packages/airflow/example_dags/tutorial.py
[2024-02-16T16:26:20.831+0000] {logging_mixin.py:188} INFO - [2024-02-16T16:26:20.831+0000] {dag.py:3036} INFO - Sync 1 DAGs
[2024-02-16T16:26:20.847+0000] {logging_mixin.py:188} INFO - [2024-02-16T16:26:20.847+0000] {dag.py:3823} INFO - Setting next_dagrun for tutorial to 2024-02-15 00:00:00+00:00, run_after=2024-02-16 00:00:00+00:00
[2024-02-16T16:26:20.862+0000] {processor.py:183} INFO - Processing /home/airflow/.local/lib/python3.8/site-packages/airflow/example_dags/tutorial.py took 0.053 seconds
[2024-02-16T16:26:51.203+0000] {processor.py:161} INFO - Started process (PID=776) to work on /home/airflow/.local/lib/python3.8/site-packages/airflow/example_dags/tutorial.py
[2024-02-16T16:26:51.203+0000] {processor.py:830} INFO - Processing file /home/airflow/.local/lib/python3.8/site-packages/airflow/example_dags/tutorial.py for tasks to queue
[2024-02-16T16:26:51.205+0000] {logging_mixin.py:188} INFO - [2024-02-16T16:26:51.204+0000] {dagbag.py:538} INFO - Filling up the DagBag from /home/airflow/.local/lib/python3.8/site-packages/airflow/example_dags/tutorial.py
[2024-02-16T16:26:51.209+0000] {processor.py:840} INFO - DAG(s) 'tutorial' retrieved from /home/airflow/.local/lib/python3.8/site-packages/airflow/example_dags/tutorial.py
[2024-02-16T16:26:51.224+0000] {logging_mixin.py:188} INFO - [2024-02-16T16:26:51.224+0000] {dag.py:3036} INFO - Sync 1 DAGs
[2024-02-16T16:26:51.244+0000] {logging_mixin.py:188} INFO - [2024-02-16T16:26:51.244+0000] {dag.py:3823} INFO - Setting next_dagrun for tutorial to 2024-02-15 00:00:00+00:00, run_after=2024-02-16 00:00:00+00:00
[2024-02-16T16:26:51.263+0000] {processor.py:183} INFO - Processing /home/airflow/.local/lib/python3.8/site-packages/airflow/example_dags/tutorial.py took 0.063 seconds
[2024-02-16T16:27:21.309+0000] {processor.py:161} INFO - Started process (PID=831) to work on /home/airflow/.local/lib/python3.8/site-packages/airflow/example_dags/tutorial.py
[2024-02-16T16:27:21.309+0000] {processor.py:830} INFO - Processing file /home/airflow/.local/lib/python3.8/site-packages/airflow/example_dags/tutorial.py for tasks to queue
[2024-02-16T16:27:21.310+0000] {logging_mixin.py:188} INFO - [2024-02-16T16:27:21.310+0000] {dagbag.py:538} INFO - Filling up the DagBag from /home/airflow/.local/lib/python3.8/site-packages/airflow/example_dags/tutorial.py
[2024-02-16T16:27:21.314+0000] {processor.py:840} INFO - DAG(s) 'tutorial' retrieved from /home/airflow/.local/lib/python3.8/site-packages/airflow/example_dags/tutorial.py
[2024-02-16T16:27:21.328+0000] {logging_mixin.py:188} INFO - [2024-02-16T16:27:21.327+0000] {dag.py:3036} INFO - Sync 1 DAGs
[2024-02-16T16:27:21.344+0000] {logging_mixin.py:188} INFO - [2024-02-16T16:27:21.344+0000] {dag.py:3823} INFO - Setting next_dagrun for tutorial to 2024-02-15 00:00:00+00:00, run_after=2024-02-16 00:00:00+00:00
[2024-02-16T16:27:21.361+0000] {processor.py:183} INFO - Processing /home/airflow/.local/lib/python3.8/site-packages/airflow/example_dags/tutorial.py took 0.054 seconds
[2024-02-16T16:27:52.378+0000] {processor.py:161} INFO - Started process (PID=886) to work on /home/airflow/.local/lib/python3.8/site-packages/airflow/example_dags/tutorial.py
[2024-02-16T16:27:52.379+0000] {processor.py:830} INFO - Processing file /home/airflow/.local/lib/python3.8/site-packages/airflow/example_dags/tutorial.py for tasks to queue
[2024-02-16T16:27:52.380+0000] {logging_mixin.py:188} INFO - [2024-02-16T16:27:52.380+0000] {dagbag.py:538} INFO - Filling up the DagBag from /home/airflow/.local/lib/python3.8/site-packages/airflow/example_dags/tutorial.py
[2024-02-16T16:27:52.383+0000] {processor.py:840} INFO - DAG(s) 'tutorial' retrieved from /home/airflow/.local/lib/python3.8/site-packages/airflow/example_dags/tutorial.py
[2024-02-16T16:27:52.398+0000] {logging_mixin.py:188} INFO - [2024-02-16T16:27:52.398+0000] {dag.py:3036} INFO - Sync 1 DAGs
[2024-02-16T16:27:52.415+0000] {logging_mixin.py:188} INFO - [2024-02-16T16:27:52.414+0000] {dag.py:3823} INFO - Setting next_dagrun for tutorial to 2024-02-15 00:00:00+00:00, run_after=2024-02-16 00:00:00+00:00
[2024-02-16T16:27:52.430+0000] {processor.py:183} INFO - Processing /home/airflow/.local/lib/python3.8/site-packages/airflow/example_dags/tutorial.py took 0.054 seconds
[2024-02-16T16:28:22.646+0000] {processor.py:161} INFO - Started process (PID=941) to work on /home/airflow/.local/lib/python3.8/site-packages/airflow/example_dags/tutorial.py
[2024-02-16T16:28:22.647+0000] {processor.py:830} INFO - Processing file /home/airflow/.local/lib/python3.8/site-packages/airflow/example_dags/tutorial.py for tasks to queue
[2024-02-16T16:28:22.648+0000] {logging_mixin.py:188} INFO - [2024-02-16T16:28:22.648+0000] {dagbag.py:538} INFO - Filling up the DagBag from /home/airflow/.local/lib/python3.8/site-packages/airflow/example_dags/tutorial.py
[2024-02-16T16:28:22.652+0000] {processor.py:840} INFO - DAG(s) 'tutorial' retrieved from /home/airflow/.local/lib/python3.8/site-packages/airflow/example_dags/tutorial.py
[2024-02-16T16:28:22.666+0000] {logging_mixin.py:188} INFO - [2024-02-16T16:28:22.666+0000] {dag.py:3036} INFO - Sync 1 DAGs
[2024-02-16T16:28:22.683+0000] {logging_mixin.py:188} INFO - [2024-02-16T16:28:22.683+0000] {dag.py:3823} INFO - Setting next_dagrun for tutorial to 2024-02-15 00:00:00+00:00, run_after=2024-02-16 00:00:00+00:00
[2024-02-16T16:28:22.698+0000] {processor.py:183} INFO - Processing /home/airflow/.local/lib/python3.8/site-packages/airflow/example_dags/tutorial.py took 0.054 seconds
[2024-02-16T16:28:52.867+0000] {processor.py:161} INFO - Started process (PID=996) to work on /home/airflow/.local/lib/python3.8/site-packages/airflow/example_dags/tutorial.py
[2024-02-16T16:28:52.868+0000] {processor.py:830} INFO - Processing file /home/airflow/.local/lib/python3.8/site-packages/airflow/example_dags/tutorial.py for tasks to queue
[2024-02-16T16:28:52.869+0000] {logging_mixin.py:188} INFO - [2024-02-16T16:28:52.868+0000] {dagbag.py:538} INFO - Filling up the DagBag from /home/airflow/.local/lib/python3.8/site-packages/airflow/example_dags/tutorial.py
[2024-02-16T16:28:52.872+0000] {processor.py:840} INFO - DAG(s) 'tutorial' retrieved from /home/airflow/.local/lib/python3.8/site-packages/airflow/example_dags/tutorial.py
[2024-02-16T16:28:52.884+0000] {logging_mixin.py:188} INFO - [2024-02-16T16:28:52.884+0000] {dag.py:3036} INFO - Sync 1 DAGs
[2024-02-16T16:28:52.898+0000] {logging_mixin.py:188} INFO - [2024-02-16T16:28:52.898+0000] {dag.py:3823} INFO - Setting next_dagrun for tutorial to 2024-02-15 00:00:00+00:00, run_after=2024-02-16 00:00:00+00:00
[2024-02-16T16:28:52.910+0000] {processor.py:183} INFO - Processing /home/airflow/.local/lib/python3.8/site-packages/airflow/example_dags/tutorial.py took 0.045 seconds
[2024-02-16T16:29:23.007+0000] {processor.py:161} INFO - Started process (PID=1051) to work on /home/airflow/.local/lib/python3.8/site-packages/airflow/example_dags/tutorial.py
[2024-02-16T16:29:23.008+0000] {processor.py:830} INFO - Processing file /home/airflow/.local/lib/python3.8/site-packages/airflow/example_dags/tutorial.py for tasks to queue
[2024-02-16T16:29:23.009+0000] {logging_mixin.py:188} INFO - [2024-02-16T16:29:23.009+0000] {dagbag.py:538} INFO - Filling up the DagBag from /home/airflow/.local/lib/python3.8/site-packages/airflow/example_dags/tutorial.py
[2024-02-16T16:29:23.012+0000] {processor.py:840} INFO - DAG(s) 'tutorial' retrieved from /home/airflow/.local/lib/python3.8/site-packages/airflow/example_dags/tutorial.py
[2024-02-16T16:29:23.026+0000] {logging_mixin.py:188} INFO - [2024-02-16T16:29:23.026+0000] {dag.py:3036} INFO - Sync 1 DAGs
[2024-02-16T16:29:23.044+0000] {logging_mixin.py:188} INFO - [2024-02-16T16:29:23.043+0000] {dag.py:3823} INFO - Setting next_dagrun for tutorial to 2024-02-15 00:00:00+00:00, run_after=2024-02-16 00:00:00+00:00
[2024-02-16T16:29:23.056+0000] {processor.py:183} INFO - Processing /home/airflow/.local/lib/python3.8/site-packages/airflow/example_dags/tutorial.py took 0.051 seconds
[2024-02-16T16:29:53.304+0000] {processor.py:161} INFO - Started process (PID=1106) to work on /home/airflow/.local/lib/python3.8/site-packages/airflow/example_dags/tutorial.py
[2024-02-16T16:29:53.305+0000] {processor.py:830} INFO - Processing file /home/airflow/.local/lib/python3.8/site-packages/airflow/example_dags/tutorial.py for tasks to queue
[2024-02-16T16:29:53.306+0000] {logging_mixin.py:188} INFO - [2024-02-16T16:29:53.306+0000] {dagbag.py:538} INFO - Filling up the DagBag from /home/airflow/.local/lib/python3.8/site-packages/airflow/example_dags/tutorial.py
[2024-02-16T16:29:53.310+0000] {processor.py:840} INFO - DAG(s) 'tutorial' retrieved from /home/airflow/.local/lib/python3.8/site-packages/airflow/example_dags/tutorial.py
[2024-02-16T16:29:53.325+0000] {logging_mixin.py:188} INFO - [2024-02-16T16:29:53.324+0000] {dag.py:3036} INFO - Sync 1 DAGs
[2024-02-16T16:29:53.341+0000] {logging_mixin.py:188} INFO - [2024-02-16T16:29:53.341+0000] {dag.py:3823} INFO - Setting next_dagrun for tutorial to 2024-02-15 00:00:00+00:00, run_after=2024-02-16 00:00:00+00:00
[2024-02-16T16:29:53.357+0000] {processor.py:183} INFO - Processing /home/airflow/.local/lib/python3.8/site-packages/airflow/example_dags/tutorial.py took 0.054 seconds
[2024-02-16T16:30:24.269+0000] {processor.py:161} INFO - Started process (PID=1162) to work on /home/airflow/.local/lib/python3.8/site-packages/airflow/example_dags/tutorial.py
[2024-02-16T16:30:24.270+0000] {processor.py:830} INFO - Processing file /home/airflow/.local/lib/python3.8/site-packages/airflow/example_dags/tutorial.py for tasks to queue
[2024-02-16T16:30:24.271+0000] {logging_mixin.py:188} INFO - [2024-02-16T16:30:24.270+0000] {dagbag.py:538} INFO - Filling up the DagBag from /home/airflow/.local/lib/python3.8/site-packages/airflow/example_dags/tutorial.py
[2024-02-16T16:30:24.274+0000] {processor.py:840} INFO - DAG(s) 'tutorial' retrieved from /home/airflow/.local/lib/python3.8/site-packages/airflow/example_dags/tutorial.py
[2024-02-16T16:30:24.288+0000] {logging_mixin.py:188} INFO - [2024-02-16T16:30:24.288+0000] {dag.py:3036} INFO - Sync 1 DAGs
[2024-02-16T16:30:24.304+0000] {logging_mixin.py:188} INFO - [2024-02-16T16:30:24.304+0000] {dag.py:3823} INFO - Setting next_dagrun for tutorial to 2024-02-15 00:00:00+00:00, run_after=2024-02-16 00:00:00+00:00
[2024-02-16T16:30:24.317+0000] {processor.py:183} INFO - Processing /home/airflow/.local/lib/python3.8/site-packages/airflow/example_dags/tutorial.py took 0.049 seconds
[2024-02-16T16:31:26.929+0000] {processor.py:161} INFO - Started process (PID=62) to work on /home/airflow/.local/lib/python3.8/site-packages/airflow/example_dags/tutorial.py
[2024-02-16T16:31:26.930+0000] {processor.py:830} INFO - Processing file /home/airflow/.local/lib/python3.8/site-packages/airflow/example_dags/tutorial.py for tasks to queue
[2024-02-16T16:31:26.931+0000] {logging_mixin.py:188} INFO - [2024-02-16T16:31:26.931+0000] {dagbag.py:538} INFO - Filling up the DagBag from /home/airflow/.local/lib/python3.8/site-packages/airflow/example_dags/tutorial.py
[2024-02-16T16:31:26.937+0000] {processor.py:840} INFO - DAG(s) 'tutorial' retrieved from /home/airflow/.local/lib/python3.8/site-packages/airflow/example_dags/tutorial.py
[2024-02-16T16:31:26.946+0000] {logging_mixin.py:188} INFO - [2024-02-16T16:31:26.946+0000] {dag.py:3036} INFO - Sync 1 DAGs
[2024-02-16T16:31:26.965+0000] {logging_mixin.py:188} INFO - [2024-02-16T16:31:26.965+0000] {dag.py:3823} INFO - Setting next_dagrun for tutorial to 2024-02-15 00:00:00+00:00, run_after=2024-02-16 00:00:00+00:00
[2024-02-16T16:31:26.981+0000] {processor.py:183} INFO - Processing /home/airflow/.local/lib/python3.8/site-packages/airflow/example_dags/tutorial.py took 0.053 seconds
[2024-02-16T16:31:58.257+0000] {processor.py:161} INFO - Started process (PID=118) to work on /home/airflow/.local/lib/python3.8/site-packages/airflow/example_dags/tutorial.py
[2024-02-16T16:31:58.258+0000] {processor.py:830} INFO - Processing file /home/airflow/.local/lib/python3.8/site-packages/airflow/example_dags/tutorial.py for tasks to queue
[2024-02-16T16:31:58.259+0000] {logging_mixin.py:188} INFO - [2024-02-16T16:31:58.259+0000] {dagbag.py:538} INFO - Filling up the DagBag from /home/airflow/.local/lib/python3.8/site-packages/airflow/example_dags/tutorial.py
[2024-02-16T16:31:58.263+0000] {processor.py:840} INFO - DAG(s) 'tutorial' retrieved from /home/airflow/.local/lib/python3.8/site-packages/airflow/example_dags/tutorial.py
[2024-02-16T16:31:58.334+0000] {logging_mixin.py:188} INFO - [2024-02-16T16:31:58.334+0000] {dag.py:3036} INFO - Sync 1 DAGs
[2024-02-16T16:31:58.348+0000] {logging_mixin.py:188} INFO - [2024-02-16T16:31:58.348+0000] {dag.py:3823} INFO - Setting next_dagrun for tutorial to 2024-02-15 00:00:00+00:00, run_after=2024-02-16 00:00:00+00:00
[2024-02-16T16:31:58.362+0000] {processor.py:183} INFO - Processing /home/airflow/.local/lib/python3.8/site-packages/airflow/example_dags/tutorial.py took 0.106 seconds
[2024-02-16T16:32:28.861+0000] {processor.py:161} INFO - Started process (PID=174) to work on /home/airflow/.local/lib/python3.8/site-packages/airflow/example_dags/tutorial.py
[2024-02-16T16:32:28.862+0000] {processor.py:830} INFO - Processing file /home/airflow/.local/lib/python3.8/site-packages/airflow/example_dags/tutorial.py for tasks to queue
[2024-02-16T16:32:28.863+0000] {logging_mixin.py:188} INFO - [2024-02-16T16:32:28.863+0000] {dagbag.py:538} INFO - Filling up the DagBag from /home/airflow/.local/lib/python3.8/site-packages/airflow/example_dags/tutorial.py
[2024-02-16T16:32:28.866+0000] {processor.py:840} INFO - DAG(s) 'tutorial' retrieved from /home/airflow/.local/lib/python3.8/site-packages/airflow/example_dags/tutorial.py
[2024-02-16T16:32:28.879+0000] {logging_mixin.py:188} INFO - [2024-02-16T16:32:28.879+0000] {dag.py:3036} INFO - Sync 1 DAGs
[2024-02-16T16:32:28.895+0000] {logging_mixin.py:188} INFO - [2024-02-16T16:32:28.895+0000] {dag.py:3823} INFO - Setting next_dagrun for tutorial to 2024-02-15 00:00:00+00:00, run_after=2024-02-16 00:00:00+00:00
[2024-02-16T16:32:28.908+0000] {processor.py:183} INFO - Processing /home/airflow/.local/lib/python3.8/site-packages/airflow/example_dags/tutorial.py took 0.048 seconds
[2024-02-16T16:32:59.052+0000] {processor.py:161} INFO - Started process (PID=230) to work on /home/airflow/.local/lib/python3.8/site-packages/airflow/example_dags/tutorial.py
[2024-02-16T16:32:59.053+0000] {processor.py:830} INFO - Processing file /home/airflow/.local/lib/python3.8/site-packages/airflow/example_dags/tutorial.py for tasks to queue
[2024-02-16T16:32:59.054+0000] {logging_mixin.py:188} INFO - [2024-02-16T16:32:59.054+0000] {dagbag.py:538} INFO - Filling up the DagBag from /home/airflow/.local/lib/python3.8/site-packages/airflow/example_dags/tutorial.py
[2024-02-16T16:32:59.057+0000] {processor.py:840} INFO - DAG(s) 'tutorial' retrieved from /home/airflow/.local/lib/python3.8/site-packages/airflow/example_dags/tutorial.py
[2024-02-16T16:32:59.070+0000] {logging_mixin.py:188} INFO - [2024-02-16T16:32:59.070+0000] {dag.py:3036} INFO - Sync 1 DAGs
[2024-02-16T16:32:59.086+0000] {logging_mixin.py:188} INFO - [2024-02-16T16:32:59.086+0000] {dag.py:3823} INFO - Setting next_dagrun for tutorial to 2024-02-15 00:00:00+00:00, run_after=2024-02-16 00:00:00+00:00
[2024-02-16T16:32:59.100+0000] {processor.py:183} INFO - Processing /home/airflow/.local/lib/python3.8/site-packages/airflow/example_dags/tutorial.py took 0.049 seconds
[2024-02-16T16:33:29.366+0000] {processor.py:161} INFO - Started process (PID=286) to work on /home/airflow/.local/lib/python3.8/site-packages/airflow/example_dags/tutorial.py
[2024-02-16T16:33:29.366+0000] {processor.py:830} INFO - Processing file /home/airflow/.local/lib/python3.8/site-packages/airflow/example_dags/tutorial.py for tasks to queue
[2024-02-16T16:33:29.367+0000] {logging_mixin.py:188} INFO - [2024-02-16T16:33:29.367+0000] {dagbag.py:538} INFO - Filling up the DagBag from /home/airflow/.local/lib/python3.8/site-packages/airflow/example_dags/tutorial.py
[2024-02-16T16:33:29.371+0000] {processor.py:840} INFO - DAG(s) 'tutorial' retrieved from /home/airflow/.local/lib/python3.8/site-packages/airflow/example_dags/tutorial.py
[2024-02-16T16:33:29.384+0000] {logging_mixin.py:188} INFO - [2024-02-16T16:33:29.384+0000] {dag.py:3036} INFO - Sync 1 DAGs
[2024-02-16T16:33:29.399+0000] {logging_mixin.py:188} INFO - [2024-02-16T16:33:29.399+0000] {dag.py:3823} INFO - Setting next_dagrun for tutorial to 2024-02-15 00:00:00+00:00, run_after=2024-02-16 00:00:00+00:00
[2024-02-16T16:33:29.411+0000] {processor.py:183} INFO - Processing /home/airflow/.local/lib/python3.8/site-packages/airflow/example_dags/tutorial.py took 0.048 seconds
[2024-02-16T16:33:59.508+0000] {processor.py:161} INFO - Started process (PID=342) to work on /home/airflow/.local/lib/python3.8/site-packages/airflow/example_dags/tutorial.py
[2024-02-16T16:33:59.508+0000] {processor.py:830} INFO - Processing file /home/airflow/.local/lib/python3.8/site-packages/airflow/example_dags/tutorial.py for tasks to queue
[2024-02-16T16:33:59.510+0000] {logging_mixin.py:188} INFO - [2024-02-16T16:33:59.509+0000] {dagbag.py:538} INFO - Filling up the DagBag from /home/airflow/.local/lib/python3.8/site-packages/airflow/example_dags/tutorial.py
[2024-02-16T16:33:59.513+0000] {processor.py:840} INFO - DAG(s) 'tutorial' retrieved from /home/airflow/.local/lib/python3.8/site-packages/airflow/example_dags/tutorial.py
[2024-02-16T16:33:59.527+0000] {logging_mixin.py:188} INFO - [2024-02-16T16:33:59.526+0000] {dag.py:3036} INFO - Sync 1 DAGs
[2024-02-16T16:33:59.543+0000] {logging_mixin.py:188} INFO - [2024-02-16T16:33:59.543+0000] {dag.py:3823} INFO - Setting next_dagrun for tutorial to 2024-02-15 00:00:00+00:00, run_after=2024-02-16 00:00:00+00:00
[2024-02-16T16:33:59.557+0000] {processor.py:183} INFO - Processing /home/airflow/.local/lib/python3.8/site-packages/airflow/example_dags/tutorial.py took 0.051 seconds
[2024-02-16T16:34:29.765+0000] {processor.py:161} INFO - Started process (PID=398) to work on /home/airflow/.local/lib/python3.8/site-packages/airflow/example_dags/tutorial.py
[2024-02-16T16:34:29.766+0000] {processor.py:830} INFO - Processing file /home/airflow/.local/lib/python3.8/site-packages/airflow/example_dags/tutorial.py for tasks to queue
[2024-02-16T16:34:29.767+0000] {logging_mixin.py:188} INFO - [2024-02-16T16:34:29.767+0000] {dagbag.py:538} INFO - Filling up the DagBag from /home/airflow/.local/lib/python3.8/site-packages/airflow/example_dags/tutorial.py
[2024-02-16T16:34:29.771+0000] {processor.py:840} INFO - DAG(s) 'tutorial' retrieved from /home/airflow/.local/lib/python3.8/site-packages/airflow/example_dags/tutorial.py
[2024-02-16T16:34:29.786+0000] {logging_mixin.py:188} INFO - [2024-02-16T16:34:29.786+0000] {dag.py:3036} INFO - Sync 1 DAGs
[2024-02-16T16:34:29.802+0000] {logging_mixin.py:188} INFO - [2024-02-16T16:34:29.802+0000] {dag.py:3823} INFO - Setting next_dagrun for tutorial to 2024-02-15 00:00:00+00:00, run_after=2024-02-16 00:00:00+00:00
[2024-02-16T16:34:29.815+0000] {processor.py:183} INFO - Processing /home/airflow/.local/lib/python3.8/site-packages/airflow/example_dags/tutorial.py took 0.051 seconds
[2024-02-16T16:35:00.051+0000] {processor.py:161} INFO - Started process (PID=454) to work on /home/airflow/.local/lib/python3.8/site-packages/airflow/example_dags/tutorial.py
[2024-02-16T16:35:00.052+0000] {processor.py:830} INFO - Processing file /home/airflow/.local/lib/python3.8/site-packages/airflow/example_dags/tutorial.py for tasks to queue
[2024-02-16T16:35:00.053+0000] {logging_mixin.py:188} INFO - [2024-02-16T16:35:00.053+0000] {dagbag.py:538} INFO - Filling up the DagBag from /home/airflow/.local/lib/python3.8/site-packages/airflow/example_dags/tutorial.py
[2024-02-16T16:35:00.056+0000] {processor.py:840} INFO - DAG(s) 'tutorial' retrieved from /home/airflow/.local/lib/python3.8/site-packages/airflow/example_dags/tutorial.py
[2024-02-16T16:35:00.070+0000] {logging_mixin.py:188} INFO - [2024-02-16T16:35:00.070+0000] {dag.py:3036} INFO - Sync 1 DAGs
[2024-02-16T16:35:00.085+0000] {logging_mixin.py:188} INFO - [2024-02-16T16:35:00.085+0000] {dag.py:3823} INFO - Setting next_dagrun for tutorial to 2024-02-15 00:00:00+00:00, run_after=2024-02-16 00:00:00+00:00
[2024-02-16T16:35:00.097+0000] {processor.py:183} INFO - Processing /home/airflow/.local/lib/python3.8/site-packages/airflow/example_dags/tutorial.py took 0.048 seconds
[2024-02-16T16:35:30.247+0000] {processor.py:161} INFO - Started process (PID=510) to work on /home/airflow/.local/lib/python3.8/site-packages/airflow/example_dags/tutorial.py
[2024-02-16T16:35:30.247+0000] {processor.py:830} INFO - Processing file /home/airflow/.local/lib/python3.8/site-packages/airflow/example_dags/tutorial.py for tasks to queue
[2024-02-16T16:35:30.248+0000] {logging_mixin.py:188} INFO - [2024-02-16T16:35:30.248+0000] {dagbag.py:538} INFO - Filling up the DagBag from /home/airflow/.local/lib/python3.8/site-packages/airflow/example_dags/tutorial.py
[2024-02-16T16:35:30.252+0000] {processor.py:840} INFO - DAG(s) 'tutorial' retrieved from /home/airflow/.local/lib/python3.8/site-packages/airflow/example_dags/tutorial.py
[2024-02-16T16:35:30.266+0000] {logging_mixin.py:188} INFO - [2024-02-16T16:35:30.265+0000] {dag.py:3036} INFO - Sync 1 DAGs
[2024-02-16T16:35:30.281+0000] {logging_mixin.py:188} INFO - [2024-02-16T16:35:30.281+0000] {dag.py:3823} INFO - Setting next_dagrun for tutorial to 2024-02-15 00:00:00+00:00, run_after=2024-02-16 00:00:00+00:00
[2024-02-16T16:35:30.295+0000] {processor.py:183} INFO - Processing /home/airflow/.local/lib/python3.8/site-packages/airflow/example_dags/tutorial.py took 0.050 seconds
[2024-02-16T16:36:00.564+0000] {processor.py:161} INFO - Started process (PID=566) to work on /home/airflow/.local/lib/python3.8/site-packages/airflow/example_dags/tutorial.py
[2024-02-16T16:36:00.564+0000] {processor.py:830} INFO - Processing file /home/airflow/.local/lib/python3.8/site-packages/airflow/example_dags/tutorial.py for tasks to queue
[2024-02-16T16:36:00.566+0000] {logging_mixin.py:188} INFO - [2024-02-16T16:36:00.565+0000] {dagbag.py:538} INFO - Filling up the DagBag from /home/airflow/.local/lib/python3.8/site-packages/airflow/example_dags/tutorial.py
[2024-02-16T16:36:00.569+0000] {processor.py:840} INFO - DAG(s) 'tutorial' retrieved from /home/airflow/.local/lib/python3.8/site-packages/airflow/example_dags/tutorial.py
[2024-02-16T16:36:00.583+0000] {logging_mixin.py:188} INFO - [2024-02-16T16:36:00.583+0000] {dag.py:3036} INFO - Sync 1 DAGs
[2024-02-16T16:36:00.600+0000] {logging_mixin.py:188} INFO - [2024-02-16T16:36:00.600+0000] {dag.py:3823} INFO - Setting next_dagrun for tutorial to 2024-02-15 00:00:00+00:00, run_after=2024-02-16 00:00:00+00:00
[2024-02-16T16:36:00.613+0000] {processor.py:183} INFO - Processing /home/airflow/.local/lib/python3.8/site-packages/airflow/example_dags/tutorial.py took 0.051 seconds
[2024-02-16T16:36:31.605+0000] {processor.py:161} INFO - Started process (PID=622) to work on /home/airflow/.local/lib/python3.8/site-packages/airflow/example_dags/tutorial.py
[2024-02-16T16:36:31.606+0000] {processor.py:830} INFO - Processing file /home/airflow/.local/lib/python3.8/site-packages/airflow/example_dags/tutorial.py for tasks to queue
[2024-02-16T16:36:31.607+0000] {logging_mixin.py:188} INFO - [2024-02-16T16:36:31.607+0000] {dagbag.py:538} INFO - Filling up the DagBag from /home/airflow/.local/lib/python3.8/site-packages/airflow/example_dags/tutorial.py
[2024-02-16T16:36:31.611+0000] {processor.py:840} INFO - DAG(s) 'tutorial' retrieved from /home/airflow/.local/lib/python3.8/site-packages/airflow/example_dags/tutorial.py
[2024-02-16T16:36:31.627+0000] {logging_mixin.py:188} INFO - [2024-02-16T16:36:31.626+0000] {dag.py:3036} INFO - Sync 1 DAGs
[2024-02-16T16:36:31.649+0000] {logging_mixin.py:188} INFO - [2024-02-16T16:36:31.649+0000] {dag.py:3823} INFO - Setting next_dagrun for tutorial to 2024-02-15 00:00:00+00:00, run_after=2024-02-16 00:00:00+00:00
[2024-02-16T16:36:31.663+0000] {processor.py:183} INFO - Processing /home/airflow/.local/lib/python3.8/site-packages/airflow/example_dags/tutorial.py took 0.060 seconds
[2024-02-16T16:37:02.005+0000] {processor.py:161} INFO - Started process (PID=679) to work on /home/airflow/.local/lib/python3.8/site-packages/airflow/example_dags/tutorial.py
[2024-02-16T16:37:02.006+0000] {processor.py:830} INFO - Processing file /home/airflow/.local/lib/python3.8/site-packages/airflow/example_dags/tutorial.py for tasks to queue
[2024-02-16T16:37:02.007+0000] {logging_mixin.py:188} INFO - [2024-02-16T16:37:02.007+0000] {dagbag.py:538} INFO - Filling up the DagBag from /home/airflow/.local/lib/python3.8/site-packages/airflow/example_dags/tutorial.py
[2024-02-16T16:37:02.011+0000] {processor.py:840} INFO - DAG(s) 'tutorial' retrieved from /home/airflow/.local/lib/python3.8/site-packages/airflow/example_dags/tutorial.py
[2024-02-16T16:37:02.026+0000] {logging_mixin.py:188} INFO - [2024-02-16T16:37:02.026+0000] {dag.py:3036} INFO - Sync 1 DAGs
[2024-02-16T16:37:02.042+0000] {logging_mixin.py:188} INFO - [2024-02-16T16:37:02.042+0000] {dag.py:3823} INFO - Setting next_dagrun for tutorial to 2024-02-15 00:00:00+00:00, run_after=2024-02-16 00:00:00+00:00
[2024-02-16T16:37:02.056+0000] {processor.py:183} INFO - Processing /home/airflow/.local/lib/python3.8/site-packages/airflow/example_dags/tutorial.py took 0.053 seconds
[2024-02-16T16:37:32.300+0000] {processor.py:161} INFO - Started process (PID=736) to work on /home/airflow/.local/lib/python3.8/site-packages/airflow/example_dags/tutorial.py
[2024-02-16T16:37:32.301+0000] {processor.py:830} INFO - Processing file /home/airflow/.local/lib/python3.8/site-packages/airflow/example_dags/tutorial.py for tasks to queue
[2024-02-16T16:37:32.302+0000] {logging_mixin.py:188} INFO - [2024-02-16T16:37:32.302+0000] {dagbag.py:538} INFO - Filling up the DagBag from /home/airflow/.local/lib/python3.8/site-packages/airflow/example_dags/tutorial.py
[2024-02-16T16:37:32.306+0000] {processor.py:840} INFO - DAG(s) 'tutorial' retrieved from /home/airflow/.local/lib/python3.8/site-packages/airflow/example_dags/tutorial.py
[2024-02-16T16:37:32.321+0000] {logging_mixin.py:188} INFO - [2024-02-16T16:37:32.321+0000] {dag.py:3036} INFO - Sync 1 DAGs
[2024-02-16T16:37:32.337+0000] {logging_mixin.py:188} INFO - [2024-02-16T16:37:32.337+0000] {dag.py:3823} INFO - Setting next_dagrun for tutorial to 2024-02-15 00:00:00+00:00, run_after=2024-02-16 00:00:00+00:00
[2024-02-16T16:37:32.350+0000] {processor.py:183} INFO - Processing /home/airflow/.local/lib/python3.8/site-packages/airflow/example_dags/tutorial.py took 0.052 seconds
[2024-02-16T16:39:16.569+0000] {processor.py:161} INFO - Started process (PID=63) to work on /home/airflow/.local/lib/python3.8/site-packages/airflow/example_dags/tutorial.py
[2024-02-16T16:39:16.570+0000] {processor.py:830} INFO - Processing file /home/airflow/.local/lib/python3.8/site-packages/airflow/example_dags/tutorial.py for tasks to queue
[2024-02-16T16:39:16.572+0000] {logging_mixin.py:188} INFO - [2024-02-16T16:39:16.572+0000] {dagbag.py:538} INFO - Filling up the DagBag from /home/airflow/.local/lib/python3.8/site-packages/airflow/example_dags/tutorial.py
[2024-02-16T16:39:16.580+0000] {processor.py:840} INFO - DAG(s) 'tutorial' retrieved from /home/airflow/.local/lib/python3.8/site-packages/airflow/example_dags/tutorial.py
[2024-02-16T16:39:16.589+0000] {logging_mixin.py:188} INFO - [2024-02-16T16:39:16.589+0000] {dag.py:3036} INFO - Sync 1 DAGs
[2024-02-16T16:39:16.608+0000] {logging_mixin.py:188} INFO - [2024-02-16T16:39:16.608+0000] {dag.py:3823} INFO - Setting next_dagrun for tutorial to 2024-02-15 00:00:00+00:00, run_after=2024-02-16 00:00:00+00:00
[2024-02-16T16:39:16.624+0000] {processor.py:183} INFO - Processing /home/airflow/.local/lib/python3.8/site-packages/airflow/example_dags/tutorial.py took 0.057 seconds
[2024-02-16T16:39:47.271+0000] {processor.py:161} INFO - Started process (PID=120) to work on /home/airflow/.local/lib/python3.8/site-packages/airflow/example_dags/tutorial.py
[2024-02-16T16:39:47.272+0000] {processor.py:830} INFO - Processing file /home/airflow/.local/lib/python3.8/site-packages/airflow/example_dags/tutorial.py for tasks to queue
[2024-02-16T16:39:47.273+0000] {logging_mixin.py:188} INFO - [2024-02-16T16:39:47.272+0000] {dagbag.py:538} INFO - Filling up the DagBag from /home/airflow/.local/lib/python3.8/site-packages/airflow/example_dags/tutorial.py
[2024-02-16T16:39:47.276+0000] {processor.py:840} INFO - DAG(s) 'tutorial' retrieved from /home/airflow/.local/lib/python3.8/site-packages/airflow/example_dags/tutorial.py
[2024-02-16T16:39:47.346+0000] {logging_mixin.py:188} INFO - [2024-02-16T16:39:47.346+0000] {dag.py:3036} INFO - Sync 1 DAGs
[2024-02-16T16:39:47.361+0000] {logging_mixin.py:188} INFO - [2024-02-16T16:39:47.361+0000] {dag.py:3823} INFO - Setting next_dagrun for tutorial to 2024-02-15 00:00:00+00:00, run_after=2024-02-16 00:00:00+00:00
[2024-02-16T16:39:47.375+0000] {processor.py:183} INFO - Processing /home/airflow/.local/lib/python3.8/site-packages/airflow/example_dags/tutorial.py took 0.106 seconds
[2024-02-16T16:40:18.337+0000] {processor.py:161} INFO - Started process (PID=177) to work on /home/airflow/.local/lib/python3.8/site-packages/airflow/example_dags/tutorial.py
[2024-02-16T16:40:18.338+0000] {processor.py:830} INFO - Processing file /home/airflow/.local/lib/python3.8/site-packages/airflow/example_dags/tutorial.py for tasks to queue
[2024-02-16T16:40:18.339+0000] {logging_mixin.py:188} INFO - [2024-02-16T16:40:18.339+0000] {dagbag.py:538} INFO - Filling up the DagBag from /home/airflow/.local/lib/python3.8/site-packages/airflow/example_dags/tutorial.py
[2024-02-16T16:40:18.343+0000] {processor.py:840} INFO - DAG(s) 'tutorial' retrieved from /home/airflow/.local/lib/python3.8/site-packages/airflow/example_dags/tutorial.py
[2024-02-16T16:40:18.356+0000] {logging_mixin.py:188} INFO - [2024-02-16T16:40:18.355+0000] {dag.py:3036} INFO - Sync 1 DAGs
[2024-02-16T16:40:18.371+0000] {logging_mixin.py:188} INFO - [2024-02-16T16:40:18.370+0000] {dag.py:3823} INFO - Setting next_dagrun for tutorial to 2024-02-15 00:00:00+00:00, run_after=2024-02-16 00:00:00+00:00
[2024-02-16T16:40:18.383+0000] {processor.py:183} INFO - Processing /home/airflow/.local/lib/python3.8/site-packages/airflow/example_dags/tutorial.py took 0.047 seconds
[2024-02-16T16:40:48.700+0000] {processor.py:161} INFO - Started process (PID=234) to work on /home/airflow/.local/lib/python3.8/site-packages/airflow/example_dags/tutorial.py
[2024-02-16T16:40:48.701+0000] {processor.py:830} INFO - Processing file /home/airflow/.local/lib/python3.8/site-packages/airflow/example_dags/tutorial.py for tasks to queue
[2024-02-16T16:40:48.702+0000] {logging_mixin.py:188} INFO - [2024-02-16T16:40:48.702+0000] {dagbag.py:538} INFO - Filling up the DagBag from /home/airflow/.local/lib/python3.8/site-packages/airflow/example_dags/tutorial.py
[2024-02-16T16:40:48.706+0000] {processor.py:840} INFO - DAG(s) 'tutorial' retrieved from /home/airflow/.local/lib/python3.8/site-packages/airflow/example_dags/tutorial.py
[2024-02-16T16:40:48.719+0000] {logging_mixin.py:188} INFO - [2024-02-16T16:40:48.719+0000] {dag.py:3036} INFO - Sync 1 DAGs
[2024-02-16T16:40:48.734+0000] {logging_mixin.py:188} INFO - [2024-02-16T16:40:48.733+0000] {dag.py:3823} INFO - Setting next_dagrun for tutorial to 2024-02-15 00:00:00+00:00, run_after=2024-02-16 00:00:00+00:00
[2024-02-16T16:40:48.754+0000] {processor.py:183} INFO - Processing /home/airflow/.local/lib/python3.8/site-packages/airflow/example_dags/tutorial.py took 0.056 seconds
[2024-02-16T16:41:18.866+0000] {processor.py:161} INFO - Started process (PID=291) to work on /home/airflow/.local/lib/python3.8/site-packages/airflow/example_dags/tutorial.py
[2024-02-16T16:41:18.867+0000] {processor.py:830} INFO - Processing file /home/airflow/.local/lib/python3.8/site-packages/airflow/example_dags/tutorial.py for tasks to queue
[2024-02-16T16:41:18.869+0000] {logging_mixin.py:188} INFO - [2024-02-16T16:41:18.868+0000] {dagbag.py:538} INFO - Filling up the DagBag from /home/airflow/.local/lib/python3.8/site-packages/airflow/example_dags/tutorial.py
[2024-02-16T16:41:18.873+0000] {processor.py:840} INFO - DAG(s) 'tutorial' retrieved from /home/airflow/.local/lib/python3.8/site-packages/airflow/example_dags/tutorial.py
[2024-02-16T16:41:18.889+0000] {logging_mixin.py:188} INFO - [2024-02-16T16:41:18.888+0000] {dag.py:3036} INFO - Sync 1 DAGs
[2024-02-16T16:41:18.907+0000] {logging_mixin.py:188} INFO - [2024-02-16T16:41:18.907+0000] {dag.py:3823} INFO - Setting next_dagrun for tutorial to 2024-02-15 00:00:00+00:00, run_after=2024-02-16 00:00:00+00:00
[2024-02-16T16:41:18.922+0000] {processor.py:183} INFO - Processing /home/airflow/.local/lib/python3.8/site-packages/airflow/example_dags/tutorial.py took 0.059 seconds
[2024-02-16T16:41:49.390+0000] {processor.py:161} INFO - Started process (PID=349) to work on /home/airflow/.local/lib/python3.8/site-packages/airflow/example_dags/tutorial.py
[2024-02-16T16:41:49.391+0000] {processor.py:830} INFO - Processing file /home/airflow/.local/lib/python3.8/site-packages/airflow/example_dags/tutorial.py for tasks to queue
[2024-02-16T16:41:49.392+0000] {logging_mixin.py:188} INFO - [2024-02-16T16:41:49.392+0000] {dagbag.py:538} INFO - Filling up the DagBag from /home/airflow/.local/lib/python3.8/site-packages/airflow/example_dags/tutorial.py
[2024-02-16T16:41:49.396+0000] {processor.py:840} INFO - DAG(s) 'tutorial' retrieved from /home/airflow/.local/lib/python3.8/site-packages/airflow/example_dags/tutorial.py
[2024-02-16T16:41:49.418+0000] {logging_mixin.py:188} INFO - [2024-02-16T16:41:49.417+0000] {dag.py:3036} INFO - Sync 1 DAGs
[2024-02-16T16:41:49.438+0000] {logging_mixin.py:188} INFO - [2024-02-16T16:41:49.438+0000] {dag.py:3823} INFO - Setting next_dagrun for tutorial to 2024-02-15 00:00:00+00:00, run_after=2024-02-16 00:00:00+00:00
[2024-02-16T16:41:49.453+0000] {processor.py:183} INFO - Processing /home/airflow/.local/lib/python3.8/site-packages/airflow/example_dags/tutorial.py took 0.065 seconds
[2024-02-16T16:42:19.821+0000] {processor.py:161} INFO - Started process (PID=406) to work on /home/airflow/.local/lib/python3.8/site-packages/airflow/example_dags/tutorial.py
[2024-02-16T16:42:19.822+0000] {processor.py:830} INFO - Processing file /home/airflow/.local/lib/python3.8/site-packages/airflow/example_dags/tutorial.py for tasks to queue
[2024-02-16T16:42:19.823+0000] {logging_mixin.py:188} INFO - [2024-02-16T16:42:19.823+0000] {dagbag.py:538} INFO - Filling up the DagBag from /home/airflow/.local/lib/python3.8/site-packages/airflow/example_dags/tutorial.py
[2024-02-16T16:42:19.827+0000] {processor.py:840} INFO - DAG(s) 'tutorial' retrieved from /home/airflow/.local/lib/python3.8/site-packages/airflow/example_dags/tutorial.py
[2024-02-16T16:42:19.841+0000] {logging_mixin.py:188} INFO - [2024-02-16T16:42:19.841+0000] {dag.py:3036} INFO - Sync 1 DAGs
[2024-02-16T16:42:19.857+0000] {logging_mixin.py:188} INFO - [2024-02-16T16:42:19.857+0000] {dag.py:3823} INFO - Setting next_dagrun for tutorial to 2024-02-15 00:00:00+00:00, run_after=2024-02-16 00:00:00+00:00
[2024-02-16T16:42:19.874+0000] {processor.py:183} INFO - Processing /home/airflow/.local/lib/python3.8/site-packages/airflow/example_dags/tutorial.py took 0.054 seconds
[2024-02-16T16:42:50.096+0000] {processor.py:161} INFO - Started process (PID=463) to work on /home/airflow/.local/lib/python3.8/site-packages/airflow/example_dags/tutorial.py
[2024-02-16T16:42:50.097+0000] {processor.py:830} INFO - Processing file /home/airflow/.local/lib/python3.8/site-packages/airflow/example_dags/tutorial.py for tasks to queue
[2024-02-16T16:42:50.098+0000] {logging_mixin.py:188} INFO - [2024-02-16T16:42:50.098+0000] {dagbag.py:538} INFO - Filling up the DagBag from /home/airflow/.local/lib/python3.8/site-packages/airflow/example_dags/tutorial.py
[2024-02-16T16:42:50.103+0000] {processor.py:840} INFO - DAG(s) 'tutorial' retrieved from /home/airflow/.local/lib/python3.8/site-packages/airflow/example_dags/tutorial.py
[2024-02-16T16:42:50.120+0000] {logging_mixin.py:188} INFO - [2024-02-16T16:42:50.120+0000] {dag.py:3036} INFO - Sync 1 DAGs
[2024-02-16T16:42:50.139+0000] {logging_mixin.py:188} INFO - [2024-02-16T16:42:50.138+0000] {dag.py:3823} INFO - Setting next_dagrun for tutorial to 2024-02-15 00:00:00+00:00, run_after=2024-02-16 00:00:00+00:00
[2024-02-16T16:42:50.157+0000] {processor.py:183} INFO - Processing /home/airflow/.local/lib/python3.8/site-packages/airflow/example_dags/tutorial.py took 0.063 seconds
[2024-02-16T16:43:20.527+0000] {processor.py:161} INFO - Started process (PID=520) to work on /home/airflow/.local/lib/python3.8/site-packages/airflow/example_dags/tutorial.py
[2024-02-16T16:43:20.528+0000] {processor.py:830} INFO - Processing file /home/airflow/.local/lib/python3.8/site-packages/airflow/example_dags/tutorial.py for tasks to queue
[2024-02-16T16:43:20.529+0000] {logging_mixin.py:188} INFO - [2024-02-16T16:43:20.529+0000] {dagbag.py:538} INFO - Filling up the DagBag from /home/airflow/.local/lib/python3.8/site-packages/airflow/example_dags/tutorial.py
[2024-02-16T16:43:20.533+0000] {processor.py:840} INFO - DAG(s) 'tutorial' retrieved from /home/airflow/.local/lib/python3.8/site-packages/airflow/example_dags/tutorial.py
[2024-02-16T16:43:20.548+0000] {logging_mixin.py:188} INFO - [2024-02-16T16:43:20.548+0000] {dag.py:3036} INFO - Sync 1 DAGs
[2024-02-16T16:43:20.565+0000] {logging_mixin.py:188} INFO - [2024-02-16T16:43:20.565+0000] {dag.py:3823} INFO - Setting next_dagrun for tutorial to 2024-02-15 00:00:00+00:00, run_after=2024-02-16 00:00:00+00:00
[2024-02-16T16:43:20.581+0000] {processor.py:183} INFO - Processing /home/airflow/.local/lib/python3.8/site-packages/airflow/example_dags/tutorial.py took 0.056 seconds
[2024-02-16T16:43:50.726+0000] {processor.py:161} INFO - Started process (PID=575) to work on /home/airflow/.local/lib/python3.8/site-packages/airflow/example_dags/tutorial.py
[2024-02-16T16:43:50.726+0000] {processor.py:830} INFO - Processing file /home/airflow/.local/lib/python3.8/site-packages/airflow/example_dags/tutorial.py for tasks to queue
[2024-02-16T16:43:50.728+0000] {logging_mixin.py:188} INFO - [2024-02-16T16:43:50.728+0000] {dagbag.py:538} INFO - Filling up the DagBag from /home/airflow/.local/lib/python3.8/site-packages/airflow/example_dags/tutorial.py
[2024-02-16T16:43:50.732+0000] {processor.py:840} INFO - DAG(s) 'tutorial' retrieved from /home/airflow/.local/lib/python3.8/site-packages/airflow/example_dags/tutorial.py
[2024-02-16T16:43:50.748+0000] {logging_mixin.py:188} INFO - [2024-02-16T16:43:50.748+0000] {dag.py:3036} INFO - Sync 1 DAGs
[2024-02-16T16:43:50.766+0000] {logging_mixin.py:188} INFO - [2024-02-16T16:43:50.765+0000] {dag.py:3823} INFO - Setting next_dagrun for tutorial to 2024-02-15 00:00:00+00:00, run_after=2024-02-16 00:00:00+00:00
[2024-02-16T16:43:50.783+0000] {processor.py:183} INFO - Processing /home/airflow/.local/lib/python3.8/site-packages/airflow/example_dags/tutorial.py took 0.060 seconds
