[2024-02-16T16:20:17.887+0000] {processor.py:161} INFO - Started process (PID=62) to work on /home/airflow/.local/lib/python3.8/site-packages/airflow/example_dags/tutorial_dag.py
[2024-02-16T16:20:17.888+0000] {processor.py:830} INFO - Processing file /home/airflow/.local/lib/python3.8/site-packages/airflow/example_dags/tutorial_dag.py for tasks to queue
[2024-02-16T16:20:17.890+0000] {logging_mixin.py:188} INFO - [2024-02-16T16:20:17.889+0000] {dagbag.py:538} INFO - Filling up the DagBag from /home/airflow/.local/lib/python3.8/site-packages/airflow/example_dags/tutorial_dag.py
[2024-02-16T16:20:17.898+0000] {processor.py:840} INFO - DAG(s) 'tutorial_dag' retrieved from /home/airflow/.local/lib/python3.8/site-packages/airflow/example_dags/tutorial_dag.py
[2024-02-16T16:20:17.909+0000] {logging_mixin.py:188} INFO - [2024-02-16T16:20:17.908+0000] {dag.py:3036} INFO - Sync 1 DAGs
[2024-02-16T16:20:17.920+0000] {logging_mixin.py:188} INFO - [2024-02-16T16:20:17.920+0000] {dag.py:3823} INFO - Setting next_dagrun for tutorial_dag to None, run_after=None
[2024-02-16T16:20:17.942+0000] {processor.py:183} INFO - Processing /home/airflow/.local/lib/python3.8/site-packages/airflow/example_dags/tutorial_dag.py took 0.058 seconds
[2024-02-16T16:20:48.582+0000] {processor.py:161} INFO - Started process (PID=117) to work on /home/airflow/.local/lib/python3.8/site-packages/airflow/example_dags/tutorial_dag.py
[2024-02-16T16:20:48.582+0000] {processor.py:830} INFO - Processing file /home/airflow/.local/lib/python3.8/site-packages/airflow/example_dags/tutorial_dag.py for tasks to queue
[2024-02-16T16:20:48.583+0000] {logging_mixin.py:188} INFO - [2024-02-16T16:20:48.583+0000] {dagbag.py:538} INFO - Filling up the DagBag from /home/airflow/.local/lib/python3.8/site-packages/airflow/example_dags/tutorial_dag.py
[2024-02-16T16:20:48.587+0000] {processor.py:840} INFO - DAG(s) 'tutorial_dag' retrieved from /home/airflow/.local/lib/python3.8/site-packages/airflow/example_dags/tutorial_dag.py
[2024-02-16T16:20:48.660+0000] {logging_mixin.py:188} INFO - [2024-02-16T16:20:48.660+0000] {dag.py:3036} INFO - Sync 1 DAGs
[2024-02-16T16:20:48.667+0000] {logging_mixin.py:188} INFO - [2024-02-16T16:20:48.667+0000] {dag.py:3823} INFO - Setting next_dagrun for tutorial_dag to None, run_after=None
[2024-02-16T16:20:48.681+0000] {processor.py:183} INFO - Processing /home/airflow/.local/lib/python3.8/site-packages/airflow/example_dags/tutorial_dag.py took 0.101 seconds
[2024-02-16T16:21:18.752+0000] {processor.py:161} INFO - Started process (PID=172) to work on /home/airflow/.local/lib/python3.8/site-packages/airflow/example_dags/tutorial_dag.py
[2024-02-16T16:21:18.753+0000] {processor.py:830} INFO - Processing file /home/airflow/.local/lib/python3.8/site-packages/airflow/example_dags/tutorial_dag.py for tasks to queue
[2024-02-16T16:21:18.754+0000] {logging_mixin.py:188} INFO - [2024-02-16T16:21:18.754+0000] {dagbag.py:538} INFO - Filling up the DagBag from /home/airflow/.local/lib/python3.8/site-packages/airflow/example_dags/tutorial_dag.py
[2024-02-16T16:21:18.757+0000] {processor.py:840} INFO - DAG(s) 'tutorial_dag' retrieved from /home/airflow/.local/lib/python3.8/site-packages/airflow/example_dags/tutorial_dag.py
[2024-02-16T16:21:18.770+0000] {logging_mixin.py:188} INFO - [2024-02-16T16:21:18.769+0000] {dag.py:3036} INFO - Sync 1 DAGs
[2024-02-16T16:21:18.778+0000] {logging_mixin.py:188} INFO - [2024-02-16T16:21:18.778+0000] {dag.py:3823} INFO - Setting next_dagrun for tutorial_dag to None, run_after=None
[2024-02-16T16:21:18.790+0000] {processor.py:183} INFO - Processing /home/airflow/.local/lib/python3.8/site-packages/airflow/example_dags/tutorial_dag.py took 0.040 seconds
[2024-02-16T16:21:48.818+0000] {processor.py:161} INFO - Started process (PID=227) to work on /home/airflow/.local/lib/python3.8/site-packages/airflow/example_dags/tutorial_dag.py
[2024-02-16T16:21:48.818+0000] {processor.py:830} INFO - Processing file /home/airflow/.local/lib/python3.8/site-packages/airflow/example_dags/tutorial_dag.py for tasks to queue
[2024-02-16T16:21:48.820+0000] {logging_mixin.py:188} INFO - [2024-02-16T16:21:48.819+0000] {dagbag.py:538} INFO - Filling up the DagBag from /home/airflow/.local/lib/python3.8/site-packages/airflow/example_dags/tutorial_dag.py
[2024-02-16T16:21:48.823+0000] {processor.py:840} INFO - DAG(s) 'tutorial_dag' retrieved from /home/airflow/.local/lib/python3.8/site-packages/airflow/example_dags/tutorial_dag.py
[2024-02-16T16:21:48.836+0000] {logging_mixin.py:188} INFO - [2024-02-16T16:21:48.836+0000] {dag.py:3036} INFO - Sync 1 DAGs
[2024-02-16T16:21:48.844+0000] {logging_mixin.py:188} INFO - [2024-02-16T16:21:48.844+0000] {dag.py:3823} INFO - Setting next_dagrun for tutorial_dag to None, run_after=None
[2024-02-16T16:21:48.858+0000] {processor.py:183} INFO - Processing /home/airflow/.local/lib/python3.8/site-packages/airflow/example_dags/tutorial_dag.py took 0.042 seconds
[2024-02-16T16:22:19.006+0000] {processor.py:161} INFO - Started process (PID=282) to work on /home/airflow/.local/lib/python3.8/site-packages/airflow/example_dags/tutorial_dag.py
[2024-02-16T16:22:19.006+0000] {processor.py:830} INFO - Processing file /home/airflow/.local/lib/python3.8/site-packages/airflow/example_dags/tutorial_dag.py for tasks to queue
[2024-02-16T16:22:19.007+0000] {logging_mixin.py:188} INFO - [2024-02-16T16:22:19.007+0000] {dagbag.py:538} INFO - Filling up the DagBag from /home/airflow/.local/lib/python3.8/site-packages/airflow/example_dags/tutorial_dag.py
[2024-02-16T16:22:19.011+0000] {processor.py:840} INFO - DAG(s) 'tutorial_dag' retrieved from /home/airflow/.local/lib/python3.8/site-packages/airflow/example_dags/tutorial_dag.py
[2024-02-16T16:22:19.026+0000] {logging_mixin.py:188} INFO - [2024-02-16T16:22:19.025+0000] {dag.py:3036} INFO - Sync 1 DAGs
[2024-02-16T16:22:19.035+0000] {logging_mixin.py:188} INFO - [2024-02-16T16:22:19.035+0000] {dag.py:3823} INFO - Setting next_dagrun for tutorial_dag to None, run_after=None
[2024-02-16T16:22:19.048+0000] {processor.py:183} INFO - Processing /home/airflow/.local/lib/python3.8/site-packages/airflow/example_dags/tutorial_dag.py took 0.044 seconds
[2024-02-16T16:22:49.143+0000] {processor.py:161} INFO - Started process (PID=337) to work on /home/airflow/.local/lib/python3.8/site-packages/airflow/example_dags/tutorial_dag.py
[2024-02-16T16:22:49.143+0000] {processor.py:830} INFO - Processing file /home/airflow/.local/lib/python3.8/site-packages/airflow/example_dags/tutorial_dag.py for tasks to queue
[2024-02-16T16:22:49.144+0000] {logging_mixin.py:188} INFO - [2024-02-16T16:22:49.144+0000] {dagbag.py:538} INFO - Filling up the DagBag from /home/airflow/.local/lib/python3.8/site-packages/airflow/example_dags/tutorial_dag.py
[2024-02-16T16:22:49.148+0000] {processor.py:840} INFO - DAG(s) 'tutorial_dag' retrieved from /home/airflow/.local/lib/python3.8/site-packages/airflow/example_dags/tutorial_dag.py
[2024-02-16T16:22:49.162+0000] {logging_mixin.py:188} INFO - [2024-02-16T16:22:49.162+0000] {dag.py:3036} INFO - Sync 1 DAGs
[2024-02-16T16:22:49.171+0000] {logging_mixin.py:188} INFO - [2024-02-16T16:22:49.171+0000] {dag.py:3823} INFO - Setting next_dagrun for tutorial_dag to None, run_after=None
[2024-02-16T16:22:49.185+0000] {processor.py:183} INFO - Processing /home/airflow/.local/lib/python3.8/site-packages/airflow/example_dags/tutorial_dag.py took 0.044 seconds
[2024-02-16T16:23:19.419+0000] {processor.py:161} INFO - Started process (PID=392) to work on /home/airflow/.local/lib/python3.8/site-packages/airflow/example_dags/tutorial_dag.py
[2024-02-16T16:23:19.419+0000] {processor.py:830} INFO - Processing file /home/airflow/.local/lib/python3.8/site-packages/airflow/example_dags/tutorial_dag.py for tasks to queue
[2024-02-16T16:23:19.420+0000] {logging_mixin.py:188} INFO - [2024-02-16T16:23:19.420+0000] {dagbag.py:538} INFO - Filling up the DagBag from /home/airflow/.local/lib/python3.8/site-packages/airflow/example_dags/tutorial_dag.py
[2024-02-16T16:23:19.424+0000] {processor.py:840} INFO - DAG(s) 'tutorial_dag' retrieved from /home/airflow/.local/lib/python3.8/site-packages/airflow/example_dags/tutorial_dag.py
[2024-02-16T16:23:19.438+0000] {logging_mixin.py:188} INFO - [2024-02-16T16:23:19.438+0000] {dag.py:3036} INFO - Sync 1 DAGs
[2024-02-16T16:23:19.447+0000] {logging_mixin.py:188} INFO - [2024-02-16T16:23:19.447+0000] {dag.py:3823} INFO - Setting next_dagrun for tutorial_dag to None, run_after=None
[2024-02-16T16:23:19.461+0000] {processor.py:183} INFO - Processing /home/airflow/.local/lib/python3.8/site-packages/airflow/example_dags/tutorial_dag.py took 0.044 seconds
[2024-02-16T16:23:49.721+0000] {processor.py:161} INFO - Started process (PID=447) to work on /home/airflow/.local/lib/python3.8/site-packages/airflow/example_dags/tutorial_dag.py
[2024-02-16T16:23:49.723+0000] {processor.py:830} INFO - Processing file /home/airflow/.local/lib/python3.8/site-packages/airflow/example_dags/tutorial_dag.py for tasks to queue
[2024-02-16T16:23:49.724+0000] {logging_mixin.py:188} INFO - [2024-02-16T16:23:49.724+0000] {dagbag.py:538} INFO - Filling up the DagBag from /home/airflow/.local/lib/python3.8/site-packages/airflow/example_dags/tutorial_dag.py
[2024-02-16T16:23:49.729+0000] {processor.py:840} INFO - DAG(s) 'tutorial_dag' retrieved from /home/airflow/.local/lib/python3.8/site-packages/airflow/example_dags/tutorial_dag.py
[2024-02-16T16:23:49.750+0000] {logging_mixin.py:188} INFO - [2024-02-16T16:23:49.749+0000] {dag.py:3036} INFO - Sync 1 DAGs
[2024-02-16T16:23:49.762+0000] {logging_mixin.py:188} INFO - [2024-02-16T16:23:49.762+0000] {dag.py:3823} INFO - Setting next_dagrun for tutorial_dag to None, run_after=None
[2024-02-16T16:23:49.776+0000] {processor.py:183} INFO - Processing /home/airflow/.local/lib/python3.8/site-packages/airflow/example_dags/tutorial_dag.py took 0.058 seconds
[2024-02-16T16:24:19.961+0000] {processor.py:161} INFO - Started process (PID=502) to work on /home/airflow/.local/lib/python3.8/site-packages/airflow/example_dags/tutorial_dag.py
[2024-02-16T16:24:19.962+0000] {processor.py:830} INFO - Processing file /home/airflow/.local/lib/python3.8/site-packages/airflow/example_dags/tutorial_dag.py for tasks to queue
[2024-02-16T16:24:19.963+0000] {logging_mixin.py:188} INFO - [2024-02-16T16:24:19.963+0000] {dagbag.py:538} INFO - Filling up the DagBag from /home/airflow/.local/lib/python3.8/site-packages/airflow/example_dags/tutorial_dag.py
[2024-02-16T16:24:19.967+0000] {processor.py:840} INFO - DAG(s) 'tutorial_dag' retrieved from /home/airflow/.local/lib/python3.8/site-packages/airflow/example_dags/tutorial_dag.py
[2024-02-16T16:24:19.986+0000] {logging_mixin.py:188} INFO - [2024-02-16T16:24:19.986+0000] {dag.py:3036} INFO - Sync 1 DAGs
[2024-02-16T16:24:19.997+0000] {logging_mixin.py:188} INFO - [2024-02-16T16:24:19.997+0000] {dag.py:3823} INFO - Setting next_dagrun for tutorial_dag to None, run_after=None
[2024-02-16T16:24:20.013+0000] {processor.py:183} INFO - Processing /home/airflow/.local/lib/python3.8/site-packages/airflow/example_dags/tutorial_dag.py took 0.054 seconds
[2024-02-16T16:24:50.220+0000] {processor.py:161} INFO - Started process (PID=557) to work on /home/airflow/.local/lib/python3.8/site-packages/airflow/example_dags/tutorial_dag.py
[2024-02-16T16:24:50.221+0000] {processor.py:830} INFO - Processing file /home/airflow/.local/lib/python3.8/site-packages/airflow/example_dags/tutorial_dag.py for tasks to queue
[2024-02-16T16:24:50.222+0000] {logging_mixin.py:188} INFO - [2024-02-16T16:24:50.222+0000] {dagbag.py:538} INFO - Filling up the DagBag from /home/airflow/.local/lib/python3.8/site-packages/airflow/example_dags/tutorial_dag.py
[2024-02-16T16:24:50.225+0000] {processor.py:840} INFO - DAG(s) 'tutorial_dag' retrieved from /home/airflow/.local/lib/python3.8/site-packages/airflow/example_dags/tutorial_dag.py
[2024-02-16T16:24:50.246+0000] {logging_mixin.py:188} INFO - [2024-02-16T16:24:50.246+0000] {dag.py:3036} INFO - Sync 1 DAGs
[2024-02-16T16:24:50.260+0000] {logging_mixin.py:188} INFO - [2024-02-16T16:24:50.259+0000] {dag.py:3823} INFO - Setting next_dagrun for tutorial_dag to None, run_after=None
[2024-02-16T16:24:50.272+0000] {processor.py:183} INFO - Processing /home/airflow/.local/lib/python3.8/site-packages/airflow/example_dags/tutorial_dag.py took 0.054 seconds
[2024-02-16T16:25:20.417+0000] {processor.py:161} INFO - Started process (PID=612) to work on /home/airflow/.local/lib/python3.8/site-packages/airflow/example_dags/tutorial_dag.py
[2024-02-16T16:25:20.418+0000] {processor.py:830} INFO - Processing file /home/airflow/.local/lib/python3.8/site-packages/airflow/example_dags/tutorial_dag.py for tasks to queue
[2024-02-16T16:25:20.420+0000] {logging_mixin.py:188} INFO - [2024-02-16T16:25:20.420+0000] {dagbag.py:538} INFO - Filling up the DagBag from /home/airflow/.local/lib/python3.8/site-packages/airflow/example_dags/tutorial_dag.py
[2024-02-16T16:25:20.424+0000] {processor.py:840} INFO - DAG(s) 'tutorial_dag' retrieved from /home/airflow/.local/lib/python3.8/site-packages/airflow/example_dags/tutorial_dag.py
[2024-02-16T16:25:20.439+0000] {logging_mixin.py:188} INFO - [2024-02-16T16:25:20.439+0000] {dag.py:3036} INFO - Sync 1 DAGs
[2024-02-16T16:25:20.450+0000] {logging_mixin.py:188} INFO - [2024-02-16T16:25:20.449+0000] {dag.py:3823} INFO - Setting next_dagrun for tutorial_dag to None, run_after=None
[2024-02-16T16:25:20.464+0000] {processor.py:183} INFO - Processing /home/airflow/.local/lib/python3.8/site-packages/airflow/example_dags/tutorial_dag.py took 0.049 seconds
[2024-02-16T16:25:50.656+0000] {processor.py:161} INFO - Started process (PID=667) to work on /home/airflow/.local/lib/python3.8/site-packages/airflow/example_dags/tutorial_dag.py
[2024-02-16T16:25:50.657+0000] {processor.py:830} INFO - Processing file /home/airflow/.local/lib/python3.8/site-packages/airflow/example_dags/tutorial_dag.py for tasks to queue
[2024-02-16T16:25:50.658+0000] {logging_mixin.py:188} INFO - [2024-02-16T16:25:50.658+0000] {dagbag.py:538} INFO - Filling up the DagBag from /home/airflow/.local/lib/python3.8/site-packages/airflow/example_dags/tutorial_dag.py
[2024-02-16T16:25:50.661+0000] {processor.py:840} INFO - DAG(s) 'tutorial_dag' retrieved from /home/airflow/.local/lib/python3.8/site-packages/airflow/example_dags/tutorial_dag.py
[2024-02-16T16:25:50.674+0000] {logging_mixin.py:188} INFO - [2024-02-16T16:25:50.674+0000] {dag.py:3036} INFO - Sync 1 DAGs
[2024-02-16T16:25:50.682+0000] {logging_mixin.py:188} INFO - [2024-02-16T16:25:50.682+0000] {dag.py:3823} INFO - Setting next_dagrun for tutorial_dag to None, run_after=None
[2024-02-16T16:25:50.694+0000] {processor.py:183} INFO - Processing /home/airflow/.local/lib/python3.8/site-packages/airflow/example_dags/tutorial_dag.py took 0.039 seconds
[2024-02-16T16:26:20.847+0000] {processor.py:161} INFO - Started process (PID=722) to work on /home/airflow/.local/lib/python3.8/site-packages/airflow/example_dags/tutorial_dag.py
[2024-02-16T16:26:20.847+0000] {processor.py:830} INFO - Processing file /home/airflow/.local/lib/python3.8/site-packages/airflow/example_dags/tutorial_dag.py for tasks to queue
[2024-02-16T16:26:20.849+0000] {logging_mixin.py:188} INFO - [2024-02-16T16:26:20.848+0000] {dagbag.py:538} INFO - Filling up the DagBag from /home/airflow/.local/lib/python3.8/site-packages/airflow/example_dags/tutorial_dag.py
[2024-02-16T16:26:20.852+0000] {processor.py:840} INFO - DAG(s) 'tutorial_dag' retrieved from /home/airflow/.local/lib/python3.8/site-packages/airflow/example_dags/tutorial_dag.py
[2024-02-16T16:26:20.866+0000] {logging_mixin.py:188} INFO - [2024-02-16T16:26:20.866+0000] {dag.py:3036} INFO - Sync 1 DAGs
[2024-02-16T16:26:20.876+0000] {logging_mixin.py:188} INFO - [2024-02-16T16:26:20.875+0000] {dag.py:3823} INFO - Setting next_dagrun for tutorial_dag to None, run_after=None
[2024-02-16T16:26:20.889+0000] {processor.py:183} INFO - Processing /home/airflow/.local/lib/python3.8/site-packages/airflow/example_dags/tutorial_dag.py took 0.045 seconds
[2024-02-16T16:26:51.280+0000] {processor.py:161} INFO - Started process (PID=777) to work on /home/airflow/.local/lib/python3.8/site-packages/airflow/example_dags/tutorial_dag.py
[2024-02-16T16:26:51.280+0000] {processor.py:830} INFO - Processing file /home/airflow/.local/lib/python3.8/site-packages/airflow/example_dags/tutorial_dag.py for tasks to queue
[2024-02-16T16:26:51.282+0000] {logging_mixin.py:188} INFO - [2024-02-16T16:26:51.282+0000] {dagbag.py:538} INFO - Filling up the DagBag from /home/airflow/.local/lib/python3.8/site-packages/airflow/example_dags/tutorial_dag.py
[2024-02-16T16:26:51.286+0000] {processor.py:840} INFO - DAG(s) 'tutorial_dag' retrieved from /home/airflow/.local/lib/python3.8/site-packages/airflow/example_dags/tutorial_dag.py
[2024-02-16T16:26:51.299+0000] {logging_mixin.py:188} INFO - [2024-02-16T16:26:51.299+0000] {dag.py:3036} INFO - Sync 1 DAGs
[2024-02-16T16:26:51.309+0000] {logging_mixin.py:188} INFO - [2024-02-16T16:26:51.308+0000] {dag.py:3823} INFO - Setting next_dagrun for tutorial_dag to None, run_after=None
[2024-02-16T16:26:51.323+0000] {processor.py:183} INFO - Processing /home/airflow/.local/lib/python3.8/site-packages/airflow/example_dags/tutorial_dag.py took 0.046 seconds
[2024-02-16T16:27:21.373+0000] {processor.py:161} INFO - Started process (PID=832) to work on /home/airflow/.local/lib/python3.8/site-packages/airflow/example_dags/tutorial_dag.py
[2024-02-16T16:27:21.373+0000] {processor.py:830} INFO - Processing file /home/airflow/.local/lib/python3.8/site-packages/airflow/example_dags/tutorial_dag.py for tasks to queue
[2024-02-16T16:27:21.374+0000] {logging_mixin.py:188} INFO - [2024-02-16T16:27:21.374+0000] {dagbag.py:538} INFO - Filling up the DagBag from /home/airflow/.local/lib/python3.8/site-packages/airflow/example_dags/tutorial_dag.py
[2024-02-16T16:27:21.378+0000] {processor.py:840} INFO - DAG(s) 'tutorial_dag' retrieved from /home/airflow/.local/lib/python3.8/site-packages/airflow/example_dags/tutorial_dag.py
[2024-02-16T16:27:21.391+0000] {logging_mixin.py:188} INFO - [2024-02-16T16:27:21.391+0000] {dag.py:3036} INFO - Sync 1 DAGs
[2024-02-16T16:27:21.401+0000] {logging_mixin.py:188} INFO - [2024-02-16T16:27:21.401+0000] {dag.py:3823} INFO - Setting next_dagrun for tutorial_dag to None, run_after=None
[2024-02-16T16:27:21.415+0000] {processor.py:183} INFO - Processing /home/airflow/.local/lib/python3.8/site-packages/airflow/example_dags/tutorial_dag.py took 0.044 seconds
[2024-02-16T16:27:52.380+0000] {processor.py:161} INFO - Started process (PID=887) to work on /home/airflow/.local/lib/python3.8/site-packages/airflow/example_dags/tutorial_dag.py
[2024-02-16T16:27:52.381+0000] {processor.py:830} INFO - Processing file /home/airflow/.local/lib/python3.8/site-packages/airflow/example_dags/tutorial_dag.py for tasks to queue
[2024-02-16T16:27:52.382+0000] {logging_mixin.py:188} INFO - [2024-02-16T16:27:52.382+0000] {dagbag.py:538} INFO - Filling up the DagBag from /home/airflow/.local/lib/python3.8/site-packages/airflow/example_dags/tutorial_dag.py
[2024-02-16T16:27:52.385+0000] {processor.py:840} INFO - DAG(s) 'tutorial_dag' retrieved from /home/airflow/.local/lib/python3.8/site-packages/airflow/example_dags/tutorial_dag.py
[2024-02-16T16:27:52.398+0000] {logging_mixin.py:188} INFO - [2024-02-16T16:27:52.398+0000] {dag.py:3036} INFO - Sync 1 DAGs
[2024-02-16T16:27:52.407+0000] {logging_mixin.py:188} INFO - [2024-02-16T16:27:52.407+0000] {dag.py:3823} INFO - Setting next_dagrun for tutorial_dag to None, run_after=None
[2024-02-16T16:27:52.421+0000] {processor.py:183} INFO - Processing /home/airflow/.local/lib/python3.8/site-packages/airflow/example_dags/tutorial_dag.py took 0.043 seconds
[2024-02-16T16:28:22.721+0000] {processor.py:161} INFO - Started process (PID=942) to work on /home/airflow/.local/lib/python3.8/site-packages/airflow/example_dags/tutorial_dag.py
[2024-02-16T16:28:22.722+0000] {processor.py:830} INFO - Processing file /home/airflow/.local/lib/python3.8/site-packages/airflow/example_dags/tutorial_dag.py for tasks to queue
[2024-02-16T16:28:22.723+0000] {logging_mixin.py:188} INFO - [2024-02-16T16:28:22.723+0000] {dagbag.py:538} INFO - Filling up the DagBag from /home/airflow/.local/lib/python3.8/site-packages/airflow/example_dags/tutorial_dag.py
[2024-02-16T16:28:22.727+0000] {processor.py:840} INFO - DAG(s) 'tutorial_dag' retrieved from /home/airflow/.local/lib/python3.8/site-packages/airflow/example_dags/tutorial_dag.py
[2024-02-16T16:28:22.741+0000] {logging_mixin.py:188} INFO - [2024-02-16T16:28:22.741+0000] {dag.py:3036} INFO - Sync 1 DAGs
[2024-02-16T16:28:22.750+0000] {logging_mixin.py:188} INFO - [2024-02-16T16:28:22.750+0000] {dag.py:3823} INFO - Setting next_dagrun for tutorial_dag to None, run_after=None
[2024-02-16T16:28:22.764+0000] {processor.py:183} INFO - Processing /home/airflow/.local/lib/python3.8/site-packages/airflow/example_dags/tutorial_dag.py took 0.045 seconds
[2024-02-16T16:28:52.931+0000] {processor.py:161} INFO - Started process (PID=997) to work on /home/airflow/.local/lib/python3.8/site-packages/airflow/example_dags/tutorial_dag.py
[2024-02-16T16:28:52.931+0000] {processor.py:830} INFO - Processing file /home/airflow/.local/lib/python3.8/site-packages/airflow/example_dags/tutorial_dag.py for tasks to queue
[2024-02-16T16:28:52.932+0000] {logging_mixin.py:188} INFO - [2024-02-16T16:28:52.932+0000] {dagbag.py:538} INFO - Filling up the DagBag from /home/airflow/.local/lib/python3.8/site-packages/airflow/example_dags/tutorial_dag.py
[2024-02-16T16:28:52.935+0000] {processor.py:840} INFO - DAG(s) 'tutorial_dag' retrieved from /home/airflow/.local/lib/python3.8/site-packages/airflow/example_dags/tutorial_dag.py
[2024-02-16T16:28:52.947+0000] {logging_mixin.py:188} INFO - [2024-02-16T16:28:52.947+0000] {dag.py:3036} INFO - Sync 1 DAGs
[2024-02-16T16:28:52.955+0000] {logging_mixin.py:188} INFO - [2024-02-16T16:28:52.955+0000] {dag.py:3823} INFO - Setting next_dagrun for tutorial_dag to None, run_after=None
[2024-02-16T16:28:52.967+0000] {processor.py:183} INFO - Processing /home/airflow/.local/lib/python3.8/site-packages/airflow/example_dags/tutorial_dag.py took 0.038 seconds
[2024-02-16T16:29:23.038+0000] {processor.py:161} INFO - Started process (PID=1052) to work on /home/airflow/.local/lib/python3.8/site-packages/airflow/example_dags/tutorial_dag.py
[2024-02-16T16:29:23.038+0000] {processor.py:830} INFO - Processing file /home/airflow/.local/lib/python3.8/site-packages/airflow/example_dags/tutorial_dag.py for tasks to queue
[2024-02-16T16:29:23.039+0000] {logging_mixin.py:188} INFO - [2024-02-16T16:29:23.039+0000] {dagbag.py:538} INFO - Filling up the DagBag from /home/airflow/.local/lib/python3.8/site-packages/airflow/example_dags/tutorial_dag.py
[2024-02-16T16:29:23.043+0000] {processor.py:840} INFO - DAG(s) 'tutorial_dag' retrieved from /home/airflow/.local/lib/python3.8/site-packages/airflow/example_dags/tutorial_dag.py
[2024-02-16T16:29:23.055+0000] {logging_mixin.py:188} INFO - [2024-02-16T16:29:23.055+0000] {dag.py:3036} INFO - Sync 1 DAGs
[2024-02-16T16:29:23.064+0000] {logging_mixin.py:188} INFO - [2024-02-16T16:29:23.063+0000] {dag.py:3823} INFO - Setting next_dagrun for tutorial_dag to None, run_after=None
[2024-02-16T16:29:23.075+0000] {processor.py:183} INFO - Processing /home/airflow/.local/lib/python3.8/site-packages/airflow/example_dags/tutorial_dag.py took 0.039 seconds
[2024-02-16T16:29:53.313+0000] {processor.py:161} INFO - Started process (PID=1107) to work on /home/airflow/.local/lib/python3.8/site-packages/airflow/example_dags/tutorial_dag.py
[2024-02-16T16:29:53.314+0000] {processor.py:830} INFO - Processing file /home/airflow/.local/lib/python3.8/site-packages/airflow/example_dags/tutorial_dag.py for tasks to queue
[2024-02-16T16:29:53.315+0000] {logging_mixin.py:188} INFO - [2024-02-16T16:29:53.315+0000] {dagbag.py:538} INFO - Filling up the DagBag from /home/airflow/.local/lib/python3.8/site-packages/airflow/example_dags/tutorial_dag.py
[2024-02-16T16:29:53.318+0000] {processor.py:840} INFO - DAG(s) 'tutorial_dag' retrieved from /home/airflow/.local/lib/python3.8/site-packages/airflow/example_dags/tutorial_dag.py
[2024-02-16T16:29:53.332+0000] {logging_mixin.py:188} INFO - [2024-02-16T16:29:53.332+0000] {dag.py:3036} INFO - Sync 1 DAGs
[2024-02-16T16:29:53.341+0000] {logging_mixin.py:188} INFO - [2024-02-16T16:29:53.341+0000] {dag.py:3823} INFO - Setting next_dagrun for tutorial_dag to None, run_after=None
[2024-02-16T16:29:53.356+0000] {processor.py:183} INFO - Processing /home/airflow/.local/lib/python3.8/site-packages/airflow/example_dags/tutorial_dag.py took 0.046 seconds
[2024-02-16T16:30:24.275+0000] {processor.py:161} INFO - Started process (PID=1163) to work on /home/airflow/.local/lib/python3.8/site-packages/airflow/example_dags/tutorial_dag.py
[2024-02-16T16:30:24.276+0000] {processor.py:830} INFO - Processing file /home/airflow/.local/lib/python3.8/site-packages/airflow/example_dags/tutorial_dag.py for tasks to queue
[2024-02-16T16:30:24.277+0000] {logging_mixin.py:188} INFO - [2024-02-16T16:30:24.277+0000] {dagbag.py:538} INFO - Filling up the DagBag from /home/airflow/.local/lib/python3.8/site-packages/airflow/example_dags/tutorial_dag.py
[2024-02-16T16:30:24.281+0000] {processor.py:840} INFO - DAG(s) 'tutorial_dag' retrieved from /home/airflow/.local/lib/python3.8/site-packages/airflow/example_dags/tutorial_dag.py
[2024-02-16T16:30:24.293+0000] {logging_mixin.py:188} INFO - [2024-02-16T16:30:24.293+0000] {dag.py:3036} INFO - Sync 1 DAGs
[2024-02-16T16:30:24.301+0000] {logging_mixin.py:188} INFO - [2024-02-16T16:30:24.301+0000] {dag.py:3823} INFO - Setting next_dagrun for tutorial_dag to None, run_after=None
[2024-02-16T16:30:24.313+0000] {processor.py:183} INFO - Processing /home/airflow/.local/lib/python3.8/site-packages/airflow/example_dags/tutorial_dag.py took 0.040 seconds
[2024-02-16T16:31:26.956+0000] {processor.py:161} INFO - Started process (PID=63) to work on /home/airflow/.local/lib/python3.8/site-packages/airflow/example_dags/tutorial_dag.py
[2024-02-16T16:31:26.957+0000] {processor.py:830} INFO - Processing file /home/airflow/.local/lib/python3.8/site-packages/airflow/example_dags/tutorial_dag.py for tasks to queue
[2024-02-16T16:31:26.958+0000] {logging_mixin.py:188} INFO - [2024-02-16T16:31:26.958+0000] {dagbag.py:538} INFO - Filling up the DagBag from /home/airflow/.local/lib/python3.8/site-packages/airflow/example_dags/tutorial_dag.py
[2024-02-16T16:31:26.964+0000] {processor.py:840} INFO - DAG(s) 'tutorial_dag' retrieved from /home/airflow/.local/lib/python3.8/site-packages/airflow/example_dags/tutorial_dag.py
[2024-02-16T16:31:26.973+0000] {logging_mixin.py:188} INFO - [2024-02-16T16:31:26.973+0000] {dag.py:3036} INFO - Sync 1 DAGs
[2024-02-16T16:31:26.983+0000] {logging_mixin.py:188} INFO - [2024-02-16T16:31:26.982+0000] {dag.py:3823} INFO - Setting next_dagrun for tutorial_dag to None, run_after=None
[2024-02-16T16:31:27.000+0000] {processor.py:183} INFO - Processing /home/airflow/.local/lib/python3.8/site-packages/airflow/example_dags/tutorial_dag.py took 0.046 seconds
[2024-02-16T16:31:58.320+0000] {processor.py:161} INFO - Started process (PID=119) to work on /home/airflow/.local/lib/python3.8/site-packages/airflow/example_dags/tutorial_dag.py
[2024-02-16T16:31:58.321+0000] {processor.py:830} INFO - Processing file /home/airflow/.local/lib/python3.8/site-packages/airflow/example_dags/tutorial_dag.py for tasks to queue
[2024-02-16T16:31:58.322+0000] {logging_mixin.py:188} INFO - [2024-02-16T16:31:58.322+0000] {dagbag.py:538} INFO - Filling up the DagBag from /home/airflow/.local/lib/python3.8/site-packages/airflow/example_dags/tutorial_dag.py
[2024-02-16T16:31:58.327+0000] {processor.py:840} INFO - DAG(s) 'tutorial_dag' retrieved from /home/airflow/.local/lib/python3.8/site-packages/airflow/example_dags/tutorial_dag.py
[2024-02-16T16:31:58.403+0000] {logging_mixin.py:188} INFO - [2024-02-16T16:31:58.403+0000] {dag.py:3036} INFO - Sync 1 DAGs
[2024-02-16T16:31:58.412+0000] {logging_mixin.py:188} INFO - [2024-02-16T16:31:58.411+0000] {dag.py:3823} INFO - Setting next_dagrun for tutorial_dag to None, run_after=None
[2024-02-16T16:31:58.425+0000] {processor.py:183} INFO - Processing /home/airflow/.local/lib/python3.8/site-packages/airflow/example_dags/tutorial_dag.py took 0.108 seconds
[2024-02-16T16:32:28.895+0000] {processor.py:161} INFO - Started process (PID=175) to work on /home/airflow/.local/lib/python3.8/site-packages/airflow/example_dags/tutorial_dag.py
[2024-02-16T16:32:28.896+0000] {processor.py:830} INFO - Processing file /home/airflow/.local/lib/python3.8/site-packages/airflow/example_dags/tutorial_dag.py for tasks to queue
[2024-02-16T16:32:28.897+0000] {logging_mixin.py:188} INFO - [2024-02-16T16:32:28.897+0000] {dagbag.py:538} INFO - Filling up the DagBag from /home/airflow/.local/lib/python3.8/site-packages/airflow/example_dags/tutorial_dag.py
[2024-02-16T16:32:28.900+0000] {processor.py:840} INFO - DAG(s) 'tutorial_dag' retrieved from /home/airflow/.local/lib/python3.8/site-packages/airflow/example_dags/tutorial_dag.py
[2024-02-16T16:32:28.913+0000] {logging_mixin.py:188} INFO - [2024-02-16T16:32:28.913+0000] {dag.py:3036} INFO - Sync 1 DAGs
[2024-02-16T16:32:28.923+0000] {logging_mixin.py:188} INFO - [2024-02-16T16:32:28.922+0000] {dag.py:3823} INFO - Setting next_dagrun for tutorial_dag to None, run_after=None
[2024-02-16T16:32:28.935+0000] {processor.py:183} INFO - Processing /home/airflow/.local/lib/python3.8/site-packages/airflow/example_dags/tutorial_dag.py took 0.042 seconds
[2024-02-16T16:32:59.064+0000] {processor.py:161} INFO - Started process (PID=231) to work on /home/airflow/.local/lib/python3.8/site-packages/airflow/example_dags/tutorial_dag.py
[2024-02-16T16:32:59.065+0000] {processor.py:830} INFO - Processing file /home/airflow/.local/lib/python3.8/site-packages/airflow/example_dags/tutorial_dag.py for tasks to queue
[2024-02-16T16:32:59.066+0000] {logging_mixin.py:188} INFO - [2024-02-16T16:32:59.066+0000] {dagbag.py:538} INFO - Filling up the DagBag from /home/airflow/.local/lib/python3.8/site-packages/airflow/example_dags/tutorial_dag.py
[2024-02-16T16:32:59.069+0000] {processor.py:840} INFO - DAG(s) 'tutorial_dag' retrieved from /home/airflow/.local/lib/python3.8/site-packages/airflow/example_dags/tutorial_dag.py
[2024-02-16T16:32:59.083+0000] {logging_mixin.py:188} INFO - [2024-02-16T16:32:59.083+0000] {dag.py:3036} INFO - Sync 1 DAGs
[2024-02-16T16:32:59.091+0000] {logging_mixin.py:188} INFO - [2024-02-16T16:32:59.091+0000] {dag.py:3823} INFO - Setting next_dagrun for tutorial_dag to None, run_after=None
[2024-02-16T16:32:59.104+0000] {processor.py:183} INFO - Processing /home/airflow/.local/lib/python3.8/site-packages/airflow/example_dags/tutorial_dag.py took 0.042 seconds
[2024-02-16T16:33:29.381+0000] {processor.py:161} INFO - Started process (PID=287) to work on /home/airflow/.local/lib/python3.8/site-packages/airflow/example_dags/tutorial_dag.py
[2024-02-16T16:33:29.382+0000] {processor.py:830} INFO - Processing file /home/airflow/.local/lib/python3.8/site-packages/airflow/example_dags/tutorial_dag.py for tasks to queue
[2024-02-16T16:33:29.383+0000] {logging_mixin.py:188} INFO - [2024-02-16T16:33:29.382+0000] {dagbag.py:538} INFO - Filling up the DagBag from /home/airflow/.local/lib/python3.8/site-packages/airflow/example_dags/tutorial_dag.py
[2024-02-16T16:33:29.386+0000] {processor.py:840} INFO - DAG(s) 'tutorial_dag' retrieved from /home/airflow/.local/lib/python3.8/site-packages/airflow/example_dags/tutorial_dag.py
[2024-02-16T16:33:29.399+0000] {logging_mixin.py:188} INFO - [2024-02-16T16:33:29.398+0000] {dag.py:3036} INFO - Sync 1 DAGs
[2024-02-16T16:33:29.407+0000] {logging_mixin.py:188} INFO - [2024-02-16T16:33:29.407+0000] {dag.py:3823} INFO - Setting next_dagrun for tutorial_dag to None, run_after=None
[2024-02-16T16:33:29.420+0000] {processor.py:183} INFO - Processing /home/airflow/.local/lib/python3.8/site-packages/airflow/example_dags/tutorial_dag.py took 0.041 seconds
[2024-02-16T16:33:59.552+0000] {processor.py:161} INFO - Started process (PID=343) to work on /home/airflow/.local/lib/python3.8/site-packages/airflow/example_dags/tutorial_dag.py
[2024-02-16T16:33:59.553+0000] {processor.py:830} INFO - Processing file /home/airflow/.local/lib/python3.8/site-packages/airflow/example_dags/tutorial_dag.py for tasks to queue
[2024-02-16T16:33:59.554+0000] {logging_mixin.py:188} INFO - [2024-02-16T16:33:59.554+0000] {dagbag.py:538} INFO - Filling up the DagBag from /home/airflow/.local/lib/python3.8/site-packages/airflow/example_dags/tutorial_dag.py
[2024-02-16T16:33:59.558+0000] {processor.py:840} INFO - DAG(s) 'tutorial_dag' retrieved from /home/airflow/.local/lib/python3.8/site-packages/airflow/example_dags/tutorial_dag.py
[2024-02-16T16:33:59.572+0000] {logging_mixin.py:188} INFO - [2024-02-16T16:33:59.572+0000] {dag.py:3036} INFO - Sync 1 DAGs
[2024-02-16T16:33:59.581+0000] {logging_mixin.py:188} INFO - [2024-02-16T16:33:59.580+0000] {dag.py:3823} INFO - Setting next_dagrun for tutorial_dag to None, run_after=None
[2024-02-16T16:33:59.594+0000] {processor.py:183} INFO - Processing /home/airflow/.local/lib/python3.8/site-packages/airflow/example_dags/tutorial_dag.py took 0.044 seconds
[2024-02-16T16:34:29.794+0000] {processor.py:161} INFO - Started process (PID=399) to work on /home/airflow/.local/lib/python3.8/site-packages/airflow/example_dags/tutorial_dag.py
[2024-02-16T16:34:29.795+0000] {processor.py:830} INFO - Processing file /home/airflow/.local/lib/python3.8/site-packages/airflow/example_dags/tutorial_dag.py for tasks to queue
[2024-02-16T16:34:29.796+0000] {logging_mixin.py:188} INFO - [2024-02-16T16:34:29.796+0000] {dagbag.py:538} INFO - Filling up the DagBag from /home/airflow/.local/lib/python3.8/site-packages/airflow/example_dags/tutorial_dag.py
[2024-02-16T16:34:29.799+0000] {processor.py:840} INFO - DAG(s) 'tutorial_dag' retrieved from /home/airflow/.local/lib/python3.8/site-packages/airflow/example_dags/tutorial_dag.py
[2024-02-16T16:34:29.812+0000] {logging_mixin.py:188} INFO - [2024-02-16T16:34:29.812+0000] {dag.py:3036} INFO - Sync 1 DAGs
[2024-02-16T16:34:29.821+0000] {logging_mixin.py:188} INFO - [2024-02-16T16:34:29.821+0000] {dag.py:3823} INFO - Setting next_dagrun for tutorial_dag to None, run_after=None
[2024-02-16T16:34:29.835+0000] {processor.py:183} INFO - Processing /home/airflow/.local/lib/python3.8/site-packages/airflow/example_dags/tutorial_dag.py took 0.043 seconds
[2024-02-16T16:35:00.067+0000] {processor.py:161} INFO - Started process (PID=455) to work on /home/airflow/.local/lib/python3.8/site-packages/airflow/example_dags/tutorial_dag.py
[2024-02-16T16:35:00.067+0000] {processor.py:830} INFO - Processing file /home/airflow/.local/lib/python3.8/site-packages/airflow/example_dags/tutorial_dag.py for tasks to queue
[2024-02-16T16:35:00.068+0000] {logging_mixin.py:188} INFO - [2024-02-16T16:35:00.068+0000] {dagbag.py:538} INFO - Filling up the DagBag from /home/airflow/.local/lib/python3.8/site-packages/airflow/example_dags/tutorial_dag.py
[2024-02-16T16:35:00.071+0000] {processor.py:840} INFO - DAG(s) 'tutorial_dag' retrieved from /home/airflow/.local/lib/python3.8/site-packages/airflow/example_dags/tutorial_dag.py
[2024-02-16T16:35:00.084+0000] {logging_mixin.py:188} INFO - [2024-02-16T16:35:00.084+0000] {dag.py:3036} INFO - Sync 1 DAGs
[2024-02-16T16:35:00.093+0000] {logging_mixin.py:188} INFO - [2024-02-16T16:35:00.093+0000] {dag.py:3823} INFO - Setting next_dagrun for tutorial_dag to None, run_after=None
[2024-02-16T16:35:00.106+0000] {processor.py:183} INFO - Processing /home/airflow/.local/lib/python3.8/site-packages/airflow/example_dags/tutorial_dag.py took 0.042 seconds
[2024-02-16T16:35:30.277+0000] {processor.py:161} INFO - Started process (PID=511) to work on /home/airflow/.local/lib/python3.8/site-packages/airflow/example_dags/tutorial_dag.py
[2024-02-16T16:35:30.277+0000] {processor.py:830} INFO - Processing file /home/airflow/.local/lib/python3.8/site-packages/airflow/example_dags/tutorial_dag.py for tasks to queue
[2024-02-16T16:35:30.278+0000] {logging_mixin.py:188} INFO - [2024-02-16T16:35:30.278+0000] {dagbag.py:538} INFO - Filling up the DagBag from /home/airflow/.local/lib/python3.8/site-packages/airflow/example_dags/tutorial_dag.py
[2024-02-16T16:35:30.282+0000] {processor.py:840} INFO - DAG(s) 'tutorial_dag' retrieved from /home/airflow/.local/lib/python3.8/site-packages/airflow/example_dags/tutorial_dag.py
[2024-02-16T16:35:30.295+0000] {logging_mixin.py:188} INFO - [2024-02-16T16:35:30.295+0000] {dag.py:3036} INFO - Sync 1 DAGs
[2024-02-16T16:35:30.305+0000] {logging_mixin.py:188} INFO - [2024-02-16T16:35:30.305+0000] {dag.py:3823} INFO - Setting next_dagrun for tutorial_dag to None, run_after=None
[2024-02-16T16:35:30.318+0000] {processor.py:183} INFO - Processing /home/airflow/.local/lib/python3.8/site-packages/airflow/example_dags/tutorial_dag.py took 0.044 seconds
[2024-02-16T16:36:00.590+0000] {processor.py:161} INFO - Started process (PID=567) to work on /home/airflow/.local/lib/python3.8/site-packages/airflow/example_dags/tutorial_dag.py
[2024-02-16T16:36:00.591+0000] {processor.py:830} INFO - Processing file /home/airflow/.local/lib/python3.8/site-packages/airflow/example_dags/tutorial_dag.py for tasks to queue
[2024-02-16T16:36:00.592+0000] {logging_mixin.py:188} INFO - [2024-02-16T16:36:00.591+0000] {dagbag.py:538} INFO - Filling up the DagBag from /home/airflow/.local/lib/python3.8/site-packages/airflow/example_dags/tutorial_dag.py
[2024-02-16T16:36:00.595+0000] {processor.py:840} INFO - DAG(s) 'tutorial_dag' retrieved from /home/airflow/.local/lib/python3.8/site-packages/airflow/example_dags/tutorial_dag.py
[2024-02-16T16:36:00.609+0000] {logging_mixin.py:188} INFO - [2024-02-16T16:36:00.608+0000] {dag.py:3036} INFO - Sync 1 DAGs
[2024-02-16T16:36:00.618+0000] {logging_mixin.py:188} INFO - [2024-02-16T16:36:00.618+0000] {dag.py:3823} INFO - Setting next_dagrun for tutorial_dag to None, run_after=None
[2024-02-16T16:36:00.633+0000] {processor.py:183} INFO - Processing /home/airflow/.local/lib/python3.8/site-packages/airflow/example_dags/tutorial_dag.py took 0.045 seconds
[2024-02-16T16:36:31.679+0000] {processor.py:161} INFO - Started process (PID=623) to work on /home/airflow/.local/lib/python3.8/site-packages/airflow/example_dags/tutorial_dag.py
[2024-02-16T16:36:31.680+0000] {processor.py:830} INFO - Processing file /home/airflow/.local/lib/python3.8/site-packages/airflow/example_dags/tutorial_dag.py for tasks to queue
[2024-02-16T16:36:31.681+0000] {logging_mixin.py:188} INFO - [2024-02-16T16:36:31.681+0000] {dagbag.py:538} INFO - Filling up the DagBag from /home/airflow/.local/lib/python3.8/site-packages/airflow/example_dags/tutorial_dag.py
[2024-02-16T16:36:31.684+0000] {processor.py:840} INFO - DAG(s) 'tutorial_dag' retrieved from /home/airflow/.local/lib/python3.8/site-packages/airflow/example_dags/tutorial_dag.py
[2024-02-16T16:36:31.698+0000] {logging_mixin.py:188} INFO - [2024-02-16T16:36:31.697+0000] {dag.py:3036} INFO - Sync 1 DAGs
[2024-02-16T16:36:31.708+0000] {logging_mixin.py:188} INFO - [2024-02-16T16:36:31.708+0000] {dag.py:3823} INFO - Setting next_dagrun for tutorial_dag to None, run_after=None
[2024-02-16T16:36:31.721+0000] {processor.py:183} INFO - Processing /home/airflow/.local/lib/python3.8/site-packages/airflow/example_dags/tutorial_dag.py took 0.044 seconds
[2024-02-16T16:37:02.070+0000] {processor.py:161} INFO - Started process (PID=680) to work on /home/airflow/.local/lib/python3.8/site-packages/airflow/example_dags/tutorial_dag.py
[2024-02-16T16:37:02.071+0000] {processor.py:830} INFO - Processing file /home/airflow/.local/lib/python3.8/site-packages/airflow/example_dags/tutorial_dag.py for tasks to queue
[2024-02-16T16:37:02.072+0000] {logging_mixin.py:188} INFO - [2024-02-16T16:37:02.071+0000] {dagbag.py:538} INFO - Filling up the DagBag from /home/airflow/.local/lib/python3.8/site-packages/airflow/example_dags/tutorial_dag.py
[2024-02-16T16:37:02.076+0000] {processor.py:840} INFO - DAG(s) 'tutorial_dag' retrieved from /home/airflow/.local/lib/python3.8/site-packages/airflow/example_dags/tutorial_dag.py
[2024-02-16T16:37:02.089+0000] {logging_mixin.py:188} INFO - [2024-02-16T16:37:02.089+0000] {dag.py:3036} INFO - Sync 1 DAGs
[2024-02-16T16:37:02.099+0000] {logging_mixin.py:188} INFO - [2024-02-16T16:37:02.098+0000] {dag.py:3823} INFO - Setting next_dagrun for tutorial_dag to None, run_after=None
[2024-02-16T16:37:02.112+0000] {processor.py:183} INFO - Processing /home/airflow/.local/lib/python3.8/site-packages/airflow/example_dags/tutorial_dag.py took 0.044 seconds
[2024-02-16T16:37:32.313+0000] {processor.py:161} INFO - Started process (PID=737) to work on /home/airflow/.local/lib/python3.8/site-packages/airflow/example_dags/tutorial_dag.py
[2024-02-16T16:37:32.314+0000] {processor.py:830} INFO - Processing file /home/airflow/.local/lib/python3.8/site-packages/airflow/example_dags/tutorial_dag.py for tasks to queue
[2024-02-16T16:37:32.315+0000] {logging_mixin.py:188} INFO - [2024-02-16T16:37:32.315+0000] {dagbag.py:538} INFO - Filling up the DagBag from /home/airflow/.local/lib/python3.8/site-packages/airflow/example_dags/tutorial_dag.py
[2024-02-16T16:37:32.319+0000] {processor.py:840} INFO - DAG(s) 'tutorial_dag' retrieved from /home/airflow/.local/lib/python3.8/site-packages/airflow/example_dags/tutorial_dag.py
[2024-02-16T16:37:32.332+0000] {logging_mixin.py:188} INFO - [2024-02-16T16:37:32.332+0000] {dag.py:3036} INFO - Sync 1 DAGs
[2024-02-16T16:37:32.341+0000] {logging_mixin.py:188} INFO - [2024-02-16T16:37:32.341+0000] {dag.py:3823} INFO - Setting next_dagrun for tutorial_dag to None, run_after=None
[2024-02-16T16:37:32.355+0000] {processor.py:183} INFO - Processing /home/airflow/.local/lib/python3.8/site-packages/airflow/example_dags/tutorial_dag.py took 0.043 seconds
[2024-02-16T16:39:16.595+0000] {processor.py:161} INFO - Started process (PID=64) to work on /home/airflow/.local/lib/python3.8/site-packages/airflow/example_dags/tutorial_dag.py
[2024-02-16T16:39:16.596+0000] {processor.py:830} INFO - Processing file /home/airflow/.local/lib/python3.8/site-packages/airflow/example_dags/tutorial_dag.py for tasks to queue
[2024-02-16T16:39:16.597+0000] {logging_mixin.py:188} INFO - [2024-02-16T16:39:16.597+0000] {dagbag.py:538} INFO - Filling up the DagBag from /home/airflow/.local/lib/python3.8/site-packages/airflow/example_dags/tutorial_dag.py
[2024-02-16T16:39:16.604+0000] {processor.py:840} INFO - DAG(s) 'tutorial_dag' retrieved from /home/airflow/.local/lib/python3.8/site-packages/airflow/example_dags/tutorial_dag.py
[2024-02-16T16:39:16.613+0000] {logging_mixin.py:188} INFO - [2024-02-16T16:39:16.613+0000] {dag.py:3036} INFO - Sync 1 DAGs
[2024-02-16T16:39:16.623+0000] {logging_mixin.py:188} INFO - [2024-02-16T16:39:16.623+0000] {dag.py:3823} INFO - Setting next_dagrun for tutorial_dag to None, run_after=None
[2024-02-16T16:39:16.641+0000] {processor.py:183} INFO - Processing /home/airflow/.local/lib/python3.8/site-packages/airflow/example_dags/tutorial_dag.py took 0.048 seconds
[2024-02-16T16:39:47.366+0000] {processor.py:161} INFO - Started process (PID=121) to work on /home/airflow/.local/lib/python3.8/site-packages/airflow/example_dags/tutorial_dag.py
[2024-02-16T16:39:47.366+0000] {processor.py:830} INFO - Processing file /home/airflow/.local/lib/python3.8/site-packages/airflow/example_dags/tutorial_dag.py for tasks to queue
[2024-02-16T16:39:47.367+0000] {logging_mixin.py:188} INFO - [2024-02-16T16:39:47.367+0000] {dagbag.py:538} INFO - Filling up the DagBag from /home/airflow/.local/lib/python3.8/site-packages/airflow/example_dags/tutorial_dag.py
[2024-02-16T16:39:47.371+0000] {processor.py:840} INFO - DAG(s) 'tutorial_dag' retrieved from /home/airflow/.local/lib/python3.8/site-packages/airflow/example_dags/tutorial_dag.py
[2024-02-16T16:39:47.442+0000] {logging_mixin.py:188} INFO - [2024-02-16T16:39:47.442+0000] {dag.py:3036} INFO - Sync 1 DAGs
[2024-02-16T16:39:47.450+0000] {logging_mixin.py:188} INFO - [2024-02-16T16:39:47.450+0000] {dag.py:3823} INFO - Setting next_dagrun for tutorial_dag to None, run_after=None
[2024-02-16T16:39:47.463+0000] {processor.py:183} INFO - Processing /home/airflow/.local/lib/python3.8/site-packages/airflow/example_dags/tutorial_dag.py took 0.099 seconds
[2024-02-16T16:40:18.337+0000] {processor.py:161} INFO - Started process (PID=178) to work on /home/airflow/.local/lib/python3.8/site-packages/airflow/example_dags/tutorial_dag.py
[2024-02-16T16:40:18.338+0000] {processor.py:830} INFO - Processing file /home/airflow/.local/lib/python3.8/site-packages/airflow/example_dags/tutorial_dag.py for tasks to queue
[2024-02-16T16:40:18.339+0000] {logging_mixin.py:188} INFO - [2024-02-16T16:40:18.339+0000] {dagbag.py:538} INFO - Filling up the DagBag from /home/airflow/.local/lib/python3.8/site-packages/airflow/example_dags/tutorial_dag.py
[2024-02-16T16:40:18.342+0000] {processor.py:840} INFO - DAG(s) 'tutorial_dag' retrieved from /home/airflow/.local/lib/python3.8/site-packages/airflow/example_dags/tutorial_dag.py
[2024-02-16T16:40:18.356+0000] {logging_mixin.py:188} INFO - [2024-02-16T16:40:18.355+0000] {dag.py:3036} INFO - Sync 1 DAGs
[2024-02-16T16:40:18.364+0000] {logging_mixin.py:188} INFO - [2024-02-16T16:40:18.364+0000] {dag.py:3823} INFO - Setting next_dagrun for tutorial_dag to None, run_after=None
[2024-02-16T16:40:18.377+0000] {processor.py:183} INFO - Processing /home/airflow/.local/lib/python3.8/site-packages/airflow/example_dags/tutorial_dag.py took 0.041 seconds
[2024-02-16T16:40:48.755+0000] {processor.py:161} INFO - Started process (PID=235) to work on /home/airflow/.local/lib/python3.8/site-packages/airflow/example_dags/tutorial_dag.py
[2024-02-16T16:40:48.755+0000] {processor.py:830} INFO - Processing file /home/airflow/.local/lib/python3.8/site-packages/airflow/example_dags/tutorial_dag.py for tasks to queue
[2024-02-16T16:40:48.756+0000] {logging_mixin.py:188} INFO - [2024-02-16T16:40:48.756+0000] {dagbag.py:538} INFO - Filling up the DagBag from /home/airflow/.local/lib/python3.8/site-packages/airflow/example_dags/tutorial_dag.py
[2024-02-16T16:40:48.760+0000] {processor.py:840} INFO - DAG(s) 'tutorial_dag' retrieved from /home/airflow/.local/lib/python3.8/site-packages/airflow/example_dags/tutorial_dag.py
[2024-02-16T16:40:48.774+0000] {logging_mixin.py:188} INFO - [2024-02-16T16:40:48.774+0000] {dag.py:3036} INFO - Sync 1 DAGs
[2024-02-16T16:40:48.783+0000] {logging_mixin.py:188} INFO - [2024-02-16T16:40:48.783+0000] {dag.py:3823} INFO - Setting next_dagrun for tutorial_dag to None, run_after=None
[2024-02-16T16:40:48.801+0000] {processor.py:183} INFO - Processing /home/airflow/.local/lib/python3.8/site-packages/airflow/example_dags/tutorial_dag.py took 0.049 seconds
[2024-02-16T16:41:18.914+0000] {processor.py:161} INFO - Started process (PID=292) to work on /home/airflow/.local/lib/python3.8/site-packages/airflow/example_dags/tutorial_dag.py
[2024-02-16T16:41:18.915+0000] {processor.py:830} INFO - Processing file /home/airflow/.local/lib/python3.8/site-packages/airflow/example_dags/tutorial_dag.py for tasks to queue
[2024-02-16T16:41:18.916+0000] {logging_mixin.py:188} INFO - [2024-02-16T16:41:18.916+0000] {dagbag.py:538} INFO - Filling up the DagBag from /home/airflow/.local/lib/python3.8/site-packages/airflow/example_dags/tutorial_dag.py
[2024-02-16T16:41:18.920+0000] {processor.py:840} INFO - DAG(s) 'tutorial_dag' retrieved from /home/airflow/.local/lib/python3.8/site-packages/airflow/example_dags/tutorial_dag.py
[2024-02-16T16:41:18.936+0000] {logging_mixin.py:188} INFO - [2024-02-16T16:41:18.936+0000] {dag.py:3036} INFO - Sync 1 DAGs
[2024-02-16T16:41:18.946+0000] {logging_mixin.py:188} INFO - [2024-02-16T16:41:18.946+0000] {dag.py:3823} INFO - Setting next_dagrun for tutorial_dag to None, run_after=None
[2024-02-16T16:41:18.963+0000] {processor.py:183} INFO - Processing /home/airflow/.local/lib/python3.8/site-packages/airflow/example_dags/tutorial_dag.py took 0.051 seconds
[2024-02-16T16:41:49.424+0000] {processor.py:161} INFO - Started process (PID=350) to work on /home/airflow/.local/lib/python3.8/site-packages/airflow/example_dags/tutorial_dag.py
[2024-02-16T16:41:49.424+0000] {processor.py:830} INFO - Processing file /home/airflow/.local/lib/python3.8/site-packages/airflow/example_dags/tutorial_dag.py for tasks to queue
[2024-02-16T16:41:49.426+0000] {logging_mixin.py:188} INFO - [2024-02-16T16:41:49.426+0000] {dagbag.py:538} INFO - Filling up the DagBag from /home/airflow/.local/lib/python3.8/site-packages/airflow/example_dags/tutorial_dag.py
[2024-02-16T16:41:49.430+0000] {processor.py:840} INFO - DAG(s) 'tutorial_dag' retrieved from /home/airflow/.local/lib/python3.8/site-packages/airflow/example_dags/tutorial_dag.py
[2024-02-16T16:41:49.446+0000] {logging_mixin.py:188} INFO - [2024-02-16T16:41:49.446+0000] {dag.py:3036} INFO - Sync 1 DAGs
[2024-02-16T16:41:49.456+0000] {logging_mixin.py:188} INFO - [2024-02-16T16:41:49.455+0000] {dag.py:3823} INFO - Setting next_dagrun for tutorial_dag to None, run_after=None
[2024-02-16T16:41:49.471+0000] {processor.py:183} INFO - Processing /home/airflow/.local/lib/python3.8/site-packages/airflow/example_dags/tutorial_dag.py took 0.050 seconds
[2024-02-16T16:42:19.821+0000] {processor.py:161} INFO - Started process (PID=407) to work on /home/airflow/.local/lib/python3.8/site-packages/airflow/example_dags/tutorial_dag.py
[2024-02-16T16:42:19.822+0000] {processor.py:830} INFO - Processing file /home/airflow/.local/lib/python3.8/site-packages/airflow/example_dags/tutorial_dag.py for tasks to queue
[2024-02-16T16:42:19.823+0000] {logging_mixin.py:188} INFO - [2024-02-16T16:42:19.823+0000] {dagbag.py:538} INFO - Filling up the DagBag from /home/airflow/.local/lib/python3.8/site-packages/airflow/example_dags/tutorial_dag.py
[2024-02-16T16:42:19.827+0000] {processor.py:840} INFO - DAG(s) 'tutorial_dag' retrieved from /home/airflow/.local/lib/python3.8/site-packages/airflow/example_dags/tutorial_dag.py
[2024-02-16T16:42:19.841+0000] {logging_mixin.py:188} INFO - [2024-02-16T16:42:19.841+0000] {dag.py:3036} INFO - Sync 1 DAGs
[2024-02-16T16:42:19.850+0000] {logging_mixin.py:188} INFO - [2024-02-16T16:42:19.850+0000] {dag.py:3823} INFO - Setting next_dagrun for tutorial_dag to None, run_after=None
[2024-02-16T16:42:19.865+0000] {processor.py:183} INFO - Processing /home/airflow/.local/lib/python3.8/site-packages/airflow/example_dags/tutorial_dag.py took 0.045 seconds
[2024-02-16T16:42:50.183+0000] {processor.py:161} INFO - Started process (PID=464) to work on /home/airflow/.local/lib/python3.8/site-packages/airflow/example_dags/tutorial_dag.py
[2024-02-16T16:42:50.184+0000] {processor.py:830} INFO - Processing file /home/airflow/.local/lib/python3.8/site-packages/airflow/example_dags/tutorial_dag.py for tasks to queue
[2024-02-16T16:42:50.185+0000] {logging_mixin.py:188} INFO - [2024-02-16T16:42:50.185+0000] {dagbag.py:538} INFO - Filling up the DagBag from /home/airflow/.local/lib/python3.8/site-packages/airflow/example_dags/tutorial_dag.py
[2024-02-16T16:42:50.189+0000] {processor.py:840} INFO - DAG(s) 'tutorial_dag' retrieved from /home/airflow/.local/lib/python3.8/site-packages/airflow/example_dags/tutorial_dag.py
[2024-02-16T16:42:50.207+0000] {logging_mixin.py:188} INFO - [2024-02-16T16:42:50.206+0000] {dag.py:3036} INFO - Sync 1 DAGs
[2024-02-16T16:42:50.216+0000] {logging_mixin.py:188} INFO - [2024-02-16T16:42:50.216+0000] {dag.py:3823} INFO - Setting next_dagrun for tutorial_dag to None, run_after=None
[2024-02-16T16:42:50.231+0000] {processor.py:183} INFO - Processing /home/airflow/.local/lib/python3.8/site-packages/airflow/example_dags/tutorial_dag.py took 0.051 seconds
[2024-02-16T16:43:20.604+0000] {processor.py:161} INFO - Started process (PID=521) to work on /home/airflow/.local/lib/python3.8/site-packages/airflow/example_dags/tutorial_dag.py
[2024-02-16T16:43:20.605+0000] {processor.py:830} INFO - Processing file /home/airflow/.local/lib/python3.8/site-packages/airflow/example_dags/tutorial_dag.py for tasks to queue
[2024-02-16T16:43:20.607+0000] {logging_mixin.py:188} INFO - [2024-02-16T16:43:20.606+0000] {dagbag.py:538} INFO - Filling up the DagBag from /home/airflow/.local/lib/python3.8/site-packages/airflow/example_dags/tutorial_dag.py
[2024-02-16T16:43:20.610+0000] {processor.py:840} INFO - DAG(s) 'tutorial_dag' retrieved from /home/airflow/.local/lib/python3.8/site-packages/airflow/example_dags/tutorial_dag.py
[2024-02-16T16:43:20.625+0000] {logging_mixin.py:188} INFO - [2024-02-16T16:43:20.625+0000] {dag.py:3036} INFO - Sync 1 DAGs
[2024-02-16T16:43:20.635+0000] {logging_mixin.py:188} INFO - [2024-02-16T16:43:20.635+0000] {dag.py:3823} INFO - Setting next_dagrun for tutorial_dag to None, run_after=None
[2024-02-16T16:43:20.649+0000] {processor.py:183} INFO - Processing /home/airflow/.local/lib/python3.8/site-packages/airflow/example_dags/tutorial_dag.py took 0.047 seconds
[2024-02-16T16:43:50.808+0000] {processor.py:161} INFO - Started process (PID=577) to work on /home/airflow/.local/lib/python3.8/site-packages/airflow/example_dags/tutorial_dag.py
[2024-02-16T16:43:50.809+0000] {processor.py:830} INFO - Processing file /home/airflow/.local/lib/python3.8/site-packages/airflow/example_dags/tutorial_dag.py for tasks to queue
[2024-02-16T16:43:50.810+0000] {logging_mixin.py:188} INFO - [2024-02-16T16:43:50.810+0000] {dagbag.py:538} INFO - Filling up the DagBag from /home/airflow/.local/lib/python3.8/site-packages/airflow/example_dags/tutorial_dag.py
[2024-02-16T16:43:50.814+0000] {processor.py:840} INFO - DAG(s) 'tutorial_dag' retrieved from /home/airflow/.local/lib/python3.8/site-packages/airflow/example_dags/tutorial_dag.py
[2024-02-16T16:43:50.829+0000] {logging_mixin.py:188} INFO - [2024-02-16T16:43:50.828+0000] {dag.py:3036} INFO - Sync 1 DAGs
[2024-02-16T16:43:50.838+0000] {logging_mixin.py:188} INFO - [2024-02-16T16:43:50.838+0000] {dag.py:3823} INFO - Setting next_dagrun for tutorial_dag to None, run_after=None
[2024-02-16T16:43:50.854+0000] {processor.py:183} INFO - Processing /home/airflow/.local/lib/python3.8/site-packages/airflow/example_dags/tutorial_dag.py took 0.048 seconds
